{"level":"error","message":"LOG REFERER YTD undefined ::ffff:127.0.0.1 undefined","timestamp":"10:28:16 AM"}
{"level":"error","message":"LOG REFERER YTD http://localhost:7000/ ::1 string","timestamp":"10:28:51 AM"}
{"level":"error","message":"LOG REFERER YTD http://localhost:7000/ ::1 string","timestamp":"10:28:57 AM"}
{"level":"error","message":"LOG REFERER YTD http://localhost:7000/ ::1 string","timestamp":"10:29:05 AM"}
{"level":"error","message":"Error: Request aborted\n    at IncomingMessage.<anonymous> (D:\\Office\\HorizonAPI\\SourceCode\\node_modules\\formidable\\lib\\incoming_form.js:120:19)\n    at emitNone (events.js:86:13)\n    at IncomingMessage.emit (events.js:185:7)\n    at abortIncoming (_http_server.js:283:11)\n    at Socket.serverSocketCloseListener (_http_server.js:296:5)\n    at emitOne (events.js:101:20)\n    at Socket.emit (events.js:188:7)\n    at TCP._handle.close [as _onclose] (net.js:498:12)","timestamp":"10:30:18 AM"}
{"level":"error","message":"LOG REFERER YTD http://localhost:7000/ ::1 string","timestamp":"10:33:50 AM"}
{"level":"error","message":"LOG REFERER YTD http://localhost:7000/ ::1 string","timestamp":"10:33:53 AM"}
{"level":"error","message":"LOG REFERER YTD http://localhost:7000/ ::1 string","timestamp":"10:34:07 AM"}
{"level":"error","message":"LOG REFERER YTD http://localhost:7000/ ::1 string","timestamp":"10:34:09 AM"}
{"level":"error","message":"LOG REFERER YTD http://localhost:7000/ ::1 string","timestamp":"10:34:39 AM"}
{"level":"warn","message":"uncaughtException { Error: ENOENT: no such file or directory, mkdir 'D:\\Office\\HorizonAPI\\SourceCode\\tmp\\ticketing\\BIEN3675'\n    at Error (native)\n    at Object.fs.mkdirSync (fs.js:922:18)\n    at D:\\Office\\HorizonAPI\\SourceCode\\routes\\postservicecall.js:1479:56\n    at D:\\Office\\HorizonAPI\\SourceCode\\node_modules\\mongodb\\lib\\collection.js:436:18\n    at handleCallback (D:\\Office\\HorizonAPI\\SourceCode\\node_modules\\mongodb\\lib\\utils.js:95:56)\n    at D:\\Office\\HorizonAPI\\SourceCode\\node_modules\\mongodb\\lib\\collection.js:742:5\n    at D:\\Office\\HorizonAPI\\SourceCode\\node_modules\\mongodb-core\\lib\\connection\\pool.js:455:18\n    at _combinedTickCallback (internal/process/next_tick.js:67:7)\n    at process._tickCallback (internal/process/next_tick.js:98:9)\n  errno: -4058,\n  code: 'ENOENT',\n  syscall: 'mkdir',\n  path: 'D:\\\\Office\\\\HorizonAPI\\\\SourceCode\\\\tmp\\\\ticketing\\\\BIEN3675' }","timestamp":"10:34:40 AM"}
{"level":"error","message":"LOG REFERER YTD http://localhost:7000/ ::1 string","timestamp":"10:36:39 AM"}
{"level":"error","message":"LOG REFERER YTD http://localhost:7000/ ::1 string","timestamp":"10:36:46 AM"}
{"level":"error","message":"LOG REFERER YTD http://localhost:7000/ ::1 string","timestamp":"10:36:58 AM"}
{"level":"error","message":"LOG REFERER YTD http://localhost:7000/ ::1 string","timestamp":"10:37:06 AM"}
{"level":"error","message":"LOG REFERER YTD http://localhost:7000/ ::1 string","timestamp":"10:37:17 AM"}
{"level":"error","message":"LOG REFERER YTD http://localhost:7000/ ::1 string","timestamp":"10:39:49 AM"}
{"level":"error","message":"LOG REFERER YTD http://localhost:7000/ ::1 string","timestamp":"10:39:49 AM"}
{"level":"error","message":"LOG REFERER YTD http://localhost:7000/ ::1 string","timestamp":"2:19:04 PM"}
{"level":"error","message":"LOG REFERER YTD http://localhost:7000/ ::1 string","timestamp":"2:19:04 PM"}
{"level":"error","message":"LOG REFERER YTD http://localhost:7000/ ::1 string","timestamp":"2:19:31 PM"}
{"level":"error","message":"LOG REFERER YTD http://localhost:7000/ ::1 string","timestamp":"2:21:22 PM"}
{"level":"error","message":"LOG REFERER YTD http://localhost:7000/ ::1 string","timestamp":"2:21:31 PM"}
{"level":"error","message":"LOG REFERER YTD http://localhost:7000/ ::1 string","timestamp":"2:22:29 PM"}
{"level":"error","message":"LOG REFERER YTD http://localhost:7000/ ::1 string","timestamp":"2:23:33 PM"}
{"level":"error","message":"LOG REFERER YTD http://localhost:7000/ ::1 string","timestamp":"2:23:33 PM"}
{"level":"error","message":"LOG REFERER YTD http://localhost:7000/ ::1 string","timestamp":"2:24:27 PM"}
{"level":"error","message":"LOG REFERER YTD http://localhost:7000/ ::1 string","timestamp":"2:25:33 PM"}
{"level":"error","message":"LOG REFERER YTD http://localhost:7000/ ::1 string","timestamp":"2:26:41 PM"}
{"level":"error","message":"LOG REFERER YTD http://localhost:7000/ ::1 string","timestamp":"2:27:44 PM"}
{"level":"error","message":"LOG REFERER YTD http://localhost:7000/ ::1 string","timestamp":"2:27:44 PM"}
{"level":"error","message":"LOG REFERER YTD http://localhost:7000/ ::1 string","timestamp":"2:27:50 PM"}
{"level":"error","message":"LOG REFERER YTD http://localhost:7000/ ::1 string","timestamp":"2:28:03 PM"}
{"level":"error","message":"LOG REFERER YTD http://localhost:7000/ ::1 string","timestamp":"2:32:20 PM"}
{"level":"error","message":"LOG REFERER YTD http://localhost:7000/ ::1 string","timestamp":"2:32:20 PM"}
{"level":"error","message":"LOG REFERER YTD http://localhost:7000/ ::1 string","timestamp":"2:32:23 PM"}
{"level":"error","message":"LOG REFERER YTD http://localhost:7000/ ::1 string","timestamp":"2:32:32 PM"}
{"level":"error","message":"LOG REFERER YTD http://localhost:7000/ ::1 string","timestamp":"2:33:11 PM"}
{"level":"error","message":"LOG REFERER YTD http://localhost:7000/ ::1 string","timestamp":"2:33:11 PM"}
{"level":"error","message":"LOG REFERER YTD http://localhost:7000/ ::1 string","timestamp":"2:33:40 PM"}
{"level":"error","message":"LOG REFERER YTD http://localhost:7000/ ::1 string","timestamp":"2:33:59 PM"}
{"level":"error","message":"LOG REFERER YTD http://localhost:7000/ ::1 string","timestamp":"2:34:00 PM"}
{"level":"error","message":"LOG REFERER YTD http://localhost:7000/ ::1 string","timestamp":"2:37:33 PM"}
{"level":"error","message":"LOG REFERER YTD http://localhost:7000/ ::1 string","timestamp":"2:37:35 PM"}
{"level":"error","message":"LOG REFERER YTD http://localhost:7000/ ::1 string","timestamp":"2:37:37 PM"}
{"level":"error","message":"LOG REFERER YTD http://localhost:7000/ ::1 string","timestamp":"2:38:59 PM"}
{"level":"error","message":"LOG REFERER YTD http://localhost:7000/ ::1 string","timestamp":"2:38:59 PM"}
{"level":"warn","message":"uncaughtException ReferenceError: _doc is not defined\n    at D:\\Office\\HorizonAPI\\SourceCode\\routes\\quote.js:7822:34\n    at Query.<anonymous> (D:\\Office\\HorizonAPI\\SourceCode\\node_modules\\mongoose\\lib\\model.js:3738:16)\n    at D:\\Office\\HorizonAPI\\SourceCode\\node_modules\\kareem\\index.js:277:21\n    at D:\\Office\\HorizonAPI\\SourceCode\\node_modules\\kareem\\index.js:131:16\n    at _combinedTickCallback (internal/process/next_tick.js:67:7)\n    at process._tickCallback (internal/process/next_tick.js:98:9)","timestamp":"2:39:36 PM"}
{"level":"error","message":"LOG REFERER YTD http://localhost:7000/ ::1 string","timestamp":"2:39:36 PM"}
{"level":"error","message":"LOG REFERER YTD http://localhost:7000/ ::1 string","timestamp":"2:40:30 PM"}
{"level":"error","message":"LOG REFERER YTD http://localhost:7000/ ::1 string","timestamp":"2:40:30 PM"}
{"level":"warn","message":"uncaughtException TypeError: Cannot set property 'address' of undefined\n    at D:\\Office\\HorizonAPI\\SourceCode\\routes\\quote.js:7940:51\n    at Query.<anonymous> (D:\\Office\\HorizonAPI\\SourceCode\\node_modules\\mongoose\\lib\\model.js:3738:16)\n    at D:\\Office\\HorizonAPI\\SourceCode\\node_modules\\kareem\\index.js:277:21\n    at D:\\Office\\HorizonAPI\\SourceCode\\node_modules\\kareem\\index.js:131:16\n    at _combinedTickCallback (internal/process/next_tick.js:67:7)\n    at process._tickCallback (internal/process/next_tick.js:98:9)","timestamp":"2:46:05 PM"}
{"level":"error","message":"LOG REFERER YTD http://localhost:7000/ ::1 string","timestamp":"2:46:05 PM"}
{"level":"error","message":"LOG REFERER YTD http://localhost:7000/ ::1 string","timestamp":"2:47:26 PM"}
{"level":"error","message":"LOG REFERER YTD http://localhost:7000/ ::1 string","timestamp":"2:47:26 PM"}
{"level":"error","message":"LOG REFERER YTD http://localhost:7000/ ::1 string","timestamp":"2:47:28 PM"}
{"level":"error","message":"LOG REFERER YTD http://localhost:7000/ ::1 string","timestamp":"2:47:28 PM"}
{"level":"warn","message":"uncaughtException TypeError: Cannot read property 'address' of undefined\n    at D:\\Office\\HorizonAPI\\SourceCode\\routes\\quote.js:7949:31\n    at Query.<anonymous> (D:\\Office\\HorizonAPI\\SourceCode\\node_modules\\mongoose\\lib\\model.js:3738:16)\n    at D:\\Office\\HorizonAPI\\SourceCode\\node_modules\\kareem\\index.js:277:21\n    at D:\\Office\\HorizonAPI\\SourceCode\\node_modules\\kareem\\index.js:131:16\n    at _combinedTickCallback (internal/process/next_tick.js:67:7)\n    at process._tickCallback (internal/process/next_tick.js:98:9)","timestamp":"2:48:47 PM"}
{"level":"warn","message":"uncaughtException TypeError: Cannot read property 'address' of undefined\n    at D:\\Office\\HorizonAPI\\SourceCode\\routes\\quote.js:7949:31\n    at Query.<anonymous> (D:\\Office\\HorizonAPI\\SourceCode\\node_modules\\mongoose\\lib\\model.js:3738:16)\n    at D:\\Office\\HorizonAPI\\SourceCode\\node_modules\\kareem\\index.js:277:21\n    at D:\\Office\\HorizonAPI\\SourceCode\\node_modules\\kareem\\index.js:131:16\n    at _combinedTickCallback (internal/process/next_tick.js:67:7)\n    at process._tickCallback (internal/process/next_tick.js:98:9)","timestamp":"2:52:55 PM"}
{"level":"error","message":"LOG REFERER YTD http://localhost:7000/ ::1 string","timestamp":"2:52:55 PM"}
{"level":"error","message":"LOG REFERER YTD http://localhost:7000/ ::1 string","timestamp":"2:52:55 PM"}
{"level":"error","message":"LOG REFERER YTD http://localhost:7000/ ::1 string","timestamp":"2:52:55 PM"}
{"level":"error","message":"LOG REFERER YTD http://localhost:7000/ ::1 string","timestamp":"2:52:55 PM"}
{"level":"error","message":"LOG REFERER YTD http://localhost:7000/ ::1 string","timestamp":"2:52:55 PM"}
{"level":"error","message":"LOG REFERER YTD http://localhost:7000/ ::1 string","timestamp":"2:52:55 PM"}
{"level":"error","message":"LOG REFERER YTD http://localhost:7000/ ::1 string","timestamp":"2:52:56 PM"}
{"level":"error","message":"LOG REFERER YTD http://localhost:7000/ ::1 string","timestamp":"2:55:41 PM"}
{"level":"error","message":"LOG REFERER YTD http://localhost:7000/ ::1 string","timestamp":"2:55:41 PM"}
{"level":"warn","message":"uncaughtException TypeError: Cannot read property 'addressType' of undefined\n    at D:\\Office\\HorizonAPI\\SourceCode\\routes\\quote.js:7949:42\n    at Query.<anonymous> (D:\\Office\\HorizonAPI\\SourceCode\\node_modules\\mongoose\\lib\\model.js:3738:16)\n    at D:\\Office\\HorizonAPI\\SourceCode\\node_modules\\kareem\\index.js:277:21\n    at D:\\Office\\HorizonAPI\\SourceCode\\node_modules\\kareem\\index.js:131:16\n    at _combinedTickCallback (internal/process/next_tick.js:67:7)\n    at process._tickCallback (internal/process/next_tick.js:98:9)","timestamp":"2:56:49 PM"}
{"level":"error","message":"LOG REFERER YTD http://localhost:7000/ ::1 string","timestamp":"2:56:49 PM"}
{"level":"error","message":"LOG REFERER YTD http://localhost:7000/ ::1 string","timestamp":"2:56:49 PM"}
{"level":"error","message":"LOG REFERER YTD http://localhost:7000/ ::1 string","timestamp":"2:56:49 PM"}
{"level":"warn","message":"uncaughtException TypeError: Cannot read property 'addressType' of undefined\n    at D:\\Office\\HorizonAPI\\SourceCode\\routes\\quote.js:7949:42\n    at Query.<anonymous> (D:\\Office\\HorizonAPI\\SourceCode\\node_modules\\mongoose\\lib\\model.js:3738:16)\n    at D:\\Office\\HorizonAPI\\SourceCode\\node_modules\\kareem\\index.js:277:21\n    at D:\\Office\\HorizonAPI\\SourceCode\\node_modules\\kareem\\index.js:131:16\n    at _combinedTickCallback (internal/process/next_tick.js:67:7)\n    at process._tickCallback (internal/process/next_tick.js:98:9)","timestamp":"2:58:32 PM"}
{"level":"error","message":"LOG REFERER YTD http://localhost:7000/ ::1 string","timestamp":"2:58:32 PM"}
{"level":"error","message":"LOG REFERER YTD http://localhost:7000/ ::1 string","timestamp":"2:59:51 PM"}
{"level":"error","message":"LOG REFERER YTD http://localhost:7000/ ::1 string","timestamp":"2:59:51 PM"}
{"level":"error","message":"LOG REFERER YTD http://localhost:7000/ ::1 string","timestamp":"2:59:53 PM"}
{"level":"error","message":"LOG REFERER YTD http://localhost:7000/ ::1 string","timestamp":"3:39:22 PM"}
{"level":"error","message":"LOG REFERER YTD http://localhost:7000/ ::1 string","timestamp":"3:40:51 PM"}
{"level":"error","message":"LOG REFERER YTD http://localhost:7000/ ::1 string","timestamp":"3:40:51 PM"}
{"level":"error","message":"LOG REFERER YTD http://localhost:7000/ ::1 string","timestamp":"3:57:20 PM"}
{"level":"error","message":"LOG REFERER YTD http://localhost:7000/ ::1 string","timestamp":"3:57:20 PM"}
{"level":"error","message":"LOG REFERER YTD http://localhost:7000/ ::1 string","timestamp":"4:15:09 PM"}
{"level":"error","message":"LOG REFERER YTD http://localhost:7000/ ::1 string","timestamp":"4:15:09 PM"}
{"level":"error","message":"LOG REFERER YTD http://localhost:7000/ ::1 string","timestamp":"4:15:50 PM"}
{"level":"error","message":"LOG REFERER YTD http://localhost:7000/ ::1 string","timestamp":"4:18:53 PM"}
{"level":"error","message":"LOG REFERER YTD http://localhost:7000/ ::1 string","timestamp":"4:18:53 PM"}
{"level":"error","message":"LOG REFERER YTD http://localhost:7000/ ::1 string","timestamp":"4:19:04 PM"}
{"level":"warn","message":"uncaughtException { Error: Uncaught, unspecified \"error\" event. (Error parsing response. response: [Cannot deserialize value of type `com.godigit.abs.dispatcher.base.datamodel.DocumentType` from String \\\"ADHARCARD\\\": not one of the values accepted for Enum class: [PAN_CARD, GST, DRIVING_LICENSE, AADHAR_CARD, EIA_NUMBER, RATION_CARD, VOTER_ID_CARD, PASSPORT]\\n at [Source: (org.glassfish.jersey.message.internal.ReaderInterceptorExecutor$UnCloseableInputStream); line: 1, column: 167] (through reference chain: com.godigit.abs.dispatcher.rest.external.pojo.ContractAmendmentIn[\\\"person\\\"]->java.util.ArrayList[0]->com.godigit.abs.dispatcher.external.pdf.model.AmendmentPerson[\\\"identificationDocuments\\\"]->java.util.ArrayList[0]->com.godigit.abs.dispatcher.base.datamodel.IdentificationDocument[\\\"documentType\\\"])\"}], error: [SyntaxError: Unexpected token C in JSON at position 0])\n    at emit (events.js:163:17)\n    at D:\\Office\\HorizonAPI\\SourceCode\\node_modules\\node-rest-client\\lib\\node-rest-client.js:457:57\n    at Object.parse (D:\\Office\\HorizonAPI\\SourceCode\\node_modules\\node-rest-client\\lib\\nrc-parser-manager.js:140:17)\n    at ConnectManager.handleResponse (D:\\Office\\HorizonAPI\\SourceCode\\node_modules\\node-rest-client\\lib\\node-rest-client.js:538:32)\n    at ConnectManager.handleEnd (D:\\Office\\HorizonAPI\\SourceCode\\node_modules\\node-rest-client\\lib\\node-rest-client.js:531:18)\n    at IncomingMessage.<anonymous> (D:\\Office\\HorizonAPI\\SourceCode\\node_modules\\node-rest-client\\lib\\node-rest-client.js:678:34)\n    at emitNone (events.js:91:20)\n    at IncomingMessage.emit (events.js:185:7)\n    at endReadableNT (_stream_readable.js:974:12)\n    at _combinedTickCallback (internal/process/next_tick.js:74:11)\n    at process._tickCallback (internal/process/next_tick.js:98:9)\n  context: 'Error parsing response. response: [Cannot deserialize value of type `com.godigit.abs.dispatcher.base.datamodel.DocumentType` from String \\\\\"ADHARCARD\\\\\": not one of the values accepted for Enum class: [PAN_CARD, GST, DRIVING_LICENSE, AADHAR_CARD, EIA_NUMBER, RATION_CARD, VOTER_ID_CARD, PASSPORT]\\\\n at [Source: (org.glassfish.jersey.message.internal.ReaderInterceptorExecutor$UnCloseableInputStream); line: 1, column: 167] (through reference chain: com.godigit.abs.dispatcher.rest.external.pojo.ContractAmendmentIn[\\\\\"person\\\\\"]->java.util.ArrayList[0]->com.godigit.abs.dispatcher.external.pdf.model.AmendmentPerson[\\\\\"identificationDocuments\\\\\"]->java.util.ArrayList[0]->com.godigit.abs.dispatcher.base.datamodel.IdentificationDocument[\\\\\"documentType\\\\\"])\"}], error: [SyntaxError: Unexpected token C in JSON at position 0]' }","timestamp":"4:19:08 PM"}
{"level":"error","message":"LOG REFERER YTD http://localhost:7000/ ::1 string","timestamp":"4:20:24 PM"}
{"level":"error","message":"LOG REFERER YTD http://localhost:7000/ ::1 string","timestamp":"4:20:24 PM"}
{"level":"error","message":"LOG REFERER YTD http://localhost:7000/ ::1 string","timestamp":"4:20:26 PM"}
{"level":"error","message":"LOG REFERER YTD http://localhost:7000/ ::1 string","timestamp":"4:22:56 PM"}
{"level":"warn","message":"uncaughtException { Error: Uncaught, unspecified \"error\" event. (Error parsing response. response: [Cannot deserialize value of type `com.godigit.abs.dispatcher.base.datamodel.DocumentType` from String \\\"ADHARCARD\\\": not one of the values accepted for Enum class: [PAN_CARD, GST, DRIVING_LICENSE, AADHAR_CARD, EIA_NUMBER, RATION_CARD, VOTER_ID_CARD, PASSPORT]\\n at [Source: (org.glassfish.jersey.message.internal.ReaderInterceptorExecutor$UnCloseableInputStream); line: 1, column: 167] (through reference chain: com.godigit.abs.dispatcher.rest.external.pojo.ContractAmendmentIn[\\\"person\\\"]->java.util.ArrayList[0]->com.godigit.abs.dispatcher.external.pdf.model.AmendmentPerson[\\\"identificationDocuments\\\"]->java.util.ArrayList[0]->com.godigit.abs.dispatcher.base.datamodel.IdentificationDocument[\\\"documentType\\\"])\"}], error: [SyntaxError: Unexpected token C in JSON at position 0])\n    at emit (events.js:163:17)\n    at D:\\Office\\HorizonAPI\\SourceCode\\node_modules\\node-rest-client\\lib\\node-rest-client.js:457:57\n    at Object.parse (D:\\Office\\HorizonAPI\\SourceCode\\node_modules\\node-rest-client\\lib\\nrc-parser-manager.js:140:17)\n    at ConnectManager.handleResponse (D:\\Office\\HorizonAPI\\SourceCode\\node_modules\\node-rest-client\\lib\\node-rest-client.js:538:32)\n    at ConnectManager.handleEnd (D:\\Office\\HorizonAPI\\SourceCode\\node_modules\\node-rest-client\\lib\\node-rest-client.js:531:18)\n    at IncomingMessage.<anonymous> (D:\\Office\\HorizonAPI\\SourceCode\\node_modules\\node-rest-client\\lib\\node-rest-client.js:678:34)\n    at emitNone (events.js:91:20)\n    at IncomingMessage.emit (events.js:185:7)\n    at endReadableNT (_stream_readable.js:974:12)\n    at _combinedTickCallback (internal/process/next_tick.js:74:11)\n    at process._tickCallback (internal/process/next_tick.js:98:9)\n  context: 'Error parsing response. response: [Cannot deserialize value of type `com.godigit.abs.dispatcher.base.datamodel.DocumentType` from String \\\\\"ADHARCARD\\\\\": not one of the values accepted for Enum class: [PAN_CARD, GST, DRIVING_LICENSE, AADHAR_CARD, EIA_NUMBER, RATION_CARD, VOTER_ID_CARD, PASSPORT]\\\\n at [Source: (org.glassfish.jersey.message.internal.ReaderInterceptorExecutor$UnCloseableInputStream); line: 1, column: 167] (through reference chain: com.godigit.abs.dispatcher.rest.external.pojo.ContractAmendmentIn[\\\\\"person\\\\\"]->java.util.ArrayList[0]->com.godigit.abs.dispatcher.external.pdf.model.AmendmentPerson[\\\\\"identificationDocuments\\\\\"]->java.util.ArrayList[0]->com.godigit.abs.dispatcher.base.datamodel.IdentificationDocument[\\\\\"documentType\\\\\"])\"}], error: [SyntaxError: Unexpected token C in JSON at position 0]' }","timestamp":"4:22:59 PM"}
{"level":"error","message":"LOG REFERER YTD http://localhost:7000/ ::1 string","timestamp":"4:28:17 PM"}
{"level":"error","message":"LOG REFERER YTD http://localhost:7000/ ::1 string","timestamp":"4:28:17 PM"}
{"level":"error","message":"LOG REFERER YTD http://localhost:7000/ ::1 string","timestamp":"4:38:52 PM"}
{"level":"error","message":"LOG REFERER YTD http://localhost:7000/ ::1 string","timestamp":"4:38:52 PM"}
{"level":"error","message":"LOG REFERER YTD http://localhost:7000/ ::1 string","timestamp":"4:42:56 PM"}
{"level":"error","message":"LOG REFERER YTD http://localhost:7000/ ::1 string","timestamp":"4:42:56 PM"}
{"level":"error","message":"LOG REFERER YTD http://localhost:7000/ ::1 string","timestamp":"4:47:44 PM"}
{"level":"error","message":"LOG REFERER YTD http://localhost:7000/ ::1 string","timestamp":"4:47:45 PM"}
{"level":"error","message":"LOG REFERER YTD http://localhost:7000/ ::1 string","timestamp":"4:47:46 PM"}
{"level":"error","message":"LOG REFERER YTD http://localhost:7000/ ::1 string","timestamp":"4:47:46 PM"}
{"level":"error","message":"LOG REFERER YTD http://localhost:7000/ ::1 string","timestamp":"4:51:38 PM"}
{"level":"error","message":"LOG REFERER YTD http://localhost:7000/ ::1 string","timestamp":"4:51:38 PM"}
{"level":"error","message":"LOG REFERER YTD http://localhost:7000/ ::1 string","timestamp":"4:51:40 PM"}
{"level":"error","message":"LOG REFERER YTD http://localhost:7000/ ::1 string","timestamp":"4:51:40 PM"}
{"level":"error","message":"LOG REFERER YTD http://localhost:7000/ ::1 string","timestamp":"4:51:41 PM"}
{"level":"error","message":"LOG REFERER YTD http://localhost:7000/ ::1 string","timestamp":"4:55:20 PM"}
{"level":"error","message":"LOG REFERER YTD http://localhost:7000/ ::1 string","timestamp":"4:55:20 PM"}
{"level":"error","message":"LOG REFERER YTD http://localhost:7000/ ::1 string","timestamp":"5:52:31 PM"}
{"level":"error","message":"LOG REFERER YTD http://localhost:7000/ ::1 string","timestamp":"5:52:31 PM"}
{"level":"error","message":"LOG REFERER YTD http://localhost:7000/ ::1 string","timestamp":"5:52:34 PM"}
{"level":"error","message":"LOG REFERER YTD http://localhost:7000/ ::1 string","timestamp":"5:54:35 PM"}
{"level":"error","message":"LOG REFERER YTD http://localhost:7000/ ::1 string","timestamp":"5:54:35 PM"}
{"level":"error","message":"LOG REFERER YTD undefined ::ffff:127.0.0.1 undefined","timestamp":"6:24:25 PM"}
{"level":"error","message":"LOG REFERER YTD undefined ::ffff:127.0.0.1 undefined","timestamp":"6:24:25 PM"}
{"level":"error","message":"LOG REFERER YTD http://localhost:7000/ ::1 string","timestamp":"6:24:26 PM"}
{"level":"error","message":"LOG REFERER YTD http://localhost:7000/ ::1 string","timestamp":"6:24:40 PM"}
{"level":"error","message":"LOG REFERER YTD http://localhost:7000/ ::1 string","timestamp":"6:25:34 PM"}
{"level":"error","message":"LOG REFERER YTD http://localhost:7000/ ::1 string","timestamp":"6:25:34 PM"}
{"level":"error","message":"LOG REFERER YTD http://localhost:7000/ ::1 string","timestamp":"6:25:35 PM"}
{"level":"error","message":"LOG REFERER YTD http://localhost:7000/ ::1 string","timestamp":"6:25:35 PM"}
{"level":"error","message":"LOG REFERER YTD http://localhost:7000/ ::1 string","timestamp":"6:25:36 PM"}
{"level":"error","message":"LOG REFERER YTD http://localhost:7000/ ::1 string","timestamp":"6:27:24 PM"}
{"level":"error","message":"LOG REFERER YTD http://localhost:7000/ ::1 string","timestamp":"6:27:24 PM"}
{"level":"error","message":"LOG REFERER YTD http://localhost:7000/ ::1 string","timestamp":"6:29:39 PM"}
{"level":"error","message":"LOG REFERER YTD http://localhost:7000/ ::1 string","timestamp":"6:29:39 PM"}
{"level":"warn","message":"uncaughtException TypeError: Cannot set property '0' of undefined\n    at D:\\Office\\HorizonAPI\\SourceCode\\routes\\quote.js:7943:57\n    at Query.<anonymous> (D:\\Office\\HorizonAPI\\SourceCode\\node_modules\\mongoose\\lib\\model.js:3738:16)\n    at D:\\Office\\HorizonAPI\\SourceCode\\node_modules\\kareem\\index.js:277:21\n    at D:\\Office\\HorizonAPI\\SourceCode\\node_modules\\kareem\\index.js:131:16\n    at _combinedTickCallback (internal/process/next_tick.js:67:7)\n    at process._tickCallback (internal/process/next_tick.js:98:9)","timestamp":"6:29:41 PM"}
{"level":"error","message":"LOG REFERER YTD http://localhost:7000/ ::1 string","timestamp":"6:29:41 PM"}
{"level":"error","message":"LOG REFERER YTD http://localhost:7000/ ::1 string","timestamp":"6:30:06 PM"}
{"level":"error","message":"LOG REFERER YTD http://localhost:7000/ ::1 string","timestamp":"6:30:06 PM"}
{"level":"error","message":"LOG REFERER YTD http://localhost:7000/ ::1 string","timestamp":"6:30:06 PM"}
{"level":"warn","message":"uncaughtException TypeError: Cannot set property '0' of undefined\n    at D:\\Office\\HorizonAPI\\SourceCode\\routes\\quote.js:7943:57\n    at Query.<anonymous> (D:\\Office\\HorizonAPI\\SourceCode\\node_modules\\mongoose\\lib\\model.js:3738:16)\n    at D:\\Office\\HorizonAPI\\SourceCode\\node_modules\\kareem\\index.js:277:21\n    at D:\\Office\\HorizonAPI\\SourceCode\\node_modules\\kareem\\index.js:131:16\n    at _combinedTickCallback (internal/process/next_tick.js:67:7)\n    at process._tickCallback (internal/process/next_tick.js:98:9)","timestamp":"6:30:07 PM"}
{"level":"error","message":"LOG REFERER YTD http://localhost:7000/ ::1 string","timestamp":"6:30:36 PM"}
{"level":"error","message":"LOG REFERER YTD http://localhost:7000/ ::1 string","timestamp":"6:30:36 PM"}
{"level":"warn","message":"uncaughtException TypeError: Cannot set property '0' of undefined\n    at D:\\Office\\HorizonAPI\\SourceCode\\routes\\quote.js:7943:57\n    at Query.<anonymous> (D:\\Office\\HorizonAPI\\SourceCode\\node_modules\\mongoose\\lib\\model.js:3738:16)\n    at D:\\Office\\HorizonAPI\\SourceCode\\node_modules\\kareem\\index.js:277:21\n    at D:\\Office\\HorizonAPI\\SourceCode\\node_modules\\kareem\\index.js:131:16\n    at _combinedTickCallback (internal/process/next_tick.js:67:7)\n    at process._tickCallback (internal/process/next_tick.js:98:9)","timestamp":"6:30:37 PM"}
{"level":"error","message":"LOG REFERER YTD http://localhost:7000/ ::1 string","timestamp":"6:30:37 PM"}
{"level":"error","message":"LOG REFERER YTD http://localhost:7000/ ::1 string","timestamp":"6:31:08 PM"}
{"level":"error","message":"LOG REFERER YTD http://localhost:7000/ ::1 string","timestamp":"6:31:13 PM"}
{"level":"error","message":"LOG REFERER YTD http://localhost:7000/ ::1 string","timestamp":"6:31:17 PM"}
{"level":"error","message":"LOG REFERER YTD http://localhost:7000/ ::1 string","timestamp":"6:31:17 PM"}
{"level":"warn","message":"uncaughtException TypeError: Cannot set property '0' of undefined\n    at D:\\Office\\HorizonAPI\\SourceCode\\routes\\quote.js:7943:57\n    at Query.<anonymous> (D:\\Office\\HorizonAPI\\SourceCode\\node_modules\\mongoose\\lib\\model.js:3738:16)\n    at D:\\Office\\HorizonAPI\\SourceCode\\node_modules\\kareem\\index.js:277:21\n    at D:\\Office\\HorizonAPI\\SourceCode\\node_modules\\kareem\\index.js:131:16\n    at _combinedTickCallback (internal/process/next_tick.js:67:7)\n    at process._tickCallback (internal/process/next_tick.js:98:9)","timestamp":"6:31:18 PM"}
{"level":"error","message":"LOG REFERER YTD http://localhost:7000/ ::1 string","timestamp":"6:31:18 PM"}
{"level":"error","message":"LOG REFERER YTD http://localhost:7000/ ::1 string","timestamp":"6:32:41 PM"}
{"level":"error","message":"LOG REFERER YTD http://localhost:7000/ ::1 string","timestamp":"6:32:41 PM"}
{"level":"warn","message":"uncaughtException TypeError: Cannot set property '0' of undefined\n    at D:\\Office\\HorizonAPI\\SourceCode\\routes\\quote.js:7943:57\n    at Query.<anonymous> (D:\\Office\\HorizonAPI\\SourceCode\\node_modules\\mongoose\\lib\\model.js:3738:16)\n    at D:\\Office\\HorizonAPI\\SourceCode\\node_modules\\kareem\\index.js:277:21\n    at D:\\Office\\HorizonAPI\\SourceCode\\node_modules\\kareem\\index.js:131:16\n    at _combinedTickCallback (internal/process/next_tick.js:67:7)\n    at process._tickCallback (internal/process/next_tick.js:98:9)","timestamp":"6:32:42 PM"}
{"level":"error","message":"LOG REFERER YTD http://localhost:7000/ ::1 string","timestamp":"6:32:42 PM"}
