{"level":"error","message":"LOG REFERER YTD http://localhost:4201/ ::ffff:127.0.0.1 string","timestamp":"10:36:17 AM"}
{"level":"error","message":"LOG REFERER YTD http://localhost:4201/ ::1 string","timestamp":"10:36:22 AM"}
{"level":"error","message":"LOG REFERER YTD http://localhost:4201/ ::ffff:127.0.0.1 string","timestamp":"10:36:22 AM"}
{"level":"error","message":"LOG REFERER YTD http://localhost:4201/ ::1 string","timestamp":"10:36:22 AM"}
{"level":"error","message":"LOG REFERER YTD http://localhost:4201/ ::ffff:127.0.0.1 string","timestamp":"10:36:22 AM"}
{"level":"error","message":"LOG REFERER YTD http://localhost:4201/ ::1 string","timestamp":"10:36:22 AM"}
{"level":"error","message":"LOG REFERER YTD http://localhost:4201/ ::ffff:127.0.0.1 string","timestamp":"10:36:22 AM"}
{"level":"error","message":"LOG REFERER YTD http://localhost:4201/ ::ffff:127.0.0.1 string","timestamp":"10:36:22 AM"}
{"level":"error","message":"LOG REFERER YTD http://localhost:4201/ ::ffff:127.0.0.1 string","timestamp":"10:36:22 AM"}
{"level":"error","message":"LOG REFERER YTD http://localhost:4201/ ::ffff:127.0.0.1 string","timestamp":"10:36:22 AM"}
{"level":"error","message":"LOG REFERER YTD http://localhost:4201/ ::ffff:127.0.0.1 string","timestamp":"10:36:22 AM"}
{"level":"error","message":"LOG REFERER YTD http://localhost:4201/ ::ffff:127.0.0.1 string","timestamp":"10:36:22 AM"}
{"level":"error","message":"LOG REFERER YTD http://localhost:4201/ ::ffff:127.0.0.1 string","timestamp":"10:36:22 AM"}
{"level":"error","message":"LOG REFERER YTD http://localhost:4201/ ::ffff:127.0.0.1 string","timestamp":"10:36:23 AM"}
{"level":"error","message":"LOG REFERER YTD http://localhost:4201/ ::ffff:127.0.0.1 string","timestamp":"10:36:24 AM"}
{"level":"error","message":"LOG REFERER YTD http://localhost:4201/ ::ffff:127.0.0.1 string","timestamp":"10:36:25 AM"}
{"level":"error","message":"LOG REFERER YTD http://localhost:4201/ ::ffff:127.0.0.1 string","timestamp":"10:36:26 AM"}
{"level":"error","message":"LOG REFERER YTD http://localhost:4201/ ::ffff:127.0.0.1 string","timestamp":"10:36:27 AM"}
{"level":"error","message":"LOG REFERER YTD http://localhost:4201/ ::ffff:127.0.0.1 string","timestamp":"10:36:28 AM"}
{"level":"error","message":"LOG REFERER YTD http://localhost:4201/ ::ffff:127.0.0.1 string","timestamp":"10:36:29 AM"}
{"level":"error","message":"LOG REFERER YTD http://localhost:4201/ ::ffff:127.0.0.1 string","timestamp":"10:36:30 AM"}
{"level":"error","message":"LOG REFERER YTD http://localhost:4201/ ::ffff:127.0.0.1 string","timestamp":"10:36:31 AM"}
{"level":"error","message":"LOG REFERER YTD http://localhost:4201/ ::ffff:127.0.0.1 string","timestamp":"10:36:32 AM"}
{"level":"error","message":"LOG REFERER YTD http://localhost:4201/ ::ffff:127.0.0.1 string","timestamp":"10:36:33 AM"}
{"level":"error","message":"LOG REFERER YTD http://localhost:4201/ ::ffff:127.0.0.1 string","timestamp":"10:36:34 AM"}
{"level":"error","message":"LOG REFERER YTD http://localhost:4201/ ::ffff:127.0.0.1 string","timestamp":"10:36:35 AM"}
{"level":"error","message":"LOG REFERER YTD http://localhost:4201/ ::ffff:127.0.0.1 string","timestamp":"10:36:36 AM"}
{"level":"error","message":"LOG REFERER YTD http://localhost:4201/ ::ffff:127.0.0.1 string","timestamp":"10:36:37 AM"}
{"level":"error","message":"LOG REFERER YTD http://localhost:4201/ ::ffff:127.0.0.1 string","timestamp":"10:36:38 AM"}
{"level":"error","message":"LOG REFERER YTD http://localhost:4201/ ::ffff:127.0.0.1 string","timestamp":"10:36:39 AM"}
{"level":"error","message":"LOG REFERER YTD http://localhost:4201/ ::ffff:127.0.0.1 string","timestamp":"10:36:40 AM"}
{"level":"error","message":"LOG REFERER YTD http://localhost:4201/ ::ffff:127.0.0.1 string","timestamp":"10:36:41 AM"}
{"level":"error","message":"LOG REFERER YTD http://localhost:4201/ ::ffff:127.0.0.1 string","timestamp":"10:36:42 AM"}
{"level":"error","message":"LOG REFERER YTD http://localhost:4201/ ::ffff:127.0.0.1 string","timestamp":"10:37:41 AM"}
{"level":"error","message":"LOG REFERER YTD http://localhost:4201/ ::1 string","timestamp":"10:46:29 AM"}
{"level":"error","message":"LOG REFERER YTD http://localhost:4201/ ::1 string","timestamp":"10:46:29 AM"}
{"level":"error","message":"LOG REFERER YTD http://localhost:4201/ ::1 string","timestamp":"10:46:30 AM"}
{"level":"error","message":"LOG REFERER YTD http://localhost:4201/ ::1 string","timestamp":"10:46:31 AM"}
{"level":"error","message":"LOG REFERER YTD http://localhost:4201/ ::1 string","timestamp":"10:46:32 AM"}
{"level":"error","message":"LOG REFERER YTD http://localhost:4201/ ::1 string","timestamp":"10:46:33 AM"}
{"level":"error","message":"LOG REFERER YTD http://localhost:4201/ ::1 string","timestamp":"10:46:34 AM"}
{"level":"error","message":"LOG REFERER YTD http://localhost:4201/ ::1 string","timestamp":"10:46:35 AM"}
{"level":"error","message":"LOG REFERER YTD http://localhost:4201/ ::1 string","timestamp":"10:46:36 AM"}
{"level":"error","message":"LOG REFERER YTD http://localhost:4201/ ::1 string","timestamp":"10:46:37 AM"}
{"level":"error","message":"LOG REFERER YTD http://localhost:4201/ ::1 string","timestamp":"10:46:38 AM"}
{"level":"error","message":"LOG REFERER YTD http://localhost:4201/ ::1 string","timestamp":"10:46:39 AM"}
{"level":"error","message":"LOG REFERER YTD http://localhost:4201/ ::1 string","timestamp":"10:46:40 AM"}
{"level":"error","message":"LOG REFERER YTD http://localhost:4201/ ::1 string","timestamp":"10:46:41 AM"}
{"level":"error","message":"LOG REFERER YTD http://localhost:4201/ ::1 string","timestamp":"10:46:42 AM"}
{"level":"error","message":"LOG REFERER YTD http://localhost:4201/ ::1 string","timestamp":"10:46:43 AM"}
{"level":"error","message":"LOG REFERER YTD http://localhost:4201/ ::1 string","timestamp":"10:46:44 AM"}
{"level":"error","message":"LOG REFERER YTD http://localhost:4201/ ::1 string","timestamp":"10:46:45 AM"}
{"level":"error","message":"LOG REFERER YTD http://localhost:4201/ ::1 string","timestamp":"10:46:46 AM"}
{"level":"error","message":"LOG REFERER YTD http://localhost:4201/ ::1 string","timestamp":"10:46:47 AM"}
{"level":"error","message":"LOG REFERER YTD http://localhost:4201/ ::1 string","timestamp":"10:46:48 AM"}
{"level":"error","message":"LOG REFERER YTD http://localhost:4201/ ::1 string","timestamp":"10:46:49 AM"}
{"level":"error","message":"LOG REFERER YTD http://localhost:4201/ ::1 string","timestamp":"10:46:50 AM"}
{"level":"error","message":"LOG REFERER YTD http://localhost:4201/ ::1 string","timestamp":"10:46:51 AM"}
{"level":"error","message":"LOG REFERER YTD http://localhost:4201/ ::1 string","timestamp":"10:46:52 AM"}
{"level":"error","message":"LOG REFERER YTD http://localhost:4201/ ::1 string","timestamp":"10:46:53 AM"}
{"level":"error","message":"LOG REFERER YTD http://localhost:4201/ ::1 string","timestamp":"10:46:54 AM"}
{"level":"error","message":"LOG REFERER YTD http://localhost:4201/ ::1 string","timestamp":"10:46:55 AM"}
{"level":"error","message":"LOG REFERER YTD http://localhost:4201/ ::1 string","timestamp":"10:46:56 AM"}
{"level":"error","message":"LOG REFERER YTD http://localhost:4201/ ::1 string","timestamp":"10:46:57 AM"}
{"level":"error","message":"LOG REFERER YTD http://localhost:4201/ ::1 string","timestamp":"10:46:58 AM"}
{"level":"error","message":"LOG REFERER YTD http://localhost:4201/ ::1 string","timestamp":"10:46:59 AM"}
{"level":"error","message":"LOG REFERER YTD http://localhost:4201/ ::1 string","timestamp":"10:47:00 AM"}
{"level":"error","message":"LOG REFERER YTD http://localhost:4201/ ::1 string","timestamp":"10:47:01 AM"}
{"level":"error","message":"LOG REFERER YTD http://localhost:4201/ ::1 string","timestamp":"10:47:02 AM"}
{"level":"error","message":"LOG REFERER YTD http://localhost:4201/ ::1 string","timestamp":"10:47:03 AM"}
{"level":"error","message":"LOG REFERER YTD http://localhost:4201/ ::1 string","timestamp":"10:47:04 AM"}
{"level":"error","message":"LOG REFERER YTD http://localhost:4201/ ::1 string","timestamp":"10:47:05 AM"}
{"level":"error","message":"LOG REFERER YTD http://localhost:4201/ ::1 string","timestamp":"10:47:05 AM"}
{"level":"error","message":"LOG REFERER YTD http://localhost:4201/ ::1 string","timestamp":"10:47:06 AM"}
{"level":"error","message":"LOG REFERER YTD http://localhost:4201/ ::1 string","timestamp":"10:47:07 AM"}
{"level":"error","message":"LOG REFERER YTD http://localhost:4201/ ::1 string","timestamp":"10:47:08 AM"}
{"level":"error","message":"LOG REFERER YTD http://localhost:4201/ ::1 string","timestamp":"10:47:09 AM"}
{"level":"error","message":"LOG REFERER YTD http://localhost:4201/ ::1 string","timestamp":"10:47:10 AM"}
{"level":"error","message":"LOG REFERER YTD http://localhost:4201/ ::1 string","timestamp":"10:47:11 AM"}
{"level":"error","message":"LOG REFERER YTD http://localhost:4201/ ::1 string","timestamp":"10:47:12 AM"}
{"level":"error","message":"LOG REFERER YTD http://localhost:4201/ ::1 string","timestamp":"10:47:13 AM"}
{"level":"error","message":"LOG REFERER YTD http://localhost:4201/ ::1 string","timestamp":"10:47:14 AM"}
{"level":"error","message":"LOG REFERER YTD http://localhost:4201/ ::1 string","timestamp":"10:47:15 AM"}
{"level":"error","message":"LOG REFERER YTD http://localhost:4201/ ::1 string","timestamp":"10:47:16 AM"}
{"level":"error","message":"LOG REFERER YTD http://localhost:4201/ ::1 string","timestamp":"10:47:17 AM"}
{"level":"error","message":"LOG REFERER YTD http://localhost:4201/ ::1 string","timestamp":"10:47:18 AM"}
{"level":"error","message":"LOG REFERER YTD http://localhost:4201/ ::1 string","timestamp":"10:47:19 AM"}
{"level":"error","message":"LOG REFERER YTD http://localhost:4201/ ::1 string","timestamp":"10:47:20 AM"}
{"level":"error","message":"LOG REFERER YTD http://localhost:4201/ ::1 string","timestamp":"10:47:21 AM"}
{"level":"error","message":"LOG REFERER YTD http://localhost:4201/ ::1 string","timestamp":"10:47:22 AM"}
{"level":"error","message":"LOG REFERER YTD http://localhost:4201/ ::1 string","timestamp":"10:47:23 AM"}
{"level":"error","message":"LOG REFERER YTD http://localhost:4201/ ::1 string","timestamp":"10:47:24 AM"}
{"level":"error","message":"LOG REFERER YTD http://localhost:4201/ ::1 string","timestamp":"10:47:25 AM"}
{"level":"error","message":"LOG REFERER YTD http://localhost:4201/ ::1 string","timestamp":"10:47:26 AM"}
{"level":"error","message":"LOG REFERER YTD http://localhost:4201/ ::1 string","timestamp":"10:47:27 AM"}
{"level":"error","message":"LOG REFERER YTD http://localhost:4201/ ::1 string","timestamp":"10:47:28 AM"}
{"level":"error","message":"LOG REFERER YTD http://localhost:4201/ ::1 string","timestamp":"10:47:29 AM"}
{"level":"error","message":"LOG REFERER YTD http://localhost:4201/ ::1 string","timestamp":"10:47:30 AM"}
{"level":"error","message":"LOG REFERER YTD http://localhost:4201/ ::1 string","timestamp":"10:47:31 AM"}
{"level":"error","message":"LOG REFERER YTD http://localhost:4201/ ::1 string","timestamp":"10:47:32 AM"}
{"level":"error","message":"LOG REFERER YTD http://localhost:4201/ ::1 string","timestamp":"10:47:33 AM"}
{"level":"error","message":"LOG REFERER YTD http://localhost:4201/ ::1 string","timestamp":"10:47:34 AM"}
{"level":"error","message":"LOG REFERER YTD http://localhost:4201/ ::1 string","timestamp":"10:47:35 AM"}
{"level":"error","message":"LOG REFERER YTD http://localhost:4201/ ::1 string","timestamp":"10:47:36 AM"}
{"level":"error","message":"LOG REFERER YTD http://localhost:4201/ ::1 string","timestamp":"10:47:37 AM"}
{"level":"error","message":"LOG REFERER YTD http://localhost:4201/ ::1 string","timestamp":"10:47:38 AM"}
{"level":"error","message":"LOG REFERER YTD http://localhost:4201/ ::1 string","timestamp":"10:47:39 AM"}
{"level":"error","message":"LOG REFERER YTD http://localhost:4201/ ::1 string","timestamp":"10:47:40 AM"}
{"level":"error","message":"LOG REFERER YTD http://localhost:4201/ ::1 string","timestamp":"10:47:41 AM"}
{"level":"error","message":"LOG REFERER YTD http://localhost:4201/ ::1 string","timestamp":"10:47:42 AM"}
{"level":"error","message":"LOG REFERER YTD http://localhost:4201/ ::1 string","timestamp":"10:47:43 AM"}
{"level":"error","message":"LOG REFERER YTD http://localhost:4201/ ::1 string","timestamp":"10:47:44 AM"}
{"level":"error","message":"LOG REFERER YTD http://localhost:4201/ ::1 string","timestamp":"10:47:45 AM"}
{"level":"error","message":"LOG REFERER YTD http://localhost:4201/ ::1 string","timestamp":"10:47:46 AM"}
{"level":"error","message":"LOG REFERER YTD http://localhost:4201/ ::1 string","timestamp":"10:47:47 AM"}
{"level":"error","message":"LOG REFERER YTD http://localhost:4201/ ::1 string","timestamp":"10:47:48 AM"}
{"level":"error","message":"LOG REFERER YTD http://localhost:4201/ ::1 string","timestamp":"10:47:49 AM"}
{"level":"error","message":"LOG REFERER YTD http://localhost:4201/ ::1 string","timestamp":"10:47:50 AM"}
{"level":"error","message":"LOG REFERER YTD http://localhost:4201/ ::1 string","timestamp":"10:47:51 AM"}
{"level":"error","message":"LOG REFERER YTD http://localhost:4201/ ::1 string","timestamp":"10:47:52 AM"}
{"level":"error","message":"LOG REFERER YTD http://localhost:4201/ ::1 string","timestamp":"10:47:53 AM"}
{"level":"error","message":"LOG REFERER YTD http://localhost:4201/ ::1 string","timestamp":"10:47:54 AM"}
{"level":"error","message":"LOG REFERER YTD http://localhost:4201/ ::1 string","timestamp":"10:47:54 AM"}
{"level":"error","message":"LOG REFERER YTD http://localhost:4201/ ::1 string","timestamp":"10:47:55 AM"}
{"level":"error","message":"LOG REFERER YTD http://localhost:4201/ ::1 string","timestamp":"10:47:56 AM"}
{"level":"error","message":"LOG REFERER YTD http://localhost:4201/ ::1 string","timestamp":"10:47:57 AM"}
{"level":"error","message":"LOG REFERER YTD http://localhost:4201/ ::1 string","timestamp":"10:47:58 AM"}
{"level":"error","message":"LOG REFERER YTD http://localhost:4201/ ::1 string","timestamp":"10:47:59 AM"}
{"level":"error","message":"LOG REFERER YTD http://localhost:4201/ ::1 string","timestamp":"10:48:00 AM"}
{"level":"error","message":"LOG REFERER YTD http://localhost:4201/ ::1 string","timestamp":"10:48:01 AM"}
{"level":"error","message":"LOG REFERER YTD http://localhost:4201/ ::1 string","timestamp":"10:48:02 AM"}
{"level":"error","message":"LOG REFERER YTD http://localhost:4201/ ::1 string","timestamp":"10:48:03 AM"}
{"level":"error","message":"LOG REFERER YTD http://localhost:4201/ ::1 string","timestamp":"10:48:04 AM"}
{"level":"error","message":"LOG REFERER YTD http://localhost:4201/ ::1 string","timestamp":"10:48:05 AM"}
{"level":"error","message":"LOG REFERER YTD http://localhost:4201/ ::1 string","timestamp":"10:48:06 AM"}
{"level":"error","message":"LOG REFERER YTD http://localhost:4201/ ::1 string","timestamp":"10:48:07 AM"}
{"level":"error","message":"LOG REFERER YTD http://localhost:4201/ ::1 string","timestamp":"10:48:08 AM"}
{"level":"error","message":"LOG REFERER YTD http://localhost:4201/ ::1 string","timestamp":"10:48:09 AM"}
{"level":"error","message":"LOG REFERER YTD http://localhost:4201/ ::1 string","timestamp":"10:48:10 AM"}
{"level":"error","message":"LOG REFERER YTD http://localhost:4201/ ::1 string","timestamp":"10:48:11 AM"}
{"level":"error","message":"LOG REFERER YTD http://localhost:4201/ ::1 string","timestamp":"10:48:12 AM"}
{"level":"error","message":"LOG REFERER YTD http://localhost:4201/ ::1 string","timestamp":"10:48:13 AM"}
{"level":"error","message":"LOG REFERER YTD http://localhost:4201/ ::1 string","timestamp":"10:48:14 AM"}
{"level":"error","message":"LOG REFERER YTD http://localhost:4201/ ::1 string","timestamp":"10:48:15 AM"}
{"level":"error","message":"LOG REFERER YTD http://localhost:4201/ ::1 string","timestamp":"10:48:16 AM"}
{"level":"error","message":"LOG REFERER YTD http://localhost:4201/ ::1 string","timestamp":"10:48:17 AM"}
{"level":"error","message":"LOG REFERER YTD http://localhost:4201/ ::1 string","timestamp":"10:48:18 AM"}
{"level":"error","message":"LOG REFERER YTD http://localhost:4201/ ::1 string","timestamp":"10:48:19 AM"}
{"level":"error","message":"LOG REFERER YTD http://localhost:4201/ ::1 string","timestamp":"10:48:20 AM"}
{"level":"error","message":"LOG REFERER YTD http://localhost:4201/ ::1 string","timestamp":"10:48:21 AM"}
{"level":"error","message":"LOG REFERER YTD http://localhost:4201/ ::1 string","timestamp":"10:48:22 AM"}
{"level":"error","message":"LOG REFERER YTD http://localhost:4201/ ::1 string","timestamp":"10:48:23 AM"}
{"level":"error","message":"LOG REFERER YTD http://localhost:4201/ ::1 string","timestamp":"10:48:24 AM"}
{"level":"error","message":"LOG REFERER YTD http://localhost:4201/ ::1 string","timestamp":"10:48:25 AM"}
{"level":"error","message":"LOG REFERER YTD http://localhost:4201/ ::1 string","timestamp":"10:48:26 AM"}
{"level":"error","message":"LOG REFERER YTD http://localhost:4201/ ::1 string","timestamp":"10:48:27 AM"}
{"level":"error","message":"LOG REFERER YTD http://localhost:4201/ ::1 string","timestamp":"10:48:28 AM"}
{"level":"error","message":"LOG REFERER YTD http://localhost:4201/ ::1 string","timestamp":"10:48:29 AM"}
{"level":"error","message":"LOG REFERER YTD http://localhost:4201/ ::1 string","timestamp":"10:48:30 AM"}
{"level":"error","message":"LOG REFERER YTD http://localhost:4201/ ::1 string","timestamp":"10:48:31 AM"}
{"level":"error","message":"LOG REFERER YTD http://localhost:4201/ ::1 string","timestamp":"10:48:32 AM"}
{"level":"error","message":"LOG REFERER YTD http://localhost:4201/ ::1 string","timestamp":"10:48:33 AM"}
{"level":"error","message":"LOG REFERER YTD http://localhost:4201/ ::1 string","timestamp":"10:48:34 AM"}
{"level":"error","message":"LOG REFERER YTD http://localhost:4201/ ::1 string","timestamp":"10:48:35 AM"}
{"level":"error","message":"LOG REFERER YTD http://localhost:4201/ ::1 string","timestamp":"10:48:36 AM"}
{"level":"error","message":"LOG REFERER YTD http://localhost:4201/ ::1 string","timestamp":"10:48:37 AM"}
{"level":"error","message":"LOG REFERER YTD http://localhost:4201/ ::1 string","timestamp":"10:48:38 AM"}
{"level":"error","message":"LOG REFERER YTD http://localhost:4201/ ::1 string","timestamp":"10:48:39 AM"}
{"level":"error","message":"LOG REFERER YTD http://localhost:4201/ ::1 string","timestamp":"10:48:40 AM"}
{"level":"error","message":"LOG REFERER YTD http://localhost:4201/ ::1 string","timestamp":"10:48:41 AM"}
{"level":"error","message":"LOG REFERER YTD http://localhost:4201/ ::1 string","timestamp":"10:48:42 AM"}
{"level":"error","message":"LOG REFERER YTD http://localhost:4201/ ::1 string","timestamp":"10:48:43 AM"}
{"level":"error","message":"LOG REFERER YTD http://localhost:4201/ ::1 string","timestamp":"10:48:44 AM"}
{"level":"error","message":"LOG REFERER YTD http://localhost:4201/ ::1 string","timestamp":"10:48:45 AM"}
{"level":"error","message":"LOG REFERER YTD http://localhost:4201/ ::1 string","timestamp":"10:48:46 AM"}
{"level":"error","message":"LOG REFERER YTD http://localhost:4201/ ::1 string","timestamp":"10:48:47 AM"}
{"level":"error","message":"LOG REFERER YTD http://localhost:4201/ ::1 string","timestamp":"10:48:48 AM"}
{"level":"error","message":"LOG REFERER YTD http://localhost:4201/ ::1 string","timestamp":"10:48:49 AM"}
{"level":"error","message":"LOG REFERER YTD http://localhost:4201/ ::1 string","timestamp":"10:48:49 AM"}
{"level":"error","message":"LOG REFERER YTD http://localhost:4201/ ::1 string","timestamp":"10:48:50 AM"}
{"level":"error","message":"LOG REFERER YTD http://localhost:4201/ ::1 string","timestamp":"10:48:50 AM"}
{"level":"error","message":"LOG REFERER YTD http://localhost:4201/ ::1 string","timestamp":"10:48:51 AM"}
{"level":"error","message":"LOG REFERER YTD http://localhost:4201/ ::1 string","timestamp":"10:48:51 AM"}
{"level":"error","message":"LOG REFERER YTD http://localhost:4201/ ::1 string","timestamp":"10:48:52 AM"}
{"level":"error","message":"LOG REFERER YTD http://localhost:4201/ ::1 string","timestamp":"10:48:53 AM"}
{"level":"error","message":"LOG REFERER YTD http://localhost:4201/ ::1 string","timestamp":"10:48:54 AM"}
{"level":"error","message":"LOG REFERER YTD http://localhost:4201/ ::1 string","timestamp":"10:48:55 AM"}
{"level":"error","message":"LOG REFERER YTD http://localhost:4201/ ::1 string","timestamp":"10:48:56 AM"}
{"level":"error","message":"LOG REFERER YTD http://localhost:4201/ ::1 string","timestamp":"10:48:57 AM"}
{"level":"error","message":"LOG REFERER YTD http://localhost:4201/ ::1 string","timestamp":"10:48:58 AM"}
{"level":"error","message":"LOG REFERER YTD http://localhost:4201/ ::1 string","timestamp":"10:48:59 AM"}
{"level":"error","message":"LOG REFERER YTD http://localhost:4201/ ::1 string","timestamp":"10:49:00 AM"}
{"level":"error","message":"LOG REFERER YTD http://localhost:4201/ ::1 string","timestamp":"10:49:01 AM"}
{"level":"error","message":"LOG REFERER YTD http://localhost:4201/ ::1 string","timestamp":"10:49:02 AM"}
{"level":"error","message":"LOG REFERER YTD http://localhost:4201/ ::1 string","timestamp":"10:49:03 AM"}
{"level":"error","message":"LOG REFERER YTD http://localhost:4201/ ::1 string","timestamp":"10:49:04 AM"}
{"level":"error","message":"LOG REFERER YTD http://localhost:4201/ ::1 string","timestamp":"10:49:05 AM"}
{"level":"error","message":"LOG REFERER YTD http://localhost:4201/ ::1 string","timestamp":"10:49:06 AM"}
{"level":"error","message":"LOG REFERER YTD http://localhost:4201/ ::1 string","timestamp":"10:49:07 AM"}
{"level":"error","message":"LOG REFERER YTD http://localhost:4201/ ::1 string","timestamp":"10:49:08 AM"}
{"level":"error","message":"LOG REFERER YTD http://localhost:4201/ ::1 string","timestamp":"10:49:09 AM"}
{"level":"error","message":"LOG REFERER YTD http://localhost:4201/ ::1 string","timestamp":"10:49:10 AM"}
{"level":"error","message":"LOG REFERER YTD http://localhost:4201/ ::1 string","timestamp":"10:49:11 AM"}
{"level":"error","message":"LOG REFERER YTD http://localhost:4201/ ::1 string","timestamp":"10:49:12 AM"}
{"level":"error","message":"LOG REFERER YTD http://localhost:4201/ ::1 string","timestamp":"10:49:13 AM"}
{"level":"error","message":"LOG REFERER YTD http://localhost:4201/ ::1 string","timestamp":"10:49:14 AM"}
{"level":"error","message":"LOG REFERER YTD http://localhost:4201/ ::1 string","timestamp":"10:49:15 AM"}
{"level":"error","message":"LOG REFERER YTD http://localhost:4201/ ::1 string","timestamp":"10:49:16 AM"}
{"level":"error","message":"LOG REFERER YTD http://localhost:4201/ ::1 string","timestamp":"10:49:17 AM"}
{"level":"error","message":"LOG REFERER YTD http://localhost:4201/ ::1 string","timestamp":"10:49:18 AM"}
{"level":"error","message":"LOG REFERER YTD http://localhost:4201/ ::1 string","timestamp":"10:49:19 AM"}
{"level":"error","message":"LOG REFERER YTD http://localhost:4201/ ::1 string","timestamp":"10:49:20 AM"}
{"level":"error","message":"LOG REFERER YTD http://localhost:4201/ ::1 string","timestamp":"10:49:21 AM"}
{"level":"error","message":"LOG REFERER YTD http://localhost:4201/ ::1 string","timestamp":"10:49:22 AM"}
{"level":"error","message":"LOG REFERER YTD http://localhost:4201/ ::1 string","timestamp":"10:49:23 AM"}
{"level":"error","message":"LOG REFERER YTD http://localhost:4201/ ::1 string","timestamp":"10:49:24 AM"}
{"level":"error","message":"LOG REFERER YTD http://localhost:4201/ ::1 string","timestamp":"10:49:25 AM"}
{"level":"error","message":"LOG REFERER YTD http://localhost:4201/ ::1 string","timestamp":"10:49:26 AM"}
{"level":"error","message":"LOG REFERER YTD http://localhost:4201/ ::1 string","timestamp":"10:49:27 AM"}
{"level":"error","message":"LOG REFERER YTD http://localhost:4201/ ::1 string","timestamp":"10:49:28 AM"}
{"level":"error","message":"LOG REFERER YTD http://localhost:4201/ ::1 string","timestamp":"10:49:29 AM"}
{"level":"error","message":"LOG REFERER YTD http://localhost:4201/ ::1 string","timestamp":"10:49:30 AM"}
{"level":"error","message":"LOG REFERER YTD http://localhost:4201/ ::1 string","timestamp":"10:49:31 AM"}
{"level":"error","message":"LOG REFERER YTD http://localhost:4201/ ::1 string","timestamp":"10:49:32 AM"}
{"level":"error","message":"LOG REFERER YTD http://localhost:4201/ ::1 string","timestamp":"10:49:33 AM"}
{"level":"error","message":"LOG REFERER YTD http://localhost:4201/ ::1 string","timestamp":"10:49:34 AM"}
{"level":"error","message":"LOG REFERER YTD http://localhost:4201/ ::1 string","timestamp":"10:49:35 AM"}
{"level":"error","message":"LOG REFERER YTD http://localhost:4201/ ::1 string","timestamp":"10:49:36 AM"}
{"level":"error","message":"LOG REFERER YTD http://localhost:4201/ ::1 string","timestamp":"10:49:37 AM"}
{"level":"error","message":"LOG REFERER YTD http://localhost:4201/ ::1 string","timestamp":"10:49:38 AM"}
{"level":"error","message":"LOG REFERER YTD http://localhost:4201/ ::1 string","timestamp":"10:49:39 AM"}
{"level":"error","message":"LOG REFERER YTD http://localhost:4201/ ::1 string","timestamp":"10:49:40 AM"}
{"level":"error","message":"LOG REFERER YTD http://localhost:4201/ ::1 string","timestamp":"10:49:41 AM"}
{"level":"error","message":"LOG REFERER YTD http://localhost:4201/ ::1 string","timestamp":"10:49:42 AM"}
{"level":"error","message":"LOG REFERER YTD http://localhost:4201/ ::1 string","timestamp":"10:49:43 AM"}
{"level":"error","message":"LOG REFERER YTD http://localhost:4201/ ::1 string","timestamp":"10:49:44 AM"}
{"level":"error","message":"LOG REFERER YTD http://localhost:4201/ ::1 string","timestamp":"10:49:45 AM"}
{"level":"error","message":"LOG REFERER YTD http://localhost:4201/ ::1 string","timestamp":"10:49:46 AM"}
{"level":"error","message":"LOG REFERER YTD http://localhost:4201/ ::1 string","timestamp":"10:49:47 AM"}
{"level":"error","message":"LOG REFERER YTD http://localhost:4201/ ::1 string","timestamp":"10:49:48 AM"}
{"level":"error","message":"LOG REFERER YTD http://localhost:4201/ ::1 string","timestamp":"10:49:49 AM"}
{"level":"error","message":"LOG REFERER YTD http://localhost:4201/ ::1 string","timestamp":"10:49:50 AM"}
{"level":"error","message":"LOG REFERER YTD http://localhost:4201/ ::1 string","timestamp":"10:49:51 AM"}
{"level":"error","message":"LOG REFERER YTD http://localhost:4201/ ::1 string","timestamp":"10:49:52 AM"}
{"level":"error","message":"LOG REFERER YTD http://localhost:4201/ ::1 string","timestamp":"10:49:53 AM"}
{"level":"error","message":"LOG REFERER YTD http://localhost:4201/ ::1 string","timestamp":"10:49:54 AM"}
{"level":"error","message":"LOG REFERER YTD http://localhost:4201/ ::1 string","timestamp":"10:49:55 AM"}
{"level":"error","message":"LOG REFERER YTD http://localhost:4201/ ::1 string","timestamp":"10:49:56 AM"}
{"level":"error","message":"LOG REFERER YTD http://localhost:4201/ ::1 string","timestamp":"10:49:57 AM"}
{"level":"error","message":"LOG REFERER YTD http://localhost:4201/ ::1 string","timestamp":"10:49:58 AM"}
{"level":"error","message":"LOG REFERER YTD http://localhost:4201/ ::1 string","timestamp":"10:49:59 AM"}
{"level":"error","message":"LOG REFERER YTD http://localhost:4201/ ::1 string","timestamp":"10:50:00 AM"}
{"level":"error","message":"LOG REFERER YTD http://localhost:4201/ ::1 string","timestamp":"10:50:01 AM"}
{"level":"error","message":"LOG REFERER YTD http://localhost:4201/ ::1 string","timestamp":"10:50:02 AM"}
{"level":"error","message":"LOG REFERER YTD http://localhost:4201/ ::1 string","timestamp":"10:50:03 AM"}
{"level":"error","message":"LOG REFERER YTD http://localhost:4201/ ::1 string","timestamp":"10:50:04 AM"}
{"level":"error","message":"LOG REFERER YTD http://localhost:4201/ ::1 string","timestamp":"10:50:05 AM"}
{"level":"error","message":"LOG REFERER YTD http://localhost:4201/ ::1 string","timestamp":"10:50:06 AM"}
{"level":"error","message":"LOG REFERER YTD http://localhost:4201/ ::1 string","timestamp":"10:50:07 AM"}
{"level":"error","message":"LOG REFERER YTD http://localhost:4201/ ::1 string","timestamp":"10:50:08 AM"}
{"level":"error","message":"LOG REFERER YTD http://localhost:4201/ ::1 string","timestamp":"10:50:09 AM"}
{"level":"error","message":"LOG REFERER YTD http://localhost:4201/ ::1 string","timestamp":"10:50:10 AM"}
{"level":"error","message":"LOG REFERER YTD http://localhost:4201/ ::1 string","timestamp":"10:50:11 AM"}
{"level":"error","message":"LOG REFERER YTD http://localhost:4201/ ::1 string","timestamp":"10:50:12 AM"}
{"level":"error","message":"LOG REFERER YTD http://localhost:4201/ ::1 string","timestamp":"10:50:13 AM"}
{"level":"error","message":"LOG REFERER YTD http://localhost:4201/ ::1 string","timestamp":"10:50:14 AM"}
{"level":"error","message":"LOG REFERER YTD http://localhost:4201/ ::1 string","timestamp":"10:50:15 AM"}
{"level":"error","message":"LOG REFERER YTD http://localhost:4201/ ::1 string","timestamp":"10:50:16 AM"}
{"level":"error","message":"LOG REFERER YTD http://localhost:4201/ ::1 string","timestamp":"10:50:17 AM"}
{"level":"error","message":"LOG REFERER YTD http://localhost:4201/ ::1 string","timestamp":"10:50:18 AM"}
{"level":"error","message":"LOG REFERER YTD http://localhost:4201/ ::1 string","timestamp":"10:50:19 AM"}
{"level":"error","message":"LOG REFERER YTD http://localhost:4201/ ::1 string","timestamp":"10:50:20 AM"}
{"level":"error","message":"LOG REFERER YTD http://localhost:4201/ ::1 string","timestamp":"10:50:21 AM"}
{"level":"error","message":"LOG REFERER YTD http://localhost:4201/ ::1 string","timestamp":"10:50:22 AM"}
{"level":"error","message":"LOG REFERER YTD http://localhost:4201/ ::1 string","timestamp":"10:50:23 AM"}
{"level":"error","message":"LOG REFERER YTD http://localhost:4201/ ::1 string","timestamp":"10:50:24 AM"}
{"level":"error","message":"LOG REFERER YTD http://localhost:4201/ ::1 string","timestamp":"10:50:25 AM"}
{"level":"error","message":"LOG REFERER YTD http://localhost:4201/ ::1 string","timestamp":"10:50:26 AM"}
{"level":"error","message":"LOG REFERER YTD http://localhost:4201/ ::1 string","timestamp":"10:50:27 AM"}
{"level":"error","message":"LOG REFERER YTD http://localhost:4201/ ::1 string","timestamp":"10:50:28 AM"}
{"level":"error","message":"LOG REFERER YTD http://localhost:4201/ ::1 string","timestamp":"10:50:29 AM"}
{"level":"error","message":"LOG REFERER YTD http://localhost:4201/ ::1 string","timestamp":"10:50:30 AM"}
{"level":"error","message":"LOG REFERER YTD http://localhost:4201/ ::1 string","timestamp":"10:50:31 AM"}
{"level":"error","message":"LOG REFERER YTD http://localhost:4201/ ::1 string","timestamp":"10:50:32 AM"}
{"level":"error","message":"LOG REFERER YTD http://localhost:4201/ ::1 string","timestamp":"10:50:33 AM"}
{"level":"error","message":"LOG REFERER YTD http://localhost:4201/ ::1 string","timestamp":"10:50:34 AM"}
{"level":"error","message":"LOG REFERER YTD http://localhost:4201/ ::1 string","timestamp":"10:50:35 AM"}
{"level":"error","message":"LOG REFERER YTD http://localhost:4201/ ::1 string","timestamp":"10:50:36 AM"}
{"level":"error","message":"LOG REFERER YTD http://localhost:4201/ ::1 string","timestamp":"10:50:37 AM"}
{"level":"error","message":"LOG REFERER YTD http://localhost:4201/ ::1 string","timestamp":"10:50:38 AM"}
{"level":"error","message":"LOG REFERER YTD http://localhost:4201/ ::1 string","timestamp":"10:51:02 AM"}
{"level":"error","message":"LOG REFERER YTD http://localhost:4201/ ::1 string","timestamp":"10:51:02 AM"}
{"level":"error","message":"LOG REFERER YTD http://localhost:4201/ ::1 string","timestamp":"10:52:33 AM"}
{"level":"error","message":"LOG REFERER YTD http://localhost:4201/ ::1 string","timestamp":"10:52:33 AM"}
{"level":"error","message":"LOG REFERER YTD http://localhost:4201/ ::1 string","timestamp":"10:56:05 AM"}
{"level":"error","message":"LOG REFERER YTD http://localhost:4201/ ::1 string","timestamp":"10:56:05 AM"}
{"level":"error","message":"LOG REFERER YTD http://localhost:4201/ ::1 string","timestamp":"11:03:11 AM"}
{"level":"error","message":"LOG REFERER YTD http://localhost:4201/ ::1 string","timestamp":"11:03:11 AM"}
{"level":"warn","message":"uncaughtException { Error: socket hang up\n    at createHangUpError (_http_client.js:254:15)\n    at Socket.socketOnEnd (_http_client.js:346:23)\n    at emitNone (events.js:91:20)\n    at Socket.emit (events.js:185:7)\n    at endReadableNT (_stream_readable.js:974:12)\n    at _combinedTickCallback (internal/process/next_tick.js:74:11)\n    at process._tickCallback (internal/process/next_tick.js:98:9)\n  code: 'ECONNRESET',\n  request: \n   ClientRequest {\n     domain: null,\n     _events: {},\n     _eventsCount: 0,\n     _maxListeners: undefined,\n     href: 'http://qa-horizon.policyboss.com:3000/report/save_log?env=Development&type=ERR',\n     options: \n      { host: 'qa-horizon.policyboss.com',\n        port: '3000',\n        path: '/report/save_log?env=Development&type=ERR',\n        href: 'http://qa-horizon.policyboss.com:3000/report/save_log?env=Development&type=ERR',\n        method: 'POST',\n        headers: [Object],\n        data: '[\"LOG REFERER YTD http://localhost:4201/ ::1 string\"]' },\n     _httpRequest: \n      Writable {\n        _writableState: [Object],\n        writable: true,\n        domain: null,\n        _events: [Object],\n        _eventsCount: 2,\n        _maxListeners: undefined,\n        _options: [Object],\n        _ended: true,\n        _ending: true,\n        _redirectCount: 0,\n        _redirects: [],\n        _requestBodyLength: 53,\n        _requestBodyBuffers: [Object],\n        _onNativeResponse: [Function],\n        _currentRequest: [Object],\n        _currentUrl: 'http://qa-horizon.policyboss.com:3000/report/save_log?env=Development&type=ERR' } } }","timestamp":"11:09:14 AM"}
{"level":"warn","message":"uncaughtException { Error: socket hang up\n    at createHangUpError (_http_client.js:254:15)\n    at Socket.socketCloseListener (_http_client.js:286:23)\n    at emitOne (events.js:101:20)\n    at Socket.emit (events.js:188:7)\n    at TCP._handle.close [as _onclose] (net.js:498:12)\n  code: 'ECONNRESET',\n  request: \n   ClientRequest {\n     domain: null,\n     _events: {},\n     _eventsCount: 0,\n     _maxListeners: undefined,\n     href: 'http://qa-horizon.policyboss.com:3000/report/save_log?env=Development&type=ERR',\n     options: \n      { host: 'qa-horizon.policyboss.com',\n        port: '3000',\n        path: '/report/save_log?env=Development&type=ERR',\n        href: 'http://qa-horizon.policyboss.com:3000/report/save_log?env=Development&type=ERR',\n        method: 'POST',\n        headers: [Object],\n        data: '[\"LOG REFERER YTD http://localhost:4201/ ::1 string\"]' },\n     _httpRequest: \n      Writable {\n        _writableState: [Object],\n        writable: true,\n        domain: null,\n        _events: [Object],\n        _eventsCount: 2,\n        _maxListeners: undefined,\n        _options: [Object],\n        _ended: true,\n        _ending: true,\n        _redirectCount: 0,\n        _redirects: [],\n        _requestBodyLength: 53,\n        _requestBodyBuffers: [Object],\n        _onNativeResponse: [Function],\n        _currentRequest: [Object],\n        _currentUrl: 'http://qa-horizon.policyboss.com:3000/report/save_log?env=Development&type=ERR' } } }","timestamp":"11:09:14 AM"}
{"level":"error","message":"LOG REFERER YTD http://localhost:4201/ ::1 string","timestamp":"11:09:14 AM"}
{"level":"error","message":"LOG REFERER YTD http://localhost:4201/ ::1 string","timestamp":"11:14:36 AM"}
{"level":"error","message":"LOG REFERER YTD http://localhost:4201/ ::1 string","timestamp":"11:14:36 AM"}
{"level":"error","message":"LOG REFERER YTD http://localhost:4201/ ::1 string","timestamp":"11:15:55 AM"}
{"level":"error","message":"LOG REFERER YTD http://localhost:4201/ ::1 string","timestamp":"11:15:55 AM"}
{"level":"error","message":"LOG REFERER YTD http://localhost:4201/ ::1 string","timestamp":"11:16:36 AM"}
{"level":"error","message":"LOG REFERER YTD http://localhost:4201/ ::1 string","timestamp":"11:18:46 AM"}
{"level":"error","message":"LOG REFERER YTD http://localhost:4201/ ::1 string","timestamp":"11:18:46 AM"}
{"level":"error","message":"LOG REFERER YTD http://localhost:4201/ ::1 string","timestamp":"11:18:46 AM"}
{"level":"error","message":"LOG REFERER YTD http://localhost:4201/ ::1 string","timestamp":"11:20:46 AM"}
{"level":"error","message":"LOG REFERER YTD http://localhost:4201/ ::1 string","timestamp":"11:21:14 AM"}
{"level":"error","message":"LOG REFERER YTD http://localhost:4201/ ::1 string","timestamp":"11:21:14 AM"}
{"level":"error","message":"LOG REFERER YTD http://localhost:4201/ ::1 string","timestamp":"11:23:14 AM"}
{"level":"error","message":"LOG REFERER YTD http://localhost:4201/ ::1 string","timestamp":"4:31:11 PM"}
{"level":"error","message":"LOG REFERER YTD http://localhost:4201/ ::1 string","timestamp":"4:31:11 PM"}
{"level":"error","message":"LOG REFERER YTD http://localhost:4201/ ::1 string","timestamp":"4:31:18 PM"}
{"level":"error","message":"LOG REFERER YTD http://localhost:4201/ ::1 string","timestamp":"4:31:18 PM"}
{"level":"error","message":"LOG REFERER YTD http://localhost:4201/ ::1 string","timestamp":"4:33:11 PM"}
{"level":"error","message":"LOG REFERER YTD http://localhost:4201/ ::1 string","timestamp":"4:33:18 PM"}
{"level":"error","message":"LOG REFERER YTD http://localhost:4201/ ::1 string","timestamp":"5:39:17 PM"}
{"level":"error","message":"LOG REFERER YTD http://localhost:4201/ ::1 string","timestamp":"5:39:17 PM"}
{"level":"error","message":"LOG REFERER YTD http://localhost:4201/ ::1 string","timestamp":"5:40:07 PM"}
{"level":"error","message":"LOG REFERER YTD http://localhost:4201/ ::1 string","timestamp":"5:40:07 PM"}
{"level":"error","message":"LOG REFERER YTD http://localhost:4201/ ::1 string","timestamp":"5:44:19 PM"}
{"level":"error","message":"LOG REFERER YTD http://localhost:4201/ ::1 string","timestamp":"5:44:19 PM"}
{"level":"error","message":"LOG REFERER YTD http://localhost:4201/ ::1 string","timestamp":"5:49:05 PM"}
{"level":"error","message":"LOG REFERER YTD http://localhost:4201/ ::1 string","timestamp":"5:49:05 PM"}
{"level":"error","message":"LOG REFERER YTD http://localhost:4201/ ::1 string","timestamp":"5:51:22 PM"}
{"level":"error","message":"LOG REFERER YTD http://localhost:4201/ ::1 string","timestamp":"5:55:02 PM"}
{"level":"error","message":"LOG REFERER YTD http://localhost:4201/ ::1 string","timestamp":"5:55:02 PM"}
{"level":"error","message":"LOG REFERER YTD http://localhost:4201/ ::1 string","timestamp":"5:55:23 PM"}
{"level":"error","message":"LOG REFERER YTD http://localhost:4201/ ::1 string","timestamp":"5:55:23 PM"}
{"level":"error","message":"LOG REFERER YTD http://localhost:4201/ ::1 string","timestamp":"5:57:05 PM"}
{"level":"error","message":"LOG REFERER YTD http://localhost:4201/ ::1 string","timestamp":"5:57:05 PM"}
{"level":"error","message":"LOG REFERER YTD http://localhost:4201/ ::1 string","timestamp":"5:57:33 PM"}
{"level":"error","message":"LOG REFERER YTD http://localhost:4201/ ::1 string","timestamp":"5:57:33 PM"}
{"level":"error","message":"LOG REFERER YTD http://localhost:4201/ ::1 string","timestamp":"5:59:05 PM"}
{"level":"error","message":"LOG REFERER YTD http://localhost:4201/ ::1 string","timestamp":"5:59:33 PM"}
{"level":"error","message":"LOG REFERER YTD http://localhost:4201/ ::1 string","timestamp":"6:01:00 PM"}
{"level":"error","message":"LOG REFERER YTD http://localhost:4201/ ::1 string","timestamp":"6:01:00 PM"}
{"level":"error","message":"LOG REFERER YTD http://localhost:4201/ ::1 string","timestamp":"6:02:19 PM"}
{"level":"error","message":"LOG REFERER YTD http://localhost:4201/ ::1 string","timestamp":"6:02:19 PM"}
{"level":"error","message":"LOG REFERER YTD http://localhost:4201/ ::1 string","timestamp":"6:06:57 PM"}
{"level":"error","message":"LOG REFERER YTD http://localhost:4201/ ::1 string","timestamp":"6:06:57 PM"}
{"level":"error","message":"LOG REFERER YTD http://localhost:4201/ ::1 string","timestamp":"6:07:01 PM"}
{"level":"error","message":"LOG REFERER YTD http://localhost:4201/ ::1 string","timestamp":"6:08:43 PM"}
{"level":"error","message":"LOG REFERER YTD http://localhost:4201/ ::1 string","timestamp":"6:08:43 PM"}
{"level":"error","message":"LOG REFERER YTD http://localhost:4201/ ::1 string","timestamp":"6:11:22 PM"}
{"level":"error","message":"LOG REFERER YTD http://localhost:4201/ ::1 string","timestamp":"6:11:22 PM"}
{"level":"error","message":"LOG REFERER YTD http://localhost:4201/ ::1 string","timestamp":"6:14:05 PM"}
{"level":"error","message":"LOG REFERER YTD http://localhost:4201/ ::1 string","timestamp":"6:14:05 PM"}
{"level":"error","message":"LOG REFERER YTD http://localhost:4201/ ::1 string","timestamp":"6:16:05 PM"}
{"level":"error","message":"LOG REFERER YTD http://localhost:4201/ ::1 string","timestamp":"6:31:59 PM"}
{"level":"error","message":"LOG REFERER YTD http://localhost:4201/ ::1 string","timestamp":"6:31:59 PM"}
{"level":"error","message":"LOG REFERER YTD http://localhost:4201/ ::1 string","timestamp":"6:33:14 PM"}
{"level":"error","message":"LOG REFERER YTD http://localhost:4201/ ::1 string","timestamp":"6:33:14 PM"}
{"level":"warn","message":"uncaughtException TypeError: Cannot set property '[object Date]' of undefined\n    at D:\\Office\\HorizonAPI\\SourceCode\\routes\\quote.js:7652:27\n    at Query.<anonymous> (D:\\Office\\HorizonAPI\\SourceCode\\node_modules\\mongoose\\lib\\model.js:3738:16)\n    at D:\\Office\\HorizonAPI\\SourceCode\\node_modules\\kareem\\index.js:277:21\n    at D:\\Office\\HorizonAPI\\SourceCode\\node_modules\\kareem\\index.js:131:16\n    at _combinedTickCallback (internal/process/next_tick.js:67:7)\n    at process._tickCallback (internal/process/next_tick.js:98:9)","timestamp":"6:33:22 PM"}
{"level":"error","message":"LOG REFERER YTD http://localhost:4201/ ::1 string","timestamp":"6:35:14 PM"}
{"level":"warn","message":"uncaughtException TypeError: Cannot set property '[object Date]' of undefined\n    at D:\\Office\\HorizonAPI\\SourceCode\\routes\\quote.js:7652:27\n    at Query.<anonymous> (D:\\Office\\HorizonAPI\\SourceCode\\node_modules\\mongoose\\lib\\model.js:3738:16)\n    at D:\\Office\\HorizonAPI\\SourceCode\\node_modules\\kareem\\index.js:277:21\n    at D:\\Office\\HorizonAPI\\SourceCode\\node_modules\\kareem\\index.js:131:16\n    at _combinedTickCallback (internal/process/next_tick.js:67:7)\n    at process._tickCallback (internal/process/next_tick.js:98:9)","timestamp":"6:35:21 PM"}
{"level":"error","message":"LOG REFERER YTD http://localhost:4201/ ::1 string","timestamp":"6:37:12 PM"}
{"level":"error","message":"LOG REFERER YTD http://localhost:4201/ ::1 string","timestamp":"6:37:12 PM"}
{"level":"warn","message":"uncaughtException TypeError: Cannot set property '[object Date]' of undefined\n    at D:\\Office\\HorizonAPI\\SourceCode\\routes\\quote.js:7652:27\n    at Query.<anonymous> (D:\\Office\\HorizonAPI\\SourceCode\\node_modules\\mongoose\\lib\\model.js:3738:16)\n    at D:\\Office\\HorizonAPI\\SourceCode\\node_modules\\kareem\\index.js:277:21\n    at D:\\Office\\HorizonAPI\\SourceCode\\node_modules\\kareem\\index.js:131:16\n    at _combinedTickCallback (internal/process/next_tick.js:67:7)\n    at process._tickCallback (internal/process/next_tick.js:98:9)","timestamp":"6:37:20 PM"}
{"level":"error","message":"LOG REFERER YTD http://localhost:4201/ ::1 string","timestamp":"6:39:12 PM"}
{"level":"error","message":"LOG REFERER YTD http://localhost:4201/ ::1 string","timestamp":"6:41:38 PM"}
{"level":"error","message":"LOG REFERER YTD http://localhost:4201/ ::1 string","timestamp":"6:41:38 PM"}
{"level":"error","message":"LOG REFERER YTD http://localhost:4201/ ::1 string","timestamp":"6:43:27 PM"}
{"level":"error","message":"LOG REFERER YTD http://localhost:4201/ ::1 string","timestamp":"6:43:27 PM"}
{"level":"error","message":"LOG REFERER YTD http://localhost:4201/ ::1 string","timestamp":"6:46:29 PM"}
{"level":"error","message":"LOG REFERER YTD http://localhost:4201/ ::1 string","timestamp":"6:46:29 PM"}
{"level":"warn","message":"uncaughtException ReferenceError: oldMSg is not defined\n    at D:\\Office\\HorizonAPI\\SourceCode\\routes\\quote.js:7653:60\n    at Query.<anonymous> (D:\\Office\\HorizonAPI\\SourceCode\\node_modules\\mongoose\\lib\\model.js:3738:16)\n    at D:\\Office\\HorizonAPI\\SourceCode\\node_modules\\kareem\\index.js:277:21\n    at D:\\Office\\HorizonAPI\\SourceCode\\node_modules\\kareem\\index.js:131:16\n    at _combinedTickCallback (internal/process/next_tick.js:67:7)\n    at process._tickCallback (internal/process/next_tick.js:98:9)","timestamp":"6:47:04 PM"}
{"level":"error","message":"LOG REFERER YTD http://localhost:4201/ ::1 string","timestamp":"6:49:25 PM"}
{"level":"error","message":"LOG REFERER YTD http://localhost:4201/ ::1 string","timestamp":"6:49:25 PM"}
{"level":"warn","message":"uncaughtException ReferenceError: oldMSg is not defined\n    at D:\\Office\\HorizonAPI\\SourceCode\\routes\\quote.js:7654:60\n    at Query.<anonymous> (D:\\Office\\HorizonAPI\\SourceCode\\node_modules\\mongoose\\lib\\model.js:3738:16)\n    at D:\\Office\\HorizonAPI\\SourceCode\\node_modules\\kareem\\index.js:277:21\n    at D:\\Office\\HorizonAPI\\SourceCode\\node_modules\\kareem\\index.js:131:16\n    at _combinedTickCallback (internal/process/next_tick.js:67:7)\n    at process._tickCallback (internal/process/next_tick.js:98:9)","timestamp":"6:49:49 PM"}
{"level":"error","message":"LOG REFERER YTD http://localhost:4201/ ::1 string","timestamp":"6:51:26 PM"}
{"level":"error","message":"LOG REFERER YTD http://localhost:4201/ ::1 string","timestamp":"6:54:19 PM"}
{"level":"error","message":"LOG REFERER YTD http://localhost:4201/ ::1 string","timestamp":"6:54:19 PM"}
