{"level":"error","message":"LOG REFERER YTD http://localhost:4201/ ::1 string","timestamp":"10:15:28 AM"}
{"level":"error","message":"LOG REFERER YTD http://localhost:4201/ ::1 string","timestamp":"10:15:43 AM"}
{"level":"error","message":"LOG REFERER YTD http://localhost:4201/ ::1 string","timestamp":"10:15:43 AM"}
{"level":"error","message":"LOG REFERER YTD http://localhost:4201/ ::1 string","timestamp":"10:15:43 AM"}
{"level":"error","message":"LOG REFERER YTD undefined ::ffff:127.0.0.1 undefined","timestamp":"10:15:43 AM"}
{"level":"error","message":"Base_Master_Details undefined {}","timestamp":"10:15:43 AM"}
{"level":"error","message":"Base_Master_Details Insurer_1 true DataNo VehYes","timestamp":"10:15:43 AM"}
{"level":"error","message":"Base_Master_Details Insurer_4 false DataNo VehNo","timestamp":"10:15:43 AM"}
{"level":"error","message":"Base_Master_Details Insurer_16 false DataNo VehNo","timestamp":"10:15:43 AM"}
{"level":"error","message":"Base_Master_Details Insurer_3 false DataNo VehNo","timestamp":"10:15:43 AM"}
{"level":"error","message":"Base_Master_Details Insurer_19 false DataNo VehNo","timestamp":"10:15:43 AM"}
{"level":"error","message":"Base_Master_Details Insurer_47 false DataNo VehNo","timestamp":"10:15:43 AM"}
{"level":"error","message":"Base_Master_Details Insurer_13 false DataNo VehNo","timestamp":"10:15:43 AM"}
{"level":"error","message":"Base_Master_Details Insurer_11 true DataNo VehYes","timestamp":"10:15:43 AM"}
{"level":"error","message":"Base_Master_Details Insurer_44 false DataNo VehYes","timestamp":"10:15:43 AM"}
{"level":"error","message":"Base_Master_Details Insurer_46 false DataNo VehYes","timestamp":"10:15:43 AM"}
{"level":"error","message":"Base_Master_Details Insurer_45 true DataNo VehYes","timestamp":"10:15:43 AM"}
{"level":"error","message":"Base_Master_Details Insurer_5 true DataNo VehYes","timestamp":"10:15:43 AM"}
{"level":"error","message":"Base_Master_Details Insurer_6 true DataNo VehYes","timestamp":"10:15:43 AM"}
{"level":"error","message":"Base_Master_Details Insurer_10 true DataNo VehYes","timestamp":"10:15:43 AM"}
{"level":"error","message":"Base_Master_Details Insurer_33 false DataNo VehYes","timestamp":"10:15:43 AM"}
{"level":"error","message":"Base_Master_Details Insurer_2 false DataNo VehYes","timestamp":"10:15:43 AM"}
{"level":"error","message":"Base_Master_Details Insurer_9 true DataNo VehYes","timestamp":"10:15:43 AM"}
{"level":"error","message":"Base_Master_Details Insurer_14 false DataNo VehNo","timestamp":"10:15:43 AM"}
{"level":"error","message":"Base_Master_Details Insurer_30 false DataNo VehNo","timestamp":"10:15:43 AM"}
{"level":"error","message":"Base_Master_Details Insurer_48 false DataNo VehNo","timestamp":"10:15:43 AM"}
{"level":"error","message":"Base_Master_Details Insurer_7 false DataNo VehNo","timestamp":"10:15:43 AM"}
{"level":"error","message":"Base_Master_Details Insurer_12 false DataNo VehYes","timestamp":"10:15:43 AM"}
{"level":"error","message":"Base_Master_Details Insurer_17 false DataNo VehNo","timestamp":"10:15:43 AM"}
{"level":"error","message":"Base_Master_Details Processed { Insurer_45: \n   { Insurer_ID: 45,\n     Insurer_Vehicle_ID: 182377,\n     Vehicle_ID: 51015,\n     Is_Active: 1,\n     Created_On: 2019-05-17T07:08:13.660Z,\n     Status_Id: 2,\n     Premium_Status: 1 },\n  Insurer_44: \n   { Insurer_ID: 44,\n     Insurer_Vehicle_ID: null,\n     Vehicle_ID: 51015,\n     Is_Active: 0,\n     Created_On: 2019-03-28T10:20:12.013Z,\n     Status_Id: 3,\n     Premium_Status: 1 },\n  Insurer_100: \n   { Insurer_ID: 100,\n     Insurer_Vehicle_ID: 95497,\n     Vehicle_ID: 51015,\n     Is_Active: 1,\n     Created_On: 2019-03-15T09:36:17.629Z,\n     Status_Id: 4,\n     Premium_Status: 1 },\n  Insurer_33: \n   { Insurer_ID: 33,\n     Insurer_Vehicle_ID: null,\n     Vehicle_ID: 51015,\n     Is_Active: 0,\n     Created_On: 2019-03-15T09:11:21.313Z,\n     Status_Id: 3,\n     Premium_Status: 1 },\n  Insurer_9: \n   { Insurer_ID: 9,\n     Insurer_Vehicle_ID: 97101,\n     Vehicle_ID: 51015,\n     Is_Active: 1,\n     Created_On: 2019-03-15T09:06:07.800Z,\n     Status_Id: 2,\n     Premium_Status: 1 },\n  Insurer_10: \n   { Insurer_ID: 10,\n     Insurer_Vehicle_ID: 109635,\n     Vehicle_ID: 51015,\n     Is_Active: 1,\n     Created_On: 2019-03-15T06:53:46.694Z,\n     Status_Id: 2,\n     Premium_Status: 1 },\n  Insurer_2: \n   { Insurer_ID: 2,\n     Insurer_Vehicle_ID: null,\n     Vehicle_ID: 51015,\n     Is_Active: 0,\n     Created_On: 2019-03-15T06:46:46.150Z,\n     Status_Id: 3,\n     Premium_Status: 1 },\n  Insurer_46: \n   { Insurer_ID: 46,\n     Insurer_Vehicle_ID: null,\n     Vehicle_ID: 51015,\n     Is_Active: 0,\n     Created_On: 2019-03-15T06:29:08.421Z,\n     Status_Id: 3,\n     Premium_Status: 1 },\n  Insurer_11: \n   { Insurer_ID: 11,\n     Insurer_Vehicle_ID: 76223,\n     Vehicle_ID: 51015,\n     Is_Active: 1,\n     Created_On: 2019-03-15T06:25:06.948Z,\n     Status_Id: 2,\n     Premium_Status: 1 },\n  Insurer_6: \n   { Insurer_ID: 6,\n     Insurer_Vehicle_ID: 152388,\n     Vehicle_ID: 51015,\n     Is_Active: 1,\n     Created_On: 2019-03-15T05:40:04.404Z,\n     Status_Id: 2,\n     Premium_Status: 1 },\n  Insurer_1: \n   { Insurer_ID: 1,\n     Insurer_Vehicle_ID: 153653,\n     Vehicle_ID: 51015,\n     Is_Active: 1,\n     Created_On: 2019-03-15T05:39:36.697Z,\n     Status_Id: 2,\n     Premium_Status: 1 },\n  Insurer_12: \n   { Insurer_ID: 12,\n     Insurer_Vehicle_ID: null,\n     Vehicle_ID: 51015,\n     Is_Active: 0,\n     Created_On: 2019-03-15T05:35:35.600Z,\n     Status_Id: 3,\n     Premium_Status: 1 },\n  Insurer_5: \n   { Insurer_ID: 5,\n     Insurer_Vehicle_ID: 167397,\n     Vehicle_ID: 51015,\n     Is_Active: 1,\n     Created_On: 2019-03-14T12:01:38.138Z,\n     Status_Id: 2,\n     Premium_Status: 1 },\n  Insurer_Vehicle_Insurer_Segmant: 'NULL',\n  Number_of_wheels: 'NULL',\n  Product_Sub_Category_Class_Name: 'NULL',\n  Product_Sub_Category_Class_CODE: 'NULL',\n  Product_Type: 'NULL',\n  Gross_Vehicle_Weight: 'NULL',\n  Capacity_Type: 'NULL',\n  Product_Sub_Category_Code: 'NULL',\n  Make_ID: 'NULL',\n  Description: 'DUCATI HYPERSTRADA 939',\n  Fuel_Name: 'PETROL',\n  Model_Name: 'HYPERSTRADA',\n  Make_Name: 'DUCATI',\n  Product_Id_New: 10,\n  ModifyOn: 'NULL',\n  CreatedOn: '13:08.9',\n  IsActive: 1,\n  ExShoroomPrice: 1393200,\n  Seating_Capacity: 2,\n  Fuel_ID: 1,\n  Vehicle_Image: 'NULL',\n  Cubic_Capacity: '939',\n  Model_ID: 2024,\n  Variant_Name: '939',\n  Vehicle_ID: 51015 }","timestamp":"10:15:43 AM"}
{"level":"error","message":"LOG REFERER YTD undefined ::ffff:127.0.0.1 undefined","timestamp":"10:15:48 AM"}
{"level":"error","message":"LOG REFERER YTD undefined ::ffff:127.0.0.1 undefined","timestamp":"10:15:50 AM"}
{"level":"error","message":"LOG REFERER YTD undefined ::ffff:127.0.0.1 undefined","timestamp":"10:15:51 AM"}
{"level":"error","message":"LOG REFERER YTD undefined ::ffff:127.0.0.1 undefined","timestamp":"10:15:51 AM"}
{"level":"error","message":"LOG REFERER YTD http://localhost:4201/ ::1 string","timestamp":"10:15:51 AM"}
{"level":"error","message":"LOG REFERER YTD http://localhost:4201/ ::1 string","timestamp":"10:15:51 AM"}
{"level":"error","message":"LOG REFERER YTD undefined ::ffff:127.0.0.1 undefined","timestamp":"10:15:51 AM"}
{"level":"error","message":"DBG idv_by_crn { Insurer_Id: 9, PB_CRN: 1045132, Idv_By_CRN: 'yes' }","timestamp":"10:15:51 AM"}
{"level":"error","message":"MongooseException Object master_db_get Vehicles_InsurerFind NOREC","timestamp":"10:15:51 AM"}
{"level":"error","message":"MongooseException Object master_db_get Rtos_InsurerFind NOREC","timestamp":"10:15:51 AM"}
{"level":"error","message":"RPOSP no","timestamp":"10:15:52 AM"}
{"level":"error","message":"Reliance_Package undefined","timestamp":"10:15:52 AM"}
{"level":"error","message":"LOG REFERER YTD undefined ::ffff:127.0.0.1 undefined","timestamp":"10:15:58 AM"}
{"level":"error","message":"LOG REFERER YTD http://localhost:4201/ ::1 string","timestamp":"10:26:32 AM"}
{"level":"error","message":"LOG REFERER YTD http://localhost:4201/ ::1 string","timestamp":"10:26:54 AM"}
{"level":"error","message":"LOG REFERER YTD http://localhost:4201/ ::1 string","timestamp":"10:26:54 AM"}
{"level":"error","message":"LOG REFERER YTD http://localhost:4201/ ::1 string","timestamp":"10:26:54 AM"}
{"level":"warn","message":"uncaughtException TypeError: Cannot read property 'json' of undefined\n    at master_process_handler (D:\\Office\\HorizonAPI\\SourceCode\\routes\\quote.js:537:47)\n    at D:\\Office\\HorizonAPI\\SourceCode\\routes\\quote.js:387:29\n    at Query.<anonymous> (D:\\Office\\HorizonAPI\\SourceCode\\node_modules\\mongoose\\lib\\model.js:3738:16)\n    at D:\\Office\\HorizonAPI\\SourceCode\\node_modules\\kareem\\index.js:277:21\n    at D:\\Office\\HorizonAPI\\SourceCode\\node_modules\\kareem\\index.js:131:16\n    at _combinedTickCallback (internal/process/next_tick.js:67:7)\n    at process._tickCallback (internal/process/next_tick.js:98:9)","timestamp":"10:26:56 AM"}
{"level":"error","message":"DBG NO_CRN ","timestamp":"10:26:57 AM"}
{"level":"error","message":"LOG REFERER YTD http://localhost:4201/ ::1 string","timestamp":"10:27:07 AM"}
{"level":"error","message":"LOG REFERER YTD http://localhost:4201/ ::1 string","timestamp":"10:27:07 AM"}
{"level":"error","message":"LOG REFERER YTD http://localhost:4201/ ::1 string","timestamp":"10:27:07 AM"}
{"level":"warn","message":"uncaughtException TypeError: Cannot read property 'json' of undefined\n    at master_process_handler (D:\\Office\\HorizonAPI\\SourceCode\\routes\\quote.js:537:47)\n    at D:\\Office\\HorizonAPI\\SourceCode\\routes\\quote.js:387:29\n    at Query.<anonymous> (D:\\Office\\HorizonAPI\\SourceCode\\node_modules\\mongoose\\lib\\model.js:3738:16)\n    at D:\\Office\\HorizonAPI\\SourceCode\\node_modules\\kareem\\index.js:277:21\n    at D:\\Office\\HorizonAPI\\SourceCode\\node_modules\\kareem\\index.js:131:16\n    at _combinedTickCallback (internal/process/next_tick.js:67:7)\n    at process._tickCallback (internal/process/next_tick.js:98:9)","timestamp":"10:27:07 AM"}
{"level":"error","message":"DBG NO_CRN ","timestamp":"10:27:07 AM"}
{"level":"error","message":"LOG REFERER YTD http://localhost:4201/ ::1 string","timestamp":"10:27:22 AM"}
{"level":"error","message":"LOG REFERER YTD http://localhost:4201/ ::1 string","timestamp":"10:27:24 AM"}
{"level":"error","message":"LOG REFERER YTD http://localhost:4201/ ::1 string","timestamp":"10:27:24 AM"}
{"level":"error","message":"LOG REFERER YTD http://localhost:4201/ ::1 string","timestamp":"10:27:24 AM"}
{"level":"warn","message":"uncaughtException TypeError: Cannot read property 'json' of undefined\n    at master_process_handler (D:\\Office\\HorizonAPI\\SourceCode\\routes\\quote.js:537:47)\n    at D:\\Office\\HorizonAPI\\SourceCode\\routes\\quote.js:387:29\n    at Query.<anonymous> (D:\\Office\\HorizonAPI\\SourceCode\\node_modules\\mongoose\\lib\\model.js:3738:16)\n    at D:\\Office\\HorizonAPI\\SourceCode\\node_modules\\kareem\\index.js:277:21\n    at D:\\Office\\HorizonAPI\\SourceCode\\node_modules\\kareem\\index.js:131:16\n    at _combinedTickCallback (internal/process/next_tick.js:67:7)\n    at process._tickCallback (internal/process/next_tick.js:98:9)","timestamp":"10:27:24 AM"}
{"level":"error","message":"DBG NO_CRN ","timestamp":"10:27:24 AM"}
{"level":"error","message":"LOG REFERER YTD http://localhost:4201/ ::1 string","timestamp":"10:27:39 AM"}
{"level":"error","message":"LOG REFERER YTD http://localhost:4201/ ::1 string","timestamp":"10:27:39 AM"}
{"level":"error","message":"LOG REFERER YTD http://localhost:4201/ ::1 string","timestamp":"10:27:39 AM"}
{"level":"warn","message":"uncaughtException TypeError: Cannot read property 'json' of undefined\n    at master_process_handler (D:\\Office\\HorizonAPI\\SourceCode\\routes\\quote.js:537:47)\n    at D:\\Office\\HorizonAPI\\SourceCode\\routes\\quote.js:442:21\n    at Query.<anonymous> (D:\\Office\\HorizonAPI\\SourceCode\\node_modules\\mongoose\\lib\\model.js:3738:16)\n    at D:\\Office\\HorizonAPI\\SourceCode\\node_modules\\kareem\\index.js:277:21\n    at D:\\Office\\HorizonAPI\\SourceCode\\node_modules\\kareem\\index.js:131:16\n    at _combinedTickCallback (internal/process/next_tick.js:67:7)\n    at process._tickCallback (internal/process/next_tick.js:98:9)","timestamp":"10:27:40 AM"}
{"level":"error","message":"DBG NO_CRN ","timestamp":"10:27:40 AM"}
{"level":"error","message":"LOG REFERER YTD http://localhost:4201/ ::1 string","timestamp":"10:28:32 AM"}
{"level":"error","message":"LOG REFERER YTD http://localhost:4201/ ::1 string","timestamp":"10:28:54 AM"}
{"level":"error","message":"LOG REFERER YTD http://localhost:4201/ ::1 string","timestamp":"10:29:07 AM"}
{"level":"error","message":"LOG REFERER YTD http://localhost:4201/ ::1 string","timestamp":"10:29:07 AM"}
{"level":"error","message":"LOG REFERER YTD http://localhost:4201/ ::1 string","timestamp":"10:29:22 AM"}
{"level":"warn","message":"uncaughtException TypeError: Cannot read property 'json' of undefined\n    at master_process_handler (D:\\Office\\HorizonAPI\\SourceCode\\routes\\quote.js:537:47)\n    at D:\\Office\\HorizonAPI\\SourceCode\\routes\\quote.js:423:21\n    at Query.<anonymous> (D:\\Office\\HorizonAPI\\SourceCode\\node_modules\\mongoose\\lib\\model.js:3738:16)\n    at D:\\Office\\HorizonAPI\\SourceCode\\node_modules\\kareem\\index.js:277:21\n    at D:\\Office\\HorizonAPI\\SourceCode\\node_modules\\kareem\\index.js:131:16\n    at _combinedTickCallback (internal/process/next_tick.js:67:7)\n    at process._tickCallback (internal/process/next_tick.js:98:9)","timestamp":"10:29:22 AM"}
{"level":"error","message":"DBG NO_CRN ","timestamp":"10:29:22 AM"}
{"level":"error","message":"LOG REFERER YTD http://localhost:4201/ ::1 string","timestamp":"10:29:24 AM"}
{"level":"warn","message":"uncaughtException TypeError: Cannot read property 'json' of undefined\n    at master_process_handler (D:\\Office\\HorizonAPI\\SourceCode\\routes\\quote.js:537:47)\n    at D:\\Office\\HorizonAPI\\SourceCode\\routes\\quote.js:387:29\n    at Query.<anonymous> (D:\\Office\\HorizonAPI\\SourceCode\\node_modules\\mongoose\\lib\\model.js:3738:16)\n    at D:\\Office\\HorizonAPI\\SourceCode\\node_modules\\kareem\\index.js:277:21\n    at D:\\Office\\HorizonAPI\\SourceCode\\node_modules\\kareem\\index.js:131:16\n    at _combinedTickCallback (internal/process/next_tick.js:67:7)\n    at process._tickCallback (internal/process/next_tick.js:98:9)","timestamp":"10:29:24 AM"}
{"level":"error","message":"DBG NO_CRN ","timestamp":"10:29:24 AM"}
{"level":"error","message":"LOG REFERER YTD http://localhost:4201/ ::1 string","timestamp":"10:29:39 AM"}
{"level":"error","message":"LOG REFERER YTD http://localhost:4201/ ::1 string","timestamp":"10:29:39 AM"}
{"level":"warn","message":"uncaughtException TypeError: Cannot read property 'json' of undefined\n    at master_process_handler (D:\\Office\\HorizonAPI\\SourceCode\\routes\\quote.js:537:47)\n    at D:\\Office\\HorizonAPI\\SourceCode\\routes\\quote.js:442:21\n    at Query.<anonymous> (D:\\Office\\HorizonAPI\\SourceCode\\node_modules\\mongoose\\lib\\model.js:3738:16)\n    at D:\\Office\\HorizonAPI\\SourceCode\\node_modules\\kareem\\index.js:277:21\n    at D:\\Office\\HorizonAPI\\SourceCode\\node_modules\\kareem\\index.js:131:16\n    at _combinedTickCallback (internal/process/next_tick.js:67:7)\n    at process._tickCallback (internal/process/next_tick.js:98:9)","timestamp":"10:29:39 AM"}
{"level":"error","message":"DBG NO_CRN ","timestamp":"10:29:40 AM"}
{"level":"error","message":"LOG REFERER YTD http://localhost:4201/ ::1 string","timestamp":"10:30:32 AM"}
{"level":"warn","message":"uncaughtException TypeError: Cannot read property 'json' of undefined\n    at master_process_handler (D:\\Office\\HorizonAPI\\SourceCode\\routes\\quote.js:537:47)\n    at D:\\Office\\HorizonAPI\\SourceCode\\routes\\quote.js:442:21\n    at Query.<anonymous> (D:\\Office\\HorizonAPI\\SourceCode\\node_modules\\mongoose\\lib\\model.js:3738:16)\n    at D:\\Office\\HorizonAPI\\SourceCode\\node_modules\\kareem\\index.js:277:21\n    at D:\\Office\\HorizonAPI\\SourceCode\\node_modules\\kareem\\index.js:131:16\n    at _combinedTickCallback (internal/process/next_tick.js:67:7)\n    at process._tickCallback (internal/process/next_tick.js:98:9)","timestamp":"10:30:32 AM"}
{"level":"error","message":"DBG NO_CRN ","timestamp":"10:30:32 AM"}
{"level":"error","message":"LOG REFERER YTD http://localhost:4201/ ::1 string","timestamp":"10:30:54 AM"}
{"level":"warn","message":"uncaughtException TypeError: Cannot read property 'json' of undefined\n    at master_process_handler (D:\\Office\\HorizonAPI\\SourceCode\\routes\\quote.js:537:47)\n    at D:\\Office\\HorizonAPI\\SourceCode\\routes\\quote.js:387:29\n    at Query.<anonymous> (D:\\Office\\HorizonAPI\\SourceCode\\node_modules\\mongoose\\lib\\model.js:3738:16)\n    at D:\\Office\\HorizonAPI\\SourceCode\\node_modules\\kareem\\index.js:277:21\n    at D:\\Office\\HorizonAPI\\SourceCode\\node_modules\\kareem\\index.js:131:16\n    at _combinedTickCallback (internal/process/next_tick.js:67:7)\n    at process._tickCallback (internal/process/next_tick.js:98:9)","timestamp":"10:30:54 AM"}
{"level":"error","message":"DBG NO_CRN ","timestamp":"10:30:55 AM"}
{"level":"error","message":"LOG REFERER YTD http://localhost:4201/ ::1 string","timestamp":"10:31:07 AM"}
{"level":"error","message":"LOG REFERER YTD http://localhost:4201/ ::1 string","timestamp":"10:31:22 AM"}
{"level":"error","message":"LOG REFERER YTD http://localhost:4201/ ::1 string","timestamp":"10:31:22 AM"}
{"level":"error","message":"LOG REFERER YTD http://localhost:4201/ ::1 string","timestamp":"10:31:39 AM"}
{"level":"warn","message":"uncaughtException { Error: getaddrinfo ENOENT qa-horizon.policyboss.com:3000\n    at Object.exports._errnoException (util.js:1022:11)\n    at errnoException (dns.js:33:15)\n    at GetAddrInfoReqWrap.onlookup [as oncomplete] (dns.js:76:26)\n  code: 'ENOENT',\n  errno: 'ENOENT',\n  syscall: 'getaddrinfo',\n  hostname: 'qa-horizon.policyboss.com',\n  host: 'qa-horizon.policyboss.com',\n  port: '3000',\n  request: \n   ClientRequest {\n     domain: null,\n     _events: {},\n     _eventsCount: 0,\n     _maxListeners: undefined,\n     href: 'http://qa-horizon.policyboss.com:3000/report/save_log?env=Development&type=ERR',\n     options: \n      { host: 'qa-horizon.policyboss.com',\n        port: '3000',\n        path: '/report/save_log?env=Development&type=ERR',\n        href: 'http://qa-horizon.policyboss.com:3000/report/save_log?env=Development&type=ERR',\n        method: 'POST',\n        headers: [Object],\n        data: '[\"LOG REFERER YTD http://localhost:4201/ ::1 string\"]' },\n     _httpRequest: \n      Writable {\n        _writableState: [Object],\n        writable: true,\n        domain: null,\n        _events: [Object],\n        _eventsCount: 2,\n        _maxListeners: undefined,\n        _options: [Object],\n        _ended: true,\n        _ending: true,\n        _redirectCount: 0,\n        _redirects: [],\n        _requestBodyLength: 53,\n        _requestBodyBuffers: [Object],\n        _onNativeResponse: [Function],\n        _currentRequest: [Object],\n        _currentUrl: 'http://qa-horizon.policyboss.com:3000/report/save_log?env=Development&type=ERR' } } }","timestamp":"10:31:39 AM"}
{"level":"warn","message":"uncaughtException TypeError: Cannot read property 'json' of undefined\n    at master_process_handler (D:\\Office\\HorizonAPI\\SourceCode\\routes\\quote.js:537:47)\n    at D:\\Office\\HorizonAPI\\SourceCode\\routes\\quote.js:387:29\n    at Query.<anonymous> (D:\\Office\\HorizonAPI\\SourceCode\\node_modules\\mongoose\\lib\\model.js:3738:16)\n    at D:\\Office\\HorizonAPI\\SourceCode\\node_modules\\kareem\\index.js:277:21\n    at D:\\Office\\HorizonAPI\\SourceCode\\node_modules\\kareem\\index.js:131:16\n    at _combinedTickCallback (internal/process/next_tick.js:67:7)\n    at process._tickCallback (internal/process/next_tick.js:98:9)","timestamp":"10:31:49 AM"}
{"level":"error","message":"DBG NO_CRN ","timestamp":"10:31:50 AM"}
{"level":"warn","message":"uncaughtException { Error: getaddrinfo ENOTFOUND qa-horizon.policyboss.com qa-horizon.policyboss.com:3000\n    at errnoException (dns.js:28:10)\n    at GetAddrInfoReqWrap.onlookup [as oncomplete] (dns.js:76:26)\n  code: 'ENOTFOUND',\n  errno: 'ENOTFOUND',\n  syscall: 'getaddrinfo',\n  hostname: 'qa-horizon.policyboss.com',\n  host: 'qa-horizon.policyboss.com',\n  port: '3000',\n  request: \n   ClientRequest {\n     domain: null,\n     _events: {},\n     _eventsCount: 0,\n     _maxListeners: undefined,\n     href: 'http://qa-horizon.policyboss.com:3000/report/save_log?env=Development&type=ERR',\n     options: \n      { host: 'qa-horizon.policyboss.com',\n        port: '3000',\n        path: '/report/save_log?env=Development&type=ERR',\n        href: 'http://qa-horizon.policyboss.com:3000/report/save_log?env=Development&type=ERR',\n        method: 'POST',\n        headers: [Object],\n        data: '[\"DBG NO_CRN \"]' },\n     _httpRequest: \n      Writable {\n        _writableState: [Object],\n        writable: true,\n        domain: null,\n        _events: [Object],\n        _eventsCount: 2,\n        _maxListeners: undefined,\n        _options: [Object],\n        _ended: true,\n        _ending: true,\n        _redirectCount: 0,\n        _redirects: [],\n        _requestBodyLength: 15,\n        _requestBodyBuffers: [Object],\n        _onNativeResponse: [Function],\n        _currentRequest: [Object],\n        _currentUrl: 'http://qa-horizon.policyboss.com:3000/report/save_log?env=Development&type=ERR' } } }","timestamp":"10:31:50 AM"}
{"level":"error","message":"LOG REFERER YTD http://localhost:4201/ ::1 string","timestamp":"10:36:26 AM"}
{"level":"error","message":"LOG REFERER YTD http://localhost:4201/ ::1 string","timestamp":"10:36:26 AM"}
{"level":"error","message":"LOG REFERER YTD http://localhost:4201/ ::1 string","timestamp":"10:37:47 AM"}
{"level":"error","message":"LOG REFERER YTD http://localhost:4201/ ::1 string","timestamp":"10:37:47 AM"}
{"level":"error","message":"LOG REFERER YTD http://localhost:4201/ ::1 string","timestamp":"10:39:21 AM"}
{"level":"error","message":"LOG REFERER YTD http://localhost:4201/ ::1 string","timestamp":"10:39:32 AM"}
{"level":"error","message":"LOG REFERER YTD http://localhost:4201/ ::1 string","timestamp":"10:39:32 AM"}
{"level":"error","message":"LOG REFERER YTD http://localhost:4201/ ::1 string","timestamp":"10:39:32 AM"}
{"level":"warn","message":"uncaughtException TypeError: Cannot read property 'json' of undefined\n    at master_process_handler (D:\\Office\\HorizonAPI\\SourceCode\\routes\\quote.js:537:47)\n    at D:\\Office\\HorizonAPI\\SourceCode\\routes\\quote.js:387:29\n    at Query.<anonymous> (D:\\Office\\HorizonAPI\\SourceCode\\node_modules\\mongoose\\lib\\model.js:3738:16)\n    at D:\\Office\\HorizonAPI\\SourceCode\\node_modules\\kareem\\index.js:277:21\n    at D:\\Office\\HorizonAPI\\SourceCode\\node_modules\\kareem\\index.js:131:16\n    at _combinedTickCallback (internal/process/next_tick.js:67:7)\n    at process._tickCallback (internal/process/next_tick.js:98:9)","timestamp":"10:39:32 AM"}
{"level":"error","message":"DBG NO_CRN ","timestamp":"10:39:32 AM"}
{"level":"error","message":"LOG REFERER YTD http://localhost:4201/ ::1 string","timestamp":"10:41:32 AM"}
{"level":"warn","message":"uncaughtException TypeError: Cannot read property 'json' of undefined\n    at master_process_handler (D:\\Office\\HorizonAPI\\SourceCode\\routes\\quote.js:537:47)\n    at D:\\Office\\HorizonAPI\\SourceCode\\routes\\quote.js:442:21\n    at Query.<anonymous> (D:\\Office\\HorizonAPI\\SourceCode\\node_modules\\mongoose\\lib\\model.js:3738:16)\n    at D:\\Office\\HorizonAPI\\SourceCode\\node_modules\\kareem\\index.js:277:21\n    at D:\\Office\\HorizonAPI\\SourceCode\\node_modules\\kareem\\index.js:131:16\n    at _combinedTickCallback (internal/process/next_tick.js:67:7)\n    at process._tickCallback (internal/process/next_tick.js:98:9)","timestamp":"10:41:32 AM"}
{"level":"error","message":"DBG NO_CRN ","timestamp":"10:41:32 AM"}
{"level":"error","message":"LOG REFERER YTD http://localhost:4201/ ::1 string","timestamp":"10:43:32 AM"}
{"level":"error","message":"LOG REFERER YTD http://localhost:4201/ ::1 string","timestamp":"10:43:32 AM"}
{"level":"error","message":"LOG REFERER YTD http://localhost:4201/ ::1 string","timestamp":"11:13:55 AM"}
{"level":"error","message":"LOG REFERER YTD http://localhost:4201/ ::1 string","timestamp":"11:14:05 AM"}
{"level":"error","message":"LOG REFERER YTD http://localhost:4201/ ::1 string","timestamp":"11:14:05 AM"}
{"level":"error","message":"LOG REFERER YTD http://localhost:4201/ ::1 string","timestamp":"11:14:05 AM"}
{"level":"error","message":"LOG REFERER YTD undefined ::ffff:127.0.0.1 undefined","timestamp":"11:14:05 AM"}
{"level":"error","message":"Base_Master_Details undefined {}","timestamp":"11:14:05 AM"}
{"level":"error","message":"Base_Master_Details Insurer_1 false DataNo VehYes","timestamp":"11:14:05 AM"}
{"level":"error","message":"Base_Master_Details Insurer_4 false DataNo VehNo","timestamp":"11:14:05 AM"}
{"level":"error","message":"Base_Master_Details Insurer_16 false DataNo VehNo","timestamp":"11:14:05 AM"}
{"level":"error","message":"Base_Master_Details Insurer_3 false DataNo VehNo","timestamp":"11:14:05 AM"}
{"level":"error","message":"Base_Master_Details Insurer_19 false DataNo VehNo","timestamp":"11:14:05 AM"}
{"level":"error","message":"Base_Master_Details Insurer_47 false DataNo VehNo","timestamp":"11:14:05 AM"}
{"level":"error","message":"Base_Master_Details Insurer_13 false DataNo VehNo","timestamp":"11:14:05 AM"}
{"level":"error","message":"Base_Master_Details Insurer_11 false DataNo VehYes","timestamp":"11:14:05 AM"}
{"level":"error","message":"Base_Master_Details Insurer_44 false DataNo VehYes","timestamp":"11:14:05 AM"}
{"level":"error","message":"Base_Master_Details Insurer_46 true DataNo VehYes","timestamp":"11:14:05 AM"}
{"level":"error","message":"Base_Master_Details Insurer_45 true DataNo VehYes","timestamp":"11:14:05 AM"}
{"level":"error","message":"Base_Master_Details Insurer_5 true DataNo VehYes","timestamp":"11:14:05 AM"}
{"level":"error","message":"Base_Master_Details Insurer_6 false DataNo VehYes","timestamp":"11:14:05 AM"}
{"level":"error","message":"Base_Master_Details Insurer_10 false DataNo VehYes","timestamp":"11:14:05 AM"}
{"level":"error","message":"Base_Master_Details Insurer_33 true DataNo VehYes","timestamp":"11:14:05 AM"}
{"level":"error","message":"Base_Master_Details Insurer_2 true DataNo VehYes","timestamp":"11:14:05 AM"}
{"level":"error","message":"Base_Master_Details Insurer_9 true DataNo VehYes","timestamp":"11:14:05 AM"}
{"level":"error","message":"Base_Master_Details Insurer_14 false DataNo VehNo","timestamp":"11:14:05 AM"}
{"level":"error","message":"Base_Master_Details Insurer_30 false DataNo VehNo","timestamp":"11:14:05 AM"}
{"level":"error","message":"Base_Master_Details Insurer_48 false DataNo VehNo","timestamp":"11:14:05 AM"}
{"level":"error","message":"Base_Master_Details Insurer_7 false DataNo VehNo","timestamp":"11:14:05 AM"}
{"level":"error","message":"Base_Master_Details Insurer_12 false DataNo VehYes","timestamp":"11:14:05 AM"}
{"level":"error","message":"Base_Master_Details Insurer_17 false DataNo VehNo","timestamp":"11:14:05 AM"}
{"level":"error","message":"Base_Master_Details Processed { Insurer_44: \n   { Insurer_ID: 44,\n     Insurer_Vehicle_ID: null,\n     Vehicle_ID: 50583,\n     Is_Active: 0,\n     Created_On: 2019-03-27T11:41:00.686Z,\n     Status_Id: 3,\n     Premium_Status: 1 },\n  Insurer_5: \n   { Insurer_ID: 5,\n     Insurer_Vehicle_ID: 168202,\n     Vehicle_ID: 50583,\n     Is_Active: 1,\n     Created_On: 2019-02-22T04:49:08.694Z,\n     Status_Id: 4,\n     Premium_Status: 1 },\n  Insurer_46: \n   { Insurer_ID: 46,\n     Insurer_Vehicle_ID: 154517,\n     Vehicle_ID: 50583,\n     Is_Active: 1,\n     Created_On: 2018-12-29T05:54:55.376Z,\n     Status_Id: 4,\n     Premium_Status: 1 },\n  Insurer_6: \n   { Insurer_ID: 6,\n     Insurer_Vehicle_ID: null,\n     Vehicle_ID: 50583,\n     Is_Active: 0,\n     Created_On: 2018-12-26T12:37:02.763Z,\n     Status_Id: 3,\n     Premium_Status: 1 },\n  Insurer_1: \n   { Insurer_ID: 1,\n     Insurer_Vehicle_ID: null,\n     Vehicle_ID: 50583,\n     Is_Active: 0,\n     Created_On: 2018-12-11T09:53:10.842Z,\n     Status_Id: 3,\n     Premium_Status: 1 },\n  Insurer_11: \n   { Insurer_ID: 11,\n     Insurer_Vehicle_ID: null,\n     Vehicle_ID: 50583,\n     Is_Active: 0,\n     Created_On: 2018-10-26T11:58:44.149Z,\n     Status_Id: 3,\n     Premium_Status: 1 },\n  Insurer_2: \n   { Insurer_ID: 2,\n     Insurer_Vehicle_ID: 141470,\n     Vehicle_ID: 50583,\n     Is_Active: 1,\n     Created_On: 2018-09-26T07:17:57.540Z,\n     Status_Id: 2,\n     Premium_Status: 1 },\n  Insurer_45: \n   { Insurer_ID: 45,\n     Insurer_Vehicle_ID: 132192,\n     Vehicle_ID: 50583,\n     Is_Active: 1,\n     Created_On: 2018-09-14T09:57:54.057Z,\n     Status_Id: 2,\n     Premium_Status: 1 },\n  Insurer_10: \n   { Insurer_ID: 10,\n     Insurer_Vehicle_ID: null,\n     Vehicle_ID: 50583,\n     Is_Active: 0,\n     Created_On: 2018-02-28T11:19:06.582Z,\n     Status_Id: 3,\n     Premium_Status: 1 },\n  Insurer_100: \n   { Insurer_ID: 100,\n     Insurer_Vehicle_ID: 0,\n     Vehicle_ID: 50583,\n     Is_Active: 0,\n     Status_Id: 3,\n     Premium_Status: 1 },\n  Insurer_9: \n   { Insurer_ID: 9,\n     Insurer_Vehicle_ID: 83449,\n     Vehicle_ID: 50583,\n     Is_Active: 1,\n     Created_On: 2018-03-23T07:49:47.734Z,\n     Status_Id: 2,\n     Premium_Status: 1 },\n  Insurer_33: \n   { Insurer_ID: 33,\n     Insurer_Vehicle_ID: 82687,\n     Vehicle_ID: 50583,\n     Is_Active: 1,\n     Created_On: 2018-03-23T07:50:45.542Z,\n     Status_Id: 2,\n     Premium_Status: 1 },\n  Insurer_12: \n   { Insurer_ID: 12,\n     Insurer_Vehicle_ID: 0,\n     Vehicle_ID: 50583,\n     Is_Active: 0,\n     Status_Id: 3,\n     Premium_Status: 1 },\n  undefined: 49,\n  Description: 'SUZUKI GSX 150',\n  Fuel_Name: 'PETROL',\n  Model_Name: 'GSX',\n  Make_Name: 'SUZUKI',\n  Product_Id_New: 10,\n  InHouseSS_Variant_Id: 0,\n  IndirectVariant_Id: 0,\n  ModifyOn: 1489835927493,\n  CreatedOn: 1489835927493,\n  Is_Active: 1,\n  ExShoroomPrice: 65112,\n  Seating_Capacity: 2,\n  Fuel_ID: 1,\n  Vehicle_Image: 0,\n  Cubic_Capacity: '150',\n  Model_ID: 980,\n  Variant_Name: '150',\n  Vehicle_ID: 50583 }","timestamp":"11:14:06 AM"}
{"level":"error","message":"LOG REFERER YTD http://localhost:4201/ ::1 string","timestamp":"11:16:52 AM"}
{"level":"error","message":"LOG REFERER YTD undefined ::ffff:127.0.0.1 undefined","timestamp":"11:16:52 AM"}
{"level":"error","message":"LOG REFERER YTD undefined ::ffff:127.0.0.1 undefined","timestamp":"11:16:52 AM"}
{"level":"error","message":"Base_Master_Details undefined {}","timestamp":"11:16:52 AM"}
{"level":"error","message":"Base_Master_Details Insurer_1 false DataNo VehYes","timestamp":"11:16:52 AM"}
{"level":"error","message":"Base_Master_Details Insurer_4 false DataNo VehNo","timestamp":"11:16:52 AM"}
{"level":"error","message":"Base_Master_Details Insurer_16 false DataNo VehNo","timestamp":"11:16:52 AM"}
{"level":"error","message":"Base_Master_Details Insurer_3 false DataNo VehNo","timestamp":"11:16:52 AM"}
{"level":"error","message":"Base_Master_Details Insurer_19 false DataNo VehNo","timestamp":"11:16:52 AM"}
{"level":"error","message":"Base_Master_Details Insurer_47 false DataNo VehNo","timestamp":"11:16:52 AM"}
{"level":"error","message":"Base_Master_Details Insurer_13 false DataNo VehNo","timestamp":"11:16:52 AM"}
{"level":"error","message":"Base_Master_Details Insurer_11 false DataNo VehYes","timestamp":"11:16:52 AM"}
{"level":"error","message":"Base_Master_Details Insurer_44 false DataNo VehYes","timestamp":"11:16:52 AM"}
{"level":"error","message":"Base_Master_Details Insurer_46 true DataNo VehYes","timestamp":"11:16:52 AM"}
{"level":"error","message":"Base_Master_Details Insurer_45 true DataNo VehYes","timestamp":"11:16:52 AM"}
{"level":"error","message":"Base_Master_Details Insurer_5 true DataNo VehYes","timestamp":"11:16:52 AM"}
{"level":"error","message":"Base_Master_Details Insurer_6 false DataNo VehYes","timestamp":"11:16:52 AM"}
{"level":"error","message":"Base_Master_Details Insurer_10 false DataNo VehYes","timestamp":"11:16:52 AM"}
{"level":"error","message":"Base_Master_Details Insurer_33 true DataNo VehYes","timestamp":"11:16:52 AM"}
{"level":"error","message":"Base_Master_Details Insurer_2 true DataNo VehYes","timestamp":"11:16:52 AM"}
{"level":"error","message":"Base_Master_Details Insurer_9 true DataNo VehYes","timestamp":"11:16:52 AM"}
{"level":"error","message":"Base_Master_Details Insurer_14 false DataNo VehNo","timestamp":"11:16:52 AM"}
{"level":"error","message":"Base_Master_Details Insurer_30 false DataNo VehNo","timestamp":"11:16:52 AM"}
{"level":"error","message":"Base_Master_Details Insurer_48 false DataNo VehNo","timestamp":"11:16:52 AM"}
{"level":"error","message":"Base_Master_Details Insurer_7 false DataNo VehNo","timestamp":"11:16:52 AM"}
{"level":"error","message":"Base_Master_Details Insurer_12 false DataNo VehYes","timestamp":"11:16:52 AM"}
{"level":"error","message":"Base_Master_Details Insurer_17 false DataNo VehNo","timestamp":"11:16:52 AM"}
{"level":"error","message":"Base_Master_Details Processed { Insurer_44: \n   { Insurer_ID: 44,\n     Insurer_Vehicle_ID: null,\n     Vehicle_ID: 50583,\n     Is_Active: 0,\n     Created_On: 2019-03-27T11:41:00.686Z,\n     Status_Id: 3,\n     Premium_Status: 1 },\n  Insurer_5: \n   { Insurer_ID: 5,\n     Insurer_Vehicle_ID: 168202,\n     Vehicle_ID: 50583,\n     Is_Active: 1,\n     Created_On: 2019-02-22T04:49:08.694Z,\n     Status_Id: 4,\n     Premium_Status: 1 },\n  Insurer_46: \n   { Insurer_ID: 46,\n     Insurer_Vehicle_ID: 154517,\n     Vehicle_ID: 50583,\n     Is_Active: 1,\n     Created_On: 2018-12-29T05:54:55.376Z,\n     Status_Id: 4,\n     Premium_Status: 1 },\n  Insurer_6: \n   { Insurer_ID: 6,\n     Insurer_Vehicle_ID: null,\n     Vehicle_ID: 50583,\n     Is_Active: 0,\n     Created_On: 2018-12-26T12:37:02.763Z,\n     Status_Id: 3,\n     Premium_Status: 1 },\n  Insurer_1: \n   { Insurer_ID: 1,\n     Insurer_Vehicle_ID: null,\n     Vehicle_ID: 50583,\n     Is_Active: 0,\n     Created_On: 2018-12-11T09:53:10.842Z,\n     Status_Id: 3,\n     Premium_Status: 1 },\n  Insurer_11: \n   { Insurer_ID: 11,\n     Insurer_Vehicle_ID: null,\n     Vehicle_ID: 50583,\n     Is_Active: 0,\n     Created_On: 2018-10-26T11:58:44.149Z,\n     Status_Id: 3,\n     Premium_Status: 1 },\n  Insurer_2: \n   { Insurer_ID: 2,\n     Insurer_Vehicle_ID: 141470,\n     Vehicle_ID: 50583,\n     Is_Active: 1,\n     Created_On: 2018-09-26T07:17:57.540Z,\n     Status_Id: 2,\n     Premium_Status: 1 },\n  Insurer_45: \n   { Insurer_ID: 45,\n     Insurer_Vehicle_ID: 132192,\n     Vehicle_ID: 50583,\n     Is_Active: 1,\n     Created_On: 2018-09-14T09:57:54.057Z,\n     Status_Id: 2,\n     Premium_Status: 1 },\n  Insurer_10: \n   { Insurer_ID: 10,\n     Insurer_Vehicle_ID: null,\n     Vehicle_ID: 50583,\n     Is_Active: 0,\n     Created_On: 2018-02-28T11:19:06.582Z,\n     Status_Id: 3,\n     Premium_Status: 1 },\n  Insurer_100: \n   { Insurer_ID: 100,\n     Insurer_Vehicle_ID: 0,\n     Vehicle_ID: 50583,\n     Is_Active: 0,\n     Status_Id: 3,\n     Premium_Status: 1 },\n  Insurer_9: \n   { Insurer_ID: 9,\n     Insurer_Vehicle_ID: 83449,\n     Vehicle_ID: 50583,\n     Is_Active: 1,\n     Created_On: 2018-03-23T07:49:47.734Z,\n     Status_Id: 2,\n     Premium_Status: 1 },\n  Insurer_33: \n   { Insurer_ID: 33,\n     Insurer_Vehicle_ID: 82687,\n     Vehicle_ID: 50583,\n     Is_Active: 1,\n     Created_On: 2018-03-23T07:50:45.542Z,\n     Status_Id: 2,\n     Premium_Status: 1 },\n  Insurer_12: \n   { Insurer_ID: 12,\n     Insurer_Vehicle_ID: 0,\n     Vehicle_ID: 50583,\n     Is_Active: 0,\n     Status_Id: 3,\n     Premium_Status: 1 },\n  undefined: 49,\n  Description: 'SUZUKI GSX 150',\n  Fuel_Name: 'PETROL',\n  Model_Name: 'GSX',\n  Make_Name: 'SUZUKI',\n  Product_Id_New: 10,\n  InHouseSS_Variant_Id: 0,\n  IndirectVariant_Id: 0,\n  ModifyOn: 1489835927493,\n  CreatedOn: 1489835927493,\n  Is_Active: 1,\n  ExShoroomPrice: 65112,\n  Seating_Capacity: 2,\n  Fuel_ID: 1,\n  Vehicle_Image: 0,\n  Cubic_Capacity: '150',\n  Model_ID: 980,\n  Variant_Name: '150',\n  Vehicle_ID: 50583 }","timestamp":"11:16:52 AM"}
{"level":"error","message":"LOG REFERER YTD undefined ::ffff:127.0.0.1 undefined","timestamp":"11:16:59 AM"}
{"level":"error","message":"LOG REFERER YTD undefined ::ffff:127.0.0.1 undefined","timestamp":"11:16:59 AM"}
{"level":"error","message":"LOG REFERER YTD undefined ::ffff:127.0.0.1 undefined","timestamp":"11:16:59 AM"}
{"level":"error","message":"LOG REFERER YTD undefined ::ffff:127.0.0.1 undefined","timestamp":"11:17:00 AM"}
{"level":"error","message":"LOG REFERER YTD undefined ::ffff:127.0.0.1 undefined","timestamp":"11:17:00 AM"}
{"level":"error","message":"LOG REFERER YTD undefined ::ffff:127.0.0.1 undefined","timestamp":"11:17:00 AM"}
{"level":"error","message":"LOG REFERER YTD undefined ::ffff:127.0.0.1 undefined","timestamp":"11:17:00 AM"}
{"level":"error","message":"LOG REFERER YTD undefined ::ffff:127.0.0.1 undefined","timestamp":"11:17:00 AM"}
{"level":"error","message":"LOG REFERER YTD undefined ::ffff:127.0.0.1 undefined","timestamp":"11:17:00 AM"}
{"level":"error","message":"LOG REFERER YTD undefined ::ffff:127.0.0.1 undefined","timestamp":"11:17:01 AM"}
{"level":"error","message":"LOG REFERER YTD undefined ::ffff:127.0.0.1 undefined","timestamp":"11:17:01 AM"}
{"level":"error","message":"LOG REFERER YTD undefined ::ffff:127.0.0.1 undefined","timestamp":"11:17:01 AM"}
{"level":"error","message":"LOG REFERER YTD undefined ::ffff:127.0.0.1 undefined","timestamp":"11:17:01 AM"}
{"level":"error","message":"LOG REFERER YTD undefined ::ffff:127.0.0.1 undefined","timestamp":"11:17:01 AM"}
{"level":"error","message":"LOG REFERER YTD undefined ::ffff:127.0.0.1 undefined","timestamp":"11:17:01 AM"}
{"level":"error","message":"LOG REFERER YTD undefined ::ffff:127.0.0.1 undefined","timestamp":"11:17:01 AM"}
{"level":"error","message":"LOG REFERER YTD undefined ::ffff:127.0.0.1 undefined","timestamp":"11:17:01 AM"}
{"level":"error","message":"MongooseException Object master_db_get Rtos_InsurerFind NOREC","timestamp":"11:17:01 AM"}
{"level":"error","message":"MongooseException Object master_db_get Vehicles_InsurerFind NOREC","timestamp":"11:17:01 AM"}
{"level":"error","message":"DBG idv_by_crn { Insurer_Id: 9, PB_CRN: 1045138, Idv_By_CRN: 'yes' }","timestamp":"11:17:01 AM"}
{"level":"error","message":"DBG idv_by_crn { Insurer_Id: 33, PB_CRN: 1045138, Idv_By_CRN: 'yes' }","timestamp":"11:17:01 AM"}
{"level":"error","message":"DBG idv_by_crn { Insurer_Id: 9, PB_CRN: 1045137, Idv_By_CRN: 'yes' }","timestamp":"11:17:01 AM"}
{"level":"error","message":"MongooseException Object master_db_get Rtos_InsurerFind NOREC","timestamp":"11:17:01 AM"}
{"level":"error","message":"MongooseException Object master_db_get Vehicles_InsurerFind NOREC","timestamp":"11:17:01 AM"}
{"level":"error","message":"DBG idv_by_crn { Insurer_Id: 33, PB_CRN: 1045137, Idv_By_CRN: 'yes' }","timestamp":"11:17:02 AM"}
{"level":"error","message":"RPOSP no","timestamp":"11:17:02 AM"}
{"level":"error","message":"Reliance_Package undefined","timestamp":"11:17:02 AM"}
{"level":"error","message":"RPOSP no","timestamp":"11:17:08 AM"}
{"level":"error","message":"Reliance_Package undefined","timestamp":"11:17:08 AM"}
{"level":"error","message":"LOG REFERER YTD undefined ::ffff:127.0.0.1 undefined","timestamp":"11:17:09 AM"}
{"level":"error","message":"LOG REFERER YTD undefined ::ffff:127.0.0.1 undefined","timestamp":"11:17:10 AM"}
{"level":"error","message":"LOG REFERER YTD undefined ::ffff:127.0.0.1 undefined","timestamp":"11:17:16 AM"}
{"level":"error","message":"LOG REFERER YTD undefined ::ffff:127.0.0.1 undefined","timestamp":"11:17:24 AM"}
{"level":"error","message":"LOG REFERER YTD http://localhost:4201/ ::1 string","timestamp":"11:18:45 AM"}
{"level":"error","message":"LOG REFERER YTD http://localhost:4201/ ::1 string","timestamp":"11:18:45 AM"}
{"level":"warn","message":"uncaughtException { Error: socket hang up\n    at createHangUpError (_http_client.js:254:15)\n    at Socket.socketOnEnd (_http_client.js:346:23)\n    at emitNone (events.js:91:20)\n    at Socket.emit (events.js:185:7)\n    at endReadableNT (_stream_readable.js:974:12)\n    at _combinedTickCallback (internal/process/next_tick.js:74:11)\n    at process._tickCallback (internal/process/next_tick.js:98:9)\n  code: 'ECONNRESET',\n  request: \n   ClientRequest {\n     domain: null,\n     _events: {},\n     _eventsCount: 0,\n     _maxListeners: undefined,\n     href: 'http://qa-horizon.policyboss.com:3000/report/save_log?env=Development&type=ERR',\n     options: \n      { host: 'qa-horizon.policyboss.com',\n        port: '3000',\n        path: '/report/save_log?env=Development&type=ERR',\n        href: 'http://qa-horizon.policyboss.com:3000/report/save_log?env=Development&type=ERR',\n        method: 'POST',\n        headers: [Object],\n        data: '[\"LOG REFERER YTD http://localhost:4201/ ::1 string\"]' },\n     _httpRequest: \n      Writable {\n        _writableState: [Object],\n        writable: true,\n        domain: null,\n        _events: [Object],\n        _eventsCount: 2,\n        _maxListeners: undefined,\n        _options: [Object],\n        _ended: true,\n        _ending: true,\n        _redirectCount: 0,\n        _redirects: [],\n        _requestBodyLength: 53,\n        _requestBodyBuffers: [Object],\n        _onNativeResponse: [Function],\n        _currentRequest: [Object],\n        _currentUrl: 'http://qa-horizon.policyboss.com:3000/report/save_log?env=Development&type=ERR' } } }","timestamp":"11:20:35 AM"}
{"level":"warn","message":"uncaughtException { Error: socket hang up\n    at createHangUpError (_http_client.js:254:15)\n    at Socket.socketCloseListener (_http_client.js:286:23)\n    at emitOne (events.js:101:20)\n    at Socket.emit (events.js:188:7)\n    at TCP._handle.close [as _onclose] (net.js:498:12)\n  code: 'ECONNRESET',\n  request: \n   ClientRequest {\n     domain: null,\n     _events: {},\n     _eventsCount: 0,\n     _maxListeners: undefined,\n     href: 'http://qa-horizon.policyboss.com:3000/report/save_log?env=Development&type=ERR',\n     options: \n      { host: 'qa-horizon.policyboss.com',\n        port: '3000',\n        path: '/report/save_log?env=Development&type=ERR',\n        href: 'http://qa-horizon.policyboss.com:3000/report/save_log?env=Development&type=ERR',\n        method: 'POST',\n        headers: [Object],\n        data: '[\"LOG REFERER YTD http://localhost:4201/ ::1 string\"]' },\n     _httpRequest: \n      Writable {\n        _writableState: [Object],\n        writable: true,\n        domain: null,\n        _events: [Object],\n        _eventsCount: 2,\n        _maxListeners: undefined,\n        _options: [Object],\n        _ended: true,\n        _ending: true,\n        _redirectCount: 0,\n        _redirects: [],\n        _requestBodyLength: 53,\n        _requestBodyBuffers: [Object],\n        _onNativeResponse: [Function],\n        _currentRequest: [Object],\n        _currentUrl: 'http://qa-horizon.policyboss.com:3000/report/save_log?env=Development&type=ERR' } } }","timestamp":"11:20:35 AM"}
{"level":"error","message":"LOG REFERER YTD undefined ::ffff:127.0.0.1 undefined","timestamp":"11:20:35 AM"}
{"level":"error","message":"LOG REFERER YTD http://localhost:4201/ ::1 string","timestamp":"11:20:45 AM"}
{"level":"error","message":"LOG REFERER YTD undefined ::ffff:127.0.0.1 undefined","timestamp":"11:20:50 AM"}
{"level":"error","message":"LOG REFERER YTD http://localhost:4201/ ::1 string","timestamp":"11:40:41 AM"}
{"level":"error","message":"LOG REFERER YTD http://localhost:4201/ ::1 string","timestamp":"11:40:41 AM"}
{"level":"error","message":"LOG REFERER YTD undefined ::ffff:127.0.0.1 undefined","timestamp":"11:40:46 AM"}
{"level":"error","message":"LOG REFERER YTD http://localhost:4201/ ::1 string","timestamp":"11:43:52 AM"}
{"level":"error","message":"LOG REFERER YTD http://localhost:4201/ ::1 string","timestamp":"11:43:52 AM"}
{"level":"error","message":"LOG REFERER YTD undefined ::ffff:127.0.0.1 undefined","timestamp":"11:44:00 AM"}
{"level":"error","message":"LOG REFERER YTD http://localhost:4201/ ::1 string","timestamp":"12:07:40 PM"}
{"level":"error","message":"LOG REFERER YTD http://localhost:4201/ ::1 string","timestamp":"12:07:40 PM"}
{"level":"error","message":"LOG REFERER YTD http://localhost:4201/ ::1 string","timestamp":"12:24:30 PM"}
{"level":"error","message":"LOG REFERER YTD http://localhost:4201/ ::1 string","timestamp":"12:24:30 PM"}
{"level":"error","message":"LOG REFERER YTD http://localhost:4201/ ::1 string","timestamp":"12:24:30 PM"}
{"level":"warn","message":"uncaughtException TypeError: Cannot read property 'json' of undefined\n    at master_process_handler (D:\\Office\\HorizonAPI\\SourceCode\\routes\\quote.js:537:47)\n    at D:\\Office\\HorizonAPI\\SourceCode\\routes\\quote.js:442:21\n    at Query.<anonymous> (D:\\Office\\HorizonAPI\\SourceCode\\node_modules\\mongoose\\lib\\model.js:3738:16)\n    at D:\\Office\\HorizonAPI\\SourceCode\\node_modules\\kareem\\index.js:277:21\n    at D:\\Office\\HorizonAPI\\SourceCode\\node_modules\\kareem\\index.js:131:16\n    at _combinedTickCallback (internal/process/next_tick.js:67:7)\n    at process._tickCallback (internal/process/next_tick.js:98:9)","timestamp":"12:24:31 PM"}
{"level":"error","message":"DBG NO_CRN ","timestamp":"12:24:31 PM"}
{"level":"error","message":"LOG REFERER YTD http://localhost:4201/ ::1 string","timestamp":"12:26:30 PM"}
{"level":"warn","message":"uncaughtException TypeError: Cannot read property 'json' of undefined\n    at master_process_handler (D:\\Office\\HorizonAPI\\SourceCode\\routes\\quote.js:537:47)\n    at D:\\Office\\HorizonAPI\\SourceCode\\routes\\quote.js:387:29\n    at Query.<anonymous> (D:\\Office\\HorizonAPI\\SourceCode\\node_modules\\mongoose\\lib\\model.js:3738:16)\n    at D:\\Office\\HorizonAPI\\SourceCode\\node_modules\\kareem\\index.js:277:21\n    at D:\\Office\\HorizonAPI\\SourceCode\\node_modules\\kareem\\index.js:131:16\n    at _combinedTickCallback (internal/process/next_tick.js:67:7)\n    at process._tickCallback (internal/process/next_tick.js:98:9)","timestamp":"12:26:30 PM"}
{"level":"error","message":"DBG NO_CRN ","timestamp":"12:26:30 PM"}
{"level":"error","message":"LOG REFERER YTD http://localhost:4201/ ::1 string","timestamp":"12:28:31 PM"}
{"level":"error","message":"LOG REFERER YTD http://localhost:4201/ ::1 string","timestamp":"12:28:35 PM"}
{"level":"error","message":"LOG REFERER YTD http://localhost:4201/ ::1 string","timestamp":"12:28:35 PM"}
{"level":"error","message":"LOG REFERER YTD http://localhost:4201/ ::1 string","timestamp":"12:28:35 PM"}
{"level":"warn","message":"uncaughtException TypeError: Cannot read property 'json' of undefined\n    at master_process_handler (D:\\Office\\HorizonAPI\\SourceCode\\routes\\quote.js:537:47)\n    at D:\\Office\\HorizonAPI\\SourceCode\\routes\\quote.js:387:29\n    at Query.<anonymous> (D:\\Office\\HorizonAPI\\SourceCode\\node_modules\\mongoose\\lib\\model.js:3738:16)\n    at D:\\Office\\HorizonAPI\\SourceCode\\node_modules\\kareem\\index.js:277:21\n    at D:\\Office\\HorizonAPI\\SourceCode\\node_modules\\kareem\\index.js:131:16\n    at _combinedTickCallback (internal/process/next_tick.js:67:7)\n    at process._tickCallback (internal/process/next_tick.js:98:9)","timestamp":"12:28:35 PM"}
{"level":"error","message":"DBG NO_CRN ","timestamp":"12:28:35 PM"}
{"level":"error","message":"LOG REFERER YTD http://localhost:4201/ ::1 string","timestamp":"12:32:54 PM"}
{"level":"error","message":"LOG REFERER YTD http://localhost:4201/ ::1 string","timestamp":"12:32:54 PM"}
{"level":"error","message":"LOG REFERER YTD http://localhost:4201/ ::1 string","timestamp":"12:33:10 PM"}
{"level":"error","message":"LOG REFERER YTD http://localhost:4201/ ::1 string","timestamp":"12:33:10 PM"}
{"level":"error","message":"LOG REFERER YTD http://localhost:4201/ ::1 string","timestamp":"12:33:20 PM"}
{"level":"error","message":"LOG REFERER YTD http://localhost:4201/ ::1 string","timestamp":"12:33:20 PM"}
{"level":"error","message":"LOG REFERER YTD http://localhost:4201/ ::1 string","timestamp":"12:33:25 PM"}
{"level":"error","message":"LOG REFERER YTD http://localhost:4201/ ::1 string","timestamp":"12:37:46 PM"}
{"level":"error","message":"LOG REFERER YTD http://localhost:4201/ ::1 string","timestamp":"12:37:46 PM"}
{"level":"error","message":"LOG REFERER YTD http://localhost:4201/ ::1 string","timestamp":"12:39:18 PM"}
{"level":"error","message":"LOG REFERER YTD http://localhost:4201/ ::1 string","timestamp":"12:39:18 PM"}
{"level":"error","message":"LOG REFERER YTD http://localhost:4201/ ::1 string","timestamp":"12:39:20 PM"}
{"level":"error","message":"LOG REFERER YTD http://localhost:4201/ ::1 string","timestamp":"12:39:25 PM"}
{"level":"error","message":"LOG REFERER YTD http://localhost:4201/ ::1 string","timestamp":"12:39:25 PM"}
{"level":"error","message":"LOG REFERER YTD http://localhost:4201/ ::1 string","timestamp":"12:39:32 PM"}
{"level":"error","message":"LOG REFERER YTD http://localhost:4201/ ::1 string","timestamp":"12:39:32 PM"}
{"level":"error","message":"LOG REFERER YTD http://localhost:4201/ ::1 string","timestamp":"12:39:36 PM"}
{"level":"error","message":"LOG REFERER YTD http://localhost:4201/ ::1 string","timestamp":"12:39:39 PM"}
{"level":"error","message":"LOG REFERER YTD http://localhost:4201/ ::1 string","timestamp":"12:39:39 PM"}
{"level":"error","message":"LOG REFERER YTD http://localhost:4201/ ::1 string","timestamp":"12:40:26 PM"}
{"level":"error","message":"LOG REFERER YTD http://localhost:4201/ ::1 string","timestamp":"12:40:26 PM"}
{"level":"error","message":"LOG REFERER YTD http://localhost:4201/ ::1 string","timestamp":"12:41:35 PM"}
{"level":"error","message":"LOG REFERER YTD http://localhost:4201/ ::1 string","timestamp":"12:41:35 PM"}
{"level":"error","message":"LOG REFERER YTD http://localhost:4201/ ::1 string","timestamp":"12:42:24 PM"}
{"level":"error","message":"LOG REFERER YTD http://localhost:4201/ ::1 string","timestamp":"12:42:28 PM"}
{"level":"error","message":"LOG REFERER YTD http://localhost:4201/ ::1 string","timestamp":"12:42:28 PM"}
{"level":"error","message":"LOG REFERER YTD http://localhost:4201/ ::1 string","timestamp":"12:42:28 PM"}
{"level":"error","message":"LOG REFERER YTD undefined ::ffff:127.0.0.1 undefined","timestamp":"12:42:28 PM"}
{"level":"error","message":"Base_Master_Details undefined {}","timestamp":"12:42:28 PM"}
{"level":"error","message":"Base_Master_Details Insurer_1 false DataNo VehNo","timestamp":"12:42:28 PM"}
{"level":"error","message":"Base_Master_Details Insurer_4 false DataNo VehNo","timestamp":"12:42:28 PM"}
{"level":"error","message":"Base_Master_Details Insurer_16 false DataNo VehNo","timestamp":"12:42:28 PM"}
{"level":"error","message":"Base_Master_Details Insurer_3 true DataNo VehYes","timestamp":"12:42:28 PM"}
{"level":"error","message":"Base_Master_Details Insurer_19 false DataNo VehNo","timestamp":"12:42:28 PM"}
{"level":"error","message":"Base_Master_Details Insurer_47 false DataNo VehNo","timestamp":"12:42:28 PM"}
{"level":"error","message":"Base_Master_Details Insurer_13 false DataNo VehNo","timestamp":"12:42:28 PM"}
{"level":"error","message":"Base_Master_Details Insurer_11 false DataNo VehNo","timestamp":"12:42:28 PM"}
{"level":"error","message":"Base_Master_Details Insurer_44 false DataNo VehNo","timestamp":"12:42:28 PM"}
{"level":"error","message":"Base_Master_Details Insurer_46 false DataNo VehNo","timestamp":"12:42:28 PM"}
{"level":"error","message":"Base_Master_Details Insurer_45 false DataNo VehNo","timestamp":"12:42:28 PM"}
{"level":"error","message":"Base_Master_Details Insurer_5 false DataNo VehNo","timestamp":"12:42:28 PM"}
{"level":"error","message":"Base_Master_Details Insurer_6 false DataNo VehNo","timestamp":"12:42:28 PM"}
{"level":"error","message":"Base_Master_Details Insurer_10 false DataNo VehNo","timestamp":"12:42:28 PM"}
{"level":"error","message":"Base_Master_Details Insurer_33 false DataNo VehNo","timestamp":"12:42:28 PM"}
{"level":"error","message":"Base_Master_Details Insurer_2 false DataNo VehNo","timestamp":"12:42:28 PM"}
{"level":"error","message":"Base_Master_Details Insurer_9 false DataNo VehNo","timestamp":"12:42:28 PM"}
{"level":"error","message":"Base_Master_Details Insurer_14 false DataNo VehNo","timestamp":"12:42:28 PM"}
{"level":"error","message":"Base_Master_Details Insurer_30 false DataNo VehNo","timestamp":"12:42:28 PM"}
{"level":"error","message":"Base_Master_Details Insurer_48 false DataNo VehNo","timestamp":"12:42:28 PM"}
{"level":"error","message":"Base_Master_Details Insurer_7 false DataNo VehNo","timestamp":"12:42:28 PM"}
{"level":"error","message":"Base_Master_Details Insurer_12 false DataNo VehNo","timestamp":"12:42:28 PM"}
{"level":"error","message":"Base_Master_Details Insurer_17 false DataNo VehNo","timestamp":"12:42:28 PM"}
{"level":"error","message":"Base_Master_Details Processed { Insurer_3: \n   { Insurer_ID: 3,\n     Insurer_Vehicle_ID: 272850,\n     Vehicle_ID: 51090,\n     Is_Active: 1,\n     Created_On: 2021-09-01T07:42:44.568Z,\n     Status_Id: 2,\n     Premium_Status: 1 },\n  Insurer_Vehicle_Insurer_Segmant: 0,\n  Number_of_wheels: 0,\n  Product_Sub_Category_Class_Name: 0,\n  Product_Sub_Category_Class_CODE: 0,\n  Product_Type: 0,\n  Gross_Vehicle_Weight: 0,\n  Capacity_Type: 0,\n  Product_Sub_Category_Code: 0,\n  Make_ID: '',\n  Description: 'APRILIA SR 125 STANDARD',\n  Fuel_Name: 'PETROL',\n  Model_Name: 'SR',\n  Make_Name: 'APRILIA',\n  Product_Id_New: 10,\n  InHouseSS_Variant_Id: null,\n  IndirectVariant_Id: null,\n  ModifyOn: '',\n  CreatedOn: '',\n  IsActive: 1,\n  ExShoroomPrice: 70894,\n  Seating_Capacity: 2,\n  Fuel_ID: 1,\n  Vehicle_Image: 0,\n  Cubic_Capacity: '124',\n  Model_ID: 2919,\n  Variant_Name: '125 STANDARD',\n  Vehicle_ID: 51090 }","timestamp":"12:42:28 PM"}
{"level":"error","message":"LOG REFERER YTD undefined ::ffff:127.0.0.1 undefined","timestamp":"12:42:29 PM"}
{"level":"error","message":"LOG REFERER YTD undefined ::ffff:127.0.0.1 undefined","timestamp":"12:42:30 PM"}
{"level":"error","message":"LOG REFERER YTD undefined ::ffff:127.0.0.1 undefined","timestamp":"12:42:30 PM"}
{"level":"error","message":"LOG REFERER YTD undefined ::ffff:127.0.0.1 undefined","timestamp":"12:42:30 PM"}
{"level":"error","message":"LOG REFERER YTD undefined ::ffff:127.0.0.1 undefined","timestamp":"12:42:30 PM"}
{"level":"error","message":"LOG REFERER YTD undefined ::ffff:127.0.0.1 undefined","timestamp":"12:42:30 PM"}
{"level":"error","message":"LOG REFERER YTD undefined ::ffff:127.0.0.1 undefined","timestamp":"12:42:30 PM"}
{"level":"error","message":"LOG REFERER YTD undefined ::ffff:127.0.0.1 undefined","timestamp":"12:42:30 PM"}
{"level":"error","message":"LOG REFERER YTD undefined ::ffff:127.0.0.1 undefined","timestamp":"12:42:30 PM"}
{"level":"error","message":"LOG REFERER YTD http://localhost:4201/ ::1 string","timestamp":"12:42:30 PM"}
{"level":"error","message":"LOG REFERER YTD http://localhost:4201/ ::1 string","timestamp":"12:42:30 PM"}
{"level":"error","message":"LOG REFERER YTD undefined ::ffff:127.0.0.1 undefined","timestamp":"12:42:30 PM"}
{"level":"error","message":"MongooseException Object master_db_get Rtos_InsurerFind NOREC","timestamp":"12:42:31 PM"}
{"level":"error","message":"MongooseException Object master_db_get Vehicles_InsurerFind NOREC","timestamp":"12:42:31 PM"}
{"level":"error","message":"LOG REFERER YTD http://localhost:4201/ ::1 string","timestamp":"12:44:24 PM"}
{"level":"error","message":"LOG REFERER YTD http://localhost:4201/ ::1 string","timestamp":"12:45:34 PM"}
{"level":"error","message":"LOG REFERER YTD http://localhost:4201/ ::1 string","timestamp":"12:45:34 PM"}
{"level":"error","message":"LOG REFERER YTD undefined ::ffff:127.0.0.1 undefined","timestamp":"12:45:34 PM"}
{"level":"error","message":"LOG REFERER YTD http://localhost:4201/ ::1 string","timestamp":"12:46:34 PM"}
{"level":"error","message":"LOG REFERER YTD http://localhost:4201/ ::1 string","timestamp":"12:46:38 PM"}
{"level":"error","message":"LOG REFERER YTD http://localhost:4201/ ::1 string","timestamp":"12:46:38 PM"}
{"level":"error","message":"LOG REFERER YTD http://localhost:4201/ ::1 string","timestamp":"12:46:38 PM"}
{"level":"warn","message":"uncaughtException TypeError: Cannot read property 'json' of undefined\n    at master_process_handler (D:\\Office\\HorizonAPI\\SourceCode\\routes\\quote.js:537:47)\n    at D:\\Office\\HorizonAPI\\SourceCode\\routes\\quote.js:387:29\n    at Query.<anonymous> (D:\\Office\\HorizonAPI\\SourceCode\\node_modules\\mongoose\\lib\\model.js:3738:16)\n    at D:\\Office\\HorizonAPI\\SourceCode\\node_modules\\kareem\\index.js:277:21\n    at D:\\Office\\HorizonAPI\\SourceCode\\node_modules\\kareem\\index.js:131:16\n    at _combinedTickCallback (internal/process/next_tick.js:67:7)\n    at process._tickCallback (internal/process/next_tick.js:98:9)","timestamp":"12:46:38 PM"}
{"level":"error","message":"DBG NO_CRN ","timestamp":"12:46:38 PM"}
{"level":"error","message":"LOG REFERER YTD http://localhost:4201/ ::1 string","timestamp":"12:48:29 PM"}
{"level":"error","message":"LOG REFERER YTD http://localhost:4201/ ::1 string","timestamp":"12:48:29 PM"}
{"level":"error","message":"LOG REFERER YTD http://localhost:4201/ ::1 string","timestamp":"12:48:29 PM"}
{"level":"warn","message":"uncaughtException TypeError: Cannot read property 'json' of undefined\n    at master_process_handler (D:\\Office\\HorizonAPI\\SourceCode\\routes\\quote.js:537:47)\n    at D:\\Office\\HorizonAPI\\SourceCode\\routes\\quote.js:387:29\n    at Query.<anonymous> (D:\\Office\\HorizonAPI\\SourceCode\\node_modules\\mongoose\\lib\\model.js:3738:16)\n    at D:\\Office\\HorizonAPI\\SourceCode\\node_modules\\kareem\\index.js:277:21\n    at D:\\Office\\HorizonAPI\\SourceCode\\node_modules\\kareem\\index.js:131:16\n    at _combinedTickCallback (internal/process/next_tick.js:67:7)\n    at process._tickCallback (internal/process/next_tick.js:98:9)","timestamp":"12:48:29 PM"}
{"level":"error","message":"DBG NO_CRN ","timestamp":"12:48:29 PM"}
{"level":"error","message":"LOG REFERER YTD http://localhost:4201/ ::1 string","timestamp":"12:48:34 PM"}
{"level":"error","message":"LOG REFERER YTD http://localhost:4201/ ::1 string","timestamp":"12:48:38 PM"}
{"level":"warn","message":"uncaughtException TypeError: Cannot read property 'json' of undefined\n    at master_process_handler (D:\\Office\\HorizonAPI\\SourceCode\\routes\\quote.js:537:47)\n    at D:\\Office\\HorizonAPI\\SourceCode\\routes\\quote.js:387:29\n    at Query.<anonymous> (D:\\Office\\HorizonAPI\\SourceCode\\node_modules\\mongoose\\lib\\model.js:3738:16)\n    at D:\\Office\\HorizonAPI\\SourceCode\\node_modules\\kareem\\index.js:277:21\n    at D:\\Office\\HorizonAPI\\SourceCode\\node_modules\\kareem\\index.js:131:16\n    at _combinedTickCallback (internal/process/next_tick.js:67:7)\n    at process._tickCallback (internal/process/next_tick.js:98:9)","timestamp":"12:48:38 PM"}
{"level":"error","message":"DBG NO_CRN ","timestamp":"12:48:38 PM"}
{"level":"error","message":"LOG REFERER YTD http://localhost:4201/ ::1 string","timestamp":"12:50:29 PM"}
{"level":"warn","message":"uncaughtException TypeError: Cannot read property 'json' of undefined\n    at master_process_handler (D:\\Office\\HorizonAPI\\SourceCode\\routes\\quote.js:537:47)\n    at D:\\Office\\HorizonAPI\\SourceCode\\routes\\quote.js:387:29\n    at Query.<anonymous> (D:\\Office\\HorizonAPI\\SourceCode\\node_modules\\mongoose\\lib\\model.js:3738:16)\n    at D:\\Office\\HorizonAPI\\SourceCode\\node_modules\\kareem\\index.js:277:21\n    at D:\\Office\\HorizonAPI\\SourceCode\\node_modules\\kareem\\index.js:131:16\n    at _combinedTickCallback (internal/process/next_tick.js:67:7)\n    at process._tickCallback (internal/process/next_tick.js:98:9)","timestamp":"12:50:29 PM"}
{"level":"error","message":"DBG NO_CRN ","timestamp":"12:50:29 PM"}
{"level":"error","message":"LOG REFERER YTD http://localhost:4201/ ::1 string","timestamp":"12:50:38 PM"}
{"level":"error","message":"LOG REFERER YTD http://localhost:4201/ ::1 string","timestamp":"12:50:38 PM"}
{"level":"error","message":"LOG REFERER YTD http://localhost:4201/ ::1 string","timestamp":"12:54:08 PM"}
{"level":"error","message":"LOG REFERER YTD http://localhost:4201/ ::1 string","timestamp":"12:54:08 PM"}
{"level":"error","message":"LOG REFERER YTD http://localhost:4201/ ::1 string","timestamp":"12:59:47 PM"}
{"level":"error","message":"LOG REFERER YTD http://localhost:4201/ ::1 string","timestamp":"12:59:47 PM"}
{"level":"error","message":"LOG REFERER YTD http://localhost:4201/ ::1 string","timestamp":"12:59:47 PM"}
{"level":"warn","message":"uncaughtException TypeError: Cannot read property 'json' of undefined\n    at master_process_handler (D:\\Office\\HorizonAPI\\SourceCode\\routes\\quote.js:537:47)\n    at D:\\Office\\HorizonAPI\\SourceCode\\routes\\quote.js:442:21\n    at Query.<anonymous> (D:\\Office\\HorizonAPI\\SourceCode\\node_modules\\mongoose\\lib\\model.js:3738:16)\n    at D:\\Office\\HorizonAPI\\SourceCode\\node_modules\\kareem\\index.js:277:21\n    at D:\\Office\\HorizonAPI\\SourceCode\\node_modules\\kareem\\index.js:131:16\n    at _combinedTickCallback (internal/process/next_tick.js:67:7)\n    at process._tickCallback (internal/process/next_tick.js:98:9)","timestamp":"12:59:47 PM"}
{"level":"error","message":"DBG NO_CRN ","timestamp":"12:59:47 PM"}
{"level":"error","message":"LOG REFERER YTD http://localhost:4201/ ::1 string","timestamp":"1:01:47 PM"}
{"level":"warn","message":"uncaughtException TypeError: Cannot read property 'json' of undefined\n    at master_process_handler (D:\\Office\\HorizonAPI\\SourceCode\\routes\\quote.js:537:47)\n    at D:\\Office\\HorizonAPI\\SourceCode\\routes\\quote.js:387:29\n    at Query.<anonymous> (D:\\Office\\HorizonAPI\\SourceCode\\node_modules\\mongoose\\lib\\model.js:3738:16)\n    at D:\\Office\\HorizonAPI\\SourceCode\\node_modules\\kareem\\index.js:277:21\n    at D:\\Office\\HorizonAPI\\SourceCode\\node_modules\\kareem\\index.js:131:16\n    at _combinedTickCallback (internal/process/next_tick.js:67:7)\n    at process._tickCallback (internal/process/next_tick.js:98:9)","timestamp":"1:01:47 PM"}
{"level":"error","message":"DBG NO_CRN ","timestamp":"1:01:47 PM"}
{"level":"error","message":"LOG REFERER YTD http://localhost:4201/ ::1 string","timestamp":"1:03:47 PM"}
{"level":"error","message":"LOG REFERER YTD http://localhost:4201/ ::1 string","timestamp":"1:03:47 PM"}
{"level":"error","message":"LOG REFERER YTD http://localhost:4201/ ::1 string","timestamp":"1:06:32 PM"}
{"level":"error","message":"LOG REFERER YTD http://localhost:4201/ ::1 string","timestamp":"1:06:32 PM"}
{"level":"error","message":"LOG REFERER YTD http://localhost:4201/ ::1 string","timestamp":"1:07:03 PM"}
{"level":"error","message":"LOG REFERER YTD http://localhost:4201/ ::1 string","timestamp":"1:07:13 PM"}
{"level":"error","message":"LOG REFERER YTD http://localhost:4201/ ::1 string","timestamp":"1:07:13 PM"}
{"level":"error","message":"LOG REFERER YTD http://localhost:4201/ ::1 string","timestamp":"1:07:13 PM"}
{"level":"warn","message":"uncaughtException TypeError: Cannot read property 'json' of undefined\n    at master_process_handler (D:\\Office\\HorizonAPI\\SourceCode\\routes\\quote.js:537:47)\n    at D:\\Office\\HorizonAPI\\SourceCode\\routes\\quote.js:387:29\n    at Query.<anonymous> (D:\\Office\\HorizonAPI\\SourceCode\\node_modules\\mongoose\\lib\\model.js:3738:16)\n    at D:\\Office\\HorizonAPI\\SourceCode\\node_modules\\kareem\\index.js:277:21\n    at D:\\Office\\HorizonAPI\\SourceCode\\node_modules\\kareem\\index.js:131:16\n    at _combinedTickCallback (internal/process/next_tick.js:67:7)\n    at process._tickCallback (internal/process/next_tick.js:98:9)","timestamp":"1:07:13 PM"}
{"level":"error","message":"DBG NO_CRN ","timestamp":"1:07:14 PM"}
{"level":"error","message":"LOG REFERER YTD http://localhost:4201/ ::1 string","timestamp":"1:09:03 PM"}
{"level":"error","message":"LOG REFERER YTD http://localhost:4201/ ::1 string","timestamp":"1:09:13 PM"}
{"level":"warn","message":"uncaughtException TypeError: Cannot read property 'json' of undefined\n    at master_process_handler (D:\\Office\\HorizonAPI\\SourceCode\\routes\\quote.js:537:47)\n    at D:\\Office\\HorizonAPI\\SourceCode\\routes\\quote.js:387:29\n    at Query.<anonymous> (D:\\Office\\HorizonAPI\\SourceCode\\node_modules\\mongoose\\lib\\model.js:3738:16)\n    at D:\\Office\\HorizonAPI\\SourceCode\\node_modules\\kareem\\index.js:277:21\n    at D:\\Office\\HorizonAPI\\SourceCode\\node_modules\\kareem\\index.js:131:16\n    at _combinedTickCallback (internal/process/next_tick.js:67:7)\n    at process._tickCallback (internal/process/next_tick.js:98:9)","timestamp":"1:09:13 PM"}
{"level":"error","message":"DBG NO_CRN ","timestamp":"1:09:13 PM"}
{"level":"error","message":"LOG REFERER YTD http://localhost:4201/ ::1 string","timestamp":"1:56:24 PM"}
{"level":"error","message":"LOG REFERER YTD http://localhost:4201/ ::1 string","timestamp":"1:56:50 PM"}
{"level":"error","message":"LOG REFERER YTD http://localhost:4201/ ::1 string","timestamp":"1:56:50 PM"}
{"level":"error","message":"LOG REFERER YTD http://localhost:4201/ ::1 string","timestamp":"1:56:50 PM"}
{"level":"warn","message":"uncaughtException TypeError: Cannot read property 'json' of undefined\n    at master_process_handler (D:\\Office\\HorizonAPI\\SourceCode\\routes\\quote.js:537:47)\n    at D:\\Office\\HorizonAPI\\SourceCode\\routes\\quote.js:442:21\n    at Query.<anonymous> (D:\\Office\\HorizonAPI\\SourceCode\\node_modules\\mongoose\\lib\\model.js:3738:16)\n    at D:\\Office\\HorizonAPI\\SourceCode\\node_modules\\kareem\\index.js:277:21\n    at D:\\Office\\HorizonAPI\\SourceCode\\node_modules\\kareem\\index.js:131:16\n    at _combinedTickCallback (internal/process/next_tick.js:67:7)\n    at process._tickCallback (internal/process/next_tick.js:98:9)","timestamp":"1:56:50 PM"}
{"level":"error","message":"DBG NO_CRN ","timestamp":"1:56:50 PM"}
{"level":"error","message":"LOG REFERER YTD http://localhost:4201/ ::1 string","timestamp":"1:57:01 PM"}
{"level":"error","message":"LOG REFERER YTD http://localhost:4201/ ::1 string","timestamp":"1:58:50 PM"}
{"level":"warn","message":"uncaughtException TypeError: Cannot read property 'json' of undefined\n    at master_process_handler (D:\\Office\\HorizonAPI\\SourceCode\\routes\\quote.js:537:47)\n    at D:\\Office\\HorizonAPI\\SourceCode\\routes\\quote.js:442:21\n    at Query.<anonymous> (D:\\Office\\HorizonAPI\\SourceCode\\node_modules\\mongoose\\lib\\model.js:3738:16)\n    at D:\\Office\\HorizonAPI\\SourceCode\\node_modules\\kareem\\index.js:277:21\n    at D:\\Office\\HorizonAPI\\SourceCode\\node_modules\\kareem\\index.js:131:16\n    at _combinedTickCallback (internal/process/next_tick.js:67:7)\n    at process._tickCallback (internal/process/next_tick.js:98:9)","timestamp":"1:58:50 PM"}
{"level":"error","message":"DBG NO_CRN ","timestamp":"1:58:50 PM"}
{"level":"error","message":"LOG REFERER YTD http://localhost:4201/ ::1 string","timestamp":"2:08:06 PM"}
{"level":"error","message":"LOG REFERER YTD http://localhost:4201/ ::1 string","timestamp":"2:08:11 PM"}
{"level":"error","message":"LOG REFERER YTD http://localhost:4201/ ::1 string","timestamp":"2:08:11 PM"}
{"level":"error","message":"LOG REFERER YTD http://localhost:4201/ ::1 string","timestamp":"2:08:11 PM"}
{"level":"warn","message":"uncaughtException TypeError: Cannot read property 'json' of undefined\n    at master_process_handler (D:\\Office\\HorizonAPI\\SourceCode\\routes\\quote.js:537:47)\n    at D:\\Office\\HorizonAPI\\SourceCode\\routes\\quote.js:387:29\n    at Query.<anonymous> (D:\\Office\\HorizonAPI\\SourceCode\\node_modules\\mongoose\\lib\\model.js:3738:16)\n    at D:\\Office\\HorizonAPI\\SourceCode\\node_modules\\kareem\\index.js:277:21\n    at D:\\Office\\HorizonAPI\\SourceCode\\node_modules\\kareem\\index.js:131:16\n    at _combinedTickCallback (internal/process/next_tick.js:67:7)\n    at process._tickCallback (internal/process/next_tick.js:98:9)","timestamp":"2:08:11 PM"}
{"level":"error","message":"DBG NO_CRN ","timestamp":"2:08:11 PM"}
{"level":"error","message":"LOG REFERER YTD http://localhost:4201/ ::1 string","timestamp":"2:10:11 PM"}
{"level":"warn","message":"uncaughtException TypeError: Cannot read property 'json' of undefined\n    at master_process_handler (D:\\Office\\HorizonAPI\\SourceCode\\routes\\quote.js:537:47)\n    at D:\\Office\\HorizonAPI\\SourceCode\\routes\\quote.js:387:29\n    at Query.<anonymous> (D:\\Office\\HorizonAPI\\SourceCode\\node_modules\\mongoose\\lib\\model.js:3738:16)\n    at D:\\Office\\HorizonAPI\\SourceCode\\node_modules\\kareem\\index.js:277:21\n    at D:\\Office\\HorizonAPI\\SourceCode\\node_modules\\kareem\\index.js:131:16\n    at _combinedTickCallback (internal/process/next_tick.js:67:7)\n    at process._tickCallback (internal/process/next_tick.js:98:9)","timestamp":"2:10:11 PM"}
{"level":"error","message":"DBG NO_CRN ","timestamp":"2:10:11 PM"}
{"level":"error","message":"LOG REFERER YTD http://localhost:4201/ ::1 string","timestamp":"2:12:13 PM"}
{"level":"error","message":"LOG REFERER YTD http://localhost:4201/ ::1 string","timestamp":"2:12:18 PM"}
{"level":"error","message":"LOG REFERER YTD http://localhost:4201/ ::1 string","timestamp":"2:13:13 PM"}
{"level":"error","message":"LOG REFERER YTD http://localhost:4201/ ::1 string","timestamp":"2:13:24 PM"}
{"level":"warn","message":"uncaughtException TypeError: Cannot read property 'json' of undefined\n    at master_process_handler (D:\\Office\\HorizonAPI\\SourceCode\\routes\\quote.js:537:47)\n    at D:\\Office\\HorizonAPI\\SourceCode\\routes\\quote.js:442:21\n    at Query.<anonymous> (D:\\Office\\HorizonAPI\\SourceCode\\node_modules\\mongoose\\lib\\model.js:3738:16)\n    at D:\\Office\\HorizonAPI\\SourceCode\\node_modules\\kareem\\index.js:277:21\n    at D:\\Office\\HorizonAPI\\SourceCode\\node_modules\\kareem\\index.js:131:16\n    at _combinedTickCallback (internal/process/next_tick.js:67:7)\n    at process._tickCallback (internal/process/next_tick.js:98:9)","timestamp":"2:13:25 PM"}
{"level":"error","message":"DBG NO_CRN ","timestamp":"2:13:25 PM"}
{"level":"error","message":"LOG REFERER YTD http://localhost:4201/ ::1 string","timestamp":"6:03:45 PM"}
{"level":"error","message":"LOG REFERER YTD http://localhost:4201/ ::1 string","timestamp":"6:03:49 PM"}
{"level":"error","message":"LOG REFERER YTD http://localhost:4201/ ::1 string","timestamp":"6:03:49 PM"}
{"level":"error","message":"LOG REFERER YTD http://localhost:4201/ ::1 string","timestamp":"6:03:49 PM"}
{"level":"error","message":"LOG REFERER YTD undefined ::ffff:127.0.0.1 undefined","timestamp":"6:03:49 PM"}
{"level":"error","message":"Base_Master_Details undefined {}","timestamp":"6:03:49 PM"}
{"level":"error","message":"Base_Master_Details Insurer_1 false DataNo VehYes","timestamp":"6:03:49 PM"}
{"level":"error","message":"Base_Master_Details Insurer_4 false DataNo VehNo","timestamp":"6:03:49 PM"}
{"level":"error","message":"Base_Master_Details Insurer_16 false DataNo VehNo","timestamp":"6:03:49 PM"}
{"level":"error","message":"Base_Master_Details Insurer_3 false DataNo VehNo","timestamp":"6:03:49 PM"}
{"level":"error","message":"Base_Master_Details Insurer_19 false DataNo VehNo","timestamp":"6:03:49 PM"}
{"level":"error","message":"Base_Master_Details Insurer_47 false DataNo VehNo","timestamp":"6:03:49 PM"}
{"level":"error","message":"Base_Master_Details Insurer_13 false DataNo VehNo","timestamp":"6:03:49 PM"}
{"level":"error","message":"Base_Master_Details Insurer_11 false DataNo VehYes","timestamp":"6:03:49 PM"}
{"level":"error","message":"Base_Master_Details Insurer_44 false DataNo VehYes","timestamp":"6:03:49 PM"}
{"level":"error","message":"Base_Master_Details Insurer_46 true DataNo VehYes","timestamp":"6:03:49 PM"}
{"level":"error","message":"Base_Master_Details Insurer_45 true DataNo VehYes","timestamp":"6:03:49 PM"}
{"level":"error","message":"Base_Master_Details Insurer_5 true DataNo VehYes","timestamp":"6:03:49 PM"}
{"level":"error","message":"Base_Master_Details Insurer_6 false DataNo VehYes","timestamp":"6:03:49 PM"}
{"level":"error","message":"Base_Master_Details Insurer_10 false DataNo VehYes","timestamp":"6:03:49 PM"}
{"level":"error","message":"Base_Master_Details Insurer_33 true DataNo VehYes","timestamp":"6:03:49 PM"}
{"level":"error","message":"Base_Master_Details Insurer_2 true DataNo VehYes","timestamp":"6:03:49 PM"}
{"level":"error","message":"Base_Master_Details Insurer_9 true DataNo VehYes","timestamp":"6:03:49 PM"}
{"level":"error","message":"Base_Master_Details Insurer_14 false DataNo VehNo","timestamp":"6:03:49 PM"}
{"level":"error","message":"Base_Master_Details Insurer_30 false DataNo VehNo","timestamp":"6:03:49 PM"}
{"level":"error","message":"Base_Master_Details Insurer_48 false DataNo VehNo","timestamp":"6:03:49 PM"}
{"level":"error","message":"Base_Master_Details Insurer_7 false DataNo VehNo","timestamp":"6:03:49 PM"}
{"level":"error","message":"Base_Master_Details Insurer_12 false DataNo VehYes","timestamp":"6:03:49 PM"}
{"level":"error","message":"Base_Master_Details Insurer_17 false DataNo VehNo","timestamp":"6:03:49 PM"}
{"level":"error","message":"Base_Master_Details Processed { Insurer_44: \n   { Insurer_ID: 44,\n     Insurer_Vehicle_ID: null,\n     Vehicle_ID: 50583,\n     Is_Active: 0,\n     Created_On: 2019-03-27T11:41:00.686Z,\n     Status_Id: 3,\n     Premium_Status: 1 },\n  Insurer_5: \n   { Insurer_ID: 5,\n     Insurer_Vehicle_ID: 168202,\n     Vehicle_ID: 50583,\n     Is_Active: 1,\n     Created_On: 2019-02-22T04:49:08.694Z,\n     Status_Id: 4,\n     Premium_Status: 1 },\n  Insurer_46: \n   { Insurer_ID: 46,\n     Insurer_Vehicle_ID: 154517,\n     Vehicle_ID: 50583,\n     Is_Active: 1,\n     Created_On: 2018-12-29T05:54:55.376Z,\n     Status_Id: 4,\n     Premium_Status: 1 },\n  Insurer_6: \n   { Insurer_ID: 6,\n     Insurer_Vehicle_ID: null,\n     Vehicle_ID: 50583,\n     Is_Active: 0,\n     Created_On: 2018-12-26T12:37:02.763Z,\n     Status_Id: 3,\n     Premium_Status: 1 },\n  Insurer_1: \n   { Insurer_ID: 1,\n     Insurer_Vehicle_ID: null,\n     Vehicle_ID: 50583,\n     Is_Active: 0,\n     Created_On: 2018-12-11T09:53:10.842Z,\n     Status_Id: 3,\n     Premium_Status: 1 },\n  Insurer_11: \n   { Insurer_ID: 11,\n     Insurer_Vehicle_ID: null,\n     Vehicle_ID: 50583,\n     Is_Active: 0,\n     Created_On: 2018-10-26T11:58:44.149Z,\n     Status_Id: 3,\n     Premium_Status: 1 },\n  Insurer_2: \n   { Insurer_ID: 2,\n     Insurer_Vehicle_ID: 141470,\n     Vehicle_ID: 50583,\n     Is_Active: 1,\n     Created_On: 2018-09-26T07:17:57.540Z,\n     Status_Id: 2,\n     Premium_Status: 1 },\n  Insurer_45: \n   { Insurer_ID: 45,\n     Insurer_Vehicle_ID: 132192,\n     Vehicle_ID: 50583,\n     Is_Active: 1,\n     Created_On: 2018-09-14T09:57:54.057Z,\n     Status_Id: 2,\n     Premium_Status: 1 },\n  Insurer_10: \n   { Insurer_ID: 10,\n     Insurer_Vehicle_ID: null,\n     Vehicle_ID: 50583,\n     Is_Active: 0,\n     Created_On: 2018-02-28T11:19:06.582Z,\n     Status_Id: 3,\n     Premium_Status: 1 },\n  Insurer_100: \n   { Insurer_ID: 100,\n     Insurer_Vehicle_ID: 0,\n     Vehicle_ID: 50583,\n     Is_Active: 0,\n     Status_Id: 3,\n     Premium_Status: 1 },\n  Insurer_9: \n   { Insurer_ID: 9,\n     Insurer_Vehicle_ID: 83449,\n     Vehicle_ID: 50583,\n     Is_Active: 1,\n     Created_On: 2018-03-23T07:49:47.734Z,\n     Status_Id: 2,\n     Premium_Status: 1 },\n  Insurer_33: \n   { Insurer_ID: 33,\n     Insurer_Vehicle_ID: 82687,\n     Vehicle_ID: 50583,\n     Is_Active: 1,\n     Created_On: 2018-03-23T07:50:45.542Z,\n     Status_Id: 2,\n     Premium_Status: 1 },\n  Insurer_12: \n   { Insurer_ID: 12,\n     Insurer_Vehicle_ID: 0,\n     Vehicle_ID: 50583,\n     Is_Active: 0,\n     Status_Id: 3,\n     Premium_Status: 1 },\n  undefined: 49,\n  Description: 'SUZUKI GSX 150',\n  Fuel_Name: 'PETROL',\n  Model_Name: 'GSX',\n  Make_Name: 'SUZUKI',\n  Product_Id_New: 10,\n  InHouseSS_Variant_Id: 0,\n  IndirectVariant_Id: 0,\n  ModifyOn: 1489835927493,\n  CreatedOn: 1489835927493,\n  Is_Active: 1,\n  ExShoroomPrice: 65112,\n  Seating_Capacity: 2,\n  Fuel_ID: 1,\n  Vehicle_Image: 0,\n  Cubic_Capacity: '150',\n  Model_ID: 980,\n  Variant_Name: '150',\n  Vehicle_ID: 50583 }","timestamp":"6:03:49 PM"}
{"level":"error","message":"LOG REFERER YTD undefined ::ffff:127.0.0.1 undefined","timestamp":"6:03:55 PM"}
{"level":"error","message":"LOG REFERER YTD undefined ::ffff:127.0.0.1 undefined","timestamp":"6:03:55 PM"}
{"level":"error","message":"LOG REFERER YTD undefined ::ffff:127.0.0.1 undefined","timestamp":"6:03:55 PM"}
{"level":"error","message":"LOG REFERER YTD undefined ::ffff:127.0.0.1 undefined","timestamp":"6:03:55 PM"}
{"level":"error","message":"LOG REFERER YTD undefined ::ffff:127.0.0.1 undefined","timestamp":"6:03:55 PM"}
{"level":"error","message":"LOG REFERER YTD undefined ::ffff:127.0.0.1 undefined","timestamp":"6:03:55 PM"}
{"level":"error","message":"LOG REFERER YTD undefined ::ffff:127.0.0.1 undefined","timestamp":"6:03:55 PM"}
{"level":"error","message":"LOG REFERER YTD undefined ::ffff:127.0.0.1 undefined","timestamp":"6:03:55 PM"}
{"level":"error","message":"LOG REFERER YTD undefined ::ffff:127.0.0.1 undefined","timestamp":"6:03:55 PM"}
{"level":"error","message":"LOG REFERER YTD http://localhost:4201/ ::1 string","timestamp":"6:03:55 PM"}
{"level":"error","message":"LOG REFERER YTD http://localhost:4201/ ::1 string","timestamp":"6:03:55 PM"}
{"level":"error","message":"LOG REFERER YTD undefined ::ffff:127.0.0.1 undefined","timestamp":"6:03:55 PM"}
{"level":"error","message":"DBG idv_by_crn { Insurer_Id: 33, PB_CRN: 1045207, Idv_By_CRN: 'yes' }","timestamp":"6:03:56 PM"}
{"level":"error","message":"MongooseException Object master_db_get Vehicles_InsurerFind NOREC","timestamp":"6:03:56 PM"}
{"level":"error","message":"DBG idv_by_crn { Insurer_Id: 9, PB_CRN: 1045207, Idv_By_CRN: 'yes' }","timestamp":"6:03:56 PM"}
{"level":"error","message":"MongooseException Object master_db_get Rtos_InsurerFind NOREC","timestamp":"6:03:56 PM"}
{"level":"error","message":"RPOSP no","timestamp":"6:03:58 PM"}
{"level":"error","message":"Reliance_Package undefined","timestamp":"6:03:58 PM"}
{"level":"error","message":"LOG REFERER YTD undefined ::ffff:127.0.0.1 undefined","timestamp":"6:03:59 PM"}
{"level":"error","message":"LOG REFERER YTD undefined ::ffff:127.0.0.1 undefined","timestamp":"6:04:05 PM"}
{"level":"error","message":"LOG REFERER YTD http://localhost:4201/ ::1 string","timestamp":"6:04:38 PM"}
{"level":"error","message":"LOG REFERER YTD http://localhost:4201/ ::1 string","timestamp":"6:04:38 PM"}
{"level":"error","message":"LOG REFERER YTD undefined ::ffff:127.0.0.1 undefined","timestamp":"6:04:38 PM"}
{"level":"error","message":"LOG REFERER YTD http://localhost:4201/ ::1 string","timestamp":"6:04:45 PM"}
{"level":"error","message":"LOG REFERER YTD http://localhost:4201/ ::1 string","timestamp":"6:04:45 PM"}
{"level":"error","message":"LOG REFERER YTD undefined ::ffff:127.0.0.1 undefined","timestamp":"6:04:45 PM"}
{"level":"error","message":"LOG REFERER YTD http://localhost:4201/ ::1 string","timestamp":"6:04:48 PM"}
{"level":"error","message":"LOG REFERER YTD undefined ::ffff:127.0.0.1 undefined","timestamp":"6:04:48 PM"}
{"level":"error","message":"LOG REFERER YTD http://localhost:4201/ ::1 string","timestamp":"6:05:02 PM"}
{"level":"error","message":"LOG REFERER YTD http://localhost:4201/ ::1 string","timestamp":"6:05:02 PM"}
{"level":"error","message":"LOG REFERER YTD undefined ::ffff:127.0.0.1 undefined","timestamp":"6:05:02 PM"}
{"level":"error","message":"LOG REFERER YTD http://localhost:4201/ ::1 string","timestamp":"6:05:09 PM"}
{"level":"error","message":"LOG REFERER YTD http://localhost:4201/ ::1 string","timestamp":"6:05:09 PM"}
{"level":"error","message":"LOG REFERER YTD undefined ::ffff:127.0.0.1 undefined","timestamp":"6:05:09 PM"}
{"level":"error","message":"LOG REFERER YTD http://localhost:4201/ ::1 string","timestamp":"6:05:15 PM"}
{"level":"error","message":"LOG REFERER YTD http://localhost:4201/ ::1 string","timestamp":"6:05:15 PM"}
{"level":"error","message":"LOG REFERER YTD undefined ::ffff:127.0.0.1 undefined","timestamp":"6:05:15 PM"}
{"level":"error","message":"LOG REFERER YTD http://localhost:4201/ ::1 string","timestamp":"6:05:18 PM"}
{"level":"error","message":"LOG REFERER YTD undefined ::ffff:127.0.0.1 undefined","timestamp":"6:05:18 PM"}
{"level":"error","message":"LOG REFERER YTD http://localhost:4201/ ::1 string","timestamp":"6:05:31 PM"}
{"level":"error","message":"LOG REFERER YTD http://localhost:4201/ ::1 string","timestamp":"6:05:32 PM"}
{"level":"error","message":"LOG REFERER YTD undefined ::ffff:127.0.0.1 undefined","timestamp":"6:05:32 PM"}
