{"level":"info","message":"$$$$$$$$$$$$$$$$$$$$$$$$","timestamp":"10:43:41 AM"}
{"meta":"","level":"info","message":"","timestamp":"10:43:41 AM"}
{"level":"info","message":"Development Environment is Listening on port 3000","timestamp":"10:43:41 AM"}
{"level":"info","message":"Web URL : http://localhost:3000","timestamp":"10:43:41 AM"}
{"meta":"","level":"info","message":"","timestamp":"10:43:41 AM"}
{"level":"info","message":"$$$$$$$$$$$$$$$$$$$$$$$$","timestamp":"10:43:41 AM"}
{"meta":"","level":"info","message":"","timestamp":"10:43:41 AM"}
{"level":"info","message":"$$$$$$$$$$$$$$$$$$$$$$$$","timestamp":"11:47:23 AM"}
{"meta":"","level":"info","message":"","timestamp":"11:47:23 AM"}
{"level":"info","message":"Development Environment is Listening on port 3000","timestamp":"11:47:23 AM"}
{"level":"info","message":"Web URL : http://localhost:3000","timestamp":"11:47:23 AM"}
{"meta":"","level":"info","message":"","timestamp":"11:47:23 AM"}
{"level":"info","message":"$$$$$$$$$$$$$$$$$$$$$$$$","timestamp":"11:47:23 AM"}
{"meta":"","level":"info","message":"","timestamp":"11:47:23 AM"}
{"level":"info","message":"$$$$$$$$$$$$$$$$$$$$$$$$","timestamp":"1:44:07 PM"}
{"meta":"","level":"info","message":"","timestamp":"1:44:07 PM"}
{"level":"info","message":"Development Environment is Listening on port 3000","timestamp":"1:44:07 PM"}
{"level":"info","message":"Web URL : http://localhost:3000","timestamp":"1:44:07 PM"}
{"meta":"","level":"info","message":"","timestamp":"1:44:07 PM"}
{"level":"info","message":"$$$$$$$$$$$$$$$$$$$$$$$$","timestamp":"1:44:07 PM"}
{"meta":"","level":"info","message":"","timestamp":"1:44:07 PM"}
{"level":"info","message":"$$$$$$$$$$$$$$$$$$$$$$$$","timestamp":"1:52:06 PM"}
{"meta":"","level":"info","message":"","timestamp":"1:52:06 PM"}
{"level":"info","message":"Development Environment is Listening on port 3000","timestamp":"1:52:06 PM"}
{"level":"info","message":"Web URL : http://localhost:3000","timestamp":"1:52:06 PM"}
{"meta":"","level":"info","message":"","timestamp":"1:52:06 PM"}
{"level":"info","message":"$$$$$$$$$$$$$$$$$$$$$$$$","timestamp":"1:52:06 PM"}
{"meta":"","level":"info","message":"","timestamp":"1:52:06 PM"}
{"level":"info","message":"$$$$$$$$$$$$$$$$$$$$$$$$","timestamp":"3:03:10 PM"}
{"meta":"","level":"info","message":"","timestamp":"3:03:10 PM"}
{"level":"info","message":"Development Environment is Listening on port 3000","timestamp":"3:03:10 PM"}
{"level":"info","message":"Web URL : http://localhost:3000","timestamp":"3:03:10 PM"}
{"meta":"","level":"info","message":"","timestamp":"3:03:10 PM"}
{"level":"info","message":"$$$$$$$$$$$$$$$$$$$$$$$$","timestamp":"3:03:10 PM"}
{"meta":"","level":"info","message":"","timestamp":"3:03:10 PM"}
{"level":"info","message":"$$$$$$$$$$$$$$$$$$$$$$$$","timestamp":"3:09:27 PM"}
{"meta":"","level":"info","message":"","timestamp":"3:09:27 PM"}
{"level":"info","message":"Development Environment is Listening on port 3000","timestamp":"3:09:27 PM"}
{"level":"info","message":"Web URL : http://localhost:3000","timestamp":"3:09:27 PM"}
{"meta":"","level":"info","message":"","timestamp":"3:09:27 PM"}
{"level":"info","message":"$$$$$$$$$$$$$$$$$$$$$$$$","timestamp":"3:09:27 PM"}
{"meta":"","level":"info","message":"","timestamp":"3:09:27 PM"}
{"level":"info","message":"$$$$$$$$$$$$$$$$$$$$$$$$","timestamp":"3:12:00 PM"}
{"meta":"","level":"info","message":"","timestamp":"3:12:00 PM"}
{"level":"info","message":"Development Environment is Listening on port 3000","timestamp":"3:12:00 PM"}
{"level":"info","message":"Web URL : http://localhost:3000","timestamp":"3:12:00 PM"}
{"meta":"","level":"info","message":"","timestamp":"3:12:00 PM"}
{"level":"info","message":"$$$$$$$$$$$$$$$$$$$$$$$$","timestamp":"3:12:00 PM"}
{"meta":"","level":"info","message":"","timestamp":"3:12:00 PM"}
{"level":"info","message":"$$$$$$$$$$$$$$$$$$$$$$$$","timestamp":"3:21:26 PM"}
{"meta":"","level":"info","message":"","timestamp":"3:21:26 PM"}
{"level":"info","message":"Development Environment is Listening on port 3000","timestamp":"3:21:26 PM"}
{"level":"info","message":"Web URL : http://localhost:3000","timestamp":"3:21:26 PM"}
{"meta":"","level":"info","message":"","timestamp":"3:21:26 PM"}
{"level":"info","message":"$$$$$$$$$$$$$$$$$$$$$$$$","timestamp":"3:21:26 PM"}
{"meta":"","level":"info","message":"","timestamp":"3:21:26 PM"}
{"level":"info","message":"$$$$$$$$$$$$$$$$$$$$$$$$","timestamp":"3:24:56 PM"}
{"meta":"","level":"info","message":"","timestamp":"3:24:56 PM"}
{"level":"info","message":"Development Environment is Listening on port 3000","timestamp":"3:24:56 PM"}
{"level":"info","message":"Web URL : http://localhost:3000","timestamp":"3:24:56 PM"}
{"meta":"","level":"info","message":"","timestamp":"3:24:56 PM"}
{"level":"info","message":"$$$$$$$$$$$$$$$$$$$$$$$$","timestamp":"3:24:56 PM"}
{"meta":"","level":"info","message":"","timestamp":"3:24:56 PM"}
{"level":"info","message":"$$$$$$$$$$$$$$$$$$$$$$$$","timestamp":"3:28:23 PM"}
{"meta":"","level":"info","message":"","timestamp":"3:28:23 PM"}
{"level":"info","message":"Development Environment is Listening on port 3000","timestamp":"3:28:23 PM"}
{"level":"info","message":"Web URL : http://localhost:3000","timestamp":"3:28:23 PM"}
{"meta":"","level":"info","message":"","timestamp":"3:28:23 PM"}
{"level":"info","message":"$$$$$$$$$$$$$$$$$$$$$$$$","timestamp":"3:28:23 PM"}
{"meta":"","level":"info","message":"","timestamp":"3:28:23 PM"}
{"level":"info","message":"some error ReferenceError: OTP is not defined\n    at D:\\Office\\HorizonAPI\\SourceCode\\routes\\quote.js:7548:9\n    at Layer.handle [as handle_request] (D:\\Office\\HorizonAPI\\SourceCode\\node_modules\\express\\lib\\router\\layer.js:95:5)\n    at next (D:\\Office\\HorizonAPI\\SourceCode\\node_modules\\express\\lib\\router\\route.js:131:13)\n    at Route.dispatch (D:\\Office\\HorizonAPI\\SourceCode\\node_modules\\express\\lib\\router\\route.js:112:3)\n    at Layer.handle [as handle_request] (D:\\Office\\HorizonAPI\\SourceCode\\node_modules\\express\\lib\\router\\layer.js:95:5)\n    at D:\\Office\\HorizonAPI\\SourceCode\\node_modules\\express\\lib\\router\\index.js:277:22\n    at param (D:\\Office\\HorizonAPI\\SourceCode\\node_modules\\express\\lib\\router\\index.js:349:14)\n    at param (D:\\Office\\HorizonAPI\\SourceCode\\node_modules\\express\\lib\\router\\index.js:365:14)\n    at param (D:\\Office\\HorizonAPI\\SourceCode\\node_modules\\express\\lib\\router\\index.js:365:14)\n    at Function.process_params (D:\\Office\\HorizonAPI\\SourceCode\\node_modules\\express\\lib\\router\\index.js:410:3)\n    at next (D:\\Office\\HorizonAPI\\SourceCode\\node_modules\\express\\lib\\router\\index.js:271:10)\n    at Function.handle (D:\\Office\\HorizonAPI\\SourceCode\\node_modules\\express\\lib\\router\\index.js:176:3)\n    at router (D:\\Office\\HorizonAPI\\SourceCode\\node_modules\\express\\lib\\router\\index.js:46:12)\n    at Layer.handle [as handle_request] (D:\\Office\\HorizonAPI\\SourceCode\\node_modules\\express\\lib\\router\\layer.js:95:5)\n    at trim_prefix (D:\\Office\\HorizonAPI\\SourceCode\\node_modules\\express\\lib\\router\\index.js:312:13)\n    at D:\\Office\\HorizonAPI\\SourceCode\\node_modules\\express\\lib\\router\\index.js:280:7\n    at Function.process_params (D:\\Office\\HorizonAPI\\SourceCode\\node_modules\\express\\lib\\router\\index.js:330:12)\n    at next (D:\\Office\\HorizonAPI\\SourceCode\\node_modules\\express\\lib\\router\\index.js:271:10)\n    at D:\\Office\\HorizonAPI\\SourceCode\\node_modules\\express\\lib\\router\\index.js:618:15\n    at next (D:\\Office\\HorizonAPI\\SourceCode\\node_modules\\express\\lib\\router\\index.js:256:14)\n    at Function.handle (D:\\Office\\HorizonAPI\\SourceCode\\node_modules\\express\\lib\\router\\index.js:176:3)\n    at router (D:\\Office\\HorizonAPI\\SourceCode\\node_modules\\express\\lib\\router\\index.js:46:12)","timestamp":"3:28:41 PM"}
{"level":"info","message":"$$$$$$$$$$$$$$$$$$$$$$$$","timestamp":"3:30:25 PM"}
{"meta":"","level":"info","message":"","timestamp":"3:30:25 PM"}
{"level":"info","message":"Development Environment is Listening on port 3000","timestamp":"3:30:25 PM"}
{"level":"info","message":"Web URL : http://localhost:3000","timestamp":"3:30:25 PM"}
{"meta":"","level":"info","message":"","timestamp":"3:30:25 PM"}
{"level":"info","message":"$$$$$$$$$$$$$$$$$$$$$$$$","timestamp":"3:30:25 PM"}
{"meta":"","level":"info","message":"","timestamp":"3:30:25 PM"}
{"level":"info","message":"$$$$$$$$$$$$$$$$$$$$$$$$","timestamp":"3:31:35 PM"}
{"meta":"","level":"info","message":"","timestamp":"3:31:35 PM"}
{"level":"info","message":"Development Environment is Listening on port 3000","timestamp":"3:31:35 PM"}
{"level":"info","message":"Web URL : http://localhost:3000","timestamp":"3:31:35 PM"}
{"meta":"","level":"info","message":"","timestamp":"3:31:35 PM"}
{"level":"info","message":"$$$$$$$$$$$$$$$$$$$$$$$$","timestamp":"3:31:35 PM"}
{"meta":"","level":"info","message":"","timestamp":"3:31:35 PM"}
{"level":"info","message":"$$$$$$$$$$$$$$$$$$$$$$$$","timestamp":"3:33:25 PM"}
{"meta":"","level":"info","message":"","timestamp":"3:33:25 PM"}
{"level":"info","message":"Development Environment is Listening on port 3000","timestamp":"3:33:25 PM"}
{"level":"info","message":"Web URL : http://localhost:3000","timestamp":"3:33:25 PM"}
{"meta":"","level":"info","message":"","timestamp":"3:33:25 PM"}
{"level":"info","message":"$$$$$$$$$$$$$$$$$$$$$$$$","timestamp":"3:33:25 PM"}
{"meta":"","level":"info","message":"","timestamp":"3:33:25 PM"}
{"level":"info","message":"$$$$$$$$$$$$$$$$$$$$$$$$","timestamp":"3:36:14 PM"}
{"meta":"","level":"info","message":"","timestamp":"3:36:14 PM"}
{"level":"info","message":"Development Environment is Listening on port 3000","timestamp":"3:36:14 PM"}
{"level":"info","message":"Web URL : http://localhost:3000","timestamp":"3:36:14 PM"}
{"meta":"","level":"info","message":"","timestamp":"3:36:14 PM"}
{"level":"info","message":"$$$$$$$$$$$$$$$$$$$$$$$$","timestamp":"3:36:14 PM"}
{"meta":"","level":"info","message":"","timestamp":"3:36:14 PM"}
{"level":"info","message":"$$$$$$$$$$$$$$$$$$$$$$$$","timestamp":"3:38:54 PM"}
{"meta":"","level":"info","message":"","timestamp":"3:38:54 PM"}
{"level":"info","message":"Development Environment is Listening on port 3000","timestamp":"3:38:54 PM"}
{"level":"info","message":"Web URL : http://localhost:3000","timestamp":"3:38:54 PM"}
{"meta":"","level":"info","message":"","timestamp":"3:38:54 PM"}
{"level":"info","message":"$$$$$$$$$$$$$$$$$$$$$$$$","timestamp":"3:38:54 PM"}
{"meta":"","level":"info","message":"","timestamp":"3:38:54 PM"}
{"level":"info","message":"$$$$$$$$$$$$$$$$$$$$$$$$","timestamp":"3:40:47 PM"}
{"meta":"","level":"info","message":"","timestamp":"3:40:47 PM"}
{"level":"info","message":"Development Environment is Listening on port 3000","timestamp":"3:40:47 PM"}
{"level":"info","message":"Web URL : http://localhost:3000","timestamp":"3:40:47 PM"}
{"meta":"","level":"info","message":"","timestamp":"3:40:47 PM"}
{"level":"info","message":"$$$$$$$$$$$$$$$$$$$$$$$$","timestamp":"3:40:47 PM"}
{"meta":"","level":"info","message":"","timestamp":"3:40:47 PM"}
{"level":"info","message":"$$$$$$$$$$$$$$$$$$$$$$$$","timestamp":"3:42:40 PM"}
{"meta":"","level":"info","message":"","timestamp":"3:42:40 PM"}
{"level":"info","message":"Development Environment is Listening on port 3000","timestamp":"3:42:40 PM"}
{"level":"info","message":"Web URL : http://localhost:3000","timestamp":"3:42:40 PM"}
{"meta":"","level":"info","message":"","timestamp":"3:42:40 PM"}
{"level":"info","message":"$$$$$$$$$$$$$$$$$$$$$$$$","timestamp":"3:42:40 PM"}
{"meta":"","level":"info","message":"","timestamp":"3:42:40 PM"}
{"level":"info","message":"$$$$$$$$$$$$$$$$$$$$$$$$","timestamp":"3:46:15 PM"}
{"meta":"","level":"info","message":"","timestamp":"3:46:15 PM"}
{"level":"info","message":"Development Environment is Listening on port 3000","timestamp":"3:46:15 PM"}
{"level":"info","message":"Web URL : http://localhost:3000","timestamp":"3:46:15 PM"}
{"meta":"","level":"info","message":"","timestamp":"3:46:15 PM"}
{"level":"info","message":"$$$$$$$$$$$$$$$$$$$$$$$$","timestamp":"3:46:15 PM"}
{"meta":"","level":"info","message":"","timestamp":"3:46:15 PM"}
{"level":"info","message":"$$$$$$$$$$$$$$$$$$$$$$$$","timestamp":"3:49:54 PM"}
{"meta":"","level":"info","message":"","timestamp":"3:49:54 PM"}
{"level":"info","message":"Development Environment is Listening on port 3000","timestamp":"3:49:54 PM"}
{"level":"info","message":"Web URL : http://localhost:3000","timestamp":"3:49:54 PM"}
{"meta":"","level":"info","message":"","timestamp":"3:49:54 PM"}
{"level":"info","message":"$$$$$$$$$$$$$$$$$$$$$$$$","timestamp":"3:49:54 PM"}
{"meta":"","level":"info","message":"","timestamp":"3:49:54 PM"}
{"level":"info","message":"$$$$$$$$$$$$$$$$$$$$$$$$","timestamp":"3:51:16 PM"}
{"meta":"","level":"info","message":"","timestamp":"3:51:16 PM"}
{"level":"info","message":"Development Environment is Listening on port 3000","timestamp":"3:51:16 PM"}
{"level":"info","message":"Web URL : http://localhost:3000","timestamp":"3:51:16 PM"}
{"meta":"","level":"info","message":"","timestamp":"3:51:16 PM"}
{"level":"info","message":"$$$$$$$$$$$$$$$$$$$$$$$$","timestamp":"3:51:16 PM"}
{"meta":"","level":"info","message":"","timestamp":"3:51:16 PM"}
{"level":"info","message":"$$$$$$$$$$$$$$$$$$$$$$$$","timestamp":"3:53:58 PM"}
{"meta":"","level":"info","message":"","timestamp":"3:53:58 PM"}
{"level":"info","message":"Development Environment is Listening on port 3000","timestamp":"3:53:58 PM"}
{"level":"info","message":"Web URL : http://localhost:3000","timestamp":"3:53:58 PM"}
{"meta":"","level":"info","message":"","timestamp":"3:53:58 PM"}
{"level":"info","message":"$$$$$$$$$$$$$$$$$$$$$$$$","timestamp":"3:53:58 PM"}
{"meta":"","level":"info","message":"","timestamp":"3:53:58 PM"}
{"level":"info","message":"$$$$$$$$$$$$$$$$$$$$$$$$","timestamp":"6:08:05 PM"}
{"meta":"","level":"info","message":"","timestamp":"6:08:05 PM"}
{"level":"info","message":"Development Environment is Listening on port 3000","timestamp":"6:08:05 PM"}
{"level":"info","message":"Web URL : http://localhost:3000","timestamp":"6:08:05 PM"}
{"meta":"","level":"info","message":"","timestamp":"6:08:05 PM"}
{"level":"info","message":"$$$$$$$$$$$$$$$$$$$$$$$$","timestamp":"6:08:05 PM"}
{"meta":"","level":"info","message":"","timestamp":"6:08:05 PM"}
{"level":"info","message":"erro in otp verification ReferenceError: otp is not defined\n    at D:\\Office\\HorizonAPI\\SourceCode\\routes\\quote.js:7587:9\n    at Layer.handle [as handle_request] (D:\\Office\\HorizonAPI\\SourceCode\\node_modules\\express\\lib\\router\\layer.js:95:5)\n    at next (D:\\Office\\HorizonAPI\\SourceCode\\node_modules\\express\\lib\\router\\route.js:131:13)\n    at Route.dispatch (D:\\Office\\HorizonAPI\\SourceCode\\node_modules\\express\\lib\\router\\route.js:112:3)\n    at Layer.handle [as handle_request] (D:\\Office\\HorizonAPI\\SourceCode\\node_modules\\express\\lib\\router\\layer.js:95:5)\n    at D:\\Office\\HorizonAPI\\SourceCode\\node_modules\\express\\lib\\router\\index.js:277:22\n    at param (D:\\Office\\HorizonAPI\\SourceCode\\node_modules\\express\\lib\\router\\index.js:349:14)\n    at param (D:\\Office\\HorizonAPI\\SourceCode\\node_modules\\express\\lib\\router\\index.js:365:14)\n    at Function.process_params (D:\\Office\\HorizonAPI\\SourceCode\\node_modules\\express\\lib\\router\\index.js:410:3)\n    at next (D:\\Office\\HorizonAPI\\SourceCode\\node_modules\\express\\lib\\router\\index.js:271:10)\n    at Function.handle (D:\\Office\\HorizonAPI\\SourceCode\\node_modules\\express\\lib\\router\\index.js:176:3)\n    at router (D:\\Office\\HorizonAPI\\SourceCode\\node_modules\\express\\lib\\router\\index.js:46:12)\n    at Layer.handle [as handle_request] (D:\\Office\\HorizonAPI\\SourceCode\\node_modules\\express\\lib\\router\\layer.js:95:5)\n    at trim_prefix (D:\\Office\\HorizonAPI\\SourceCode\\node_modules\\express\\lib\\router\\index.js:312:13)\n    at D:\\Office\\HorizonAPI\\SourceCode\\node_modules\\express\\lib\\router\\index.js:280:7\n    at Function.process_params (D:\\Office\\HorizonAPI\\SourceCode\\node_modules\\express\\lib\\router\\index.js:330:12)\n    at next (D:\\Office\\HorizonAPI\\SourceCode\\node_modules\\express\\lib\\router\\index.js:271:10)\n    at D:\\Office\\HorizonAPI\\SourceCode\\node_modules\\express\\lib\\router\\index.js:618:15\n    at next (D:\\Office\\HorizonAPI\\SourceCode\\node_modules\\express\\lib\\router\\index.js:256:14)\n    at Function.handle (D:\\Office\\HorizonAPI\\SourceCode\\node_modules\\express\\lib\\router\\index.js:176:3)\n    at router (D:\\Office\\HorizonAPI\\SourceCode\\node_modules\\express\\lib\\router\\index.js:46:12)\n    at Layer.handle [as handle_request] (D:\\Office\\HorizonAPI\\SourceCode\\node_modules\\express\\lib\\router\\layer.js:95:5)","timestamp":"6:40:23 PM"}
{"level":"info","message":"erro in otp verification ReferenceError: otp is not defined\n    at D:\\Office\\HorizonAPI\\SourceCode\\routes\\quote.js:7587:9\n    at Layer.handle [as handle_request] (D:\\Office\\HorizonAPI\\SourceCode\\node_modules\\express\\lib\\router\\layer.js:95:5)\n    at next (D:\\Office\\HorizonAPI\\SourceCode\\node_modules\\express\\lib\\router\\route.js:131:13)\n    at Route.dispatch (D:\\Office\\HorizonAPI\\SourceCode\\node_modules\\express\\lib\\router\\route.js:112:3)\n    at Layer.handle [as handle_request] (D:\\Office\\HorizonAPI\\SourceCode\\node_modules\\express\\lib\\router\\layer.js:95:5)\n    at D:\\Office\\HorizonAPI\\SourceCode\\node_modules\\express\\lib\\router\\index.js:277:22\n    at param (D:\\Office\\HorizonAPI\\SourceCode\\node_modules\\express\\lib\\router\\index.js:349:14)\n    at param (D:\\Office\\HorizonAPI\\SourceCode\\node_modules\\express\\lib\\router\\index.js:365:14)\n    at Function.process_params (D:\\Office\\HorizonAPI\\SourceCode\\node_modules\\express\\lib\\router\\index.js:410:3)\n    at next (D:\\Office\\HorizonAPI\\SourceCode\\node_modules\\express\\lib\\router\\index.js:271:10)\n    at Function.handle (D:\\Office\\HorizonAPI\\SourceCode\\node_modules\\express\\lib\\router\\index.js:176:3)\n    at router (D:\\Office\\HorizonAPI\\SourceCode\\node_modules\\express\\lib\\router\\index.js:46:12)\n    at Layer.handle [as handle_request] (D:\\Office\\HorizonAPI\\SourceCode\\node_modules\\express\\lib\\router\\layer.js:95:5)\n    at trim_prefix (D:\\Office\\HorizonAPI\\SourceCode\\node_modules\\express\\lib\\router\\index.js:312:13)\n    at D:\\Office\\HorizonAPI\\SourceCode\\node_modules\\express\\lib\\router\\index.js:280:7\n    at Function.process_params (D:\\Office\\HorizonAPI\\SourceCode\\node_modules\\express\\lib\\router\\index.js:330:12)\n    at next (D:\\Office\\HorizonAPI\\SourceCode\\node_modules\\express\\lib\\router\\index.js:271:10)\n    at D:\\Office\\HorizonAPI\\SourceCode\\node_modules\\express\\lib\\router\\index.js:618:15\n    at next (D:\\Office\\HorizonAPI\\SourceCode\\node_modules\\express\\lib\\router\\index.js:256:14)\n    at Function.handle (D:\\Office\\HorizonAPI\\SourceCode\\node_modules\\express\\lib\\router\\index.js:176:3)\n    at router (D:\\Office\\HorizonAPI\\SourceCode\\node_modules\\express\\lib\\router\\index.js:46:12)\n    at Layer.handle [as handle_request] (D:\\Office\\HorizonAPI\\SourceCode\\node_modules\\express\\lib\\router\\layer.js:95:5)","timestamp":"6:40:31 PM"}
{"level":"info","message":"erro in otp verification ReferenceError: otp is not defined\n    at D:\\Office\\HorizonAPI\\SourceCode\\routes\\quote.js:7587:9\n    at Layer.handle [as handle_request] (D:\\Office\\HorizonAPI\\SourceCode\\node_modules\\express\\lib\\router\\layer.js:95:5)\n    at next (D:\\Office\\HorizonAPI\\SourceCode\\node_modules\\express\\lib\\router\\route.js:131:13)\n    at Route.dispatch (D:\\Office\\HorizonAPI\\SourceCode\\node_modules\\express\\lib\\router\\route.js:112:3)\n    at Layer.handle [as handle_request] (D:\\Office\\HorizonAPI\\SourceCode\\node_modules\\express\\lib\\router\\layer.js:95:5)\n    at D:\\Office\\HorizonAPI\\SourceCode\\node_modules\\express\\lib\\router\\index.js:277:22\n    at param (D:\\Office\\HorizonAPI\\SourceCode\\node_modules\\express\\lib\\router\\index.js:349:14)\n    at param (D:\\Office\\HorizonAPI\\SourceCode\\node_modules\\express\\lib\\router\\index.js:365:14)\n    at Function.process_params (D:\\Office\\HorizonAPI\\SourceCode\\node_modules\\express\\lib\\router\\index.js:410:3)\n    at next (D:\\Office\\HorizonAPI\\SourceCode\\node_modules\\express\\lib\\router\\index.js:271:10)\n    at Function.handle (D:\\Office\\HorizonAPI\\SourceCode\\node_modules\\express\\lib\\router\\index.js:176:3)\n    at router (D:\\Office\\HorizonAPI\\SourceCode\\node_modules\\express\\lib\\router\\index.js:46:12)\n    at Layer.handle [as handle_request] (D:\\Office\\HorizonAPI\\SourceCode\\node_modules\\express\\lib\\router\\layer.js:95:5)\n    at trim_prefix (D:\\Office\\HorizonAPI\\SourceCode\\node_modules\\express\\lib\\router\\index.js:312:13)\n    at D:\\Office\\HorizonAPI\\SourceCode\\node_modules\\express\\lib\\router\\index.js:280:7\n    at Function.process_params (D:\\Office\\HorizonAPI\\SourceCode\\node_modules\\express\\lib\\router\\index.js:330:12)\n    at next (D:\\Office\\HorizonAPI\\SourceCode\\node_modules\\express\\lib\\router\\index.js:271:10)\n    at D:\\Office\\HorizonAPI\\SourceCode\\node_modules\\express\\lib\\router\\index.js:618:15\n    at next (D:\\Office\\HorizonAPI\\SourceCode\\node_modules\\express\\lib\\router\\index.js:256:14)\n    at Function.handle (D:\\Office\\HorizonAPI\\SourceCode\\node_modules\\express\\lib\\router\\index.js:176:3)\n    at router (D:\\Office\\HorizonAPI\\SourceCode\\node_modules\\express\\lib\\router\\index.js:46:12)\n    at Layer.handle [as handle_request] (D:\\Office\\HorizonAPI\\SourceCode\\node_modules\\express\\lib\\router\\layer.js:95:5)","timestamp":"6:40:50 PM"}
{"level":"info","message":"erro in otp verification ReferenceError: otp is not defined\n    at D:\\Office\\HorizonAPI\\SourceCode\\routes\\quote.js:7587:9\n    at Layer.handle [as handle_request] (D:\\Office\\HorizonAPI\\SourceCode\\node_modules\\express\\lib\\router\\layer.js:95:5)\n    at next (D:\\Office\\HorizonAPI\\SourceCode\\node_modules\\express\\lib\\router\\route.js:131:13)\n    at Route.dispatch (D:\\Office\\HorizonAPI\\SourceCode\\node_modules\\express\\lib\\router\\route.js:112:3)\n    at Layer.handle [as handle_request] (D:\\Office\\HorizonAPI\\SourceCode\\node_modules\\express\\lib\\router\\layer.js:95:5)\n    at D:\\Office\\HorizonAPI\\SourceCode\\node_modules\\express\\lib\\router\\index.js:277:22\n    at param (D:\\Office\\HorizonAPI\\SourceCode\\node_modules\\express\\lib\\router\\index.js:349:14)\n    at param (D:\\Office\\HorizonAPI\\SourceCode\\node_modules\\express\\lib\\router\\index.js:365:14)\n    at Function.process_params (D:\\Office\\HorizonAPI\\SourceCode\\node_modules\\express\\lib\\router\\index.js:410:3)\n    at next (D:\\Office\\HorizonAPI\\SourceCode\\node_modules\\express\\lib\\router\\index.js:271:10)\n    at Function.handle (D:\\Office\\HorizonAPI\\SourceCode\\node_modules\\express\\lib\\router\\index.js:176:3)\n    at router (D:\\Office\\HorizonAPI\\SourceCode\\node_modules\\express\\lib\\router\\index.js:46:12)\n    at Layer.handle [as handle_request] (D:\\Office\\HorizonAPI\\SourceCode\\node_modules\\express\\lib\\router\\layer.js:95:5)\n    at trim_prefix (D:\\Office\\HorizonAPI\\SourceCode\\node_modules\\express\\lib\\router\\index.js:312:13)\n    at D:\\Office\\HorizonAPI\\SourceCode\\node_modules\\express\\lib\\router\\index.js:280:7\n    at Function.process_params (D:\\Office\\HorizonAPI\\SourceCode\\node_modules\\express\\lib\\router\\index.js:330:12)\n    at next (D:\\Office\\HorizonAPI\\SourceCode\\node_modules\\express\\lib\\router\\index.js:271:10)\n    at D:\\Office\\HorizonAPI\\SourceCode\\node_modules\\express\\lib\\router\\index.js:618:15\n    at next (D:\\Office\\HorizonAPI\\SourceCode\\node_modules\\express\\lib\\router\\index.js:256:14)\n    at Function.handle (D:\\Office\\HorizonAPI\\SourceCode\\node_modules\\express\\lib\\router\\index.js:176:3)\n    at router (D:\\Office\\HorizonAPI\\SourceCode\\node_modules\\express\\lib\\router\\index.js:46:12)\n    at Layer.handle [as handle_request] (D:\\Office\\HorizonAPI\\SourceCode\\node_modules\\express\\lib\\router\\layer.js:95:5)","timestamp":"6:40:50 PM"}
{"level":"info","message":"erro in otp verification ReferenceError: otp is not defined\n    at D:\\Office\\HorizonAPI\\SourceCode\\routes\\quote.js:7587:9\n    at Layer.handle [as handle_request] (D:\\Office\\HorizonAPI\\SourceCode\\node_modules\\express\\lib\\router\\layer.js:95:5)\n    at next (D:\\Office\\HorizonAPI\\SourceCode\\node_modules\\express\\lib\\router\\route.js:131:13)\n    at Route.dispatch (D:\\Office\\HorizonAPI\\SourceCode\\node_modules\\express\\lib\\router\\route.js:112:3)\n    at Layer.handle [as handle_request] (D:\\Office\\HorizonAPI\\SourceCode\\node_modules\\express\\lib\\router\\layer.js:95:5)\n    at D:\\Office\\HorizonAPI\\SourceCode\\node_modules\\express\\lib\\router\\index.js:277:22\n    at param (D:\\Office\\HorizonAPI\\SourceCode\\node_modules\\express\\lib\\router\\index.js:349:14)\n    at param (D:\\Office\\HorizonAPI\\SourceCode\\node_modules\\express\\lib\\router\\index.js:365:14)\n    at Function.process_params (D:\\Office\\HorizonAPI\\SourceCode\\node_modules\\express\\lib\\router\\index.js:410:3)\n    at next (D:\\Office\\HorizonAPI\\SourceCode\\node_modules\\express\\lib\\router\\index.js:271:10)\n    at Function.handle (D:\\Office\\HorizonAPI\\SourceCode\\node_modules\\express\\lib\\router\\index.js:176:3)\n    at router (D:\\Office\\HorizonAPI\\SourceCode\\node_modules\\express\\lib\\router\\index.js:46:12)\n    at Layer.handle [as handle_request] (D:\\Office\\HorizonAPI\\SourceCode\\node_modules\\express\\lib\\router\\layer.js:95:5)\n    at trim_prefix (D:\\Office\\HorizonAPI\\SourceCode\\node_modules\\express\\lib\\router\\index.js:312:13)\n    at D:\\Office\\HorizonAPI\\SourceCode\\node_modules\\express\\lib\\router\\index.js:280:7\n    at Function.process_params (D:\\Office\\HorizonAPI\\SourceCode\\node_modules\\express\\lib\\router\\index.js:330:12)\n    at next (D:\\Office\\HorizonAPI\\SourceCode\\node_modules\\express\\lib\\router\\index.js:271:10)\n    at D:\\Office\\HorizonAPI\\SourceCode\\node_modules\\express\\lib\\router\\index.js:618:15\n    at next (D:\\Office\\HorizonAPI\\SourceCode\\node_modules\\express\\lib\\router\\index.js:256:14)\n    at Function.handle (D:\\Office\\HorizonAPI\\SourceCode\\node_modules\\express\\lib\\router\\index.js:176:3)\n    at router (D:\\Office\\HorizonAPI\\SourceCode\\node_modules\\express\\lib\\router\\index.js:46:12)\n    at Layer.handle [as handle_request] (D:\\Office\\HorizonAPI\\SourceCode\\node_modules\\express\\lib\\router\\layer.js:95:5)","timestamp":"6:40:50 PM"}
{"level":"info","message":"erro in otp verification ReferenceError: otp is not defined\n    at D:\\Office\\HorizonAPI\\SourceCode\\routes\\quote.js:7587:9\n    at Layer.handle [as handle_request] (D:\\Office\\HorizonAPI\\SourceCode\\node_modules\\express\\lib\\router\\layer.js:95:5)\n    at next (D:\\Office\\HorizonAPI\\SourceCode\\node_modules\\express\\lib\\router\\route.js:131:13)\n    at Route.dispatch (D:\\Office\\HorizonAPI\\SourceCode\\node_modules\\express\\lib\\router\\route.js:112:3)\n    at Layer.handle [as handle_request] (D:\\Office\\HorizonAPI\\SourceCode\\node_modules\\express\\lib\\router\\layer.js:95:5)\n    at D:\\Office\\HorizonAPI\\SourceCode\\node_modules\\express\\lib\\router\\index.js:277:22\n    at param (D:\\Office\\HorizonAPI\\SourceCode\\node_modules\\express\\lib\\router\\index.js:349:14)\n    at param (D:\\Office\\HorizonAPI\\SourceCode\\node_modules\\express\\lib\\router\\index.js:365:14)\n    at Function.process_params (D:\\Office\\HorizonAPI\\SourceCode\\node_modules\\express\\lib\\router\\index.js:410:3)\n    at next (D:\\Office\\HorizonAPI\\SourceCode\\node_modules\\express\\lib\\router\\index.js:271:10)\n    at Function.handle (D:\\Office\\HorizonAPI\\SourceCode\\node_modules\\express\\lib\\router\\index.js:176:3)\n    at router (D:\\Office\\HorizonAPI\\SourceCode\\node_modules\\express\\lib\\router\\index.js:46:12)\n    at Layer.handle [as handle_request] (D:\\Office\\HorizonAPI\\SourceCode\\node_modules\\express\\lib\\router\\layer.js:95:5)\n    at trim_prefix (D:\\Office\\HorizonAPI\\SourceCode\\node_modules\\express\\lib\\router\\index.js:312:13)\n    at D:\\Office\\HorizonAPI\\SourceCode\\node_modules\\express\\lib\\router\\index.js:280:7\n    at Function.process_params (D:\\Office\\HorizonAPI\\SourceCode\\node_modules\\express\\lib\\router\\index.js:330:12)\n    at next (D:\\Office\\HorizonAPI\\SourceCode\\node_modules\\express\\lib\\router\\index.js:271:10)\n    at D:\\Office\\HorizonAPI\\SourceCode\\node_modules\\express\\lib\\router\\index.js:618:15\n    at next (D:\\Office\\HorizonAPI\\SourceCode\\node_modules\\express\\lib\\router\\index.js:256:14)\n    at Function.handle (D:\\Office\\HorizonAPI\\SourceCode\\node_modules\\express\\lib\\router\\index.js:176:3)\n    at router (D:\\Office\\HorizonAPI\\SourceCode\\node_modules\\express\\lib\\router\\index.js:46:12)\n    at Layer.handle [as handle_request] (D:\\Office\\HorizonAPI\\SourceCode\\node_modules\\express\\lib\\router\\layer.js:95:5)","timestamp":"6:41:07 PM"}
{"level":"info","message":"erro in otp verification ReferenceError: otp is not defined\n    at D:\\Office\\HorizonAPI\\SourceCode\\routes\\quote.js:7587:9\n    at Layer.handle [as handle_request] (D:\\Office\\HorizonAPI\\SourceCode\\node_modules\\express\\lib\\router\\layer.js:95:5)\n    at next (D:\\Office\\HorizonAPI\\SourceCode\\node_modules\\express\\lib\\router\\route.js:131:13)\n    at Route.dispatch (D:\\Office\\HorizonAPI\\SourceCode\\node_modules\\express\\lib\\router\\route.js:112:3)\n    at Layer.handle [as handle_request] (D:\\Office\\HorizonAPI\\SourceCode\\node_modules\\express\\lib\\router\\layer.js:95:5)\n    at D:\\Office\\HorizonAPI\\SourceCode\\node_modules\\express\\lib\\router\\index.js:277:22\n    at param (D:\\Office\\HorizonAPI\\SourceCode\\node_modules\\express\\lib\\router\\index.js:349:14)\n    at param (D:\\Office\\HorizonAPI\\SourceCode\\node_modules\\express\\lib\\router\\index.js:365:14)\n    at Function.process_params (D:\\Office\\HorizonAPI\\SourceCode\\node_modules\\express\\lib\\router\\index.js:410:3)\n    at next (D:\\Office\\HorizonAPI\\SourceCode\\node_modules\\express\\lib\\router\\index.js:271:10)\n    at Function.handle (D:\\Office\\HorizonAPI\\SourceCode\\node_modules\\express\\lib\\router\\index.js:176:3)\n    at router (D:\\Office\\HorizonAPI\\SourceCode\\node_modules\\express\\lib\\router\\index.js:46:12)\n    at Layer.handle [as handle_request] (D:\\Office\\HorizonAPI\\SourceCode\\node_modules\\express\\lib\\router\\layer.js:95:5)\n    at trim_prefix (D:\\Office\\HorizonAPI\\SourceCode\\node_modules\\express\\lib\\router\\index.js:312:13)\n    at D:\\Office\\HorizonAPI\\SourceCode\\node_modules\\express\\lib\\router\\index.js:280:7\n    at Function.process_params (D:\\Office\\HorizonAPI\\SourceCode\\node_modules\\express\\lib\\router\\index.js:330:12)\n    at next (D:\\Office\\HorizonAPI\\SourceCode\\node_modules\\express\\lib\\router\\index.js:271:10)\n    at D:\\Office\\HorizonAPI\\SourceCode\\node_modules\\express\\lib\\router\\index.js:618:15\n    at next (D:\\Office\\HorizonAPI\\SourceCode\\node_modules\\express\\lib\\router\\index.js:256:14)\n    at Function.handle (D:\\Office\\HorizonAPI\\SourceCode\\node_modules\\express\\lib\\router\\index.js:176:3)\n    at router (D:\\Office\\HorizonAPI\\SourceCode\\node_modules\\express\\lib\\router\\index.js:46:12)\n    at Layer.handle [as handle_request] (D:\\Office\\HorizonAPI\\SourceCode\\node_modules\\express\\lib\\router\\layer.js:95:5)","timestamp":"6:41:19 PM"}
{"level":"info","message":"erro in otp verification ReferenceError: otp is not defined\n    at D:\\Office\\HorizonAPI\\SourceCode\\routes\\quote.js:7587:9\n    at Layer.handle [as handle_request] (D:\\Office\\HorizonAPI\\SourceCode\\node_modules\\express\\lib\\router\\layer.js:95:5)\n    at next (D:\\Office\\HorizonAPI\\SourceCode\\node_modules\\express\\lib\\router\\route.js:131:13)\n    at Route.dispatch (D:\\Office\\HorizonAPI\\SourceCode\\node_modules\\express\\lib\\router\\route.js:112:3)\n    at Layer.handle [as handle_request] (D:\\Office\\HorizonAPI\\SourceCode\\node_modules\\express\\lib\\router\\layer.js:95:5)\n    at D:\\Office\\HorizonAPI\\SourceCode\\node_modules\\express\\lib\\router\\index.js:277:22\n    at param (D:\\Office\\HorizonAPI\\SourceCode\\node_modules\\express\\lib\\router\\index.js:349:14)\n    at param (D:\\Office\\HorizonAPI\\SourceCode\\node_modules\\express\\lib\\router\\index.js:365:14)\n    at Function.process_params (D:\\Office\\HorizonAPI\\SourceCode\\node_modules\\express\\lib\\router\\index.js:410:3)\n    at next (D:\\Office\\HorizonAPI\\SourceCode\\node_modules\\express\\lib\\router\\index.js:271:10)\n    at Function.handle (D:\\Office\\HorizonAPI\\SourceCode\\node_modules\\express\\lib\\router\\index.js:176:3)\n    at router (D:\\Office\\HorizonAPI\\SourceCode\\node_modules\\express\\lib\\router\\index.js:46:12)\n    at Layer.handle [as handle_request] (D:\\Office\\HorizonAPI\\SourceCode\\node_modules\\express\\lib\\router\\layer.js:95:5)\n    at trim_prefix (D:\\Office\\HorizonAPI\\SourceCode\\node_modules\\express\\lib\\router\\index.js:312:13)\n    at D:\\Office\\HorizonAPI\\SourceCode\\node_modules\\express\\lib\\router\\index.js:280:7\n    at Function.process_params (D:\\Office\\HorizonAPI\\SourceCode\\node_modules\\express\\lib\\router\\index.js:330:12)\n    at next (D:\\Office\\HorizonAPI\\SourceCode\\node_modules\\express\\lib\\router\\index.js:271:10)\n    at D:\\Office\\HorizonAPI\\SourceCode\\node_modules\\express\\lib\\router\\index.js:618:15\n    at next (D:\\Office\\HorizonAPI\\SourceCode\\node_modules\\express\\lib\\router\\index.js:256:14)\n    at Function.handle (D:\\Office\\HorizonAPI\\SourceCode\\node_modules\\express\\lib\\router\\index.js:176:3)\n    at router (D:\\Office\\HorizonAPI\\SourceCode\\node_modules\\express\\lib\\router\\index.js:46:12)\n    at Layer.handle [as handle_request] (D:\\Office\\HorizonAPI\\SourceCode\\node_modules\\express\\lib\\router\\layer.js:95:5)","timestamp":"6:41:40 PM"}
{"level":"info","message":"erro in otp verification ReferenceError: otp is not defined\n    at D:\\Office\\HorizonAPI\\SourceCode\\routes\\quote.js:7587:9\n    at Layer.handle [as handle_request] (D:\\Office\\HorizonAPI\\SourceCode\\node_modules\\express\\lib\\router\\layer.js:95:5)\n    at next (D:\\Office\\HorizonAPI\\SourceCode\\node_modules\\express\\lib\\router\\route.js:131:13)\n    at Route.dispatch (D:\\Office\\HorizonAPI\\SourceCode\\node_modules\\express\\lib\\router\\route.js:112:3)\n    at Layer.handle [as handle_request] (D:\\Office\\HorizonAPI\\SourceCode\\node_modules\\express\\lib\\router\\layer.js:95:5)\n    at D:\\Office\\HorizonAPI\\SourceCode\\node_modules\\express\\lib\\router\\index.js:277:22\n    at param (D:\\Office\\HorizonAPI\\SourceCode\\node_modules\\express\\lib\\router\\index.js:349:14)\n    at param (D:\\Office\\HorizonAPI\\SourceCode\\node_modules\\express\\lib\\router\\index.js:365:14)\n    at Function.process_params (D:\\Office\\HorizonAPI\\SourceCode\\node_modules\\express\\lib\\router\\index.js:410:3)\n    at next (D:\\Office\\HorizonAPI\\SourceCode\\node_modules\\express\\lib\\router\\index.js:271:10)\n    at Function.handle (D:\\Office\\HorizonAPI\\SourceCode\\node_modules\\express\\lib\\router\\index.js:176:3)\n    at router (D:\\Office\\HorizonAPI\\SourceCode\\node_modules\\express\\lib\\router\\index.js:46:12)\n    at Layer.handle [as handle_request] (D:\\Office\\HorizonAPI\\SourceCode\\node_modules\\express\\lib\\router\\layer.js:95:5)\n    at trim_prefix (D:\\Office\\HorizonAPI\\SourceCode\\node_modules\\express\\lib\\router\\index.js:312:13)\n    at D:\\Office\\HorizonAPI\\SourceCode\\node_modules\\express\\lib\\router\\index.js:280:7\n    at Function.process_params (D:\\Office\\HorizonAPI\\SourceCode\\node_modules\\express\\lib\\router\\index.js:330:12)\n    at next (D:\\Office\\HorizonAPI\\SourceCode\\node_modules\\express\\lib\\router\\index.js:271:10)\n    at D:\\Office\\HorizonAPI\\SourceCode\\node_modules\\express\\lib\\router\\index.js:618:15\n    at next (D:\\Office\\HorizonAPI\\SourceCode\\node_modules\\express\\lib\\router\\index.js:256:14)\n    at Function.handle (D:\\Office\\HorizonAPI\\SourceCode\\node_modules\\express\\lib\\router\\index.js:176:3)\n    at router (D:\\Office\\HorizonAPI\\SourceCode\\node_modules\\express\\lib\\router\\index.js:46:12)\n    at Layer.handle [as handle_request] (D:\\Office\\HorizonAPI\\SourceCode\\node_modules\\express\\lib\\router\\layer.js:95:5)","timestamp":"6:42:37 PM"}
{"level":"info","message":"erro in otp verification ReferenceError: otp is not defined\n    at D:\\Office\\HorizonAPI\\SourceCode\\routes\\quote.js:7587:9\n    at Layer.handle [as handle_request] (D:\\Office\\HorizonAPI\\SourceCode\\node_modules\\express\\lib\\router\\layer.js:95:5)\n    at next (D:\\Office\\HorizonAPI\\SourceCode\\node_modules\\express\\lib\\router\\route.js:131:13)\n    at Route.dispatch (D:\\Office\\HorizonAPI\\SourceCode\\node_modules\\express\\lib\\router\\route.js:112:3)\n    at Layer.handle [as handle_request] (D:\\Office\\HorizonAPI\\SourceCode\\node_modules\\express\\lib\\router\\layer.js:95:5)\n    at D:\\Office\\HorizonAPI\\SourceCode\\node_modules\\express\\lib\\router\\index.js:277:22\n    at param (D:\\Office\\HorizonAPI\\SourceCode\\node_modules\\express\\lib\\router\\index.js:349:14)\n    at param (D:\\Office\\HorizonAPI\\SourceCode\\node_modules\\express\\lib\\router\\index.js:365:14)\n    at Function.process_params (D:\\Office\\HorizonAPI\\SourceCode\\node_modules\\express\\lib\\router\\index.js:410:3)\n    at next (D:\\Office\\HorizonAPI\\SourceCode\\node_modules\\express\\lib\\router\\index.js:271:10)\n    at Function.handle (D:\\Office\\HorizonAPI\\SourceCode\\node_modules\\express\\lib\\router\\index.js:176:3)\n    at router (D:\\Office\\HorizonAPI\\SourceCode\\node_modules\\express\\lib\\router\\index.js:46:12)\n    at Layer.handle [as handle_request] (D:\\Office\\HorizonAPI\\SourceCode\\node_modules\\express\\lib\\router\\layer.js:95:5)\n    at trim_prefix (D:\\Office\\HorizonAPI\\SourceCode\\node_modules\\express\\lib\\router\\index.js:312:13)\n    at D:\\Office\\HorizonAPI\\SourceCode\\node_modules\\express\\lib\\router\\index.js:280:7\n    at Function.process_params (D:\\Office\\HorizonAPI\\SourceCode\\node_modules\\express\\lib\\router\\index.js:330:12)\n    at next (D:\\Office\\HorizonAPI\\SourceCode\\node_modules\\express\\lib\\router\\index.js:271:10)\n    at D:\\Office\\HorizonAPI\\SourceCode\\node_modules\\express\\lib\\router\\index.js:618:15\n    at next (D:\\Office\\HorizonAPI\\SourceCode\\node_modules\\express\\lib\\router\\index.js:256:14)\n    at Function.handle (D:\\Office\\HorizonAPI\\SourceCode\\node_modules\\express\\lib\\router\\index.js:176:3)\n    at router (D:\\Office\\HorizonAPI\\SourceCode\\node_modules\\express\\lib\\router\\index.js:46:12)\n    at Layer.handle [as handle_request] (D:\\Office\\HorizonAPI\\SourceCode\\node_modules\\express\\lib\\router\\layer.js:95:5)","timestamp":"6:43:14 PM"}
{"level":"info","message":"erro in otp verification ReferenceError: otp is not defined\n    at D:\\Office\\HorizonAPI\\SourceCode\\routes\\quote.js:7587:9\n    at Layer.handle [as handle_request] (D:\\Office\\HorizonAPI\\SourceCode\\node_modules\\express\\lib\\router\\layer.js:95:5)\n    at next (D:\\Office\\HorizonAPI\\SourceCode\\node_modules\\express\\lib\\router\\route.js:131:13)\n    at Route.dispatch (D:\\Office\\HorizonAPI\\SourceCode\\node_modules\\express\\lib\\router\\route.js:112:3)\n    at Layer.handle [as handle_request] (D:\\Office\\HorizonAPI\\SourceCode\\node_modules\\express\\lib\\router\\layer.js:95:5)\n    at D:\\Office\\HorizonAPI\\SourceCode\\node_modules\\express\\lib\\router\\index.js:277:22\n    at param (D:\\Office\\HorizonAPI\\SourceCode\\node_modules\\express\\lib\\router\\index.js:349:14)\n    at param (D:\\Office\\HorizonAPI\\SourceCode\\node_modules\\express\\lib\\router\\index.js:365:14)\n    at Function.process_params (D:\\Office\\HorizonAPI\\SourceCode\\node_modules\\express\\lib\\router\\index.js:410:3)\n    at next (D:\\Office\\HorizonAPI\\SourceCode\\node_modules\\express\\lib\\router\\index.js:271:10)\n    at Function.handle (D:\\Office\\HorizonAPI\\SourceCode\\node_modules\\express\\lib\\router\\index.js:176:3)\n    at router (D:\\Office\\HorizonAPI\\SourceCode\\node_modules\\express\\lib\\router\\index.js:46:12)\n    at Layer.handle [as handle_request] (D:\\Office\\HorizonAPI\\SourceCode\\node_modules\\express\\lib\\router\\layer.js:95:5)\n    at trim_prefix (D:\\Office\\HorizonAPI\\SourceCode\\node_modules\\express\\lib\\router\\index.js:312:13)\n    at D:\\Office\\HorizonAPI\\SourceCode\\node_modules\\express\\lib\\router\\index.js:280:7\n    at Function.process_params (D:\\Office\\HorizonAPI\\SourceCode\\node_modules\\express\\lib\\router\\index.js:330:12)\n    at next (D:\\Office\\HorizonAPI\\SourceCode\\node_modules\\express\\lib\\router\\index.js:271:10)\n    at D:\\Office\\HorizonAPI\\SourceCode\\node_modules\\express\\lib\\router\\index.js:618:15\n    at next (D:\\Office\\HorizonAPI\\SourceCode\\node_modules\\express\\lib\\router\\index.js:256:14)\n    at Function.handle (D:\\Office\\HorizonAPI\\SourceCode\\node_modules\\express\\lib\\router\\index.js:176:3)\n    at router (D:\\Office\\HorizonAPI\\SourceCode\\node_modules\\express\\lib\\router\\index.js:46:12)\n    at Layer.handle [as handle_request] (D:\\Office\\HorizonAPI\\SourceCode\\node_modules\\express\\lib\\router\\layer.js:95:5)","timestamp":"6:45:29 PM"}
{"level":"info","message":"erro in otp verification ReferenceError: otp is not defined\n    at D:\\Office\\HorizonAPI\\SourceCode\\routes\\quote.js:7587:9\n    at Layer.handle [as handle_request] (D:\\Office\\HorizonAPI\\SourceCode\\node_modules\\express\\lib\\router\\layer.js:95:5)\n    at next (D:\\Office\\HorizonAPI\\SourceCode\\node_modules\\express\\lib\\router\\route.js:131:13)\n    at Route.dispatch (D:\\Office\\HorizonAPI\\SourceCode\\node_modules\\express\\lib\\router\\route.js:112:3)\n    at Layer.handle [as handle_request] (D:\\Office\\HorizonAPI\\SourceCode\\node_modules\\express\\lib\\router\\layer.js:95:5)\n    at D:\\Office\\HorizonAPI\\SourceCode\\node_modules\\express\\lib\\router\\index.js:277:22\n    at param (D:\\Office\\HorizonAPI\\SourceCode\\node_modules\\express\\lib\\router\\index.js:349:14)\n    at param (D:\\Office\\HorizonAPI\\SourceCode\\node_modules\\express\\lib\\router\\index.js:365:14)\n    at Function.process_params (D:\\Office\\HorizonAPI\\SourceCode\\node_modules\\express\\lib\\router\\index.js:410:3)\n    at next (D:\\Office\\HorizonAPI\\SourceCode\\node_modules\\express\\lib\\router\\index.js:271:10)\n    at Function.handle (D:\\Office\\HorizonAPI\\SourceCode\\node_modules\\express\\lib\\router\\index.js:176:3)\n    at router (D:\\Office\\HorizonAPI\\SourceCode\\node_modules\\express\\lib\\router\\index.js:46:12)\n    at Layer.handle [as handle_request] (D:\\Office\\HorizonAPI\\SourceCode\\node_modules\\express\\lib\\router\\layer.js:95:5)\n    at trim_prefix (D:\\Office\\HorizonAPI\\SourceCode\\node_modules\\express\\lib\\router\\index.js:312:13)\n    at D:\\Office\\HorizonAPI\\SourceCode\\node_modules\\express\\lib\\router\\index.js:280:7\n    at Function.process_params (D:\\Office\\HorizonAPI\\SourceCode\\node_modules\\express\\lib\\router\\index.js:330:12)\n    at next (D:\\Office\\HorizonAPI\\SourceCode\\node_modules\\express\\lib\\router\\index.js:271:10)\n    at D:\\Office\\HorizonAPI\\SourceCode\\node_modules\\express\\lib\\router\\index.js:618:15\n    at next (D:\\Office\\HorizonAPI\\SourceCode\\node_modules\\express\\lib\\router\\index.js:256:14)\n    at Function.handle (D:\\Office\\HorizonAPI\\SourceCode\\node_modules\\express\\lib\\router\\index.js:176:3)\n    at router (D:\\Office\\HorizonAPI\\SourceCode\\node_modules\\express\\lib\\router\\index.js:46:12)\n    at Layer.handle [as handle_request] (D:\\Office\\HorizonAPI\\SourceCode\\node_modules\\express\\lib\\router\\layer.js:95:5)","timestamp":"6:48:00 PM"}
{"level":"info","message":"erro in otp verification ReferenceError: otp is not defined\n    at D:\\Office\\HorizonAPI\\SourceCode\\routes\\quote.js:7587:9\n    at Layer.handle [as handle_request] (D:\\Office\\HorizonAPI\\SourceCode\\node_modules\\express\\lib\\router\\layer.js:95:5)\n    at next (D:\\Office\\HorizonAPI\\SourceCode\\node_modules\\express\\lib\\router\\route.js:131:13)\n    at Route.dispatch (D:\\Office\\HorizonAPI\\SourceCode\\node_modules\\express\\lib\\router\\route.js:112:3)\n    at Layer.handle [as handle_request] (D:\\Office\\HorizonAPI\\SourceCode\\node_modules\\express\\lib\\router\\layer.js:95:5)\n    at D:\\Office\\HorizonAPI\\SourceCode\\node_modules\\express\\lib\\router\\index.js:277:22\n    at param (D:\\Office\\HorizonAPI\\SourceCode\\node_modules\\express\\lib\\router\\index.js:349:14)\n    at param (D:\\Office\\HorizonAPI\\SourceCode\\node_modules\\express\\lib\\router\\index.js:365:14)\n    at Function.process_params (D:\\Office\\HorizonAPI\\SourceCode\\node_modules\\express\\lib\\router\\index.js:410:3)\n    at next (D:\\Office\\HorizonAPI\\SourceCode\\node_modules\\express\\lib\\router\\index.js:271:10)\n    at Function.handle (D:\\Office\\HorizonAPI\\SourceCode\\node_modules\\express\\lib\\router\\index.js:176:3)\n    at router (D:\\Office\\HorizonAPI\\SourceCode\\node_modules\\express\\lib\\router\\index.js:46:12)\n    at Layer.handle [as handle_request] (D:\\Office\\HorizonAPI\\SourceCode\\node_modules\\express\\lib\\router\\layer.js:95:5)\n    at trim_prefix (D:\\Office\\HorizonAPI\\SourceCode\\node_modules\\express\\lib\\router\\index.js:312:13)\n    at D:\\Office\\HorizonAPI\\SourceCode\\node_modules\\express\\lib\\router\\index.js:280:7\n    at Function.process_params (D:\\Office\\HorizonAPI\\SourceCode\\node_modules\\express\\lib\\router\\index.js:330:12)\n    at next (D:\\Office\\HorizonAPI\\SourceCode\\node_modules\\express\\lib\\router\\index.js:271:10)\n    at D:\\Office\\HorizonAPI\\SourceCode\\node_modules\\express\\lib\\router\\index.js:618:15\n    at next (D:\\Office\\HorizonAPI\\SourceCode\\node_modules\\express\\lib\\router\\index.js:256:14)\n    at Function.handle (D:\\Office\\HorizonAPI\\SourceCode\\node_modules\\express\\lib\\router\\index.js:176:3)\n    at router (D:\\Office\\HorizonAPI\\SourceCode\\node_modules\\express\\lib\\router\\index.js:46:12)\n    at Layer.handle [as handle_request] (D:\\Office\\HorizonAPI\\SourceCode\\node_modules\\express\\lib\\router\\layer.js:95:5)","timestamp":"6:49:10 PM"}
{"level":"info","message":"erro in otp verification ReferenceError: otp is not defined\n    at D:\\Office\\HorizonAPI\\SourceCode\\routes\\quote.js:7587:9\n    at Layer.handle [as handle_request] (D:\\Office\\HorizonAPI\\SourceCode\\node_modules\\express\\lib\\router\\layer.js:95:5)\n    at next (D:\\Office\\HorizonAPI\\SourceCode\\node_modules\\express\\lib\\router\\route.js:131:13)\n    at Route.dispatch (D:\\Office\\HorizonAPI\\SourceCode\\node_modules\\express\\lib\\router\\route.js:112:3)\n    at Layer.handle [as handle_request] (D:\\Office\\HorizonAPI\\SourceCode\\node_modules\\express\\lib\\router\\layer.js:95:5)\n    at D:\\Office\\HorizonAPI\\SourceCode\\node_modules\\express\\lib\\router\\index.js:277:22\n    at param (D:\\Office\\HorizonAPI\\SourceCode\\node_modules\\express\\lib\\router\\index.js:349:14)\n    at param (D:\\Office\\HorizonAPI\\SourceCode\\node_modules\\express\\lib\\router\\index.js:365:14)\n    at Function.process_params (D:\\Office\\HorizonAPI\\SourceCode\\node_modules\\express\\lib\\router\\index.js:410:3)\n    at next (D:\\Office\\HorizonAPI\\SourceCode\\node_modules\\express\\lib\\router\\index.js:271:10)\n    at Function.handle (D:\\Office\\HorizonAPI\\SourceCode\\node_modules\\express\\lib\\router\\index.js:176:3)\n    at router (D:\\Office\\HorizonAPI\\SourceCode\\node_modules\\express\\lib\\router\\index.js:46:12)\n    at Layer.handle [as handle_request] (D:\\Office\\HorizonAPI\\SourceCode\\node_modules\\express\\lib\\router\\layer.js:95:5)\n    at trim_prefix (D:\\Office\\HorizonAPI\\SourceCode\\node_modules\\express\\lib\\router\\index.js:312:13)\n    at D:\\Office\\HorizonAPI\\SourceCode\\node_modules\\express\\lib\\router\\index.js:280:7\n    at Function.process_params (D:\\Office\\HorizonAPI\\SourceCode\\node_modules\\express\\lib\\router\\index.js:330:12)\n    at next (D:\\Office\\HorizonAPI\\SourceCode\\node_modules\\express\\lib\\router\\index.js:271:10)\n    at D:\\Office\\HorizonAPI\\SourceCode\\node_modules\\express\\lib\\router\\index.js:618:15\n    at next (D:\\Office\\HorizonAPI\\SourceCode\\node_modules\\express\\lib\\router\\index.js:256:14)\n    at Function.handle (D:\\Office\\HorizonAPI\\SourceCode\\node_modules\\express\\lib\\router\\index.js:176:3)\n    at router (D:\\Office\\HorizonAPI\\SourceCode\\node_modules\\express\\lib\\router\\index.js:46:12)\n    at Layer.handle [as handle_request] (D:\\Office\\HorizonAPI\\SourceCode\\node_modules\\express\\lib\\router\\layer.js:95:5)","timestamp":"6:49:25 PM"}
{"level":"info","message":"erro in otp verification ReferenceError: otp is not defined\n    at D:\\Office\\HorizonAPI\\SourceCode\\routes\\quote.js:7587:9\n    at Layer.handle [as handle_request] (D:\\Office\\HorizonAPI\\SourceCode\\node_modules\\express\\lib\\router\\layer.js:95:5)\n    at next (D:\\Office\\HorizonAPI\\SourceCode\\node_modules\\express\\lib\\router\\route.js:131:13)\n    at Route.dispatch (D:\\Office\\HorizonAPI\\SourceCode\\node_modules\\express\\lib\\router\\route.js:112:3)\n    at Layer.handle [as handle_request] (D:\\Office\\HorizonAPI\\SourceCode\\node_modules\\express\\lib\\router\\layer.js:95:5)\n    at D:\\Office\\HorizonAPI\\SourceCode\\node_modules\\express\\lib\\router\\index.js:277:22\n    at param (D:\\Office\\HorizonAPI\\SourceCode\\node_modules\\express\\lib\\router\\index.js:349:14)\n    at param (D:\\Office\\HorizonAPI\\SourceCode\\node_modules\\express\\lib\\router\\index.js:365:14)\n    at Function.process_params (D:\\Office\\HorizonAPI\\SourceCode\\node_modules\\express\\lib\\router\\index.js:410:3)\n    at next (D:\\Office\\HorizonAPI\\SourceCode\\node_modules\\express\\lib\\router\\index.js:271:10)\n    at Function.handle (D:\\Office\\HorizonAPI\\SourceCode\\node_modules\\express\\lib\\router\\index.js:176:3)\n    at router (D:\\Office\\HorizonAPI\\SourceCode\\node_modules\\express\\lib\\router\\index.js:46:12)\n    at Layer.handle [as handle_request] (D:\\Office\\HorizonAPI\\SourceCode\\node_modules\\express\\lib\\router\\layer.js:95:5)\n    at trim_prefix (D:\\Office\\HorizonAPI\\SourceCode\\node_modules\\express\\lib\\router\\index.js:312:13)\n    at D:\\Office\\HorizonAPI\\SourceCode\\node_modules\\express\\lib\\router\\index.js:280:7\n    at Function.process_params (D:\\Office\\HorizonAPI\\SourceCode\\node_modules\\express\\lib\\router\\index.js:330:12)\n    at next (D:\\Office\\HorizonAPI\\SourceCode\\node_modules\\express\\lib\\router\\index.js:271:10)\n    at D:\\Office\\HorizonAPI\\SourceCode\\node_modules\\express\\lib\\router\\index.js:618:15\n    at next (D:\\Office\\HorizonAPI\\SourceCode\\node_modules\\express\\lib\\router\\index.js:256:14)\n    at Function.handle (D:\\Office\\HorizonAPI\\SourceCode\\node_modules\\express\\lib\\router\\index.js:176:3)\n    at router (D:\\Office\\HorizonAPI\\SourceCode\\node_modules\\express\\lib\\router\\index.js:46:12)\n    at Layer.handle [as handle_request] (D:\\Office\\HorizonAPI\\SourceCode\\node_modules\\express\\lib\\router\\layer.js:95:5)","timestamp":"6:50:42 PM"}
