{"level":"info","message":"$$$$$$$$$$$$$$$$$$$$$$$$","timestamp":"9:59:28 AM"}
{"meta":"","level":"info","message":"","timestamp":"9:59:28 AM"}
{"level":"info","message":"Development Environment is Listening on port 3000","timestamp":"9:59:28 AM"}
{"level":"info","message":"Web URL : http://localhost:3000","timestamp":"9:59:28 AM"}
{"meta":"","level":"info","message":"","timestamp":"9:59:28 AM"}
{"level":"info","message":"$$$$$$$$$$$$$$$$$$$$$$$$","timestamp":"9:59:28 AM"}
{"meta":"","level":"info","message":"","timestamp":"9:59:28 AM"}
{"level":"info","message":"$$$$$$$$$$$$$$$$$$$$$$$$","timestamp":"1:34:26 PM"}
{"meta":"","level":"info","message":"","timestamp":"1:34:26 PM"}
{"level":"info","message":"Development Environment is Listening on port 3000","timestamp":"1:34:26 PM"}
{"level":"info","message":"Web URL : http://localhost:3000","timestamp":"1:34:26 PM"}
{"meta":"","level":"info","message":"","timestamp":"1:34:26 PM"}
{"level":"info","message":"$$$$$$$$$$$$$$$$$$$$$$$$","timestamp":"1:34:26 PM"}
{"meta":"","level":"info","message":"","timestamp":"1:34:26 PM"}
{"level":"info","message":"$$$$$$$$$$$$$$$$$$$$$$$$","timestamp":"4:56:13 PM"}
{"meta":"","level":"info","message":"","timestamp":"4:56:13 PM"}
{"level":"info","message":"Development Environment is Listening on port 3000","timestamp":"4:56:13 PM"}
{"level":"info","message":"Web URL : http://localhost:3000","timestamp":"4:56:13 PM"}
{"meta":"","level":"info","message":"","timestamp":"4:56:13 PM"}
{"level":"info","message":"$$$$$$$$$$$$$$$$$$$$$$$$","timestamp":"4:56:13 PM"}
{"meta":"","level":"info","message":"","timestamp":"4:56:13 PM"}
