{"level":"info","message":"$$$$$$$$$$$$$$$$$$$$$$$$","timestamp":"10:36:17 AM"}
{"meta":"","level":"info","message":"","timestamp":"10:36:17 AM"}
{"level":"info","message":"Development Environment is Listening on port 3000","timestamp":"10:36:17 AM"}
{"level":"info","message":"Web URL : http://localhost:3000","timestamp":"10:36:17 AM"}
{"meta":"","level":"info","message":"","timestamp":"10:36:17 AM"}
{"level":"info","message":"$$$$$$$$$$$$$$$$$$$$$$$$","timestamp":"10:36:17 AM"}
{"meta":"","level":"info","message":"","timestamp":"10:36:17 AM"}
{"level":"info","message":"sucess","timestamp":"10:36:22 AM"}
{"level":"info","message":"\"abhay here\"","timestamp":"10:36:22 AM"}
{"level":"info","message":"\"abhay here\"","timestamp":"10:36:22 AM"}
{"level":"info","message":"\"abhay here\"","timestamp":"10:36:22 AM"}
{"level":"info","message":"\"abhay here\"","timestamp":"10:36:22 AM"}
{"level":"info","message":"\"abhay here\"","timestamp":"10:36:22 AM"}
{"level":"info","message":"\"abhay here\"","timestamp":"10:36:22 AM"}
{"level":"info","message":"sucess","timestamp":"10:36:22 AM"}
{"level":"info","message":"\"abhay here\"","timestamp":"10:36:22 AM"}
{"level":"info","message":"sucess","timestamp":"10:36:22 AM"}
{"level":"info","message":"sucess","timestamp":"10:36:22 AM"}
{"level":"info","message":"sucess","timestamp":"10:36:22 AM"}
{"level":"info","message":"\"abhay here\"","timestamp":"10:36:22 AM"}
{"level":"info","message":"sucess","timestamp":"10:36:22 AM"}
{"level":"info","message":"sucess","timestamp":"10:36:23 AM"}
{"level":"info","message":"sucess","timestamp":"10:36:23 AM"}
{"level":"info","message":"sucess","timestamp":"10:36:23 AM"}
{"level":"info","message":"sucess","timestamp":"10:36:23 AM"}
{"level":"info","message":"sucess","timestamp":"10:36:23 AM"}
{"level":"info","message":"sucess","timestamp":"10:36:23 AM"}
{"level":"info","message":"sucess","timestamp":"10:36:23 AM"}
{"level":"info","message":"\"abhay here\"","timestamp":"10:36:23 AM"}
{"level":"info","message":"sucess","timestamp":"10:36:23 AM"}
{"level":"info","message":"\"abhay here\"","timestamp":"10:36:24 AM"}
{"level":"info","message":"sucess","timestamp":"10:36:24 AM"}
{"level":"info","message":"\"abhay here\"","timestamp":"10:36:25 AM"}
{"level":"info","message":"sucess","timestamp":"10:36:26 AM"}
{"level":"info","message":"\"abhay here\"","timestamp":"10:36:26 AM"}
{"level":"info","message":"sucess","timestamp":"10:36:26 AM"}
{"level":"info","message":"\"abhay here\"","timestamp":"10:36:27 AM"}
{"level":"info","message":"sucess","timestamp":"10:36:28 AM"}
{"level":"info","message":"\"abhay here\"","timestamp":"10:36:28 AM"}
{"level":"info","message":"sucess","timestamp":"10:36:28 AM"}
{"level":"info","message":"\"abhay here\"","timestamp":"10:36:29 AM"}
{"level":"info","message":"sucess","timestamp":"10:36:29 AM"}
{"level":"info","message":"\"abhay here\"","timestamp":"10:36:30 AM"}
{"level":"info","message":"sucess","timestamp":"10:36:30 AM"}
{"level":"info","message":"\"abhay here\"","timestamp":"10:36:31 AM"}
{"level":"info","message":"sucess","timestamp":"10:36:31 AM"}
{"level":"info","message":"\"abhay here\"","timestamp":"10:36:32 AM"}
{"level":"info","message":"sucess","timestamp":"10:36:33 AM"}
{"level":"info","message":"\"abhay here\"","timestamp":"10:36:33 AM"}
{"level":"info","message":"sucess","timestamp":"10:36:33 AM"}
{"level":"info","message":"\"abhay here\"","timestamp":"10:36:34 AM"}
{"level":"info","message":"sucess","timestamp":"10:36:34 AM"}
{"level":"info","message":"\"abhay here\"","timestamp":"10:36:35 AM"}
{"level":"info","message":"sucess","timestamp":"10:36:36 AM"}
{"level":"info","message":"\"abhay here\"","timestamp":"10:36:36 AM"}
{"level":"info","message":"sucess","timestamp":"10:36:36 AM"}
{"level":"info","message":"\"abhay here\"","timestamp":"10:36:37 AM"}
{"level":"info","message":"sucess","timestamp":"10:36:38 AM"}
{"level":"info","message":"\"abhay here\"","timestamp":"10:36:38 AM"}
{"level":"info","message":"sucess","timestamp":"10:36:38 AM"}
{"level":"info","message":"\"abhay here\"","timestamp":"10:36:39 AM"}
{"level":"info","message":"sucess","timestamp":"10:36:39 AM"}
{"level":"info","message":"\"abhay here\"","timestamp":"10:36:40 AM"}
{"level":"info","message":"sucess","timestamp":"10:36:40 AM"}
{"level":"info","message":"\"abhay here\"","timestamp":"10:36:41 AM"}
{"level":"info","message":"sucess","timestamp":"10:36:41 AM"}
{"level":"info","message":"\"abhay here\"","timestamp":"10:36:42 AM"}
{"level":"info","message":"sucess","timestamp":"10:36:43 AM"}
{"level":"info","message":"\"abhay here\"","timestamp":"10:37:41 AM"}
{"level":"info","message":"sucess","timestamp":"10:37:41 AM"}
{"level":"info","message":"$$$$$$$$$$$$$$$$$$$$$$$$","timestamp":"10:45:52 AM"}
{"meta":"","level":"info","message":"","timestamp":"10:45:52 AM"}
{"level":"info","message":"Development Environment is Listening on port 3000","timestamp":"10:45:52 AM"}
{"level":"info","message":"Web URL : http://localhost:3000","timestamp":"10:45:52 AM"}
{"meta":"","level":"info","message":"","timestamp":"10:45:52 AM"}
{"level":"info","message":"$$$$$$$$$$$$$$$$$$$$$$$$","timestamp":"10:45:52 AM"}
{"meta":"","level":"info","message":"","timestamp":"10:45:52 AM"}
{"level":"info","message":"message saved in database","timestamp":"10:51:33 AM"}
{"level":"info","message":"no error chat updated","timestamp":"10:56:16 AM"}
{"level":"info","message":"no error chat updated","timestamp":"10:56:24 AM"}
{"level":"info","message":"no error chat updated","timestamp":"10:56:26 AM"}
{"level":"info","message":"no error chat updated","timestamp":"11:09:21 AM"}
{"level":"info","message":"no error chat updated","timestamp":"11:09:21 AM"}
{"level":"info","message":"$$$$$$$$$$$$$$$$$$$$$$$$","timestamp":"11:10:54 AM"}
{"meta":"","level":"info","message":"","timestamp":"11:10:54 AM"}
{"level":"info","message":"Development Environment is Listening on port 3000","timestamp":"11:10:54 AM"}
{"level":"info","message":"Web URL : http://localhost:3000","timestamp":"11:10:54 AM"}
{"meta":"","level":"info","message":"","timestamp":"11:10:54 AM"}
{"level":"info","message":"$$$$$$$$$$$$$$$$$$$$$$$$","timestamp":"11:10:54 AM"}
{"meta":"","level":"info","message":"","timestamp":"11:10:54 AM"}
{"level":"info","message":"message saved in database","timestamp":"11:15:30 AM"}
{"level":"info","message":"no error chat updated","timestamp":"11:16:30 AM"}
{"level":"info","message":"no error chat updated","timestamp":"11:18:47 AM"}
{"level":"info","message":"no error chat updated","timestamp":"11:18:50 AM"}
{"level":"info","message":"no error chat updated","timestamp":"11:18:50 AM"}
{"level":"info","message":"no error chat updated","timestamp":"11:20:51 AM"}
{"level":"info","message":"message saved in database","timestamp":"11:21:59 AM"}
{"level":"info","message":"no error chat updated","timestamp":"11:23:14 AM"}
{"level":"info","message":"no error chat updated","timestamp":"4:31:11 PM"}
{"level":"info","message":"no error chat updated","timestamp":"4:31:18 PM"}
{"level":"info","message":"no error chat updated","timestamp":"4:33:11 PM"}
{"level":"info","message":"no error chat updated","timestamp":"4:33:18 PM"}
{"level":"info","message":"$$$$$$$$$$$$$$$$$$$$$$$$","timestamp":"5:38:53 PM"}
{"meta":"","level":"info","message":"","timestamp":"5:38:53 PM"}
{"level":"info","message":"Development Environment is Listening on port 3000","timestamp":"5:38:53 PM"}
{"level":"info","message":"Web URL : http://localhost:3000","timestamp":"5:38:53 PM"}
{"meta":"","level":"info","message":"","timestamp":"5:38:53 PM"}
{"level":"info","message":"$$$$$$$$$$$$$$$$$$$$$$$$","timestamp":"5:38:53 PM"}
{"meta":"","level":"info","message":"","timestamp":"5:38:53 PM"}
{"level":"info","message":"message saved in database","timestamp":"5:39:17 PM"}
{"level":"info","message":"$$$$$$$$$$$$$$$$$$$$$$$$","timestamp":"5:44:06 PM"}
{"meta":"","level":"info","message":"","timestamp":"5:44:06 PM"}
{"level":"info","message":"Development Environment is Listening on port 3000","timestamp":"5:44:06 PM"}
{"level":"info","message":"Web URL : http://localhost:3000","timestamp":"5:44:06 PM"}
{"meta":"","level":"info","message":"","timestamp":"5:44:06 PM"}
{"level":"info","message":"$$$$$$$$$$$$$$$$$$$$$$$$","timestamp":"5:44:06 PM"}
{"meta":"","level":"info","message":"","timestamp":"5:44:06 PM"}
{"level":"info","message":"message saved in database","timestamp":"5:44:40 PM"}
{"level":"info","message":"$$$$$$$$$$$$$$$$$$$$$$$$","timestamp":"5:46:29 PM"}
{"meta":"","level":"info","message":"","timestamp":"5:46:29 PM"}
{"level":"info","message":"Development Environment is Listening on port 3000","timestamp":"5:46:29 PM"}
{"level":"info","message":"Web URL : http://localhost:3000","timestamp":"5:46:29 PM"}
{"meta":"","level":"info","message":"","timestamp":"5:46:29 PM"}
{"level":"info","message":"$$$$$$$$$$$$$$$$$$$$$$$$","timestamp":"5:46:29 PM"}
{"meta":"","level":"info","message":"","timestamp":"5:46:29 PM"}
{"level":"info","message":"no error chat updated","timestamp":"5:51:22 PM"}
{"level":"info","message":"message saved in database","timestamp":"5:51:24 PM"}
{"level":"info","message":"$$$$$$$$$$$$$$$$$$$$$$$$","timestamp":"5:54:05 PM"}
{"meta":"","level":"info","message":"","timestamp":"5:54:05 PM"}
{"level":"info","message":"Development Environment is Listening on port 3000","timestamp":"5:54:05 PM"}
{"level":"info","message":"Web URL : http://localhost:3000","timestamp":"5:54:05 PM"}
{"meta":"","level":"info","message":"","timestamp":"5:54:05 PM"}
{"level":"info","message":"$$$$$$$$$$$$$$$$$$$$$$$$","timestamp":"5:54:05 PM"}
{"meta":"","level":"info","message":"","timestamp":"5:54:05 PM"}
{"level":"info","message":"no error chat updated","timestamp":"5:55:04 PM"}
{"level":"info","message":"message saved in database","timestamp":"5:55:27 PM"}
{"level":"info","message":"$$$$$$$$$$$$$$$$$$$$$$$$","timestamp":"5:56:55 PM"}
{"meta":"","level":"info","message":"","timestamp":"5:56:55 PM"}
{"level":"info","message":"Development Environment is Listening on port 3000","timestamp":"5:56:55 PM"}
{"level":"info","message":"Web URL : http://localhost:3000","timestamp":"5:56:55 PM"}
{"meta":"","level":"info","message":"","timestamp":"5:56:55 PM"}
{"level":"info","message":"$$$$$$$$$$$$$$$$$$$$$$$$","timestamp":"5:56:55 PM"}
{"meta":"","level":"info","message":"","timestamp":"5:56:55 PM"}
{"level":"info","message":"no error chat updated","timestamp":"5:57:08 PM"}
{"level":"info","message":"message saved in database","timestamp":"5:57:36 PM"}
{"level":"info","message":"no error chat updated","timestamp":"5:59:08 PM"}
{"level":"info","message":"$$$$$$$$$$$$$$$$$$$$$$$$","timestamp":"6:00:39 PM"}
{"meta":"","level":"info","message":"","timestamp":"6:00:39 PM"}
{"level":"info","message":"Development Environment is Listening on port 3000","timestamp":"6:00:39 PM"}
{"level":"info","message":"Web URL : http://localhost:3000","timestamp":"6:00:39 PM"}
{"meta":"","level":"info","message":"","timestamp":"6:00:39 PM"}
{"level":"info","message":"$$$$$$$$$$$$$$$$$$$$$$$$","timestamp":"6:00:39 PM"}
{"meta":"","level":"info","message":"","timestamp":"6:00:39 PM"}
{"level":"info","message":"$$$$$$$$$$$$$$$$$$$$$$$$","timestamp":"6:01:45 PM"}
{"meta":"","level":"info","message":"","timestamp":"6:01:45 PM"}
{"level":"info","message":"Development Environment is Listening on port 3000","timestamp":"6:01:45 PM"}
{"level":"info","message":"Web URL : http://localhost:3000","timestamp":"6:01:45 PM"}
{"meta":"","level":"info","message":"","timestamp":"6:01:45 PM"}
{"level":"info","message":"$$$$$$$$$$$$$$$$$$$$$$$$","timestamp":"6:01:45 PM"}
{"meta":"","level":"info","message":"","timestamp":"6:01:45 PM"}
{"level":"info","message":"message saved in database","timestamp":"6:02:46 PM"}
{"level":"info","message":"$$$$$$$$$$$$$$$$$$$$$$$$","timestamp":"6:06:04 PM"}
{"meta":"","level":"info","message":"","timestamp":"6:06:04 PM"}
{"level":"info","message":"Development Environment is Listening on port 3000","timestamp":"6:06:04 PM"}
{"level":"info","message":"Web URL : http://localhost:3000","timestamp":"6:06:04 PM"}
{"meta":"","level":"info","message":"","timestamp":"6:06:04 PM"}
{"level":"info","message":"$$$$$$$$$$$$$$$$$$$$$$$$","timestamp":"6:06:04 PM"}
{"meta":"","level":"info","message":"","timestamp":"6:06:04 PM"}
{"level":"info","message":"$$$$$$$$$$$$$$$$$$$$$$$$","timestamp":"6:08:16 PM"}
{"meta":"","level":"info","message":"","timestamp":"6:08:16 PM"}
{"level":"info","message":"Development Environment is Listening on port 3000","timestamp":"6:08:16 PM"}
{"level":"info","message":"Web URL : http://localhost:3000","timestamp":"6:08:16 PM"}
{"meta":"","level":"info","message":"","timestamp":"6:08:16 PM"}
{"level":"info","message":"$$$$$$$$$$$$$$$$$$$$$$$$","timestamp":"6:08:16 PM"}
{"meta":"","level":"info","message":"","timestamp":"6:08:16 PM"}
{"level":"info","message":"message saved in database","timestamp":"6:08:45 PM"}
{"level":"info","message":"$$$$$$$$$$$$$$$$$$$$$$$$","timestamp":"6:11:03 PM"}
{"meta":"","level":"info","message":"","timestamp":"6:11:03 PM"}
{"level":"info","message":"Development Environment is Listening on port 3000","timestamp":"6:11:03 PM"}
{"level":"info","message":"Web URL : http://localhost:3000","timestamp":"6:11:03 PM"}
{"meta":"","level":"info","message":"","timestamp":"6:11:03 PM"}
{"level":"info","message":"$$$$$$$$$$$$$$$$$$$$$$$$","timestamp":"6:11:03 PM"}
{"meta":"","level":"info","message":"","timestamp":"6:11:03 PM"}
{"level":"info","message":"message saved in database","timestamp":"6:11:25 PM"}
{"level":"info","message":"$$$$$$$$$$$$$$$$$$$$$$$$","timestamp":"6:13:42 PM"}
{"meta":"","level":"info","message":"","timestamp":"6:13:42 PM"}
{"level":"info","message":"Development Environment is Listening on port 3000","timestamp":"6:13:42 PM"}
{"level":"info","message":"Web URL : http://localhost:3000","timestamp":"6:13:42 PM"}
{"meta":"","level":"info","message":"","timestamp":"6:13:42 PM"}
{"level":"info","message":"$$$$$$$$$$$$$$$$$$$$$$$$","timestamp":"6:13:42 PM"}
{"meta":"","level":"info","message":"","timestamp":"6:13:42 PM"}
{"level":"info","message":"message saved in database","timestamp":"6:14:07 PM"}
{"level":"info","message":"$$$$$$$$$$$$$$$$$$$$$$$$","timestamp":"6:31:41 PM"}
{"meta":"","level":"info","message":"","timestamp":"6:31:41 PM"}
{"level":"info","message":"Development Environment is Listening on port 3000","timestamp":"6:31:41 PM"}
{"level":"info","message":"Web URL : http://localhost:3000","timestamp":"6:31:41 PM"}
{"meta":"","level":"info","message":"","timestamp":"6:31:41 PM"}
{"level":"info","message":"$$$$$$$$$$$$$$$$$$$$$$$$","timestamp":"6:31:41 PM"}
{"meta":"","level":"info","message":"","timestamp":"6:31:41 PM"}
{"level":"info","message":"$$$$$$$$$$$$$$$$$$$$$$$$","timestamp":"6:32:47 PM"}
{"meta":"","level":"info","message":"","timestamp":"6:32:47 PM"}
{"level":"info","message":"Development Environment is Listening on port 3000","timestamp":"6:32:47 PM"}
{"level":"info","message":"Web URL : http://localhost:3000","timestamp":"6:32:47 PM"}
{"meta":"","level":"info","message":"","timestamp":"6:32:47 PM"}
{"level":"info","message":"$$$$$$$$$$$$$$$$$$$$$$$$","timestamp":"6:32:47 PM"}
{"meta":"","level":"info","message":"","timestamp":"6:32:47 PM"}
{"level":"info","message":"$$$$$$$$$$$$$$$$$$$$$$$$","timestamp":"6:36:48 PM"}
{"meta":"","level":"info","message":"","timestamp":"6:36:48 PM"}
{"level":"info","message":"Development Environment is Listening on port 3000","timestamp":"6:36:48 PM"}
{"level":"info","message":"Web URL : http://localhost:3000","timestamp":"6:36:48 PM"}
{"meta":"","level":"info","message":"","timestamp":"6:36:48 PM"}
{"level":"info","message":"$$$$$$$$$$$$$$$$$$$$$$$$","timestamp":"6:36:48 PM"}
{"meta":"","level":"info","message":"","timestamp":"6:36:48 PM"}
{"level":"info","message":"$$$$$$$$$$$$$$$$$$$$$$$$","timestamp":"6:41:30 PM"}
{"meta":"","level":"info","message":"","timestamp":"6:41:30 PM"}
{"level":"info","message":"Development Environment is Listening on port 3000","timestamp":"6:41:30 PM"}
{"level":"info","message":"Web URL : http://localhost:3000","timestamp":"6:41:30 PM"}
{"meta":"","level":"info","message":"","timestamp":"6:41:30 PM"}
{"level":"info","message":"$$$$$$$$$$$$$$$$$$$$$$$$","timestamp":"6:41:30 PM"}
{"meta":"","level":"info","message":"","timestamp":"6:41:30 PM"}
{"level":"info","message":"$$$$$$$$$$$$$$$$$$$$$$$$","timestamp":"6:43:14 PM"}
{"meta":"","level":"info","message":"","timestamp":"6:43:14 PM"}
{"level":"info","message":"Development Environment is Listening on port 3000","timestamp":"6:43:14 PM"}
{"level":"info","message":"Web URL : http://localhost:3000","timestamp":"6:43:14 PM"}
{"meta":"","level":"info","message":"","timestamp":"6:43:14 PM"}
{"level":"info","message":"$$$$$$$$$$$$$$$$$$$$$$$$","timestamp":"6:43:14 PM"}
{"meta":"","level":"info","message":"","timestamp":"6:43:14 PM"}
{"level":"info","message":"$$$$$$$$$$$$$$$$$$$$$$$$","timestamp":"6:46:01 PM"}
{"meta":"","level":"info","message":"","timestamp":"6:46:01 PM"}
{"level":"info","message":"Development Environment is Listening on port 3000","timestamp":"6:46:01 PM"}
{"level":"info","message":"Web URL : http://localhost:3000","timestamp":"6:46:01 PM"}
{"meta":"","level":"info","message":"","timestamp":"6:46:01 PM"}
{"level":"info","message":"$$$$$$$$$$$$$$$$$$$$$$$$","timestamp":"6:46:01 PM"}
{"meta":"","level":"info","message":"","timestamp":"6:46:01 PM"}
{"level":"info","message":"$$$$$$$$$$$$$$$$$$$$$$$$","timestamp":"6:49:20 PM"}
{"meta":"","level":"info","message":"","timestamp":"6:49:20 PM"}
{"level":"info","message":"Development Environment is Listening on port 3000","timestamp":"6:49:20 PM"}
{"level":"info","message":"Web URL : http://localhost:3000","timestamp":"6:49:20 PM"}
{"meta":"","level":"info","message":"","timestamp":"6:49:20 PM"}
{"level":"info","message":"$$$$$$$$$$$$$$$$$$$$$$$$","timestamp":"6:49:20 PM"}
{"meta":"","level":"info","message":"","timestamp":"6:49:20 PM"}
{"level":"info","message":"$$$$$$$$$$$$$$$$$$$$$$$$","timestamp":"6:54:09 PM"}
{"meta":"","level":"info","message":"","timestamp":"6:54:09 PM"}
{"level":"info","message":"Development Environment is Listening on port 3000","timestamp":"6:54:09 PM"}
{"level":"info","message":"Web URL : http://localhost:3000","timestamp":"6:54:09 PM"}
{"meta":"","level":"info","message":"","timestamp":"6:54:09 PM"}
{"level":"info","message":"$$$$$$$$$$$$$$$$$$$$$$$$","timestamp":"6:54:09 PM"}
{"meta":"","level":"info","message":"","timestamp":"6:54:09 PM"}
{"level":"info","message":"no error chat updated","timestamp":"6:54:43 PM"}
