{"level":"info","message":"$$$$$$$$$$$$$$$$$$$$$$$$","timestamp":"11:03:57 AM"}
{"meta":"","level":"info","message":"","timestamp":"11:03:57 AM"}
{"level":"info","message":"Development Environment is Listening on port 3000","timestamp":"11:03:57 AM"}
{"level":"info","message":"Web URL : http://localhost:3000","timestamp":"11:03:57 AM"}
{"meta":"","level":"info","message":"","timestamp":"11:03:57 AM"}
{"level":"info","message":"$$$$$$$$$$$$$$$$$$$$$$$$","timestamp":"11:03:57 AM"}
{"meta":"","level":"info","message":"","timestamp":"11:03:57 AM"}
{"level":"info","message":"Start premium_list_db","timestamp":"11:29:26 AM"}
{"level":"info","message":"Waiting premium_list_db","timestamp":"11:29:26 AM"}
{"level":"info","message":"Finish premium_list_db","timestamp":"11:31:44 AM"}
{"level":"info","message":"Start premium_list_db","timestamp":"11:31:44 AM"}
{"level":"info","message":"Waiting premium_list_db","timestamp":"11:31:44 AM"}
{"level":"info","message":"Finish premium_list_db","timestamp":"11:31:52 AM"}
{"level":"info","message":"$$$$$$$$$$$$$$$$$$$$$$$$","timestamp":"12:15:26 PM"}
{"meta":"","level":"info","message":"","timestamp":"12:15:26 PM"}
{"level":"info","message":"Development Environment is Listening on port 3000","timestamp":"12:15:26 PM"}
{"level":"info","message":"Web URL : http://localhost:3000","timestamp":"12:15:26 PM"}
{"meta":"","level":"info","message":"","timestamp":"12:15:26 PM"}
{"level":"info","message":"$$$$$$$$$$$$$$$$$$$$$$$$","timestamp":"12:15:26 PM"}
{"meta":"","level":"info","message":"","timestamp":"12:15:26 PM"}
{"level":"info","message":"Start save form data in data base","timestamp":"12:23:21 PM"}
{"level":"info","message":"data saved","timestamp":"12:23:21 PM"}
{"level":"info","message":"Start save form data in data base","timestamp":"12:25:05 PM"}
{"level":"info","message":"$$$$$$$$$$$$$$$$$$$$$$$$","timestamp":"12:27:23 PM"}
{"meta":"","level":"info","message":"","timestamp":"12:27:23 PM"}
{"level":"info","message":"Development Environment is Listening on port 3000","timestamp":"12:27:23 PM"}
{"level":"info","message":"Web URL : http://localhost:3000","timestamp":"12:27:23 PM"}
{"meta":"","level":"info","message":"","timestamp":"12:27:23 PM"}
{"level":"info","message":"$$$$$$$$$$$$$$$$$$$$$$$$","timestamp":"12:27:23 PM"}
{"meta":"","level":"info","message":"","timestamp":"12:27:23 PM"}
{"level":"info","message":"Start save form data in data base","timestamp":"1:24:56 PM"}
{"level":"info","message":"data saved","timestamp":"1:24:56 PM"}
{"level":"info","message":"Start premium_list_db","timestamp":"1:24:56 PM"}
{"level":"info","message":"The file was saved!","timestamp":"1:24:56 PM"}
{"level":"info","message":"Start premium_list_db","timestamp":"1:25:21 PM"}
{"level":"info","message":"The file was saved!","timestamp":"1:25:21 PM"}
{"level":"info","message":"Start premium_list_db","timestamp":"1:25:24 PM"}
{"level":"info","message":"The file was saved!","timestamp":"1:25:24 PM"}
{"level":"info","message":"Start premium_list_db","timestamp":"1:33:25 PM"}
{"level":"info","message":"The file was saved!","timestamp":"1:33:25 PM"}
{"level":"info","message":"Start save form data in data base","timestamp":"1:35:07 PM"}
{"level":"info","message":"data saved","timestamp":"1:35:07 PM"}
{"level":"info","message":"Start premium_list_db","timestamp":"1:37:04 PM"}
{"level":"info","message":"The file was saved!","timestamp":"1:37:04 PM"}
{"level":"info","message":"Start save form data in data base","timestamp":"1:37:44 PM"}
{"level":"info","message":"data saved","timestamp":"1:37:44 PM"}
{"level":"info","message":"Start premium_list_db","timestamp":"1:37:44 PM"}
{"level":"info","message":"The file was saved!","timestamp":"1:37:44 PM"}
{"level":"info","message":"Start premium_list_db","timestamp":"1:37:55 PM"}
{"level":"info","message":"The file was saved!","timestamp":"1:37:55 PM"}
{"level":"info","message":"Start premium_list_db","timestamp":"1:37:56 PM"}
{"level":"info","message":"The file was saved!","timestamp":"1:37:56 PM"}
{"level":"info","message":"Start save form data in data base","timestamp":"1:38:40 PM"}
{"level":"info","message":"data saved","timestamp":"1:38:40 PM"}
{"level":"info","message":"Start premium_list_db","timestamp":"1:40:15 PM"}
{"level":"info","message":"The file was saved!","timestamp":"1:40:15 PM"}
{"level":"info","message":"Start premium_list_db","timestamp":"1:40:17 PM"}
{"level":"info","message":"The file was saved!","timestamp":"1:40:17 PM"}
{"level":"info","message":"Start save form data in data base","timestamp":"1:41:27 PM"}
{"level":"info","message":"data saved","timestamp":"1:41:27 PM"}
{"level":"info","message":"Start premium_list_db","timestamp":"1:45:11 PM"}
{"level":"info","message":"The file was saved!","timestamp":"1:45:11 PM"}
{"level":"info","message":"Start save form data in data base","timestamp":"1:47:55 PM"}
{"level":"info","message":"data saved","timestamp":"1:48:35 PM"}
{"level":"info","message":"Start premium_list_db","timestamp":"1:50:00 PM"}
{"level":"info","message":"The file was saved!","timestamp":"1:50:00 PM"}
{"level":"info","message":"Start premium_list_db","timestamp":"1:53:27 PM"}
{"level":"info","message":"The file was saved!","timestamp":"1:53:27 PM"}
{"level":"info","message":"Start premium_list_db","timestamp":"1:53:29 PM"}
{"level":"info","message":"The file was saved!","timestamp":"1:53:29 PM"}
{"level":"info","message":"Start save form data in data base","timestamp":"1:54:15 PM"}
{"level":"info","message":"$$$$$$$$$$$$$$$$$$$$$$$$","timestamp":"2:01:46 PM"}
{"meta":"","level":"info","message":"","timestamp":"2:01:46 PM"}
{"level":"info","message":"Development Environment is Listening on port 3000","timestamp":"2:01:46 PM"}
{"level":"info","message":"Web URL : http://localhost:3000","timestamp":"2:01:46 PM"}
{"meta":"","level":"info","message":"","timestamp":"2:01:46 PM"}
{"level":"info","message":"$$$$$$$$$$$$$$$$$$$$$$$$","timestamp":"2:01:46 PM"}
{"meta":"","level":"info","message":"","timestamp":"2:01:46 PM"}
{"level":"info","message":"Start premium_list_db","timestamp":"2:01:48 PM"}
{"level":"info","message":"The file was saved!","timestamp":"2:01:48 PM"}
{"level":"info","message":"Start premium_list_db","timestamp":"2:01:52 PM"}
{"level":"info","message":"The file was saved!","timestamp":"2:01:52 PM"}
{"level":"info","message":"Start save form data in data base","timestamp":"2:02:52 PM"}
{"level":"info","message":"data saved","timestamp":"2:05:27 PM"}
{"level":"info","message":"Start save form data in data base","timestamp":"2:05:27 PM"}
{"level":"info","message":"data saved","timestamp":"2:05:33 PM"}
{"level":"info","message":"Start premium_list_db","timestamp":"2:05:33 PM"}
{"level":"info","message":"The file was saved!","timestamp":"2:05:33 PM"}
{"level":"info","message":"Start save form data in data base","timestamp":"2:08:28 PM"}
{"level":"info","message":"data saved","timestamp":"2:09:02 PM"}
{"level":"info","message":"Start save form data in data base","timestamp":"2:10:28 PM"}
{"level":"info","message":"data saved","timestamp":"2:10:39 PM"}
{"level":"info","message":"Start premium_list_db","timestamp":"2:10:43 PM"}
{"level":"info","message":"The file was saved!","timestamp":"2:10:43 PM"}
{"level":"info","message":"Start premium_list_db","timestamp":"2:10:44 PM"}
{"level":"info","message":"The file was saved!","timestamp":"2:10:44 PM"}
{"level":"info","message":"Start save form data in data base","timestamp":"2:11:45 PM"}
{"level":"info","message":"data saved","timestamp":"2:11:56 PM"}
{"level":"info","message":"Start save form data in data base","timestamp":"2:13:45 PM"}
{"level":"info","message":"data saved","timestamp":"2:14:03 PM"}
{"level":"info","message":"Start save form data in data base","timestamp":"2:14:36 PM"}
{"level":"info","message":"data saved","timestamp":"2:18:16 PM"}
{"level":"info","message":"Start save form data in data base","timestamp":"2:18:16 PM"}
{"level":"info","message":"data saved","timestamp":"2:18:18 PM"}
{"level":"info","message":"$$$$$$$$$$$$$$$$$$$$$$$$","timestamp":"2:19:31 PM"}
{"meta":"","level":"info","message":"","timestamp":"2:19:31 PM"}
{"level":"info","message":"Development Environment is Listening on port 3000","timestamp":"2:19:31 PM"}
{"level":"info","message":"Web URL : http://localhost:3000","timestamp":"2:19:31 PM"}
{"meta":"","level":"info","message":"","timestamp":"2:19:31 PM"}
{"level":"info","message":"$$$$$$$$$$$$$$$$$$$$$$$$","timestamp":"2:19:31 PM"}
{"meta":"","level":"info","message":"","timestamp":"2:19:31 PM"}
{"level":"info","message":"Start save form data in data base","timestamp":"2:20:33 PM"}
{"level":"info","message":"data saved","timestamp":"2:21:24 PM"}
{"level":"info","message":"$$$$$$$$$$$$$$$$$$$$$$$$","timestamp":"2:22:29 PM"}
{"meta":"","level":"info","message":"","timestamp":"2:22:29 PM"}
{"level":"info","message":"Development Environment is Listening on port 3000","timestamp":"2:22:29 PM"}
{"level":"info","message":"Web URL : http://localhost:3000","timestamp":"2:22:29 PM"}
{"meta":"","level":"info","message":"","timestamp":"2:22:29 PM"}
{"level":"info","message":"$$$$$$$$$$$$$$$$$$$$$$$$","timestamp":"2:22:29 PM"}
{"meta":"","level":"info","message":"","timestamp":"2:22:29 PM"}
{"level":"info","message":"Start save form data in data base","timestamp":"2:23:36 PM"}
{"level":"info","message":"data saved","timestamp":"2:23:46 PM"}
{"level":"info","message":"{ __v: 0,\n  Vehicle_Name: 'DUCATI-HYPERMOTARD-1100-PETROL-1078CC-2SC',\n  Rto_Name: 'DD03-Daman',\n  date: '10/12/2020',\n  Full_Name: 'dsfghh hgfhgf',\n  Mobile: '7896876879',\n  Email: 'hgfhg@gdfg.com',\n  _id: 615d6410cebe7d00f03a67e4 }","timestamp":"2:23:47 PM"}
{"level":"info","message":"{ Vehicle_Name: 'DUCATI-HYPERMOTARD-1100-PETROL-1078CC-2SC',\n  Rto_Name: 'DD03-Daman',\n  date: '10/12/2020',\n  Full_Name: 'dsfghh hgfhgf',\n  Mobile: '7896876879',\n  Email: 'hgfhg@gdfg.com',\n  Plan: undefined,\n  request_unique_id: 'SRN-FA2DEMDJ-W4LM-D7IR-5CVQ-MCHLUNADUMNC' }","timestamp":"2:23:47 PM"}
{"level":"info","message":"Start premium_list_db","timestamp":"2:24:38 PM"}
{"level":"info","message":"Waiting premium_list_db","timestamp":"2:24:38 PM"}
{"level":"info","message":"Finish premium_list_db","timestamp":"2:27:03 PM"}
{"level":"info","message":"Start premium_list_db","timestamp":"2:27:03 PM"}
{"level":"info","message":"Waiting premium_list_db","timestamp":"2:27:03 PM"}
{"level":"info","message":"Finish premium_list_db","timestamp":"2:29:17 PM"}
{"level":"info","message":"Start premium_list_db","timestamp":"3:24:24 PM"}
{"level":"info","message":"Waiting premium_list_db","timestamp":"3:24:24 PM"}
{"level":"info","message":"Finish premium_list_db","timestamp":"3:24:33 PM"}
{"level":"info","message":"{\"vname\":\"HERO MOTOCORP-IGNITOR-DRS-PETROL-125CC-2SC\",\"rto\":\"HP11-Arki\",\"date\":\"10/21/2020\",\"fullname\":\"test test\",\"phone\":\"9874586438\",\"emial\":\"gfhg@fhghsd.com\"}","timestamp":"3:25:54 PM"}
{"level":"info","message":"{\"vname\":\"HERO MOTOCORP-IGNITOR-DRS-PETROL-125CC-2SC\",\"rto\":\"AS08-North Cachar Hills\",\"date\":\"10/13/2020\",\"fullname\":\"tre fhg\",\"phone\":\"9877687675\",\"email\":\"fggfgfd@gfsdghds.vom\",\"app_version\":\"\",\"product_id\":10,\"vehicle_id\":1386,\"rto_id\":243,\"vehicle_insurance_type\":\"renew\",\"vehicle_insurance_subtype\":\"1CH_0TP\",\"vehicle_manf_date\":\"2015-02-01\",\"vehicle_registration_date\":\"2015-03-06\",\"vehicle_make_name\":\"HONDA\",\"vehicle_full\":\"HONDA|AMAZE|1.2 E MT I-VTEC PETROL|PETROL|1198\",\"rto_full\":\"HR03|Panchkula|HARYANA|B\"}","timestamp":"4:06:25 PM"}
{"level":"info","message":"{\"vname\":\"HERO MOTOCORP-IGNITOR-DRS-PETROL-125CC-2SC\",\"rto\":\"AS08-North Cachar Hills\",\"date\":\"10/13/2020\",\"fullname\":\"tre fhg\",\"phone\":\"9877687675\",\"email\":\"fggfgfd@gfsdghds.vom\",\"app_version\":\"\",\"product_id\":10,\"vehicle_id\":1386,\"rto_id\":243,\"vehicle_insurance_type\":\"renew\",\"vehicle_insurance_subtype\":\"1CH_0TP\",\"vehicle_manf_date\":\"2015-02-01\",\"vehicle_registration_date\":\"2015-03-06\",\"vehicle_make_name\":\"HONDA\",\"vehicle_full\":\"HONDA|AMAZE|1.2 E MT I-VTEC PETROL|PETROL|1198\",\"rto_full\":\"HR03|Panchkula|HARYANA|B\"}","timestamp":"4:07:06 PM"}
{"level":"info","message":"{\"vname\":\"HERO MOTOCORP-IGNITOR-DRS-PETROL-125CC-2SC\",\"rto\":\"AS08-North Cachar Hills\",\"date\":\"10/13/2020\",\"fullname\":\"tre fhg\",\"phone\":\"9877687675\",\"email\":\"fggfgfd@gfsdghds.vom\",\"app_version\":\"\",\"product_id\":10,\"vehicle_id\":1386,\"rto_id\":243,\"vehicle_insurance_type\":\"renew\",\"vehicle_insurance_subtype\":\"1CH_0TP\",\"vehicle_manf_date\":\"2015-02-01\",\"vehicle_registration_date\":\"2015-03-06\",\"vehicle_make_name\":\"HONDA\",\"vehicle_full\":\"HONDA|AMAZE|1.2 E MT I-VTEC PETROL|PETROL|1198\",\"rto_full\":\"HR03|Panchkula|HARYANA|B\"}","timestamp":"4:08:15 PM"}
{"level":"info","message":"{\"vname\":\"HERO MOTOCORP-MAESTRO-EDGE LX DRS-PETROL-110CC-2SC\",\"rto\":\"LD02-AGATTI\",\"date\":\"10/12/2020\",\"fullname\":\"test test\",\"phone\":\"9789687568\",\"email\":\"hgfhf@hgghhg.com\",\"app_version\":\"\",\"product_id\":10,\"vehicle_id\":1386,\"rto_id\":243,\"vehicle_insurance_type\":\"\",\"vehicle_insurance_subtype\":\"1CH_0TP\",\"vehicle_manf_date\":\"2015-02-01\",\"vehicle_registration_date\":\"2015-03-06\",\"vehicle_make_name\":\"HONDA\",\"vehicle_full\":\"HONDA|AMAZE|1.2 E MT I-VTEC PETROL|PETROL|1198\",\"rto_full\":\"HR03|Panchkula|HARYANA|B\"}","timestamp":"4:22:04 PM"}
{"level":"info","message":"{\"vname\":\"HERO MOTOCORP-MAESTRO-EDGE LX DRS-PETROL-110CC-2SC\",\"rto\":\"LD02-AGATTI\",\"date\":\"10/12/2020\",\"fullname\":\"test test\",\"phone\":\"9789687568\",\"email\":\"hgfhf@hgghhg.com\",\"app_version\":\"\",\"product_id\":10,\"vehicle_id\":1386,\"rto_id\":243,\"vehicle_insurance_type\":\"\",\"vehicle_insurance_subtype\":\"1CH_0TP\",\"vehicle_manf_date\":\"2015-02-01\",\"vehicle_registration_date\":\"2015-03-06\",\"vehicle_make_name\":\"HONDA\",\"vehicle_full\":\"HONDA|AMAZE|1.2 E MT I-VTEC PETROL|PETROL|1198\",\"rto_full\":\"HR03|Panchkula|HARYANA|B\"}","timestamp":"4:24:23 PM"}
{"level":"info","message":"{\"vname\":\"HERO MOTOCORP-DUET-LX-PETROL-110CC-2SC\",\"rto\":\"HP23-Ghumarwin\",\"date\":\"10/08/2020\",\"fullname\":\"test test\",\"phone\":\"9868769897\",\"email\":\"hhhgffhg@gfdff.com\",\"app_version\":\"\",\"product_id\":10,\"vehicle_id\":1386,\"rto_id\":243,\"vehicle_insurance_type\":\"\",\"vehicle_insurance_subtype\":\"1CH_0TP\",\"vehicle_manf_date\":\"2015-02-01\",\"vehicle_registration_date\":\"2015-03-06\",\"client_key\":\"CLIENT-CNTP6NYE-CU9N-DUZW-CSPI-SH1IS4DOVHB9\",\"vehicle_make_name\":\"HONDA\",\"vehicle_full\":\"HONDA|AMAZE|1.2 E MT I-VTEC PETROL|PETROL|1198\",\"rto_full\":\"HR03|Panchkula|HARYANA|B\"}","timestamp":"4:30:11 PM"}
{"level":"info","message":"emailupdate null { n: 1, nModified: 1, ok: 1 }","timestamp":"4:38:12 PM"}
{"level":"info","message":"{\"vname\":\"HERO MOTOCORP-DUET-LX-PETROL-110CC-2SC\",\"rto\":\"HP23-Ghumarwin\",\"date\":\"10/08/2020\",\"fullname\":\"test test\",\"phone\":\"9868769897\",\"email\":\"hhhgffhg@gfdff.com\",\"app_version\":\"\",\"product_id\":10,\"vehicle_id\":1386,\"rto_id\":243,\"vehicle_insurance_type\":\"\",\"vehicle_insurance_subtype\":\"1CH_0TP\",\"vehicle_manf_date\":\"2015-02-01\",\"vehicle_registration_date\":\"2015-03-06\",\"client_key\":\"CLIENT-CNTP6NYE-CU9N-DUZW-CSPI-SH1IS4DOVHB9\",\"vehicle_make_name\":\"HONDA\",\"vehicle_full\":\"HONDA|AMAZE|1.2 E MT I-VTEC PETROL|PETROL|1198\",\"rto_full\":\"HR03|Panchkula|HARYANA|B\"}","timestamp":"4:39:59 PM"}
{"level":"info","message":"emailupdate null { n: 1, nModified: 1, ok: 1 }","timestamp":"4:44:15 PM"}
{"level":"info","message":"{\"vname\":\"EKO-COSMIC-I-PETROL-75CC-2SC\",\"rto\":\"DD03-Daman\",\"date\":\"10/06/2020\",\"fullname\":\"tdgfdgf hgfghf\",\"phone\":\"9787868757\",\"email\":\"hgfh@gfd.com\",\"app_version\":\"\",\"product_id\":10,\"vehicle_id\":1386,\"rto_id\":243,\"vehicle_insurance_type\":\"newer\",\"vehicle_insurance_subtype\":\"1CH_0TP\",\"vehicle_manf_date\":\"2015-02-01\",\"vehicle_registration_date\":\"2015-03-06\",\"client_key\":\"CLIENT-CNTP6NYE-CU9N-DUZW-CSPI-SH1IS4DOVHB9\",\"vehicle_make_name\":\"HONDA\",\"vehicle_full\":\"HONDA|AMAZE|1.2 E MT I-VTEC PETROL|PETROL|1198\",\"rto_full\":\"HR03|Panchkula|HARYANA|B\"}","timestamp":"4:44:28 PM"}
{"level":"info","message":"{\"vname\":\"honda \",\"rto\":\"HP37-Palampur\",\"date\":\"10/14/2020\",\"fullname\":\"fghgf hhfhgf\",\"phone\":\"9879867865\",\"email\":\"hgff@hgfgh.com\",\"app_version\":\"\",\"product_id\":10,\"vehicle_id\":1386,\"rto_id\":243,\"vehicle_insurance_type\":\"newer\",\"vehicle_insurance_subtype\":\"1CH_0TP\",\"vehicle_manf_date\":\"2015-02-01\",\"vehicle_registration_date\":\"2015-03-06\",\"secret_key\":\"SECRET-HZ07QRWY-JIBT-XRMQ-ZP95-J0RWP3DYRACW\",\"client_key\":\"CLIENT-CNTP6NYE-CU9N-DUZW-CSPI-SH1IS4DOVHB9\",\"vehicle_make_name\":\"HONDA\",\"vehicle_full\":\"HONDA|AMAZE|1.2 E MT I-VTEC PETROL|PETROL|1198\",\"rto_full\":\"HR03|Panchkula|HARYANA|B\"}","timestamp":"5:06:39 PM"}
{"level":"info","message":"Client_Details { Platform: 'Website',\n  Role: 'LMClient',\n  Integration_Type: 'NonPOSP',\n  Premium_Source: 'Real',\n  __v: 0,\n  Response_Type: 'QUOTE',\n  Client_Name: 'PolicyBoss',\n  Client_Unique_Id: 'CLIENT-CNTP6NYE-CU9N-DUZW-CSPI-SH1IS4DOVHB9',\n  Secret_Key: 'SECRET-HZ07QRWY-JIBT-XRMQ-ZP95-J0RWP3DYRACW',\n  Created_On: '2017-05-17T12:55:14.111Z',\n  Is_Active: true,\n  Modified_On: '2017-05-17T12:55:14.111Z',\n  Client_Id: 2,\n  _id: '591c48321cc1042aec9ee6c9' }","timestamp":"5:06:49 PM"}
{"level":"info","message":"Client_Id 2 2","timestamp":"5:07:19 PM"}
{"level":"info","message":"{\"vname\":\"honda \",\"rto\":\"HP37-Palampur\",\"date\":\"10/14/2020\",\"fullname\":\"fghgf hhfhgf\",\"phone\":\"9879867865\",\"email\":\"hgff@hgfgh.com\",\"app_version\":\"\",\"product_id\":10,\"vehicle_id\":1386,\"rto_id\":243,\"vehicle_insurance_type\":\"newer\",\"vehicle_insurance_subtype\":\"1CH_0TP\",\"vehicle_manf_date\":\"2015-02-01\",\"vehicle_registration_date\":\"2015-03-06\",\"secret_key\":\"SECRET-HZ07QRWY-JIBT-XRMQ-ZP95-J0RWP3DYRACW\",\"client_key\":\"CLIENT-CNTP6NYE-CU9N-DUZW-CSPI-SH1IS4DOVHB9\",\"vehicle_make_name\":\"HONDA\",\"vehicle_full\":\"HONDA|AMAZE|1.2 E MT I-VTEC PETROL|PETROL|1198\",\"rto_full\":\"HR03|Panchkula|HARYANA|B\"}","timestamp":"5:10:25 PM"}
{"level":"info","message":"Client_Details { Platform: 'Website',\n  Role: 'LMClient',\n  Integration_Type: 'NonPOSP',\n  Premium_Source: 'Real',\n  __v: 0,\n  Response_Type: 'QUOTE',\n  Client_Name: 'PolicyBoss',\n  Client_Unique_Id: 'CLIENT-CNTP6NYE-CU9N-DUZW-CSPI-SH1IS4DOVHB9',\n  Secret_Key: 'SECRET-HZ07QRWY-JIBT-XRMQ-ZP95-J0RWP3DYRACW',\n  Created_On: '2017-05-17T12:55:14.111Z',\n  Is_Active: true,\n  Modified_On: '2017-05-17T12:55:14.111Z',\n  Client_Id: 2,\n  _id: '591c48321cc1042aec9ee6c9' }","timestamp":"5:10:58 PM"}
{"level":"info","message":"Client_Id 2 2","timestamp":"5:10:58 PM"}
{"level":"info","message":"$$$$$$$$$$$$$$$$$$$$$$$$","timestamp":"6:28:44 PM"}
{"meta":"","level":"info","message":"","timestamp":"6:28:44 PM"}
{"level":"info","message":"Development Environment is Listening on port 3000","timestamp":"6:28:44 PM"}
{"level":"info","message":"Web URL : http://localhost:3000","timestamp":"6:28:44 PM"}
{"meta":"","level":"info","message":"","timestamp":"6:28:44 PM"}
{"level":"info","message":"$$$$$$$$$$$$$$$$$$$$$$$$","timestamp":"6:28:44 PM"}
{"meta":"","level":"info","message":"","timestamp":"6:28:44 PM"}
