{"level":"info","message":"$$$$$$$$$$$$$$$$$$$$$$$$","timestamp":"10:24:32 AM"}
{"meta":"","level":"info","message":"","timestamp":"10:24:32 AM"}
{"level":"info","message":"Development Environment is Listening on port 3000","timestamp":"10:24:32 AM"}
{"level":"info","message":"Web URL : http://localhost:3000","timestamp":"10:24:32 AM"}
{"meta":"","level":"info","message":"","timestamp":"10:24:32 AM"}
{"level":"info","message":"$$$$$$$$$$$$$$$$$$$$$$$$","timestamp":"10:24:32 AM"}
{"meta":"","level":"info","message":"","timestamp":"10:24:32 AM"}
{"level":"info","message":"emailupdate null { n: 1, nModified: 1, ok: 1 }","timestamp":"10:24:51 AM"}
{"level":"info","message":"emailupdate null { n: 1, nModified: 1, ok: 1 }","timestamp":"10:26:50 AM"}
{"level":"info","message":"emailupdate null { n: 1, nModified: 1, ok: 1 }","timestamp":"10:28:22 AM"}
{"level":"info","message":"emailupdate null { n: 1, nModified: 1, ok: 1 }","timestamp":"10:30:23 AM"}
{"level":"info","message":"emailupdate null { n: 1, nModified: 1, ok: 1 }","timestamp":"10:32:55 AM"}
{"level":"info","message":"emailupdate null { n: 1, nModified: 1, ok: 1 }","timestamp":"10:33:22 AM"}
{"level":"info","message":"emailupdate null { n: 1, nModified: 1, ok: 1 }","timestamp":"10:34:54 AM"}
{"level":"info","message":"emailupdate null { n: 1, nModified: 1, ok: 1 }","timestamp":"10:35:24 AM"}
{"level":"info","message":"emailupdate null { n: 1, nModified: 1, ok: 1 }","timestamp":"10:35:31 AM"}
{"level":"info","message":"emailupdate null { n: 1, nModified: 1, ok: 1 }","timestamp":"10:37:31 AM"}
{"level":"info","message":"emailupdate null { n: 1, nModified: 1, ok: 1 }","timestamp":"10:38:27 AM"}
{"level":"info","message":"emailupdate null { n: 1, nModified: 1, ok: 1 }","timestamp":"10:38:48 AM"}
{"level":"info","message":"emailupdate null { n: 1, nModified: 1, ok: 1 }","timestamp":"10:39:31 AM"}
{"level":"info","message":"emailupdate null { n: 1, nModified: 1, ok: 1 }","timestamp":"10:39:56 AM"}
{"level":"info","message":"emailupdate null { n: 1, nModified: 1, ok: 1 }","timestamp":"10:40:27 AM"}
{"level":"info","message":"emailupdate null { n: 1, nModified: 1, ok: 1 }","timestamp":"10:40:48 AM"}
{"level":"info","message":"emailupdate null { n: 1, nModified: 1, ok: 1 }","timestamp":"10:41:56 AM"}
{"level":"info","message":"$$$$$$$$$$$$$$$$$$$$$$$$","timestamp":"11:08:58 AM"}
{"meta":"","level":"info","message":"","timestamp":"11:08:58 AM"}
{"level":"info","message":"Development Environment is Listening on port 3000","timestamp":"11:08:58 AM"}
{"level":"info","message":"Web URL : http://localhost:3000","timestamp":"11:08:58 AM"}
{"meta":"","level":"info","message":"","timestamp":"11:08:58 AM"}
{"level":"info","message":"$$$$$$$$$$$$$$$$$$$$$$$$","timestamp":"11:08:58 AM"}
{"meta":"","level":"info","message":"","timestamp":"11:08:58 AM"}
{"level":"info","message":"Start premium_list_db","timestamp":"4:53:30 PM"}
{"level":"info","message":"Waiting premium_list_db","timestamp":"4:53:30 PM"}
{"level":"info","message":"Start premium_summary","timestamp":"4:53:30 PM"}
{"level":"info","message":"Waiting premium_summary","timestamp":"4:53:30 PM"}
{"level":"info","message":"Finish premium_list_db","timestamp":"4:53:30 PM"}
{"level":"info","message":"Finish premium_summary","timestamp":"4:53:30 PM"}
{"level":"info","message":"Motor premium_list Start","timestamp":"4:53:32 PM"}
{"level":"info","message":"Start premium_list_db_handler","timestamp":"4:53:32 PM"}
{"level":"info","message":"Start premium_list_db_handler","timestamp":"4:53:32 PM"}
{"level":"info","message":"Motor premium_list Finish","timestamp":"4:53:32 PM"}
{"level":"info","message":"Start premium_list_db_handler","timestamp":"4:53:32 PM"}
{"level":"info","message":"Start premium_list_db_handler","timestamp":"4:53:32 PM"}
{"level":"info","message":"Start premium_list_db_handler","timestamp":"4:53:32 PM"}
{"level":"info","message":"Start premium_list_db_handler","timestamp":"4:53:32 PM"}
{"level":"info","message":"Start premium_list_db","timestamp":"4:53:40 PM"}
{"level":"info","message":"Waiting premium_list_db","timestamp":"4:53:40 PM"}
{"level":"info","message":"Start premium_summary","timestamp":"4:53:40 PM"}
{"level":"info","message":"Waiting premium_summary","timestamp":"4:53:40 PM"}
{"level":"info","message":"Finish premium_list_db","timestamp":"4:53:40 PM"}
{"level":"info","message":"Finish premium_summary","timestamp":"4:53:40 PM"}
{"level":"info","message":"Motor premium_list Start","timestamp":"4:53:40 PM"}
{"level":"info","message":"Start premium_list_db_handler","timestamp":"4:53:40 PM"}
{"level":"info","message":"Start premium_list_db_handler","timestamp":"4:53:40 PM"}
{"level":"info","message":"Motor premium_list Finish","timestamp":"4:53:40 PM"}
{"level":"info","message":"Start premium_list_db_handler","timestamp":"4:53:40 PM"}
{"level":"info","message":"Start premium_list_db_handler","timestamp":"4:53:40 PM"}
{"level":"info","message":"Start premium_list_db_handler","timestamp":"4:53:40 PM"}
{"level":"info","message":"Start premium_list_db_handler","timestamp":"4:53:40 PM"}
{"level":"info","message":"Start premium_list_db","timestamp":"4:53:43 PM"}
{"level":"info","message":"Waiting premium_list_db","timestamp":"4:53:43 PM"}
{"level":"info","message":"Start premium_summary","timestamp":"4:53:43 PM"}
{"level":"info","message":"Waiting premium_summary","timestamp":"4:53:43 PM"}
{"level":"info","message":"Finish premium_list_db","timestamp":"4:53:43 PM"}
{"level":"info","message":"Finish premium_summary","timestamp":"4:53:43 PM"}
{"level":"info","message":"Motor premium_list Start","timestamp":"4:53:43 PM"}
{"level":"info","message":"Start premium_list_db_handler","timestamp":"4:53:43 PM"}
{"level":"info","message":"Start premium_list_db_handler","timestamp":"4:53:43 PM"}
{"level":"info","message":"Motor premium_list Finish","timestamp":"4:53:43 PM"}
{"level":"info","message":"Start premium_list_db_handler","timestamp":"4:53:43 PM"}
{"level":"info","message":"Start premium_list_db_handler","timestamp":"4:53:43 PM"}
{"level":"info","message":"Start premium_list_db_handler","timestamp":"4:53:43 PM"}
{"level":"info","message":"Start premium_list_db_handler","timestamp":"4:53:43 PM"}
{"level":"info","message":"Start premium_list_db_handler","timestamp":"4:53:52 PM"}
{"level":"info","message":"Start premium_list_db_handler_version_2","timestamp":"4:53:52 PM"}
{"level":"info","message":"Start premium_list_db_handler","timestamp":"4:53:52 PM"}
{"level":"info","message":"Start premium_list_db_handler","timestamp":"4:53:52 PM"}
{"level":"info","message":"Start premium_list_db_handler_version_2","timestamp":"4:53:52 PM"}
{"level":"info","message":"Start premium_list_db_handler","timestamp":"4:53:52 PM"}
{"level":"info","message":"Start premium_list_db_handler","timestamp":"4:53:52 PM"}
{"level":"info","message":"Start premium_list_db_handler_version_2","timestamp":"4:53:52 PM"}
{"level":"info","message":"Start premium_list_db_handler","timestamp":"4:53:52 PM"}
{"level":"info","message":"premium_db_list user_data null { n: 1, nModified: 0, ok: 1 }","timestamp":"4:53:53 PM"}
{"level":"info","message":"premium_db_list user_data null { n: 1, nModified: 0, ok: 1 }","timestamp":"4:53:53 PM"}
{"level":"info","message":"premium_db_list user_data null { n: 1, nModified: 0, ok: 1 }","timestamp":"4:53:53 PM"}
{"level":"info","message":"Start premium_list_db","timestamp":"4:53:55 PM"}
{"level":"info","message":"Waiting premium_list_db","timestamp":"4:53:55 PM"}
{"level":"info","message":"Start premium_summary","timestamp":"4:53:55 PM"}
{"level":"info","message":"Waiting premium_summary","timestamp":"4:53:55 PM"}
{"level":"info","message":"Finish premium_list_db","timestamp":"4:53:55 PM"}
{"level":"info","message":"Finish premium_summary","timestamp":"4:53:55 PM"}
{"level":"info","message":"Motor premium_list Start","timestamp":"4:53:56 PM"}
{"level":"info","message":"Start premium_list_db_handler","timestamp":"4:53:56 PM"}
{"level":"info","message":"Start premium_list_db_handler","timestamp":"4:53:56 PM"}
{"level":"info","message":"Motor premium_list Finish","timestamp":"4:53:56 PM"}
{"level":"info","message":"Start premium_list_db_handler","timestamp":"4:53:56 PM"}
{"level":"info","message":"Start premium_list_db_handler","timestamp":"4:53:56 PM"}
{"level":"info","message":"Start premium_list_db_handler","timestamp":"4:53:56 PM"}
{"level":"info","message":"Start premium_list_db_handler","timestamp":"4:53:56 PM"}
{"level":"info","message":"Start premium_list_db_handler","timestamp":"4:54:06 PM"}
{"level":"info","message":"Start premium_list_db_handler_version_2","timestamp":"4:54:06 PM"}
{"level":"info","message":"Start premium_list_db_handler","timestamp":"4:54:06 PM"}
{"level":"info","message":"premium_db_list user_data null { n: 1, nModified: 0, ok: 1 }","timestamp":"4:54:06 PM"}
{"level":"info","message":"Start premium_list_db","timestamp":"4:54:24 PM"}
{"level":"info","message":"Waiting premium_list_db","timestamp":"4:54:24 PM"}
{"level":"info","message":"Start premium_summary","timestamp":"4:54:24 PM"}
{"level":"info","message":"Waiting premium_summary","timestamp":"4:54:24 PM"}
{"level":"info","message":"Finish premium_list_db","timestamp":"4:54:24 PM"}
{"level":"info","message":"Finish premium_summary","timestamp":"4:54:24 PM"}
{"level":"info","message":"Motor premium_list Start","timestamp":"4:54:25 PM"}
{"level":"info","message":"Start premium_list_db_handler","timestamp":"4:54:25 PM"}
{"level":"info","message":"Start premium_list_db_handler","timestamp":"4:54:25 PM"}
{"level":"info","message":"Motor premium_list Finish","timestamp":"4:54:25 PM"}
{"level":"info","message":"Start premium_list_db_handler","timestamp":"4:54:25 PM"}
{"level":"info","message":"Start premium_list_db_handler","timestamp":"4:54:25 PM"}
{"level":"info","message":"Start premium_list_db_handler","timestamp":"4:54:25 PM"}
{"level":"info","message":"Start premium_list_db_handler","timestamp":"4:54:25 PM"}
{"level":"info","message":"Start premium_list_db_handler","timestamp":"4:54:33 PM"}
{"level":"info","message":"Start premium_list_db_handler_version_2","timestamp":"4:54:33 PM"}
{"level":"info","message":"Start premium_list_db_handler","timestamp":"4:54:33 PM"}
{"level":"info","message":"premium_db_list user_data null { n: 1, nModified: 0, ok: 1 }","timestamp":"4:54:33 PM"}
{"level":"info","message":"Start premium_list_db","timestamp":"4:55:11 PM"}
{"level":"info","message":"Waiting premium_list_db","timestamp":"4:55:11 PM"}
{"level":"info","message":"Start premium_summary","timestamp":"4:55:11 PM"}
{"level":"info","message":"Waiting premium_summary","timestamp":"4:55:11 PM"}
{"level":"info","message":"Finish premium_list_db","timestamp":"4:55:11 PM"}
{"level":"info","message":"Finish premium_summary","timestamp":"4:55:11 PM"}
{"level":"info","message":"Motor premium_list Start","timestamp":"4:55:12 PM"}
{"level":"info","message":"Start premium_list_db_handler","timestamp":"4:55:12 PM"}
{"level":"info","message":"Start premium_list_db_handler","timestamp":"4:55:12 PM"}
{"level":"info","message":"Motor premium_list Finish","timestamp":"4:55:12 PM"}
{"level":"info","message":"Start premium_list_db_handler","timestamp":"4:55:12 PM"}
{"level":"info","message":"Start premium_list_db_handler","timestamp":"4:55:12 PM"}
{"level":"info","message":"Start premium_list_db_handler","timestamp":"4:55:12 PM"}
{"level":"info","message":"Start premium_list_db_handler","timestamp":"4:55:12 PM"}
{"level":"info","message":"Start premium_list_db","timestamp":"4:55:13 PM"}
{"level":"info","message":"Waiting premium_list_db","timestamp":"4:55:13 PM"}
{"level":"info","message":"Start premium_summary","timestamp":"4:55:13 PM"}
{"level":"info","message":"Waiting premium_summary","timestamp":"4:55:13 PM"}
{"level":"info","message":"Finish premium_list_db","timestamp":"4:55:13 PM"}
{"level":"info","message":"Finish premium_summary","timestamp":"4:55:13 PM"}
{"level":"info","message":"Motor premium_list Start","timestamp":"4:55:14 PM"}
{"level":"info","message":"Start premium_list_db_handler","timestamp":"4:55:14 PM"}
{"level":"info","message":"Start premium_list_db_handler","timestamp":"4:55:14 PM"}
{"level":"info","message":"Motor premium_list Finish","timestamp":"4:55:14 PM"}
{"level":"info","message":"Start premium_list_db_handler","timestamp":"4:55:14 PM"}
{"level":"info","message":"Start premium_list_db_handler","timestamp":"4:55:14 PM"}
{"level":"info","message":"Start premium_list_db_handler","timestamp":"4:55:14 PM"}
{"level":"info","message":"Start premium_list_db_handler","timestamp":"4:55:14 PM"}
{"level":"info","message":"Start premium_list_db","timestamp":"4:55:18 PM"}
{"level":"info","message":"Waiting premium_list_db","timestamp":"4:55:18 PM"}
{"level":"info","message":"Start premium_summary","timestamp":"4:55:18 PM"}
{"level":"info","message":"Waiting premium_summary","timestamp":"4:55:18 PM"}
{"level":"info","message":"Finish premium_list_db","timestamp":"4:55:18 PM"}
{"level":"info","message":"Finish premium_summary","timestamp":"4:55:18 PM"}
{"level":"info","message":"Motor premium_list Start","timestamp":"4:55:19 PM"}
{"level":"info","message":"Start premium_list_db_handler","timestamp":"4:55:19 PM"}
{"level":"info","message":"Start premium_list_db_handler","timestamp":"4:55:19 PM"}
{"level":"info","message":"Motor premium_list Finish","timestamp":"4:55:19 PM"}
{"level":"info","message":"Start premium_list_db_handler","timestamp":"4:55:19 PM"}
{"level":"info","message":"Start premium_list_db_handler","timestamp":"4:55:19 PM"}
{"level":"info","message":"Start premium_list_db_handler","timestamp":"4:55:19 PM"}
{"level":"info","message":"Start premium_list_db_handler","timestamp":"4:55:19 PM"}
{"level":"info","message":"Start premium_list_db_handler","timestamp":"4:55:27 PM"}
{"level":"info","message":"Start premium_list_db_handler_version_2","timestamp":"4:55:27 PM"}
{"level":"info","message":"Start premium_list_db_handler","timestamp":"4:55:27 PM"}
{"level":"info","message":"Start premium_list_db_handler","timestamp":"4:55:27 PM"}
{"level":"info","message":"Start premium_list_db_handler_version_2","timestamp":"4:55:27 PM"}
{"level":"info","message":"Start premium_list_db_handler","timestamp":"4:55:27 PM"}
{"level":"info","message":"premium_db_list user_data null { n: 1, nModified: 0, ok: 1 }","timestamp":"4:55:27 PM"}
{"level":"info","message":"Start premium_list_db_handler","timestamp":"4:55:27 PM"}
{"level":"info","message":"Start premium_list_db_handler_version_2","timestamp":"4:55:27 PM"}
{"level":"info","message":"Start premium_list_db_handler","timestamp":"4:55:27 PM"}
{"level":"info","message":"premium_db_list user_data null { n: 1, nModified: 0, ok: 1 }","timestamp":"4:55:29 PM"}
{"level":"info","message":"premium_db_list user_data null { n: 1, nModified: 0, ok: 1 }","timestamp":"4:55:29 PM"}
{"level":"info","message":"Start premium_list_db","timestamp":"4:55:32 PM"}
{"level":"info","message":"Waiting premium_list_db","timestamp":"4:55:32 PM"}
{"level":"info","message":"Start premium_summary","timestamp":"4:55:32 PM"}
{"level":"info","message":"Waiting premium_summary","timestamp":"4:55:32 PM"}
{"level":"info","message":"Finish premium_list_db","timestamp":"4:55:32 PM"}
{"level":"info","message":"Finish premium_summary","timestamp":"4:55:32 PM"}
{"level":"info","message":"Motor premium_list Start","timestamp":"4:55:33 PM"}
{"level":"info","message":"Start premium_list_db_handler","timestamp":"4:55:33 PM"}
{"level":"info","message":"Start premium_list_db_handler","timestamp":"4:55:33 PM"}
{"level":"info","message":"Motor premium_list Finish","timestamp":"4:55:33 PM"}
{"level":"info","message":"Start premium_list_db_handler","timestamp":"4:55:33 PM"}
{"level":"info","message":"Start premium_list_db_handler","timestamp":"4:55:33 PM"}
{"level":"info","message":"Start premium_list_db_handler","timestamp":"4:55:33 PM"}
{"level":"info","message":"Start premium_list_db_handler","timestamp":"4:55:33 PM"}
{"level":"info","message":"Start premium_list_db","timestamp":"4:55:35 PM"}
{"level":"info","message":"Waiting premium_list_db","timestamp":"4:55:35 PM"}
{"level":"info","message":"Start premium_summary","timestamp":"4:55:35 PM"}
{"level":"info","message":"Waiting premium_summary","timestamp":"4:55:35 PM"}
{"level":"info","message":"Finish premium_list_db","timestamp":"4:55:35 PM"}
{"level":"info","message":"Finish premium_summary","timestamp":"4:55:35 PM"}
{"level":"info","message":"Motor premium_list Start","timestamp":"4:55:35 PM"}
{"level":"info","message":"Start premium_list_db_handler","timestamp":"4:55:35 PM"}
{"level":"info","message":"Start premium_list_db_handler","timestamp":"4:55:35 PM"}
{"level":"info","message":"Motor premium_list Finish","timestamp":"4:55:35 PM"}
{"level":"info","message":"Start premium_list_db_handler","timestamp":"4:55:35 PM"}
{"level":"info","message":"Start premium_list_db_handler","timestamp":"4:55:35 PM"}
{"level":"info","message":"Start premium_list_db_handler","timestamp":"4:55:35 PM"}
{"level":"info","message":"Start premium_list_db_handler","timestamp":"4:55:35 PM"}
{"level":"info","message":"Start premium_list_db_handler","timestamp":"4:55:42 PM"}
{"level":"info","message":"Start premium_list_db_handler_version_2","timestamp":"4:55:42 PM"}
{"level":"info","message":"Start premium_list_db_handler","timestamp":"4:55:43 PM"}
{"level":"info","message":"premium_db_list user_data null { n: 1, nModified: 0, ok: 1 }","timestamp":"4:55:43 PM"}
{"level":"info","message":"Start premium_list_db_handler","timestamp":"4:55:43 PM"}
{"level":"info","message":"Start premium_list_db_handler_version_2","timestamp":"4:55:43 PM"}
{"level":"info","message":"Start premium_list_db_handler","timestamp":"4:55:43 PM"}
{"level":"info","message":"premium_db_list user_data null { n: 1, nModified: 0, ok: 1 }","timestamp":"4:55:44 PM"}
{"level":"info","message":"Start premium_list_db","timestamp":"4:58:59 PM"}
{"level":"info","message":"Waiting premium_list_db","timestamp":"4:58:59 PM"}
{"level":"info","message":"Start premium_summary","timestamp":"4:58:59 PM"}
{"level":"info","message":"Waiting premium_summary","timestamp":"4:58:59 PM"}
{"level":"info","message":"Finish premium_list_db","timestamp":"4:58:59 PM"}
{"level":"info","message":"Finish premium_summary","timestamp":"4:58:59 PM"}
{"level":"info","message":"Motor premium_list Start","timestamp":"4:59:00 PM"}
{"level":"info","message":"Start premium_list_db_handler","timestamp":"4:59:00 PM"}
{"level":"info","message":"Start premium_list_db_handler","timestamp":"4:59:00 PM"}
{"level":"info","message":"Motor premium_list Finish","timestamp":"4:59:00 PM"}
{"level":"info","message":"Start premium_list_db_handler","timestamp":"4:59:00 PM"}
{"level":"info","message":"Start premium_list_db_handler","timestamp":"4:59:00 PM"}
{"level":"info","message":"Start premium_list_db_handler","timestamp":"4:59:00 PM"}
{"level":"info","message":"Start premium_list_db_handler","timestamp":"4:59:00 PM"}
{"level":"info","message":"Start premium_list_db","timestamp":"4:59:06 PM"}
{"level":"info","message":"Waiting premium_list_db","timestamp":"4:59:06 PM"}
{"level":"info","message":"Start premium_summary","timestamp":"4:59:06 PM"}
{"level":"info","message":"Waiting premium_summary","timestamp":"4:59:06 PM"}
{"level":"info","message":"Finish premium_list_db","timestamp":"4:59:06 PM"}
{"level":"info","message":"Finish premium_summary","timestamp":"4:59:06 PM"}
{"level":"info","message":"Motor premium_list Start","timestamp":"4:59:06 PM"}
{"level":"info","message":"Start premium_list_db_handler","timestamp":"4:59:06 PM"}
{"level":"info","message":"Start premium_list_db_handler","timestamp":"4:59:06 PM"}
{"level":"info","message":"Motor premium_list Finish","timestamp":"4:59:06 PM"}
{"level":"info","message":"Start premium_list_db_handler","timestamp":"4:59:06 PM"}
{"level":"info","message":"Start premium_list_db_handler","timestamp":"4:59:06 PM"}
{"level":"info","message":"Start premium_list_db_handler","timestamp":"4:59:06 PM"}
{"level":"info","message":"Start premium_list_db_handler","timestamp":"4:59:06 PM"}
{"level":"info","message":"Start premium_list_db_handler","timestamp":"4:59:12 PM"}
{"level":"info","message":"Start premium_list_db_handler_version_2","timestamp":"4:59:12 PM"}
{"level":"info","message":"Start premium_list_db_handler","timestamp":"4:59:12 PM"}
{"level":"info","message":"premium_db_list user_data null { n: 1, nModified: 0, ok: 1 }","timestamp":"4:59:12 PM"}
{"level":"info","message":"Start premium_list_db_handler","timestamp":"4:59:12 PM"}
{"level":"info","message":"Start premium_list_db_handler_version_2","timestamp":"4:59:12 PM"}
{"level":"info","message":"Start premium_list_db_handler","timestamp":"4:59:12 PM"}
{"level":"info","message":"premium_db_list user_data null { n: 1, nModified: 0, ok: 1 }","timestamp":"4:59:12 PM"}
{"level":"info","message":"Start premium_list_db","timestamp":"4:59:23 PM"}
{"level":"info","message":"Waiting premium_list_db","timestamp":"4:59:23 PM"}
{"level":"info","message":"Start premium_summary","timestamp":"4:59:23 PM"}
{"level":"info","message":"Waiting premium_summary","timestamp":"4:59:23 PM"}
{"level":"info","message":"Finish premium_list_db","timestamp":"4:59:23 PM"}
{"level":"info","message":"Finish premium_summary","timestamp":"4:59:23 PM"}
{"level":"info","message":"Motor premium_list Start","timestamp":"4:59:24 PM"}
{"level":"info","message":"Start premium_list_db_handler","timestamp":"4:59:24 PM"}
{"level":"info","message":"Start premium_list_db_handler","timestamp":"4:59:24 PM"}
{"level":"info","message":"Motor premium_list Finish","timestamp":"4:59:24 PM"}
{"level":"info","message":"Start premium_list_db_handler","timestamp":"4:59:24 PM"}
{"level":"info","message":"Start premium_list_db_handler","timestamp":"4:59:24 PM"}
{"level":"info","message":"Start premium_list_db_handler","timestamp":"4:59:24 PM"}
{"level":"info","message":"Start premium_list_db_handler","timestamp":"4:59:24 PM"}
{"level":"info","message":"Start premium_list_db","timestamp":"4:59:26 PM"}
{"level":"info","message":"Waiting premium_list_db","timestamp":"4:59:26 PM"}
{"level":"info","message":"Start premium_summary","timestamp":"4:59:26 PM"}
{"level":"info","message":"Waiting premium_summary","timestamp":"4:59:26 PM"}
{"level":"info","message":"Finish premium_list_db","timestamp":"4:59:26 PM"}
{"level":"info","message":"Finish premium_summary","timestamp":"4:59:26 PM"}
{"level":"info","message":"Motor premium_list Start","timestamp":"4:59:26 PM"}
{"level":"info","message":"Start premium_list_db_handler","timestamp":"4:59:26 PM"}
{"level":"info","message":"Start premium_list_db_handler","timestamp":"4:59:26 PM"}
{"level":"info","message":"Motor premium_list Finish","timestamp":"4:59:26 PM"}
{"level":"info","message":"Start premium_list_db_handler","timestamp":"4:59:26 PM"}
{"level":"info","message":"Start premium_list_db_handler","timestamp":"4:59:26 PM"}
{"level":"info","message":"Start premium_list_db_handler","timestamp":"4:59:26 PM"}
{"level":"info","message":"Start premium_list_db_handler","timestamp":"4:59:26 PM"}
{"level":"info","message":"Start premium_list_db_handler","timestamp":"4:59:30 PM"}
{"level":"info","message":"Start premium_list_db_handler_version_2","timestamp":"4:59:30 PM"}
{"level":"info","message":"Start premium_list_db_handler","timestamp":"4:59:30 PM"}
{"level":"info","message":"Start premium_list_db_handler","timestamp":"4:59:30 PM"}
{"level":"info","message":"Start premium_list_db_handler_version_2","timestamp":"4:59:30 PM"}
{"level":"info","message":"Start premium_list_db_handler","timestamp":"4:59:30 PM"}
{"level":"info","message":"premium_db_list user_data null { n: 1, nModified: 0, ok: 1 }","timestamp":"4:59:30 PM"}
{"level":"info","message":"premium_db_list user_data null { n: 1, nModified: 0, ok: 1 }","timestamp":"4:59:30 PM"}
{"level":"info","message":"Start premium_list_db","timestamp":"5:00:13 PM"}
{"level":"info","message":"Waiting premium_list_db","timestamp":"5:00:13 PM"}
{"level":"info","message":"Start premium_summary","timestamp":"5:00:13 PM"}
{"level":"info","message":"Waiting premium_summary","timestamp":"5:00:13 PM"}
{"level":"info","message":"Finish premium_list_db","timestamp":"5:00:13 PM"}
{"level":"info","message":"Finish premium_summary","timestamp":"5:00:13 PM"}
{"level":"info","message":"Motor premium_list Start","timestamp":"5:00:14 PM"}
{"level":"info","message":"Start premium_list_db_handler","timestamp":"5:00:14 PM"}
{"level":"info","message":"Start premium_list_db_handler","timestamp":"5:00:14 PM"}
{"level":"info","message":"Motor premium_list Finish","timestamp":"5:00:14 PM"}
{"level":"info","message":"Start premium_list_db_handler","timestamp":"5:00:14 PM"}
{"level":"info","message":"Start premium_list_db_handler","timestamp":"5:00:14 PM"}
{"level":"info","message":"Start premium_list_db_handler","timestamp":"5:00:14 PM"}
{"level":"info","message":"Start premium_list_db_handler","timestamp":"5:00:14 PM"}
{"level":"info","message":"Start premium_list_db","timestamp":"5:00:19 PM"}
{"level":"info","message":"Waiting premium_list_db","timestamp":"5:00:19 PM"}
{"level":"info","message":"Start premium_summary","timestamp":"5:00:19 PM"}
{"level":"info","message":"Waiting premium_summary","timestamp":"5:00:19 PM"}
{"level":"info","message":"Finish premium_list_db","timestamp":"5:00:19 PM"}
{"level":"info","message":"Finish premium_summary","timestamp":"5:00:19 PM"}
{"level":"info","message":"Motor premium_list Start","timestamp":"5:00:19 PM"}
{"level":"info","message":"Start premium_list_db_handler","timestamp":"5:00:19 PM"}
{"level":"info","message":"Start premium_list_db_handler","timestamp":"5:00:19 PM"}
{"level":"info","message":"Motor premium_list Finish","timestamp":"5:00:19 PM"}
{"level":"info","message":"Start premium_list_db_handler","timestamp":"5:00:19 PM"}
{"level":"info","message":"Start premium_list_db_handler","timestamp":"5:00:19 PM"}
{"level":"info","message":"Start premium_list_db_handler","timestamp":"5:00:19 PM"}
{"level":"info","message":"Start premium_list_db_handler","timestamp":"5:00:19 PM"}
{"level":"info","message":"Start premium_list_db_handler","timestamp":"5:00:29 PM"}
{"level":"info","message":"Start premium_list_db_handler_version_2","timestamp":"5:00:29 PM"}
{"level":"info","message":"Start premium_list_db_handler","timestamp":"5:00:29 PM"}
{"level":"info","message":"premium_db_list user_data null { n: 1, nModified: 0, ok: 1 }","timestamp":"5:00:29 PM"}
{"level":"info","message":"Start premium_list_db_handler","timestamp":"5:00:29 PM"}
{"level":"info","message":"Start premium_list_db_handler_version_2","timestamp":"5:00:29 PM"}
{"level":"info","message":"Start premium_list_db_handler","timestamp":"5:00:29 PM"}
{"level":"info","message":"premium_db_list user_data null { n: 1, nModified: 0, ok: 1 }","timestamp":"5:00:29 PM"}
{"level":"info","message":"Start premium_list_db","timestamp":"5:01:13 PM"}
{"level":"info","message":"Waiting premium_list_db","timestamp":"5:01:13 PM"}
{"level":"info","message":"Start premium_summary","timestamp":"5:01:13 PM"}
{"level":"info","message":"Waiting premium_summary","timestamp":"5:01:13 PM"}
{"level":"info","message":"Finish premium_list_db","timestamp":"5:01:13 PM"}
{"level":"info","message":"Finish premium_summary","timestamp":"5:01:13 PM"}
{"level":"info","message":"Motor premium_list Start","timestamp":"5:01:14 PM"}
{"level":"info","message":"Start premium_list_db_handler","timestamp":"5:01:14 PM"}
{"level":"info","message":"Start premium_list_db_handler","timestamp":"5:01:14 PM"}
{"level":"info","message":"Motor premium_list Finish","timestamp":"5:01:14 PM"}
{"level":"info","message":"Start premium_list_db_handler","timestamp":"5:01:14 PM"}
{"level":"info","message":"Start premium_list_db_handler","timestamp":"5:01:14 PM"}
{"level":"info","message":"Start premium_list_db_handler","timestamp":"5:01:14 PM"}
{"level":"info","message":"Start premium_list_db_handler","timestamp":"5:01:14 PM"}
{"level":"info","message":"Start premium_list_db","timestamp":"5:01:26 PM"}
{"level":"info","message":"Waiting premium_list_db","timestamp":"5:01:26 PM"}
{"level":"info","message":"Start premium_summary","timestamp":"5:01:26 PM"}
{"level":"info","message":"Waiting premium_summary","timestamp":"5:01:26 PM"}
{"level":"info","message":"Finish premium_list_db","timestamp":"5:01:26 PM"}
{"level":"info","message":"Finish premium_summary","timestamp":"5:01:26 PM"}
{"level":"info","message":"Motor premium_list Start","timestamp":"5:01:26 PM"}
{"level":"info","message":"Start premium_list_db_handler","timestamp":"5:01:26 PM"}
{"level":"info","message":"Start premium_list_db_handler","timestamp":"5:01:26 PM"}
{"level":"info","message":"Motor premium_list Finish","timestamp":"5:01:26 PM"}
{"level":"info","message":"Start premium_list_db_handler","timestamp":"5:01:26 PM"}
{"level":"info","message":"Start premium_list_db_handler","timestamp":"5:01:26 PM"}
{"level":"info","message":"Start premium_list_db_handler","timestamp":"5:01:26 PM"}
{"level":"info","message":"Start premium_list_db_handler","timestamp":"5:01:26 PM"}
{"level":"info","message":"Start premium_list_db","timestamp":"5:01:31 PM"}
{"level":"info","message":"Waiting premium_list_db","timestamp":"5:01:31 PM"}
{"level":"info","message":"Start premium_summary","timestamp":"5:01:31 PM"}
{"level":"info","message":"Waiting premium_summary","timestamp":"5:01:31 PM"}
{"level":"info","message":"Finish premium_list_db","timestamp":"5:01:31 PM"}
{"level":"info","message":"Finish premium_summary","timestamp":"5:01:31 PM"}
{"level":"info","message":"Motor premium_list Start","timestamp":"5:01:31 PM"}
{"level":"info","message":"Start premium_list_db_handler","timestamp":"5:01:31 PM"}
{"level":"info","message":"Start premium_list_db_handler","timestamp":"5:01:31 PM"}
{"level":"info","message":"Motor premium_list Finish","timestamp":"5:01:31 PM"}
{"level":"info","message":"Start premium_list_db_handler","timestamp":"5:01:31 PM"}
{"level":"info","message":"Start premium_list_db_handler","timestamp":"5:01:31 PM"}
{"level":"info","message":"Start premium_list_db_handler","timestamp":"5:01:31 PM"}
{"level":"info","message":"Start premium_list_db_handler","timestamp":"5:01:31 PM"}
{"level":"info","message":"Start premium_list_db","timestamp":"5:01:33 PM"}
{"level":"info","message":"Waiting premium_list_db","timestamp":"5:01:33 PM"}
{"level":"info","message":"Start premium_summary","timestamp":"5:01:33 PM"}
{"level":"info","message":"Waiting premium_summary","timestamp":"5:01:33 PM"}
{"level":"info","message":"Finish premium_list_db","timestamp":"5:01:33 PM"}
{"level":"info","message":"Finish premium_summary","timestamp":"5:01:33 PM"}
{"level":"info","message":"Motor premium_list Start","timestamp":"5:01:33 PM"}
{"level":"info","message":"Start premium_list_db_handler","timestamp":"5:01:33 PM"}
{"level":"info","message":"Start premium_list_db_handler","timestamp":"5:01:33 PM"}
{"level":"info","message":"Motor premium_list Finish","timestamp":"5:01:33 PM"}
{"level":"info","message":"Start premium_list_db_handler","timestamp":"5:01:33 PM"}
{"level":"info","message":"Start premium_list_db_handler","timestamp":"5:01:33 PM"}
{"level":"info","message":"Start premium_list_db_handler","timestamp":"5:01:33 PM"}
{"level":"info","message":"Start premium_list_db_handler","timestamp":"5:01:33 PM"}
{"level":"info","message":"Start premium_list_db","timestamp":"5:01:38 PM"}
{"level":"info","message":"Waiting premium_list_db","timestamp":"5:01:38 PM"}
{"level":"info","message":"Start premium_summary","timestamp":"5:01:38 PM"}
{"level":"info","message":"Waiting premium_summary","timestamp":"5:01:38 PM"}
{"level":"info","message":"Finish premium_list_db","timestamp":"5:01:38 PM"}
{"level":"info","message":"Finish premium_summary","timestamp":"5:01:38 PM"}
{"level":"info","message":"Motor premium_list Start","timestamp":"5:01:38 PM"}
{"level":"info","message":"Start premium_list_db_handler","timestamp":"5:01:38 PM"}
{"level":"info","message":"Start premium_list_db_handler","timestamp":"5:01:38 PM"}
{"level":"info","message":"Motor premium_list Finish","timestamp":"5:01:38 PM"}
{"level":"info","message":"Start premium_list_db_handler","timestamp":"5:01:38 PM"}
{"level":"info","message":"Start premium_list_db_handler","timestamp":"5:01:38 PM"}
{"level":"info","message":"Start premium_list_db_handler","timestamp":"5:01:38 PM"}
{"level":"info","message":"Start premium_list_db_handler","timestamp":"5:01:38 PM"}
{"level":"info","message":"Start premium_list_db","timestamp":"5:01:39 PM"}
{"level":"info","message":"Waiting premium_list_db","timestamp":"5:01:39 PM"}
{"level":"info","message":"Start premium_summary","timestamp":"5:01:39 PM"}
{"level":"info","message":"Waiting premium_summary","timestamp":"5:01:39 PM"}
{"level":"info","message":"Finish premium_list_db","timestamp":"5:01:39 PM"}
{"level":"info","message":"Finish premium_summary","timestamp":"5:01:39 PM"}
{"level":"info","message":"Motor premium_list Start","timestamp":"5:01:40 PM"}
{"level":"info","message":"Start premium_list_db_handler","timestamp":"5:01:40 PM"}
{"level":"info","message":"Start premium_list_db_handler","timestamp":"5:01:40 PM"}
{"level":"info","message":"Motor premium_list Finish","timestamp":"5:01:40 PM"}
{"level":"info","message":"Start premium_list_db_handler","timestamp":"5:01:40 PM"}
{"level":"info","message":"Start premium_list_db_handler","timestamp":"5:01:40 PM"}
{"level":"info","message":"Start premium_list_db_handler","timestamp":"5:01:56 PM"}
{"level":"info","message":"Start premium_list_db_handler_version_2","timestamp":"5:01:56 PM"}
{"level":"info","message":"Start premium_list_db_handler","timestamp":"5:01:56 PM"}
{"level":"info","message":"Start premium_list_db_handler","timestamp":"5:01:56 PM"}
{"level":"info","message":"Start premium_list_db_handler_version_2","timestamp":"5:01:56 PM"}
{"level":"info","message":"Start premium_list_db_handler","timestamp":"5:01:56 PM"}
{"level":"info","message":"premium_db_list user_data null { n: 1, nModified: 0, ok: 1 }","timestamp":"5:01:56 PM"}
{"level":"info","message":"premium_db_list user_data null { n: 1, nModified: 0, ok: 1 }","timestamp":"5:01:56 PM"}
{"level":"info","message":"Start premium_list_db_handler","timestamp":"5:01:57 PM"}
{"level":"info","message":"Start premium_list_db_handler","timestamp":"5:01:57 PM"}
{"level":"info","message":"Start premium_list_db_handler","timestamp":"5:01:57 PM"}
{"level":"info","message":"Start premium_list_db_handler_version_2","timestamp":"5:01:57 PM"}
{"level":"info","message":"Start premium_list_db_handler","timestamp":"5:01:57 PM"}
{"level":"info","message":"premium_db_list user_data null { n: 1, nModified: 0, ok: 1 }","timestamp":"5:01:57 PM"}
{"level":"info","message":"Start premium_list_db_handler","timestamp":"5:01:58 PM"}
{"level":"info","message":"Start premium_list_db_handler_version_2","timestamp":"5:01:58 PM"}
{"level":"info","message":"Start premium_list_db_handler","timestamp":"5:01:58 PM"}
{"level":"info","message":"premium_db_list user_data null { n: 1, nModified: 0, ok: 1 }","timestamp":"5:01:58 PM"}
{"level":"info","message":"Start premium_list_db","timestamp":"5:02:02 PM"}
{"level":"info","message":"Waiting premium_list_db","timestamp":"5:02:02 PM"}
{"level":"info","message":"Start premium_summary","timestamp":"5:02:02 PM"}
{"level":"info","message":"Waiting premium_summary","timestamp":"5:02:02 PM"}
{"level":"info","message":"Finish premium_list_db","timestamp":"5:02:02 PM"}
{"level":"info","message":"Finish premium_summary","timestamp":"5:02:02 PM"}
{"level":"info","message":"Motor premium_list Start","timestamp":"5:02:03 PM"}
{"level":"info","message":"Start premium_list_db_handler","timestamp":"5:02:03 PM"}
{"level":"info","message":"Start premium_list_db_handler","timestamp":"5:02:03 PM"}
{"level":"info","message":"Motor premium_list Finish","timestamp":"5:02:03 PM"}
{"level":"info","message":"Start premium_list_db_handler","timestamp":"5:02:03 PM"}
{"level":"info","message":"Start premium_list_db_handler","timestamp":"5:02:03 PM"}
{"level":"info","message":"Start premium_list_db_handler","timestamp":"5:02:03 PM"}
{"level":"info","message":"Start premium_list_db_handler","timestamp":"5:02:03 PM"}
{"level":"info","message":"Start premium_list_db_handler","timestamp":"5:02:08 PM"}
{"level":"info","message":"Start premium_list_db_handler_version_2","timestamp":"5:02:08 PM"}
{"level":"info","message":"Start premium_list_db_handler","timestamp":"5:02:08 PM"}
{"level":"info","message":"premium_db_list user_data null { n: 1, nModified: 0, ok: 1 }","timestamp":"5:02:08 PM"}
{"level":"info","message":"Start premium_list_db_handler","timestamp":"5:02:10 PM"}
{"level":"info","message":"Start premium_list_db_handler_version_2","timestamp":"5:02:10 PM"}
{"level":"info","message":"Start premium_list_db_handler","timestamp":"5:02:10 PM"}
{"level":"info","message":"premium_db_list user_data null { n: 1, nModified: 0, ok: 1 }","timestamp":"5:02:10 PM"}
{"level":"info","message":"Start premium_list_db","timestamp":"5:49:50 PM"}
{"level":"info","message":"Waiting premium_list_db","timestamp":"5:49:50 PM"}
{"level":"info","message":"Start premium_summary","timestamp":"5:49:50 PM"}
{"level":"info","message":"Waiting premium_summary","timestamp":"5:49:50 PM"}
{"level":"info","message":"Finish premium_list_db","timestamp":"5:49:50 PM"}
{"level":"info","message":"Finish premium_summary","timestamp":"5:49:50 PM"}
{"level":"info","message":"Motor premium_list Start","timestamp":"5:49:53 PM"}
{"level":"info","message":"Start premium_list_db_handler","timestamp":"5:49:53 PM"}
{"level":"info","message":"Start premium_list_db_handler","timestamp":"5:49:53 PM"}
{"level":"info","message":"Motor premium_list Finish","timestamp":"5:49:53 PM"}
{"level":"info","message":"Start premium_list_db_handler","timestamp":"5:49:53 PM"}
{"level":"info","message":"Start premium_list_db_handler","timestamp":"5:49:53 PM"}
{"level":"info","message":"Start premium_list_db_handler","timestamp":"5:49:53 PM"}
{"level":"info","message":"Start premium_list_db_handler","timestamp":"5:49:53 PM"}
{"level":"info","message":"Start premium_list_db","timestamp":"5:50:14 PM"}
{"level":"info","message":"Waiting premium_list_db","timestamp":"5:50:14 PM"}
{"level":"info","message":"Start premium_summary","timestamp":"5:50:14 PM"}
{"level":"info","message":"Waiting premium_summary","timestamp":"5:50:14 PM"}
{"level":"info","message":"Finish premium_list_db","timestamp":"5:50:14 PM"}
{"level":"info","message":"Finish premium_summary","timestamp":"5:50:14 PM"}
{"level":"info","message":"Motor premium_list Start","timestamp":"5:50:14 PM"}
{"level":"info","message":"Start premium_list_db_handler","timestamp":"5:50:14 PM"}
{"level":"info","message":"Start premium_list_db_handler","timestamp":"5:50:14 PM"}
{"level":"info","message":"Motor premium_list Finish","timestamp":"5:50:14 PM"}
{"level":"info","message":"Start premium_list_db_handler","timestamp":"5:50:14 PM"}
{"level":"info","message":"Start premium_list_db_handler","timestamp":"5:50:14 PM"}
{"level":"info","message":"Start premium_list_db_handler","timestamp":"5:50:14 PM"}
{"level":"info","message":"Start premium_list_db_handler","timestamp":"5:50:14 PM"}
{"level":"info","message":"Start premium_list_db","timestamp":"5:50:25 PM"}
{"level":"info","message":"Waiting premium_list_db","timestamp":"5:50:25 PM"}
{"level":"info","message":"Start premium_summary","timestamp":"5:50:25 PM"}
{"level":"info","message":"Waiting premium_summary","timestamp":"5:50:25 PM"}
{"level":"info","message":"Finish premium_list_db","timestamp":"5:50:25 PM"}
{"level":"info","message":"Finish premium_summary","timestamp":"5:50:25 PM"}
{"level":"info","message":"Motor premium_list Start","timestamp":"5:50:26 PM"}
{"level":"info","message":"Start premium_list_db_handler","timestamp":"5:50:26 PM"}
{"level":"info","message":"Start premium_list_db_handler","timestamp":"5:50:26 PM"}
{"level":"info","message":"Motor premium_list Finish","timestamp":"5:50:26 PM"}
{"level":"info","message":"Start premium_list_db_handler","timestamp":"5:50:26 PM"}
{"level":"info","message":"Start premium_list_db_handler","timestamp":"5:50:26 PM"}
{"level":"info","message":"Start premium_list_db_handler","timestamp":"5:50:26 PM"}
{"level":"info","message":"Start premium_list_db_handler","timestamp":"5:50:26 PM"}
{"level":"info","message":"Start premium_list_db","timestamp":"5:50:50 PM"}
{"level":"info","message":"Waiting premium_list_db","timestamp":"5:50:50 PM"}
{"level":"info","message":"Start premium_summary","timestamp":"5:50:50 PM"}
{"level":"info","message":"Waiting premium_summary","timestamp":"5:50:50 PM"}
{"level":"info","message":"Finish premium_list_db","timestamp":"5:50:50 PM"}
{"level":"info","message":"Finish premium_summary","timestamp":"5:50:50 PM"}
{"level":"info","message":"Motor premium_list Start","timestamp":"5:50:51 PM"}
{"level":"info","message":"Start premium_list_db_handler","timestamp":"5:50:51 PM"}
{"level":"info","message":"Start premium_list_db_handler","timestamp":"5:50:51 PM"}
{"level":"info","message":"Motor premium_list Finish","timestamp":"5:50:51 PM"}
{"level":"info","message":"Start premium_list_db_handler","timestamp":"5:50:51 PM"}
{"level":"info","message":"Start premium_list_db_handler","timestamp":"5:50:51 PM"}
{"level":"info","message":"Start premium_list_db_handler","timestamp":"5:50:51 PM"}
{"level":"info","message":"Start premium_list_db_handler","timestamp":"5:50:51 PM"}
{"level":"info","message":"Start premium_list_db_handler","timestamp":"5:51:04 PM"}
{"level":"info","message":"Start premium_list_db_handler_version_2","timestamp":"5:51:04 PM"}
{"level":"info","message":"Start premium_list_db_handler","timestamp":"5:51:04 PM"}
{"level":"info","message":"premium_db_list user_data null { n: 1, nModified: 0, ok: 1 }","timestamp":"5:51:04 PM"}
