{"level":"info","message":"$$$$$$$$$$$$$$$$$$$$$$$$","timestamp":"2:11:41 PM"}
{"meta":"","level":"info","message":"","timestamp":"2:11:41 PM"}
{"level":"info","message":"Development Environment is Listening on port 3000","timestamp":"2:11:41 PM"}
{"level":"info","message":"Web URL : http://localhost:3000","timestamp":"2:11:41 PM"}
{"meta":"","level":"info","message":"","timestamp":"2:11:41 PM"}
{"level":"info","message":"$$$$$$$$$$$$$$$$$$$$$$$$","timestamp":"2:11:41 PM"}
{"meta":"","level":"info","message":"","timestamp":"2:11:41 PM"}
{"level":"info","message":"{\"product_id\":10,\"vehicle_id\":50836,\"rto_id\":580,\"vehicle_insurance_type\":\"renew\",\"vehicle_registration_date\":\"2020-10-28\",\"vehicle_manf_date\":\"2020-10-01\",\"policy_expiry_date\":\"2021-10-28\",\"prev_insurer_id\":17,\"vehicle_registration_type\":\"individual\",\"vehicle_ncb_current\":\"20\",\"is_claim_exists\":\"no\",\"method_type\":\"Premium\",\"execution_async\":\"yes\",\"electrical_accessory\":0,\"non_electrical_accessory\":0,\"is_llpd\":\"no\",\"is_antitheft_fit\":\"no\",\"is_external_bifuel\":\"\",\"is_aai_member\":\"no\",\"external_bifuel_type\":\"\",\"external_bifuel_value\":0,\"pa_owner_driver_si\":\"1500000\",\"is_pa_od\":\"yes\",\"is_having_valid_dl\":\"no\",\"is_opted_standalone_cpa\":\"yes\",\"pa_paid_driver_si\":\"0\",\"first_name\":\"\",\"mobile\":\"\",\"email\":\"\",\"crn\":\"0\",\"ss_id\":0,\"client_id\":2,\"fba_id\":0,\"geo_lat\":0,\"geo_long\":0,\"agent_source\":\"\",\"app_version\":\"2.0\",\"vehicle_insurance_subtype\":\"1CH_0TP\",\"secret_key\":\"SECRET-HZ07QRWY-JIBT-XRMQ-ZP95-J0RWP3DYRACW\",\"client_key\":\"CLIENT-CNTP6NYE-CU9N-DUZW-CSPI-SH1IS4DOVHB9\",\"is_breakin\":\"no\",\"is_fastlane_rto\":false,\"is_inspection_done\":\"no\",\"is_policy_exist\":\"yes\",\"is_financed\":\"no\",\"is_oslc\":\"no\",\"oslc_si\":0,\"sub_fba_id\":0,\"is_helmet_cover\":\"no\",\"helmet_cover_si\":0,\"registration_no\":\"MH-02-AA-1234\",\"ip_city_state\":\"Mumbai_Maharashtra\",\"vehicle_make_name\":\"AMPERE\",\"vehicle_full\":\"AMPERE|E-SCOOTER|MITRA 250|BATTERY|75\",\"rto_full\":\"MH02|Mumbai-Andheri|MAHARASHTRA|A\"}","timestamp":"2:12:23 PM"}
{"level":"info","message":"Client_Details { Platform: 'Website',\n  Role: 'LMClient',\n  Integration_Type: 'NonPOSP',\n  Premium_Source: 'Real',\n  __v: 0,\n  Response_Type: 'QUOTE',\n  Client_Name: 'PolicyBoss',\n  Client_Unique_Id: 'CLIENT-CNTP6NYE-CU9N-DUZW-CSPI-SH1IS4DOVHB9',\n  Secret_Key: 'SECRET-HZ07QRWY-JIBT-XRMQ-ZP95-J0RWP3DYRACW',\n  Created_On: '2017-05-17T12:55:14.111Z',\n  Is_Active: true,\n  Modified_On: '2017-05-17T12:55:14.111Z',\n  Client_Id: 2,\n  _id: '591c48321cc1042aec9ee6c9' }","timestamp":"2:25:05 PM"}
{"level":"info","message":"Client_Id 2 2","timestamp":"2:25:06 PM"}
{"level":"info","message":"Motor::product_api_pre::Start","timestamp":"2:25:06 PM"}
{"level":"info","message":"Motor::product_api_pre::Finish","timestamp":"2:25:06 PM"}
{"level":"info","message":"Motor premium_initiate_handler SRN-ARHTEO5Q-O0IX-86DC-1XPK-CIOKEXHL1UAF","timestamp":"2:25:06 PM"}
{"level":"info","message":"Start Motor vehicle_manf_year","timestamp":"2:25:06 PM"}
{"level":"info","message":"Finish Motor vehicle_manf_year 2020","timestamp":"2:25:06 PM"}
{"level":"info","message":"Motor vehicle_ncb_next Start","timestamp":"2:25:06 PM"}
{"level":"info","message":"Motor vehicle_ncb_next Finish","timestamp":"2:25:06 PM"}
{"level":"info","message":"Motor vehicle_ncb_next Finish","timestamp":"2:25:06 PM"}
{"level":"info","message":"Start Motor vehicle_age_year","timestamp":"2:25:06 PM"}
{"level":"info","message":"Motor policy_start_date Start","timestamp":"2:25:06 PM"}
{"level":"info","message":"Motor policy_start_date Finish 2021-10-29","timestamp":"2:25:06 PM"}
{"level":"info","message":"Finish Motor vehicle_age_year 1","timestamp":"2:25:06 PM"}
{"level":"info","message":"Start Motor pre_policy_start_date","timestamp":"2:25:06 PM"}
{"level":"info","message":"Motor policy_start_date Start","timestamp":"2:25:06 PM"}
{"level":"info","message":"Motor policy_start_date Finish 2021-10-29","timestamp":"2:25:06 PM"}
{"level":"info","message":"Motor policy_start_date Start","timestamp":"2:25:06 PM"}
{"level":"info","message":"Motor policy_start_date Finish 2021-10-29","timestamp":"2:25:06 PM"}
{"level":"info","message":"Start Motor policy_end_date","timestamp":"2:25:06 PM"}
{"level":"info","message":"Finish Motor policy_end_date 2022-10-28","timestamp":"2:25:06 PM"}
{"level":"info","message":"Motor pre_policy_start_date Start","timestamp":"2:25:06 PM"}
{"level":"info","message":"Motor pre_policy_start_date Finish 2020-10-29","timestamp":"2:25:06 PM"}
{"level":"info","message":"Start Motor policy_end_date","timestamp":"2:25:06 PM"}
{"level":"info","message":"Finish Motor policy_end_date 2022-10-28","timestamp":"2:25:06 PM"}
{"level":"info","message":"{\"product_id\":10,\"vehicle_id\":50836,\"rto_id\":580,\"vehicle_insurance_type\":\"renew\",\"vehicle_registration_date\":\"2020-10-28\",\"vehicle_manf_date\":\"2020-10-01\",\"policy_expiry_date\":\"2021-10-28\",\"prev_insurer_id\":17,\"vehicle_registration_type\":\"individual\",\"vehicle_ncb_current\":\"20\",\"is_claim_exists\":\"no\",\"method_type\":\"Premium\",\"execution_async\":\"yes\",\"electrical_accessory\":0,\"non_electrical_accessory\":0,\"is_llpd\":\"no\",\"is_antitheft_fit\":\"no\",\"is_external_bifuel\":\"\",\"is_aai_member\":\"no\",\"external_bifuel_type\":\"\",\"external_bifuel_value\":0,\"pa_owner_driver_si\":\"1500000\",\"is_pa_od\":\"yes\",\"is_having_valid_dl\":\"no\",\"is_opted_standalone_cpa\":\"yes\",\"pa_paid_driver_si\":\"0\",\"first_name\":\"\",\"mobile\":\"\",\"email\":\"\",\"crn\":\"0\",\"ss_id\":0,\"client_id\":2,\"fba_id\":0,\"geo_lat\":0,\"geo_long\":0,\"agent_source\":\"\",\"app_version\":\"2.0\",\"vehicle_insurance_subtype\":\"1CH_0TP\",\"secret_key\":\"SECRET-HZ07QRWY-JIBT-XRMQ-ZP95-J0RWP3DYRACW\",\"client_key\":\"CLIENT-CNTP6NYE-CU9N-DUZW-CSPI-SH1IS4DOVHB9\",\"is_breakin\":\"no\",\"is_fastlane_rto\":false,\"is_inspection_done\":\"no\",\"is_policy_exist\":\"yes\",\"is_financed\":\"no\",\"is_oslc\":\"no\",\"oslc_si\":0,\"sub_fba_id\":0,\"is_helmet_cover\":\"no\",\"helmet_cover_si\":0,\"registration_no\":\"MH-02-AA-1234\",\"ip_city_state\":\"Mumbai_Maharashtra\",\"vehicle_make_name\":\"AMPERE\",\"vehicle_full\":\"AMPERE|E-SCOOTER|MITRA 250|BATTERY|75\",\"rto_full\":\"MH02|Mumbai-Andheri|MAHARASHTRA|A\"}","timestamp":"2:25:39 PM"}
{"level":"info","message":"Client_Details { Platform: 'Website',\n  Role: 'LMClient',\n  Integration_Type: 'NonPOSP',\n  Premium_Source: 'Real',\n  __v: 0,\n  Response_Type: 'QUOTE',\n  Client_Name: 'PolicyBoss',\n  Client_Unique_Id: 'CLIENT-CNTP6NYE-CU9N-DUZW-CSPI-SH1IS4DOVHB9',\n  Secret_Key: 'SECRET-HZ07QRWY-JIBT-XRMQ-ZP95-J0RWP3DYRACW',\n  Created_On: '2017-05-17T12:55:14.111Z',\n  Is_Active: true,\n  Modified_On: '2017-05-17T12:55:14.111Z',\n  Client_Id: 2,\n  _id: '591c48321cc1042aec9ee6c9' }","timestamp":"2:29:19 PM"}
{"level":"info","message":"Client_Id 2 2","timestamp":"2:29:19 PM"}
{"level":"info","message":"Motor::product_api_pre::Start","timestamp":"2:29:23 PM"}
{"level":"info","message":"Motor::product_api_pre::Finish","timestamp":"2:29:23 PM"}
{"level":"info","message":"Motor premium_initiate_handler SRN-VAKRKS8B-QD79-QTOE-HFSK-4VAEMTQJJCDZ","timestamp":"2:29:23 PM"}
{"level":"info","message":"Start Motor vehicle_manf_year","timestamp":"2:29:23 PM"}
{"level":"info","message":"Finish Motor vehicle_manf_year 2020","timestamp":"2:29:23 PM"}
{"level":"info","message":"Motor vehicle_ncb_next Start","timestamp":"2:29:23 PM"}
{"level":"info","message":"Motor vehicle_ncb_next Finish","timestamp":"2:29:23 PM"}
{"level":"info","message":"Motor vehicle_ncb_next Finish","timestamp":"2:29:23 PM"}
{"level":"info","message":"Start Motor vehicle_age_year","timestamp":"2:29:23 PM"}
{"level":"info","message":"Motor policy_start_date Start","timestamp":"2:29:23 PM"}
{"level":"info","message":"Motor policy_start_date Finish 2021-10-29","timestamp":"2:29:23 PM"}
{"level":"info","message":"Finish Motor vehicle_age_year 1","timestamp":"2:29:23 PM"}
{"level":"info","message":"Start Motor pre_policy_start_date","timestamp":"2:29:23 PM"}
{"level":"info","message":"Motor policy_start_date Start","timestamp":"2:29:23 PM"}
{"level":"info","message":"Motor policy_start_date Finish 2021-10-29","timestamp":"2:29:23 PM"}
{"level":"info","message":"Motor policy_start_date Start","timestamp":"2:29:23 PM"}
{"level":"info","message":"Motor policy_start_date Finish 2021-10-29","timestamp":"2:29:23 PM"}
{"level":"info","message":"Start Motor policy_end_date","timestamp":"2:29:23 PM"}
{"level":"info","message":"Finish Motor policy_end_date 2022-10-28","timestamp":"2:29:23 PM"}
{"level":"info","message":"Motor pre_policy_start_date Start","timestamp":"2:29:23 PM"}
{"level":"info","message":"Motor pre_policy_start_date Finish 2020-10-29","timestamp":"2:29:23 PM"}
{"level":"info","message":"Start Motor policy_end_date","timestamp":"2:29:23 PM"}
{"level":"info","message":"Finish Motor policy_end_date 2022-10-28","timestamp":"2:29:23 PM"}
{"level":"info","message":"{\"product_id\":10,\"vehicle_id\":50836,\"rto_id\":580,\"vehicle_insurance_type\":\"renew\",\"vehicle_registration_date\":\"2020-10-28\",\"vehicle_manf_date\":\"2020-10-01\",\"policy_expiry_date\":\"2021-10-28\",\"prev_insurer_id\":17,\"vehicle_registration_type\":\"individual\",\"vehicle_ncb_current\":\"20\",\"is_claim_exists\":\"no\",\"method_type\":\"Premium\",\"execution_async\":\"yes\",\"electrical_accessory\":0,\"non_electrical_accessory\":0,\"is_llpd\":\"no\",\"is_antitheft_fit\":\"no\",\"is_external_bifuel\":\"\",\"is_aai_member\":\"no\",\"external_bifuel_type\":\"\",\"external_bifuel_value\":0,\"pa_owner_driver_si\":\"1500000\",\"is_pa_od\":\"yes\",\"is_having_valid_dl\":\"no\",\"is_opted_standalone_cpa\":\"yes\",\"pa_paid_driver_si\":\"0\",\"first_name\":\"\",\"mobile\":\"\",\"email\":\"\",\"crn\":\"0\",\"ss_id\":0,\"client_id\":2,\"fba_id\":0,\"geo_lat\":0,\"geo_long\":0,\"agent_source\":\"\",\"app_version\":\"2.0\",\"vehicle_insurance_subtype\":\"1CH_0TP\",\"secret_key\":\"SECRET-HZ07QRWY-JIBT-XRMQ-ZP95-J0RWP3DYRACW\",\"client_key\":\"CLIENT-CNTP6NYE-CU9N-DUZW-CSPI-SH1IS4DOVHB9\",\"is_breakin\":\"no\",\"is_fastlane_rto\":false,\"is_inspection_done\":\"no\",\"is_policy_exist\":\"yes\",\"is_financed\":\"no\",\"is_oslc\":\"no\",\"oslc_si\":0,\"sub_fba_id\":0,\"is_helmet_cover\":\"no\",\"helmet_cover_si\":0,\"registration_no\":\"MH-02-AA-1234\",\"ip_city_state\":\"Mumbai_Maharashtra\",\"vehicle_make_name\":\"AMPERE\",\"vehicle_full\":\"AMPERE|E-SCOOTER|MITRA 250|BATTERY|75\",\"rto_full\":\"MH02|Mumbai-Andheri|MAHARASHTRA|A\"}","timestamp":"2:35:04 PM"}
{"level":"info","message":"Client_Details { Platform: 'Website',\n  Role: 'LMClient',\n  Integration_Type: 'NonPOSP',\n  Premium_Source: 'Real',\n  __v: 0,\n  Response_Type: 'QUOTE',\n  Client_Name: 'PolicyBoss',\n  Client_Unique_Id: 'CLIENT-CNTP6NYE-CU9N-DUZW-CSPI-SH1IS4DOVHB9',\n  Secret_Key: 'SECRET-HZ07QRWY-JIBT-XRMQ-ZP95-J0RWP3DYRACW',\n  Created_On: '2017-05-17T12:55:14.111Z',\n  Is_Active: true,\n  Modified_On: '2017-05-17T12:55:14.111Z',\n  Client_Id: 2,\n  _id: '591c48321cc1042aec9ee6c9' }","timestamp":"2:38:44 PM"}
{"level":"info","message":"Client_Id 2 2","timestamp":"2:38:44 PM"}
{"level":"info","message":"Motor::product_api_pre::Start","timestamp":"2:38:45 PM"}
{"level":"info","message":"Motor::product_api_pre::Finish","timestamp":"2:38:45 PM"}
{"level":"info","message":"Motor premium_initiate_handler SRN-HCJQ0SKP-VDFK-I0MM-BGJR-WEAMTWH7WPH2","timestamp":"2:38:46 PM"}
{"level":"info","message":"Start Motor vehicle_manf_year","timestamp":"2:38:46 PM"}
{"level":"info","message":"Finish Motor vehicle_manf_year 2020","timestamp":"2:38:46 PM"}
{"level":"info","message":"Motor vehicle_ncb_next Start","timestamp":"2:38:46 PM"}
{"level":"info","message":"Motor vehicle_ncb_next Finish","timestamp":"2:38:46 PM"}
{"level":"info","message":"Motor vehicle_ncb_next Finish","timestamp":"2:38:46 PM"}
{"level":"info","message":"Start Motor vehicle_age_year","timestamp":"2:38:46 PM"}
{"level":"info","message":"Motor policy_start_date Start","timestamp":"2:38:46 PM"}
{"level":"info","message":"Motor policy_start_date Finish 2021-10-29","timestamp":"2:38:46 PM"}
{"level":"info","message":"Finish Motor vehicle_age_year 1","timestamp":"2:38:46 PM"}
{"level":"info","message":"Start Motor pre_policy_start_date","timestamp":"2:38:46 PM"}
{"level":"info","message":"Motor policy_start_date Start","timestamp":"2:38:46 PM"}
{"level":"info","message":"Motor policy_start_date Finish 2021-10-29","timestamp":"2:38:46 PM"}
{"level":"info","message":"Motor policy_start_date Start","timestamp":"2:38:46 PM"}
{"level":"info","message":"Motor policy_start_date Finish 2021-10-29","timestamp":"2:38:46 PM"}
{"level":"info","message":"Start Motor policy_end_date","timestamp":"2:38:46 PM"}
{"level":"info","message":"Finish Motor policy_end_date 2022-10-28","timestamp":"2:38:46 PM"}
{"level":"info","message":"Motor pre_policy_start_date Start","timestamp":"2:38:46 PM"}
{"level":"info","message":"Motor pre_policy_start_date Finish 2020-10-29","timestamp":"2:38:46 PM"}
{"level":"info","message":"Start Motor policy_end_date","timestamp":"2:38:46 PM"}
{"level":"info","message":"Finish Motor policy_end_date 2022-10-28","timestamp":"2:38:46 PM"}
{"level":"info","message":"{\"product_id\":10,\"vehicle_id\":50836,\"rto_id\":580,\"vehicle_insurance_type\":\"renew\",\"vehicle_registration_date\":\"2020-10-28\",\"vehicle_manf_date\":\"2020-10-01\",\"policy_expiry_date\":\"2021-10-28\",\"prev_insurer_id\":17,\"vehicle_registration_type\":\"individual\",\"vehicle_ncb_current\":\"20\",\"is_claim_exists\":\"no\",\"method_type\":\"Premium\",\"execution_async\":\"yes\",\"electrical_accessory\":0,\"non_electrical_accessory\":0,\"is_llpd\":\"no\",\"is_antitheft_fit\":\"no\",\"is_external_bifuel\":\"\",\"is_aai_member\":\"no\",\"external_bifuel_type\":\"\",\"external_bifuel_value\":0,\"pa_owner_driver_si\":\"1500000\",\"is_pa_od\":\"yes\",\"is_having_valid_dl\":\"no\",\"is_opted_standalone_cpa\":\"yes\",\"pa_paid_driver_si\":\"0\",\"first_name\":\"\",\"mobile\":\"\",\"email\":\"\",\"crn\":\"0\",\"ss_id\":0,\"client_id\":2,\"fba_id\":0,\"geo_lat\":0,\"geo_long\":0,\"agent_source\":\"\",\"app_version\":\"2.0\",\"vehicle_insurance_subtype\":\"1CH_0TP\",\"secret_key\":\"SECRET-HZ07QRWY-JIBT-XRMQ-ZP95-J0RWP3DYRACW\",\"client_key\":\"CLIENT-CNTP6NYE-CU9N-DUZW-CSPI-SH1IS4DOVHB9\",\"is_breakin\":\"no\",\"is_fastlane_rto\":false,\"is_inspection_done\":\"no\",\"is_policy_exist\":\"yes\",\"is_financed\":\"no\",\"is_oslc\":\"no\",\"oslc_si\":0,\"sub_fba_id\":0,\"is_helmet_cover\":\"no\",\"helmet_cover_si\":0,\"registration_no\":\"MH-02-AA-1234\",\"ip_city_state\":\"Mumbai_Maharashtra\",\"vehicle_make_name\":\"AMPERE\",\"vehicle_full\":\"AMPERE|E-SCOOTER|MITRA 250|BATTERY|75\",\"rto_full\":\"MH02|Mumbai-Andheri|MAHARASHTRA|A\"}","timestamp":"2:41:59 PM"}
{"level":"info","message":"Client_Details { Platform: 'Website',\n  Role: 'LMClient',\n  Integration_Type: 'NonPOSP',\n  Premium_Source: 'Real',\n  __v: 0,\n  Response_Type: 'QUOTE',\n  Client_Name: 'PolicyBoss',\n  Client_Unique_Id: 'CLIENT-CNTP6NYE-CU9N-DUZW-CSPI-SH1IS4DOVHB9',\n  Secret_Key: 'SECRET-HZ07QRWY-JIBT-XRMQ-ZP95-J0RWP3DYRACW',\n  Created_On: '2017-05-17T12:55:14.111Z',\n  Is_Active: true,\n  Modified_On: '2017-05-17T12:55:14.111Z',\n  Client_Id: 2,\n  _id: '591c48321cc1042aec9ee6c9' }","timestamp":"2:48:55 PM"}
{"level":"info","message":"Client_Id 2 2","timestamp":"2:48:55 PM"}
{"level":"info","message":"Motor::product_api_pre::Start","timestamp":"2:48:55 PM"}
{"level":"info","message":"Motor::product_api_pre::Finish","timestamp":"2:48:55 PM"}
{"level":"info","message":"Motor premium_initiate_handler SRN-JYSJZTKF-EMZM-PLU0-RYKO-HJTNZXLOGBXR","timestamp":"2:48:55 PM"}
{"level":"info","message":"Start Motor vehicle_manf_year","timestamp":"2:48:55 PM"}
{"level":"info","message":"Finish Motor vehicle_manf_year 2020","timestamp":"2:48:55 PM"}
{"level":"info","message":"Motor vehicle_ncb_next Start","timestamp":"2:48:55 PM"}
{"level":"info","message":"Motor vehicle_ncb_next Finish","timestamp":"2:48:55 PM"}
{"level":"info","message":"Motor vehicle_ncb_next Finish","timestamp":"2:48:55 PM"}
{"level":"info","message":"Start Motor vehicle_age_year","timestamp":"2:48:55 PM"}
{"level":"info","message":"Motor policy_start_date Start","timestamp":"2:48:55 PM"}
{"level":"info","message":"Motor policy_start_date Finish 2021-10-29","timestamp":"2:48:55 PM"}
{"level":"info","message":"Finish Motor vehicle_age_year 1","timestamp":"2:48:55 PM"}
{"level":"info","message":"Start Motor pre_policy_start_date","timestamp":"2:48:55 PM"}
{"level":"info","message":"Motor policy_start_date Start","timestamp":"2:48:55 PM"}
{"level":"info","message":"Motor policy_start_date Finish 2021-10-29","timestamp":"2:48:55 PM"}
{"level":"info","message":"Motor policy_start_date Start","timestamp":"2:48:55 PM"}
{"level":"info","message":"Motor policy_start_date Finish 2021-10-29","timestamp":"2:48:55 PM"}
{"level":"info","message":"Start Motor policy_end_date","timestamp":"2:48:55 PM"}
{"level":"info","message":"Finish Motor policy_end_date 2022-10-28","timestamp":"2:48:55 PM"}
{"level":"info","message":"Motor pre_policy_start_date Start","timestamp":"2:48:55 PM"}
{"level":"info","message":"Motor pre_policy_start_date Finish 2020-10-29","timestamp":"2:48:55 PM"}
{"level":"info","message":"Start Motor policy_end_date","timestamp":"2:48:55 PM"}
{"level":"info","message":"Finish Motor policy_end_date 2022-10-28","timestamp":"2:48:55 PM"}
{"level":"info","message":"{\"product_id\":10,\"vehicle_id\":50836,\"rto_id\":580,\"vehicle_insurance_type\":\"renew\",\"vehicle_registration_date\":\"2020-10-28\",\"vehicle_manf_date\":\"2020-10-01\",\"policy_expiry_date\":\"2021-10-28\",\"prev_insurer_id\":17,\"vehicle_registration_type\":\"individual\",\"vehicle_ncb_current\":\"20\",\"is_claim_exists\":\"no\",\"method_type\":\"Premium\",\"execution_async\":\"yes\",\"electrical_accessory\":0,\"non_electrical_accessory\":0,\"is_llpd\":\"no\",\"is_antitheft_fit\":\"no\",\"is_external_bifuel\":\"\",\"is_aai_member\":\"no\",\"external_bifuel_type\":\"\",\"external_bifuel_value\":0,\"pa_owner_driver_si\":\"1500000\",\"is_pa_od\":\"yes\",\"is_having_valid_dl\":\"no\",\"is_opted_standalone_cpa\":\"yes\",\"pa_paid_driver_si\":\"0\",\"first_name\":\"\",\"mobile\":\"\",\"email\":\"\",\"crn\":\"0\",\"ss_id\":0,\"client_id\":2,\"fba_id\":0,\"geo_lat\":0,\"geo_long\":0,\"agent_source\":\"\",\"app_version\":\"2.0\",\"vehicle_insurance_subtype\":\"1CH_0TP\",\"secret_key\":\"SECRET-HZ07QRWY-JIBT-XRMQ-ZP95-J0RWP3DYRACW\",\"client_key\":\"CLIENT-CNTP6NYE-CU9N-DUZW-CSPI-SH1IS4DOVHB9\",\"is_breakin\":\"no\",\"is_fastlane_rto\":false,\"is_inspection_done\":\"no\",\"is_policy_exist\":\"yes\",\"is_financed\":\"no\",\"is_oslc\":\"no\",\"oslc_si\":0,\"sub_fba_id\":0,\"is_helmet_cover\":\"no\",\"helmet_cover_si\":0,\"registration_no\":\"MH-02-AA-1234\",\"ip_city_state\":\"Mumbai_Maharashtra\",\"vehicle_make_name\":\"AMPERE\",\"vehicle_full\":\"AMPERE|E-SCOOTER|MITRA 250|BATTERY|75\",\"rto_full\":\"MH02|Mumbai-Andheri|MAHARASHTRA|A\"}","timestamp":"2:49:03 PM"}
{"level":"info","message":"Client_Details { Platform: 'Website',\n  Role: 'LMClient',\n  Integration_Type: 'NonPOSP',\n  Premium_Source: 'Real',\n  __v: 0,\n  Response_Type: 'QUOTE',\n  Client_Name: 'PolicyBoss',\n  Client_Unique_Id: 'CLIENT-CNTP6NYE-CU9N-DUZW-CSPI-SH1IS4DOVHB9',\n  Secret_Key: 'SECRET-HZ07QRWY-JIBT-XRMQ-ZP95-J0RWP3DYRACW',\n  Created_On: '2017-05-17T12:55:14.111Z',\n  Is_Active: true,\n  Modified_On: '2017-05-17T12:55:14.111Z',\n  Client_Id: 2,\n  _id: '591c48321cc1042aec9ee6c9' }","timestamp":"2:49:20 PM"}
{"level":"info","message":"Client_Id 2 2","timestamp":"2:49:20 PM"}
{"level":"info","message":"Motor::product_api_pre::Start","timestamp":"2:49:21 PM"}
{"level":"info","message":"Motor::product_api_pre::Finish","timestamp":"2:49:21 PM"}
{"level":"info","message":"Motor premium_initiate_handler SRN-UL7JOGFM-AUPJ-MKYP-TQUO-RGJISINWSWOX","timestamp":"2:49:21 PM"}
{"level":"info","message":"Start Motor vehicle_manf_year","timestamp":"2:49:21 PM"}
{"level":"info","message":"Finish Motor vehicle_manf_year 2020","timestamp":"2:49:21 PM"}
{"level":"info","message":"Motor vehicle_ncb_next Start","timestamp":"2:49:21 PM"}
{"level":"info","message":"Motor vehicle_ncb_next Finish","timestamp":"2:49:21 PM"}
{"level":"info","message":"Motor vehicle_ncb_next Finish","timestamp":"2:49:21 PM"}
{"level":"info","message":"Start Motor vehicle_age_year","timestamp":"2:49:21 PM"}
{"level":"info","message":"Motor policy_start_date Start","timestamp":"2:49:21 PM"}
{"level":"info","message":"Motor policy_start_date Finish 2021-10-29","timestamp":"2:49:21 PM"}
{"level":"info","message":"Finish Motor vehicle_age_year 1","timestamp":"2:49:21 PM"}
{"level":"info","message":"Start Motor pre_policy_start_date","timestamp":"2:49:21 PM"}
{"level":"info","message":"Motor policy_start_date Start","timestamp":"2:49:21 PM"}
{"level":"info","message":"Motor policy_start_date Finish 2021-10-29","timestamp":"2:49:21 PM"}
{"level":"info","message":"Motor policy_start_date Start","timestamp":"2:49:21 PM"}
{"level":"info","message":"Motor policy_start_date Finish 2021-10-29","timestamp":"2:49:21 PM"}
{"level":"info","message":"Start Motor policy_end_date","timestamp":"2:49:21 PM"}
{"level":"info","message":"Finish Motor policy_end_date 2022-10-28","timestamp":"2:49:21 PM"}
{"level":"info","message":"Motor pre_policy_start_date Start","timestamp":"2:49:21 PM"}
{"level":"info","message":"Motor pre_policy_start_date Finish 2020-10-29","timestamp":"2:49:21 PM"}
{"level":"info","message":"Start Motor policy_end_date","timestamp":"2:49:21 PM"}
{"level":"info","message":"Finish Motor policy_end_date 2022-10-28","timestamp":"2:49:21 PM"}
{"level":"info","message":"{\"product_id\":10,\"vehicle_id\":50836,\"rto_id\":580,\"vehicle_insurance_type\":\"renew\",\"vehicle_registration_date\":\"2020-10-28\",\"vehicle_manf_date\":\"2020-10-01\",\"policy_expiry_date\":\"2021-10-28\",\"prev_insurer_id\":17,\"vehicle_registration_type\":\"individual\",\"vehicle_ncb_current\":\"20\",\"is_claim_exists\":\"no\",\"method_type\":\"Premium\",\"execution_async\":\"yes\",\"electrical_accessory\":0,\"non_electrical_accessory\":0,\"is_llpd\":\"no\",\"is_antitheft_fit\":\"no\",\"is_external_bifuel\":\"\",\"is_aai_member\":\"no\",\"external_bifuel_type\":\"\",\"external_bifuel_value\":0,\"pa_owner_driver_si\":\"1500000\",\"is_pa_od\":\"yes\",\"is_having_valid_dl\":\"no\",\"is_opted_standalone_cpa\":\"yes\",\"pa_paid_driver_si\":\"0\",\"first_name\":\"\",\"mobile\":\"\",\"email\":\"\",\"crn\":\"0\",\"ss_id\":0,\"client_id\":2,\"fba_id\":0,\"geo_lat\":0,\"geo_long\":0,\"agent_source\":\"\",\"app_version\":\"2.0\",\"vehicle_insurance_subtype\":\"1CH_0TP\",\"secret_key\":\"SECRET-HZ07QRWY-JIBT-XRMQ-ZP95-J0RWP3DYRACW\",\"client_key\":\"CLIENT-CNTP6NYE-CU9N-DUZW-CSPI-SH1IS4DOVHB9\",\"is_breakin\":\"no\",\"is_fastlane_rto\":false,\"is_inspection_done\":\"no\",\"is_policy_exist\":\"yes\",\"is_financed\":\"no\",\"is_oslc\":\"no\",\"oslc_si\":0,\"sub_fba_id\":0,\"is_helmet_cover\":\"no\",\"helmet_cover_si\":0,\"registration_no\":\"MH-02-AA-1234\",\"ip_city_state\":\"Mumbai_Maharashtra\",\"vehicle_make_name\":\"AMPERE\",\"vehicle_full\":\"AMPERE|E-SCOOTER|MITRA 250|BATTERY|75\",\"rto_full\":\"MH02|Mumbai-Andheri|MAHARASHTRA|A\"}","timestamp":"3:01:31 PM"}
{"level":"info","message":"Client_Details { Platform: 'Website',\n  Role: 'LMClient',\n  Integration_Type: 'NonPOSP',\n  Premium_Source: 'Real',\n  __v: 0,\n  Response_Type: 'QUOTE',\n  Client_Name: 'PolicyBoss',\n  Client_Unique_Id: 'CLIENT-CNTP6NYE-CU9N-DUZW-CSPI-SH1IS4DOVHB9',\n  Secret_Key: 'SECRET-HZ07QRWY-JIBT-XRMQ-ZP95-J0RWP3DYRACW',\n  Created_On: '2017-05-17T12:55:14.111Z',\n  Is_Active: true,\n  Modified_On: '2017-05-17T12:55:14.111Z',\n  Client_Id: 2,\n  _id: '591c48321cc1042aec9ee6c9' }","timestamp":"3:01:32 PM"}
{"level":"info","message":"Client_Id 2 2","timestamp":"3:01:32 PM"}
{"level":"info","message":"Motor::product_api_pre::Start","timestamp":"3:01:34 PM"}
{"level":"info","message":"Motor::product_api_pre::Finish","timestamp":"3:01:34 PM"}
{"level":"info","message":"Motor premium_initiate_handler SRN-FORIWYAX-SBKJ-3WVU-XYCC-VQJOWD66P4T2","timestamp":"3:01:34 PM"}
{"level":"info","message":"Start Motor vehicle_manf_year","timestamp":"3:01:34 PM"}
{"level":"info","message":"Finish Motor vehicle_manf_year 2020","timestamp":"3:01:34 PM"}
{"level":"info","message":"Motor vehicle_ncb_next Start","timestamp":"3:01:34 PM"}
{"level":"info","message":"Motor vehicle_ncb_next Finish","timestamp":"3:01:34 PM"}
{"level":"info","message":"Motor vehicle_ncb_next Finish","timestamp":"3:01:34 PM"}
{"level":"info","message":"Start Motor vehicle_age_year","timestamp":"3:01:34 PM"}
{"level":"info","message":"Motor policy_start_date Start","timestamp":"3:01:34 PM"}
{"level":"info","message":"Motor policy_start_date Finish 2021-10-29","timestamp":"3:01:34 PM"}
{"level":"info","message":"Finish Motor vehicle_age_year 1","timestamp":"3:01:34 PM"}
{"level":"info","message":"Start Motor pre_policy_start_date","timestamp":"3:01:34 PM"}
{"level":"info","message":"Motor policy_start_date Start","timestamp":"3:01:34 PM"}
{"level":"info","message":"Motor policy_start_date Finish 2021-10-29","timestamp":"3:01:34 PM"}
{"level":"info","message":"Motor policy_start_date Start","timestamp":"3:01:34 PM"}
{"level":"info","message":"Motor policy_start_date Finish 2021-10-29","timestamp":"3:01:34 PM"}
{"level":"info","message":"Start Motor policy_end_date","timestamp":"3:01:34 PM"}
{"level":"info","message":"Finish Motor policy_end_date 2022-10-28","timestamp":"3:01:34 PM"}
{"level":"info","message":"Motor pre_policy_start_date Start","timestamp":"3:01:34 PM"}
{"level":"info","message":"Motor pre_policy_start_date Finish 2020-10-29","timestamp":"3:01:34 PM"}
{"level":"info","message":"Start Motor policy_end_date","timestamp":"3:01:34 PM"}
{"level":"info","message":"Finish Motor policy_end_date 2022-10-28","timestamp":"3:01:34 PM"}
{"level":"info","message":"{\"product_id\":10,\"vehicle_id\":50836,\"rto_id\":580,\"vehicle_insurance_type\":\"renew\",\"vehicle_registration_date\":\"2020-10-28\",\"vehicle_manf_date\":\"2020-10-01\",\"policy_expiry_date\":\"2021-10-28\",\"prev_insurer_id\":17,\"vehicle_registration_type\":\"individual\",\"vehicle_ncb_current\":\"20\",\"is_claim_exists\":\"no\",\"method_type\":\"Premium\",\"execution_async\":\"yes\",\"electrical_accessory\":0,\"non_electrical_accessory\":0,\"is_llpd\":\"no\",\"is_antitheft_fit\":\"no\",\"is_external_bifuel\":\"\",\"is_aai_member\":\"no\",\"external_bifuel_type\":\"\",\"external_bifuel_value\":0,\"pa_owner_driver_si\":\"1500000\",\"is_pa_od\":\"yes\",\"is_having_valid_dl\":\"no\",\"is_opted_standalone_cpa\":\"yes\",\"pa_paid_driver_si\":\"0\",\"first_name\":\"\",\"mobile\":\"\",\"email\":\"\",\"crn\":\"0\",\"ss_id\":0,\"client_id\":2,\"fba_id\":0,\"geo_lat\":0,\"geo_long\":0,\"agent_source\":\"\",\"app_version\":\"2.0\",\"vehicle_insurance_subtype\":\"1CH_0TP\",\"secret_key\":\"SECRET-HZ07QRWY-JIBT-XRMQ-ZP95-J0RWP3DYRACW\",\"client_key\":\"CLIENT-CNTP6NYE-CU9N-DUZW-CSPI-SH1IS4DOVHB9\",\"is_breakin\":\"no\",\"is_fastlane_rto\":false,\"is_inspection_done\":\"no\",\"is_policy_exist\":\"yes\",\"is_financed\":\"no\",\"is_oslc\":\"no\",\"oslc_si\":0,\"sub_fba_id\":0,\"is_helmet_cover\":\"no\",\"helmet_cover_si\":0,\"registration_no\":\"MH-02-AA-1234\",\"ip_city_state\":\"Mumbai_Maharashtra\",\"vehicle_make_name\":\"AMPERE\",\"vehicle_full\":\"AMPERE|E-SCOOTER|MITRA 250|BATTERY|75\",\"rto_full\":\"MH02|Mumbai-Andheri|MAHARASHTRA|A\"}","timestamp":"3:01:57 PM"}
{"level":"info","message":"Client_Details { Platform: 'Website',\n  Role: 'LMClient',\n  Integration_Type: 'NonPOSP',\n  Premium_Source: 'Real',\n  __v: 0,\n  Response_Type: 'QUOTE',\n  Client_Name: 'PolicyBoss',\n  Client_Unique_Id: 'CLIENT-CNTP6NYE-CU9N-DUZW-CSPI-SH1IS4DOVHB9',\n  Secret_Key: 'SECRET-HZ07QRWY-JIBT-XRMQ-ZP95-J0RWP3DYRACW',\n  Created_On: '2017-05-17T12:55:14.111Z',\n  Is_Active: true,\n  Modified_On: '2017-05-17T12:55:14.111Z',\n  Client_Id: 2,\n  _id: '591c48321cc1042aec9ee6c9' }","timestamp":"3:01:57 PM"}
{"level":"info","message":"Client_Id 2 2","timestamp":"3:01:57 PM"}
{"level":"info","message":"Motor::product_api_pre::Start","timestamp":"3:01:57 PM"}
{"level":"info","message":"Motor::product_api_pre::Finish","timestamp":"3:01:57 PM"}
{"level":"info","message":"Motor premium_initiate_handler SRN-QNWR09RX-VMBE-ZBSP-JAEU-VHYNPZQG6IPX","timestamp":"3:01:58 PM"}
{"level":"info","message":"Start Motor vehicle_manf_year","timestamp":"3:01:58 PM"}
{"level":"info","message":"Finish Motor vehicle_manf_year 2020","timestamp":"3:01:58 PM"}
{"level":"info","message":"Motor vehicle_ncb_next Start","timestamp":"3:01:58 PM"}
{"level":"info","message":"Motor vehicle_ncb_next Finish","timestamp":"3:01:58 PM"}
{"level":"info","message":"Motor vehicle_ncb_next Finish","timestamp":"3:01:58 PM"}
{"level":"info","message":"Start Motor vehicle_age_year","timestamp":"3:01:58 PM"}
{"level":"info","message":"Motor policy_start_date Start","timestamp":"3:01:58 PM"}
{"level":"info","message":"Motor policy_start_date Finish 2021-10-29","timestamp":"3:01:58 PM"}
{"level":"info","message":"Finish Motor vehicle_age_year 1","timestamp":"3:01:58 PM"}
{"level":"info","message":"Start Motor pre_policy_start_date","timestamp":"3:01:58 PM"}
{"level":"info","message":"Motor policy_start_date Start","timestamp":"3:01:58 PM"}
{"level":"info","message":"Motor policy_start_date Finish 2021-10-29","timestamp":"3:01:58 PM"}
{"level":"info","message":"Motor policy_start_date Start","timestamp":"3:01:58 PM"}
{"level":"info","message":"Motor policy_start_date Finish 2021-10-29","timestamp":"3:01:58 PM"}
{"level":"info","message":"Start Motor policy_end_date","timestamp":"3:01:58 PM"}
{"level":"info","message":"Finish Motor policy_end_date 2022-10-28","timestamp":"3:01:58 PM"}
{"level":"info","message":"Motor pre_policy_start_date Start","timestamp":"3:01:58 PM"}
{"level":"info","message":"Motor pre_policy_start_date Finish 2020-10-29","timestamp":"3:01:58 PM"}
{"level":"info","message":"Start Motor policy_end_date","timestamp":"3:01:58 PM"}
{"level":"info","message":"Finish Motor policy_end_date 2022-10-28","timestamp":"3:01:58 PM"}
{"level":"info","message":"{\"product_id\":10,\"vehicle_id\":50836,\"rto_id\":580,\"vehicle_insurance_type\":\"renew\",\"vehicle_registration_date\":\"2020-10-28\",\"vehicle_manf_date\":\"2020-10-01\",\"policy_expiry_date\":\"2021-10-28\",\"prev_insurer_id\":17,\"vehicle_registration_type\":\"individual\",\"vehicle_ncb_current\":\"20\",\"is_claim_exists\":\"no\",\"method_type\":\"Premium\",\"execution_async\":\"yes\",\"electrical_accessory\":0,\"non_electrical_accessory\":0,\"is_llpd\":\"no\",\"is_antitheft_fit\":\"no\",\"is_external_bifuel\":\"\",\"is_aai_member\":\"no\",\"external_bifuel_type\":\"\",\"external_bifuel_value\":0,\"pa_owner_driver_si\":\"1500000\",\"is_pa_od\":\"yes\",\"is_having_valid_dl\":\"no\",\"is_opted_standalone_cpa\":\"yes\",\"pa_paid_driver_si\":\"0\",\"first_name\":\"\",\"mobile\":\"\",\"email\":\"\",\"crn\":\"0\",\"ss_id\":0,\"client_id\":2,\"fba_id\":0,\"geo_lat\":0,\"geo_long\":0,\"agent_source\":\"\",\"app_version\":\"2.0\",\"vehicle_insurance_subtype\":\"1CH_0TP\",\"secret_key\":\"SECRET-HZ07QRWY-JIBT-XRMQ-ZP95-J0RWP3DYRACW\",\"client_key\":\"CLIENT-CNTP6NYE-CU9N-DUZW-CSPI-SH1IS4DOVHB9\",\"is_breakin\":\"no\",\"is_fastlane_rto\":false,\"is_inspection_done\":\"no\",\"is_policy_exist\":\"yes\",\"is_financed\":\"no\",\"is_oslc\":\"no\",\"oslc_si\":0,\"sub_fba_id\":0,\"is_helmet_cover\":\"no\",\"helmet_cover_si\":0,\"registration_no\":\"MH-02-AA-1234\",\"ip_city_state\":\"Mumbai_Maharashtra\",\"vehicle_make_name\":\"AMPERE\",\"vehicle_full\":\"AMPERE|E-SCOOTER|MITRA 250|BATTERY|75\",\"rto_full\":\"MH02|Mumbai-Andheri|MAHARASHTRA|A\"}","timestamp":"3:02:26 PM"}
{"level":"info","message":"Client_Details { Platform: 'Website',\n  Role: 'LMClient',\n  Integration_Type: 'NonPOSP',\n  Premium_Source: 'Real',\n  __v: 0,\n  Response_Type: 'QUOTE',\n  Client_Name: 'PolicyBoss',\n  Client_Unique_Id: 'CLIENT-CNTP6NYE-CU9N-DUZW-CSPI-SH1IS4DOVHB9',\n  Secret_Key: 'SECRET-HZ07QRWY-JIBT-XRMQ-ZP95-J0RWP3DYRACW',\n  Created_On: '2017-05-17T12:55:14.111Z',\n  Is_Active: true,\n  Modified_On: '2017-05-17T12:55:14.111Z',\n  Client_Id: 2,\n  _id: '591c48321cc1042aec9ee6c9' }","timestamp":"3:02:26 PM"}
{"level":"info","message":"Client_Id 2 2","timestamp":"3:02:26 PM"}
{"level":"info","message":"Motor::product_api_pre::Start","timestamp":"3:02:27 PM"}
{"level":"info","message":"Motor::product_api_pre::Finish","timestamp":"3:02:27 PM"}
{"level":"info","message":"Motor premium_initiate_handler SRN-CSTIVHWE-DBFK-DB4P-Y6HR-GLRGYSIT1SAR","timestamp":"3:02:27 PM"}
{"level":"info","message":"Start Motor vehicle_manf_year","timestamp":"3:02:27 PM"}
{"level":"info","message":"Finish Motor vehicle_manf_year 2020","timestamp":"3:02:27 PM"}
{"level":"info","message":"Motor vehicle_ncb_next Start","timestamp":"3:02:27 PM"}
{"level":"info","message":"Motor vehicle_ncb_next Finish","timestamp":"3:02:27 PM"}
{"level":"info","message":"Motor vehicle_ncb_next Finish","timestamp":"3:02:27 PM"}
{"level":"info","message":"Start Motor vehicle_age_year","timestamp":"3:02:27 PM"}
{"level":"info","message":"Motor policy_start_date Start","timestamp":"3:02:27 PM"}
{"level":"info","message":"Motor policy_start_date Finish 2021-10-29","timestamp":"3:02:27 PM"}
{"level":"info","message":"Finish Motor vehicle_age_year 1","timestamp":"3:02:27 PM"}
{"level":"info","message":"Start Motor pre_policy_start_date","timestamp":"3:02:27 PM"}
{"level":"info","message":"Motor policy_start_date Start","timestamp":"3:02:27 PM"}
{"level":"info","message":"Motor policy_start_date Finish 2021-10-29","timestamp":"3:02:27 PM"}
{"level":"info","message":"Motor policy_start_date Start","timestamp":"3:02:27 PM"}
{"level":"info","message":"Motor policy_start_date Finish 2021-10-29","timestamp":"3:02:27 PM"}
{"level":"info","message":"Start Motor policy_end_date","timestamp":"3:02:27 PM"}
{"level":"info","message":"Finish Motor policy_end_date 2022-10-28","timestamp":"3:02:27 PM"}
{"level":"info","message":"Motor pre_policy_start_date Start","timestamp":"3:02:27 PM"}
{"level":"info","message":"Motor pre_policy_start_date Finish 2020-10-29","timestamp":"3:02:27 PM"}
{"level":"info","message":"Start Motor policy_end_date","timestamp":"3:02:27 PM"}
{"level":"info","message":"Finish Motor policy_end_date 2022-10-28","timestamp":"3:02:27 PM"}
{"level":"info","message":"{\"product_id\":10,\"vehicle_id\":50836,\"rto_id\":580,\"vehicle_insurance_type\":\"renew\",\"vehicle_registration_date\":\"2020-10-28\",\"vehicle_manf_date\":\"2020-10-01\",\"policy_expiry_date\":\"2021-10-28\",\"prev_insurer_id\":17,\"vehicle_registration_type\":\"individual\",\"vehicle_ncb_current\":\"20\",\"is_claim_exists\":\"no\",\"method_type\":\"Premium\",\"execution_async\":\"yes\",\"electrical_accessory\":0,\"non_electrical_accessory\":0,\"is_llpd\":\"no\",\"is_antitheft_fit\":\"no\",\"is_external_bifuel\":\"\",\"is_aai_member\":\"no\",\"external_bifuel_type\":\"\",\"external_bifuel_value\":0,\"pa_owner_driver_si\":\"1500000\",\"is_pa_od\":\"yes\",\"is_having_valid_dl\":\"no\",\"is_opted_standalone_cpa\":\"yes\",\"pa_paid_driver_si\":\"0\",\"first_name\":\"\",\"mobile\":\"\",\"email\":\"\",\"crn\":\"0\",\"ss_id\":0,\"client_id\":2,\"fba_id\":0,\"geo_lat\":0,\"geo_long\":0,\"agent_source\":\"\",\"app_version\":\"2.0\",\"vehicle_insurance_subtype\":\"1CH_0TP\",\"secret_key\":\"SECRET-HZ07QRWY-JIBT-XRMQ-ZP95-J0RWP3DYRACW\",\"client_key\":\"CLIENT-CNTP6NYE-CU9N-DUZW-CSPI-SH1IS4DOVHB9\",\"is_breakin\":\"no\",\"is_fastlane_rto\":false,\"is_inspection_done\":\"no\",\"is_policy_exist\":\"yes\",\"is_financed\":\"no\",\"is_oslc\":\"no\",\"oslc_si\":0,\"sub_fba_id\":0,\"is_helmet_cover\":\"no\",\"helmet_cover_si\":0,\"registration_no\":\"MH-02-AA-1234\",\"ip_city_state\":\"Mumbai_Maharashtra\",\"vehicle_make_name\":\"AMPERE\",\"vehicle_full\":\"AMPERE|E-SCOOTER|MITRA 250|BATTERY|75\",\"rto_full\":\"MH02|Mumbai-Andheri|MAHARASHTRA|A\"}","timestamp":"5:05:34 PM"}
{"level":"info","message":"Start premium_list_db","timestamp":"5:05:34 PM"}
{"level":"info","message":"Start premium_summary","timestamp":"5:05:35 PM"}
{"level":"info","message":"Waiting premium_summary","timestamp":"5:05:35 PM"}
{"level":"info","message":"Client_Details { Platform: 'Website',\n  Role: 'LMClient',\n  Integration_Type: 'NonPOSP',\n  Premium_Source: 'Real',\n  __v: 0,\n  Response_Type: 'QUOTE',\n  Client_Name: 'PolicyBoss',\n  Client_Unique_Id: 'CLIENT-CNTP6NYE-CU9N-DUZW-CSPI-SH1IS4DOVHB9',\n  Secret_Key: 'SECRET-HZ07QRWY-JIBT-XRMQ-ZP95-J0RWP3DYRACW',\n  Created_On: '2017-05-17T12:55:14.111Z',\n  Is_Active: true,\n  Modified_On: '2017-05-17T12:55:14.111Z',\n  Client_Id: 2,\n  _id: '591c48321cc1042aec9ee6c9' }","timestamp":"5:05:35 PM"}
{"level":"info","message":"Client_Id 2 2","timestamp":"5:05:35 PM"}
{"level":"info","message":"Finish premium_summary","timestamp":"5:05:35 PM"}
{"level":"info","message":"Motor::product_api_pre::Start","timestamp":"5:05:35 PM"}
{"level":"info","message":"Motor::product_api_pre::Finish","timestamp":"5:05:35 PM"}
{"level":"info","message":"The file was saved!","timestamp":"5:05:35 PM"}
{"level":"info","message":"Motor premium_initiate_handler SRN-9ZEJA0XM-BTTX-CFBG-W7XR-I0XSDUO2HT9A","timestamp":"5:05:35 PM"}
{"level":"info","message":"Start Motor vehicle_manf_year","timestamp":"5:05:35 PM"}
{"level":"info","message":"Finish Motor vehicle_manf_year 2020","timestamp":"5:05:35 PM"}
{"level":"info","message":"Motor vehicle_ncb_next Start","timestamp":"5:05:35 PM"}
{"level":"info","message":"Motor vehicle_ncb_next Finish","timestamp":"5:05:35 PM"}
{"level":"info","message":"Motor vehicle_ncb_next Finish","timestamp":"5:05:35 PM"}
{"level":"info","message":"Start Motor vehicle_age_year","timestamp":"5:05:35 PM"}
{"level":"info","message":"Motor policy_start_date Start","timestamp":"5:05:35 PM"}
{"level":"info","message":"Motor policy_start_date Finish 2021-10-29","timestamp":"5:05:35 PM"}
{"level":"info","message":"Finish Motor vehicle_age_year 1","timestamp":"5:05:35 PM"}
{"level":"info","message":"Start Motor pre_policy_start_date","timestamp":"5:05:35 PM"}
{"level":"info","message":"Motor policy_start_date Start","timestamp":"5:05:35 PM"}
{"level":"info","message":"Motor policy_start_date Finish 2021-10-29","timestamp":"5:05:35 PM"}
{"level":"info","message":"Motor policy_start_date Start","timestamp":"5:05:35 PM"}
{"level":"info","message":"Motor policy_start_date Finish 2021-10-29","timestamp":"5:05:35 PM"}
{"level":"info","message":"Start Motor policy_end_date","timestamp":"5:05:35 PM"}
{"level":"info","message":"Finish Motor policy_end_date 2022-10-28","timestamp":"5:05:35 PM"}
{"level":"info","message":"Motor pre_policy_start_date Start","timestamp":"5:05:35 PM"}
{"level":"info","message":"Motor pre_policy_start_date Finish 2020-10-29","timestamp":"5:05:35 PM"}
{"level":"info","message":"Start Motor policy_end_date","timestamp":"5:05:35 PM"}
{"level":"info","message":"Finish Motor policy_end_date 2022-10-28","timestamp":"5:05:35 PM"}
{"level":"info","message":"Start premium_list_db","timestamp":"5:06:23 PM"}
{"level":"info","message":"Start premium_summary","timestamp":"5:06:23 PM"}
{"level":"info","message":"Waiting premium_summary","timestamp":"5:06:23 PM"}
{"level":"info","message":"The file was saved!","timestamp":"5:06:23 PM"}
{"level":"info","message":"Finish premium_summary","timestamp":"5:06:23 PM"}
{"level":"info","message":"Start premium_summary","timestamp":"5:08:23 PM"}
{"level":"info","message":"Waiting premium_summary","timestamp":"5:08:23 PM"}
{"level":"info","message":"Finish premium_summary","timestamp":"5:08:23 PM"}
