{"level":"info","message":"$$$$$$$$$$$$$$$$$$$$$$$$","timestamp":"10:41:02 AM"}
{"meta":"","level":"info","message":"","timestamp":"10:41:02 AM"}
{"level":"info","message":"Development Environment is Listening on port 3000","timestamp":"10:41:02 AM"}
{"level":"info","message":"Web URL : http://localhost:3000","timestamp":"10:41:02 AM"}
{"meta":"","level":"info","message":"","timestamp":"10:41:02 AM"}
{"level":"info","message":"$$$$$$$$$$$$$$$$$$$$$$$$","timestamp":"10:41:02 AM"}
{"meta":"","level":"info","message":"","timestamp":"10:41:02 AM"}
{"level":"info","message":"Start save form data","timestamp":"10:43:03 AM"}
{"level":"info","message":"data saved","timestamp":"10:43:03 AM"}
{"level":"info","message":"form details","timestamp":"10:43:03 AM"}
{"level":"info","message":"{ __v: 0,\n  Vehicle_Name: 'KAWASAKI-VERSYS-X 300-PETROL-296CC-2SC',\n  Rto_Name: 'HP26-Nichar (Bhaba Nagar)',\n  date: '10/06/2020',\n  Full_Name: 'test tset',\n  Mobile: '8765765674',\n  Email: 'testr@yghas.com',\n  _id: 615bdedfecdbdd3618a971ef }","timestamp":"10:43:03 AM"}
{"level":"info","message":"Start save form data","timestamp":"10:45:03 AM"}
{"level":"info","message":"data saved","timestamp":"10:45:03 AM"}
{"level":"info","message":"form details","timestamp":"10:45:03 AM"}
{"level":"info","message":"{ __v: 0,\n  Vehicle_Name: 'KAWASAKI-VERSYS-X 300-PETROL-296CC-2SC',\n  Rto_Name: 'HP26-Nichar (Bhaba Nagar)',\n  date: '10/06/2020',\n  Full_Name: 'test tset',\n  Mobile: '8765765674',\n  Email: 'testr@yghas.com',\n  _id: 615bdf57ecdbdd3618a971f0 }","timestamp":"10:45:03 AM"}
{"level":"info","message":"Start save form data","timestamp":"11:39:11 AM"}
{"level":"info","message":"data saved","timestamp":"11:39:11 AM"}
{"level":"info","message":"form details","timestamp":"11:39:11 AM"}
{"level":"info","message":"{ __v: 0,\n  Vehicle_Name: 'KAWASAKI-VERSYS-X 300-PETROL-296CC-2SC',\n  Rto_Name: 'DN09-Silvassa',\n  date: '10/20/2020',\n  Full_Name: 'test tset',\n  Mobile: '9878675765',\n  Email: 'test@hjgd.com',\n  _id: 615bec07ecdbdd3618a971f2 }","timestamp":"11:39:11 AM"}
{"level":"info","message":"Start save form data","timestamp":"11:41:11 AM"}
{"level":"info","message":"data saved","timestamp":"11:41:11 AM"}
{"level":"info","message":"form details","timestamp":"11:41:11 AM"}
{"level":"info","message":"{ __v: 0,\n  Vehicle_Name: 'KAWASAKI-VERSYS-X 300-PETROL-296CC-2SC',\n  Rto_Name: 'DN09-Silvassa',\n  date: '10/20/2020',\n  Full_Name: 'test tset',\n  Mobile: '9878675765',\n  Email: 'test@hjgd.com',\n  _id: 615bec7fecdbdd3618a971f3 }","timestamp":"11:41:11 AM"}
{"level":"info","message":"Start save form data","timestamp":"5:18:47 PM"}
{"level":"info","message":"data saved","timestamp":"5:18:47 PM"}
{"level":"info","message":"form details","timestamp":"5:18:48 PM"}
{"level":"info","message":"{ __v: 0,\n  Vehicle_Name: 'HERO MOTOCORP-DUET-LX-PETROL-110CC-2SC',\n  Rto_Name: 'AR05-Seppa',\n  date: '10/13/2020',\n  Full_Name: 'test test',\n  Mobile: '9878946782',\n  Email: 'hgfgh@hd.com',\n  _id: 615c3b9fecdbdd3618a971f5 }","timestamp":"5:18:48 PM"}
{"level":"info","message":"Start premium_list_db","timestamp":"6:04:55 PM"}
{"level":"info","message":"$$$$$$$$$$$$$$$$$$$$$$$$","timestamp":"6:08:37 PM"}
{"meta":"","level":"info","message":"","timestamp":"6:08:37 PM"}
{"level":"info","message":"Development Environment is Listening on port 3000","timestamp":"6:08:37 PM"}
{"level":"info","message":"Web URL : http://localhost:3000","timestamp":"6:08:37 PM"}
{"meta":"","level":"info","message":"","timestamp":"6:08:37 PM"}
{"level":"info","message":"$$$$$$$$$$$$$$$$$$$$$$$$","timestamp":"6:08:37 PM"}
{"meta":"","level":"info","message":"","timestamp":"6:08:37 PM"}
{"level":"info","message":"Start premium_list_db","timestamp":"6:09:32 PM"}
{"level":"info","message":"The file was saved!","timestamp":"6:09:32 PM"}
{"level":"info","message":"Start premium_list_db","timestamp":"6:23:20 PM"}
{"level":"info","message":"Waiting premium_list_db","timestamp":"6:24:44 PM"}
{"level":"info","message":"$$$$$$$$$$$$$$$$$$$$$$$$","timestamp":"6:32:24 PM"}
{"meta":"","level":"info","message":"","timestamp":"6:32:24 PM"}
{"level":"info","message":"Development Environment is Listening on port 3000","timestamp":"6:32:24 PM"}
{"level":"info","message":"Web URL : http://localhost:3000","timestamp":"6:32:24 PM"}
{"meta":"","level":"info","message":"","timestamp":"6:32:24 PM"}
{"level":"info","message":"$$$$$$$$$$$$$$$$$$$$$$$$","timestamp":"6:32:24 PM"}
{"meta":"","level":"info","message":"","timestamp":"6:32:24 PM"}
{"level":"info","message":"Start premium_list_db","timestamp":"6:36:57 PM"}
{"level":"info","message":"Waiting premium_list_db","timestamp":"6:36:57 PM"}
{"level":"info","message":"Finish premium_list_db","timestamp":"6:39:17 PM"}
{"level":"info","message":"Start premium_list_db","timestamp":"6:39:40 PM"}
{"level":"info","message":"Waiting premium_list_db","timestamp":"6:39:40 PM"}
{"level":"info","message":"Finish premium_list_db","timestamp":"6:39:46 PM"}
{"level":"info","message":"Start premium_list_db","timestamp":"6:40:23 PM"}
{"level":"info","message":"Waiting premium_list_db","timestamp":"6:40:23 PM"}
{"level":"info","message":"Finish premium_list_db","timestamp":"6:40:23 PM"}
{"level":"info","message":"Start premium_list_db","timestamp":"6:41:55 PM"}
{"level":"info","message":"Waiting premium_list_db","timestamp":"6:41:55 PM"}
{"level":"info","message":"Finish premium_list_db","timestamp":"6:41:55 PM"}
{"level":"info","message":"$$$$$$$$$$$$$$$$$$$$$$$$","timestamp":"6:43:12 PM"}
{"meta":"","level":"info","message":"","timestamp":"6:43:12 PM"}
{"level":"info","message":"Development Environment is Listening on port 3000","timestamp":"6:43:12 PM"}
{"level":"info","message":"Web URL : http://localhost:3000","timestamp":"6:43:12 PM"}
{"meta":"","level":"info","message":"","timestamp":"6:43:12 PM"}
{"level":"info","message":"$$$$$$$$$$$$$$$$$$$$$$$$","timestamp":"6:43:12 PM"}
{"meta":"","level":"info","message":"","timestamp":"6:43:12 PM"}
{"level":"info","message":"Start premium_list_db","timestamp":"6:43:49 PM"}
{"level":"info","message":"Waiting premium_list_db","timestamp":"6:43:49 PM"}
{"level":"info","message":"Finish premium_list_db","timestamp":"6:43:50 PM"}
{"level":"info","message":"Start premium_list_db","timestamp":"6:46:30 PM"}
{"level":"info","message":"Waiting premium_list_db","timestamp":"6:46:30 PM"}
{"level":"info","message":"Finish premium_list_db","timestamp":"6:47:01 PM"}
{"level":"info","message":"Start premium_list_db","timestamp":"6:47:36 PM"}
{"level":"info","message":"Waiting premium_list_db","timestamp":"6:47:36 PM"}
{"level":"info","message":"Finish premium_list_db","timestamp":"6:47:42 PM"}
{"level":"info","message":"Start premium_list_db","timestamp":"6:53:54 PM"}
{"level":"info","message":"Waiting premium_list_db","timestamp":"6:53:54 PM"}
{"level":"info","message":"Finish premium_list_db","timestamp":"6:54:58 PM"}
