{"level":"error","message":"LOG REFERER YTD undefined ::1 undefined","timestamp":"6:02:00 PM"}
{"level":"error","message":"LOG REFERER YTD undefined ::1 undefined","timestamp":"6:05:40 PM"}
{"level":"error","message":"LOG REFERER YTD undefined ::ffff:127.0.0.1 undefined","timestamp":"6:05:40 PM"}
{"level":"error","message":"Base_Master_Details undefined {}","timestamp":"6:05:40 PM"}
{"level":"error","message":"Base_Master_Details Insurer_1 true DataNo VehYes","timestamp":"6:05:40 PM"}
{"level":"error","message":"Base_Master_Details Insurer_4 false DataNo VehNo","timestamp":"6:05:40 PM"}
{"level":"error","message":"Base_Master_Details Insurer_16 false DataNo VehNo","timestamp":"6:05:40 PM"}
{"level":"error","message":"Base_Master_Details Insurer_3 false DataNo VehNo","timestamp":"6:05:40 PM"}
{"level":"error","message":"Base_Master_Details Insurer_19 false DataNo VehNo","timestamp":"6:05:40 PM"}
{"level":"error","message":"Base_Master_Details Insurer_47 false DataNo VehNo","timestamp":"6:05:40 PM"}
{"level":"error","message":"Base_Master_Details Insurer_13 false DataNo VehNo","timestamp":"6:05:40 PM"}
{"level":"error","message":"Base_Master_Details Insurer_11 false DataNo VehYes","timestamp":"6:05:40 PM"}
{"level":"error","message":"Base_Master_Details Insurer_44 true DataNo VehYes","timestamp":"6:05:40 PM"}
{"level":"error","message":"Base_Master_Details Insurer_46 true DataNo VehYes","timestamp":"6:05:40 PM"}
{"level":"error","message":"Base_Master_Details Insurer_45 true DataNo VehYes","timestamp":"6:05:40 PM"}
{"level":"error","message":"Base_Master_Details Insurer_5 true DataNo VehYes","timestamp":"6:05:40 PM"}
{"level":"error","message":"Base_Master_Details Insurer_6 true DataNo VehYes","timestamp":"6:05:40 PM"}
{"level":"error","message":"Base_Master_Details Insurer_10 true DataNo VehYes","timestamp":"6:05:40 PM"}
{"level":"error","message":"Base_Master_Details Insurer_33 true DataNo VehYes","timestamp":"6:05:40 PM"}
{"level":"error","message":"Base_Master_Details Insurer_2 true DataNo VehYes","timestamp":"6:05:40 PM"}
{"level":"error","message":"Base_Master_Details Insurer_9 true DataNo VehYes","timestamp":"6:05:40 PM"}
{"level":"error","message":"Base_Master_Details Insurer_14 false DataNo VehNo","timestamp":"6:05:40 PM"}
{"level":"error","message":"Base_Master_Details Insurer_30 false DataNo VehNo","timestamp":"6:05:40 PM"}
{"level":"error","message":"Base_Master_Details Insurer_48 false DataNo VehNo","timestamp":"6:05:40 PM"}
{"level":"error","message":"Base_Master_Details Insurer_7 false DataNo VehNo","timestamp":"6:05:40 PM"}
{"level":"error","message":"Base_Master_Details Insurer_12 true DataNo VehYes","timestamp":"6:05:40 PM"}
{"level":"error","message":"Base_Master_Details Insurer_17 false DataNo VehNo","timestamp":"6:05:40 PM"}
{"level":"error","message":"Base_Master_Details Processed { Insurer_18: \n   { Premium_Status: 1,\n     Status_Id: 2,\n     Created_On: 2019-03-15T05:14:04.525Z,\n     Is_Active: 1,\n     Vehicle_ID: 50991,\n     Insurer_Vehicle_ID: 272828,\n     Insurer_ID: 18 },\n  Insurer_1: \n   { Insurer_ID: 1,\n     Insurer_Vehicle_ID: 152716,\n     Vehicle_ID: 50991,\n     Is_Active: 1,\n     Created_On: 2019-03-15T05:14:04.525Z,\n     Status_Id: 2,\n     Premium_Status: 1 },\n  Insurer_100: \n   { Insurer_ID: 100,\n     Insurer_Vehicle_ID: 95388,\n     Vehicle_ID: 50991,\n     Is_Active: 1,\n     Created_On: 2019-03-15T05:13:53.619Z,\n     Status_Id: 2,\n     Premium_Status: 1 },\n  Insurer_12: \n   { Insurer_ID: 12,\n     Insurer_Vehicle_ID: 81237,\n     Vehicle_ID: 50991,\n     Is_Active: 1,\n     Created_On: 2019-03-15T05:13:38.449Z,\n     Status_Id: 2,\n     Premium_Status: 1 },\n  Insurer_11: \n   { Insurer_ID: 11,\n     Insurer_Vehicle_ID: null,\n     Vehicle_ID: 50991,\n     Is_Active: 0,\n     Created_On: 2019-03-15T05:13:16.729Z,\n     Status_Id: 3,\n     Premium_Status: 1 },\n  Insurer_9: \n   { Insurer_ID: 9,\n     Insurer_Vehicle_ID: 83657,\n     Vehicle_ID: 50991,\n     Is_Active: 1,\n     Created_On: 2019-03-15T05:12:58.039Z,\n     Status_Id: 2,\n     Premium_Status: 1 },\n  Insurer_45: \n   { Insurer_ID: 45,\n     Insurer_Vehicle_ID: 132221,\n     Vehicle_ID: 50991,\n     Is_Active: 1,\n     Created_On: 2019-03-15T05:12:45.449Z,\n     Status_Id: 2,\n     Premium_Status: 1 },\n  Insurer_2: \n   { Insurer_ID: 2,\n     Insurer_Vehicle_ID: 140900,\n     Vehicle_ID: 50991,\n     Is_Active: 1,\n     Created_On: 2019-03-15T05:12:33.628Z,\n     Status_Id: 2,\n     Premium_Status: 1 },\n  Insurer_33: \n   { Insurer_ID: 33,\n     Insurer_Vehicle_ID: 82101,\n     Vehicle_ID: 50991,\n     Is_Active: 1,\n     Created_On: 2019-03-15T05:12:24.092Z,\n     Status_Id: 2,\n     Premium_Status: 1 },\n  Insurer_10: \n   { Insurer_ID: 10,\n     Insurer_Vehicle_ID: 110520,\n     Vehicle_ID: 50991,\n     Is_Active: 1,\n     Created_On: 2019-03-15T05:08:02.470Z,\n     Status_Id: 2,\n     Premium_Status: 1 },\n  Insurer_46: \n   { Insurer_ID: 46,\n     Insurer_Vehicle_ID: 154106,\n     Vehicle_ID: 50991,\n     Is_Active: 1,\n     Created_On: 2019-03-15T05:07:40.753Z,\n     Status_Id: 2,\n     Premium_Status: 1 },\n  Insurer_6: \n   { Insurer_ID: 6,\n     Insurer_Vehicle_ID: 152044,\n     Vehicle_ID: 50991,\n     Is_Active: 1,\n     Created_On: 2019-03-15T05:07:30.796Z,\n     Status_Id: 2,\n     Premium_Status: 1 },\n  Insurer_44: \n   { Insurer_ID: 44,\n     Insurer_Vehicle_ID: 161730,\n     Vehicle_ID: 50991,\n     Is_Active: 1,\n     Created_On: 2019-03-14T12:34:48.573Z,\n     Status_Id: 2,\n     Premium_Status: 1 },\n  Insurer_5: \n   { Insurer_ID: 5,\n     Insurer_Vehicle_ID: 167190,\n     Vehicle_ID: 50991,\n     Is_Active: 1,\n     Created_On: 2019-03-14T11:56:42.818Z,\n     Status_Id: 2,\n     Premium_Status: 1 },\n  Insurer_Vehicle_Insurer_Segmant: 'NULL',\n  Number_of_wheels: 'NULL',\n  Product_Sub_Category_Class_Name: 'NULL',\n  Product_Sub_Category_Class_CODE: 'NULL',\n  Product_Type: 'NULL',\n  Gross_Vehicle_Weight: 'NULL',\n  Capacity_Type: 'NULL',\n  Product_Sub_Category_Code: 'NULL',\n  Make_ID: 'NULL',\n  Description: 'BAJAJ AVENGER 180',\n  Fuel_Name: 'PETROL',\n  Model_Name: 'AVENGER',\n  Make_Name: 'BAJAJ',\n  Product_Id_New: 10,\n  ModifyOn: 'NULL',\n  CreatedOn: '13:08.9',\n  IsActive: 1,\n  ExShoroomPrice: 90345,\n  Seating_Capacity: 2,\n  Fuel_ID: 1,\n  Vehicle_Image: 'NULL',\n  Cubic_Capacity: '180',\n  Model_ID: 945,\n  Variant_Name: '180',\n  Vehicle_ID: 50991 }","timestamp":"6:05:40 PM"}
{"level":"error","message":"LOG REFERER YTD undefined ::ffff:127.0.0.1 undefined","timestamp":"6:05:40 PM"}
{"level":"warn","message":"uncaughtException TypeError: Parameter \"url\" must be a string, not undefined\n    at Url.parse (url.js:88:11)\n    at Object.urlParse [as parse] (url.js:82:5)\n    at Object.createConnectOptions (D:\\Office\\HorizonAPI\\SourceCode\\node_modules\\node-rest-client\\lib\\node-rest-client.js:116:29)\n    at Object.connect (D:\\Office\\HorizonAPI\\SourceCode\\node_modules\\node-rest-client\\lib\\node-rest-client.js:289:32)\n    at .post (D:\\Office\\HorizonAPI\\SourceCode\\node_modules\\node-rest-client\\lib\\node-rest-client.js:393:22)\n    at D:\\Office\\HorizonAPI\\SourceCode\\routes\\quote.js:1016:44\n    at D:\\Office\\HorizonAPI\\SourceCode\\node_modules\\mongoose\\lib\\model.js:3738:16\n    at D:\\Office\\HorizonAPI\\SourceCode\\node_modules\\mongoose\\lib\\services\\model\\applyHooks.js:148:20\n    at _combinedTickCallback (internal/process/next_tick.js:67:7)\n    at process._tickCallback (internal/process/next_tick.js:98:9)","timestamp":"6:05:40 PM"}
{"level":"error","message":"LOG REFERER YTD undefined ::1 undefined","timestamp":"6:07:51 PM"}
{"level":"error","message":"LOG REFERER YTD undefined ::ffff:127.0.0.1 undefined","timestamp":"6:07:51 PM"}
{"level":"error","message":"Base_Master_Details undefined {}","timestamp":"6:07:51 PM"}
{"level":"error","message":"Base_Master_Details Insurer_1 true DataNo VehYes","timestamp":"6:07:51 PM"}
{"level":"error","message":"Base_Master_Details Insurer_4 false DataNo VehNo","timestamp":"6:07:51 PM"}
{"level":"error","message":"Base_Master_Details Insurer_16 false DataNo VehNo","timestamp":"6:07:51 PM"}
{"level":"error","message":"Base_Master_Details Insurer_3 false DataNo VehNo","timestamp":"6:07:51 PM"}
{"level":"error","message":"Base_Master_Details Insurer_19 false DataNo VehNo","timestamp":"6:07:51 PM"}
{"level":"error","message":"Base_Master_Details Insurer_47 false DataNo VehNo","timestamp":"6:07:51 PM"}
{"level":"error","message":"Base_Master_Details Insurer_13 false DataNo VehNo","timestamp":"6:07:51 PM"}
{"level":"error","message":"Base_Master_Details Insurer_11 false DataNo VehYes","timestamp":"6:07:51 PM"}
{"level":"error","message":"Base_Master_Details Insurer_44 true DataNo VehYes","timestamp":"6:07:51 PM"}
{"level":"error","message":"Base_Master_Details Insurer_46 true DataNo VehYes","timestamp":"6:07:51 PM"}
{"level":"error","message":"Base_Master_Details Insurer_45 true DataNo VehYes","timestamp":"6:07:51 PM"}
{"level":"error","message":"Base_Master_Details Insurer_5 true DataNo VehYes","timestamp":"6:07:51 PM"}
{"level":"error","message":"Base_Master_Details Insurer_6 true DataNo VehYes","timestamp":"6:07:51 PM"}
{"level":"error","message":"Base_Master_Details Insurer_10 true DataNo VehYes","timestamp":"6:07:51 PM"}
{"level":"error","message":"Base_Master_Details Insurer_33 true DataNo VehYes","timestamp":"6:07:51 PM"}
{"level":"error","message":"Base_Master_Details Insurer_2 true DataNo VehYes","timestamp":"6:07:51 PM"}
{"level":"error","message":"Base_Master_Details Insurer_9 true DataNo VehYes","timestamp":"6:07:51 PM"}
{"level":"error","message":"Base_Master_Details Insurer_14 false DataNo VehNo","timestamp":"6:07:51 PM"}
{"level":"error","message":"Base_Master_Details Insurer_30 false DataNo VehNo","timestamp":"6:07:51 PM"}
{"level":"error","message":"Base_Master_Details Insurer_48 false DataNo VehNo","timestamp":"6:07:51 PM"}
{"level":"error","message":"Base_Master_Details Insurer_7 false DataNo VehNo","timestamp":"6:07:51 PM"}
{"level":"error","message":"Base_Master_Details Insurer_12 true DataNo VehYes","timestamp":"6:07:51 PM"}
{"level":"error","message":"Base_Master_Details Insurer_17 false DataNo VehNo","timestamp":"6:07:51 PM"}
{"level":"error","message":"Base_Master_Details Processed { Insurer_18: \n   { Premium_Status: 1,\n     Status_Id: 2,\n     Created_On: 2019-03-15T05:14:04.525Z,\n     Is_Active: 1,\n     Vehicle_ID: 50991,\n     Insurer_Vehicle_ID: 272828,\n     Insurer_ID: 18 },\n  Insurer_1: \n   { Insurer_ID: 1,\n     Insurer_Vehicle_ID: 152716,\n     Vehicle_ID: 50991,\n     Is_Active: 1,\n     Created_On: 2019-03-15T05:14:04.525Z,\n     Status_Id: 2,\n     Premium_Status: 1 },\n  Insurer_100: \n   { Insurer_ID: 100,\n     Insurer_Vehicle_ID: 95388,\n     Vehicle_ID: 50991,\n     Is_Active: 1,\n     Created_On: 2019-03-15T05:13:53.619Z,\n     Status_Id: 2,\n     Premium_Status: 1 },\n  Insurer_12: \n   { Insurer_ID: 12,\n     Insurer_Vehicle_ID: 81237,\n     Vehicle_ID: 50991,\n     Is_Active: 1,\n     Created_On: 2019-03-15T05:13:38.449Z,\n     Status_Id: 2,\n     Premium_Status: 1 },\n  Insurer_11: \n   { Insurer_ID: 11,\n     Insurer_Vehicle_ID: null,\n     Vehicle_ID: 50991,\n     Is_Active: 0,\n     Created_On: 2019-03-15T05:13:16.729Z,\n     Status_Id: 3,\n     Premium_Status: 1 },\n  Insurer_9: \n   { Insurer_ID: 9,\n     Insurer_Vehicle_ID: 83657,\n     Vehicle_ID: 50991,\n     Is_Active: 1,\n     Created_On: 2019-03-15T05:12:58.039Z,\n     Status_Id: 2,\n     Premium_Status: 1 },\n  Insurer_45: \n   { Insurer_ID: 45,\n     Insurer_Vehicle_ID: 132221,\n     Vehicle_ID: 50991,\n     Is_Active: 1,\n     Created_On: 2019-03-15T05:12:45.449Z,\n     Status_Id: 2,\n     Premium_Status: 1 },\n  Insurer_2: \n   { Insurer_ID: 2,\n     Insurer_Vehicle_ID: 140900,\n     Vehicle_ID: 50991,\n     Is_Active: 1,\n     Created_On: 2019-03-15T05:12:33.628Z,\n     Status_Id: 2,\n     Premium_Status: 1 },\n  Insurer_33: \n   { Insurer_ID: 33,\n     Insurer_Vehicle_ID: 82101,\n     Vehicle_ID: 50991,\n     Is_Active: 1,\n     Created_On: 2019-03-15T05:12:24.092Z,\n     Status_Id: 2,\n     Premium_Status: 1 },\n  Insurer_10: \n   { Insurer_ID: 10,\n     Insurer_Vehicle_ID: 110520,\n     Vehicle_ID: 50991,\n     Is_Active: 1,\n     Created_On: 2019-03-15T05:08:02.470Z,\n     Status_Id: 2,\n     Premium_Status: 1 },\n  Insurer_46: \n   { Insurer_ID: 46,\n     Insurer_Vehicle_ID: 154106,\n     Vehicle_ID: 50991,\n     Is_Active: 1,\n     Created_On: 2019-03-15T05:07:40.753Z,\n     Status_Id: 2,\n     Premium_Status: 1 },\n  Insurer_6: \n   { Insurer_ID: 6,\n     Insurer_Vehicle_ID: 152044,\n     Vehicle_ID: 50991,\n     Is_Active: 1,\n     Created_On: 2019-03-15T05:07:30.796Z,\n     Status_Id: 2,\n     Premium_Status: 1 },\n  Insurer_44: \n   { Insurer_ID: 44,\n     Insurer_Vehicle_ID: 161730,\n     Vehicle_ID: 50991,\n     Is_Active: 1,\n     Created_On: 2019-03-14T12:34:48.573Z,\n     Status_Id: 2,\n     Premium_Status: 1 },\n  Insurer_5: \n   { Insurer_ID: 5,\n     Insurer_Vehicle_ID: 167190,\n     Vehicle_ID: 50991,\n     Is_Active: 1,\n     Created_On: 2019-03-14T11:56:42.818Z,\n     Status_Id: 2,\n     Premium_Status: 1 },\n  Insurer_Vehicle_Insurer_Segmant: 'NULL',\n  Number_of_wheels: 'NULL',\n  Product_Sub_Category_Class_Name: 'NULL',\n  Product_Sub_Category_Class_CODE: 'NULL',\n  Product_Type: 'NULL',\n  Gross_Vehicle_Weight: 'NULL',\n  Capacity_Type: 'NULL',\n  Product_Sub_Category_Code: 'NULL',\n  Make_ID: 'NULL',\n  Description: 'BAJAJ AVENGER 180',\n  Fuel_Name: 'PETROL',\n  Model_Name: 'AVENGER',\n  Make_Name: 'BAJAJ',\n  Product_Id_New: 10,\n  ModifyOn: 'NULL',\n  CreatedOn: '13:08.9',\n  IsActive: 1,\n  ExShoroomPrice: 90345,\n  Seating_Capacity: 2,\n  Fuel_ID: 1,\n  Vehicle_Image: 'NULL',\n  Cubic_Capacity: '180',\n  Model_ID: 945,\n  Variant_Name: '180',\n  Vehicle_ID: 50991 }","timestamp":"6:07:52 PM"}
{"level":"error","message":"LOG REFERER YTD undefined ::ffff:127.0.0.1 undefined","timestamp":"6:07:52 PM"}
{"level":"warn","message":"uncaughtException TypeError: Parameter \"url\" must be a string, not undefined\n    at Url.parse (url.js:88:11)\n    at Object.urlParse [as parse] (url.js:82:5)\n    at Object.createConnectOptions (D:\\Office\\HorizonAPI\\SourceCode\\node_modules\\node-rest-client\\lib\\node-rest-client.js:116:29)\n    at Object.connect (D:\\Office\\HorizonAPI\\SourceCode\\node_modules\\node-rest-client\\lib\\node-rest-client.js:289:32)\n    at .post (D:\\Office\\HorizonAPI\\SourceCode\\node_modules\\node-rest-client\\lib\\node-rest-client.js:393:22)\n    at D:\\Office\\HorizonAPI\\SourceCode\\routes\\quote.js:1016:44\n    at D:\\Office\\HorizonAPI\\SourceCode\\node_modules\\mongoose\\lib\\model.js:3738:16\n    at D:\\Office\\HorizonAPI\\SourceCode\\node_modules\\mongoose\\lib\\services\\model\\applyHooks.js:148:20\n    at _combinedTickCallback (internal/process/next_tick.js:67:7)\n    at process._tickCallback (internal/process/next_tick.js:98:9)","timestamp":"6:07:52 PM"}
{"level":"error","message":"LOG REFERER YTD undefined ::1 undefined","timestamp":"6:08:08 PM"}
{"level":"error","message":"LOG REFERER YTD undefined ::ffff:127.0.0.1 undefined","timestamp":"6:08:08 PM"}
{"level":"error","message":"Base_Master_Details undefined {}","timestamp":"6:08:08 PM"}
{"level":"error","message":"Base_Master_Details Insurer_1 true DataNo VehYes","timestamp":"6:08:08 PM"}
{"level":"error","message":"Base_Master_Details Insurer_4 false DataNo VehNo","timestamp":"6:08:08 PM"}
{"level":"error","message":"Base_Master_Details Insurer_16 false DataNo VehNo","timestamp":"6:08:08 PM"}
{"level":"error","message":"Base_Master_Details Insurer_3 false DataNo VehNo","timestamp":"6:08:08 PM"}
{"level":"error","message":"Base_Master_Details Insurer_19 false DataNo VehNo","timestamp":"6:08:08 PM"}
{"level":"error","message":"Base_Master_Details Insurer_47 false DataNo VehNo","timestamp":"6:08:08 PM"}
{"level":"error","message":"Base_Master_Details Insurer_13 false DataNo VehNo","timestamp":"6:08:08 PM"}
{"level":"error","message":"Base_Master_Details Insurer_11 false DataNo VehYes","timestamp":"6:08:08 PM"}
{"level":"error","message":"Base_Master_Details Insurer_44 true DataNo VehYes","timestamp":"6:08:08 PM"}
{"level":"error","message":"Base_Master_Details Insurer_46 true DataNo VehYes","timestamp":"6:08:08 PM"}
{"level":"error","message":"Base_Master_Details Insurer_45 true DataNo VehYes","timestamp":"6:08:08 PM"}
{"level":"error","message":"Base_Master_Details Insurer_5 true DataNo VehYes","timestamp":"6:08:08 PM"}
{"level":"error","message":"Base_Master_Details Insurer_6 true DataNo VehYes","timestamp":"6:08:08 PM"}
{"level":"error","message":"Base_Master_Details Insurer_10 true DataNo VehYes","timestamp":"6:08:08 PM"}
{"level":"error","message":"Base_Master_Details Insurer_33 true DataNo VehYes","timestamp":"6:08:08 PM"}
{"level":"error","message":"Base_Master_Details Insurer_2 true DataNo VehYes","timestamp":"6:08:08 PM"}
{"level":"error","message":"Base_Master_Details Insurer_9 true DataNo VehYes","timestamp":"6:08:08 PM"}
{"level":"error","message":"Base_Master_Details Insurer_14 false DataNo VehNo","timestamp":"6:08:08 PM"}
{"level":"error","message":"Base_Master_Details Insurer_30 false DataNo VehNo","timestamp":"6:08:08 PM"}
{"level":"error","message":"Base_Master_Details Insurer_48 false DataNo VehNo","timestamp":"6:08:08 PM"}
{"level":"error","message":"Base_Master_Details Insurer_7 false DataNo VehNo","timestamp":"6:08:08 PM"}
{"level":"error","message":"Base_Master_Details Insurer_12 true DataNo VehYes","timestamp":"6:08:08 PM"}
{"level":"error","message":"Base_Master_Details Insurer_17 false DataNo VehNo","timestamp":"6:08:08 PM"}
{"level":"error","message":"Base_Master_Details Processed { Insurer_18: \n   { Premium_Status: 1,\n     Status_Id: 2,\n     Created_On: 2019-03-15T05:14:04.525Z,\n     Is_Active: 1,\n     Vehicle_ID: 50991,\n     Insurer_Vehicle_ID: 272828,\n     Insurer_ID: 18 },\n  Insurer_1: \n   { Insurer_ID: 1,\n     Insurer_Vehicle_ID: 152716,\n     Vehicle_ID: 50991,\n     Is_Active: 1,\n     Created_On: 2019-03-15T05:14:04.525Z,\n     Status_Id: 2,\n     Premium_Status: 1 },\n  Insurer_100: \n   { Insurer_ID: 100,\n     Insurer_Vehicle_ID: 95388,\n     Vehicle_ID: 50991,\n     Is_Active: 1,\n     Created_On: 2019-03-15T05:13:53.619Z,\n     Status_Id: 2,\n     Premium_Status: 1 },\n  Insurer_12: \n   { Insurer_ID: 12,\n     Insurer_Vehicle_ID: 81237,\n     Vehicle_ID: 50991,\n     Is_Active: 1,\n     Created_On: 2019-03-15T05:13:38.449Z,\n     Status_Id: 2,\n     Premium_Status: 1 },\n  Insurer_11: \n   { Insurer_ID: 11,\n     Insurer_Vehicle_ID: null,\n     Vehicle_ID: 50991,\n     Is_Active: 0,\n     Created_On: 2019-03-15T05:13:16.729Z,\n     Status_Id: 3,\n     Premium_Status: 1 },\n  Insurer_9: \n   { Insurer_ID: 9,\n     Insurer_Vehicle_ID: 83657,\n     Vehicle_ID: 50991,\n     Is_Active: 1,\n     Created_On: 2019-03-15T05:12:58.039Z,\n     Status_Id: 2,\n     Premium_Status: 1 },\n  Insurer_45: \n   { Insurer_ID: 45,\n     Insurer_Vehicle_ID: 132221,\n     Vehicle_ID: 50991,\n     Is_Active: 1,\n     Created_On: 2019-03-15T05:12:45.449Z,\n     Status_Id: 2,\n     Premium_Status: 1 },\n  Insurer_2: \n   { Insurer_ID: 2,\n     Insurer_Vehicle_ID: 140900,\n     Vehicle_ID: 50991,\n     Is_Active: 1,\n     Created_On: 2019-03-15T05:12:33.628Z,\n     Status_Id: 2,\n     Premium_Status: 1 },\n  Insurer_33: \n   { Insurer_ID: 33,\n     Insurer_Vehicle_ID: 82101,\n     Vehicle_ID: 50991,\n     Is_Active: 1,\n     Created_On: 2019-03-15T05:12:24.092Z,\n     Status_Id: 2,\n     Premium_Status: 1 },\n  Insurer_10: \n   { Insurer_ID: 10,\n     Insurer_Vehicle_ID: 110520,\n     Vehicle_ID: 50991,\n     Is_Active: 1,\n     Created_On: 2019-03-15T05:08:02.470Z,\n     Status_Id: 2,\n     Premium_Status: 1 },\n  Insurer_46: \n   { Insurer_ID: 46,\n     Insurer_Vehicle_ID: 154106,\n     Vehicle_ID: 50991,\n     Is_Active: 1,\n     Created_On: 2019-03-15T05:07:40.753Z,\n     Status_Id: 2,\n     Premium_Status: 1 },\n  Insurer_6: \n   { Insurer_ID: 6,\n     Insurer_Vehicle_ID: 152044,\n     Vehicle_ID: 50991,\n     Is_Active: 1,\n     Created_On: 2019-03-15T05:07:30.796Z,\n     Status_Id: 2,\n     Premium_Status: 1 },\n  Insurer_44: \n   { Insurer_ID: 44,\n     Insurer_Vehicle_ID: 161730,\n     Vehicle_ID: 50991,\n     Is_Active: 1,\n     Created_On: 2019-03-14T12:34:48.573Z,\n     Status_Id: 2,\n     Premium_Status: 1 },\n  Insurer_5: \n   { Insurer_ID: 5,\n     Insurer_Vehicle_ID: 167190,\n     Vehicle_ID: 50991,\n     Is_Active: 1,\n     Created_On: 2019-03-14T11:56:42.818Z,\n     Status_Id: 2,\n     Premium_Status: 1 },\n  Insurer_Vehicle_Insurer_Segmant: 'NULL',\n  Number_of_wheels: 'NULL',\n  Product_Sub_Category_Class_Name: 'NULL',\n  Product_Sub_Category_Class_CODE: 'NULL',\n  Product_Type: 'NULL',\n  Gross_Vehicle_Weight: 'NULL',\n  Capacity_Type: 'NULL',\n  Product_Sub_Category_Code: 'NULL',\n  Make_ID: 'NULL',\n  Description: 'BAJAJ AVENGER 180',\n  Fuel_Name: 'PETROL',\n  Model_Name: 'AVENGER',\n  Make_Name: 'BAJAJ',\n  Product_Id_New: 10,\n  ModifyOn: 'NULL',\n  CreatedOn: '13:08.9',\n  IsActive: 1,\n  ExShoroomPrice: 90345,\n  Seating_Capacity: 2,\n  Fuel_ID: 1,\n  Vehicle_Image: 'NULL',\n  Cubic_Capacity: '180',\n  Model_ID: 945,\n  Variant_Name: '180',\n  Vehicle_ID: 50991 }","timestamp":"6:08:08 PM"}
{"level":"error","message":"LOG REFERER YTD undefined ::ffff:127.0.0.1 undefined","timestamp":"6:08:08 PM"}
{"level":"warn","message":"uncaughtException TypeError: Parameter \"url\" must be a string, not undefined\n    at Url.parse (url.js:88:11)\n    at Object.urlParse [as parse] (url.js:82:5)\n    at Object.createConnectOptions (D:\\Office\\HorizonAPI\\SourceCode\\node_modules\\node-rest-client\\lib\\node-rest-client.js:116:29)\n    at Object.connect (D:\\Office\\HorizonAPI\\SourceCode\\node_modules\\node-rest-client\\lib\\node-rest-client.js:289:32)\n    at .post (D:\\Office\\HorizonAPI\\SourceCode\\node_modules\\node-rest-client\\lib\\node-rest-client.js:393:22)\n    at D:\\Office\\HorizonAPI\\SourceCode\\routes\\quote.js:1016:44\n    at D:\\Office\\HorizonAPI\\SourceCode\\node_modules\\mongoose\\lib\\model.js:3738:16\n    at D:\\Office\\HorizonAPI\\SourceCode\\node_modules\\mongoose\\lib\\services\\model\\applyHooks.js:148:20\n    at _combinedTickCallback (internal/process/next_tick.js:67:7)\n    at process._tickCallback (internal/process/next_tick.js:98:9)","timestamp":"6:08:08 PM"}
{"level":"error","message":"LOG REFERER YTD undefined ::1 undefined","timestamp":"6:08:18 PM"}
{"level":"error","message":"LOG REFERER YTD undefined ::ffff:127.0.0.1 undefined","timestamp":"6:08:18 PM"}
{"level":"error","message":"Base_Master_Details undefined {}","timestamp":"6:08:18 PM"}
{"level":"error","message":"Base_Master_Details Insurer_1 true DataNo VehYes","timestamp":"6:08:18 PM"}
{"level":"error","message":"Base_Master_Details Insurer_4 false DataNo VehNo","timestamp":"6:08:18 PM"}
{"level":"error","message":"Base_Master_Details Insurer_16 false DataNo VehNo","timestamp":"6:08:18 PM"}
{"level":"error","message":"Base_Master_Details Insurer_3 false DataNo VehNo","timestamp":"6:08:18 PM"}
{"level":"error","message":"Base_Master_Details Insurer_19 false DataNo VehNo","timestamp":"6:08:18 PM"}
{"level":"error","message":"Base_Master_Details Insurer_47 false DataNo VehNo","timestamp":"6:08:18 PM"}
{"level":"error","message":"Base_Master_Details Insurer_13 false DataNo VehNo","timestamp":"6:08:18 PM"}
{"level":"error","message":"Base_Master_Details Insurer_11 false DataNo VehYes","timestamp":"6:08:18 PM"}
{"level":"error","message":"Base_Master_Details Insurer_44 true DataNo VehYes","timestamp":"6:08:18 PM"}
{"level":"error","message":"Base_Master_Details Insurer_46 true DataNo VehYes","timestamp":"6:08:18 PM"}
{"level":"error","message":"Base_Master_Details Insurer_45 true DataNo VehYes","timestamp":"6:08:18 PM"}
{"level":"error","message":"Base_Master_Details Insurer_5 true DataNo VehYes","timestamp":"6:08:18 PM"}
{"level":"error","message":"Base_Master_Details Insurer_6 true DataNo VehYes","timestamp":"6:08:18 PM"}
{"level":"error","message":"Base_Master_Details Insurer_10 true DataNo VehYes","timestamp":"6:08:18 PM"}
{"level":"error","message":"Base_Master_Details Insurer_33 true DataNo VehYes","timestamp":"6:08:18 PM"}
{"level":"error","message":"Base_Master_Details Insurer_2 true DataNo VehYes","timestamp":"6:08:18 PM"}
{"level":"error","message":"Base_Master_Details Insurer_9 true DataNo VehYes","timestamp":"6:08:18 PM"}
{"level":"error","message":"Base_Master_Details Insurer_14 false DataNo VehNo","timestamp":"6:08:18 PM"}
{"level":"error","message":"Base_Master_Details Insurer_30 false DataNo VehNo","timestamp":"6:08:18 PM"}
{"level":"error","message":"Base_Master_Details Insurer_48 false DataNo VehNo","timestamp":"6:08:18 PM"}
{"level":"error","message":"Base_Master_Details Insurer_7 false DataNo VehNo","timestamp":"6:08:18 PM"}
{"level":"error","message":"Base_Master_Details Insurer_12 true DataNo VehYes","timestamp":"6:08:18 PM"}
{"level":"error","message":"Base_Master_Details Insurer_17 false DataNo VehNo","timestamp":"6:08:18 PM"}
{"level":"error","message":"Base_Master_Details Processed { Insurer_18: \n   { Premium_Status: 1,\n     Status_Id: 2,\n     Created_On: 2019-03-15T05:14:04.525Z,\n     Is_Active: 1,\n     Vehicle_ID: 50991,\n     Insurer_Vehicle_ID: 272828,\n     Insurer_ID: 18 },\n  Insurer_1: \n   { Insurer_ID: 1,\n     Insurer_Vehicle_ID: 152716,\n     Vehicle_ID: 50991,\n     Is_Active: 1,\n     Created_On: 2019-03-15T05:14:04.525Z,\n     Status_Id: 2,\n     Premium_Status: 1 },\n  Insurer_100: \n   { Insurer_ID: 100,\n     Insurer_Vehicle_ID: 95388,\n     Vehicle_ID: 50991,\n     Is_Active: 1,\n     Created_On: 2019-03-15T05:13:53.619Z,\n     Status_Id: 2,\n     Premium_Status: 1 },\n  Insurer_12: \n   { Insurer_ID: 12,\n     Insurer_Vehicle_ID: 81237,\n     Vehicle_ID: 50991,\n     Is_Active: 1,\n     Created_On: 2019-03-15T05:13:38.449Z,\n     Status_Id: 2,\n     Premium_Status: 1 },\n  Insurer_11: \n   { Insurer_ID: 11,\n     Insurer_Vehicle_ID: null,\n     Vehicle_ID: 50991,\n     Is_Active: 0,\n     Created_On: 2019-03-15T05:13:16.729Z,\n     Status_Id: 3,\n     Premium_Status: 1 },\n  Insurer_9: \n   { Insurer_ID: 9,\n     Insurer_Vehicle_ID: 83657,\n     Vehicle_ID: 50991,\n     Is_Active: 1,\n     Created_On: 2019-03-15T05:12:58.039Z,\n     Status_Id: 2,\n     Premium_Status: 1 },\n  Insurer_45: \n   { Insurer_ID: 45,\n     Insurer_Vehicle_ID: 132221,\n     Vehicle_ID: 50991,\n     Is_Active: 1,\n     Created_On: 2019-03-15T05:12:45.449Z,\n     Status_Id: 2,\n     Premium_Status: 1 },\n  Insurer_2: \n   { Insurer_ID: 2,\n     Insurer_Vehicle_ID: 140900,\n     Vehicle_ID: 50991,\n     Is_Active: 1,\n     Created_On: 2019-03-15T05:12:33.628Z,\n     Status_Id: 2,\n     Premium_Status: 1 },\n  Insurer_33: \n   { Insurer_ID: 33,\n     Insurer_Vehicle_ID: 82101,\n     Vehicle_ID: 50991,\n     Is_Active: 1,\n     Created_On: 2019-03-15T05:12:24.092Z,\n     Status_Id: 2,\n     Premium_Status: 1 },\n  Insurer_10: \n   { Insurer_ID: 10,\n     Insurer_Vehicle_ID: 110520,\n     Vehicle_ID: 50991,\n     Is_Active: 1,\n     Created_On: 2019-03-15T05:08:02.470Z,\n     Status_Id: 2,\n     Premium_Status: 1 },\n  Insurer_46: \n   { Insurer_ID: 46,\n     Insurer_Vehicle_ID: 154106,\n     Vehicle_ID: 50991,\n     Is_Active: 1,\n     Created_On: 2019-03-15T05:07:40.753Z,\n     Status_Id: 2,\n     Premium_Status: 1 },\n  Insurer_6: \n   { Insurer_ID: 6,\n     Insurer_Vehicle_ID: 152044,\n     Vehicle_ID: 50991,\n     Is_Active: 1,\n     Created_On: 2019-03-15T05:07:30.796Z,\n     Status_Id: 2,\n     Premium_Status: 1 },\n  Insurer_44: \n   { Insurer_ID: 44,\n     Insurer_Vehicle_ID: 161730,\n     Vehicle_ID: 50991,\n     Is_Active: 1,\n     Created_On: 2019-03-14T12:34:48.573Z,\n     Status_Id: 2,\n     Premium_Status: 1 },\n  Insurer_5: \n   { Insurer_ID: 5,\n     Insurer_Vehicle_ID: 167190,\n     Vehicle_ID: 50991,\n     Is_Active: 1,\n     Created_On: 2019-03-14T11:56:42.818Z,\n     Status_Id: 2,\n     Premium_Status: 1 },\n  Insurer_Vehicle_Insurer_Segmant: 'NULL',\n  Number_of_wheels: 'NULL',\n  Product_Sub_Category_Class_Name: 'NULL',\n  Product_Sub_Category_Class_CODE: 'NULL',\n  Product_Type: 'NULL',\n  Gross_Vehicle_Weight: 'NULL',\n  Capacity_Type: 'NULL',\n  Product_Sub_Category_Code: 'NULL',\n  Make_ID: 'NULL',\n  Description: 'BAJAJ AVENGER 180',\n  Fuel_Name: 'PETROL',\n  Model_Name: 'AVENGER',\n  Make_Name: 'BAJAJ',\n  Product_Id_New: 10,\n  ModifyOn: 'NULL',\n  CreatedOn: '13:08.9',\n  IsActive: 1,\n  ExShoroomPrice: 90345,\n  Seating_Capacity: 2,\n  Fuel_ID: 1,\n  Vehicle_Image: 'NULL',\n  Cubic_Capacity: '180',\n  Model_ID: 945,\n  Variant_Name: '180',\n  Vehicle_ID: 50991 }","timestamp":"6:08:18 PM"}
{"level":"error","message":"LOG REFERER YTD undefined ::ffff:127.0.0.1 undefined","timestamp":"6:08:18 PM"}
{"level":"warn","message":"uncaughtException TypeError: Parameter \"url\" must be a string, not undefined\n    at Url.parse (url.js:88:11)\n    at Object.urlParse [as parse] (url.js:82:5)\n    at Object.createConnectOptions (D:\\Office\\HorizonAPI\\SourceCode\\node_modules\\node-rest-client\\lib\\node-rest-client.js:116:29)\n    at Object.connect (D:\\Office\\HorizonAPI\\SourceCode\\node_modules\\node-rest-client\\lib\\node-rest-client.js:289:32)\n    at .post (D:\\Office\\HorizonAPI\\SourceCode\\node_modules\\node-rest-client\\lib\\node-rest-client.js:393:22)\n    at D:\\Office\\HorizonAPI\\SourceCode\\routes\\quote.js:1016:44\n    at D:\\Office\\HorizonAPI\\SourceCode\\node_modules\\mongoose\\lib\\model.js:3738:16\n    at D:\\Office\\HorizonAPI\\SourceCode\\node_modules\\mongoose\\lib\\services\\model\\applyHooks.js:148:20\n    at _combinedTickCallback (internal/process/next_tick.js:67:7)\n    at process._tickCallback (internal/process/next_tick.js:98:9)","timestamp":"6:08:18 PM"}
{"level":"error","message":"LOG REFERER YTD undefined ::1 undefined","timestamp":"6:10:38 PM"}
{"level":"error","message":"LOG REFERER YTD undefined ::ffff:127.0.0.1 undefined","timestamp":"6:10:38 PM"}
{"level":"error","message":"Base_Master_Details undefined {}","timestamp":"6:10:38 PM"}
{"level":"error","message":"Base_Master_Details Insurer_1 true DataNo VehYes","timestamp":"6:10:38 PM"}
{"level":"error","message":"Base_Master_Details Insurer_4 false DataNo VehNo","timestamp":"6:10:38 PM"}
{"level":"error","message":"Base_Master_Details Insurer_16 false DataNo VehNo","timestamp":"6:10:38 PM"}
{"level":"error","message":"Base_Master_Details Insurer_3 false DataNo VehNo","timestamp":"6:10:38 PM"}
{"level":"error","message":"Base_Master_Details Insurer_19 false DataNo VehNo","timestamp":"6:10:38 PM"}
{"level":"error","message":"Base_Master_Details Insurer_47 false DataNo VehNo","timestamp":"6:10:38 PM"}
{"level":"error","message":"Base_Master_Details Insurer_13 false DataNo VehNo","timestamp":"6:10:38 PM"}
{"level":"error","message":"Base_Master_Details Insurer_11 false DataNo VehYes","timestamp":"6:10:38 PM"}
{"level":"error","message":"Base_Master_Details Insurer_44 true DataNo VehYes","timestamp":"6:10:38 PM"}
{"level":"error","message":"Base_Master_Details Insurer_46 true DataNo VehYes","timestamp":"6:10:38 PM"}
{"level":"error","message":"Base_Master_Details Insurer_45 true DataNo VehYes","timestamp":"6:10:38 PM"}
{"level":"error","message":"Base_Master_Details Insurer_5 true DataNo VehYes","timestamp":"6:10:38 PM"}
{"level":"error","message":"Base_Master_Details Insurer_6 true DataNo VehYes","timestamp":"6:10:38 PM"}
{"level":"error","message":"Base_Master_Details Insurer_10 true DataNo VehYes","timestamp":"6:10:38 PM"}
{"level":"error","message":"Base_Master_Details Insurer_33 true DataNo VehYes","timestamp":"6:10:38 PM"}
{"level":"error","message":"Base_Master_Details Insurer_2 true DataNo VehYes","timestamp":"6:10:38 PM"}
{"level":"error","message":"Base_Master_Details Insurer_9 true DataNo VehYes","timestamp":"6:10:38 PM"}
{"level":"error","message":"Base_Master_Details Insurer_14 false DataNo VehNo","timestamp":"6:10:38 PM"}
{"level":"error","message":"Base_Master_Details Insurer_30 false DataNo VehNo","timestamp":"6:10:38 PM"}
{"level":"error","message":"Base_Master_Details Insurer_48 false DataNo VehNo","timestamp":"6:10:38 PM"}
{"level":"error","message":"Base_Master_Details Insurer_7 false DataNo VehNo","timestamp":"6:10:38 PM"}
{"level":"error","message":"Base_Master_Details Insurer_12 true DataNo VehYes","timestamp":"6:10:38 PM"}
{"level":"error","message":"Base_Master_Details Insurer_17 false DataNo VehNo","timestamp":"6:10:38 PM"}
{"level":"error","message":"Base_Master_Details Processed { Insurer_18: \n   { Premium_Status: 1,\n     Status_Id: 2,\n     Created_On: 2019-03-15T05:14:04.525Z,\n     Is_Active: 1,\n     Vehicle_ID: 50991,\n     Insurer_Vehicle_ID: 272828,\n     Insurer_ID: 18 },\n  Insurer_1: \n   { Insurer_ID: 1,\n     Insurer_Vehicle_ID: 152716,\n     Vehicle_ID: 50991,\n     Is_Active: 1,\n     Created_On: 2019-03-15T05:14:04.525Z,\n     Status_Id: 2,\n     Premium_Status: 1 },\n  Insurer_100: \n   { Insurer_ID: 100,\n     Insurer_Vehicle_ID: 95388,\n     Vehicle_ID: 50991,\n     Is_Active: 1,\n     Created_On: 2019-03-15T05:13:53.619Z,\n     Status_Id: 2,\n     Premium_Status: 1 },\n  Insurer_12: \n   { Insurer_ID: 12,\n     Insurer_Vehicle_ID: 81237,\n     Vehicle_ID: 50991,\n     Is_Active: 1,\n     Created_On: 2019-03-15T05:13:38.449Z,\n     Status_Id: 2,\n     Premium_Status: 1 },\n  Insurer_11: \n   { Insurer_ID: 11,\n     Insurer_Vehicle_ID: null,\n     Vehicle_ID: 50991,\n     Is_Active: 0,\n     Created_On: 2019-03-15T05:13:16.729Z,\n     Status_Id: 3,\n     Premium_Status: 1 },\n  Insurer_9: \n   { Insurer_ID: 9,\n     Insurer_Vehicle_ID: 83657,\n     Vehicle_ID: 50991,\n     Is_Active: 1,\n     Created_On: 2019-03-15T05:12:58.039Z,\n     Status_Id: 2,\n     Premium_Status: 1 },\n  Insurer_45: \n   { Insurer_ID: 45,\n     Insurer_Vehicle_ID: 132221,\n     Vehicle_ID: 50991,\n     Is_Active: 1,\n     Created_On: 2019-03-15T05:12:45.449Z,\n     Status_Id: 2,\n     Premium_Status: 1 },\n  Insurer_2: \n   { Insurer_ID: 2,\n     Insurer_Vehicle_ID: 140900,\n     Vehicle_ID: 50991,\n     Is_Active: 1,\n     Created_On: 2019-03-15T05:12:33.628Z,\n     Status_Id: 2,\n     Premium_Status: 1 },\n  Insurer_33: \n   { Insurer_ID: 33,\n     Insurer_Vehicle_ID: 82101,\n     Vehicle_ID: 50991,\n     Is_Active: 1,\n     Created_On: 2019-03-15T05:12:24.092Z,\n     Status_Id: 2,\n     Premium_Status: 1 },\n  Insurer_10: \n   { Insurer_ID: 10,\n     Insurer_Vehicle_ID: 110520,\n     Vehicle_ID: 50991,\n     Is_Active: 1,\n     Created_On: 2019-03-15T05:08:02.470Z,\n     Status_Id: 2,\n     Premium_Status: 1 },\n  Insurer_46: \n   { Insurer_ID: 46,\n     Insurer_Vehicle_ID: 154106,\n     Vehicle_ID: 50991,\n     Is_Active: 1,\n     Created_On: 2019-03-15T05:07:40.753Z,\n     Status_Id: 2,\n     Premium_Status: 1 },\n  Insurer_6: \n   { Insurer_ID: 6,\n     Insurer_Vehicle_ID: 152044,\n     Vehicle_ID: 50991,\n     Is_Active: 1,\n     Created_On: 2019-03-15T05:07:30.796Z,\n     Status_Id: 2,\n     Premium_Status: 1 },\n  Insurer_44: \n   { Insurer_ID: 44,\n     Insurer_Vehicle_ID: 161730,\n     Vehicle_ID: 50991,\n     Is_Active: 1,\n     Created_On: 2019-03-14T12:34:48.573Z,\n     Status_Id: 2,\n     Premium_Status: 1 },\n  Insurer_5: \n   { Insurer_ID: 5,\n     Insurer_Vehicle_ID: 167190,\n     Vehicle_ID: 50991,\n     Is_Active: 1,\n     Created_On: 2019-03-14T11:56:42.818Z,\n     Status_Id: 2,\n     Premium_Status: 1 },\n  Insurer_Vehicle_Insurer_Segmant: 'NULL',\n  Number_of_wheels: 'NULL',\n  Product_Sub_Category_Class_Name: 'NULL',\n  Product_Sub_Category_Class_CODE: 'NULL',\n  Product_Type: 'NULL',\n  Gross_Vehicle_Weight: 'NULL',\n  Capacity_Type: 'NULL',\n  Product_Sub_Category_Code: 'NULL',\n  Make_ID: 'NULL',\n  Description: 'BAJAJ AVENGER 180',\n  Fuel_Name: 'PETROL',\n  Model_Name: 'AVENGER',\n  Make_Name: 'BAJAJ',\n  Product_Id_New: 10,\n  ModifyOn: 'NULL',\n  CreatedOn: '13:08.9',\n  IsActive: 1,\n  ExShoroomPrice: 90345,\n  Seating_Capacity: 2,\n  Fuel_ID: 1,\n  Vehicle_Image: 'NULL',\n  Cubic_Capacity: '180',\n  Model_ID: 945,\n  Variant_Name: '180',\n  Vehicle_ID: 50991 }","timestamp":"6:10:38 PM"}
{"level":"error","message":"LOG REFERER YTD undefined ::ffff:127.0.0.1 undefined","timestamp":"6:10:44 PM"}
{"level":"warn","message":"uncaughtException TypeError: Parameter \"url\" must be a string, not undefined\n    at Url.parse (url.js:88:11)\n    at Object.urlParse [as parse] (url.js:82:5)\n    at Object.createConnectOptions (D:\\Office\\HorizonAPI\\SourceCode\\node_modules\\node-rest-client\\lib\\node-rest-client.js:116:29)\n    at Object.connect (D:\\Office\\HorizonAPI\\SourceCode\\node_modules\\node-rest-client\\lib\\node-rest-client.js:289:32)\n    at .post (D:\\Office\\HorizonAPI\\SourceCode\\node_modules\\node-rest-client\\lib\\node-rest-client.js:393:22)\n    at D:\\Office\\HorizonAPI\\SourceCode\\routes\\quote.js:1016:44\n    at D:\\Office\\HorizonAPI\\SourceCode\\node_modules\\mongoose\\lib\\model.js:3738:16\n    at D:\\Office\\HorizonAPI\\SourceCode\\node_modules\\mongoose\\lib\\services\\model\\applyHooks.js:148:20\n    at _combinedTickCallback (internal/process/next_tick.js:67:7)\n    at process._tickCallback (internal/process/next_tick.js:98:9)","timestamp":"6:10:44 PM"}
