{"level":"info","message":"$$$$$$$$$$$$$$$$$$$$$$$$","timestamp":"9:50:11 AM"}
{"meta":"","level":"info","message":"","timestamp":"9:50:11 AM"}
{"level":"info","message":"Development Environment is Listening on port 3000","timestamp":"9:50:11 AM"}
{"level":"info","message":"Web URL : http://localhost:3000","timestamp":"9:50:11 AM"}
{"meta":"","level":"info","message":"","timestamp":"9:50:11 AM"}
{"level":"info","message":"$$$$$$$$$$$$$$$$$$$$$$$$","timestamp":"9:50:11 AM"}
{"meta":"","level":"info","message":"","timestamp":"9:50:11 AM"}
{"level":"info","message":"Start premium_list_db","timestamp":"9:52:16 AM"}
{"level":"info","message":"Waiting premium_list_db","timestamp":"9:52:16 AM"}
{"level":"info","message":"Start premium_summary","timestamp":"9:52:16 AM"}
{"level":"info","message":"Waiting premium_summary","timestamp":"9:52:16 AM"}
{"level":"info","message":"Finish premium_list_db","timestamp":"9:52:16 AM"}
{"level":"info","message":"Finish premium_summary","timestamp":"9:52:16 AM"}
{"level":"info","message":"Motor premium_list Start","timestamp":"9:52:17 AM"}
{"level":"info","message":"Start premium_list_db_handler","timestamp":"9:52:17 AM"}
{"level":"info","message":"Start premium_list_db_handler","timestamp":"9:52:17 AM"}
{"level":"info","message":"Motor premium_list Finish","timestamp":"9:52:17 AM"}
{"level":"info","message":"Start premium_list_db_handler","timestamp":"9:52:17 AM"}
{"level":"info","message":"Start premium_list_db_handler","timestamp":"9:52:17 AM"}
{"level":"info","message":"Start premium_list_db_handler","timestamp":"9:52:17 AM"}
{"level":"info","message":"Start premium_list_db_handler","timestamp":"9:52:17 AM"}
{"level":"info","message":"Start premium_list_db_handler","timestamp":"9:52:35 AM"}
{"level":"info","message":"Start premium_list_db_handler_version_2","timestamp":"9:52:35 AM"}
{"level":"info","message":"Start premium_list_db_handler","timestamp":"9:52:35 AM"}
{"level":"info","message":"premium_db_list user_data null { n: 1, nModified: 0, ok: 1 }","timestamp":"9:52:35 AM"}
{"level":"info","message":"Start premium_summary","timestamp":"9:54:16 AM"}
{"level":"info","message":"Waiting premium_summary","timestamp":"9:54:16 AM"}
{"level":"info","message":"Finish premium_summary","timestamp":"9:54:16 AM"}
{"level":"info","message":"Start premium_summary","timestamp":"9:56:16 AM"}
{"level":"info","message":"Waiting premium_summary","timestamp":"9:56:16 AM"}
{"level":"info","message":"Finish premium_summary","timestamp":"9:56:16 AM"}
{"level":"info","message":"Start premium_list_db","timestamp":"10:15:23 AM"}
{"level":"info","message":"Waiting premium_list_db","timestamp":"10:15:23 AM"}
{"level":"info","message":"Start premium_summary","timestamp":"10:15:23 AM"}
{"level":"info","message":"Waiting premium_summary","timestamp":"10:15:23 AM"}
{"level":"info","message":"Finish premium_list_db","timestamp":"10:15:23 AM"}
{"level":"info","message":"Finish premium_summary","timestamp":"10:15:23 AM"}
{"level":"info","message":"Motor premium_list Start","timestamp":"10:15:23 AM"}
{"level":"info","message":"Start premium_list_db_handler","timestamp":"10:15:23 AM"}
{"level":"info","message":"Start premium_list_db_handler","timestamp":"10:15:23 AM"}
{"level":"info","message":"Motor premium_list Finish","timestamp":"10:15:23 AM"}
{"level":"info","message":"Start premium_list_db_handler","timestamp":"10:15:23 AM"}
{"level":"info","message":"Start premium_list_db_handler","timestamp":"10:15:23 AM"}
{"level":"info","message":"Start premium_list_db_handler","timestamp":"10:15:23 AM"}
{"level":"info","message":"Start premium_list_db_handler","timestamp":"10:15:23 AM"}
{"level":"info","message":"Start premium_list_db","timestamp":"10:15:43 AM"}
{"level":"info","message":"Waiting premium_list_db","timestamp":"10:15:43 AM"}
{"level":"info","message":"Start premium_summary","timestamp":"10:15:43 AM"}
{"level":"info","message":"Waiting premium_summary","timestamp":"10:15:43 AM"}
{"level":"info","message":"Finish premium_list_db","timestamp":"10:15:43 AM"}
{"level":"info","message":"Finish premium_summary","timestamp":"10:15:43 AM"}
{"level":"info","message":"Motor premium_list Start","timestamp":"10:15:44 AM"}
{"level":"info","message":"Start premium_list_db_handler","timestamp":"10:15:44 AM"}
{"level":"info","message":"Start premium_list_db_handler","timestamp":"10:15:44 AM"}
{"level":"info","message":"Motor premium_list Finish","timestamp":"10:15:44 AM"}
{"level":"info","message":"Start premium_list_db_handler","timestamp":"10:15:44 AM"}
{"level":"info","message":"Start premium_list_db_handler","timestamp":"10:15:44 AM"}
{"level":"info","message":"Start premium_list_db_handler","timestamp":"10:15:44 AM"}
{"level":"info","message":"Start premium_list_db_handler","timestamp":"10:15:44 AM"}
{"level":"info","message":"Start premium_list_db_handler","timestamp":"10:15:45 AM"}
{"level":"info","message":"Start premium_list_db_handler_version_2","timestamp":"10:15:45 AM"}
{"level":"info","message":"Start premium_list_db_handler","timestamp":"10:15:45 AM"}
{"level":"info","message":"premium_db_list user_data null { n: 1, nModified: 0, ok: 1 }","timestamp":"10:15:46 AM"}
{"level":"info","message":"Start premium_list_db","timestamp":"10:15:50 AM"}
{"level":"info","message":"Waiting premium_list_db","timestamp":"10:15:50 AM"}
{"level":"info","message":"Start premium_summary","timestamp":"10:15:50 AM"}
{"level":"info","message":"Waiting premium_summary","timestamp":"10:15:50 AM"}
{"level":"info","message":"Finish premium_list_db","timestamp":"10:15:50 AM"}
{"level":"info","message":"Finish premium_summary","timestamp":"10:15:50 AM"}
{"level":"info","message":"Motor premium_list Start","timestamp":"10:15:50 AM"}
{"level":"info","message":"Start premium_list_db_handler","timestamp":"10:15:50 AM"}
{"level":"info","message":"Start premium_list_db_handler","timestamp":"10:15:50 AM"}
{"level":"info","message":"Motor premium_list Finish","timestamp":"10:15:50 AM"}
{"level":"info","message":"Start premium_list_db_handler","timestamp":"10:15:50 AM"}
{"level":"info","message":"Start premium_list_db_handler","timestamp":"10:15:50 AM"}
{"level":"info","message":"Start premium_list_db_handler","timestamp":"10:15:50 AM"}
{"level":"info","message":"Start premium_list_db_handler","timestamp":"10:15:50 AM"}
{"level":"info","message":"Start premium_list_db","timestamp":"10:15:54 AM"}
{"level":"info","message":"Waiting premium_list_db","timestamp":"10:15:54 AM"}
{"level":"info","message":"Start premium_summary","timestamp":"10:15:54 AM"}
{"level":"info","message":"Waiting premium_summary","timestamp":"10:15:54 AM"}
{"level":"info","message":"Finish premium_list_db","timestamp":"10:15:54 AM"}
{"level":"info","message":"Finish premium_summary","timestamp":"10:15:54 AM"}
{"level":"info","message":"Motor premium_list Start","timestamp":"10:15:54 AM"}
{"level":"info","message":"Start premium_list_db_handler","timestamp":"10:15:54 AM"}
{"level":"info","message":"Start premium_list_db_handler","timestamp":"10:15:54 AM"}
{"level":"info","message":"Motor premium_list Finish","timestamp":"10:15:54 AM"}
{"level":"info","message":"Start premium_list_db_handler","timestamp":"10:15:54 AM"}
{"level":"info","message":"Start premium_list_db_handler","timestamp":"10:15:54 AM"}
{"level":"info","message":"Start premium_list_db_handler","timestamp":"10:15:54 AM"}
{"level":"info","message":"Start premium_list_db_handler","timestamp":"10:15:54 AM"}
{"level":"info","message":"Start premium_list_db_handler","timestamp":"10:15:59 AM"}
{"level":"info","message":"Start premium_list_db_handler_version_2","timestamp":"10:15:59 AM"}
{"level":"info","message":"Start premium_list_db_handler","timestamp":"10:15:59 AM"}
{"level":"info","message":"Start premium_list_db_handler","timestamp":"10:16:00 AM"}
{"level":"info","message":"Start premium_list_db_handler_version_2","timestamp":"10:16:00 AM"}
{"level":"info","message":"Start premium_list_db_handler","timestamp":"10:16:00 AM"}
{"level":"info","message":"Start premium_list_db","timestamp":"10:16:00 AM"}
{"level":"info","message":"Waiting premium_list_db","timestamp":"10:16:00 AM"}
{"level":"info","message":"Start premium_summary","timestamp":"10:16:00 AM"}
{"level":"info","message":"Waiting premium_summary","timestamp":"10:16:00 AM"}
{"level":"info","message":"Finish premium_list_db","timestamp":"10:16:00 AM"}
{"level":"info","message":"Finish premium_summary","timestamp":"10:16:00 AM"}
{"level":"info","message":"Motor premium_list Start","timestamp":"10:16:01 AM"}
{"level":"info","message":"Start premium_list_db_handler","timestamp":"10:16:01 AM"}
{"level":"info","message":"Start premium_list_db_handler","timestamp":"10:16:01 AM"}
{"level":"info","message":"Motor premium_list Finish","timestamp":"10:16:01 AM"}
{"level":"info","message":"Start premium_list_db_handler","timestamp":"10:16:01 AM"}
{"level":"info","message":"Start premium_list_db_handler","timestamp":"10:16:01 AM"}
{"level":"info","message":"premium_db_list user_data null { n: 1, nModified: 0, ok: 1 }","timestamp":"10:16:02 AM"}
{"level":"info","message":"premium_db_list user_data null { n: 1, nModified: 0, ok: 1 }","timestamp":"10:16:02 AM"}
{"level":"info","message":"Start premium_list_db_handler","timestamp":"10:16:03 AM"}
{"level":"info","message":"Start premium_list_db_handler_version_2","timestamp":"10:16:03 AM"}
{"level":"info","message":"Start premium_list_db_handler","timestamp":"10:16:03 AM"}
{"level":"info","message":"premium_db_list user_data null { n: 1, nModified: 0, ok: 1 }","timestamp":"10:16:03 AM"}
{"level":"info","message":"Start premium_list_db_handler","timestamp":"10:16:04 AM"}
{"level":"info","message":"Start premium_list_db_handler","timestamp":"10:16:04 AM"}
{"level":"info","message":"Start premium_list_db_handler","timestamp":"10:16:07 AM"}
{"level":"info","message":"Start premium_list_db_handler_version_2","timestamp":"10:16:07 AM"}
{"level":"info","message":"Start premium_list_db_handler","timestamp":"10:16:07 AM"}
{"level":"info","message":"premium_db_list user_data null { n: 1, nModified: 0, ok: 1 }","timestamp":"10:16:08 AM"}
{"level":"info","message":"Start premium_summary","timestamp":"10:18:00 AM"}
{"level":"info","message":"Waiting premium_summary","timestamp":"10:18:00 AM"}
{"level":"info","message":"Finish premium_summary","timestamp":"10:18:00 AM"}
{"level":"info","message":"Start premium_list_db","timestamp":"10:18:09 AM"}
{"level":"info","message":"Waiting premium_list_db","timestamp":"10:18:09 AM"}
{"level":"info","message":"Start premium_summary","timestamp":"10:18:09 AM"}
{"level":"info","message":"Waiting premium_summary","timestamp":"10:18:09 AM"}
{"level":"info","message":"Finish premium_list_db","timestamp":"10:18:09 AM"}
{"level":"info","message":"Finish premium_summary","timestamp":"10:18:09 AM"}
{"level":"info","message":"Motor premium_list Start","timestamp":"10:18:09 AM"}
{"level":"info","message":"Start premium_list_db_handler","timestamp":"10:18:09 AM"}
{"level":"info","message":"Start premium_list_db_handler","timestamp":"10:18:09 AM"}
{"level":"info","message":"Motor premium_list Finish","timestamp":"10:18:09 AM"}
{"level":"info","message":"Start premium_list_db_handler","timestamp":"10:18:09 AM"}
{"level":"info","message":"Start premium_list_db_handler","timestamp":"10:18:09 AM"}
{"level":"info","message":"Start premium_list_db_handler","timestamp":"10:18:09 AM"}
{"level":"info","message":"Start premium_list_db_handler","timestamp":"10:18:09 AM"}
{"level":"info","message":"Start premium_list_db","timestamp":"10:18:30 AM"}
{"level":"info","message":"Waiting premium_list_db","timestamp":"10:18:30 AM"}
{"level":"info","message":"Start premium_summary","timestamp":"10:18:30 AM"}
{"level":"info","message":"Waiting premium_summary","timestamp":"10:18:30 AM"}
{"level":"info","message":"Finish premium_list_db","timestamp":"10:18:30 AM"}
{"level":"info","message":"Finish premium_summary","timestamp":"10:18:30 AM"}
{"level":"info","message":"Motor premium_list Start","timestamp":"10:18:31 AM"}
{"level":"info","message":"Start premium_list_db_handler","timestamp":"10:18:31 AM"}
{"level":"info","message":"Start premium_list_db_handler","timestamp":"10:18:31 AM"}
{"level":"info","message":"Motor premium_list Finish","timestamp":"10:18:31 AM"}
{"level":"info","message":"Start premium_list_db_handler","timestamp":"10:18:31 AM"}
{"level":"info","message":"Start premium_list_db_handler","timestamp":"10:18:31 AM"}
{"level":"info","message":"Start premium_list_db_handler","timestamp":"10:18:31 AM"}
{"level":"info","message":"Start premium_list_db_handler","timestamp":"10:18:31 AM"}
{"level":"info","message":"Start premium_list_db_handler","timestamp":"10:18:34 AM"}
{"level":"info","message":"Start premium_list_db_handler_version_2","timestamp":"10:18:34 AM"}
{"level":"info","message":"Start premium_list_db_handler","timestamp":"10:18:34 AM"}
{"level":"info","message":"premium_db_list user_data null { n: 1, nModified: 0, ok: 1 }","timestamp":"10:18:34 AM"}
{"level":"info","message":"Start premium_list_db_handler","timestamp":"10:18:46 AM"}
{"level":"info","message":"Start premium_list_db_handler_version_2","timestamp":"10:18:46 AM"}
{"level":"info","message":"Start premium_list_db_handler","timestamp":"10:18:46 AM"}
{"level":"info","message":"premium_db_list user_data null { n: 1, nModified: 0, ok: 1 }","timestamp":"10:18:46 AM"}
{"level":"info","message":"Start premium_summary","timestamp":"10:20:30 AM"}
{"level":"info","message":"Waiting premium_summary","timestamp":"10:20:30 AM"}
{"level":"info","message":"Finish premium_summary","timestamp":"10:20:30 AM"}
{"level":"info","message":"Start premium_list_db","timestamp":"10:20:58 AM"}
{"level":"info","message":"Waiting premium_list_db","timestamp":"10:20:58 AM"}
{"level":"info","message":"Start premium_summary","timestamp":"10:20:58 AM"}
{"level":"info","message":"Waiting premium_summary","timestamp":"10:20:58 AM"}
{"level":"info","message":"Finish premium_list_db","timestamp":"10:20:58 AM"}
{"level":"info","message":"Finish premium_summary","timestamp":"10:20:58 AM"}
{"level":"info","message":"Motor premium_list Start","timestamp":"10:20:59 AM"}
{"level":"info","message":"Start premium_list_db_handler","timestamp":"10:20:59 AM"}
{"level":"info","message":"Start premium_list_db_handler","timestamp":"10:20:59 AM"}
{"level":"info","message":"Motor premium_list Finish","timestamp":"10:20:59 AM"}
{"level":"info","message":"Start premium_list_db_handler","timestamp":"10:20:59 AM"}
{"level":"info","message":"Start premium_list_db_handler","timestamp":"10:20:59 AM"}
{"level":"info","message":"Start premium_list_db_handler","timestamp":"10:20:59 AM"}
{"level":"info","message":"Start premium_list_db_handler","timestamp":"10:20:59 AM"}
{"level":"info","message":"Start premium_list_db","timestamp":"10:21:02 AM"}
{"level":"info","message":"Waiting premium_list_db","timestamp":"10:21:02 AM"}
{"level":"info","message":"Start premium_summary","timestamp":"10:21:02 AM"}
{"level":"info","message":"Waiting premium_summary","timestamp":"10:21:02 AM"}
{"level":"info","message":"Finish premium_list_db","timestamp":"10:21:02 AM"}
{"level":"info","message":"Finish premium_summary","timestamp":"10:21:02 AM"}
{"level":"info","message":"Motor premium_list Start","timestamp":"10:21:02 AM"}
{"level":"info","message":"Start premium_list_db_handler","timestamp":"10:21:02 AM"}
{"level":"info","message":"Start premium_list_db_handler","timestamp":"10:21:02 AM"}
{"level":"info","message":"Motor premium_list Finish","timestamp":"10:21:02 AM"}
{"level":"info","message":"Start premium_list_db_handler","timestamp":"10:21:02 AM"}
{"level":"info","message":"Start premium_list_db_handler","timestamp":"10:21:02 AM"}
{"level":"info","message":"Start premium_list_db_handler","timestamp":"10:21:02 AM"}
{"level":"info","message":"Start premium_list_db_handler","timestamp":"10:21:02 AM"}
{"level":"info","message":"Start premium_list_db","timestamp":"10:21:08 AM"}
{"level":"info","message":"Waiting premium_list_db","timestamp":"10:21:08 AM"}
{"level":"info","message":"Start premium_summary","timestamp":"10:21:08 AM"}
{"level":"info","message":"Waiting premium_summary","timestamp":"10:21:08 AM"}
{"level":"info","message":"Finish premium_list_db","timestamp":"10:21:08 AM"}
{"level":"info","message":"Finish premium_summary","timestamp":"10:21:08 AM"}
{"level":"info","message":"Motor premium_list Start","timestamp":"10:21:08 AM"}
{"level":"info","message":"Start premium_list_db_handler","timestamp":"10:21:08 AM"}
{"level":"info","message":"Start premium_list_db_handler","timestamp":"10:21:08 AM"}
{"level":"info","message":"Motor premium_list Finish","timestamp":"10:21:08 AM"}
{"level":"info","message":"Start premium_list_db_handler","timestamp":"10:21:08 AM"}
{"level":"info","message":"Start premium_list_db_handler","timestamp":"10:21:08 AM"}
{"level":"info","message":"Start premium_list_db_handler","timestamp":"10:21:08 AM"}
{"level":"info","message":"Start premium_list_db_handler","timestamp":"10:21:08 AM"}
{"level":"info","message":"Start premium_list_db_handler","timestamp":"10:21:21 AM"}
{"level":"info","message":"Start premium_list_db_handler_version_2","timestamp":"10:21:21 AM"}
{"level":"info","message":"Start premium_list_db_handler","timestamp":"10:21:21 AM"}
{"level":"info","message":"Start premium_list_db_handler","timestamp":"10:21:21 AM"}
{"level":"info","message":"Start premium_list_db_handler_version_2","timestamp":"10:21:21 AM"}
{"level":"info","message":"Start premium_list_db_handler","timestamp":"10:21:21 AM"}
{"level":"info","message":"premium_db_list user_data null { n: 1, nModified: 0, ok: 1 }","timestamp":"10:21:21 AM"}
{"level":"info","message":"Start premium_list_db_handler","timestamp":"10:21:21 AM"}
{"level":"info","message":"Start premium_list_db_handler_version_2","timestamp":"10:21:21 AM"}
{"level":"info","message":"Start premium_list_db_handler","timestamp":"10:21:21 AM"}
{"level":"info","message":"premium_db_list user_data null { n: 1, nModified: 0, ok: 1 }","timestamp":"10:21:21 AM"}
{"level":"info","message":"premium_db_list user_data null { n: 1, nModified: 0, ok: 1 }","timestamp":"10:21:21 AM"}
{"level":"info","message":"Start premium_list_db","timestamp":"10:21:22 AM"}
{"level":"info","message":"Waiting premium_list_db","timestamp":"10:21:22 AM"}
{"level":"info","message":"Start premium_summary","timestamp":"10:21:22 AM"}
{"level":"info","message":"Waiting premium_summary","timestamp":"10:21:22 AM"}
{"level":"info","message":"Finish premium_list_db","timestamp":"10:21:22 AM"}
{"level":"info","message":"Finish premium_summary","timestamp":"10:21:22 AM"}
{"level":"info","message":"Motor premium_list Start","timestamp":"10:21:23 AM"}
{"level":"info","message":"Start premium_list_db_handler","timestamp":"10:21:23 AM"}
{"level":"info","message":"Start premium_list_db_handler","timestamp":"10:21:23 AM"}
{"level":"info","message":"Motor premium_list Finish","timestamp":"10:21:23 AM"}
{"level":"info","message":"Start premium_list_db_handler","timestamp":"10:21:23 AM"}
{"level":"info","message":"Start premium_list_db_handler","timestamp":"10:21:23 AM"}
{"level":"info","message":"Start premium_list_db_handler","timestamp":"10:21:23 AM"}
{"level":"info","message":"Start premium_list_db_handler","timestamp":"10:21:23 AM"}
{"level":"info","message":"Start premium_list_db_handler","timestamp":"10:21:33 AM"}
{"level":"info","message":"Start premium_list_db_handler_version_2","timestamp":"10:21:33 AM"}
{"level":"info","message":"Start premium_list_db_handler","timestamp":"10:21:33 AM"}
{"level":"info","message":"premium_db_list user_data null { n: 1, nModified: 0, ok: 1 }","timestamp":"10:21:33 AM"}
{"level":"info","message":"Start premium_summary","timestamp":"10:23:22 AM"}
{"level":"info","message":"Waiting premium_summary","timestamp":"10:23:22 AM"}
{"level":"info","message":"Finish premium_summary","timestamp":"10:23:22 AM"}
{"level":"info","message":"Start premium_list_db","timestamp":"10:30:53 AM"}
{"level":"info","message":"Waiting premium_list_db","timestamp":"10:30:53 AM"}
{"level":"info","message":"Start premium_summary","timestamp":"10:30:53 AM"}
{"level":"info","message":"Waiting premium_summary","timestamp":"10:30:53 AM"}
{"level":"info","message":"Finish premium_list_db","timestamp":"10:30:53 AM"}
{"level":"info","message":"Finish premium_summary","timestamp":"10:30:53 AM"}
{"level":"info","message":"Motor premium_list Start","timestamp":"10:30:54 AM"}
{"level":"info","message":"Start premium_list_db_handler","timestamp":"10:30:54 AM"}
{"level":"info","message":"Start premium_list_db_handler","timestamp":"10:30:54 AM"}
{"level":"info","message":"Motor premium_list Finish","timestamp":"10:30:54 AM"}
{"level":"info","message":"Start premium_list_db_handler","timestamp":"10:30:54 AM"}
{"level":"info","message":"Start premium_list_db_handler","timestamp":"10:30:54 AM"}
{"level":"info","message":"Start premium_list_db_handler","timestamp":"10:30:54 AM"}
{"level":"info","message":"Start premium_list_db_handler","timestamp":"10:30:54 AM"}
{"level":"info","message":"Start premium_list_db_handler","timestamp":"10:31:17 AM"}
{"level":"info","message":"Start premium_list_db_handler_version_2","timestamp":"10:31:17 AM"}
{"level":"info","message":"Start premium_list_db_handler","timestamp":"10:31:17 AM"}
{"level":"info","message":"premium_db_list user_data null { n: 1, nModified: 0, ok: 1 }","timestamp":"10:31:17 AM"}
{"level":"info","message":"Start premium_list_db","timestamp":"10:31:44 AM"}
{"level":"info","message":"Waiting premium_list_db","timestamp":"10:31:44 AM"}
{"level":"info","message":"Start premium_summary","timestamp":"10:31:44 AM"}
{"level":"info","message":"Waiting premium_summary","timestamp":"10:31:44 AM"}
{"level":"info","message":"Finish premium_list_db","timestamp":"10:31:44 AM"}
{"level":"info","message":"Finish premium_summary","timestamp":"10:31:44 AM"}
{"level":"info","message":"Motor premium_list Start","timestamp":"10:31:45 AM"}
{"level":"info","message":"Start premium_list_db_handler","timestamp":"10:31:45 AM"}
{"level":"info","message":"Start premium_list_db_handler","timestamp":"10:31:45 AM"}
{"level":"info","message":"Motor premium_list Finish","timestamp":"10:31:45 AM"}
{"level":"info","message":"Start premium_list_db_handler","timestamp":"10:31:45 AM"}
{"level":"info","message":"Start premium_list_db_handler","timestamp":"10:31:45 AM"}
{"level":"info","message":"Start premium_list_db_handler","timestamp":"10:31:45 AM"}
{"level":"info","message":"Start premium_list_db_handler","timestamp":"10:31:45 AM"}
{"level":"info","message":"Start premium_list_db","timestamp":"10:31:48 AM"}
{"level":"info","message":"Waiting premium_list_db","timestamp":"10:31:48 AM"}
{"level":"info","message":"Start premium_summary","timestamp":"10:31:48 AM"}
{"level":"info","message":"Waiting premium_summary","timestamp":"10:31:48 AM"}
{"level":"info","message":"Finish premium_list_db","timestamp":"10:31:48 AM"}
{"level":"info","message":"Finish premium_summary","timestamp":"10:31:48 AM"}
{"level":"info","message":"Motor premium_list Start","timestamp":"10:31:49 AM"}
{"level":"info","message":"Start premium_list_db_handler","timestamp":"10:31:49 AM"}
{"level":"info","message":"Start premium_list_db_handler","timestamp":"10:31:49 AM"}
{"level":"info","message":"Motor premium_list Finish","timestamp":"10:31:49 AM"}
{"level":"info","message":"Start premium_list_db_handler","timestamp":"10:31:49 AM"}
{"level":"info","message":"Start premium_list_db_handler","timestamp":"10:31:49 AM"}
{"level":"info","message":"Start premium_list_db_handler","timestamp":"10:31:49 AM"}
{"level":"info","message":"Start premium_list_db_handler","timestamp":"10:31:49 AM"}
{"level":"info","message":"Start premium_list_db","timestamp":"10:31:55 AM"}
{"level":"info","message":"Waiting premium_list_db","timestamp":"10:31:55 AM"}
{"level":"info","message":"Finish premium_list_db","timestamp":"10:31:55 AM"}
{"level":"info","message":"Start premium_summary","timestamp":"10:31:55 AM"}
{"level":"info","message":"Waiting premium_summary","timestamp":"10:31:55 AM"}
{"level":"info","message":"Finish premium_summary","timestamp":"10:31:55 AM"}
{"level":"info","message":"Motor premium_list Start","timestamp":"10:31:55 AM"}
{"level":"info","message":"Start premium_list_db_handler","timestamp":"10:31:55 AM"}
{"level":"info","message":"Start premium_list_db_handler","timestamp":"10:31:55 AM"}
{"level":"info","message":"Motor premium_list Finish","timestamp":"10:31:55 AM"}
{"level":"info","message":"Start premium_list_db_handler","timestamp":"10:31:55 AM"}
{"level":"info","message":"Start premium_list_db_handler","timestamp":"10:31:55 AM"}
{"level":"info","message":"Start premium_list_db_handler","timestamp":"10:31:55 AM"}
{"level":"info","message":"Start premium_list_db_handler","timestamp":"10:31:55 AM"}
{"level":"info","message":"Start premium_list_db","timestamp":"10:31:59 AM"}
{"level":"info","message":"Waiting premium_list_db","timestamp":"10:31:59 AM"}
{"level":"info","message":"Start premium_summary","timestamp":"10:31:59 AM"}
{"level":"info","message":"Waiting premium_summary","timestamp":"10:31:59 AM"}
{"level":"info","message":"Finish premium_list_db","timestamp":"10:31:59 AM"}
{"level":"info","message":"Finish premium_summary","timestamp":"10:31:59 AM"}
{"level":"info","message":"Motor premium_list Start","timestamp":"10:31:59 AM"}
{"level":"info","message":"Start premium_list_db_handler","timestamp":"10:31:59 AM"}
{"level":"info","message":"Start premium_list_db_handler","timestamp":"10:31:59 AM"}
{"level":"info","message":"Motor premium_list Finish","timestamp":"10:31:59 AM"}
{"level":"info","message":"Start premium_list_db_handler","timestamp":"10:31:59 AM"}
{"level":"info","message":"Start premium_list_db_handler","timestamp":"10:31:59 AM"}
{"level":"info","message":"Start premium_list_db_handler","timestamp":"10:31:59 AM"}
{"level":"info","message":"Start premium_list_db_handler","timestamp":"10:31:59 AM"}
{"level":"info","message":"Start premium_list_db_handler","timestamp":"10:32:00 AM"}
{"level":"info","message":"Start premium_list_db_handler_version_2","timestamp":"10:32:00 AM"}
{"level":"info","message":"Start premium_list_db_handler","timestamp":"10:32:00 AM"}
{"level":"info","message":"premium_db_list user_data null { n: 1, nModified: 0, ok: 1 }","timestamp":"10:32:00 AM"}
{"level":"info","message":"Start premium_list_db_handler","timestamp":"10:32:00 AM"}
{"level":"info","message":"Start premium_list_db_handler_version_2","timestamp":"10:32:00 AM"}
{"level":"info","message":"Start premium_list_db_handler","timestamp":"10:32:00 AM"}
{"level":"info","message":"premium_db_list user_data null { n: 1, nModified: 0, ok: 1 }","timestamp":"10:32:00 AM"}
{"level":"info","message":"Start premium_list_db_handler","timestamp":"10:32:07 AM"}
{"level":"info","message":"Start premium_list_db_handler_version_2","timestamp":"10:32:07 AM"}
{"level":"info","message":"Start premium_list_db_handler","timestamp":"10:32:07 AM"}
{"level":"info","message":"Start premium_list_db_handler","timestamp":"10:32:07 AM"}
{"level":"info","message":"Start premium_list_db_handler_version_2","timestamp":"10:32:07 AM"}
{"level":"info","message":"Start premium_list_db_handler","timestamp":"10:32:07 AM"}
{"level":"info","message":"premium_db_list user_data null { n: 1, nModified: 0, ok: 1 }","timestamp":"10:32:07 AM"}
{"level":"info","message":"premium_db_list user_data null { n: 1, nModified: 0, ok: 1 }","timestamp":"10:32:07 AM"}
{"level":"info","message":"Start premium_list_db","timestamp":"10:32:12 AM"}
{"level":"info","message":"Waiting premium_list_db","timestamp":"10:32:12 AM"}
{"level":"info","message":"Start premium_summary","timestamp":"10:32:12 AM"}
{"level":"info","message":"Waiting premium_summary","timestamp":"10:32:12 AM"}
{"level":"info","message":"Finish premium_list_db","timestamp":"10:32:12 AM"}
{"level":"info","message":"Finish premium_summary","timestamp":"10:32:12 AM"}
{"level":"info","message":"Motor premium_list Start","timestamp":"10:32:12 AM"}
{"level":"info","message":"Start premium_list_db_handler","timestamp":"10:32:12 AM"}
{"level":"info","message":"Start premium_list_db_handler","timestamp":"10:32:12 AM"}
{"level":"info","message":"Motor premium_list Finish","timestamp":"10:32:12 AM"}
{"level":"info","message":"Start premium_list_db_handler","timestamp":"10:32:12 AM"}
{"level":"info","message":"Start premium_list_db_handler","timestamp":"10:32:12 AM"}
{"level":"info","message":"Start premium_list_db_handler","timestamp":"10:32:12 AM"}
{"level":"info","message":"Start premium_list_db_handler","timestamp":"10:32:12 AM"}
{"level":"info","message":"Start premium_list_db_handler","timestamp":"10:32:20 AM"}
{"level":"info","message":"Start premium_list_db_handler_version_2","timestamp":"10:32:20 AM"}
{"level":"info","message":"Start premium_list_db_handler","timestamp":"10:32:20 AM"}
{"level":"info","message":"premium_db_list user_data null { n: 1, nModified: 0, ok: 1 }","timestamp":"10:32:20 AM"}
{"level":"info","message":"Start premium_list_db","timestamp":"10:32:21 AM"}
{"level":"info","message":"Waiting premium_list_db","timestamp":"10:32:21 AM"}
{"level":"info","message":"Start premium_summary","timestamp":"10:32:21 AM"}
{"level":"info","message":"Waiting premium_summary","timestamp":"10:32:21 AM"}
{"level":"info","message":"Finish premium_list_db","timestamp":"10:32:21 AM"}
{"level":"info","message":"Finish premium_summary","timestamp":"10:32:21 AM"}
{"level":"info","message":"Motor premium_list Start","timestamp":"10:32:21 AM"}
{"level":"info","message":"Start premium_list_db_handler","timestamp":"10:32:21 AM"}
{"level":"info","message":"Start premium_list_db_handler","timestamp":"10:32:21 AM"}
{"level":"info","message":"Motor premium_list Finish","timestamp":"10:32:21 AM"}
{"level":"info","message":"Start premium_list_db_handler","timestamp":"10:32:21 AM"}
{"level":"info","message":"Start premium_list_db_handler","timestamp":"10:32:21 AM"}
{"level":"info","message":"Start premium_list_db_handler","timestamp":"10:32:21 AM"}
{"level":"info","message":"Start premium_list_db_handler","timestamp":"10:32:21 AM"}
{"level":"info","message":"Start premium_list_db_handler","timestamp":"10:32:29 AM"}
{"level":"info","message":"Start premium_list_db_handler_version_2","timestamp":"10:32:29 AM"}
{"level":"info","message":"Start premium_list_db_handler","timestamp":"10:32:29 AM"}
{"level":"info","message":"premium_db_list user_data null { n: 1, nModified: 0, ok: 1 }","timestamp":"10:32:30 AM"}
{"level":"info","message":"Start premium_list_db","timestamp":"10:33:57 AM"}
{"level":"info","message":"Waiting premium_list_db","timestamp":"10:33:57 AM"}
{"level":"info","message":"Start premium_summary","timestamp":"10:33:57 AM"}
{"level":"info","message":"Waiting premium_summary","timestamp":"10:33:57 AM"}
{"level":"info","message":"Finish premium_list_db","timestamp":"10:33:57 AM"}
{"level":"info","message":"Finish premium_summary","timestamp":"10:33:57 AM"}
{"level":"info","message":"Motor premium_list Start","timestamp":"10:33:57 AM"}
{"level":"info","message":"Start premium_list_db_handler","timestamp":"10:33:57 AM"}
{"level":"info","message":"Start premium_list_db_handler","timestamp":"10:33:57 AM"}
{"level":"info","message":"Motor premium_list Finish","timestamp":"10:33:57 AM"}
{"level":"info","message":"Start premium_list_db_handler","timestamp":"10:33:57 AM"}
{"level":"info","message":"Start premium_list_db_handler","timestamp":"10:33:57 AM"}
{"level":"info","message":"Start premium_list_db_handler","timestamp":"10:33:57 AM"}
{"level":"info","message":"Start premium_list_db_handler","timestamp":"10:33:57 AM"}
{"level":"info","message":"Start premium_list_db","timestamp":"10:34:03 AM"}
{"level":"info","message":"Waiting premium_list_db","timestamp":"10:34:03 AM"}
{"level":"info","message":"Start premium_summary","timestamp":"10:34:03 AM"}
{"level":"info","message":"Waiting premium_summary","timestamp":"10:34:03 AM"}
{"level":"info","message":"Finish premium_list_db","timestamp":"10:34:03 AM"}
{"level":"info","message":"Finish premium_summary","timestamp":"10:34:03 AM"}
{"level":"info","message":"Motor premium_list Start","timestamp":"10:34:03 AM"}
{"level":"info","message":"Start premium_list_db_handler","timestamp":"10:34:03 AM"}
{"level":"info","message":"Start premium_list_db_handler","timestamp":"10:34:03 AM"}
{"level":"info","message":"Motor premium_list Finish","timestamp":"10:34:03 AM"}
{"level":"info","message":"Start premium_list_db_handler","timestamp":"10:34:03 AM"}
{"level":"info","message":"Start premium_list_db_handler","timestamp":"10:34:03 AM"}
{"level":"info","message":"Start premium_list_db_handler","timestamp":"10:34:04 AM"}
{"level":"info","message":"Start premium_list_db_handler","timestamp":"10:34:04 AM"}
{"level":"info","message":"Start premium_list_db","timestamp":"10:34:08 AM"}
{"level":"info","message":"Waiting premium_list_db","timestamp":"10:34:08 AM"}
{"level":"info","message":"Start premium_summary","timestamp":"10:34:08 AM"}
{"level":"info","message":"Waiting premium_summary","timestamp":"10:34:08 AM"}
{"level":"info","message":"Finish premium_list_db","timestamp":"10:34:08 AM"}
{"level":"info","message":"Finish premium_summary","timestamp":"10:34:08 AM"}
{"level":"info","message":"Motor premium_list Start","timestamp":"10:34:08 AM"}
{"level":"info","message":"Start premium_list_db_handler","timestamp":"10:34:08 AM"}
{"level":"info","message":"Start premium_list_db_handler","timestamp":"10:34:08 AM"}
{"level":"info","message":"Motor premium_list Finish","timestamp":"10:34:08 AM"}
{"level":"info","message":"Start premium_list_db_handler","timestamp":"10:34:08 AM"}
{"level":"info","message":"Start premium_list_db_handler","timestamp":"10:34:08 AM"}
{"level":"info","message":"Start premium_list_db_handler","timestamp":"10:34:08 AM"}
{"level":"info","message":"Start premium_list_db_handler","timestamp":"10:34:08 AM"}
{"level":"info","message":"Start premium_list_db_handler","timestamp":"10:34:08 AM"}
{"level":"info","message":"Start premium_list_db_handler_version_2","timestamp":"10:34:08 AM"}
{"level":"info","message":"Start premium_list_db_handler","timestamp":"10:34:08 AM"}
{"level":"info","message":"premium_db_list user_data null { n: 1, nModified: 0, ok: 1 }","timestamp":"10:34:08 AM"}
{"level":"info","message":"Start premium_list_db_handler","timestamp":"10:34:09 AM"}
{"level":"info","message":"Start premium_list_db_handler_version_2","timestamp":"10:34:09 AM"}
{"level":"info","message":"Start premium_list_db_handler","timestamp":"10:34:09 AM"}
{"level":"info","message":"premium_db_list user_data null { n: 1, nModified: 0, ok: 1 }","timestamp":"10:34:11 AM"}
{"level":"info","message":"Start premium_list_db_handler","timestamp":"10:34:14 AM"}
{"level":"info","message":"Start premium_list_db_handler_version_2","timestamp":"10:34:14 AM"}
{"level":"info","message":"Start premium_list_db_handler","timestamp":"10:34:14 AM"}
{"level":"info","message":"premium_db_list user_data null { n: 1, nModified: 0, ok: 1 }","timestamp":"10:34:14 AM"}
{"level":"info","message":"Start premium_list_db","timestamp":"10:34:29 AM"}
{"level":"info","message":"Waiting premium_list_db","timestamp":"10:34:29 AM"}
{"level":"info","message":"Start premium_summary","timestamp":"10:34:29 AM"}
{"level":"info","message":"Waiting premium_summary","timestamp":"10:34:29 AM"}
{"level":"info","message":"Finish premium_list_db","timestamp":"10:34:29 AM"}
{"level":"info","message":"Finish premium_summary","timestamp":"10:34:29 AM"}
{"level":"info","message":"Motor premium_list Start","timestamp":"10:34:29 AM"}
{"level":"info","message":"Start premium_list_db_handler","timestamp":"10:34:29 AM"}
{"level":"info","message":"Start premium_list_db_handler","timestamp":"10:34:29 AM"}
{"level":"info","message":"Motor premium_list Finish","timestamp":"10:34:29 AM"}
{"level":"info","message":"Start premium_list_db_handler","timestamp":"10:34:29 AM"}
{"level":"info","message":"Start premium_list_db_handler","timestamp":"10:34:29 AM"}
{"level":"info","message":"Start premium_list_db_handler","timestamp":"10:34:29 AM"}
{"level":"info","message":"Start premium_list_db_handler","timestamp":"10:34:29 AM"}
{"level":"info","message":"Start premium_list_db","timestamp":"10:34:34 AM"}
{"level":"info","message":"Waiting premium_list_db","timestamp":"10:34:34 AM"}
{"level":"info","message":"Finish premium_list_db","timestamp":"10:34:34 AM"}
{"level":"info","message":"Start premium_summary","timestamp":"10:34:34 AM"}
{"level":"info","message":"Waiting premium_summary","timestamp":"10:34:34 AM"}
{"level":"info","message":"Finish premium_summary","timestamp":"10:34:34 AM"}
{"level":"info","message":"Motor premium_list Start","timestamp":"10:34:34 AM"}
{"level":"info","message":"Start premium_list_db_handler","timestamp":"10:34:34 AM"}
{"level":"info","message":"Start premium_list_db_handler","timestamp":"10:34:34 AM"}
{"level":"info","message":"Motor premium_list Finish","timestamp":"10:34:34 AM"}
{"level":"info","message":"Start premium_list_db_handler","timestamp":"10:34:34 AM"}
{"level":"info","message":"Start premium_list_db_handler","timestamp":"10:34:34 AM"}
{"level":"info","message":"Start premium_list_db_handler","timestamp":"10:34:34 AM"}
{"level":"info","message":"Start premium_list_db_handler","timestamp":"10:34:34 AM"}
{"level":"info","message":"Start premium_list_db_handler","timestamp":"10:34:38 AM"}
{"level":"info","message":"Start premium_list_db_handler_version_2","timestamp":"10:34:38 AM"}
{"level":"info","message":"Start premium_list_db_handler","timestamp":"10:34:38 AM"}
{"level":"info","message":"premium_db_list user_data null { n: 1, nModified: 0, ok: 1 }","timestamp":"10:34:38 AM"}
{"level":"info","message":"Start premium_list_db","timestamp":"10:34:38 AM"}
{"level":"info","message":"Waiting premium_list_db","timestamp":"10:34:38 AM"}
{"level":"info","message":"Start premium_summary","timestamp":"10:34:38 AM"}
{"level":"info","message":"Waiting premium_summary","timestamp":"10:34:38 AM"}
{"level":"info","message":"Finish premium_list_db","timestamp":"10:34:39 AM"}
{"level":"info","message":"Finish premium_summary","timestamp":"10:34:39 AM"}
{"level":"info","message":"Motor premium_list Start","timestamp":"10:34:39 AM"}
{"level":"info","message":"Start premium_list_db_handler","timestamp":"10:34:39 AM"}
{"level":"info","message":"Start premium_list_db_handler","timestamp":"10:34:39 AM"}
{"level":"info","message":"Motor premium_list Finish","timestamp":"10:34:39 AM"}
{"level":"info","message":"Start premium_list_db_handler","timestamp":"10:34:39 AM"}
{"level":"info","message":"Start premium_list_db_handler","timestamp":"10:34:39 AM"}
{"level":"info","message":"Start premium_list_db_handler","timestamp":"10:34:40 AM"}
{"level":"info","message":"Start premium_list_db_handler","timestamp":"10:34:40 AM"}
{"level":"info","message":"Start premium_list_db_handler","timestamp":"10:34:41 AM"}
{"level":"info","message":"Start premium_list_db_handler_version_2","timestamp":"10:34:41 AM"}
{"level":"info","message":"Start premium_list_db_handler","timestamp":"10:34:41 AM"}
{"level":"info","message":"Start premium_list_db_handler","timestamp":"10:34:43 AM"}
{"level":"info","message":"Start premium_list_db_handler_version_2","timestamp":"10:34:43 AM"}
{"level":"info","message":"Start premium_list_db_handler","timestamp":"10:34:43 AM"}
{"level":"info","message":"premium_db_list user_data null { n: 1, nModified: 0, ok: 1 }","timestamp":"10:34:46 AM"}
{"level":"info","message":"premium_db_list user_data null { n: 1, nModified: 0, ok: 1 }","timestamp":"10:34:46 AM"}
{"level":"info","message":"Start premium_list_db","timestamp":"10:34:57 AM"}
{"level":"info","message":"Waiting premium_list_db","timestamp":"10:34:57 AM"}
{"level":"info","message":"Start premium_summary","timestamp":"10:34:57 AM"}
{"level":"info","message":"Waiting premium_summary","timestamp":"10:34:57 AM"}
{"level":"info","message":"Finish premium_list_db","timestamp":"10:34:57 AM"}
{"level":"info","message":"Finish premium_summary","timestamp":"10:34:57 AM"}
{"level":"info","message":"Motor premium_list Start","timestamp":"10:34:58 AM"}
{"level":"info","message":"Start premium_list_db_handler","timestamp":"10:34:58 AM"}
{"level":"info","message":"Start premium_list_db_handler","timestamp":"10:34:58 AM"}
{"level":"info","message":"Motor premium_list Finish","timestamp":"10:34:58 AM"}
{"level":"info","message":"Start premium_list_db_handler","timestamp":"10:34:58 AM"}
{"level":"info","message":"Start premium_list_db_handler","timestamp":"10:34:58 AM"}
{"level":"info","message":"Start premium_list_db_handler","timestamp":"10:34:58 AM"}
{"level":"info","message":"Start premium_list_db_handler","timestamp":"10:34:58 AM"}
{"level":"info","message":"Start premium_list_db_handler","timestamp":"10:35:02 AM"}
{"level":"info","message":"Start premium_list_db_handler_version_2","timestamp":"10:35:02 AM"}
{"level":"info","message":"Start premium_list_db_handler","timestamp":"10:35:02 AM"}
{"level":"info","message":"Start premium_list_db","timestamp":"10:35:03 AM"}
{"level":"info","message":"Waiting premium_list_db","timestamp":"10:35:03 AM"}
{"level":"info","message":"Finish premium_list_db","timestamp":"10:35:03 AM"}
{"level":"info","message":"Start premium_summary","timestamp":"10:35:03 AM"}
{"level":"info","message":"Waiting premium_summary","timestamp":"10:35:03 AM"}
{"level":"info","message":"Finish premium_summary","timestamp":"10:35:03 AM"}
{"level":"info","message":"Motor premium_list Start","timestamp":"10:35:03 AM"}
{"level":"info","message":"Start premium_list_db_handler","timestamp":"10:35:03 AM"}
{"level":"info","message":"Start premium_list_db_handler","timestamp":"10:35:03 AM"}
{"level":"info","message":"Motor premium_list Finish","timestamp":"10:35:03 AM"}
{"level":"info","message":"Start premium_list_db_handler","timestamp":"10:35:03 AM"}
{"level":"info","message":"Start premium_list_db_handler","timestamp":"10:35:03 AM"}
{"level":"info","message":"Start premium_list_db_handler","timestamp":"10:35:03 AM"}
{"level":"info","message":"Start premium_list_db_handler","timestamp":"10:35:03 AM"}
{"level":"info","message":"premium_db_list user_data null { n: 1, nModified: 0, ok: 1 }","timestamp":"10:35:08 AM"}
{"level":"info","message":"Start premium_list_db","timestamp":"10:35:11 AM"}
{"level":"info","message":"Waiting premium_list_db","timestamp":"10:35:11 AM"}
{"level":"info","message":"Start premium_summary","timestamp":"10:35:11 AM"}
{"level":"info","message":"Waiting premium_summary","timestamp":"10:35:11 AM"}
{"level":"info","message":"Finish premium_list_db","timestamp":"10:35:11 AM"}
{"level":"info","message":"Finish premium_summary","timestamp":"10:35:11 AM"}
{"level":"info","message":"Motor premium_list Start","timestamp":"10:35:11 AM"}
{"level":"info","message":"Start premium_list_db_handler","timestamp":"10:35:11 AM"}
{"level":"info","message":"Start premium_list_db_handler","timestamp":"10:35:11 AM"}
{"level":"info","message":"Motor premium_list Finish","timestamp":"10:35:11 AM"}
{"level":"info","message":"Start premium_list_db_handler","timestamp":"10:35:11 AM"}
{"level":"info","message":"Start premium_list_db_handler","timestamp":"10:35:11 AM"}
{"level":"info","message":"Start premium_list_db_handler","timestamp":"10:35:12 AM"}
{"level":"info","message":"Start premium_list_db_handler","timestamp":"10:35:12 AM"}
{"level":"info","message":"Start premium_list_db_handler","timestamp":"10:35:13 AM"}
{"level":"info","message":"Start premium_list_db_handler_version_2","timestamp":"10:35:13 AM"}
{"level":"info","message":"Start premium_list_db_handler","timestamp":"10:35:13 AM"}
{"level":"info","message":"premium_db_list user_data null { n: 1, nModified: 0, ok: 1 }","timestamp":"10:35:13 AM"}
{"level":"info","message":"Start premium_list_db","timestamp":"10:35:15 AM"}
{"level":"info","message":"Waiting premium_list_db","timestamp":"10:35:15 AM"}
{"level":"info","message":"Start premium_summary","timestamp":"10:35:15 AM"}
{"level":"info","message":"Waiting premium_summary","timestamp":"10:35:15 AM"}
{"level":"info","message":"Finish premium_list_db","timestamp":"10:35:15 AM"}
{"level":"info","message":"Finish premium_summary","timestamp":"10:35:15 AM"}
{"level":"info","message":"Motor premium_list Start","timestamp":"10:35:15 AM"}
{"level":"info","message":"Start premium_list_db_handler","timestamp":"10:35:15 AM"}
{"level":"info","message":"Start premium_list_db_handler","timestamp":"10:35:15 AM"}
{"level":"info","message":"Motor premium_list Finish","timestamp":"10:35:15 AM"}
{"level":"info","message":"Start premium_list_db_handler","timestamp":"10:35:15 AM"}
{"level":"info","message":"Start premium_list_db_handler","timestamp":"10:35:15 AM"}
{"level":"info","message":"Start premium_list_db_handler","timestamp":"10:35:15 AM"}
{"level":"info","message":"Start premium_list_db_handler","timestamp":"10:35:15 AM"}
{"level":"info","message":"Start premium_list_db_handler","timestamp":"10:35:16 AM"}
{"level":"info","message":"Start premium_list_db_handler_version_2","timestamp":"10:35:16 AM"}
{"level":"info","message":"Start premium_list_db_handler","timestamp":"10:35:16 AM"}
{"level":"info","message":"premium_db_list user_data null { n: 1, nModified: 0, ok: 1 }","timestamp":"10:35:16 AM"}
{"level":"info","message":"Start premium_list_db_handler","timestamp":"10:35:18 AM"}
{"level":"info","message":"Start premium_list_db_handler_version_2","timestamp":"10:35:18 AM"}
{"level":"info","message":"Start premium_list_db_handler","timestamp":"10:35:18 AM"}
{"level":"info","message":"premium_db_list user_data null { n: 1, nModified: 0, ok: 1 }","timestamp":"10:35:18 AM"}
{"level":"info","message":"Start premium_list_db","timestamp":"10:35:23 AM"}
{"level":"info","message":"Waiting premium_list_db","timestamp":"10:35:23 AM"}
{"level":"info","message":"Finish premium_list_db","timestamp":"10:35:23 AM"}
{"level":"info","message":"Start premium_summary","timestamp":"10:35:23 AM"}
{"level":"info","message":"Waiting premium_summary","timestamp":"10:35:23 AM"}
{"level":"info","message":"Finish premium_summary","timestamp":"10:35:23 AM"}
{"level":"info","message":"Motor premium_list Start","timestamp":"10:35:24 AM"}
{"level":"info","message":"Start premium_list_db_handler","timestamp":"10:35:24 AM"}
{"level":"info","message":"Start premium_list_db_handler","timestamp":"10:35:24 AM"}
{"level":"info","message":"Motor premium_list Finish","timestamp":"10:35:24 AM"}
{"level":"info","message":"Start premium_list_db_handler","timestamp":"10:35:24 AM"}
{"level":"info","message":"Start premium_list_db_handler","timestamp":"10:35:24 AM"}
{"level":"info","message":"Start premium_list_db_handler","timestamp":"10:35:24 AM"}
{"level":"info","message":"Start premium_list_db_handler","timestamp":"10:35:24 AM"}
{"level":"info","message":"Start premium_list_db_handler","timestamp":"10:35:28 AM"}
{"level":"info","message":"Start premium_list_db_handler_version_2","timestamp":"10:35:28 AM"}
{"level":"info","message":"Start premium_list_db_handler","timestamp":"10:35:28 AM"}
{"level":"info","message":"premium_db_list user_data null { n: 1, nModified: 0, ok: 1 }","timestamp":"10:35:28 AM"}
{"level":"info","message":"Start premium_list_db","timestamp":"10:35:34 AM"}
{"level":"info","message":"Waiting premium_list_db","timestamp":"10:35:34 AM"}
{"level":"info","message":"Start premium_summary","timestamp":"10:35:34 AM"}
{"level":"info","message":"Waiting premium_summary","timestamp":"10:35:34 AM"}
{"level":"info","message":"Finish premium_list_db","timestamp":"10:35:34 AM"}
{"level":"info","message":"Finish premium_summary","timestamp":"10:35:34 AM"}
{"level":"info","message":"Motor premium_list Start","timestamp":"10:35:35 AM"}
{"level":"info","message":"Start premium_list_db_handler","timestamp":"10:35:35 AM"}
{"level":"info","message":"Start premium_list_db_handler","timestamp":"10:35:35 AM"}
{"level":"info","message":"Motor premium_list Finish","timestamp":"10:35:35 AM"}
{"level":"info","message":"Start premium_list_db_handler","timestamp":"10:35:35 AM"}
{"level":"info","message":"Start premium_list_db_handler","timestamp":"10:35:35 AM"}
{"level":"info","message":"Start premium_list_db_handler","timestamp":"10:35:35 AM"}
{"level":"info","message":"Start premium_list_db_handler","timestamp":"10:35:35 AM"}
{"level":"info","message":"Start premium_list_db_handler","timestamp":"10:35:38 AM"}
{"level":"info","message":"Start premium_list_db_handler_version_2","timestamp":"10:35:38 AM"}
{"level":"info","message":"Start premium_list_db_handler","timestamp":"10:35:38 AM"}
{"level":"info","message":"premium_db_list user_data null { n: 1, nModified: 0, ok: 1 }","timestamp":"10:35:38 AM"}
{"level":"info","message":"Start premium_list_db","timestamp":"10:35:40 AM"}
{"level":"info","message":"Waiting premium_list_db","timestamp":"10:35:40 AM"}
{"level":"info","message":"Start premium_summary","timestamp":"10:35:40 AM"}
{"level":"info","message":"Waiting premium_summary","timestamp":"10:35:40 AM"}
{"level":"info","message":"Finish premium_list_db","timestamp":"10:35:40 AM"}
{"level":"info","message":"Finish premium_summary","timestamp":"10:35:40 AM"}
{"level":"info","message":"Motor premium_list Start","timestamp":"10:35:40 AM"}
{"level":"info","message":"Start premium_list_db_handler","timestamp":"10:35:40 AM"}
{"level":"info","message":"Start premium_list_db_handler","timestamp":"10:35:40 AM"}
{"level":"info","message":"Motor premium_list Finish","timestamp":"10:35:40 AM"}
{"level":"info","message":"Start premium_list_db_handler","timestamp":"10:35:40 AM"}
{"level":"info","message":"Start premium_list_db_handler","timestamp":"10:35:40 AM"}
{"level":"info","message":"Start premium_list_db_handler","timestamp":"10:35:40 AM"}
{"level":"info","message":"Start premium_list_db_handler","timestamp":"10:35:40 AM"}
{"level":"info","message":"Start premium_list_db_handler","timestamp":"10:35:43 AM"}
{"level":"info","message":"Start premium_list_db_handler_version_2","timestamp":"10:35:43 AM"}
{"level":"info","message":"Start premium_list_db_handler","timestamp":"10:35:43 AM"}
{"level":"info","message":"premium_db_list user_data null { n: 1, nModified: 0, ok: 1 }","timestamp":"10:35:43 AM"}
{"level":"info","message":"Start premium_list_db","timestamp":"10:35:46 AM"}
{"level":"info","message":"Waiting premium_list_db","timestamp":"10:35:46 AM"}
{"level":"info","message":"Start premium_summary","timestamp":"10:35:46 AM"}
{"level":"info","message":"Waiting premium_summary","timestamp":"10:35:46 AM"}
{"level":"info","message":"Finish premium_list_db","timestamp":"10:35:46 AM"}
{"level":"info","message":"Finish premium_summary","timestamp":"10:35:46 AM"}
{"level":"info","message":"Motor premium_list Start","timestamp":"10:35:46 AM"}
{"level":"info","message":"Start premium_list_db_handler","timestamp":"10:35:46 AM"}
{"level":"info","message":"Start premium_list_db_handler","timestamp":"10:35:46 AM"}
{"level":"info","message":"Motor premium_list Finish","timestamp":"10:35:46 AM"}
{"level":"info","message":"Start premium_list_db_handler","timestamp":"10:35:46 AM"}
{"level":"info","message":"Start premium_list_db_handler","timestamp":"10:35:46 AM"}
{"level":"info","message":"Start premium_list_db_handler","timestamp":"10:35:46 AM"}
{"level":"info","message":"Start premium_list_db_handler","timestamp":"10:35:46 AM"}
{"level":"info","message":"Start premium_list_db_handler","timestamp":"10:35:49 AM"}
{"level":"info","message":"Start premium_list_db_handler_version_2","timestamp":"10:35:49 AM"}
{"level":"info","message":"Start premium_list_db_handler","timestamp":"10:35:49 AM"}
{"level":"info","message":"premium_db_list user_data null { n: 1, nModified: 0, ok: 1 }","timestamp":"10:35:49 AM"}
{"level":"info","message":"Start premium_list_db","timestamp":"10:35:49 AM"}
{"level":"info","message":"Waiting premium_list_db","timestamp":"10:35:49 AM"}
{"level":"info","message":"Start premium_summary","timestamp":"10:35:49 AM"}
{"level":"info","message":"Waiting premium_summary","timestamp":"10:35:49 AM"}
{"level":"info","message":"Finish premium_list_db","timestamp":"10:35:49 AM"}
{"level":"info","message":"Finish premium_summary","timestamp":"10:35:49 AM"}
{"level":"info","message":"Motor premium_list Start","timestamp":"10:35:50 AM"}
{"level":"info","message":"Start premium_list_db_handler","timestamp":"10:35:50 AM"}
{"level":"info","message":"Start premium_list_db_handler","timestamp":"10:35:50 AM"}
{"level":"info","message":"Motor premium_list Finish","timestamp":"10:35:50 AM"}
{"level":"info","message":"Start premium_list_db_handler","timestamp":"10:35:50 AM"}
{"level":"info","message":"Start premium_list_db_handler","timestamp":"10:35:50 AM"}
{"level":"info","message":"Start premium_list_db_handler","timestamp":"10:35:50 AM"}
{"level":"info","message":"Start premium_list_db_handler","timestamp":"10:35:50 AM"}
{"level":"info","message":"Start premium_list_db_handler","timestamp":"10:35:52 AM"}
{"level":"info","message":"Start premium_list_db_handler_version_2","timestamp":"10:35:52 AM"}
{"level":"info","message":"Start premium_list_db_handler","timestamp":"10:35:52 AM"}
{"level":"info","message":"premium_db_list user_data null { n: 1, nModified: 0, ok: 1 }","timestamp":"10:35:53 AM"}
{"level":"info","message":"Start premium_list_db","timestamp":"10:36:15 AM"}
{"level":"info","message":"Waiting premium_list_db","timestamp":"10:36:15 AM"}
{"level":"info","message":"Start premium_summary","timestamp":"10:36:15 AM"}
{"level":"info","message":"Waiting premium_summary","timestamp":"10:36:15 AM"}
{"level":"info","message":"Finish premium_list_db","timestamp":"10:36:15 AM"}
{"level":"info","message":"Finish premium_summary","timestamp":"10:36:15 AM"}
{"level":"info","message":"Motor premium_list Start","timestamp":"10:36:15 AM"}
{"level":"info","message":"Start premium_list_db_handler","timestamp":"10:36:15 AM"}
{"level":"info","message":"Start premium_list_db_handler","timestamp":"10:36:15 AM"}
{"level":"info","message":"Motor premium_list Finish","timestamp":"10:36:15 AM"}
{"level":"info","message":"Start premium_list_db_handler","timestamp":"10:36:15 AM"}
{"level":"info","message":"Start premium_list_db_handler","timestamp":"10:36:15 AM"}
{"level":"info","message":"Start premium_list_db_handler","timestamp":"10:36:15 AM"}
{"level":"info","message":"Start premium_list_db_handler","timestamp":"10:36:15 AM"}
{"level":"info","message":"Start premium_list_db_handler","timestamp":"10:36:19 AM"}
{"level":"info","message":"Start premium_list_db_handler_version_2","timestamp":"10:36:19 AM"}
{"level":"info","message":"Start premium_list_db_handler","timestamp":"10:36:19 AM"}
{"level":"info","message":"premium_db_list user_data null { n: 1, nModified: 0, ok: 1 }","timestamp":"10:36:20 AM"}
{"level":"info","message":"Start premium_list_db","timestamp":"10:36:42 AM"}
{"level":"info","message":"Waiting premium_list_db","timestamp":"10:36:42 AM"}
{"level":"info","message":"Start premium_summary","timestamp":"10:36:42 AM"}
{"level":"info","message":"Waiting premium_summary","timestamp":"10:36:42 AM"}
{"level":"info","message":"Finish premium_list_db","timestamp":"10:36:42 AM"}
{"level":"info","message":"Finish premium_summary","timestamp":"10:36:42 AM"}
{"level":"info","message":"Motor premium_list Start","timestamp":"10:36:42 AM"}
{"level":"info","message":"Start premium_list_db_handler","timestamp":"10:36:42 AM"}
{"level":"info","message":"Start premium_list_db_handler","timestamp":"10:36:42 AM"}
{"level":"info","message":"Motor premium_list Finish","timestamp":"10:36:42 AM"}
{"level":"info","message":"Start premium_list_db_handler","timestamp":"10:36:42 AM"}
{"level":"info","message":"Start premium_list_db_handler","timestamp":"10:36:42 AM"}
{"level":"info","message":"Start premium_list_db_handler","timestamp":"10:36:43 AM"}
{"level":"info","message":"Start premium_list_db_handler","timestamp":"10:36:43 AM"}
{"level":"info","message":"Start premium_list_db_handler","timestamp":"10:36:59 AM"}
{"level":"info","message":"Start premium_list_db_handler_version_2","timestamp":"10:36:59 AM"}
{"level":"info","message":"Start premium_list_db_handler","timestamp":"10:36:59 AM"}
{"level":"info","message":"premium_db_list user_data null { n: 1, nModified: 0, ok: 1 }","timestamp":"10:36:59 AM"}
{"level":"info","message":"Start premium_list_db","timestamp":"10:37:01 AM"}
{"level":"info","message":"Waiting premium_list_db","timestamp":"10:37:01 AM"}
{"level":"info","message":"Start premium_summary","timestamp":"10:37:01 AM"}
{"level":"info","message":"Waiting premium_summary","timestamp":"10:37:01 AM"}
{"level":"info","message":"Finish premium_list_db","timestamp":"10:37:01 AM"}
{"level":"info","message":"Finish premium_summary","timestamp":"10:37:01 AM"}
{"level":"info","message":"Motor premium_list Start","timestamp":"10:37:01 AM"}
{"level":"info","message":"Start premium_list_db_handler","timestamp":"10:37:01 AM"}
{"level":"info","message":"Start premium_list_db_handler","timestamp":"10:37:01 AM"}
{"level":"info","message":"Motor premium_list Finish","timestamp":"10:37:01 AM"}
{"level":"info","message":"Start premium_list_db_handler","timestamp":"10:37:01 AM"}
{"level":"info","message":"Start premium_list_db_handler","timestamp":"10:37:01 AM"}
{"level":"info","message":"Start premium_list_db_handler","timestamp":"10:37:03 AM"}
{"level":"info","message":"Start premium_list_db_handler","timestamp":"10:37:03 AM"}
{"level":"info","message":"Start premium_list_db_handler","timestamp":"10:37:29 AM"}
{"level":"info","message":"Start premium_list_db_handler_version_2","timestamp":"10:37:29 AM"}
{"level":"info","message":"Start premium_list_db_handler","timestamp":"10:37:29 AM"}
{"level":"info","message":"premium_db_list user_data null { n: 1, nModified: 0, ok: 1 }","timestamp":"10:37:30 AM"}
{"level":"info","message":"Start premium_list_db","timestamp":"10:38:19 AM"}
{"level":"info","message":"Waiting premium_list_db","timestamp":"10:38:19 AM"}
{"level":"info","message":"Finish premium_list_db","timestamp":"10:38:19 AM"}
{"level":"info","message":"Start premium_summary","timestamp":"10:38:19 AM"}
{"level":"info","message":"Waiting premium_summary","timestamp":"10:38:19 AM"}
{"level":"info","message":"Finish premium_summary","timestamp":"10:38:19 AM"}
{"level":"info","message":"Motor premium_list Start","timestamp":"10:38:20 AM"}
{"level":"info","message":"Start premium_list_db_handler","timestamp":"10:38:20 AM"}
{"level":"info","message":"Start premium_list_db_handler","timestamp":"10:38:20 AM"}
{"level":"info","message":"Motor premium_list Finish","timestamp":"10:38:20 AM"}
{"level":"info","message":"Start premium_list_db_handler","timestamp":"10:38:20 AM"}
{"level":"info","message":"Start premium_list_db_handler","timestamp":"10:38:20 AM"}
{"level":"info","message":"Start premium_list_db_handler","timestamp":"10:38:21 AM"}
{"level":"info","message":"Start premium_list_db_handler","timestamp":"10:38:21 AM"}
{"level":"info","message":"Start premium_list_db","timestamp":"10:38:24 AM"}
{"level":"info","message":"Waiting premium_list_db","timestamp":"10:38:24 AM"}
{"level":"info","message":"Start premium_summary","timestamp":"10:38:24 AM"}
{"level":"info","message":"Waiting premium_summary","timestamp":"10:38:24 AM"}
{"level":"info","message":"Finish premium_list_db","timestamp":"10:38:24 AM"}
{"level":"info","message":"Finish premium_summary","timestamp":"10:38:24 AM"}
{"level":"info","message":"Motor premium_list Start","timestamp":"10:38:24 AM"}
{"level":"info","message":"Start premium_list_db_handler","timestamp":"10:38:24 AM"}
{"level":"info","message":"Start premium_list_db_handler","timestamp":"10:38:24 AM"}
{"level":"info","message":"Motor premium_list Finish","timestamp":"10:38:24 AM"}
{"level":"info","message":"Start premium_list_db_handler","timestamp":"10:38:24 AM"}
{"level":"info","message":"Start premium_list_db_handler","timestamp":"10:38:24 AM"}
{"level":"info","message":"Start premium_list_db_handler","timestamp":"10:38:24 AM"}
{"level":"info","message":"Start premium_list_db_handler","timestamp":"10:38:24 AM"}
{"level":"info","message":"Start premium_list_db","timestamp":"10:38:27 AM"}
{"level":"info","message":"Waiting premium_list_db","timestamp":"10:38:27 AM"}
{"level":"info","message":"Start premium_summary","timestamp":"10:38:27 AM"}
{"level":"info","message":"Waiting premium_summary","timestamp":"10:38:27 AM"}
{"level":"info","message":"Finish premium_list_db","timestamp":"10:38:27 AM"}
{"level":"info","message":"Finish premium_summary","timestamp":"10:38:27 AM"}
{"level":"info","message":"Motor premium_list Start","timestamp":"10:38:28 AM"}
{"level":"info","message":"Start premium_list_db_handler","timestamp":"10:38:28 AM"}
{"level":"info","message":"Start premium_list_db_handler","timestamp":"10:38:28 AM"}
{"level":"info","message":"Motor premium_list Finish","timestamp":"10:38:28 AM"}
{"level":"info","message":"Start premium_list_db_handler","timestamp":"10:38:28 AM"}
{"level":"info","message":"Start premium_list_db_handler","timestamp":"10:38:28 AM"}
{"level":"info","message":"Start premium_list_db_handler","timestamp":"10:38:28 AM"}
{"level":"info","message":"Start premium_list_db_handler","timestamp":"10:38:28 AM"}
{"level":"info","message":"Start premium_list_db","timestamp":"10:38:33 AM"}
{"level":"info","message":"Waiting premium_list_db","timestamp":"10:38:33 AM"}
{"level":"info","message":"Start premium_summary","timestamp":"10:38:33 AM"}
{"level":"info","message":"Waiting premium_summary","timestamp":"10:38:33 AM"}
{"level":"info","message":"Finish premium_list_db","timestamp":"10:38:33 AM"}
{"level":"info","message":"Finish premium_summary","timestamp":"10:38:33 AM"}
{"level":"info","message":"Motor premium_list Start","timestamp":"10:38:33 AM"}
{"level":"info","message":"Start premium_list_db_handler","timestamp":"10:38:33 AM"}
{"level":"info","message":"Start premium_list_db_handler","timestamp":"10:38:33 AM"}
{"level":"info","message":"Motor premium_list Finish","timestamp":"10:38:33 AM"}
{"level":"info","message":"Start premium_list_db_handler","timestamp":"10:38:33 AM"}
{"level":"info","message":"Start premium_list_db_handler","timestamp":"10:38:33 AM"}
{"level":"info","message":"Start premium_list_db_handler","timestamp":"10:38:33 AM"}
{"level":"info","message":"Start premium_list_db_handler","timestamp":"10:38:33 AM"}
{"level":"info","message":"Start premium_list_db_handler","timestamp":"10:38:36 AM"}
{"level":"info","message":"Start premium_list_db_handler_version_2","timestamp":"10:38:36 AM"}
{"level":"info","message":"Start premium_list_db_handler","timestamp":"10:38:36 AM"}
{"level":"info","message":"premium_db_list user_data null { n: 1, nModified: 0, ok: 1 }","timestamp":"10:38:36 AM"}
{"level":"info","message":"Start premium_list_db","timestamp":"10:38:37 AM"}
{"level":"info","message":"Waiting premium_list_db","timestamp":"10:38:37 AM"}
{"level":"info","message":"Start premium_summary","timestamp":"10:38:37 AM"}
{"level":"info","message":"Waiting premium_summary","timestamp":"10:38:37 AM"}
{"level":"info","message":"Finish premium_list_db","timestamp":"10:38:37 AM"}
{"level":"info","message":"Finish premium_summary","timestamp":"10:38:37 AM"}
{"level":"info","message":"Start premium_list_db_handler","timestamp":"10:38:37 AM"}
{"level":"info","message":"Start premium_list_db_handler_version_2","timestamp":"10:38:37 AM"}
{"level":"info","message":"Start premium_list_db_handler","timestamp":"10:38:37 AM"}
{"level":"info","message":"Motor premium_list Start","timestamp":"10:38:37 AM"}
{"level":"info","message":"Start premium_list_db_handler","timestamp":"10:38:37 AM"}
{"level":"info","message":"Start premium_list_db_handler","timestamp":"10:38:37 AM"}
{"level":"info","message":"Motor premium_list Finish","timestamp":"10:38:37 AM"}
{"level":"info","message":"Start premium_list_db_handler","timestamp":"10:38:37 AM"}
{"level":"info","message":"Start premium_list_db_handler","timestamp":"10:38:37 AM"}
{"level":"info","message":"Start premium_list_db_handler","timestamp":"10:38:37 AM"}
{"level":"info","message":"Start premium_list_db_handler","timestamp":"10:38:37 AM"}
{"level":"info","message":"Start premium_list_db_handler","timestamp":"10:38:38 AM"}
{"level":"info","message":"Start premium_list_db_handler_version_2","timestamp":"10:38:38 AM"}
{"level":"info","message":"Start premium_list_db_handler","timestamp":"10:38:38 AM"}
{"level":"info","message":"premium_db_list user_data null { n: 1, nModified: 0, ok: 1 }","timestamp":"10:38:38 AM"}
{"level":"info","message":"premium_db_list user_data null { n: 1, nModified: 0, ok: 1 }","timestamp":"10:38:39 AM"}
{"level":"info","message":"Start premium_list_db_handler","timestamp":"10:38:40 AM"}
{"level":"info","message":"Start premium_list_db_handler_version_2","timestamp":"10:38:40 AM"}
{"level":"info","message":"Start premium_list_db_handler","timestamp":"10:38:40 AM"}
{"level":"info","message":"premium_db_list user_data null { n: 1, nModified: 0, ok: 1 }","timestamp":"10:38:40 AM"}
{"level":"info","message":"Start premium_list_db_handler","timestamp":"10:38:42 AM"}
{"level":"info","message":"Start premium_list_db_handler_version_2","timestamp":"10:38:42 AM"}
{"level":"info","message":"Start premium_list_db_handler","timestamp":"10:38:42 AM"}
{"level":"info","message":"premium_db_list user_data null { n: 1, nModified: 0, ok: 1 }","timestamp":"10:38:44 AM"}
{"level":"info","message":"Start premium_list_db","timestamp":"10:38:52 AM"}
{"level":"info","message":"Waiting premium_list_db","timestamp":"10:38:52 AM"}
{"level":"info","message":"Start premium_summary","timestamp":"10:38:52 AM"}
{"level":"info","message":"Waiting premium_summary","timestamp":"10:38:52 AM"}
{"level":"info","message":"Finish premium_list_db","timestamp":"10:38:52 AM"}
{"level":"info","message":"Finish premium_summary","timestamp":"10:38:52 AM"}
{"level":"info","message":"Motor premium_list Start","timestamp":"10:38:52 AM"}
{"level":"info","message":"Start premium_list_db_handler","timestamp":"10:38:52 AM"}
{"level":"info","message":"Start premium_list_db_handler","timestamp":"10:38:52 AM"}
{"level":"info","message":"Motor premium_list Finish","timestamp":"10:38:52 AM"}
{"level":"info","message":"Start premium_list_db_handler","timestamp":"10:38:52 AM"}
{"level":"info","message":"Start premium_list_db_handler","timestamp":"10:38:52 AM"}
{"level":"info","message":"Start premium_list_db_handler","timestamp":"10:38:53 AM"}
{"level":"info","message":"Start premium_list_db_handler","timestamp":"10:38:53 AM"}
{"level":"info","message":"Start premium_list_db","timestamp":"10:38:59 AM"}
{"level":"info","message":"Waiting premium_list_db","timestamp":"10:38:59 AM"}
{"level":"info","message":"Finish premium_list_db","timestamp":"10:38:59 AM"}
{"level":"info","message":"Start premium_summary","timestamp":"10:38:59 AM"}
{"level":"info","message":"Waiting premium_summary","timestamp":"10:38:59 AM"}
{"level":"info","message":"Finish premium_summary","timestamp":"10:38:59 AM"}
{"level":"info","message":"Motor premium_list Start","timestamp":"10:38:59 AM"}
{"level":"info","message":"Start premium_list_db_handler","timestamp":"10:38:59 AM"}
{"level":"info","message":"Start premium_list_db_handler","timestamp":"10:38:59 AM"}
{"level":"info","message":"Motor premium_list Finish","timestamp":"10:38:59 AM"}
{"level":"info","message":"Start premium_list_db_handler","timestamp":"10:38:59 AM"}
{"level":"info","message":"Start premium_list_db_handler","timestamp":"10:38:59 AM"}
{"level":"info","message":"Start premium_list_db_handler","timestamp":"10:38:59 AM"}
{"level":"info","message":"Start premium_list_db_handler","timestamp":"10:38:59 AM"}
{"level":"info","message":"Start premium_list_db_handler","timestamp":"10:39:01 AM"}
{"level":"info","message":"Start premium_list_db_handler_version_2","timestamp":"10:39:01 AM"}
{"level":"info","message":"Start premium_list_db_handler","timestamp":"10:39:01 AM"}
{"level":"info","message":"premium_db_list user_data null { n: 1, nModified: 0, ok: 1 }","timestamp":"10:39:01 AM"}
{"level":"info","message":"Start premium_list_db_handler","timestamp":"10:39:03 AM"}
{"level":"info","message":"Start premium_list_db_handler_version_2","timestamp":"10:39:03 AM"}
{"level":"info","message":"Start premium_list_db_handler","timestamp":"10:39:03 AM"}
{"level":"info","message":"premium_db_list user_data null { n: 1, nModified: 0, ok: 1 }","timestamp":"10:39:03 AM"}
{"level":"info","message":"Start premium_list_db","timestamp":"10:39:18 AM"}
{"level":"info","message":"Waiting premium_list_db","timestamp":"10:39:18 AM"}
{"level":"info","message":"Start premium_summary","timestamp":"10:39:18 AM"}
{"level":"info","message":"Waiting premium_summary","timestamp":"10:39:18 AM"}
{"level":"info","message":"Finish premium_list_db","timestamp":"10:39:18 AM"}
{"level":"info","message":"Finish premium_summary","timestamp":"10:39:18 AM"}
{"level":"info","message":"Motor premium_list Start","timestamp":"10:39:18 AM"}
{"level":"info","message":"Start premium_list_db_handler","timestamp":"10:39:18 AM"}
{"level":"info","message":"Start premium_list_db_handler","timestamp":"10:39:18 AM"}
{"level":"info","message":"Motor premium_list Finish","timestamp":"10:39:18 AM"}
{"level":"info","message":"Start premium_list_db_handler","timestamp":"10:39:18 AM"}
{"level":"info","message":"Start premium_list_db_handler","timestamp":"10:39:18 AM"}
{"level":"info","message":"Start premium_list_db_handler","timestamp":"10:39:19 AM"}
{"level":"info","message":"Start premium_list_db_handler","timestamp":"10:39:19 AM"}
{"level":"info","message":"Start premium_list_db_handler","timestamp":"10:39:24 AM"}
{"level":"info","message":"Start premium_list_db_handler_version_2","timestamp":"10:39:24 AM"}
{"level":"info","message":"Start premium_list_db_handler","timestamp":"10:39:24 AM"}
{"level":"info","message":"Start premium_list_db","timestamp":"10:39:24 AM"}
{"level":"info","message":"Waiting premium_list_db","timestamp":"10:39:24 AM"}
{"level":"info","message":"Start premium_summary","timestamp":"10:39:24 AM"}
{"level":"info","message":"Waiting premium_summary","timestamp":"10:39:24 AM"}
{"level":"info","message":"Finish premium_list_db","timestamp":"10:39:24 AM"}
{"level":"info","message":"Finish premium_summary","timestamp":"10:39:24 AM"}
{"level":"info","message":"Motor premium_list Start","timestamp":"10:39:25 AM"}
{"level":"info","message":"Start premium_list_db_handler","timestamp":"10:39:25 AM"}
{"level":"info","message":"Start premium_list_db_handler","timestamp":"10:39:25 AM"}
{"level":"info","message":"Motor premium_list Finish","timestamp":"10:39:25 AM"}
{"level":"info","message":"Start premium_list_db_handler","timestamp":"10:39:25 AM"}
{"level":"info","message":"Start premium_list_db_handler","timestamp":"10:39:25 AM"}
{"level":"info","message":"Start premium_list_db_handler","timestamp":"10:39:25 AM"}
{"level":"info","message":"Start premium_list_db_handler","timestamp":"10:39:25 AM"}
{"level":"info","message":"premium_db_list user_data null { n: 1, nModified: 0, ok: 1 }","timestamp":"10:39:25 AM"}
{"level":"info","message":"Start premium_list_db","timestamp":"10:39:28 AM"}
{"level":"info","message":"Waiting premium_list_db","timestamp":"10:39:28 AM"}
{"level":"info","message":"Start premium_summary","timestamp":"10:39:28 AM"}
{"level":"info","message":"Waiting premium_summary","timestamp":"10:39:28 AM"}
{"level":"info","message":"Finish premium_list_db","timestamp":"10:39:28 AM"}
{"level":"info","message":"Finish premium_summary","timestamp":"10:39:28 AM"}
{"level":"info","message":"Start premium_list_db_handler","timestamp":"10:39:28 AM"}
{"level":"info","message":"Start premium_list_db_handler_version_2","timestamp":"10:39:28 AM"}
{"level":"info","message":"Start premium_list_db_handler","timestamp":"10:39:28 AM"}
{"level":"info","message":"Motor premium_list Start","timestamp":"10:39:28 AM"}
{"level":"info","message":"Start premium_list_db_handler","timestamp":"10:39:28 AM"}
{"level":"info","message":"Start premium_list_db_handler","timestamp":"10:39:28 AM"}
{"level":"info","message":"Motor premium_list Finish","timestamp":"10:39:28 AM"}
{"level":"info","message":"Start premium_list_db_handler","timestamp":"10:39:28 AM"}
{"level":"info","message":"Start premium_list_db_handler","timestamp":"10:39:28 AM"}
{"level":"info","message":"Start premium_list_db_handler","timestamp":"10:39:29 AM"}
{"level":"info","message":"Start premium_list_db_handler","timestamp":"10:39:29 AM"}
{"level":"info","message":"premium_db_list user_data null { n: 1, nModified: 0, ok: 1 }","timestamp":"10:39:29 AM"}
{"level":"info","message":"Start premium_list_db_handler","timestamp":"10:39:32 AM"}
{"level":"info","message":"Start premium_list_db_handler_version_2","timestamp":"10:39:32 AM"}
{"level":"info","message":"Start premium_list_db_handler","timestamp":"10:39:32 AM"}
{"level":"info","message":"premium_db_list user_data null { n: 1, nModified: 0, ok: 1 }","timestamp":"10:39:32 AM"}
{"level":"info","message":"Start premium_list_db","timestamp":"10:39:32 AM"}
{"level":"info","message":"Waiting premium_list_db","timestamp":"10:39:32 AM"}
{"level":"info","message":"Start premium_summary","timestamp":"10:39:32 AM"}
{"level":"info","message":"Waiting premium_summary","timestamp":"10:39:32 AM"}
{"level":"info","message":"Finish premium_list_db","timestamp":"10:39:32 AM"}
{"level":"info","message":"Finish premium_summary","timestamp":"10:39:32 AM"}
{"level":"info","message":"Motor premium_list Start","timestamp":"10:39:32 AM"}
{"level":"info","message":"Start premium_list_db_handler","timestamp":"10:39:32 AM"}
{"level":"info","message":"Start premium_list_db_handler","timestamp":"10:39:32 AM"}
{"level":"info","message":"Motor premium_list Finish","timestamp":"10:39:32 AM"}
{"level":"info","message":"Start premium_list_db_handler","timestamp":"10:39:32 AM"}
{"level":"info","message":"Start premium_list_db_handler","timestamp":"10:39:32 AM"}
{"level":"info","message":"Start premium_list_db_handler","timestamp":"10:39:32 AM"}
{"level":"info","message":"Start premium_list_db_handler","timestamp":"10:39:32 AM"}
{"level":"info","message":"Start premium_list_db_handler","timestamp":"10:39:36 AM"}
{"level":"info","message":"Start premium_list_db_handler_version_2","timestamp":"10:39:36 AM"}
{"level":"info","message":"Start premium_list_db_handler","timestamp":"10:39:36 AM"}
{"level":"info","message":"premium_db_list user_data null { n: 1, nModified: 0, ok: 1 }","timestamp":"10:39:36 AM"}
{"level":"info","message":"Start premium_list_db","timestamp":"10:39:36 AM"}
{"level":"info","message":"Waiting premium_list_db","timestamp":"10:39:36 AM"}
{"level":"info","message":"Start premium_summary","timestamp":"10:39:36 AM"}
{"level":"info","message":"Waiting premium_summary","timestamp":"10:39:36 AM"}
{"level":"info","message":"Finish premium_list_db","timestamp":"10:39:36 AM"}
{"level":"info","message":"Finish premium_summary","timestamp":"10:39:36 AM"}
{"level":"info","message":"Motor premium_list Start","timestamp":"10:39:36 AM"}
{"level":"info","message":"Start premium_list_db_handler","timestamp":"10:39:37 AM"}
{"level":"info","message":"Start premium_list_db_handler","timestamp":"10:39:37 AM"}
{"level":"info","message":"Motor premium_list Finish","timestamp":"10:39:37 AM"}
{"level":"info","message":"Start premium_list_db_handler","timestamp":"10:39:37 AM"}
{"level":"info","message":"Start premium_list_db_handler","timestamp":"10:39:37 AM"}
{"level":"info","message":"Start premium_list_db_handler","timestamp":"10:39:37 AM"}
{"level":"info","message":"Start premium_list_db_handler","timestamp":"10:39:37 AM"}
{"level":"info","message":"Start premium_list_db_handler","timestamp":"10:39:39 AM"}
{"level":"info","message":"Start premium_list_db_handler_version_2","timestamp":"10:39:39 AM"}
{"level":"info","message":"Start premium_list_db_handler","timestamp":"10:39:39 AM"}
{"level":"info","message":"premium_db_list user_data null { n: 1, nModified: 0, ok: 1 }","timestamp":"10:39:40 AM"}
{"level":"info","message":"Start premium_list_db","timestamp":"10:39:54 AM"}
{"level":"info","message":"Waiting premium_list_db","timestamp":"10:39:54 AM"}
{"level":"info","message":"Finish premium_list_db","timestamp":"10:39:54 AM"}
{"level":"info","message":"Start premium_summary","timestamp":"10:39:54 AM"}
{"level":"info","message":"Waiting premium_summary","timestamp":"10:39:54 AM"}
{"level":"info","message":"Finish premium_summary","timestamp":"10:39:54 AM"}
{"level":"info","message":"Motor premium_list Start","timestamp":"10:39:54 AM"}
{"level":"info","message":"Start premium_list_db_handler","timestamp":"10:39:54 AM"}
{"level":"info","message":"Start premium_list_db_handler","timestamp":"10:39:54 AM"}
{"level":"info","message":"Motor premium_list Finish","timestamp":"10:39:54 AM"}
{"level":"info","message":"Start premium_list_db_handler","timestamp":"10:39:54 AM"}
{"level":"info","message":"Start premium_list_db_handler","timestamp":"10:39:54 AM"}
{"level":"info","message":"Start premium_list_db_handler","timestamp":"10:39:54 AM"}
{"level":"info","message":"Start premium_list_db_handler","timestamp":"10:39:54 AM"}
{"level":"info","message":"Start premium_list_db_handler","timestamp":"10:39:59 AM"}
{"level":"info","message":"Start premium_list_db_handler_version_2","timestamp":"10:39:59 AM"}
{"level":"info","message":"Start premium_list_db_handler","timestamp":"10:39:59 AM"}
{"level":"info","message":"premium_db_list user_data null { n: 1, nModified: 0, ok: 1 }","timestamp":"10:39:59 AM"}
{"level":"info","message":"Start premium_summary","timestamp":"10:41:54 AM"}
{"level":"info","message":"Waiting premium_summary","timestamp":"10:41:54 AM"}
{"level":"info","message":"Finish premium_summary","timestamp":"10:41:54 AM"}
{"level":"info","message":"Start premium_summary","timestamp":"10:43:54 AM"}
{"level":"info","message":"Waiting premium_summary","timestamp":"10:43:54 AM"}
{"level":"info","message":"Finish premium_summary","timestamp":"10:43:54 AM"}
{"level":"info","message":"Start premium_list_db","timestamp":"10:45:40 AM"}
{"level":"info","message":"Waiting premium_list_db","timestamp":"10:45:40 AM"}
{"level":"info","message":"Start premium_summary","timestamp":"10:45:40 AM"}
{"level":"info","message":"Waiting premium_summary","timestamp":"10:45:40 AM"}
{"level":"info","message":"Finish premium_list_db","timestamp":"10:45:40 AM"}
{"level":"info","message":"Finish premium_summary","timestamp":"10:45:40 AM"}
{"level":"info","message":"Motor premium_list Start","timestamp":"10:45:40 AM"}
{"level":"info","message":"Start premium_list_db_handler","timestamp":"10:45:40 AM"}
{"level":"info","message":"Start premium_list_db_handler","timestamp":"10:45:40 AM"}
{"level":"info","message":"Motor premium_list Finish","timestamp":"10:45:40 AM"}
{"level":"info","message":"Start premium_list_db_handler","timestamp":"10:45:40 AM"}
{"level":"info","message":"Start premium_list_db_handler","timestamp":"10:45:40 AM"}
{"level":"info","message":"Start premium_list_db_handler","timestamp":"10:45:40 AM"}
{"level":"info","message":"Start premium_list_db_handler","timestamp":"10:45:40 AM"}
{"level":"info","message":"Start premium_list_db","timestamp":"10:45:44 AM"}
{"level":"info","message":"Waiting premium_list_db","timestamp":"10:45:44 AM"}
{"level":"info","message":"Start premium_summary","timestamp":"10:45:44 AM"}
{"level":"info","message":"Waiting premium_summary","timestamp":"10:45:44 AM"}
{"level":"info","message":"Finish premium_list_db","timestamp":"10:45:44 AM"}
{"level":"info","message":"Finish premium_summary","timestamp":"10:45:44 AM"}
{"level":"info","message":"Motor premium_list Start","timestamp":"10:45:44 AM"}
{"level":"info","message":"Start premium_list_db_handler","timestamp":"10:45:44 AM"}
{"level":"info","message":"Start premium_list_db_handler","timestamp":"10:45:44 AM"}
{"level":"info","message":"Motor premium_list Finish","timestamp":"10:45:44 AM"}
{"level":"info","message":"Start premium_list_db_handler","timestamp":"10:45:44 AM"}
{"level":"info","message":"Start premium_list_db_handler","timestamp":"10:45:44 AM"}
{"level":"info","message":"Start premium_list_db_handler","timestamp":"10:45:44 AM"}
{"level":"info","message":"Start premium_list_db_handler","timestamp":"10:45:44 AM"}
{"level":"info","message":"Start premium_list_db","timestamp":"10:45:53 AM"}
{"level":"info","message":"Waiting premium_list_db","timestamp":"10:45:53 AM"}
{"level":"info","message":"Start premium_summary","timestamp":"10:45:53 AM"}
{"level":"info","message":"Waiting premium_summary","timestamp":"10:45:53 AM"}
{"level":"info","message":"Finish premium_list_db","timestamp":"10:45:53 AM"}
{"level":"info","message":"Finish premium_summary","timestamp":"10:45:53 AM"}
{"level":"info","message":"Motor premium_list Start","timestamp":"10:45:53 AM"}
{"level":"info","message":"Start premium_list_db_handler","timestamp":"10:45:53 AM"}
{"level":"info","message":"Start premium_list_db_handler","timestamp":"10:45:53 AM"}
{"level":"info","message":"Motor premium_list Finish","timestamp":"10:45:53 AM"}
{"level":"info","message":"Start premium_list_db_handler","timestamp":"10:45:54 AM"}
{"level":"info","message":"Start premium_list_db_handler","timestamp":"10:45:54 AM"}
{"level":"info","message":"Start premium_list_db_handler","timestamp":"10:45:54 AM"}
{"level":"info","message":"Start premium_list_db_handler_version_2","timestamp":"10:45:54 AM"}
{"level":"info","message":"Start premium_list_db_handler","timestamp":"10:45:54 AM"}
{"level":"info","message":"premium_db_list user_data null { n: 1, nModified: 0, ok: 1 }","timestamp":"10:45:54 AM"}
{"level":"info","message":"Start premium_list_db_handler","timestamp":"10:45:55 AM"}
{"level":"info","message":"Start premium_list_db_handler","timestamp":"10:45:55 AM"}
{"level":"info","message":"Start premium_list_db_handler","timestamp":"10:45:56 AM"}
{"level":"info","message":"Start premium_list_db_handler_version_2","timestamp":"10:45:56 AM"}
{"level":"info","message":"Start premium_list_db_handler","timestamp":"10:45:56 AM"}
{"level":"info","message":"premium_db_list user_data null { n: 1, nModified: 0, ok: 1 }","timestamp":"10:45:56 AM"}
{"level":"info","message":"Start premium_list_db","timestamp":"10:46:05 AM"}
{"level":"info","message":"Waiting premium_list_db","timestamp":"10:46:05 AM"}
{"level":"info","message":"Start premium_summary","timestamp":"10:46:05 AM"}
{"level":"info","message":"Waiting premium_summary","timestamp":"10:46:05 AM"}
{"level":"info","message":"Finish premium_list_db","timestamp":"10:46:05 AM"}
{"level":"info","message":"Finish premium_summary","timestamp":"10:46:05 AM"}
{"level":"info","message":"Start premium_list_db_handler","timestamp":"10:46:05 AM"}
{"level":"info","message":"Start premium_list_db_handler_version_2","timestamp":"10:46:05 AM"}
{"level":"info","message":"Start premium_list_db_handler","timestamp":"10:46:05 AM"}
{"level":"info","message":"premium_db_list user_data null { n: 1, nModified: 0, ok: 1 }","timestamp":"10:46:05 AM"}
{"level":"info","message":"Motor premium_list Start","timestamp":"10:46:05 AM"}
{"level":"info","message":"Start premium_list_db_handler","timestamp":"10:46:05 AM"}
{"level":"info","message":"Start premium_list_db_handler","timestamp":"10:46:05 AM"}
{"level":"info","message":"Motor premium_list Finish","timestamp":"10:46:05 AM"}
{"level":"info","message":"Start premium_list_db_handler","timestamp":"10:46:05 AM"}
{"level":"info","message":"Start premium_list_db_handler","timestamp":"10:46:05 AM"}
{"level":"info","message":"Start premium_list_db_handler","timestamp":"10:46:05 AM"}
{"level":"info","message":"Start premium_list_db_handler","timestamp":"10:46:05 AM"}
{"level":"info","message":"Start premium_list_db","timestamp":"10:46:08 AM"}
{"level":"info","message":"Waiting premium_list_db","timestamp":"10:46:08 AM"}
{"level":"info","message":"Finish premium_list_db","timestamp":"10:46:08 AM"}
{"level":"info","message":"Start premium_summary","timestamp":"10:46:08 AM"}
{"level":"info","message":"Waiting premium_summary","timestamp":"10:46:08 AM"}
{"level":"info","message":"Finish premium_summary","timestamp":"10:46:08 AM"}
{"level":"info","message":"Motor premium_list Start","timestamp":"10:46:09 AM"}
{"level":"info","message":"Start premium_list_db_handler","timestamp":"10:46:09 AM"}
{"level":"info","message":"Start premium_list_db_handler","timestamp":"10:46:09 AM"}
{"level":"info","message":"Motor premium_list Finish","timestamp":"10:46:09 AM"}
{"level":"info","message":"Start premium_list_db_handler","timestamp":"10:46:09 AM"}
{"level":"info","message":"Start premium_list_db_handler","timestamp":"10:46:09 AM"}
{"level":"info","message":"Start premium_list_db_handler","timestamp":"10:46:09 AM"}
{"level":"info","message":"Start premium_list_db_handler","timestamp":"10:46:09 AM"}
{"level":"info","message":"Start premium_list_db_handler","timestamp":"10:46:11 AM"}
{"level":"info","message":"Start premium_list_db_handler_version_2","timestamp":"10:46:11 AM"}
{"level":"info","message":"Start premium_list_db_handler","timestamp":"10:46:11 AM"}
{"level":"info","message":"premium_db_list user_data null { n: 1, nModified: 0, ok: 1 }","timestamp":"10:46:11 AM"}
{"level":"info","message":"Start premium_list_db_handler","timestamp":"10:46:11 AM"}
{"level":"info","message":"Start premium_list_db_handler_version_2","timestamp":"10:46:11 AM"}
{"level":"info","message":"Start premium_list_db_handler","timestamp":"10:46:11 AM"}
{"level":"info","message":"premium_db_list user_data null { n: 1, nModified: 0, ok: 1 }","timestamp":"10:46:13 AM"}
{"level":"info","message":"Start premium_list_db","timestamp":"10:46:22 AM"}
{"level":"info","message":"Waiting premium_list_db","timestamp":"10:46:22 AM"}
{"level":"info","message":"Start premium_summary","timestamp":"10:46:22 AM"}
{"level":"info","message":"Waiting premium_summary","timestamp":"10:46:22 AM"}
{"level":"info","message":"Finish premium_list_db","timestamp":"10:46:22 AM"}
{"level":"info","message":"Finish premium_summary","timestamp":"10:46:22 AM"}
{"level":"info","message":"Motor premium_list Start","timestamp":"10:46:22 AM"}
{"level":"info","message":"Start premium_list_db_handler","timestamp":"10:46:22 AM"}
{"level":"info","message":"Start premium_list_db_handler","timestamp":"10:46:22 AM"}
{"level":"info","message":"Motor premium_list Finish","timestamp":"10:46:22 AM"}
{"level":"info","message":"Start premium_list_db_handler","timestamp":"10:46:22 AM"}
{"level":"info","message":"Start premium_list_db_handler","timestamp":"10:46:22 AM"}
{"level":"info","message":"Start premium_list_db_handler","timestamp":"10:46:22 AM"}
{"level":"info","message":"Start premium_list_db_handler","timestamp":"10:46:22 AM"}
{"level":"info","message":"Start premium_list_db_handler","timestamp":"10:46:28 AM"}
{"level":"info","message":"Start premium_list_db_handler_version_2","timestamp":"10:46:28 AM"}
{"level":"info","message":"Start premium_list_db_handler","timestamp":"10:46:28 AM"}
{"level":"info","message":"premium_db_list user_data null { n: 1, nModified: 0, ok: 1 }","timestamp":"10:46:28 AM"}
{"level":"info","message":"Start premium_list_db","timestamp":"10:46:48 AM"}
{"level":"info","message":"Waiting premium_list_db","timestamp":"10:46:48 AM"}
{"level":"info","message":"Start premium_summary","timestamp":"10:46:48 AM"}
{"level":"info","message":"Waiting premium_summary","timestamp":"10:46:48 AM"}
{"level":"info","message":"Finish premium_list_db","timestamp":"10:46:48 AM"}
{"level":"info","message":"Finish premium_summary","timestamp":"10:46:48 AM"}
{"level":"info","message":"Motor premium_list Start","timestamp":"10:46:48 AM"}
{"level":"info","message":"Start premium_list_db_handler","timestamp":"10:46:48 AM"}
{"level":"info","message":"Start premium_list_db_handler","timestamp":"10:46:48 AM"}
{"level":"info","message":"Motor premium_list Finish","timestamp":"10:46:48 AM"}
{"level":"info","message":"Start premium_list_db_handler","timestamp":"10:46:48 AM"}
{"level":"info","message":"Start premium_list_db_handler","timestamp":"10:46:48 AM"}
{"level":"info","message":"Start premium_list_db_handler","timestamp":"10:46:48 AM"}
{"level":"info","message":"Start premium_list_db_handler","timestamp":"10:46:48 AM"}
{"level":"info","message":"Start premium_list_db","timestamp":"10:46:53 AM"}
{"level":"info","message":"Waiting premium_list_db","timestamp":"10:46:53 AM"}
{"level":"info","message":"Start premium_summary","timestamp":"10:46:53 AM"}
{"level":"info","message":"Waiting premium_summary","timestamp":"10:46:53 AM"}
{"level":"info","message":"Finish premium_list_db","timestamp":"10:46:53 AM"}
{"level":"info","message":"Finish premium_summary","timestamp":"10:46:53 AM"}
{"level":"info","message":"Start premium_list_db_handler","timestamp":"10:46:53 AM"}
{"level":"info","message":"Start premium_list_db_handler_version_2","timestamp":"10:46:53 AM"}
{"level":"info","message":"Start premium_list_db_handler","timestamp":"10:46:53 AM"}
{"level":"info","message":"premium_db_list user_data null { n: 1, nModified: 0, ok: 1 }","timestamp":"10:46:53 AM"}
{"level":"info","message":"Motor premium_list Start","timestamp":"10:46:53 AM"}
{"level":"info","message":"Start premium_list_db_handler","timestamp":"10:46:53 AM"}
{"level":"info","message":"Start premium_list_db_handler","timestamp":"10:46:53 AM"}
{"level":"info","message":"Motor premium_list Finish","timestamp":"10:46:53 AM"}
{"level":"info","message":"Start premium_list_db_handler","timestamp":"10:46:53 AM"}
{"level":"info","message":"Start premium_list_db_handler","timestamp":"10:46:53 AM"}
{"level":"info","message":"Start premium_list_db_handler","timestamp":"10:46:53 AM"}
{"level":"info","message":"Start premium_list_db_handler","timestamp":"10:46:53 AM"}
{"level":"info","message":"Start premium_list_db_handler","timestamp":"10:46:57 AM"}
{"level":"info","message":"Start premium_list_db_handler_version_2","timestamp":"10:46:57 AM"}
{"level":"info","message":"Start premium_list_db_handler","timestamp":"10:46:57 AM"}
{"level":"info","message":"premium_db_list user_data null { n: 1, nModified: 0, ok: 1 }","timestamp":"10:46:57 AM"}
{"level":"info","message":"Start premium_list_db","timestamp":"10:47:12 AM"}
{"level":"info","message":"Waiting premium_list_db","timestamp":"10:47:12 AM"}
{"level":"info","message":"Start premium_summary","timestamp":"10:47:12 AM"}
{"level":"info","message":"Waiting premium_summary","timestamp":"10:47:12 AM"}
{"level":"info","message":"Finish premium_list_db","timestamp":"10:47:12 AM"}
{"level":"info","message":"Finish premium_summary","timestamp":"10:47:12 AM"}
{"level":"info","message":"Motor premium_list Start","timestamp":"10:47:12 AM"}
{"level":"info","message":"Start premium_list_db_handler","timestamp":"10:47:12 AM"}
{"level":"info","message":"Start premium_list_db_handler","timestamp":"10:47:12 AM"}
{"level":"info","message":"Motor premium_list Finish","timestamp":"10:47:12 AM"}
{"level":"info","message":"Start premium_list_db_handler","timestamp":"10:47:12 AM"}
{"level":"info","message":"Start premium_list_db_handler","timestamp":"10:47:12 AM"}
{"level":"info","message":"Start premium_list_db_handler","timestamp":"10:47:12 AM"}
{"level":"info","message":"Start premium_list_db_handler","timestamp":"10:47:12 AM"}
{"level":"info","message":"Start premium_list_db_handler","timestamp":"10:47:19 AM"}
{"level":"info","message":"Start premium_list_db_handler_version_2","timestamp":"10:47:19 AM"}
{"level":"info","message":"Start premium_list_db_handler","timestamp":"10:47:19 AM"}
{"level":"info","message":"premium_db_list user_data null { n: 1, nModified: 0, ok: 1 }","timestamp":"10:47:19 AM"}
{"level":"info","message":"Start premium_summary","timestamp":"10:49:12 AM"}
{"level":"info","message":"Waiting premium_summary","timestamp":"10:49:12 AM"}
{"level":"info","message":"Finish premium_summary","timestamp":"10:49:12 AM"}
{"level":"info","message":"Start premium_list_db","timestamp":"10:49:26 AM"}
{"level":"info","message":"Waiting premium_list_db","timestamp":"10:49:26 AM"}
{"level":"info","message":"Start premium_summary","timestamp":"10:49:26 AM"}
{"level":"info","message":"Waiting premium_summary","timestamp":"10:49:26 AM"}
{"level":"info","message":"Finish premium_list_db","timestamp":"10:49:26 AM"}
{"level":"info","message":"Finish premium_summary","timestamp":"10:49:26 AM"}
{"level":"info","message":"Motor premium_list Start","timestamp":"10:49:26 AM"}
{"level":"info","message":"Start premium_list_db_handler","timestamp":"10:49:26 AM"}
{"level":"info","message":"Start premium_list_db_handler","timestamp":"10:49:26 AM"}
{"level":"info","message":"Motor premium_list Finish","timestamp":"10:49:26 AM"}
{"level":"info","message":"Start premium_list_db_handler","timestamp":"10:49:26 AM"}
{"level":"info","message":"Start premium_list_db_handler","timestamp":"10:49:26 AM"}
{"level":"info","message":"Start premium_list_db_handler","timestamp":"10:49:26 AM"}
{"level":"info","message":"Start premium_list_db_handler","timestamp":"10:49:26 AM"}
{"level":"info","message":"Start premium_list_db","timestamp":"10:49:35 AM"}
{"level":"info","message":"Waiting premium_list_db","timestamp":"10:49:35 AM"}
{"level":"info","message":"Start premium_summary","timestamp":"10:49:35 AM"}
{"level":"info","message":"Waiting premium_summary","timestamp":"10:49:35 AM"}
{"level":"info","message":"Finish premium_list_db","timestamp":"10:49:35 AM"}
{"level":"info","message":"Finish premium_summary","timestamp":"10:49:35 AM"}
{"level":"info","message":"Motor premium_list Start","timestamp":"10:49:36 AM"}
{"level":"info","message":"Start premium_list_db_handler","timestamp":"10:49:36 AM"}
{"level":"info","message":"Start premium_list_db_handler","timestamp":"10:49:36 AM"}
{"level":"info","message":"Motor premium_list Finish","timestamp":"10:49:36 AM"}
{"level":"info","message":"Start premium_list_db_handler","timestamp":"10:49:36 AM"}
{"level":"info","message":"Start premium_list_db_handler","timestamp":"10:49:36 AM"}
{"level":"info","message":"Start premium_list_db_handler","timestamp":"10:49:36 AM"}
{"level":"info","message":"Start premium_list_db_handler","timestamp":"10:49:36 AM"}
{"level":"info","message":"Start premium_list_db_handler","timestamp":"10:49:40 AM"}
{"level":"info","message":"Start premium_list_db_handler_version_2","timestamp":"10:49:40 AM"}
{"level":"info","message":"Start premium_list_db_handler","timestamp":"10:49:40 AM"}
{"level":"info","message":"Start premium_list_db_handler","timestamp":"10:49:41 AM"}
{"level":"info","message":"Start premium_list_db_handler_version_2","timestamp":"10:49:41 AM"}
{"level":"info","message":"Start premium_list_db_handler","timestamp":"10:49:41 AM"}
{"level":"info","message":"premium_db_list user_data null { n: 1, nModified: 0, ok: 1 }","timestamp":"10:49:41 AM"}
{"level":"info","message":"premium_db_list user_data null { n: 1, nModified: 0, ok: 1 }","timestamp":"10:49:41 AM"}
{"level":"info","message":"Start premium_list_db","timestamp":"10:49:53 AM"}
{"level":"info","message":"Waiting premium_list_db","timestamp":"10:49:53 AM"}
{"level":"info","message":"Start premium_summary","timestamp":"10:49:53 AM"}
{"level":"info","message":"Waiting premium_summary","timestamp":"10:49:53 AM"}
{"level":"info","message":"Finish premium_list_db","timestamp":"10:49:53 AM"}
{"level":"info","message":"Finish premium_summary","timestamp":"10:49:53 AM"}
{"level":"info","message":"Motor premium_list Start","timestamp":"10:49:54 AM"}
{"level":"info","message":"Start premium_list_db_handler","timestamp":"10:49:54 AM"}
{"level":"info","message":"Start premium_list_db_handler","timestamp":"10:49:54 AM"}
{"level":"info","message":"Motor premium_list Finish","timestamp":"10:49:54 AM"}
{"level":"info","message":"Start premium_list_db_handler","timestamp":"10:49:54 AM"}
{"level":"info","message":"Start premium_list_db_handler","timestamp":"10:49:54 AM"}
{"level":"info","message":"Start premium_list_db_handler","timestamp":"10:49:54 AM"}
{"level":"info","message":"Start premium_list_db_handler","timestamp":"10:49:54 AM"}
{"level":"info","message":"Start premium_list_db_handler","timestamp":"10:50:00 AM"}
{"level":"info","message":"Start premium_list_db_handler_version_2","timestamp":"10:50:00 AM"}
{"level":"info","message":"Start premium_list_db_handler","timestamp":"10:50:00 AM"}
{"level":"info","message":"premium_db_list user_data null { n: 1, nModified: 0, ok: 1 }","timestamp":"10:50:01 AM"}
{"level":"info","message":"Start premium_summary","timestamp":"10:51:53 AM"}
{"level":"info","message":"Waiting premium_summary","timestamp":"10:51:53 AM"}
{"level":"info","message":"Finish premium_summary","timestamp":"10:51:53 AM"}
{"level":"info","message":"$$$$$$$$$$$$$$$$$$$$$$$$","timestamp":"6:06:19 PM"}
{"meta":"","level":"info","message":"","timestamp":"6:06:19 PM"}
{"level":"info","message":"Development Environment is Listening on port 3000","timestamp":"6:06:19 PM"}
{"level":"info","message":"Web URL : http://localhost:3000","timestamp":"6:06:19 PM"}
{"meta":"","level":"info","message":"","timestamp":"6:06:19 PM"}
{"level":"info","message":"$$$$$$$$$$$$$$$$$$$$$$$$","timestamp":"6:06:19 PM"}
{"meta":"","level":"info","message":"","timestamp":"6:06:19 PM"}
