{"level":"error","message":"LOG REFERER YTD http://localhost:4201/ ::1 string","timestamp":"10:20:43 AM"}
{"level":"error","message":"LOG REFERER YTD http://localhost:4201/ ::1 string","timestamp":"10:20:44 AM"}
{"level":"error","message":"LOG REFERER YTD http://localhost:4201/ ::1 string","timestamp":"10:20:45 AM"}
{"level":"error","message":"LOG REFERER YTD http://localhost:4201/ ::1 string","timestamp":"10:20:45 AM"}
{"level":"error","message":"LOG REFERER YTD http://localhost:4201/ ::1 string","timestamp":"10:20:46 AM"}
{"level":"error","message":"LOG REFERER YTD http://localhost:4201/ ::1 string","timestamp":"10:20:46 AM"}
{"level":"error","message":"LOG REFERER YTD http://localhost:4201/ ::1 string","timestamp":"10:20:46 AM"}
{"level":"error","message":"LOG REFERER YTD http://localhost:4201/ ::1 string","timestamp":"10:24:03 AM"}
{"level":"error","message":"LOG REFERER YTD http://localhost:4201/ ::1 string","timestamp":"10:24:03 AM"}
{"level":"error","message":"LOG REFERER YTD http://localhost:4201/ ::1 string","timestamp":"10:24:48 AM"}
{"level":"error","message":"LOG REFERER YTD http://localhost:4201/ ::1 string","timestamp":"10:24:48 AM"}
{"level":"error","message":"LOG REFERER YTD http://localhost:4201/ ::1 string","timestamp":"10:24:48 AM"}
{"level":"error","message":"LOG REFERER YTD http://localhost:4201/ ::1 string","timestamp":"10:24:52 AM"}
{"level":"error","message":"LOG REFERER YTD http://localhost:4201/ ::1 string","timestamp":"10:24:53 AM"}
{"level":"error","message":"LOG REFERER YTD http://localhost:4201/ ::1 string","timestamp":"10:24:53 AM"}
{"level":"error","message":"LOG REFERER YTD http://localhost:4201/ ::1 string","timestamp":"10:24:53 AM"}
{"level":"error","message":"LOG REFERER YTD http://localhost:4201/ ::1 string","timestamp":"10:26:03 AM"}
{"level":"error","message":"LOG REFERER YTD http://localhost:4201/ ::1 string","timestamp":"10:26:48 AM"}
{"level":"error","message":"LOG REFERER YTD http://localhost:4201/ ::1 string","timestamp":"10:26:48 AM"}
{"level":"error","message":"LOG REFERER YTD http://localhost:4201/ ::1 string","timestamp":"10:26:48 AM"}
{"level":"error","message":"LOG REFERER YTD http://localhost:4201/ ::1 string","timestamp":"10:26:48 AM"}
{"level":"error","message":"LOG REFERER YTD http://localhost:4201/ ::1 string","timestamp":"10:26:48 AM"}
{"level":"error","message":"LOG REFERER YTD http://localhost:4201/ ::1 string","timestamp":"10:26:48 AM"}
{"level":"error","message":"LOG REFERER YTD http://localhost:4201/ ::1 string","timestamp":"10:26:48 AM"}
{"level":"error","message":"LOG REFERER YTD http://localhost:4201/ ::1 string","timestamp":"10:26:48 AM"}
{"level":"error","message":"LOG REFERER YTD http://localhost:4201/ ::1 string","timestamp":"10:26:52 AM"}
{"level":"error","message":"LOG REFERER YTD http://localhost:4201/ ::1 string","timestamp":"10:26:52 AM"}
{"level":"error","message":"LOG REFERER YTD http://localhost:4201/ ::1 string","timestamp":"10:26:53 AM"}
{"level":"error","message":"LOG REFERER YTD http://localhost:4201/ ::1 string","timestamp":"10:26:53 AM"}
{"level":"error","message":"LOG REFERER YTD http://localhost:4201/ ::1 string","timestamp":"10:28:03 AM"}
{"level":"error","message":"LOG REFERER YTD http://localhost:4201/ ::1 string","timestamp":"10:28:48 AM"}
{"level":"error","message":"LOG REFERER YTD http://localhost:4201/ ::1 string","timestamp":"11:32:09 AM"}
{"level":"error","message":"LOG REFERER YTD http://localhost:4201/ ::1 string","timestamp":"11:32:09 AM"}
{"level":"warn","message":"uncaughtException { MongoError: failed to connect to server [13.127.179.204:27017] on first connect [MongoError: connection 19 to 13.127.179.204:27017 timed out]\n    at Pool.<anonymous> (D:\\Office\\HorizonAPI\\SourceCode\\node_modules\\mongoose\\node_modules\\mongodb-core\\lib\\topologies\\server.js:328:35)\n    at emitOne (events.js:96:13)\n    at Pool.emit (events.js:188:7)\n    at Connection.<anonymous> (D:\\Office\\HorizonAPI\\SourceCode\\node_modules\\mongoose\\node_modules\\mongodb-core\\lib\\connection\\pool.js:274:12)\n    at Connection.g (events.js:291:16)\n    at emitTwo (events.js:106:13)\n    at Connection.emit (events.js:191:7)\n    at Socket.<anonymous> (D:\\Office\\HorizonAPI\\SourceCode\\node_modules\\mongoose\\node_modules\\mongodb-core\\lib\\connection\\connection.js:187:10)\n    at Socket.g (events.js:291:16)\n    at emitNone (events.js:86:13)\n    at Socket.emit (events.js:185:7)\n    at Socket._onTimeout (net.js:339:8)\n    at ontimeout (timers.js:365:14)\n    at tryOnTimeout (timers.js:237:5)\n    at Timer.listOnTimeout (timers.js:207:5)\n  name: 'MongoError',\n  message: 'failed to connect to server [13.127.179.204:27017] on first connect [MongoError: connection 19 to 13.127.179.204:27017 timed out]' }","timestamp":"11:33:16 AM"}
{"level":"error","message":"LOG REFERER YTD http://localhost:4201/ ::1 string","timestamp":"11:34:01 AM"}
{"level":"error","message":"LOG REFERER YTD http://localhost:4201/ ::1 string","timestamp":"11:34:01 AM"}
{"level":"error","message":"LOG REFERER YTD http://localhost:4201/ ::1 string","timestamp":"11:34:09 AM"}
{"level":"error","message":"LOG REFERER YTD http://localhost:4201/ ::1 string","timestamp":"11:36:01 AM"}
{"level":"error","message":"LOG REFERER YTD http://localhost:4201/ ::1 string","timestamp":"11:45:37 AM"}
{"level":"error","message":"LOG REFERER YTD http://localhost:4201/ ::1 string","timestamp":"11:45:37 AM"}
{"level":"error","message":"LOG REFERER YTD http://localhost:4201/ ::1 string","timestamp":"11:47:37 AM"}
{"level":"error","message":"LOG REFERER YTD http://localhost:4201/ ::1 string","timestamp":"11:48:33 AM"}
{"level":"error","message":"LOG REFERER YTD http://localhost:4201/ ::1 string","timestamp":"11:48:33 AM"}
{"level":"error","message":"LOG REFERER YTD http://localhost:4201/ ::1 string","timestamp":"11:49:02 AM"}
{"level":"error","message":"LOG REFERER YTD http://localhost:4201/ ::1 string","timestamp":"11:49:02 AM"}
{"level":"error","message":"LOG REFERER YTD http://localhost:4201/ ::1 string","timestamp":"11:49:13 AM"}
{"level":"error","message":"LOG REFERER YTD http://localhost:4201/ ::1 string","timestamp":"11:49:13 AM"}
{"level":"error","message":"LOG REFERER YTD http://localhost:4201/ ::1 string","timestamp":"11:50:52 AM"}
{"level":"error","message":"LOG REFERER YTD http://localhost:4201/ ::1 string","timestamp":"11:50:52 AM"}
{"level":"warn","message":"uncaughtException { MongoError: failed to connect to server [13.127.179.204:27017] on first connect [MongoError: connection 19 to 13.127.179.204:27017 timed out]\n    at Pool.<anonymous> (D:\\Office\\HorizonAPI\\SourceCode\\node_modules\\mongoose\\node_modules\\mongodb-core\\lib\\topologies\\server.js:328:35)\n    at emitOne (events.js:96:13)\n    at Pool.emit (events.js:188:7)\n    at Connection.<anonymous> (D:\\Office\\HorizonAPI\\SourceCode\\node_modules\\mongoose\\node_modules\\mongodb-core\\lib\\connection\\pool.js:274:12)\n    at Connection.g (events.js:291:16)\n    at emitTwo (events.js:106:13)\n    at Connection.emit (events.js:191:7)\n    at Socket.<anonymous> (D:\\Office\\HorizonAPI\\SourceCode\\node_modules\\mongoose\\node_modules\\mongodb-core\\lib\\connection\\connection.js:187:10)\n    at Socket.g (events.js:291:16)\n    at emitNone (events.js:86:13)\n    at Socket.emit (events.js:185:7)\n    at Socket._onTimeout (net.js:339:8)\n    at ontimeout (timers.js:365:14)\n    at tryOnTimeout (timers.js:237:5)\n    at Timer.listOnTimeout (timers.js:207:5)\n  name: 'MongoError',\n  message: 'failed to connect to server [13.127.179.204:27017] on first connect [MongoError: connection 19 to 13.127.179.204:27017 timed out]' }","timestamp":"11:52:16 AM"}
{"level":"warn","message":"uncaughtException { Error: socket hang up\n    at createHangUpError (_http_client.js:254:15)\n    at Socket.socketOnEnd (_http_client.js:346:23)\n    at emitNone (events.js:91:20)\n    at Socket.emit (events.js:185:7)\n    at endReadableNT (_stream_readable.js:974:12)\n    at _combinedTickCallback (internal/process/next_tick.js:74:11)\n    at process._tickCallback (internal/process/next_tick.js:98:9)\n  code: 'ECONNRESET',\n  request: \n   ClientRequest {\n     domain: null,\n     _events: {},\n     _eventsCount: 0,\n     _maxListeners: undefined,\n     href: 'http://qa-horizon.policyboss.com:3000/report/save_log?env=Development&type=ERR',\n     options: \n      { host: 'qa-horizon.policyboss.com',\n        port: '3000',\n        path: '/report/save_log?env=Development&type=ERR',\n        href: 'http://qa-horizon.policyboss.com:3000/report/save_log?env=Development&type=ERR',\n        method: 'POST',\n        headers: [Object],\n        data: '[\"LOG REFERER YTD http://localhost:4201/ ::1 string\"]' },\n     _httpRequest: \n      Writable {\n        _writableState: [Object],\n        writable: true,\n        domain: null,\n        _events: [Object],\n        _eventsCount: 2,\n        _maxListeners: undefined,\n        _options: [Object],\n        _ended: true,\n        _ending: true,\n        _redirectCount: 0,\n        _redirects: [],\n        _requestBodyLength: 53,\n        _requestBodyBuffers: [Object],\n        _onNativeResponse: [Function],\n        _currentRequest: [Object],\n        _currentUrl: 'http://qa-horizon.policyboss.com:3000/report/save_log?env=Development&type=ERR' } } }","timestamp":"11:52:16 AM"}
{"level":"warn","message":"uncaughtException { Error: socket hang up\n    at createHangUpError (_http_client.js:254:15)\n    at Socket.socketCloseListener (_http_client.js:286:23)\n    at emitOne (events.js:101:20)\n    at Socket.emit (events.js:188:7)\n    at TCP._handle.close [as _onclose] (net.js:498:12)\n  code: 'ECONNRESET',\n  request: \n   ClientRequest {\n     domain: null,\n     _events: {},\n     _eventsCount: 0,\n     _maxListeners: undefined,\n     href: 'http://qa-horizon.policyboss.com:3000/report/save_log?env=Development&type=ERR',\n     options: \n      { host: 'qa-horizon.policyboss.com',\n        port: '3000',\n        path: '/report/save_log?env=Development&type=ERR',\n        href: 'http://qa-horizon.policyboss.com:3000/report/save_log?env=Development&type=ERR',\n        method: 'POST',\n        headers: [Object],\n        data: '[\"LOG REFERER YTD http://localhost:4201/ ::1 string\"]' },\n     _httpRequest: \n      Writable {\n        _writableState: [Object],\n        writable: true,\n        domain: null,\n        _events: [Object],\n        _eventsCount: 2,\n        _maxListeners: undefined,\n        _options: [Object],\n        _ended: true,\n        _ending: true,\n        _redirectCount: 0,\n        _redirects: [],\n        _requestBodyLength: 53,\n        _requestBodyBuffers: [Object],\n        _onNativeResponse: [Function],\n        _currentRequest: [Object],\n        _currentUrl: 'http://qa-horizon.policyboss.com:3000/report/save_log?env=Development&type=ERR' } } }","timestamp":"11:52:16 AM"}
{"level":"error","message":"LOG REFERER YTD http://localhost:4201/ ::1 string","timestamp":"11:52:35 AM"}
{"level":"error","message":"LOG REFERER YTD http://localhost:4201/ ::1 string","timestamp":"11:52:35 AM"}
{"level":"error","message":"LOG REFERER YTD http://localhost:4201/ ::1 string","timestamp":"11:56:22 AM"}
{"level":"error","message":"LOG REFERER YTD http://localhost:4201/ ::1 string","timestamp":"11:56:22 AM"}
{"level":"error","message":"LOG REFERER YTD http://localhost:4201/ ::1 string","timestamp":"11:57:53 AM"}
{"level":"error","message":"LOG REFERER YTD http://localhost:4201/ ::1 string","timestamp":"11:57:53 AM"}
{"level":"error","message":"LOG REFERER YTD http://localhost:4201/ ::1 string","timestamp":"11:58:22 AM"}
{"level":"error","message":"LOG REFERER YTD http://localhost:4201/ ::1 string","timestamp":"12:04:11 PM"}
{"level":"error","message":"LOG REFERER YTD http://localhost:4201/ ::1 string","timestamp":"12:04:11 PM"}
{"level":"error","message":"LOG REFERER YTD http://localhost:4201/ ::1 string","timestamp":"12:06:58 PM"}
{"level":"error","message":"LOG REFERER YTD http://localhost:4201/ ::1 string","timestamp":"12:06:58 PM"}
{"level":"error","message":"LOG REFERER YTD http://localhost:4201/ ::1 string","timestamp":"12:08:24 PM"}
{"level":"error","message":"LOG REFERER YTD http://localhost:4201/ ::1 string","timestamp":"12:08:24 PM"}
{"level":"error","message":"LOG REFERER YTD http://localhost:4201/ ::1 string","timestamp":"12:08:58 PM"}
{"level":"error","message":"LOG REFERER YTD http://localhost:4201/ ::1 string","timestamp":"12:10:24 PM"}
{"level":"error","message":"LOG REFERER YTD http://localhost:4201/ ::1 string","timestamp":"12:27:47 PM"}
{"level":"error","message":"LOG REFERER YTD http://localhost:4201/ ::1 string","timestamp":"12:27:47 PM"}
{"level":"error","message":"LOG REFERER YTD http://localhost:4201/ ::1 string","timestamp":"12:28:23 PM"}
{"level":"error","message":"LOG REFERER YTD http://localhost:4201/ ::1 string","timestamp":"12:28:23 PM"}
{"level":"error","message":"LOG REFERER YTD http://localhost:4201/ ::1 string","timestamp":"12:29:47 PM"}
{"level":"error","message":"LOG REFERER YTD http://localhost:4201/ ::1 string","timestamp":"12:30:23 PM"}
{"level":"error","message":"LOG REFERER YTD http://localhost:4201/ ::1 string","timestamp":"12:38:18 PM"}
{"level":"error","message":"LOG REFERER YTD http://localhost:4201/ ::1 string","timestamp":"12:38:18 PM"}
{"level":"warn","message":"uncaughtException ReferenceError: e is not defined\n    at D:\\Office\\HorizonAPI\\SourceCode\\routes\\quote.js:7553:16\n    at D:\\Office\\HorizonAPI\\SourceCode\\node_modules\\mongoose\\lib\\model.js:3738:16\n    at D:\\Office\\HorizonAPI\\SourceCode\\node_modules\\mongoose\\lib\\services\\model\\applyHooks.js:148:20\n    at _combinedTickCallback (internal/process/next_tick.js:67:7)\n    at process._tickCallback (internal/process/next_tick.js:98:9)","timestamp":"12:38:18 PM"}
{"level":"error","message":"LOG REFERER YTD http://localhost:4201/ ::1 string","timestamp":"12:40:18 PM"}
{"level":"warn","message":"uncaughtException ReferenceError: e is not defined\n    at D:\\Office\\HorizonAPI\\SourceCode\\routes\\quote.js:7553:16\n    at D:\\Office\\HorizonAPI\\SourceCode\\node_modules\\mongoose\\lib\\model.js:3738:16\n    at D:\\Office\\HorizonAPI\\SourceCode\\node_modules\\mongoose\\lib\\services\\model\\applyHooks.js:148:20\n    at _combinedTickCallback (internal/process/next_tick.js:67:7)\n    at process._tickCallback (internal/process/next_tick.js:98:9)","timestamp":"12:40:19 PM"}
