{"level":"error","message":"LOG REFERER YTD http://localhost:4201/ ::1 string","timestamp":"9:43:22 AM"}
{"level":"error","message":"LOG REFERER YTD http://localhost:4201/ ::1 string","timestamp":"9:43:22 AM"}
{"level":"error","message":"LOG REFERER YTD http://localhost:4201/ ::1 string","timestamp":"10:43:27 AM"}
{"level":"error","message":"LOG REFERER YTD http://localhost:4201/ ::1 string","timestamp":"10:43:28 AM"}
{"level":"error","message":"LOG REFERER YTD http://localhost:4201/ ::1 string","timestamp":"11:25:29 AM"}
{"level":"error","message":"LOG REFERER YTD http://localhost:4201/ ::1 string","timestamp":"11:25:29 AM"}
{"level":"error","message":"LOG REFERER YTD http://localhost:4201/ ::1 string","timestamp":"11:27:41 AM"}
{"level":"error","message":"LOG REFERER YTD http://localhost:4201/ ::1 string","timestamp":"11:27:41 AM"}
{"level":"error","message":"LOG REFERER YTD http://localhost:4201/ ::1 string","timestamp":"11:31:50 AM"}
{"level":"error","message":"LOG REFERER YTD http://localhost:4201/ ::1 string","timestamp":"11:31:50 AM"}
{"level":"error","message":"LOG REFERER YTD http://localhost:4201/ ::1 string","timestamp":"11:36:10 AM"}
{"level":"error","message":"LOG REFERER YTD http://localhost:4201/ ::1 string","timestamp":"11:36:11 AM"}
{"level":"error","message":"LOG REFERER YTD http://localhost:4201/ ::1 string","timestamp":"11:37:26 AM"}
{"level":"error","message":"LOG REFERER YTD http://localhost:4201/ ::1 string","timestamp":"11:37:26 AM"}
{"level":"error","message":"LOG REFERER YTD http://localhost:4201/ ::1 string","timestamp":"11:45:26 AM"}
{"level":"error","message":"LOG REFERER YTD http://localhost:4201/ ::1 string","timestamp":"11:45:26 AM"}
{"level":"error","message":"LOG REFERER YTD undefined ::ffff:127.0.0.1 undefined","timestamp":"11:45:56 AM"}
{"level":"error","message":"LOG REFERER YTD http://localhost:4201/ ::1 string","timestamp":"11:46:52 AM"}
{"level":"error","message":"LOG REFERER YTD http://localhost:4201/ ::1 string","timestamp":"11:46:52 AM"}
{"level":"error","message":"LOG REFERER YTD http://localhost:4201/ ::1 string","timestamp":"11:49:45 AM"}
{"level":"error","message":"LOG REFERER YTD http://localhost:4201/ ::1 string","timestamp":"11:49:45 AM"}
{"level":"error","message":"LOG REFERER YTD http://localhost:4201/ ::1 string","timestamp":"12:54:11 PM"}
{"level":"error","message":"LOG REFERER YTD http://localhost:4201/ ::1 string","timestamp":"12:54:11 PM"}
{"level":"warn","message":"uncaughtException { Error: socket hang up\n    at TLSSocket.onHangUp (_tls_wrap.js:1117:19)\n    at TLSSocket.g (events.js:291:16)\n    at emitNone (events.js:91:20)\n    at TLSSocket.emit (events.js:185:7)\n    at endReadableNT (_stream_readable.js:974:12)\n    at _combinedTickCallback (internal/process/next_tick.js:74:11)\n    at process._tickCallback (internal/process/next_tick.js:98:9)\n  code: 'ECONNRESET',\n  request: \n   ClientRequest {\n     domain: null,\n     _events: {},\n     _eventsCount: 0,\n     _maxListeners: undefined,\n     href: 'https://rules1.nivabupa.com/api/v1/survey/get_uw_form',\n     options: \n      { host: 'rules1.nivabupa.com',\n        port: null,\n        path: '/api/v1/survey/get_uw_form',\n        href: 'https://rules1.nivabupa.com/api/v1/survey/get_uw_form',\n        method: 'POST',\n        headers: [Object],\n        data: '{\"Application\":\"820106345311\",\"SourceSystemName\":\"Landmark\",\"ProductName\":\"ReAssure\",\"ProductVariant\":\"\",\"ProductCode\":\"ReAssure\",\"IsComboCase\":\"\",\"Insureds\":[{\"Insured_Name\":\"test test\",\"Insured_No\":\"8201254411\",\"DOB\":\"13/10/1989\",\"Gender\":\"Male\",\"IsAdult\":\"Yes\",\"Height\":\"157\",\"Weight\":\"76\",\"Waistline\":\"\"},{\"Insured_Name\":\"spouse spouse\",\"Insured_No\":\"8201254412\",\"DOB\":\"03/10/1989\",\"Gender\":\"Female\",\"IsAdult\":\"Yes\",\"Height\":\"203\",\"Weight\":\"65\",\"Waistline\":\"\"}]}' },\n     _httpRequest: \n      Writable {\n        _writableState: [Object],\n        writable: true,\n        domain: null,\n        _events: [Object],\n        _eventsCount: 2,\n        _maxListeners: undefined,\n        _options: [Object],\n        _ended: true,\n        _ending: true,\n        _redirectCount: 0,\n        _redirects: [],\n        _requestBodyLength: 466,\n        _requestBodyBuffers: [Object],\n        _onNativeResponse: [Function],\n        _currentRequest: [Object],\n        _currentUrl: 'https://rules1.nivabupa.com/api/v1/survey/get_uw_form' } } }","timestamp":"12:55:58 PM"}
{"level":"warn","message":"uncaughtException { Error: socket hang up\n    at createHangUpError (_http_client.js:254:15)\n    at Socket.socketOnEnd (_http_client.js:346:23)\n    at emitNone (events.js:91:20)\n    at Socket.emit (events.js:185:7)\n    at endReadableNT (_stream_readable.js:974:12)\n    at _combinedTickCallback (internal/process/next_tick.js:74:11)\n    at process._tickCallback (internal/process/next_tick.js:98:9)\n  code: 'ECONNRESET',\n  request: \n   ClientRequest {\n     domain: null,\n     _events: {},\n     _eventsCount: 0,\n     _maxListeners: undefined,\n     href: 'http://qa-horizon.policyboss.com:3000/report/save_log?env=Production&type=ERR',\n     options: \n      { host: 'qa-horizon.policyboss.com',\n        port: '3000',\n        path: '/report/save_log?env=Production&type=ERR',\n        href: 'http://qa-horizon.policyboss.com:3000/report/save_log?env=Production&type=ERR',\n        method: 'POST',\n        headers: [Object],\n        data: '[\"LOG REFERER YTD http://localhost:4201/ ::1 string\"]' },\n     _httpRequest: \n      Writable {\n        _writableState: [Object],\n        writable: true,\n        domain: null,\n        _events: [Object],\n        _eventsCount: 2,\n        _maxListeners: undefined,\n        _options: [Object],\n        _ended: true,\n        _ending: true,\n        _redirectCount: 0,\n        _redirects: [],\n        _requestBodyLength: 53,\n        _requestBodyBuffers: [Object],\n        _onNativeResponse: [Function],\n        _currentRequest: [Object],\n        _currentUrl: 'http://qa-horizon.policyboss.com:3000/report/save_log?env=Production&type=ERR' } } }","timestamp":"12:55:58 PM"}
{"level":"warn","message":"uncaughtException { Error: socket hang up\n    at createHangUpError (_http_client.js:254:15)\n    at Socket.socketCloseListener (_http_client.js:286:23)\n    at emitOne (events.js:101:20)\n    at Socket.emit (events.js:188:7)\n    at TCP._handle.close [as _onclose] (net.js:498:12)\n  code: 'ECONNRESET',\n  request: \n   ClientRequest {\n     domain: null,\n     _events: {},\n     _eventsCount: 0,\n     _maxListeners: undefined,\n     href: 'http://qa-horizon.policyboss.com:3000/report/save_log?env=Production&type=ERR',\n     options: \n      { host: 'qa-horizon.policyboss.com',\n        port: '3000',\n        path: '/report/save_log?env=Production&type=ERR',\n        href: 'http://qa-horizon.policyboss.com:3000/report/save_log?env=Production&type=ERR',\n        method: 'POST',\n        headers: [Object],\n        data: '[\"LOG REFERER YTD http://localhost:4201/ ::1 string\"]' },\n     _httpRequest: \n      Writable {\n        _writableState: [Object],\n        writable: true,\n        domain: null,\n        _events: [Object],\n        _eventsCount: 2,\n        _maxListeners: undefined,\n        _options: [Object],\n        _ended: true,\n        _ending: true,\n        _redirectCount: 0,\n        _redirects: [],\n        _requestBodyLength: 53,\n        _requestBodyBuffers: [Object],\n        _onNativeResponse: [Function],\n        _currentRequest: [Object],\n        _currentUrl: 'http://qa-horizon.policyboss.com:3000/report/save_log?env=Production&type=ERR' } } }","timestamp":"12:55:58 PM"}
{"level":"error","message":"LOG REFERER YTD http://localhost:4201/ ::1 string","timestamp":"12:56:11 PM"}
{"level":"error","message":"LOG REFERER YTD http://localhost:4201/ ::1 string","timestamp":"1:00:23 PM"}
{"level":"error","message":"LOG REFERER YTD http://localhost:4201/ ::1 string","timestamp":"1:00:23 PM"}
{"level":"error","message":"LOG REFERER YTD undefined ::ffff:127.0.0.1 undefined","timestamp":"1:01:38 PM"}
{"level":"error","message":"LOG REFERER YTD http://localhost:4201/ ::1 string","timestamp":"1:02:06 PM"}
{"level":"error","message":"LOG REFERER YTD http://localhost:4201/ ::1 string","timestamp":"1:02:06 PM"}
{"level":"error","message":"LOG REFERER YTD http://localhost:4201/ ::1 string","timestamp":"1:07:13 PM"}
{"level":"error","message":"LOG REFERER YTD http://localhost:4201/ ::1 string","timestamp":"1:07:13 PM"}
{"level":"error","message":"LOG REFERER YTD http://localhost:4201/ ::1 string","timestamp":"1:09:20 PM"}
{"level":"error","message":"LOG REFERER YTD http://localhost:4201/ ::1 string","timestamp":"1:09:21 PM"}
{"level":"error","message":"LOG REFERER YTD http://localhost:4201/ ::1 string","timestamp":"1:10:09 PM"}
{"level":"error","message":"LOG REFERER YTD http://localhost:4201/ ::1 string","timestamp":"1:10:09 PM"}
{"level":"error","message":"LOG REFERER YTD http://localhost:4201/ ::1 string","timestamp":"1:22:30 PM"}
{"level":"error","message":"LOG REFERER YTD http://localhost:4201/ ::1 string","timestamp":"1:22:30 PM"}
{"level":"error","message":"LOG REFERER YTD http://localhost:4201/ ::1 string","timestamp":"1:28:41 PM"}
{"level":"error","message":"LOG REFERER YTD http://localhost:4201/ ::1 string","timestamp":"1:28:41 PM"}
{"level":"error","message":"LOG REFERER YTD undefined ::ffff:127.0.0.1 undefined","timestamp":"1:28:41 PM"}
{"level":"error","message":"LOG REFERER YTD http://localhost:4201/ ::1 string","timestamp":"1:31:41 PM"}
{"level":"error","message":"LOG REFERER YTD http://localhost:4201/ ::1 string","timestamp":"1:31:41 PM"}
{"level":"error","message":"LOG REFERER YTD http://localhost:4201/ ::1 string","timestamp":"1:34:28 PM"}
{"level":"error","message":"LOG REFERER YTD http://localhost:4201/ ::1 string","timestamp":"1:34:28 PM"}
{"level":"error","message":"LOG REFERER YTD undefined ::ffff:127.0.0.1 undefined","timestamp":"1:34:28 PM"}
{"level":"error","message":"LOG REFERER YTD http://localhost:4201/ ::1 string","timestamp":"1:34:37 PM"}
{"level":"error","message":"LOG REFERER YTD http://localhost:4201/ ::1 string","timestamp":"1:34:37 PM"}
{"level":"error","message":"LOG REFERER YTD undefined ::ffff:127.0.0.1 undefined","timestamp":"1:34:37 PM"}
{"level":"error","message":"LOG REFERER YTD http://localhost:4201/ ::1 string","timestamp":"2:02:35 PM"}
{"level":"error","message":"LOG REFERER YTD http://localhost:4201/ ::1 string","timestamp":"2:02:35 PM"}
{"level":"error","message":"LOG REFERER YTD http://localhost:4201/ ::1 string","timestamp":"2:05:35 PM"}
{"level":"error","message":"LOG REFERER YTD http://localhost:4201/ ::1 string","timestamp":"2:05:36 PM"}
{"level":"error","message":"LOG REFERER YTD http://localhost:4201/ ::1 string","timestamp":"2:12:29 PM"}
{"level":"error","message":"LOG REFERER YTD http://localhost:4201/ ::1 string","timestamp":"2:12:29 PM"}
{"level":"error","message":"LOG REFERER YTD http://localhost:4201/ ::1 string","timestamp":"2:13:06 PM"}
{"level":"error","message":"LOG REFERER YTD http://localhost:4201/ ::1 string","timestamp":"2:13:06 PM"}
{"level":"error","message":"LOG REFERER YTD http://localhost:4201/ ::1 string","timestamp":"2:13:30 PM"}
{"level":"error","message":"LOG REFERER YTD http://localhost:4201/ ::1 string","timestamp":"2:13:30 PM"}
{"level":"error","message":"LOG REFERER YTD undefined ::ffff:127.0.0.1 undefined","timestamp":"2:13:30 PM"}
{"level":"error","message":"LOG REFERER YTD http://localhost:4201/ ::1 string","timestamp":"2:14:13 PM"}
{"level":"error","message":"LOG REFERER YTD http://localhost:4201/ ::1 string","timestamp":"2:14:13 PM"}
{"level":"error","message":"LOG REFERER YTD http://localhost:4201/ ::1 string","timestamp":"2:14:49 PM"}
{"level":"error","message":"LOG REFERER YTD http://localhost:4201/ ::1 string","timestamp":"2:14:49 PM"}
{"level":"error","message":"LOG REFERER YTD http://localhost:4201/ ::1 string","timestamp":"2:16:40 PM"}
{"level":"error","message":"LOG REFERER YTD http://localhost:4201/ ::1 string","timestamp":"2:16:40 PM"}
{"level":"error","message":"LOG REFERER YTD http://localhost:4201/ ::1 string","timestamp":"2:37:34 PM"}
{"level":"error","message":"LOG REFERER YTD http://localhost:4201/ ::1 string","timestamp":"2:37:34 PM"}
{"level":"error","message":"LOG REFERER YTD undefined ::ffff:127.0.0.1 undefined","timestamp":"2:37:35 PM"}
{"level":"error","message":"LOG REFERER YTD http://localhost:4201/ ::1 string","timestamp":"2:38:21 PM"}
{"level":"error","message":"LOG REFERER YTD http://localhost:4201/ ::1 string","timestamp":"2:38:21 PM"}
{"level":"error","message":"LOG REFERER YTD http://localhost:4201/ ::1 string","timestamp":"2:38:35 PM"}
{"level":"error","message":"LOG REFERER YTD http://localhost:4201/ ::1 string","timestamp":"2:38:35 PM"}
{"level":"error","message":"LOG REFERER YTD http://localhost:4201/ ::1 string","timestamp":"2:39:15 PM"}
{"level":"error","message":"LOG REFERER YTD http://localhost:4201/ ::1 string","timestamp":"2:39:15 PM"}
{"level":"error","message":"LOG REFERER YTD http://localhost:4201/ ::1 string","timestamp":"2:39:39 PM"}
{"level":"error","message":"LOG REFERER YTD http://localhost:4201/ ::1 string","timestamp":"2:39:39 PM"}
{"level":"error","message":"LOG REFERER YTD undefined ::ffff:127.0.0.1 undefined","timestamp":"2:39:39 PM"}
{"level":"error","message":"LOG REFERER YTD http://localhost:4201/ ::1 string","timestamp":"2:39:44 PM"}
{"level":"error","message":"LOG REFERER YTD http://localhost:4201/ ::1 string","timestamp":"2:39:44 PM"}
{"level":"error","message":"LOG REFERER YTD http://localhost:4200/ ::1 string","timestamp":"4:34:38 PM"}
{"level":"error","message":"LOG REFERER YTD http://localhost:4200/ ::1 string","timestamp":"4:34:38 PM"}
{"level":"error","message":"LOG REFERER YTD http://localhost:4200/ ::1 string","timestamp":"4:42:44 PM"}
{"level":"error","message":"LOG REFERER YTD http://localhost:4200/ ::1 string","timestamp":"4:42:45 PM"}
{"level":"error","message":"LOG REFERER YTD http://localhost:4200/ ::1 string","timestamp":"4:43:44 PM"}
{"level":"error","message":"LOG REFERER YTD http://localhost:4200/ ::1 string","timestamp":"4:43:44 PM"}
{"level":"error","message":"LOG REFERER YTD http://localhost:4200/ ::1 string","timestamp":"4:44:48 PM"}
{"level":"error","message":"LOG REFERER YTD http://localhost:4200/ ::1 string","timestamp":"4:44:48 PM"}
{"level":"error","message":"LOG REFERER YTD http://localhost:4200/ ::1 string","timestamp":"4:48:40 PM"}
{"level":"error","message":"LOG REFERER YTD http://localhost:4200/ ::1 string","timestamp":"4:48:41 PM"}
{"level":"error","message":"LOG REFERER YTD http://localhost:4200/ ::1 string","timestamp":"4:50:41 PM"}
{"level":"error","message":"LOG REFERER YTD http://localhost:4200/ ::1 string","timestamp":"5:10:41 PM"}
{"level":"error","message":"LOG REFERER YTD http://localhost:4200/ ::1 string","timestamp":"5:22:17 PM"}
{"level":"error","message":"LOG REFERER YTD http://localhost:4200/ ::1 string","timestamp":"5:22:36 PM"}
{"level":"error","message":"Error: Request aborted\n    at IncomingMessage.<anonymous> (D:\\Office\\HorizonAPI\\SourceCode\\node_modules\\formidable\\lib\\incoming_form.js:120:19)\n    at emitNone (events.js:86:13)\n    at IncomingMessage.emit (events.js:185:7)\n    at abortIncoming (_http_server.js:283:11)\n    at Socket.socketOnEnd (_http_server.js:434:7)\n    at emitNone (events.js:91:20)\n    at Socket.emit (events.js:185:7)\n    at endReadableNT (_stream_readable.js:974:12)\n    at _combinedTickCallback (internal/process/next_tick.js:74:11)\n    at process._tickCallback (internal/process/next_tick.js:98:9)","timestamp":"5:22:36 PM"}
{"level":"error","message":"Error: Request aborted\n    at IncomingMessage.<anonymous> (D:\\Office\\HorizonAPI\\SourceCode\\node_modules\\formidable\\lib\\incoming_form.js:120:19)\n    at emitNone (events.js:86:13)\n    at IncomingMessage.emit (events.js:185:7)\n    at abortIncoming (_http_server.js:283:11)\n    at Socket.socketOnEnd (_http_server.js:434:7)\n    at emitNone (events.js:91:20)\n    at Socket.emit (events.js:185:7)\n    at endReadableNT (_stream_readable.js:974:12)\n    at _combinedTickCallback (internal/process/next_tick.js:74:11)\n    at process._tickCallback (internal/process/next_tick.js:98:9)","timestamp":"5:22:48 PM"}
{"level":"error","message":"LOG REFERER YTD http://localhost:4200/ ::1 string","timestamp":"5:22:48 PM"}
{"level":"error","message":"LOG REFERER YTD http://localhost:4200/ ::1 string","timestamp":"5:25:51 PM"}
{"level":"error","message":"Error: Request aborted\n    at IncomingMessage.<anonymous> (D:\\Office\\HorizonAPI\\SourceCode\\node_modules\\formidable\\lib\\incoming_form.js:120:19)\n    at emitNone (events.js:86:13)\n    at IncomingMessage.emit (events.js:185:7)\n    at abortIncoming (_http_server.js:283:11)\n    at Socket.socketOnEnd (_http_server.js:434:7)\n    at emitNone (events.js:91:20)\n    at Socket.emit (events.js:185:7)\n    at endReadableNT (_stream_readable.js:974:12)\n    at _combinedTickCallback (internal/process/next_tick.js:74:11)\n    at process._tickCallback (internal/process/next_tick.js:98:9)","timestamp":"5:26:10 PM"}
{"level":"error","message":"LOG REFERER YTD http://localhost:4200/ ::1 string","timestamp":"5:26:11 PM"}
{"level":"error","message":"Error: Request aborted\n    at IncomingMessage.<anonymous> (D:\\Office\\HorizonAPI\\SourceCode\\node_modules\\formidable\\lib\\incoming_form.js:120:19)\n    at emitNone (events.js:86:13)\n    at IncomingMessage.emit (events.js:185:7)\n    at abortIncoming (_http_server.js:283:11)\n    at Socket.serverSocketCloseListener (_http_server.js:296:5)\n    at emitOne (events.js:101:20)\n    at Socket.emit (events.js:188:7)\n    at TCP._handle.close [as _onclose] (net.js:498:12)","timestamp":"5:28:11 PM"}
{"level":"error","message":"LOG REFERER YTD http://localhost:4200/ ::1 string","timestamp":"5:28:11 PM"}
{"level":"error","message":"Error: Request aborted\n    at IncomingMessage.<anonymous> (D:\\Office\\HorizonAPI\\SourceCode\\node_modules\\formidable\\lib\\incoming_form.js:120:19)\n    at emitNone (events.js:86:13)\n    at IncomingMessage.emit (events.js:185:7)\n    at abortIncoming (_http_server.js:283:11)\n    at Socket.socketOnEnd (_http_server.js:434:7)\n    at emitNone (events.js:91:20)\n    at Socket.emit (events.js:185:7)\n    at endReadableNT (_stream_readable.js:974:12)\n    at _combinedTickCallback (internal/process/next_tick.js:74:11)\n    at process._tickCallback (internal/process/next_tick.js:98:9)","timestamp":"5:29:22 PM"}
{"level":"error","message":"LOG REFERER YTD http://localhost:4200/ ::1 string","timestamp":"5:39:52 PM"}
{"level":"error","message":"Error: Request aborted\n    at IncomingMessage.<anonymous> (D:\\Office\\HorizonAPI\\SourceCode\\node_modules\\formidable\\lib\\incoming_form.js:120:19)\n    at emitNone (events.js:86:13)\n    at IncomingMessage.emit (events.js:185:7)\n    at abortIncoming (_http_server.js:283:11)\n    at Socket.socketOnEnd (_http_server.js:434:7)\n    at emitNone (events.js:91:20)\n    at Socket.emit (events.js:185:7)\n    at endReadableNT (_stream_readable.js:974:12)\n    at _combinedTickCallback (internal/process/next_tick.js:74:11)\n    at process._tickCallback (internal/process/next_tick.js:98:9)","timestamp":"5:40:52 PM"}
{"level":"error","message":"LOG REFERER YTD http://localhost:4200/ ::1 string","timestamp":"5:41:01 PM"}
{"level":"error","message":"Error: Request aborted\n    at IncomingMessage.<anonymous> (D:\\Office\\HorizonAPI\\SourceCode\\node_modules\\formidable\\lib\\incoming_form.js:120:19)\n    at emitNone (events.js:86:13)\n    at IncomingMessage.emit (events.js:185:7)\n    at abortIncoming (_http_server.js:283:11)\n    at Socket.socketOnEnd (_http_server.js:434:7)\n    at emitNone (events.js:91:20)\n    at Socket.emit (events.js:185:7)\n    at endReadableNT (_stream_readable.js:974:12)\n    at _combinedTickCallback (internal/process/next_tick.js:74:11)\n    at process._tickCallback (internal/process/next_tick.js:98:9)","timestamp":"5:41:22 PM"}
{"level":"error","message":"LOG REFERER YTD http://localhost:4200/ ::1 string","timestamp":"5:42:09 PM"}
{"level":"error","message":"LOG REFERER YTD http://localhost:4200/ ::1 string","timestamp":"5:43:15 PM"}
