{"level":"error","message":"LOG REFERER YTD http://localhost:4200/ ::1 string","timestamp":"8:55:49 AM"}
{"level":"error","message":"LOG REFERER YTD http://localhost:4200/ ::1 string","timestamp":"8:55:49 AM"}
{"level":"error","message":"LOG REFERER YTD http://localhost:4200/ ::1 string","timestamp":"8:56:19 AM"}
{"level":"error","message":"LOG REFERER YTD http://localhost:4200/ ::1 string","timestamp":"8:56:19 AM"}
{"level":"error","message":"LOG REFERER YTD http://localhost:4200/ ::1 string","timestamp":"8:56:49 AM"}
{"level":"error","message":"LOG REFERER YTD http://localhost:4200/ ::1 string","timestamp":"8:56:49 AM"}
{"level":"error","message":"LOG REFERER YTD http://localhost:4200/ ::1 string","timestamp":"8:57:19 AM"}
{"level":"error","message":"LOG REFERER YTD http://localhost:4200/ ::1 string","timestamp":"8:57:19 AM"}
{"level":"error","message":"LOG REFERER YTD http://localhost:4200/ ::1 string","timestamp":"8:57:49 AM"}
{"level":"error","message":"LOG REFERER YTD http://localhost:4200/ ::1 string","timestamp":"8:57:49 AM"}
{"level":"error","message":"LOG REFERER YTD http://localhost:4200/ ::1 string","timestamp":"8:58:18 AM"}
{"level":"error","message":"LOG REFERER YTD http://localhost:4200/ ::1 string","timestamp":"8:58:18 AM"}
{"level":"error","message":"LOG REFERER YTD http://localhost:4200/ ::1 string","timestamp":"8:58:48 AM"}
{"level":"error","message":"LOG REFERER YTD http://localhost:4200/ ::1 string","timestamp":"8:58:48 AM"}
{"level":"error","message":"LOG REFERER YTD http://localhost:4200/ ::1 string","timestamp":"8:59:18 AM"}
{"level":"error","message":"LOG REFERER YTD http://localhost:4200/ ::1 string","timestamp":"8:59:18 AM"}
{"level":"error","message":"LOG REFERER YTD http://localhost:4200/ ::1 string","timestamp":"8:59:48 AM"}
{"level":"error","message":"LOG REFERER YTD http://localhost:4200/ ::1 string","timestamp":"8:59:48 AM"}
{"level":"error","message":"LOG REFERER YTD http://localhost:4200/ ::1 string","timestamp":"8:59:56 AM"}
{"level":"error","message":"LOG REFERER YTD http://localhost:4200/ ::1 string","timestamp":"8:59:56 AM"}
{"level":"error","message":"LOG REFERER YTD http://localhost:4200/ ::1 string","timestamp":"9:00:05 AM"}
{"level":"error","message":"LOG REFERER YTD http://localhost:4200/ ::1 string","timestamp":"9:00:05 AM"}
{"level":"error","message":"LOG REFERER YTD http://localhost:4200/ ::1 string","timestamp":"9:00:34 AM"}
{"level":"error","message":"LOG REFERER YTD http://localhost:4200/ ::1 string","timestamp":"9:00:34 AM"}
{"level":"error","message":"LOG REFERER YTD http://localhost:4200/ ::1 string","timestamp":"9:00:54 AM"}
{"level":"error","message":"LOG REFERER YTD http://localhost:4200/ ::1 string","timestamp":"9:00:54 AM"}
{"level":"error","message":"LOG REFERER YTD http://localhost:4200/ ::1 string","timestamp":"9:00:59 AM"}
{"level":"error","message":"LOG REFERER YTD http://localhost:4200/ ::1 string","timestamp":"9:00:59 AM"}
{"level":"error","message":"LOG REFERER YTD http://localhost:4200/ ::1 string","timestamp":"9:01:58 AM"}
{"level":"error","message":"LOG REFERER YTD http://localhost:4200/ ::1 string","timestamp":"9:01:58 AM"}
{"level":"error","message":"LOG REFERER YTD http://localhost:4200/ ::1 string","timestamp":"9:02:24 AM"}
{"level":"error","message":"LOG REFERER YTD http://localhost:4200/ ::1 string","timestamp":"9:02:24 AM"}
{"level":"error","message":"LOG REFERER YTD http://localhost:4200/ ::1 string","timestamp":"9:02:29 AM"}
{"level":"error","message":"LOG REFERER YTD http://localhost:4200/ ::1 string","timestamp":"9:03:00 AM"}
{"level":"error","message":"LOG REFERER YTD http://localhost:4200/ ::1 string","timestamp":"9:03:00 AM"}
{"level":"error","message":"LOG REFERER YTD http://localhost:4200/ ::1 string","timestamp":"9:03:30 AM"}
{"level":"error","message":"LOG REFERER YTD http://localhost:4200/ ::1 string","timestamp":"9:03:30 AM"}
{"level":"error","message":"LOG REFERER YTD http://localhost:4200/ ::1 string","timestamp":"9:04:00 AM"}
{"level":"error","message":"LOG REFERER YTD http://localhost:4200/ ::1 string","timestamp":"9:04:00 AM"}
{"level":"error","message":"LOG REFERER YTD http://localhost:4200/ ::1 string","timestamp":"9:04:30 AM"}
{"level":"error","message":"LOG REFERER YTD http://localhost:4200/ ::1 string","timestamp":"9:04:30 AM"}
{"level":"error","message":"LOG REFERER YTD http://localhost:4200/ ::1 string","timestamp":"9:05:00 AM"}
{"level":"error","message":"LOG REFERER YTD http://localhost:4200/ ::1 string","timestamp":"9:05:00 AM"}
{"level":"error","message":"LOG REFERER YTD http://localhost:4200/ ::1 string","timestamp":"9:05:19 AM"}
{"level":"error","message":"LOG REFERER YTD http://localhost:4200/ ::1 string","timestamp":"9:05:19 AM"}
{"level":"error","message":"LOG REFERER YTD http://localhost:4200/ ::1 string","timestamp":"9:05:50 AM"}
{"level":"error","message":"LOG REFERER YTD http://localhost:4200/ ::1 string","timestamp":"9:05:50 AM"}
{"level":"error","message":"LOG REFERER YTD http://localhost:4200/ ::1 string","timestamp":"9:06:19 AM"}
{"level":"error","message":"LOG REFERER YTD http://localhost:4200/ ::1 string","timestamp":"9:06:19 AM"}
{"level":"error","message":"LOG REFERER YTD http://localhost:4200/ ::1 string","timestamp":"9:06:49 AM"}
{"level":"error","message":"LOG REFERER YTD http://localhost:4200/ ::1 string","timestamp":"9:06:49 AM"}
{"level":"error","message":"LOG REFERER YTD http://localhost:4200/ ::1 string","timestamp":"9:07:19 AM"}
{"level":"error","message":"LOG REFERER YTD http://localhost:4200/ ::1 string","timestamp":"9:07:19 AM"}
{"level":"error","message":"LOG REFERER YTD http://localhost:4200/ ::1 string","timestamp":"9:07:49 AM"}
{"level":"error","message":"LOG REFERER YTD http://localhost:4200/ ::1 string","timestamp":"9:07:49 AM"}
{"level":"error","message":"LOG REFERER YTD http://localhost:4200/ ::1 string","timestamp":"9:08:19 AM"}
{"level":"error","message":"LOG REFERER YTD http://localhost:4200/ ::1 string","timestamp":"9:08:19 AM"}
{"level":"error","message":"LOG REFERER YTD http://localhost:4200/ ::1 string","timestamp":"9:08:49 AM"}
{"level":"error","message":"LOG REFERER YTD http://localhost:4200/ ::1 string","timestamp":"9:08:49 AM"}
{"level":"error","message":"LOG REFERER YTD http://localhost:4200/ ::1 string","timestamp":"9:09:19 AM"}
{"level":"error","message":"LOG REFERER YTD http://localhost:4200/ ::1 string","timestamp":"9:09:19 AM"}
{"level":"error","message":"LOG REFERER YTD http://localhost:4200/ ::1 string","timestamp":"9:09:49 AM"}
{"level":"error","message":"LOG REFERER YTD http://localhost:4200/ ::1 string","timestamp":"9:09:49 AM"}
{"level":"error","message":"LOG REFERER YTD http://localhost:4200/ ::1 string","timestamp":"9:10:19 AM"}
{"level":"error","message":"LOG REFERER YTD http://localhost:4200/ ::1 string","timestamp":"9:10:19 AM"}
{"level":"error","message":"LOG REFERER YTD http://localhost:4200/ ::1 string","timestamp":"9:10:49 AM"}
{"level":"error","message":"LOG REFERER YTD http://localhost:4200/ ::1 string","timestamp":"9:10:49 AM"}
{"level":"error","message":"LOG REFERER YTD http://localhost:4200/ ::1 string","timestamp":"9:11:20 AM"}
{"level":"error","message":"LOG REFERER YTD http://localhost:4200/ ::1 string","timestamp":"9:11:20 AM"}
{"level":"error","message":"LOG REFERER YTD http://localhost:4200/ ::1 string","timestamp":"9:11:50 AM"}
{"level":"error","message":"LOG REFERER YTD http://localhost:4200/ ::1 string","timestamp":"9:11:50 AM"}
{"level":"error","message":"LOG REFERER YTD http://localhost:4200/ ::1 string","timestamp":"9:12:20 AM"}
{"level":"error","message":"LOG REFERER YTD http://localhost:4200/ ::1 string","timestamp":"9:12:20 AM"}
{"level":"error","message":"LOG REFERER YTD http://localhost:4200/ ::1 string","timestamp":"9:12:50 AM"}
{"level":"error","message":"LOG REFERER YTD http://localhost:4200/ ::1 string","timestamp":"9:12:50 AM"}
{"level":"error","message":"LOG REFERER YTD http://localhost:4200/ ::1 string","timestamp":"9:13:20 AM"}
{"level":"error","message":"LOG REFERER YTD http://localhost:4200/ ::1 string","timestamp":"9:13:20 AM"}
{"level":"error","message":"LOG REFERER YTD http://localhost:4200/ ::1 string","timestamp":"9:13:50 AM"}
{"level":"error","message":"LOG REFERER YTD http://localhost:4200/ ::1 string","timestamp":"9:13:50 AM"}
{"level":"error","message":"LOG REFERER YTD http://localhost:4200/ ::1 string","timestamp":"9:14:19 AM"}
{"level":"error","message":"LOG REFERER YTD http://localhost:4200/ ::1 string","timestamp":"9:14:19 AM"}
{"level":"error","message":"LOG REFERER YTD http://localhost:4200/ ::1 string","timestamp":"9:14:50 AM"}
{"level":"error","message":"LOG REFERER YTD http://localhost:4200/ ::1 string","timestamp":"9:14:50 AM"}
{"level":"error","message":"LOG REFERER YTD http://localhost:4200/ ::1 string","timestamp":"9:15:20 AM"}
{"level":"error","message":"LOG REFERER YTD http://localhost:4200/ ::1 string","timestamp":"9:15:20 AM"}
{"level":"error","message":"LOG REFERER YTD http://localhost:4200/ ::1 string","timestamp":"9:15:49 AM"}
{"level":"error","message":"LOG REFERER YTD http://localhost:4200/ ::1 string","timestamp":"9:15:49 AM"}
{"level":"error","message":"LOG REFERER YTD http://localhost:4200/ ::1 string","timestamp":"9:16:20 AM"}
{"level":"error","message":"LOG REFERER YTD http://localhost:4200/ ::1 string","timestamp":"9:16:20 AM"}
{"level":"error","message":"LOG REFERER YTD http://localhost:4200/ ::1 string","timestamp":"9:16:49 AM"}
{"level":"error","message":"LOG REFERER YTD http://localhost:4200/ ::1 string","timestamp":"9:16:49 AM"}
{"level":"error","message":"LOG REFERER YTD http://localhost:4200/ ::1 string","timestamp":"9:17:18 AM"}
{"level":"error","message":"LOG REFERER YTD http://localhost:4200/ ::1 string","timestamp":"9:17:18 AM"}
{"level":"error","message":"LOG REFERER YTD http://localhost:4200/ ::1 string","timestamp":"9:17:50 AM"}
{"level":"error","message":"LOG REFERER YTD http://localhost:4200/ ::1 string","timestamp":"9:17:50 AM"}
{"level":"error","message":"LOG REFERER YTD http://localhost:4200/ ::1 string","timestamp":"9:18:20 AM"}
{"level":"error","message":"LOG REFERER YTD http://localhost:4200/ ::1 string","timestamp":"9:18:20 AM"}
{"level":"error","message":"LOG REFERER YTD http://localhost:4200/ ::1 string","timestamp":"9:18:49 AM"}
{"level":"error","message":"LOG REFERER YTD http://localhost:4200/ ::1 string","timestamp":"9:18:50 AM"}
{"level":"error","message":"LOG REFERER YTD http://localhost:4200/ ::1 string","timestamp":"9:19:19 AM"}
{"level":"error","message":"LOG REFERER YTD http://localhost:4200/ ::1 string","timestamp":"9:19:19 AM"}
{"level":"error","message":"LOG REFERER YTD http://localhost:4200/ ::1 string","timestamp":"9:19:50 AM"}
{"level":"error","message":"LOG REFERER YTD http://localhost:4200/ ::1 string","timestamp":"9:19:50 AM"}
{"level":"error","message":"LOG REFERER YTD http://localhost:4200/ ::1 string","timestamp":"9:20:19 AM"}
{"level":"error","message":"LOG REFERER YTD http://localhost:4200/ ::1 string","timestamp":"9:20:19 AM"}
{"level":"error","message":"LOG REFERER YTD http://localhost:4200/ ::1 string","timestamp":"9:20:50 AM"}
{"level":"error","message":"LOG REFERER YTD http://localhost:4200/ ::1 string","timestamp":"9:20:50 AM"}
{"level":"error","message":"LOG REFERER YTD http://localhost:4200/ ::1 string","timestamp":"9:21:19 AM"}
{"level":"error","message":"LOG REFERER YTD http://localhost:4200/ ::1 string","timestamp":"9:21:19 AM"}
{"level":"error","message":"LOG REFERER YTD http://localhost:4200/ ::1 string","timestamp":"9:21:49 AM"}
{"level":"error","message":"LOG REFERER YTD http://localhost:4200/ ::1 string","timestamp":"9:21:49 AM"}
{"level":"error","message":"LOG REFERER YTD http://localhost:4200/ ::1 string","timestamp":"9:22:19 AM"}
{"level":"error","message":"LOG REFERER YTD http://localhost:4200/ ::1 string","timestamp":"9:22:19 AM"}
{"level":"error","message":"LOG REFERER YTD http://localhost:4200/ ::1 string","timestamp":"9:22:49 AM"}
{"level":"error","message":"LOG REFERER YTD http://localhost:4200/ ::1 string","timestamp":"9:22:49 AM"}
{"level":"error","message":"LOG REFERER YTD http://localhost:4200/ ::1 string","timestamp":"9:23:19 AM"}
{"level":"error","message":"LOG REFERER YTD http://localhost:4200/ ::1 string","timestamp":"9:23:19 AM"}
{"level":"error","message":"LOG REFERER YTD http://localhost:4200/ ::1 string","timestamp":"9:23:49 AM"}
{"level":"error","message":"LOG REFERER YTD http://localhost:4200/ ::1 string","timestamp":"9:23:49 AM"}
{"level":"error","message":"LOG REFERER YTD http://localhost:4200/ ::1 string","timestamp":"9:24:26 AM"}
{"level":"error","message":"LOG REFERER YTD http://localhost:4200/ ::1 string","timestamp":"9:24:26 AM"}
{"level":"error","message":"LOG REFERER YTD http://localhost:4200/ ::1 string","timestamp":"9:25:26 AM"}
{"level":"error","message":"LOG REFERER YTD http://localhost:4200/ ::1 string","timestamp":"9:25:26 AM"}
{"level":"error","message":"LOG REFERER YTD http://localhost:4200/ ::1 string","timestamp":"9:26:27 AM"}
{"level":"error","message":"LOG REFERER YTD http://localhost:4200/ ::1 string","timestamp":"9:26:27 AM"}
{"level":"error","message":"LOG REFERER YTD http://localhost:4200/ ::1 string","timestamp":"9:27:26 AM"}
{"level":"error","message":"LOG REFERER YTD http://localhost:4200/ ::1 string","timestamp":"9:27:26 AM"}
{"level":"error","message":"LOG REFERER YTD http://localhost:4200/ ::1 string","timestamp":"9:28:17 AM"}
{"level":"error","message":"LOG REFERER YTD http://localhost:4200/ ::1 string","timestamp":"9:28:17 AM"}
{"level":"error","message":"LOG REFERER YTD http://localhost:4200/ ::1 string","timestamp":"9:29:34 AM"}
{"level":"error","message":"LOG REFERER YTD http://localhost:4200/ ::1 string","timestamp":"9:29:34 AM"}
{"level":"error","message":"LOG REFERER YTD http://localhost:4200/ ::1 string","timestamp":"9:29:34 AM"}
{"level":"error","message":"LOG REFERER YTD http://localhost:4200/ ::1 string","timestamp":"9:29:48 AM"}
{"level":"error","message":"LOG REFERER YTD http://localhost:4200/ ::1 string","timestamp":"9:29:48 AM"}
{"level":"error","message":"LOG REFERER YTD http://localhost:4200/ ::1 string","timestamp":"9:30:18 AM"}
{"level":"error","message":"LOG REFERER YTD http://localhost:4200/ ::1 string","timestamp":"9:30:18 AM"}
{"level":"error","message":"LOG REFERER YTD http://localhost:4200/ ::1 string","timestamp":"9:30:49 AM"}
{"level":"error","message":"LOG REFERER YTD http://localhost:4200/ ::1 string","timestamp":"9:30:49 AM"}
{"level":"error","message":"LOG REFERER YTD http://localhost:4200/ ::1 string","timestamp":"9:31:19 AM"}
{"level":"error","message":"LOG REFERER YTD http://localhost:4200/ ::1 string","timestamp":"9:31:19 AM"}
{"level":"error","message":"LOG REFERER YTD http://localhost:4200/ ::1 string","timestamp":"9:31:49 AM"}
{"level":"error","message":"LOG REFERER YTD http://localhost:4200/ ::1 string","timestamp":"9:31:49 AM"}
{"level":"error","message":"LOG REFERER YTD http://localhost:4200/ ::1 string","timestamp":"9:32:19 AM"}
{"level":"error","message":"LOG REFERER YTD http://localhost:4200/ ::1 string","timestamp":"9:32:19 AM"}
{"level":"error","message":"LOG REFERER YTD http://localhost:4200/ ::1 string","timestamp":"9:33:00 AM"}
{"level":"error","message":"LOG REFERER YTD http://localhost:4200/ ::1 string","timestamp":"9:33:00 AM"}
{"level":"error","message":"LOG REFERER YTD http://localhost:4200/ ::1 string","timestamp":"9:33:19 AM"}
{"level":"error","message":"LOG REFERER YTD http://localhost:4200/ ::1 string","timestamp":"9:33:19 AM"}
{"level":"error","message":"LOG REFERER YTD http://localhost:4200/ ::1 string","timestamp":"9:33:49 AM"}
{"level":"error","message":"LOG REFERER YTD http://localhost:4200/ ::1 string","timestamp":"9:33:49 AM"}
{"level":"error","message":"LOG REFERER YTD http://localhost:4200/ ::1 string","timestamp":"9:34:19 AM"}
{"level":"error","message":"LOG REFERER YTD http://localhost:4200/ ::1 string","timestamp":"9:34:19 AM"}
{"level":"error","message":"LOG REFERER YTD http://localhost:4200/ ::1 string","timestamp":"9:34:50 AM"}
{"level":"error","message":"LOG REFERER YTD http://localhost:4200/ ::1 string","timestamp":"9:34:50 AM"}
{"level":"error","message":"LOG REFERER YTD http://localhost:4200/ ::1 string","timestamp":"9:35:19 AM"}
{"level":"error","message":"LOG REFERER YTD http://localhost:4200/ ::1 string","timestamp":"9:35:19 AM"}
{"level":"error","message":"LOG REFERER YTD http://localhost:4200/ ::1 string","timestamp":"9:35:49 AM"}
{"level":"error","message":"LOG REFERER YTD http://localhost:4200/ ::1 string","timestamp":"9:35:49 AM"}
{"level":"error","message":"LOG REFERER YTD http://localhost:4200/ ::1 string","timestamp":"9:36:26 AM"}
{"level":"error","message":"LOG REFERER YTD http://localhost:4200/ ::1 string","timestamp":"9:36:26 AM"}
{"level":"error","message":"LOG REFERER YTD http://localhost:4200/ ::1 string","timestamp":"9:37:26 AM"}
{"level":"error","message":"LOG REFERER YTD http://localhost:4200/ ::1 string","timestamp":"9:37:26 AM"}
{"level":"error","message":"LOG REFERER YTD http://localhost:4200/ ::1 string","timestamp":"9:38:27 AM"}
{"level":"error","message":"LOG REFERER YTD http://localhost:4200/ ::1 string","timestamp":"9:38:27 AM"}
{"level":"error","message":"LOG REFERER YTD http://localhost:4200/ ::1 string","timestamp":"9:39:26 AM"}
{"level":"error","message":"LOG REFERER YTD http://localhost:4200/ ::1 string","timestamp":"9:39:26 AM"}
{"level":"error","message":"LOG REFERER YTD http://localhost:4200/ ::1 string","timestamp":"9:40:27 AM"}
{"level":"error","message":"LOG REFERER YTD http://localhost:4200/ ::1 string","timestamp":"9:40:27 AM"}
{"level":"error","message":"LOG REFERER YTD http://localhost:4200/ ::1 string","timestamp":"9:41:26 AM"}
{"level":"error","message":"LOG REFERER YTD http://localhost:4200/ ::1 string","timestamp":"9:41:26 AM"}
{"level":"error","message":"LOG REFERER YTD http://localhost:4200/ ::1 string","timestamp":"9:42:26 AM"}
{"level":"error","message":"LOG REFERER YTD http://localhost:4200/ ::1 string","timestamp":"9:42:26 AM"}
{"level":"error","message":"LOG REFERER YTD http://localhost:4200/ ::1 string","timestamp":"9:43:26 AM"}
{"level":"error","message":"LOG REFERER YTD http://localhost:4200/ ::1 string","timestamp":"9:43:26 AM"}
{"level":"error","message":"LOG REFERER YTD http://localhost:4200/ ::1 string","timestamp":"9:44:27 AM"}
{"level":"error","message":"LOG REFERER YTD http://localhost:4200/ ::1 string","timestamp":"9:44:27 AM"}
{"level":"error","message":"LOG REFERER YTD http://localhost:4200/ ::1 string","timestamp":"9:45:26 AM"}
{"level":"error","message":"LOG REFERER YTD http://localhost:4200/ ::1 string","timestamp":"9:45:26 AM"}
{"level":"error","message":"LOG REFERER YTD http://localhost:4200/ ::1 string","timestamp":"9:46:26 AM"}
{"level":"error","message":"LOG REFERER YTD http://localhost:4200/ ::1 string","timestamp":"9:46:26 AM"}
{"level":"error","message":"LOG REFERER YTD http://localhost:4200/ ::1 string","timestamp":"9:47:27 AM"}
{"level":"error","message":"LOG REFERER YTD http://localhost:4200/ ::1 string","timestamp":"9:47:27 AM"}
{"level":"error","message":"LOG REFERER YTD http://localhost:4200/ ::1 string","timestamp":"9:48:26 AM"}
{"level":"error","message":"LOG REFERER YTD http://localhost:4200/ ::1 string","timestamp":"9:48:26 AM"}
{"level":"error","message":"LOG REFERER YTD http://localhost:4200/ ::1 string","timestamp":"9:49:27 AM"}
{"level":"error","message":"LOG REFERER YTD http://localhost:4200/ ::1 string","timestamp":"9:49:27 AM"}
{"level":"error","message":"LOG REFERER YTD http://localhost:4200/ ::1 string","timestamp":"9:50:26 AM"}
{"level":"error","message":"LOG REFERER YTD http://localhost:4200/ ::1 string","timestamp":"9:50:26 AM"}
{"level":"error","message":"LOG REFERER YTD http://localhost:4200/ ::1 string","timestamp":"9:51:27 AM"}
{"level":"error","message":"LOG REFERER YTD http://localhost:4200/ ::1 string","timestamp":"9:51:27 AM"}
{"level":"error","message":"LOG REFERER YTD http://localhost:4200/ ::1 string","timestamp":"9:52:22 AM"}
{"level":"error","message":"LOG REFERER YTD http://localhost:4200/ ::1 string","timestamp":"9:52:22 AM"}
{"level":"error","message":"LOG REFERER YTD http://localhost:4200/ ::1 string","timestamp":"9:52:48 AM"}
{"level":"error","message":"LOG REFERER YTD http://localhost:4200/ ::1 string","timestamp":"9:52:48 AM"}
{"level":"error","message":"LOG REFERER YTD http://localhost:4200/ ::1 string","timestamp":"9:53:19 AM"}
{"level":"error","message":"LOG REFERER YTD http://localhost:4200/ ::1 string","timestamp":"9:53:19 AM"}
{"level":"error","message":"LOG REFERER YTD http://localhost:4200/ ::1 string","timestamp":"9:53:49 AM"}
{"level":"error","message":"LOG REFERER YTD http://localhost:4200/ ::1 string","timestamp":"9:53:49 AM"}
{"level":"error","message":"LOG REFERER YTD http://localhost:4200/ ::1 string","timestamp":"9:54:19 AM"}
{"level":"error","message":"LOG REFERER YTD http://localhost:4200/ ::1 string","timestamp":"9:54:19 AM"}
{"level":"error","message":"LOG REFERER YTD http://localhost:4200/ ::1 string","timestamp":"9:54:49 AM"}
{"level":"error","message":"LOG REFERER YTD http://localhost:4200/ ::1 string","timestamp":"9:54:49 AM"}
{"level":"error","message":"LOG REFERER YTD http://localhost:4200/ ::1 string","timestamp":"9:55:19 AM"}
{"level":"error","message":"LOG REFERER YTD http://localhost:4200/ ::1 string","timestamp":"9:55:19 AM"}
{"level":"error","message":"LOG REFERER YTD http://localhost:4200/ ::1 string","timestamp":"9:55:49 AM"}
{"level":"error","message":"LOG REFERER YTD http://localhost:4200/ ::1 string","timestamp":"9:55:49 AM"}
{"level":"error","message":"LOG REFERER YTD http://localhost:4200/ ::1 string","timestamp":"9:56:19 AM"}
{"level":"error","message":"LOG REFERER YTD http://localhost:4200/ ::1 string","timestamp":"9:56:19 AM"}
{"level":"error","message":"LOG REFERER YTD http://localhost:4200/ ::1 string","timestamp":"9:56:49 AM"}
{"level":"error","message":"LOG REFERER YTD http://localhost:4200/ ::1 string","timestamp":"9:56:49 AM"}
{"level":"error","message":"LOG REFERER YTD http://localhost:4200/ ::1 string","timestamp":"9:57:19 AM"}
{"level":"error","message":"LOG REFERER YTD http://localhost:4200/ ::1 string","timestamp":"9:57:19 AM"}
{"level":"error","message":"LOG REFERER YTD http://localhost:4200/ ::1 string","timestamp":"9:57:50 AM"}
{"level":"error","message":"LOG REFERER YTD http://localhost:4200/ ::1 string","timestamp":"9:57:50 AM"}
{"level":"error","message":"LOG REFERER YTD http://localhost:4200/ ::1 string","timestamp":"9:58:27 AM"}
{"level":"error","message":"LOG REFERER YTD http://localhost:4200/ ::1 string","timestamp":"9:58:27 AM"}
{"level":"error","message":"LOG REFERER YTD http://localhost:4200/ ::1 string","timestamp":"9:59:27 AM"}
{"level":"error","message":"LOG REFERER YTD http://localhost:4200/ ::1 string","timestamp":"9:59:27 AM"}
{"level":"error","message":"LOG REFERER YTD http://localhost:4200/ ::1 string","timestamp":"10:00:26 AM"}
{"level":"error","message":"LOG REFERER YTD http://localhost:4200/ ::1 string","timestamp":"10:00:26 AM"}
{"level":"error","message":"LOG REFERER YTD http://localhost:4200/ ::1 string","timestamp":"10:01:27 AM"}
{"level":"error","message":"LOG REFERER YTD http://localhost:4200/ ::1 string","timestamp":"10:01:27 AM"}
{"level":"error","message":"LOG REFERER YTD http://localhost:4200/ ::1 string","timestamp":"10:02:26 AM"}
{"level":"error","message":"LOG REFERER YTD http://localhost:4200/ ::1 string","timestamp":"10:02:26 AM"}
{"level":"error","message":"LOG REFERER YTD http://localhost:4200/ ::1 string","timestamp":"10:03:26 AM"}
{"level":"error","message":"LOG REFERER YTD http://localhost:4200/ ::1 string","timestamp":"10:03:26 AM"}
{"level":"error","message":"LOG REFERER YTD http://localhost:4200/ ::1 string","timestamp":"10:04:26 AM"}
{"level":"error","message":"LOG REFERER YTD http://localhost:4200/ ::1 string","timestamp":"10:04:26 AM"}
{"level":"error","message":"LOG REFERER YTD http://localhost:4200/ ::1 string","timestamp":"10:05:26 AM"}
{"level":"error","message":"LOG REFERER YTD http://localhost:4200/ ::1 string","timestamp":"10:05:26 AM"}
{"level":"error","message":"LOG REFERER YTD http://localhost:4200/ ::1 string","timestamp":"10:06:27 AM"}
{"level":"error","message":"LOG REFERER YTD http://localhost:4200/ ::1 string","timestamp":"10:06:27 AM"}
{"level":"error","message":"LOG REFERER YTD http://localhost:4200/ ::1 string","timestamp":"10:07:26 AM"}
{"level":"error","message":"LOG REFERER YTD http://localhost:4200/ ::1 string","timestamp":"10:07:26 AM"}
{"level":"error","message":"LOG REFERER YTD http://localhost:4200/ ::1 string","timestamp":"10:08:26 AM"}
{"level":"error","message":"LOG REFERER YTD http://localhost:4200/ ::1 string","timestamp":"10:08:26 AM"}
{"level":"error","message":"LOG REFERER YTD http://localhost:4200/ ::1 string","timestamp":"10:09:26 AM"}
{"level":"error","message":"LOG REFERER YTD http://localhost:4200/ ::1 string","timestamp":"10:09:26 AM"}
{"level":"error","message":"LOG REFERER YTD http://localhost:4200/ ::1 string","timestamp":"10:10:27 AM"}
{"level":"error","message":"LOG REFERER YTD http://localhost:4200/ ::1 string","timestamp":"10:10:27 AM"}
{"level":"error","message":"LOG REFERER YTD http://localhost:4200/ ::1 string","timestamp":"10:11:26 AM"}
{"level":"error","message":"LOG REFERER YTD http://localhost:4200/ ::1 string","timestamp":"10:11:26 AM"}
{"level":"error","message":"LOG REFERER YTD http://localhost:4200/ ::1 string","timestamp":"10:12:27 AM"}
{"level":"error","message":"LOG REFERER YTD http://localhost:4200/ ::1 string","timestamp":"10:12:27 AM"}
{"level":"error","message":"LOG REFERER YTD http://localhost:4200/ ::1 string","timestamp":"10:13:30 AM"}
{"level":"error","message":"LOG REFERER YTD http://localhost:4200/ ::1 string","timestamp":"10:13:30 AM"}
{"level":"error","message":"LOG REFERER YTD http://localhost:4200/ ::1 string","timestamp":"10:14:26 AM"}
{"level":"error","message":"LOG REFERER YTD http://localhost:4200/ ::1 string","timestamp":"10:14:26 AM"}
{"level":"error","message":"LOG REFERER YTD http://localhost:4200/ ::1 string","timestamp":"10:15:26 AM"}
{"level":"error","message":"LOG REFERER YTD http://localhost:4200/ ::1 string","timestamp":"10:15:26 AM"}
{"level":"error","message":"LOG REFERER YTD http://localhost:4200/ ::1 string","timestamp":"10:16:26 AM"}
{"level":"error","message":"LOG REFERER YTD http://localhost:4200/ ::1 string","timestamp":"10:16:26 AM"}
{"level":"error","message":"LOG REFERER YTD http://localhost:4200/ ::1 string","timestamp":"10:17:26 AM"}
{"level":"error","message":"LOG REFERER YTD http://localhost:4200/ ::1 string","timestamp":"10:17:26 AM"}
{"level":"error","message":"LOG REFERER YTD http://localhost:4200/ ::1 string","timestamp":"10:18:33 AM"}
{"level":"error","message":"LOG REFERER YTD http://localhost:4200/ ::1 string","timestamp":"10:18:33 AM"}
{"level":"error","message":"LOG REFERER YTD http://localhost:4200/ ::1 string","timestamp":"10:19:26 AM"}
{"level":"error","message":"LOG REFERER YTD http://localhost:4200/ ::1 string","timestamp":"10:19:26 AM"}
{"level":"error","message":"LOG REFERER YTD http://localhost:4200/ ::1 string","timestamp":"10:20:26 AM"}
{"level":"error","message":"LOG REFERER YTD http://localhost:4200/ ::1 string","timestamp":"10:20:26 AM"}
{"level":"error","message":"LOG REFERER YTD http://localhost:4200/ ::1 string","timestamp":"10:21:26 AM"}
{"level":"error","message":"LOG REFERER YTD http://localhost:4200/ ::1 string","timestamp":"10:21:26 AM"}
{"level":"error","message":"LOG REFERER YTD http://localhost:4200/ ::1 string","timestamp":"10:22:42 AM"}
{"level":"error","message":"LOG REFERER YTD http://localhost:4200/ ::1 string","timestamp":"10:22:42 AM"}
{"level":"error","message":"LOG REFERER YTD http://localhost:4200/ ::1 string","timestamp":"10:23:26 AM"}
{"level":"error","message":"LOG REFERER YTD http://localhost:4200/ ::1 string","timestamp":"10:23:26 AM"}
{"level":"error","message":"LOG REFERER YTD http://localhost:4200/ ::1 string","timestamp":"10:24:27 AM"}
{"level":"error","message":"LOG REFERER YTD http://localhost:4200/ ::1 string","timestamp":"10:24:27 AM"}
{"level":"error","message":"LOG REFERER YTD http://localhost:4200/ ::1 string","timestamp":"10:25:20 AM"}
{"level":"error","message":"LOG REFERER YTD http://localhost:4200/ ::1 string","timestamp":"10:25:20 AM"}
{"level":"error","message":"LOG REFERER YTD http://localhost:4200/ ::1 string","timestamp":"10:29:44 AM"}
{"level":"error","message":"LOG REFERER YTD http://localhost:4200/ ::1 string","timestamp":"10:29:44 AM"}
{"level":"error","message":"LOG REFERER YTD undefined ::ffff:127.0.0.1 undefined","timestamp":"10:29:44 AM"}
{"level":"error","message":"LOG REFERER YTD undefined ::ffff:127.0.0.1 undefined","timestamp":"10:29:45 AM"}
{"level":"error","message":"LOG REFERER YTD http://localhost:4200/ ::1 string","timestamp":"10:29:45 AM"}
{"level":"error","message":"LOG REFERER YTD http://localhost:4200/ ::1 string","timestamp":"10:29:50 AM"}
{"level":"error","message":"LOG REFERER YTD http://localhost:4200/ ::1 string","timestamp":"10:29:50 AM"}
{"level":"error","message":"LOG REFERER YTD undefined ::ffff:127.0.0.1 undefined","timestamp":"10:29:50 AM"}
{"level":"error","message":"LOG REFERER YTD http://localhost:4200/ ::1 string","timestamp":"10:31:13 AM"}
{"level":"error","message":"LOG REFERER YTD http://localhost:4200/ ::1 string","timestamp":"10:31:17 AM"}
{"level":"error","message":"LOG REFERER YTD http://localhost:4200/ ::1 string","timestamp":"10:31:17 AM"}
{"level":"error","message":"LOG REFERER YTD undefined ::ffff:127.0.0.1 undefined","timestamp":"10:31:17 AM"}
{"level":"error","message":"LOG REFERER YTD http://localhost:4200/ ::1 string","timestamp":"10:34:44 AM"}
{"level":"error","message":"LOG REFERER YTD http://localhost:4200/ ::1 string","timestamp":"10:34:49 AM"}
{"level":"error","message":"LOG REFERER YTD http://localhost:4200/ ::1 string","timestamp":"10:34:49 AM"}
{"level":"error","message":"LOG REFERER YTD undefined ::ffff:127.0.0.1 undefined","timestamp":"10:34:49 AM"}
{"level":"error","message":"LOG REFERER YTD http://localhost:4200/ ::1 string","timestamp":"10:36:25 AM"}
{"level":"error","message":"LOG REFERER YTD http://localhost:4200/ ::1 string","timestamp":"10:36:25 AM"}
{"level":"error","message":"Start api_log_summary { api_reference_number: 'ARN-9EQQR9DM-ILHX-WQHP-WGHO-OR5QW5NHDCKO_3912025_263318',\n  secret_key: 'SECRET-HZ07QRWY-JIBT-XRMQ-ZP95-J0RWP3DYRACW',\n  client_key: 'CLIENT-CNTP6NYE-CU9N-DUZW-CSPI-SH1IS4DOVHB9' }","timestamp":"10:36:25 AM"}
{"level":"error","message":"LOG REFERER YTD http://localhost:4200/ ::1 string","timestamp":"10:36:25 AM"}
{"level":"error","message":"LOG REFERER YTD undefined ::ffff:127.0.0.1 undefined","timestamp":"10:36:26 AM"}
{"level":"warn","message":"uncaughtException TypeError: Cannot read property 'od_final_premium' of undefined\n    at D:\\Office\\HorizonAPI\\SourceCode\\libs\\Base.js:3539:134\n    at D:\\Office\\HorizonAPI\\SourceCode\\node_modules\\mongojs\\lib\\cursor.js:59:24\n    at handleCallback (D:\\Office\\HorizonAPI\\SourceCode\\node_modules\\mongodb\\lib\\utils.js:95:56)\n    at D:\\Office\\HorizonAPI\\SourceCode\\node_modules\\mongodb\\lib\\cursor.js:674:5\n    at handleCallback (D:\\Office\\HorizonAPI\\SourceCode\\node_modules\\mongodb-core\\lib\\cursor.js:171:5)\n    at setCursorDeadAndNotified (D:\\Office\\HorizonAPI\\SourceCode\\node_modules\\mongodb-core\\lib\\cursor.js:505:3)\n    at nextFunction (D:\\Office\\HorizonAPI\\SourceCode\\node_modules\\mongodb-core\\lib\\cursor.js:651:7)\n    at Cursor.next [as _next] (D:\\Office\\HorizonAPI\\SourceCode\\node_modules\\mongodb-core\\lib\\cursor.js:692:3)\n    at nextObject (D:\\Office\\HorizonAPI\\SourceCode\\node_modules\\mongodb\\lib\\cursor.js:671:8)\n    at Cursor.next (D:\\Office\\HorizonAPI\\SourceCode\\node_modules\\mongodb\\lib\\cursor.js:261:12)\n    at D:\\Office\\HorizonAPI\\SourceCode\\node_modules\\mongojs\\lib\\cursor.js:36:14\n    at apply (D:\\Office\\HorizonAPI\\SourceCode\\node_modules\\thunky\\index.js:16:28)\n    at Cursor._get (D:\\Office\\HorizonAPI\\SourceCode\\node_modules\\thunky\\index.js:27:3)\n    at Cursor.next (D:\\Office\\HorizonAPI\\SourceCode\\node_modules\\mongojs\\lib\\cursor.js:30:8)\n    at Immediate.loop (D:\\Office\\HorizonAPI\\SourceCode\\node_modules\\mongojs\\lib\\cursor.js:57:10)\n    at runCallback (timers.js:651:20)\n    at tryOnImmediate (timers.js:624:5)\n    at processImmediate [as _immediateCallback] (timers.js:596:5)","timestamp":"10:36:26 AM"}
{"level":"error","message":"LOG REFERER YTD http://localhost:4200/ ::1 string","timestamp":"10:36:59 AM"}
{"level":"error","message":"LOG REFERER YTD http://localhost:4200/ ::1 string","timestamp":"10:37:03 AM"}
{"level":"error","message":"LOG REFERER YTD http://localhost:4200/ ::1 string","timestamp":"10:37:03 AM"}
{"level":"error","message":"LOG REFERER YTD undefined ::ffff:127.0.0.1 undefined","timestamp":"10:37:03 AM"}
{"level":"error","message":"Exception premium_list_db_handler_version_2 TypeError: Cannot read property 'od_final_premium' of undefined\n    at Motor.premium_list_db_handler_version_2 (D:\\Office\\HorizonAPI\\SourceCode\\libs\\Motor.js:1944:122)\n    at Motor.premium_list_db_handler (D:\\Office\\HorizonAPI\\SourceCode\\libs\\Motor.js:1723:18)\n    at D:\\Office\\HorizonAPI\\SourceCode\\libs\\Motor.js:1662:22\n    at D:\\Office\\HorizonAPI\\SourceCode\\node_modules\\mongojs\\lib\\cursor.js:59:24\n    at handleCallback (D:\\Office\\HorizonAPI\\SourceCode\\node_modules\\mongodb\\lib\\utils.js:95:56)\n    at D:\\Office\\HorizonAPI\\SourceCode\\node_modules\\mongodb\\lib\\cursor.js:674:5\n    at handleCallback (D:\\Office\\HorizonAPI\\SourceCode\\node_modules\\mongodb-core\\lib\\cursor.js:171:5)\n    at setCursorNotified (D:\\Office\\HorizonAPI\\SourceCode\\node_modules\\mongodb-core\\lib\\cursor.js:515:3)\n    at D:\\Office\\HorizonAPI\\SourceCode\\node_modules\\mongodb-core\\lib\\cursor.js:590:16\n    at queryCallback (D:\\Office\\HorizonAPI\\SourceCode\\node_modules\\mongodb-core\\lib\\cursor.js:232:18)\n    at D:\\Office\\HorizonAPI\\SourceCode\\node_modules\\mongodb-core\\lib\\connection\\pool.js:455:18\n    at _combinedTickCallback (internal/process/next_tick.js:67:7)\n    at process._tickCallback (internal/process/next_tick.js:98:9)","timestamp":"10:37:03 AM"}
{"level":"error","message":"LOG REFERER YTD http://localhost:4200/ ::1 string","timestamp":"10:38:25 AM"}
{"level":"error","message":"Start api_log_summary { api_reference_number: 'ARN-9EQQR9DM-ILHX-WQHP-WGHO-OR5QW5NHDCKO_3912025_263318',\n  secret_key: 'SECRET-HZ07QRWY-JIBT-XRMQ-ZP95-J0RWP3DYRACW',\n  client_key: 'CLIENT-CNTP6NYE-CU9N-DUZW-CSPI-SH1IS4DOVHB9' }","timestamp":"10:38:25 AM"}
{"level":"error","message":"LOG REFERER YTD undefined ::ffff:127.0.0.1 undefined","timestamp":"10:38:26 AM"}
{"level":"warn","message":"uncaughtException TypeError: Cannot read property 'od_final_premium' of undefined\n    at D:\\Office\\HorizonAPI\\SourceCode\\libs\\Base.js:3539:134\n    at D:\\Office\\HorizonAPI\\SourceCode\\node_modules\\mongojs\\lib\\cursor.js:59:24\n    at handleCallback (D:\\Office\\HorizonAPI\\SourceCode\\node_modules\\mongodb\\lib\\utils.js:95:56)\n    at D:\\Office\\HorizonAPI\\SourceCode\\node_modules\\mongodb\\lib\\cursor.js:674:5\n    at handleCallback (D:\\Office\\HorizonAPI\\SourceCode\\node_modules\\mongodb-core\\lib\\cursor.js:171:5)\n    at setCursorDeadAndNotified (D:\\Office\\HorizonAPI\\SourceCode\\node_modules\\mongodb-core\\lib\\cursor.js:505:3)\n    at nextFunction (D:\\Office\\HorizonAPI\\SourceCode\\node_modules\\mongodb-core\\lib\\cursor.js:651:7)\n    at Cursor.next [as _next] (D:\\Office\\HorizonAPI\\SourceCode\\node_modules\\mongodb-core\\lib\\cursor.js:692:3)\n    at nextObject (D:\\Office\\HorizonAPI\\SourceCode\\node_modules\\mongodb\\lib\\cursor.js:671:8)\n    at Cursor.next (D:\\Office\\HorizonAPI\\SourceCode\\node_modules\\mongodb\\lib\\cursor.js:261:12)\n    at D:\\Office\\HorizonAPI\\SourceCode\\node_modules\\mongojs\\lib\\cursor.js:36:14\n    at apply (D:\\Office\\HorizonAPI\\SourceCode\\node_modules\\thunky\\index.js:16:28)\n    at Cursor._get (D:\\Office\\HorizonAPI\\SourceCode\\node_modules\\thunky\\index.js:27:3)\n    at Cursor.next (D:\\Office\\HorizonAPI\\SourceCode\\node_modules\\mongojs\\lib\\cursor.js:30:8)\n    at Immediate.loop (D:\\Office\\HorizonAPI\\SourceCode\\node_modules\\mongojs\\lib\\cursor.js:57:10)\n    at runCallback (timers.js:651:20)\n    at tryOnImmediate (timers.js:624:5)\n    at processImmediate [as _immediateCallback] (timers.js:596:5)","timestamp":"10:38:26 AM"}
{"level":"error","message":"LOG REFERER YTD http://localhost:4200/ ::1 string","timestamp":"10:38:39 AM"}
{"level":"error","message":"LOG REFERER YTD http://localhost:4200/ ::1 string","timestamp":"10:38:40 AM"}
{"level":"error","message":"LOG REFERER YTD http://localhost:4200/ ::1 string","timestamp":"10:38:40 AM"}
{"level":"error","message":"Start api_log_summary { api_reference_number: 'ARN-9EQQR9DM-ILHX-WQHP-WGHO-OR5QW5NHDCKO_3912025_263318',\n  secret_key: 'SECRET-HZ07QRWY-JIBT-XRMQ-ZP95-J0RWP3DYRACW',\n  client_key: 'CLIENT-CNTP6NYE-CU9N-DUZW-CSPI-SH1IS4DOVHB9' }","timestamp":"10:38:40 AM"}
{"level":"error","message":"LOG REFERER YTD undefined ::ffff:127.0.0.1 undefined","timestamp":"10:38:40 AM"}
{"level":"error","message":"LOG REFERER YTD http://localhost:4200/ ::1 string","timestamp":"10:38:40 AM"}
{"level":"warn","message":"uncaughtException TypeError: Cannot read property 'od_final_premium' of undefined\n    at D:\\Office\\HorizonAPI\\SourceCode\\libs\\Base.js:3539:134\n    at D:\\Office\\HorizonAPI\\SourceCode\\node_modules\\mongojs\\lib\\cursor.js:59:24\n    at handleCallback (D:\\Office\\HorizonAPI\\SourceCode\\node_modules\\mongodb\\lib\\utils.js:95:56)\n    at D:\\Office\\HorizonAPI\\SourceCode\\node_modules\\mongodb\\lib\\cursor.js:674:5\n    at handleCallback (D:\\Office\\HorizonAPI\\SourceCode\\node_modules\\mongodb-core\\lib\\cursor.js:171:5)\n    at setCursorDeadAndNotified (D:\\Office\\HorizonAPI\\SourceCode\\node_modules\\mongodb-core\\lib\\cursor.js:505:3)\n    at nextFunction (D:\\Office\\HorizonAPI\\SourceCode\\node_modules\\mongodb-core\\lib\\cursor.js:651:7)\n    at Cursor.next [as _next] (D:\\Office\\HorizonAPI\\SourceCode\\node_modules\\mongodb-core\\lib\\cursor.js:692:3)\n    at nextObject (D:\\Office\\HorizonAPI\\SourceCode\\node_modules\\mongodb\\lib\\cursor.js:671:8)\n    at Cursor.next (D:\\Office\\HorizonAPI\\SourceCode\\node_modules\\mongodb\\lib\\cursor.js:261:12)\n    at D:\\Office\\HorizonAPI\\SourceCode\\node_modules\\mongojs\\lib\\cursor.js:36:14\n    at apply (D:\\Office\\HorizonAPI\\SourceCode\\node_modules\\thunky\\index.js:16:28)\n    at Cursor._get (D:\\Office\\HorizonAPI\\SourceCode\\node_modules\\thunky\\index.js:27:3)\n    at Cursor.next (D:\\Office\\HorizonAPI\\SourceCode\\node_modules\\mongojs\\lib\\cursor.js:30:8)\n    at Immediate.loop (D:\\Office\\HorizonAPI\\SourceCode\\node_modules\\mongojs\\lib\\cursor.js:57:10)\n    at runCallback (timers.js:651:20)\n    at tryOnImmediate (timers.js:624:5)\n    at processImmediate [as _immediateCallback] (timers.js:596:5)","timestamp":"10:38:40 AM"}
{"level":"error","message":"LOG REFERER YTD http://localhost:4200/ ::1 string","timestamp":"10:38:43 AM"}
{"level":"error","message":"LOG REFERER YTD http://localhost:4200/ ::1 string","timestamp":"10:38:43 AM"}
{"level":"error","message":"LOG REFERER YTD undefined ::ffff:127.0.0.1 undefined","timestamp":"10:38:43 AM"}
{"level":"error","message":"Exception premium_list_db_handler_version_2 TypeError: Cannot read property 'od_final_premium' of undefined\n    at Motor.premium_list_db_handler_version_2 (D:\\Office\\HorizonAPI\\SourceCode\\libs\\Motor.js:1944:122)\n    at Motor.premium_list_db_handler (D:\\Office\\HorizonAPI\\SourceCode\\libs\\Motor.js:1723:18)\n    at D:\\Office\\HorizonAPI\\SourceCode\\libs\\Motor.js:1662:22\n    at D:\\Office\\HorizonAPI\\SourceCode\\node_modules\\mongojs\\lib\\cursor.js:59:24\n    at handleCallback (D:\\Office\\HorizonAPI\\SourceCode\\node_modules\\mongodb\\lib\\utils.js:95:56)\n    at D:\\Office\\HorizonAPI\\SourceCode\\node_modules\\mongodb\\lib\\cursor.js:674:5\n    at handleCallback (D:\\Office\\HorizonAPI\\SourceCode\\node_modules\\mongodb-core\\lib\\cursor.js:171:5)\n    at setCursorNotified (D:\\Office\\HorizonAPI\\SourceCode\\node_modules\\mongodb-core\\lib\\cursor.js:515:3)\n    at D:\\Office\\HorizonAPI\\SourceCode\\node_modules\\mongodb-core\\lib\\cursor.js:590:16\n    at queryCallback (D:\\Office\\HorizonAPI\\SourceCode\\node_modules\\mongodb-core\\lib\\cursor.js:232:18)\n    at D:\\Office\\HorizonAPI\\SourceCode\\node_modules\\mongodb-core\\lib\\connection\\pool.js:455:18\n    at _combinedTickCallback (internal/process/next_tick.js:67:7)\n    at process._tickCallback (internal/process/next_tick.js:98:9)","timestamp":"10:38:43 AM"}
{"level":"error","message":"LOG REFERER YTD http://localhost:4201/ ::1 string","timestamp":"1:42:53 PM"}
{"level":"error","message":"LOG REFERER YTD http://localhost:4201/ ::1 string","timestamp":"1:42:54 PM"}
{"level":"error","message":"LOG REFERER YTD http://localhost:4201/ ::1 string","timestamp":"1:42:57 PM"}
{"level":"error","message":"LOG REFERER YTD http://localhost:4201/ ::1 string","timestamp":"1:42:58 PM"}
{"level":"error","message":"LOG REFERER YTD http://localhost:4201/ ::1 string","timestamp":"1:42:58 PM"}
{"level":"error","message":"LOG REFERER YTD http://localhost:4201/ ::1 string","timestamp":"1:43:21 PM"}
{"level":"error","message":"LOG REFERER YTD http://localhost:4201/ ::1 string","timestamp":"1:43:21 PM"}
{"level":"error","message":"LOG REFERER YTD http://localhost:4201/ ::1 string","timestamp":"1:43:50 PM"}
{"level":"error","message":"LOG REFERER YTD http://localhost:4201/ ::1 string","timestamp":"1:43:51 PM"}
{"level":"error","message":"LOG REFERER YTD http://localhost:4201/ ::1 string","timestamp":"1:44:21 PM"}
{"level":"error","message":"LOG REFERER YTD http://localhost:4201/ ::1 string","timestamp":"1:44:21 PM"}
