{"level":"info","message":"$$$$$$$$$$$$$$$$$$$$$$$$","timestamp":"11:51:33 AM"}
{"meta":"","level":"info","message":"","timestamp":"11:51:33 AM"}
{"level":"info","message":"Production Environment is Listening on port 3000","timestamp":"11:51:33 AM"}
{"level":"info","message":"Web URL : http://localhost:3000","timestamp":"11:51:33 AM"}
{"meta":"","level":"info","message":"","timestamp":"11:51:33 AM"}
{"level":"info","message":"$$$$$$$$$$$$$$$$$$$$$$$$","timestamp":"11:51:33 AM"}
{"meta":"","level":"info","message":"","timestamp":"11:51:33 AM"}
{"level":"info","message":"[]","timestamp":"1:15:37 PM"}
{"level":"info","message":"[]","timestamp":"2:13:03 PM"}
{"level":"info","message":"[]","timestamp":"3:17:01 PM"}
{"level":"info","message":"[]","timestamp":"3:23:50 PM"}
{"level":"info","message":"$$$$$$$$$$$$$$$$$$$$$$$$","timestamp":"4:30:05 PM"}
{"meta":"","level":"info","message":"","timestamp":"4:30:05 PM"}
{"level":"info","message":"Production Environment is Listening on port 3000","timestamp":"4:30:05 PM"}
{"level":"info","message":"Web URL : http://localhost:3000","timestamp":"4:30:05 PM"}
{"meta":"","level":"info","message":"","timestamp":"4:30:05 PM"}
{"level":"info","message":"$$$$$$$$$$$$$$$$$$$$$$$$","timestamp":"4:30:05 PM"}
{"meta":"","level":"info","message":"","timestamp":"4:30:05 PM"}
{"level":"info","message":"[]","timestamp":"4:40:51 PM"}
{"level":"info","message":"[]","timestamp":"5:32:56 PM"}
