{"level":"error","message":"LOG REFERER YTD undefined ::1 undefined","timestamp":"11:37:17 AM"}
{"level":"error","message":"Error: Request aborted\n    at IncomingMessage.<anonymous> (D:\\Office\\HorizonAPI\\SourceCode\\node_modules\\formidable\\lib\\incoming_form.js:120:19)\n    at emitNone (events.js:86:13)\n    at IncomingMessage.emit (events.js:185:7)\n    at abortIncoming (_http_server.js:283:11)\n    at Socket.serverSocketCloseListener (_http_server.js:296:5)\n    at emitOne (events.js:101:20)\n    at Socket.emit (events.js:188:7)\n    at TCP._handle.close [as _onclose] (net.js:498:12)","timestamp":"11:39:23 AM"}
{"level":"error","message":"LOG REFERER YTD undefined ::1 undefined","timestamp":"11:41:48 AM"}
{"level":"error","message":"Error: Request aborted\n    at IncomingMessage.<anonymous> (D:\\Office\\HorizonAPI\\SourceCode\\node_modules\\formidable\\lib\\incoming_form.js:120:19)\n    at emitNone (events.js:86:13)\n    at IncomingMessage.emit (events.js:185:7)\n    at abortIncoming (_http_server.js:283:11)\n    at Socket.socketOnEnd (_http_server.js:434:7)\n    at emitNone (events.js:91:20)\n    at Socket.emit (events.js:185:7)\n    at endReadableNT (_stream_readable.js:974:12)\n    at _combinedTickCallback (internal/process/next_tick.js:74:11)\n    at process._tickCallback (internal/process/next_tick.js:98:9)","timestamp":"11:42:23 AM"}
{"level":"error","message":"LOG REFERER YTD undefined ::1 undefined","timestamp":"11:46:37 AM"}
{"level":"error","message":"LOG REFERER YTD undefined ::1 undefined","timestamp":"11:54:16 AM"}
{"level":"error","message":"LOG REFERER YTD undefined ::1 undefined","timestamp":"11:58:31 AM"}
{"level":"error","message":"LOG REFERER YTD undefined ::1 undefined","timestamp":"12:10:09 PM"}
{"level":"error","message":"LOG REFERER YTD undefined ::1 undefined","timestamp":"12:12:42 PM"}
{"level":"error","message":"LOG REFERER YTD undefined ::1 undefined","timestamp":"12:15:40 PM"}
{"level":"error","message":"LOG REFERER YTD undefined ::1 undefined","timestamp":"12:17:09 PM"}
{"level":"error","message":"LOG REFERER YTD undefined ::1 undefined","timestamp":"12:49:28 PM"}
{"level":"warn","message":"uncaughtException ReferenceError: checkString is not defined\n    at D:\\Office\\HorizonAPI\\SourceCode\\routes\\quote.js:8018:23\n    at Query.<anonymous> (D:\\Office\\HorizonAPI\\SourceCode\\node_modules\\mongoose\\lib\\model.js:3738:16)\n    at D:\\Office\\HorizonAPI\\SourceCode\\node_modules\\kareem\\index.js:277:21\n    at D:\\Office\\HorizonAPI\\SourceCode\\node_modules\\kareem\\index.js:131:16\n    at _combinedTickCallback (internal/process/next_tick.js:67:7)\n    at process._tickCallback (internal/process/next_tick.js:98:9)","timestamp":"12:49:30 PM"}
{"level":"error","message":"LOG REFERER YTD undefined ::1 undefined","timestamp":"12:49:39 PM"}
{"level":"warn","message":"uncaughtException ReferenceError: checkString is not defined\n    at D:\\Office\\HorizonAPI\\SourceCode\\routes\\quote.js:8018:23\n    at Query.<anonymous> (D:\\Office\\HorizonAPI\\SourceCode\\node_modules\\mongoose\\lib\\model.js:3738:16)\n    at D:\\Office\\HorizonAPI\\SourceCode\\node_modules\\kareem\\index.js:277:21\n    at D:\\Office\\HorizonAPI\\SourceCode\\node_modules\\kareem\\index.js:131:16\n    at _combinedTickCallback (internal/process/next_tick.js:67:7)\n    at process._tickCallback (internal/process/next_tick.js:98:9)","timestamp":"12:51:41 PM"}
{"level":"error","message":"LOG REFERER YTD undefined ::1 undefined","timestamp":"12:53:16 PM"}
{"level":"error","message":"LOG REFERER YTD undefined ::1 undefined","timestamp":"12:55:54 PM"}
{"level":"warn","message":"uncaughtException TypeError: Cannot read property '0' of undefined\n    at D:\\Office\\HorizonAPI\\SourceCode\\routes\\quote.js:8047:32\n    at Query.<anonymous> (D:\\Office\\HorizonAPI\\SourceCode\\node_modules\\mongoose\\lib\\model.js:3738:16)\n    at D:\\Office\\HorizonAPI\\SourceCode\\node_modules\\kareem\\index.js:277:21\n    at D:\\Office\\HorizonAPI\\SourceCode\\node_modules\\kareem\\index.js:131:16\n    at _combinedTickCallback (internal/process/next_tick.js:67:7)\n    at process._tickCallback (internal/process/next_tick.js:98:9)","timestamp":"12:56:43 PM"}
{"level":"error","message":"LOG REFERER YTD undefined ::1 undefined","timestamp":"12:56:49 PM"}
{"level":"error","message":"LOG REFERER YTD undefined ::1 undefined","timestamp":"1:09:35 PM"}
{"level":"error","message":"LOG REFERER YTD undefined ::1 undefined","timestamp":"1:13:06 PM"}
{"level":"error","message":"LOG REFERER YTD undefined ::1 undefined","timestamp":"1:43:16 PM"}
{"level":"error","message":"LOG REFERER YTD undefined ::1 undefined","timestamp":"3:00:22 PM"}
{"level":"error","message":"LOG REFERER YTD undefined ::1 undefined","timestamp":"3:16:13 PM"}
{"level":"error","message":"LOG REFERER YTD undefined ::1 undefined","timestamp":"3:19:37 PM"}
{"level":"error","message":"LOG REFERER YTD undefined ::1 undefined","timestamp":"4:17:59 PM"}
{"level":"warn","message":"uncaughtException TypeError: Cannot read property '___salutation___' of undefined\n    at D:\\Office\\HorizonAPI\\SourceCode\\controllers\\digit_endorsment.js:29:31\n    at Query.<anonymous> (D:\\Office\\HorizonAPI\\SourceCode\\node_modules\\mongoose\\lib\\model.js:3738:16)\n    at D:\\Office\\HorizonAPI\\SourceCode\\node_modules\\kareem\\index.js:277:21\n    at D:\\Office\\HorizonAPI\\SourceCode\\node_modules\\kareem\\index.js:131:16\n    at _combinedTickCallback (internal/process/next_tick.js:67:7)\n    at process._tickCallback (internal/process/next_tick.js:98:9)","timestamp":"4:18:06 PM"}
{"level":"error","message":"LOG REFERER YTD undefined ::1 undefined","timestamp":"4:18:19 PM"}
{"level":"warn","message":"uncaughtException TypeError: Cannot read property '___salutation___' of undefined\n    at D:\\Office\\HorizonAPI\\SourceCode\\controllers\\digit_endorsment.js:29:31\n    at Query.<anonymous> (D:\\Office\\HorizonAPI\\SourceCode\\node_modules\\mongoose\\lib\\model.js:3738:16)\n    at D:\\Office\\HorizonAPI\\SourceCode\\node_modules\\kareem\\index.js:277:21\n    at D:\\Office\\HorizonAPI\\SourceCode\\node_modules\\kareem\\index.js:131:16\n    at _combinedTickCallback (internal/process/next_tick.js:67:7)\n    at process._tickCallback (internal/process/next_tick.js:98:9)","timestamp":"4:18:36 PM"}
{"level":"error","message":"LOG REFERER YTD undefined ::1 undefined","timestamp":"4:19:47 PM"}
{"level":"error","message":"LOG REFERER YTD undefined ::1 undefined","timestamp":"4:21:43 PM"}
{"level":"warn","message":"uncaughtException ReferenceError: objRequest is not defined\n    at D:\\Office\\HorizonAPI\\SourceCode\\controllers\\digit_endorsment.js:131:27\n    at Query.<anonymous> (D:\\Office\\HorizonAPI\\SourceCode\\node_modules\\mongoose\\lib\\model.js:3738:16)\n    at D:\\Office\\HorizonAPI\\SourceCode\\node_modules\\kareem\\index.js:277:21\n    at D:\\Office\\HorizonAPI\\SourceCode\\node_modules\\kareem\\index.js:131:16\n    at _combinedTickCallback (internal/process/next_tick.js:67:7)\n    at process._tickCallback (internal/process/next_tick.js:98:9)","timestamp":"4:21:56 PM"}
{"level":"error","message":"LOG REFERER YTD undefined ::1 undefined","timestamp":"4:24:12 PM"}
{"level":"error","message":"LOG REFERER YTD undefined ::1 undefined","timestamp":"4:59:02 PM"}
{"level":"error","message":"LOG REFERER YTD undefined ::1 undefined","timestamp":"5:02:19 PM"}
{"level":"error","message":"LOG REFERER YTD undefined ::1 undefined","timestamp":"5:06:33 PM"}
{"level":"error","message":"LOG REFERER YTD undefined ::ffff:127.0.0.1 undefined","timestamp":"6:05:39 PM"}
{"level":"error","message":"LOG REFERER YTD undefined ::ffff:127.0.0.1 undefined","timestamp":"6:06:09 PM"}
{"level":"error","message":"LOG REFERER YTD undefined ::ffff:127.0.0.1 undefined","timestamp":"6:06:48 PM"}
{"level":"error","message":"LOG REFERER YTD undefined ::ffff:127.0.0.1 undefined","timestamp":"6:07:10 PM"}
{"level":"error","message":"LOG REFERER YTD undefined ::ffff:127.0.0.1 undefined","timestamp":"6:07:18 PM"}
{"level":"error","message":"Error: Request aborted\n    at IncomingMessage.<anonymous> (D:\\Office\\HorizonAPI\\SourceCode\\node_modules\\formidable\\lib\\incoming_form.js:120:19)\n    at emitNone (events.js:86:13)\n    at IncomingMessage.emit (events.js:185:7)\n    at abortIncoming (_http_server.js:283:11)\n    at Socket.serverSocketCloseListener (_http_server.js:296:5)\n    at emitOne (events.js:101:20)\n    at Socket.emit (events.js:188:7)\n    at TCP._handle.close [as _onclose] (net.js:498:12)","timestamp":"6:07:40 PM"}
{"level":"error","message":"Error: Request aborted\n    at IncomingMessage.<anonymous> (D:\\Office\\HorizonAPI\\SourceCode\\node_modules\\formidable\\lib\\incoming_form.js:120:19)\n    at emitNone (events.js:86:13)\n    at IncomingMessage.emit (events.js:185:7)\n    at abortIncoming (_http_server.js:283:11)\n    at Socket.serverSocketCloseListener (_http_server.js:296:5)\n    at emitOne (events.js:101:20)\n    at Socket.emit (events.js:188:7)\n    at TCP._handle.close [as _onclose] (net.js:498:12)","timestamp":"6:07:40 PM"}
{"level":"error","message":"Error: Request aborted\n    at IncomingMessage.<anonymous> (D:\\Office\\HorizonAPI\\SourceCode\\node_modules\\formidable\\lib\\incoming_form.js:120:19)\n    at emitNone (events.js:86:13)\n    at IncomingMessage.emit (events.js:185:7)\n    at abortIncoming (_http_server.js:283:11)\n    at Socket.serverSocketCloseListener (_http_server.js:296:5)\n    at emitOne (events.js:101:20)\n    at Socket.emit (events.js:188:7)\n    at TCP._handle.close [as _onclose] (net.js:498:12)","timestamp":"6:07:40 PM"}
{"level":"error","message":"Error: Request aborted\n    at IncomingMessage.<anonymous> (D:\\Office\\HorizonAPI\\SourceCode\\node_modules\\formidable\\lib\\incoming_form.js:120:19)\n    at emitNone (events.js:86:13)\n    at IncomingMessage.emit (events.js:185:7)\n    at abortIncoming (_http_server.js:283:11)\n    at Socket.serverSocketCloseListener (_http_server.js:296:5)\n    at emitOne (events.js:101:20)\n    at Socket.emit (events.js:188:7)\n    at TCP._handle.close [as _onclose] (net.js:498:12)","timestamp":"6:07:40 PM"}
{"level":"error","message":"Error: Request aborted\n    at IncomingMessage.<anonymous> (D:\\Office\\HorizonAPI\\SourceCode\\node_modules\\formidable\\lib\\incoming_form.js:120:19)\n    at emitNone (events.js:86:13)\n    at IncomingMessage.emit (events.js:185:7)\n    at abortIncoming (_http_server.js:283:11)\n    at Socket.serverSocketCloseListener (_http_server.js:296:5)\n    at emitOne (events.js:101:20)\n    at Socket.emit (events.js:188:7)\n    at TCP._handle.close [as _onclose] (net.js:498:12)","timestamp":"6:07:40 PM"}
{"level":"error","message":"LOG REFERER YTD undefined ::ffff:127.0.0.1 undefined","timestamp":"6:10:46 PM"}
{"level":"error","message":"Error: Request aborted\n    at IncomingMessage.<anonymous> (D:\\Office\\HorizonAPI\\SourceCode\\node_modules\\formidable\\lib\\incoming_form.js:120:19)\n    at emitNone (events.js:86:13)\n    at IncomingMessage.emit (events.js:185:7)\n    at abortIncoming (_http_server.js:283:11)\n    at Socket.serverSocketCloseListener (_http_server.js:296:5)\n    at emitOne (events.js:101:20)\n    at Socket.emit (events.js:188:7)\n    at TCP._handle.close [as _onclose] (net.js:498:12)","timestamp":"6:12:46 PM"}
{"level":"error","message":"LOG REFERER YTD undefined ::ffff:127.0.0.1 undefined","timestamp":"6:39:37 PM"}
{"level":"error","message":"LOG REFERER YTD undefined ::ffff:127.0.0.1 undefined","timestamp":"6:39:52 PM"}
{"level":"error","message":"LOG REFERER YTD undefined ::ffff:127.0.0.1 undefined","timestamp":"6:40:07 PM"}
{"level":"error","message":"LOG REFERER YTD undefined ::ffff:127.0.0.1 undefined","timestamp":"6:41:19 PM"}
{"level":"error","message":"Error: Request aborted\n    at IncomingMessage.<anonymous> (D:\\Office\\HorizonAPI\\SourceCode\\node_modules\\formidable\\lib\\incoming_form.js:120:19)\n    at emitNone (events.js:86:13)\n    at IncomingMessage.emit (events.js:185:7)\n    at abortIncoming (_http_server.js:283:11)\n    at Socket.serverSocketCloseListener (_http_server.js:296:5)\n    at emitOne (events.js:101:20)\n    at Socket.emit (events.js:188:7)\n    at TCP._handle.close [as _onclose] (net.js:498:12)","timestamp":"6:41:37 PM"}
{"level":"error","message":"Error: Request aborted\n    at IncomingMessage.<anonymous> (D:\\Office\\HorizonAPI\\SourceCode\\node_modules\\formidable\\lib\\incoming_form.js:120:19)\n    at emitNone (events.js:86:13)\n    at IncomingMessage.emit (events.js:185:7)\n    at abortIncoming (_http_server.js:283:11)\n    at Socket.serverSocketCloseListener (_http_server.js:296:5)\n    at emitOne (events.js:101:20)\n    at Socket.emit (events.js:188:7)\n    at TCP._handle.close [as _onclose] (net.js:498:12)","timestamp":"6:41:37 PM"}
{"level":"error","message":"Error: Request aborted\n    at IncomingMessage.<anonymous> (D:\\Office\\HorizonAPI\\SourceCode\\node_modules\\formidable\\lib\\incoming_form.js:120:19)\n    at emitNone (events.js:86:13)\n    at IncomingMessage.emit (events.js:185:7)\n    at abortIncoming (_http_server.js:283:11)\n    at Socket.serverSocketCloseListener (_http_server.js:296:5)\n    at emitOne (events.js:101:20)\n    at Socket.emit (events.js:188:7)\n    at TCP._handle.close [as _onclose] (net.js:498:12)","timestamp":"6:41:37 PM"}
{"level":"error","message":"Error: Request aborted\n    at IncomingMessage.<anonymous> (D:\\Office\\HorizonAPI\\SourceCode\\node_modules\\formidable\\lib\\incoming_form.js:120:19)\n    at emitNone (events.js:86:13)\n    at IncomingMessage.emit (events.js:185:7)\n    at abortIncoming (_http_server.js:283:11)\n    at Socket.serverSocketCloseListener (_http_server.js:296:5)\n    at emitOne (events.js:101:20)\n    at Socket.emit (events.js:188:7)\n    at TCP._handle.close [as _onclose] (net.js:498:12)","timestamp":"6:41:37 PM"}
{"level":"error","message":"LOG REFERER YTD undefined ::ffff:127.0.0.1 undefined","timestamp":"6:46:43 PM"}
{"level":"error","message":"Error: Request aborted\n    at IncomingMessage.<anonymous> (D:\\Office\\HorizonAPI\\SourceCode\\node_modules\\formidable\\lib\\incoming_form.js:120:19)\n    at emitNone (events.js:86:13)\n    at IncomingMessage.emit (events.js:185:7)\n    at abortIncoming (_http_server.js:283:11)\n    at Socket.serverSocketCloseListener (_http_server.js:296:5)\n    at emitOne (events.js:101:20)\n    at Socket.emit (events.js:188:7)\n    at TCP._handle.close [as _onclose] (net.js:498:12)","timestamp":"6:48:43 PM"}
{"level":"error","message":"LOG REFERER YTD undefined ::ffff:127.0.0.1 undefined","timestamp":"7:00:13 PM"}
{"level":"error","message":"LOG REFERER YTD http://localhost:7000/ ::1 string","timestamp":"7:00:30 PM"}
{"level":"error","message":"Error: Request aborted\n    at IncomingMessage.<anonymous> (D:\\Office\\HorizonAPI\\SourceCode\\node_modules\\formidable\\lib\\incoming_form.js:120:19)\n    at emitNone (events.js:86:13)\n    at IncomingMessage.emit (events.js:185:7)\n    at abortIncoming (_http_server.js:283:11)\n    at Socket.serverSocketCloseListener (_http_server.js:296:5)\n    at emitOne (events.js:101:20)\n    at Socket.emit (events.js:188:7)\n    at TCP._handle.close [as _onclose] (net.js:498:12)","timestamp":"7:02:13 PM"}
