{"level":"info","message":"$$$$$$$$$$$$$$$$$$$$$$$$","timestamp":"11:44:32 AM"}
{"meta":"","level":"info","message":"","timestamp":"11:44:32 AM"}
{"level":"info","message":"Development Environment is Listening on port 3000","timestamp":"11:44:32 AM"}
{"level":"info","message":"Web URL : http://localhost:3000","timestamp":"11:44:32 AM"}
{"meta":"","level":"info","message":"","timestamp":"11:44:32 AM"}
{"level":"info","message":"$$$$$$$$$$$$$$$$$$$$$$$$","timestamp":"11:44:32 AM"}
{"meta":"","level":"info","message":"","timestamp":"11:44:32 AM"}
{"level":"info","message":"$$$$$$$$$$$$$$$$$$$$$$$$","timestamp":"11:46:19 AM"}
{"meta":"","level":"info","message":"","timestamp":"11:46:19 AM"}
{"level":"info","message":"Development Environment is Listening on port 3000","timestamp":"11:46:19 AM"}
{"level":"info","message":"Web URL : http://localhost:3000","timestamp":"11:46:19 AM"}
{"meta":"","level":"info","message":"","timestamp":"11:46:19 AM"}
{"level":"info","message":"$$$$$$$$$$$$$$$$$$$$$$$$","timestamp":"11:46:19 AM"}
{"meta":"","level":"info","message":"","timestamp":"11:46:19 AM"}
{"level":"info","message":"$$$$$$$$$$$$$$$$$$$$$$$$","timestamp":"11:53:05 AM"}
{"meta":"","level":"info","message":"","timestamp":"11:53:05 AM"}
{"level":"info","message":"Development Environment is Listening on port 3000","timestamp":"11:53:05 AM"}
{"level":"info","message":"Web URL : http://localhost:3000","timestamp":"11:53:05 AM"}
{"meta":"","level":"info","message":"","timestamp":"11:53:05 AM"}
{"level":"info","message":"$$$$$$$$$$$$$$$$$$$$$$$$","timestamp":"11:53:05 AM"}
{"meta":"","level":"info","message":"","timestamp":"11:53:05 AM"}
{"level":"info","message":"$$$$$$$$$$$$$$$$$$$$$$$$","timestamp":"11:55:47 AM"}
{"meta":"","level":"info","message":"","timestamp":"11:55:47 AM"}
{"level":"info","message":"Development Environment is Listening on port 3000","timestamp":"11:55:47 AM"}
{"level":"info","message":"Web URL : http://localhost:3000","timestamp":"11:55:47 AM"}
{"meta":"","level":"info","message":"","timestamp":"11:55:47 AM"}
{"level":"info","message":"$$$$$$$$$$$$$$$$$$$$$$$$","timestamp":"11:55:47 AM"}
{"meta":"","level":"info","message":"","timestamp":"11:55:47 AM"}
{"level":"info","message":"[{\"$match\":{\"Product_Id_New\":null,\"Model_ID\":null}},{\"$sort\":{\"Variant_Name\":1}}]","timestamp":"11:59:55 AM"}
{"level":"info","message":"$$$$$$$$$$$$$$$$$$$$$$$$","timestamp":"12:18:31 PM"}
{"meta":"","level":"info","message":"","timestamp":"12:18:31 PM"}
{"level":"info","message":"Development Environment is Listening on port 3000","timestamp":"12:18:31 PM"}
{"level":"info","message":"Web URL : http://localhost:3000","timestamp":"12:18:31 PM"}
{"meta":"","level":"info","message":"","timestamp":"12:18:31 PM"}
{"level":"info","message":"$$$$$$$$$$$$$$$$$$$$$$$$","timestamp":"12:18:31 PM"}
{"meta":"","level":"info","message":"","timestamp":"12:18:31 PM"}
{"level":"info","message":"$$$$$$$$$$$$$$$$$$$$$$$$","timestamp":"12:30:47 PM"}
{"meta":"","level":"info","message":"","timestamp":"12:30:47 PM"}
{"level":"info","message":"Development Environment is Listening on port 3000","timestamp":"12:30:47 PM"}
{"level":"info","message":"Web URL : http://localhost:3000","timestamp":"12:30:47 PM"}
{"meta":"","level":"info","message":"","timestamp":"12:30:47 PM"}
{"level":"info","message":"$$$$$$$$$$$$$$$$$$$$$$$$","timestamp":"12:30:47 PM"}
{"meta":"","level":"info","message":"","timestamp":"12:30:47 PM"}
{"level":"info","message":"$$$$$$$$$$$$$$$$$$$$$$$$","timestamp":"12:34:58 PM"}
{"meta":"","level":"info","message":"","timestamp":"12:34:58 PM"}
{"level":"info","message":"Development Environment is Listening on port 3000","timestamp":"12:34:58 PM"}
{"level":"info","message":"Web URL : http://localhost:3000","timestamp":"12:34:58 PM"}
{"meta":"","level":"info","message":"","timestamp":"12:34:58 PM"}
{"level":"info","message":"$$$$$$$$$$$$$$$$$$$$$$$$","timestamp":"12:34:58 PM"}
{"meta":"","level":"info","message":"","timestamp":"12:34:58 PM"}
{"level":"info","message":"service called","timestamp":"12:35:49 PM"}
{"level":"info","message":"$$$$$$$$$$$$$$$$$$$$$$$$","timestamp":"12:38:29 PM"}
{"meta":"","level":"info","message":"","timestamp":"12:38:29 PM"}
{"level":"info","message":"Development Environment is Listening on port 3000","timestamp":"12:38:29 PM"}
{"level":"info","message":"Web URL : http://localhost:3000","timestamp":"12:38:29 PM"}
{"meta":"","level":"info","message":"","timestamp":"12:38:29 PM"}
{"level":"info","message":"$$$$$$$$$$$$$$$$$$$$$$$$","timestamp":"12:38:29 PM"}
{"meta":"","level":"info","message":"","timestamp":"12:38:29 PM"}
{"level":"info","message":"service called","timestamp":"12:39:14 PM"}
{"level":"info","message":"$$$$$$$$$$$$$$$$$$$$$$$$","timestamp":"12:44:20 PM"}
{"meta":"","level":"info","message":"","timestamp":"12:44:20 PM"}
{"level":"info","message":"Development Environment is Listening on port 3000","timestamp":"12:44:20 PM"}
{"level":"info","message":"Web URL : http://localhost:3000","timestamp":"12:44:20 PM"}
{"meta":"","level":"info","message":"","timestamp":"12:44:20 PM"}
{"level":"info","message":"$$$$$$$$$$$$$$$$$$$$$$$$","timestamp":"12:44:20 PM"}
{"meta":"","level":"info","message":"","timestamp":"12:44:20 PM"}
{"level":"info","message":"$$$$$$$$$$$$$$$$$$$$$$$$","timestamp":"12:46:11 PM"}
{"meta":"","level":"info","message":"","timestamp":"12:46:11 PM"}
{"level":"info","message":"Development Environment is Listening on port 3000","timestamp":"12:46:11 PM"}
{"level":"info","message":"Web URL : http://localhost:3000","timestamp":"12:46:11 PM"}
{"meta":"","level":"info","message":"","timestamp":"12:46:11 PM"}
{"level":"info","message":"$$$$$$$$$$$$$$$$$$$$$$$$","timestamp":"12:46:11 PM"}
{"meta":"","level":"info","message":"","timestamp":"12:46:11 PM"}
{"level":"info","message":"$$$$$$$$$$$$$$$$$$$$$$$$","timestamp":"12:49:16 PM"}
{"meta":"","level":"info","message":"","timestamp":"12:49:16 PM"}
{"level":"info","message":"Development Environment is Listening on port 3000","timestamp":"12:49:16 PM"}
{"level":"info","message":"Web URL : http://localhost:3000","timestamp":"12:49:16 PM"}
{"meta":"","level":"info","message":"","timestamp":"12:49:16 PM"}
{"level":"info","message":"$$$$$$$$$$$$$$$$$$$$$$$$","timestamp":"12:49:16 PM"}
{"meta":"","level":"info","message":"","timestamp":"12:49:16 PM"}
{"level":"info","message":"$$$$$$$$$$$$$$$$$$$$$$$$","timestamp":"2:01:14 PM"}
{"meta":"","level":"info","message":"","timestamp":"2:01:14 PM"}
{"level":"info","message":"Development Environment is Listening on port 3000","timestamp":"2:01:14 PM"}
{"level":"info","message":"Web URL : http://localhost:3000","timestamp":"2:01:14 PM"}
{"meta":"","level":"info","message":"","timestamp":"2:01:14 PM"}
{"level":"info","message":"$$$$$$$$$$$$$$$$$$$$$$$$","timestamp":"2:01:14 PM"}
{"meta":"","level":"info","message":"","timestamp":"2:01:14 PM"}
{"level":"info","message":"$$$$$$$$$$$$$$$$$$$$$$$$","timestamp":"2:02:23 PM"}
{"meta":"","level":"info","message":"","timestamp":"2:02:23 PM"}
{"level":"info","message":"Development Environment is Listening on port 3000","timestamp":"2:02:23 PM"}
{"level":"info","message":"Web URL : http://localhost:3000","timestamp":"2:02:23 PM"}
{"meta":"","level":"info","message":"","timestamp":"2:02:23 PM"}
{"level":"info","message":"$$$$$$$$$$$$$$$$$$$$$$$$","timestamp":"2:02:23 PM"}
{"meta":"","level":"info","message":"","timestamp":"2:02:23 PM"}
{"level":"info","message":"$$$$$$$$$$$$$$$$$$$$$$$$","timestamp":"2:03:31 PM"}
{"meta":"","level":"info","message":"","timestamp":"2:03:31 PM"}
{"level":"info","message":"Development Environment is Listening on port 3000","timestamp":"2:03:31 PM"}
{"level":"info","message":"Web URL : http://localhost:3000","timestamp":"2:03:31 PM"}
{"meta":"","level":"info","message":"","timestamp":"2:03:31 PM"}
{"level":"info","message":"$$$$$$$$$$$$$$$$$$$$$$$$","timestamp":"2:03:31 PM"}
{"meta":"","level":"info","message":"","timestamp":"2:03:31 PM"}
{"level":"info","message":"$$$$$$$$$$$$$$$$$$$$$$$$","timestamp":"2:25:31 PM"}
{"meta":"","level":"info","message":"","timestamp":"2:25:31 PM"}
{"level":"info","message":"Development Environment is Listening on port 3000","timestamp":"2:25:31 PM"}
{"level":"info","message":"Web URL : http://localhost:3000","timestamp":"2:25:31 PM"}
{"meta":"","level":"info","message":"","timestamp":"2:25:31 PM"}
{"level":"info","message":"$$$$$$$$$$$$$$$$$$$$$$$$","timestamp":"2:25:31 PM"}
{"meta":"","level":"info","message":"","timestamp":"2:25:31 PM"}
{"level":"info","message":"Waiting api_log_summary","timestamp":"2:27:22 PM"}
{"level":"info","message":"Client_Details { Platform: 'Website',\n  Role: 'LMClient',\n  Integration_Type: 'NonPOSP',\n  Premium_Source: 'Real',\n  __v: 0,\n  Response_Type: 'QUOTE',\n  Client_Name: 'PolicyBoss',\n  Client_Unique_Id: 'CLIENT-CNTP6NYE-CU9N-DUZW-CSPI-SH1IS4DOVHB9',\n  Secret_Key: 'SECRET-HZ07QRWY-JIBT-XRMQ-ZP95-J0RWP3DYRACW',\n  Created_On: '2017-05-17T12:55:14.111Z',\n  Is_Active: true,\n  Modified_On: '2017-05-17T12:55:14.111Z',\n  Client_Id: 2,\n  _id: '591c48321cc1042aec9ee6c9' }","timestamp":"2:27:22 PM"}
{"level":"info","message":"Finish api_log_summary","timestamp":"2:27:22 PM"}
{"level":"info","message":"Start save_user_data","timestamp":"2:27:26 PM"}
{"level":"info","message":"Waiting api_log_summary","timestamp":"2:27:26 PM"}
{"level":"info","message":"Client_Details { Platform: 'Website',\n  Role: 'LMClient',\n  Integration_Type: 'NonPOSP',\n  Premium_Source: 'Real',\n  __v: 0,\n  Response_Type: 'QUOTE',\n  Client_Name: 'PolicyBoss',\n  Client_Unique_Id: 'CLIENT-CNTP6NYE-CU9N-DUZW-CSPI-SH1IS4DOVHB9',\n  Secret_Key: 'SECRET-HZ07QRWY-JIBT-XRMQ-ZP95-J0RWP3DYRACW',\n  Created_On: '2017-05-17T12:55:14.111Z',\n  Is_Active: true,\n  Modified_On: '2017-05-17T12:55:14.111Z',\n  Client_Id: 2,\n  _id: '591c48321cc1042aec9ee6c9' }","timestamp":"2:27:27 PM"}
{"level":"info","message":"Finish api_log_summary","timestamp":"2:27:27 PM"}
{"level":"info","message":"UserDataUpdated null { n: 1, nModified: 1, ok: 1 }","timestamp":"2:27:27 PM"}
{"level":"info","message":"Waiting api_log_summary","timestamp":"2:27:30 PM"}
{"level":"info","message":"Client_Details { Platform: 'Website',\n  Role: 'LMClient',\n  Integration_Type: 'NonPOSP',\n  Premium_Source: 'Real',\n  __v: 0,\n  Response_Type: 'QUOTE',\n  Client_Name: 'PolicyBoss',\n  Client_Unique_Id: 'CLIENT-CNTP6NYE-CU9N-DUZW-CSPI-SH1IS4DOVHB9',\n  Secret_Key: 'SECRET-HZ07QRWY-JIBT-XRMQ-ZP95-J0RWP3DYRACW',\n  Created_On: '2017-05-17T12:55:14.111Z',\n  Is_Active: true,\n  Modified_On: '2017-05-17T12:55:14.111Z',\n  Client_Id: 2,\n  _id: '591c48321cc1042aec9ee6c9' }","timestamp":"2:27:30 PM"}
{"level":"info","message":"Finish api_log_summary","timestamp":"2:27:30 PM"}
{"level":"info","message":"Start save_user_data","timestamp":"2:27:30 PM"}
{"level":"info","message":"Waiting api_log_summary","timestamp":"2:27:30 PM"}
{"level":"info","message":"Client_Details { Platform: 'Website',\n  Role: 'LMClient',\n  Integration_Type: 'NonPOSP',\n  Premium_Source: 'Real',\n  __v: 0,\n  Response_Type: 'QUOTE',\n  Client_Name: 'PolicyBoss',\n  Client_Unique_Id: 'CLIENT-CNTP6NYE-CU9N-DUZW-CSPI-SH1IS4DOVHB9',\n  Secret_Key: 'SECRET-HZ07QRWY-JIBT-XRMQ-ZP95-J0RWP3DYRACW',\n  Created_On: '2017-05-17T12:55:14.111Z',\n  Is_Active: true,\n  Modified_On: '2017-05-17T12:55:14.111Z',\n  Client_Id: 2,\n  _id: '591c48321cc1042aec9ee6c9' }","timestamp":"2:27:30 PM"}
{"level":"info","message":"Finish api_log_summary","timestamp":"2:27:30 PM"}
{"level":"info","message":"UserDataUpdated null { n: 1, nModified: 1, ok: 1 }","timestamp":"2:27:30 PM"}
{"level":"info","message":"$$$$$$$$$$$$$$$$$$$$$$$$","timestamp":"2:43:11 PM"}
{"meta":"","level":"info","message":"","timestamp":"2:43:11 PM"}
{"level":"info","message":"Development Environment is Listening on port 3000","timestamp":"2:43:11 PM"}
{"level":"info","message":"Web URL : http://localhost:3000","timestamp":"2:43:11 PM"}
{"meta":"","level":"info","message":"","timestamp":"2:43:11 PM"}
{"level":"info","message":"$$$$$$$$$$$$$$$$$$$$$$$$","timestamp":"2:43:11 PM"}
{"meta":"","level":"info","message":"","timestamp":"2:43:11 PM"}
{"level":"info","message":"Waiting api_log_summary","timestamp":"2:47:51 PM"}
{"level":"info","message":"Client_Details { Platform: 'Website',\n  Role: 'LMClient',\n  Integration_Type: 'NonPOSP',\n  Premium_Source: 'Real',\n  __v: 0,\n  Response_Type: 'QUOTE',\n  Client_Name: 'PolicyBoss',\n  Client_Unique_Id: 'CLIENT-CNTP6NYE-CU9N-DUZW-CSPI-SH1IS4DOVHB9',\n  Secret_Key: 'SECRET-HZ07QRWY-JIBT-XRMQ-ZP95-J0RWP3DYRACW',\n  Created_On: '2017-05-17T12:55:14.111Z',\n  Is_Active: true,\n  Modified_On: '2017-05-17T12:55:14.111Z',\n  Client_Id: 2,\n  _id: '591c48321cc1042aec9ee6c9' }","timestamp":"2:47:52 PM"}
{"level":"info","message":"Finish api_log_summary","timestamp":"2:47:52 PM"}
{"level":"info","message":"Start save_user_data","timestamp":"2:47:57 PM"}
{"level":"info","message":"Waiting api_log_summary","timestamp":"2:47:57 PM"}
{"level":"info","message":"Client_Details { Platform: 'Website',\n  Role: 'LMClient',\n  Integration_Type: 'NonPOSP',\n  Premium_Source: 'Real',\n  __v: 0,\n  Response_Type: 'QUOTE',\n  Client_Name: 'PolicyBoss',\n  Client_Unique_Id: 'CLIENT-CNTP6NYE-CU9N-DUZW-CSPI-SH1IS4DOVHB9',\n  Secret_Key: 'SECRET-HZ07QRWY-JIBT-XRMQ-ZP95-J0RWP3DYRACW',\n  Created_On: '2017-05-17T12:55:14.111Z',\n  Is_Active: true,\n  Modified_On: '2017-05-17T12:55:14.111Z',\n  Client_Id: 2,\n  _id: '591c48321cc1042aec9ee6c9' }","timestamp":"2:47:57 PM"}
{"level":"info","message":"Finish api_log_summary","timestamp":"2:47:57 PM"}
{"level":"info","message":"UserDataUpdated null { n: 1, nModified: 1, ok: 1 }","timestamp":"2:47:57 PM"}
{"level":"info","message":"Waiting api_log_summary","timestamp":"2:51:31 PM"}
{"level":"info","message":"Client_Details { Platform: 'Website',\n  Role: 'LMClient',\n  Integration_Type: 'NonPOSP',\n  Premium_Source: 'Real',\n  __v: 0,\n  Response_Type: 'QUOTE',\n  Client_Name: 'PolicyBoss',\n  Client_Unique_Id: 'CLIENT-CNTP6NYE-CU9N-DUZW-CSPI-SH1IS4DOVHB9',\n  Secret_Key: 'SECRET-HZ07QRWY-JIBT-XRMQ-ZP95-J0RWP3DYRACW',\n  Created_On: '2017-05-17T12:55:14.111Z',\n  Is_Active: true,\n  Modified_On: '2017-05-17T12:55:14.111Z',\n  Client_Id: 2,\n  _id: '591c48321cc1042aec9ee6c9' }","timestamp":"2:51:31 PM"}
{"level":"info","message":"Finish api_log_summary","timestamp":"2:51:31 PM"}
{"level":"info","message":"Start save_user_data","timestamp":"2:51:31 PM"}
{"level":"info","message":"Waiting api_log_summary","timestamp":"2:51:31 PM"}
{"level":"info","message":"Client_Details { Platform: 'Website',\n  Role: 'LMClient',\n  Integration_Type: 'NonPOSP',\n  Premium_Source: 'Real',\n  __v: 0,\n  Response_Type: 'QUOTE',\n  Client_Name: 'PolicyBoss',\n  Client_Unique_Id: 'CLIENT-CNTP6NYE-CU9N-DUZW-CSPI-SH1IS4DOVHB9',\n  Secret_Key: 'SECRET-HZ07QRWY-JIBT-XRMQ-ZP95-J0RWP3DYRACW',\n  Created_On: '2017-05-17T12:55:14.111Z',\n  Is_Active: true,\n  Modified_On: '2017-05-17T12:55:14.111Z',\n  Client_Id: 2,\n  _id: '591c48321cc1042aec9ee6c9' }","timestamp":"2:51:31 PM"}
{"level":"info","message":"Finish api_log_summary","timestamp":"2:51:31 PM"}
{"level":"info","message":"UserDataUpdated null { n: 1, nModified: 1, ok: 1 }","timestamp":"2:51:31 PM"}
{"level":"info","message":"Start save_user_data","timestamp":"2:51:45 PM"}
{"level":"info","message":"Waiting api_log_summary","timestamp":"2:51:45 PM"}
{"level":"info","message":"Client_Details { Platform: 'Website',\n  Role: 'LMClient',\n  Integration_Type: 'NonPOSP',\n  Premium_Source: 'Real',\n  __v: 0,\n  Response_Type: 'QUOTE',\n  Client_Name: 'PolicyBoss',\n  Client_Unique_Id: 'CLIENT-CNTP6NYE-CU9N-DUZW-CSPI-SH1IS4DOVHB9',\n  Secret_Key: 'SECRET-HZ07QRWY-JIBT-XRMQ-ZP95-J0RWP3DYRACW',\n  Created_On: '2017-05-17T12:55:14.111Z',\n  Is_Active: true,\n  Modified_On: '2017-05-17T12:55:14.111Z',\n  Client_Id: 2,\n  _id: '591c48321cc1042aec9ee6c9' }","timestamp":"2:51:45 PM"}
{"level":"info","message":"Finish api_log_summary","timestamp":"2:51:45 PM"}
{"level":"info","message":"UserDataUpdated null { n: 1, nModified: 1, ok: 1 }","timestamp":"2:51:45 PM"}
{"level":"info","message":"Start save_user_data","timestamp":"2:51:55 PM"}
{"level":"info","message":"Waiting api_log_summary","timestamp":"2:51:55 PM"}
{"level":"info","message":"Start save_user_data","timestamp":"2:51:55 PM"}
{"level":"info","message":"Waiting api_log_summary","timestamp":"2:51:55 PM"}
{"level":"info","message":"Client_Details { Platform: 'Website',\n  Role: 'LMClient',\n  Integration_Type: 'NonPOSP',\n  Premium_Source: 'Real',\n  __v: 0,\n  Response_Type: 'QUOTE',\n  Client_Name: 'PolicyBoss',\n  Client_Unique_Id: 'CLIENT-CNTP6NYE-CU9N-DUZW-CSPI-SH1IS4DOVHB9',\n  Secret_Key: 'SECRET-HZ07QRWY-JIBT-XRMQ-ZP95-J0RWP3DYRACW',\n  Created_On: '2017-05-17T12:55:14.111Z',\n  Is_Active: true,\n  Modified_On: '2017-05-17T12:55:14.111Z',\n  Client_Id: 2,\n  _id: '591c48321cc1042aec9ee6c9' }","timestamp":"2:51:55 PM"}
{"level":"info","message":"Finish api_log_summary","timestamp":"2:51:55 PM"}
{"level":"info","message":"Client_Details { Platform: 'Website',\n  Role: 'LMClient',\n  Integration_Type: 'NonPOSP',\n  Premium_Source: 'Real',\n  __v: 0,\n  Response_Type: 'QUOTE',\n  Client_Name: 'PolicyBoss',\n  Client_Unique_Id: 'CLIENT-CNTP6NYE-CU9N-DUZW-CSPI-SH1IS4DOVHB9',\n  Secret_Key: 'SECRET-HZ07QRWY-JIBT-XRMQ-ZP95-J0RWP3DYRACW',\n  Created_On: '2017-05-17T12:55:14.111Z',\n  Is_Active: true,\n  Modified_On: '2017-05-17T12:55:14.111Z',\n  Client_Id: 2,\n  _id: '591c48321cc1042aec9ee6c9' }","timestamp":"2:51:55 PM"}
{"level":"info","message":"Finish api_log_summary","timestamp":"2:51:55 PM"}
{"level":"info","message":"UserDataUpdated null { n: 1, nModified: 1, ok: 1 }","timestamp":"2:51:55 PM"}
{"level":"info","message":"UserDataUpdated null { n: 1, nModified: 1, ok: 1 }","timestamp":"2:51:55 PM"}
{"level":"info","message":"Start save_user_data","timestamp":"2:52:04 PM"}
{"level":"info","message":"Waiting api_log_summary","timestamp":"2:52:04 PM"}
{"level":"info","message":"Start save_user_data","timestamp":"2:52:04 PM"}
{"level":"info","message":"Waiting api_log_summary","timestamp":"2:52:04 PM"}
{"level":"info","message":"Client_Details { Platform: 'Website',\n  Role: 'LMClient',\n  Integration_Type: 'NonPOSP',\n  Premium_Source: 'Real',\n  __v: 0,\n  Response_Type: 'QUOTE',\n  Client_Name: 'PolicyBoss',\n  Client_Unique_Id: 'CLIENT-CNTP6NYE-CU9N-DUZW-CSPI-SH1IS4DOVHB9',\n  Secret_Key: 'SECRET-HZ07QRWY-JIBT-XRMQ-ZP95-J0RWP3DYRACW',\n  Created_On: '2017-05-17T12:55:14.111Z',\n  Is_Active: true,\n  Modified_On: '2017-05-17T12:55:14.111Z',\n  Client_Id: 2,\n  _id: '591c48321cc1042aec9ee6c9' }","timestamp":"2:52:04 PM"}
{"level":"info","message":"Finish api_log_summary","timestamp":"2:52:04 PM"}
{"level":"info","message":"Client_Details { Platform: 'Website',\n  Role: 'LMClient',\n  Integration_Type: 'NonPOSP',\n  Premium_Source: 'Real',\n  __v: 0,\n  Response_Type: 'QUOTE',\n  Client_Name: 'PolicyBoss',\n  Client_Unique_Id: 'CLIENT-CNTP6NYE-CU9N-DUZW-CSPI-SH1IS4DOVHB9',\n  Secret_Key: 'SECRET-HZ07QRWY-JIBT-XRMQ-ZP95-J0RWP3DYRACW',\n  Created_On: '2017-05-17T12:55:14.111Z',\n  Is_Active: true,\n  Modified_On: '2017-05-17T12:55:14.111Z',\n  Client_Id: 2,\n  _id: '591c48321cc1042aec9ee6c9' }","timestamp":"2:52:04 PM"}
{"level":"info","message":"Finish api_log_summary","timestamp":"2:52:04 PM"}
{"level":"info","message":"UserDataUpdated null { n: 1, nModified: 1, ok: 1 }","timestamp":"2:52:04 PM"}
{"level":"info","message":"UserDataUpdated null { n: 1, nModified: 1, ok: 1 }","timestamp":"2:52:04 PM"}
{"level":"info","message":"Start save_user_data","timestamp":"2:52:09 PM"}
{"level":"info","message":"Waiting api_log_summary","timestamp":"2:52:09 PM"}
{"level":"info","message":"Start save_user_data","timestamp":"2:52:09 PM"}
{"level":"info","message":"Waiting api_log_summary","timestamp":"2:52:09 PM"}
{"level":"info","message":"Client_Details { Platform: 'Website',\n  Role: 'LMClient',\n  Integration_Type: 'NonPOSP',\n  Premium_Source: 'Real',\n  __v: 0,\n  Response_Type: 'QUOTE',\n  Client_Name: 'PolicyBoss',\n  Client_Unique_Id: 'CLIENT-CNTP6NYE-CU9N-DUZW-CSPI-SH1IS4DOVHB9',\n  Secret_Key: 'SECRET-HZ07QRWY-JIBT-XRMQ-ZP95-J0RWP3DYRACW',\n  Created_On: '2017-05-17T12:55:14.111Z',\n  Is_Active: true,\n  Modified_On: '2017-05-17T12:55:14.111Z',\n  Client_Id: 2,\n  _id: '591c48321cc1042aec9ee6c9' }","timestamp":"2:52:09 PM"}
{"level":"info","message":"Finish api_log_summary","timestamp":"2:52:09 PM"}
{"level":"info","message":"Client_Details { Platform: 'Website',\n  Role: 'LMClient',\n  Integration_Type: 'NonPOSP',\n  Premium_Source: 'Real',\n  __v: 0,\n  Response_Type: 'QUOTE',\n  Client_Name: 'PolicyBoss',\n  Client_Unique_Id: 'CLIENT-CNTP6NYE-CU9N-DUZW-CSPI-SH1IS4DOVHB9',\n  Secret_Key: 'SECRET-HZ07QRWY-JIBT-XRMQ-ZP95-J0RWP3DYRACW',\n  Created_On: '2017-05-17T12:55:14.111Z',\n  Is_Active: true,\n  Modified_On: '2017-05-17T12:55:14.111Z',\n  Client_Id: 2,\n  _id: '591c48321cc1042aec9ee6c9' }","timestamp":"2:52:10 PM"}
{"level":"info","message":"Finish api_log_summary","timestamp":"2:52:10 PM"}
{"level":"info","message":"UserDataUpdated null { n: 1, nModified: 1, ok: 1 }","timestamp":"2:52:10 PM"}
{"level":"info","message":"UserDataUpdated null { n: 1, nModified: 1, ok: 1 }","timestamp":"2:52:10 PM"}
{"level":"info","message":"Start save_user_data","timestamp":"2:52:11 PM"}
{"level":"info","message":"Waiting api_log_summary","timestamp":"2:52:11 PM"}
{"level":"info","message":"Client_Details { Platform: 'Website',\n  Role: 'LMClient',\n  Integration_Type: 'NonPOSP',\n  Premium_Source: 'Real',\n  __v: 0,\n  Response_Type: 'QUOTE',\n  Client_Name: 'PolicyBoss',\n  Client_Unique_Id: 'CLIENT-CNTP6NYE-CU9N-DUZW-CSPI-SH1IS4DOVHB9',\n  Secret_Key: 'SECRET-HZ07QRWY-JIBT-XRMQ-ZP95-J0RWP3DYRACW',\n  Created_On: '2017-05-17T12:55:14.111Z',\n  Is_Active: true,\n  Modified_On: '2017-05-17T12:55:14.111Z',\n  Client_Id: 2,\n  _id: '591c48321cc1042aec9ee6c9' }","timestamp":"2:52:11 PM"}
{"level":"info","message":"Finish api_log_summary","timestamp":"2:52:11 PM"}
{"level":"info","message":"UserDataUpdated null { n: 1, nModified: 1, ok: 1 }","timestamp":"2:52:11 PM"}
{"level":"info","message":"Start save_user_data","timestamp":"2:52:27 PM"}
{"level":"info","message":"Waiting api_log_summary","timestamp":"2:52:27 PM"}
{"level":"info","message":"Client_Details { Platform: 'Website',\n  Role: 'LMClient',\n  Integration_Type: 'NonPOSP',\n  Premium_Source: 'Real',\n  __v: 0,\n  Response_Type: 'QUOTE',\n  Client_Name: 'PolicyBoss',\n  Client_Unique_Id: 'CLIENT-CNTP6NYE-CU9N-DUZW-CSPI-SH1IS4DOVHB9',\n  Secret_Key: 'SECRET-HZ07QRWY-JIBT-XRMQ-ZP95-J0RWP3DYRACW',\n  Created_On: '2017-05-17T12:55:14.111Z',\n  Is_Active: true,\n  Modified_On: '2017-05-17T12:55:14.111Z',\n  Client_Id: 2,\n  _id: '591c48321cc1042aec9ee6c9' }","timestamp":"2:52:27 PM"}
{"level":"info","message":"Finish api_log_summary","timestamp":"2:52:27 PM"}
{"level":"info","message":"UserDataUpdated null { n: 1, nModified: 1, ok: 1 }","timestamp":"2:52:27 PM"}
{"level":"info","message":"Waiting api_log_summary","timestamp":"2:53:45 PM"}
{"level":"info","message":"Client_Details { Platform: 'Website',\n  Role: 'LMClient',\n  Integration_Type: 'NonPOSP',\n  Premium_Source: 'Real',\n  __v: 0,\n  Response_Type: 'QUOTE',\n  Client_Name: 'PolicyBoss',\n  Client_Unique_Id: 'CLIENT-CNTP6NYE-CU9N-DUZW-CSPI-SH1IS4DOVHB9',\n  Secret_Key: 'SECRET-HZ07QRWY-JIBT-XRMQ-ZP95-J0RWP3DYRACW',\n  Created_On: '2017-05-17T12:55:14.111Z',\n  Is_Active: true,\n  Modified_On: '2017-05-17T12:55:14.111Z',\n  Client_Id: 2,\n  _id: '591c48321cc1042aec9ee6c9' }","timestamp":"2:53:45 PM"}
{"level":"info","message":"Finish api_log_summary","timestamp":"2:53:45 PM"}
{"level":"info","message":"Start save_user_data","timestamp":"2:53:45 PM"}
{"level":"info","message":"Waiting api_log_summary","timestamp":"2:53:45 PM"}
{"level":"info","message":"Client_Details { Platform: 'Website',\n  Role: 'LMClient',\n  Integration_Type: 'NonPOSP',\n  Premium_Source: 'Real',\n  __v: 0,\n  Response_Type: 'QUOTE',\n  Client_Name: 'PolicyBoss',\n  Client_Unique_Id: 'CLIENT-CNTP6NYE-CU9N-DUZW-CSPI-SH1IS4DOVHB9',\n  Secret_Key: 'SECRET-HZ07QRWY-JIBT-XRMQ-ZP95-J0RWP3DYRACW',\n  Created_On: '2017-05-17T12:55:14.111Z',\n  Is_Active: true,\n  Modified_On: '2017-05-17T12:55:14.111Z',\n  Client_Id: 2,\n  _id: '591c48321cc1042aec9ee6c9' }","timestamp":"2:53:45 PM"}
{"level":"info","message":"Finish api_log_summary","timestamp":"2:53:45 PM"}
{"level":"info","message":"UserDataUpdated null { n: 1, nModified: 1, ok: 1 }","timestamp":"2:53:45 PM"}
{"level":"info","message":"Start save_user_data","timestamp":"2:53:48 PM"}
{"level":"info","message":"Waiting api_log_summary","timestamp":"2:53:48 PM"}
{"level":"info","message":"Client_Details { Platform: 'Website',\n  Role: 'LMClient',\n  Integration_Type: 'NonPOSP',\n  Premium_Source: 'Real',\n  __v: 0,\n  Response_Type: 'QUOTE',\n  Client_Name: 'PolicyBoss',\n  Client_Unique_Id: 'CLIENT-CNTP6NYE-CU9N-DUZW-CSPI-SH1IS4DOVHB9',\n  Secret_Key: 'SECRET-HZ07QRWY-JIBT-XRMQ-ZP95-J0RWP3DYRACW',\n  Created_On: '2017-05-17T12:55:14.111Z',\n  Is_Active: true,\n  Modified_On: '2017-05-17T12:55:14.111Z',\n  Client_Id: 2,\n  _id: '591c48321cc1042aec9ee6c9' }","timestamp":"2:53:48 PM"}
{"level":"info","message":"Finish api_log_summary","timestamp":"2:53:48 PM"}
{"level":"info","message":"UserDataUpdated null { n: 1, nModified: 1, ok: 1 }","timestamp":"2:53:48 PM"}
{"level":"info","message":"Start save_user_data","timestamp":"2:53:57 PM"}
{"level":"info","message":"Waiting api_log_summary","timestamp":"2:53:57 PM"}
{"level":"info","message":"Start save_user_data","timestamp":"2:53:57 PM"}
{"level":"info","message":"Waiting api_log_summary","timestamp":"2:53:57 PM"}
{"level":"info","message":"Start save_user_data","timestamp":"2:53:57 PM"}
{"level":"info","message":"Waiting api_log_summary","timestamp":"2:53:57 PM"}
{"level":"info","message":"Client_Details { Platform: 'Website',\n  Role: 'LMClient',\n  Integration_Type: 'NonPOSP',\n  Premium_Source: 'Real',\n  __v: 0,\n  Response_Type: 'QUOTE',\n  Client_Name: 'PolicyBoss',\n  Client_Unique_Id: 'CLIENT-CNTP6NYE-CU9N-DUZW-CSPI-SH1IS4DOVHB9',\n  Secret_Key: 'SECRET-HZ07QRWY-JIBT-XRMQ-ZP95-J0RWP3DYRACW',\n  Created_On: '2017-05-17T12:55:14.111Z',\n  Is_Active: true,\n  Modified_On: '2017-05-17T12:55:14.111Z',\n  Client_Id: 2,\n  _id: '591c48321cc1042aec9ee6c9' }","timestamp":"2:53:57 PM"}
{"level":"info","message":"Finish api_log_summary","timestamp":"2:53:57 PM"}
{"level":"info","message":"Client_Details { Platform: 'Website',\n  Role: 'LMClient',\n  Integration_Type: 'NonPOSP',\n  Premium_Source: 'Real',\n  __v: 0,\n  Response_Type: 'QUOTE',\n  Client_Name: 'PolicyBoss',\n  Client_Unique_Id: 'CLIENT-CNTP6NYE-CU9N-DUZW-CSPI-SH1IS4DOVHB9',\n  Secret_Key: 'SECRET-HZ07QRWY-JIBT-XRMQ-ZP95-J0RWP3DYRACW',\n  Created_On: '2017-05-17T12:55:14.111Z',\n  Is_Active: true,\n  Modified_On: '2017-05-17T12:55:14.111Z',\n  Client_Id: 2,\n  _id: '591c48321cc1042aec9ee6c9' }","timestamp":"2:53:57 PM"}
{"level":"info","message":"Finish api_log_summary","timestamp":"2:53:57 PM"}
{"level":"info","message":"Start save_user_data","timestamp":"2:53:57 PM"}
{"level":"info","message":"Waiting api_log_summary","timestamp":"2:53:57 PM"}
{"level":"info","message":"Client_Details { Platform: 'Website',\n  Role: 'LMClient',\n  Integration_Type: 'NonPOSP',\n  Premium_Source: 'Real',\n  __v: 0,\n  Response_Type: 'QUOTE',\n  Client_Name: 'PolicyBoss',\n  Client_Unique_Id: 'CLIENT-CNTP6NYE-CU9N-DUZW-CSPI-SH1IS4DOVHB9',\n  Secret_Key: 'SECRET-HZ07QRWY-JIBT-XRMQ-ZP95-J0RWP3DYRACW',\n  Created_On: '2017-05-17T12:55:14.111Z',\n  Is_Active: true,\n  Modified_On: '2017-05-17T12:55:14.111Z',\n  Client_Id: 2,\n  _id: '591c48321cc1042aec9ee6c9' }","timestamp":"2:53:57 PM"}
{"level":"info","message":"Finish api_log_summary","timestamp":"2:53:57 PM"}
{"level":"info","message":"Client_Details { Platform: 'Website',\n  Role: 'LMClient',\n  Integration_Type: 'NonPOSP',\n  Premium_Source: 'Real',\n  __v: 0,\n  Response_Type: 'QUOTE',\n  Client_Name: 'PolicyBoss',\n  Client_Unique_Id: 'CLIENT-CNTP6NYE-CU9N-DUZW-CSPI-SH1IS4DOVHB9',\n  Secret_Key: 'SECRET-HZ07QRWY-JIBT-XRMQ-ZP95-J0RWP3DYRACW',\n  Created_On: '2017-05-17T12:55:14.111Z',\n  Is_Active: true,\n  Modified_On: '2017-05-17T12:55:14.111Z',\n  Client_Id: 2,\n  _id: '591c48321cc1042aec9ee6c9' }","timestamp":"2:53:57 PM"}
{"level":"info","message":"Finish api_log_summary","timestamp":"2:53:57 PM"}
{"level":"info","message":"UserDataUpdated null { n: 1, nModified: 1, ok: 1 }","timestamp":"2:53:57 PM"}
{"level":"info","message":"UserDataUpdated null { n: 1, nModified: 1, ok: 1 }","timestamp":"2:53:57 PM"}
{"level":"info","message":"UserDataUpdated null { n: 1, nModified: 1, ok: 1 }","timestamp":"2:53:57 PM"}
{"level":"info","message":"UserDataUpdated null { n: 1, nModified: 1, ok: 1 }","timestamp":"2:53:57 PM"}
{"level":"info","message":"Start save_user_data","timestamp":"2:54:01 PM"}
{"level":"info","message":"Waiting api_log_summary","timestamp":"2:54:01 PM"}
{"level":"info","message":"Client_Details { Platform: 'Website',\n  Role: 'LMClient',\n  Integration_Type: 'NonPOSP',\n  Premium_Source: 'Real',\n  __v: 0,\n  Response_Type: 'QUOTE',\n  Client_Name: 'PolicyBoss',\n  Client_Unique_Id: 'CLIENT-CNTP6NYE-CU9N-DUZW-CSPI-SH1IS4DOVHB9',\n  Secret_Key: 'SECRET-HZ07QRWY-JIBT-XRMQ-ZP95-J0RWP3DYRACW',\n  Created_On: '2017-05-17T12:55:14.111Z',\n  Is_Active: true,\n  Modified_On: '2017-05-17T12:55:14.111Z',\n  Client_Id: 2,\n  _id: '591c48321cc1042aec9ee6c9' }","timestamp":"2:54:01 PM"}
{"level":"info","message":"Finish api_log_summary","timestamp":"2:54:01 PM"}
{"level":"info","message":"UserDataUpdated null { n: 1, nModified: 1, ok: 1 }","timestamp":"2:54:01 PM"}
{"level":"info","message":"Waiting api_log_summary","timestamp":"2:54:19 PM"}
{"level":"info","message":"Client_Details { Platform: 'Website',\n  Role: 'LMClient',\n  Integration_Type: 'NonPOSP',\n  Premium_Source: 'Real',\n  __v: 0,\n  Response_Type: 'QUOTE',\n  Client_Name: 'PolicyBoss',\n  Client_Unique_Id: 'CLIENT-CNTP6NYE-CU9N-DUZW-CSPI-SH1IS4DOVHB9',\n  Secret_Key: 'SECRET-HZ07QRWY-JIBT-XRMQ-ZP95-J0RWP3DYRACW',\n  Created_On: '2017-05-17T12:55:14.111Z',\n  Is_Active: true,\n  Modified_On: '2017-05-17T12:55:14.111Z',\n  Client_Id: 2,\n  _id: '591c48321cc1042aec9ee6c9' }","timestamp":"2:54:19 PM"}
{"level":"info","message":"Finish api_log_summary","timestamp":"2:54:19 PM"}
{"level":"info","message":"Start save_user_data","timestamp":"2:54:20 PM"}
{"level":"info","message":"Waiting api_log_summary","timestamp":"2:54:20 PM"}
{"level":"info","message":"Client_Details { Platform: 'Website',\n  Role: 'LMClient',\n  Integration_Type: 'NonPOSP',\n  Premium_Source: 'Real',\n  __v: 0,\n  Response_Type: 'QUOTE',\n  Client_Name: 'PolicyBoss',\n  Client_Unique_Id: 'CLIENT-CNTP6NYE-CU9N-DUZW-CSPI-SH1IS4DOVHB9',\n  Secret_Key: 'SECRET-HZ07QRWY-JIBT-XRMQ-ZP95-J0RWP3DYRACW',\n  Created_On: '2017-05-17T12:55:14.111Z',\n  Is_Active: true,\n  Modified_On: '2017-05-17T12:55:14.111Z',\n  Client_Id: 2,\n  _id: '591c48321cc1042aec9ee6c9' }","timestamp":"2:54:20 PM"}
{"level":"info","message":"Finish api_log_summary","timestamp":"2:54:20 PM"}
{"level":"info","message":"UserDataUpdated null { n: 1, nModified: 1, ok: 1 }","timestamp":"2:54:20 PM"}
{"level":"info","message":"Start save_user_data","timestamp":"2:54:24 PM"}
{"level":"info","message":"Waiting api_log_summary","timestamp":"2:54:24 PM"}
{"level":"info","message":"Client_Details { Platform: 'Website',\n  Role: 'LMClient',\n  Integration_Type: 'NonPOSP',\n  Premium_Source: 'Real',\n  __v: 0,\n  Response_Type: 'QUOTE',\n  Client_Name: 'PolicyBoss',\n  Client_Unique_Id: 'CLIENT-CNTP6NYE-CU9N-DUZW-CSPI-SH1IS4DOVHB9',\n  Secret_Key: 'SECRET-HZ07QRWY-JIBT-XRMQ-ZP95-J0RWP3DYRACW',\n  Created_On: '2017-05-17T12:55:14.111Z',\n  Is_Active: true,\n  Modified_On: '2017-05-17T12:55:14.111Z',\n  Client_Id: 2,\n  _id: '591c48321cc1042aec9ee6c9' }","timestamp":"2:54:24 PM"}
{"level":"info","message":"Finish api_log_summary","timestamp":"2:54:24 PM"}
{"level":"info","message":"UserDataUpdated null { n: 1, nModified: 1, ok: 1 }","timestamp":"2:54:24 PM"}
{"level":"info","message":"Start save_user_data","timestamp":"2:54:34 PM"}
{"level":"info","message":"Waiting api_log_summary","timestamp":"2:54:34 PM"}
{"level":"info","message":"Start save_user_data","timestamp":"2:54:34 PM"}
{"level":"info","message":"Waiting api_log_summary","timestamp":"2:54:34 PM"}
{"level":"info","message":"Start save_user_data","timestamp":"2:54:34 PM"}
{"level":"info","message":"Waiting api_log_summary","timestamp":"2:54:34 PM"}
{"level":"info","message":"Start save_user_data","timestamp":"2:54:34 PM"}
{"level":"info","message":"Waiting api_log_summary","timestamp":"2:54:34 PM"}
{"level":"info","message":"Client_Details { Platform: 'Website',\n  Role: 'LMClient',\n  Integration_Type: 'NonPOSP',\n  Premium_Source: 'Real',\n  __v: 0,\n  Response_Type: 'QUOTE',\n  Client_Name: 'PolicyBoss',\n  Client_Unique_Id: 'CLIENT-CNTP6NYE-CU9N-DUZW-CSPI-SH1IS4DOVHB9',\n  Secret_Key: 'SECRET-HZ07QRWY-JIBT-XRMQ-ZP95-J0RWP3DYRACW',\n  Created_On: '2017-05-17T12:55:14.111Z',\n  Is_Active: true,\n  Modified_On: '2017-05-17T12:55:14.111Z',\n  Client_Id: 2,\n  _id: '591c48321cc1042aec9ee6c9' }","timestamp":"2:54:34 PM"}
{"level":"info","message":"Finish api_log_summary","timestamp":"2:54:34 PM"}
{"level":"info","message":"Client_Details { Platform: 'Website',\n  Role: 'LMClient',\n  Integration_Type: 'NonPOSP',\n  Premium_Source: 'Real',\n  __v: 0,\n  Response_Type: 'QUOTE',\n  Client_Name: 'PolicyBoss',\n  Client_Unique_Id: 'CLIENT-CNTP6NYE-CU9N-DUZW-CSPI-SH1IS4DOVHB9',\n  Secret_Key: 'SECRET-HZ07QRWY-JIBT-XRMQ-ZP95-J0RWP3DYRACW',\n  Created_On: '2017-05-17T12:55:14.111Z',\n  Is_Active: true,\n  Modified_On: '2017-05-17T12:55:14.111Z',\n  Client_Id: 2,\n  _id: '591c48321cc1042aec9ee6c9' }","timestamp":"2:54:34 PM"}
{"level":"info","message":"Finish api_log_summary","timestamp":"2:54:34 PM"}
{"level":"info","message":"Client_Details { Platform: 'Website',\n  Role: 'LMClient',\n  Integration_Type: 'NonPOSP',\n  Premium_Source: 'Real',\n  __v: 0,\n  Response_Type: 'QUOTE',\n  Client_Name: 'PolicyBoss',\n  Client_Unique_Id: 'CLIENT-CNTP6NYE-CU9N-DUZW-CSPI-SH1IS4DOVHB9',\n  Secret_Key: 'SECRET-HZ07QRWY-JIBT-XRMQ-ZP95-J0RWP3DYRACW',\n  Created_On: '2017-05-17T12:55:14.111Z',\n  Is_Active: true,\n  Modified_On: '2017-05-17T12:55:14.111Z',\n  Client_Id: 2,\n  _id: '591c48321cc1042aec9ee6c9' }","timestamp":"2:54:34 PM"}
{"level":"info","message":"Finish api_log_summary","timestamp":"2:54:34 PM"}
{"level":"info","message":"Client_Details { Platform: 'Website',\n  Role: 'LMClient',\n  Integration_Type: 'NonPOSP',\n  Premium_Source: 'Real',\n  __v: 0,\n  Response_Type: 'QUOTE',\n  Client_Name: 'PolicyBoss',\n  Client_Unique_Id: 'CLIENT-CNTP6NYE-CU9N-DUZW-CSPI-SH1IS4DOVHB9',\n  Secret_Key: 'SECRET-HZ07QRWY-JIBT-XRMQ-ZP95-J0RWP3DYRACW',\n  Created_On: '2017-05-17T12:55:14.111Z',\n  Is_Active: true,\n  Modified_On: '2017-05-17T12:55:14.111Z',\n  Client_Id: 2,\n  _id: '591c48321cc1042aec9ee6c9' }","timestamp":"2:54:34 PM"}
{"level":"info","message":"Finish api_log_summary","timestamp":"2:54:34 PM"}
{"level":"info","message":"UserDataUpdated null { n: 1, nModified: 1, ok: 1 }","timestamp":"2:54:34 PM"}
{"level":"info","message":"UserDataUpdated null { n: 1, nModified: 1, ok: 1 }","timestamp":"2:54:34 PM"}
{"level":"info","message":"UserDataUpdated null { n: 1, nModified: 1, ok: 1 }","timestamp":"2:54:34 PM"}
{"level":"info","message":"UserDataUpdated null { n: 1, nModified: 1, ok: 1 }","timestamp":"2:54:34 PM"}
{"level":"info","message":"Waiting api_log_summary","timestamp":"2:55:17 PM"}
{"level":"info","message":"Client_Details { Platform: 'Website',\n  Role: 'LMClient',\n  Integration_Type: 'NonPOSP',\n  Premium_Source: 'Real',\n  __v: 0,\n  Response_Type: 'QUOTE',\n  Client_Name: 'PolicyBoss',\n  Client_Unique_Id: 'CLIENT-CNTP6NYE-CU9N-DUZW-CSPI-SH1IS4DOVHB9',\n  Secret_Key: 'SECRET-HZ07QRWY-JIBT-XRMQ-ZP95-J0RWP3DYRACW',\n  Created_On: '2017-05-17T12:55:14.111Z',\n  Is_Active: true,\n  Modified_On: '2017-05-17T12:55:14.111Z',\n  Client_Id: 2,\n  _id: '591c48321cc1042aec9ee6c9' }","timestamp":"2:55:17 PM"}
{"level":"info","message":"Finish api_log_summary","timestamp":"2:55:17 PM"}
{"level":"info","message":"Start save_user_data","timestamp":"2:55:18 PM"}
{"level":"info","message":"Waiting api_log_summary","timestamp":"2:55:18 PM"}
{"level":"info","message":"Client_Details { Platform: 'Website',\n  Role: 'LMClient',\n  Integration_Type: 'NonPOSP',\n  Premium_Source: 'Real',\n  __v: 0,\n  Response_Type: 'QUOTE',\n  Client_Name: 'PolicyBoss',\n  Client_Unique_Id: 'CLIENT-CNTP6NYE-CU9N-DUZW-CSPI-SH1IS4DOVHB9',\n  Secret_Key: 'SECRET-HZ07QRWY-JIBT-XRMQ-ZP95-J0RWP3DYRACW',\n  Created_On: '2017-05-17T12:55:14.111Z',\n  Is_Active: true,\n  Modified_On: '2017-05-17T12:55:14.111Z',\n  Client_Id: 2,\n  _id: '591c48321cc1042aec9ee6c9' }","timestamp":"2:55:18 PM"}
{"level":"info","message":"Finish api_log_summary","timestamp":"2:55:18 PM"}
{"level":"info","message":"UserDataUpdated null { n: 1, nModified: 1, ok: 1 }","timestamp":"2:55:18 PM"}
{"level":"info","message":"Start save_user_data","timestamp":"2:55:20 PM"}
{"level":"info","message":"Waiting api_log_summary","timestamp":"2:55:20 PM"}
{"level":"info","message":"Client_Details { Platform: 'Website',\n  Role: 'LMClient',\n  Integration_Type: 'NonPOSP',\n  Premium_Source: 'Real',\n  __v: 0,\n  Response_Type: 'QUOTE',\n  Client_Name: 'PolicyBoss',\n  Client_Unique_Id: 'CLIENT-CNTP6NYE-CU9N-DUZW-CSPI-SH1IS4DOVHB9',\n  Secret_Key: 'SECRET-HZ07QRWY-JIBT-XRMQ-ZP95-J0RWP3DYRACW',\n  Created_On: '2017-05-17T12:55:14.111Z',\n  Is_Active: true,\n  Modified_On: '2017-05-17T12:55:14.111Z',\n  Client_Id: 2,\n  _id: '591c48321cc1042aec9ee6c9' }","timestamp":"2:55:20 PM"}
{"level":"info","message":"Finish api_log_summary","timestamp":"2:55:20 PM"}
{"level":"info","message":"UserDataUpdated null { n: 1, nModified: 1, ok: 1 }","timestamp":"2:55:20 PM"}
{"level":"info","message":"Start save_user_data","timestamp":"2:55:30 PM"}
{"level":"info","message":"Waiting api_log_summary","timestamp":"2:55:30 PM"}
{"level":"info","message":"Client_Details { Platform: 'Website',\n  Role: 'LMClient',\n  Integration_Type: 'NonPOSP',\n  Premium_Source: 'Real',\n  __v: 0,\n  Response_Type: 'QUOTE',\n  Client_Name: 'PolicyBoss',\n  Client_Unique_Id: 'CLIENT-CNTP6NYE-CU9N-DUZW-CSPI-SH1IS4DOVHB9',\n  Secret_Key: 'SECRET-HZ07QRWY-JIBT-XRMQ-ZP95-J0RWP3DYRACW',\n  Created_On: '2017-05-17T12:55:14.111Z',\n  Is_Active: true,\n  Modified_On: '2017-05-17T12:55:14.111Z',\n  Client_Id: 2,\n  _id: '591c48321cc1042aec9ee6c9' }","timestamp":"2:55:30 PM"}
{"level":"info","message":"Finish api_log_summary","timestamp":"2:55:30 PM"}
{"level":"info","message":"Start save_user_data","timestamp":"2:55:30 PM"}
{"level":"info","message":"Waiting api_log_summary","timestamp":"2:55:30 PM"}
{"level":"info","message":"Start save_user_data","timestamp":"2:55:30 PM"}
{"level":"info","message":"Waiting api_log_summary","timestamp":"2:55:30 PM"}
{"level":"info","message":"Start save_user_data","timestamp":"2:55:30 PM"}
{"level":"info","message":"Waiting api_log_summary","timestamp":"2:55:30 PM"}
{"level":"info","message":"Client_Details { Platform: 'Website',\n  Role: 'LMClient',\n  Integration_Type: 'NonPOSP',\n  Premium_Source: 'Real',\n  __v: 0,\n  Response_Type: 'QUOTE',\n  Client_Name: 'PolicyBoss',\n  Client_Unique_Id: 'CLIENT-CNTP6NYE-CU9N-DUZW-CSPI-SH1IS4DOVHB9',\n  Secret_Key: 'SECRET-HZ07QRWY-JIBT-XRMQ-ZP95-J0RWP3DYRACW',\n  Created_On: '2017-05-17T12:55:14.111Z',\n  Is_Active: true,\n  Modified_On: '2017-05-17T12:55:14.111Z',\n  Client_Id: 2,\n  _id: '591c48321cc1042aec9ee6c9' }","timestamp":"2:55:30 PM"}
{"level":"info","message":"Finish api_log_summary","timestamp":"2:55:30 PM"}
{"level":"info","message":"UserDataUpdated null { n: 1, nModified: 1, ok: 1 }","timestamp":"2:55:30 PM"}
{"level":"info","message":"Client_Details { Platform: 'Website',\n  Role: 'LMClient',\n  Integration_Type: 'NonPOSP',\n  Premium_Source: 'Real',\n  __v: 0,\n  Response_Type: 'QUOTE',\n  Client_Name: 'PolicyBoss',\n  Client_Unique_Id: 'CLIENT-CNTP6NYE-CU9N-DUZW-CSPI-SH1IS4DOVHB9',\n  Secret_Key: 'SECRET-HZ07QRWY-JIBT-XRMQ-ZP95-J0RWP3DYRACW',\n  Created_On: '2017-05-17T12:55:14.111Z',\n  Is_Active: true,\n  Modified_On: '2017-05-17T12:55:14.111Z',\n  Client_Id: 2,\n  _id: '591c48321cc1042aec9ee6c9' }","timestamp":"2:55:30 PM"}
{"level":"info","message":"Finish api_log_summary","timestamp":"2:55:30 PM"}
{"level":"info","message":"Client_Details { Platform: 'Website',\n  Role: 'LMClient',\n  Integration_Type: 'NonPOSP',\n  Premium_Source: 'Real',\n  __v: 0,\n  Response_Type: 'QUOTE',\n  Client_Name: 'PolicyBoss',\n  Client_Unique_Id: 'CLIENT-CNTP6NYE-CU9N-DUZW-CSPI-SH1IS4DOVHB9',\n  Secret_Key: 'SECRET-HZ07QRWY-JIBT-XRMQ-ZP95-J0RWP3DYRACW',\n  Created_On: '2017-05-17T12:55:14.111Z',\n  Is_Active: true,\n  Modified_On: '2017-05-17T12:55:14.111Z',\n  Client_Id: 2,\n  _id: '591c48321cc1042aec9ee6c9' }","timestamp":"2:55:30 PM"}
{"level":"info","message":"Finish api_log_summary","timestamp":"2:55:30 PM"}
{"level":"info","message":"UserDataUpdated null { n: 1, nModified: 1, ok: 1 }","timestamp":"2:55:30 PM"}
{"level":"info","message":"UserDataUpdated null { n: 1, nModified: 1, ok: 1 }","timestamp":"2:55:30 PM"}
{"level":"info","message":"UserDataUpdated null { n: 1, nModified: 1, ok: 1 }","timestamp":"2:55:30 PM"}
{"level":"info","message":"==============","timestamp":"2:55:36 PM"}
{"level":"info","message":"SendSmS MSP-9191493667-1652261135298-25204-11mspRc01","timestamp":"2:55:36 PM"}
{"level":"info","message":"sms_logupdate null { n: 1, nModified: 1, ok: 1 }","timestamp":"2:55:36 PM"}
{"level":"info","message":"emailupdate null { n: 1, nModified: 1, ok: 1 }","timestamp":"2:55:37 PM"}
{"level":"info","message":"$$$$$$$$$$$$$$$$$$$$$$$$","timestamp":"3:15:26 PM"}
{"meta":"","level":"info","message":"","timestamp":"3:15:26 PM"}
{"level":"info","message":"Development Environment is Listening on port 3000","timestamp":"3:15:26 PM"}
{"level":"info","message":"Web URL : http://localhost:3000","timestamp":"3:15:26 PM"}
{"meta":"","level":"info","message":"","timestamp":"3:15:26 PM"}
{"level":"info","message":"$$$$$$$$$$$$$$$$$$$$$$$$","timestamp":"3:15:26 PM"}
{"meta":"","level":"info","message":"","timestamp":"3:15:26 PM"}
{"level":"info","message":"$$$$$$$$$$$$$$$$$$$$$$$$","timestamp":"3:19:33 PM"}
{"meta":"","level":"info","message":"","timestamp":"3:19:33 PM"}
{"level":"info","message":"Development Environment is Listening on port 3000","timestamp":"3:19:33 PM"}
{"level":"info","message":"Web URL : http://localhost:3000","timestamp":"3:19:33 PM"}
{"meta":"","level":"info","message":"","timestamp":"3:19:33 PM"}
{"level":"info","message":"$$$$$$$$$$$$$$$$$$$$$$$$","timestamp":"3:19:33 PM"}
{"meta":"","level":"info","message":"","timestamp":"3:19:33 PM"}
{"level":"info","message":"service called","timestamp":"3:19:49 PM"}
{"level":"info","message":"$$$$$$$$$$$$$$$$$$$$$$$$","timestamp":"3:21:36 PM"}
{"meta":"","level":"info","message":"","timestamp":"3:21:36 PM"}
{"level":"info","message":"Development Environment is Listening on port 3000","timestamp":"3:21:36 PM"}
{"level":"info","message":"Web URL : http://localhost:3000","timestamp":"3:21:36 PM"}
{"meta":"","level":"info","message":"","timestamp":"3:21:36 PM"}
{"level":"info","message":"$$$$$$$$$$$$$$$$$$$$$$$$","timestamp":"3:21:36 PM"}
{"meta":"","level":"info","message":"","timestamp":"3:21:36 PM"}
{"level":"info","message":"service called","timestamp":"3:22:38 PM"}
{"level":"info","message":"service called","timestamp":"3:41:20 PM"}
{"level":"info","message":"Waiting api_log_summary","timestamp":"3:52:43 PM"}
{"level":"info","message":"Client_Details { Platform: 'Website',\n  Role: 'LMClient',\n  Integration_Type: 'NonPOSP',\n  Premium_Source: 'Real',\n  __v: 0,\n  Response_Type: 'QUOTE',\n  Client_Name: 'PolicyBoss',\n  Client_Unique_Id: 'CLIENT-CNTP6NYE-CU9N-DUZW-CSPI-SH1IS4DOVHB9',\n  Secret_Key: 'SECRET-HZ07QRWY-JIBT-XRMQ-ZP95-J0RWP3DYRACW',\n  Created_On: '2017-05-17T12:55:14.111Z',\n  Is_Active: true,\n  Modified_On: '2017-05-17T12:55:14.111Z',\n  Client_Id: 2,\n  _id: '591c48321cc1042aec9ee6c9' }","timestamp":"3:52:43 PM"}
{"level":"info","message":"Finish api_log_summary","timestamp":"3:52:43 PM"}
{"level":"info","message":"Start save_user_data","timestamp":"3:52:46 PM"}
{"level":"info","message":"Waiting api_log_summary","timestamp":"3:52:46 PM"}
{"level":"info","message":"Client_Details { Platform: 'Website',\n  Role: 'LMClient',\n  Integration_Type: 'NonPOSP',\n  Premium_Source: 'Real',\n  __v: 0,\n  Response_Type: 'QUOTE',\n  Client_Name: 'PolicyBoss',\n  Client_Unique_Id: 'CLIENT-CNTP6NYE-CU9N-DUZW-CSPI-SH1IS4DOVHB9',\n  Secret_Key: 'SECRET-HZ07QRWY-JIBT-XRMQ-ZP95-J0RWP3DYRACW',\n  Created_On: '2017-05-17T12:55:14.111Z',\n  Is_Active: true,\n  Modified_On: '2017-05-17T12:55:14.111Z',\n  Client_Id: 2,\n  _id: '591c48321cc1042aec9ee6c9' }","timestamp":"3:52:46 PM"}
{"level":"info","message":"Finish api_log_summary","timestamp":"3:52:46 PM"}
{"level":"info","message":"UserDataUpdated null { n: 1, nModified: 1, ok: 1 }","timestamp":"3:52:46 PM"}
{"level":"info","message":"Start save_user_data","timestamp":"3:52:46 PM"}
{"level":"info","message":"Waiting api_log_summary","timestamp":"3:52:46 PM"}
{"level":"info","message":"Client_Details { Platform: 'Website',\n  Role: 'LMClient',\n  Integration_Type: 'NonPOSP',\n  Premium_Source: 'Real',\n  __v: 0,\n  Response_Type: 'QUOTE',\n  Client_Name: 'PolicyBoss',\n  Client_Unique_Id: 'CLIENT-CNTP6NYE-CU9N-DUZW-CSPI-SH1IS4DOVHB9',\n  Secret_Key: 'SECRET-HZ07QRWY-JIBT-XRMQ-ZP95-J0RWP3DYRACW',\n  Created_On: '2017-05-17T12:55:14.111Z',\n  Is_Active: true,\n  Modified_On: '2017-05-17T12:55:14.111Z',\n  Client_Id: 2,\n  _id: '591c48321cc1042aec9ee6c9' }","timestamp":"3:52:46 PM"}
{"level":"info","message":"Finish api_log_summary","timestamp":"3:52:46 PM"}
{"level":"info","message":"UserDataUpdated null { n: 1, nModified: 1, ok: 1 }","timestamp":"3:52:46 PM"}
{"level":"info","message":"Start save_user_data","timestamp":"3:52:49 PM"}
{"level":"info","message":"Waiting api_log_summary","timestamp":"3:52:49 PM"}
{"level":"info","message":"Client_Details { Platform: 'Website',\n  Role: 'LMClient',\n  Integration_Type: 'NonPOSP',\n  Premium_Source: 'Real',\n  __v: 0,\n  Response_Type: 'QUOTE',\n  Client_Name: 'PolicyBoss',\n  Client_Unique_Id: 'CLIENT-CNTP6NYE-CU9N-DUZW-CSPI-SH1IS4DOVHB9',\n  Secret_Key: 'SECRET-HZ07QRWY-JIBT-XRMQ-ZP95-J0RWP3DYRACW',\n  Created_On: '2017-05-17T12:55:14.111Z',\n  Is_Active: true,\n  Modified_On: '2017-05-17T12:55:14.111Z',\n  Client_Id: 2,\n  _id: '591c48321cc1042aec9ee6c9' }","timestamp":"3:52:49 PM"}
{"level":"info","message":"Finish api_log_summary","timestamp":"3:52:49 PM"}
{"level":"info","message":"Start save_user_data","timestamp":"3:52:49 PM"}
{"level":"info","message":"Waiting api_log_summary","timestamp":"3:52:49 PM"}
{"level":"info","message":"Start save_user_data","timestamp":"3:52:49 PM"}
{"level":"info","message":"Waiting api_log_summary","timestamp":"3:52:49 PM"}
{"level":"info","message":"Start save_user_data","timestamp":"3:52:49 PM"}
{"level":"info","message":"Waiting api_log_summary","timestamp":"3:52:49 PM"}
{"level":"info","message":"Client_Details { Platform: 'Website',\n  Role: 'LMClient',\n  Integration_Type: 'NonPOSP',\n  Premium_Source: 'Real',\n  __v: 0,\n  Response_Type: 'QUOTE',\n  Client_Name: 'PolicyBoss',\n  Client_Unique_Id: 'CLIENT-CNTP6NYE-CU9N-DUZW-CSPI-SH1IS4DOVHB9',\n  Secret_Key: 'SECRET-HZ07QRWY-JIBT-XRMQ-ZP95-J0RWP3DYRACW',\n  Created_On: '2017-05-17T12:55:14.111Z',\n  Is_Active: true,\n  Modified_On: '2017-05-17T12:55:14.111Z',\n  Client_Id: 2,\n  _id: '591c48321cc1042aec9ee6c9' }","timestamp":"3:52:49 PM"}
{"level":"info","message":"Finish api_log_summary","timestamp":"3:52:49 PM"}
{"level":"info","message":"Client_Details { Platform: 'Website',\n  Role: 'LMClient',\n  Integration_Type: 'NonPOSP',\n  Premium_Source: 'Real',\n  __v: 0,\n  Response_Type: 'QUOTE',\n  Client_Name: 'PolicyBoss',\n  Client_Unique_Id: 'CLIENT-CNTP6NYE-CU9N-DUZW-CSPI-SH1IS4DOVHB9',\n  Secret_Key: 'SECRET-HZ07QRWY-JIBT-XRMQ-ZP95-J0RWP3DYRACW',\n  Created_On: '2017-05-17T12:55:14.111Z',\n  Is_Active: true,\n  Modified_On: '2017-05-17T12:55:14.111Z',\n  Client_Id: 2,\n  _id: '591c48321cc1042aec9ee6c9' }","timestamp":"3:52:49 PM"}
{"level":"info","message":"Finish api_log_summary","timestamp":"3:52:49 PM"}
{"level":"info","message":"Client_Details { Platform: 'Website',\n  Role: 'LMClient',\n  Integration_Type: 'NonPOSP',\n  Premium_Source: 'Real',\n  __v: 0,\n  Response_Type: 'QUOTE',\n  Client_Name: 'PolicyBoss',\n  Client_Unique_Id: 'CLIENT-CNTP6NYE-CU9N-DUZW-CSPI-SH1IS4DOVHB9',\n  Secret_Key: 'SECRET-HZ07QRWY-JIBT-XRMQ-ZP95-J0RWP3DYRACW',\n  Created_On: '2017-05-17T12:55:14.111Z',\n  Is_Active: true,\n  Modified_On: '2017-05-17T12:55:14.111Z',\n  Client_Id: 2,\n  _id: '591c48321cc1042aec9ee6c9' }","timestamp":"3:52:49 PM"}
{"level":"info","message":"Finish api_log_summary","timestamp":"3:52:49 PM"}
{"level":"info","message":"UserDataUpdated null { n: 1, nModified: 1, ok: 1 }","timestamp":"3:52:49 PM"}
{"level":"info","message":"UserDataUpdated null { n: 1, nModified: 1, ok: 1 }","timestamp":"3:52:50 PM"}
{"level":"info","message":"UserDataUpdated null { n: 1, nModified: 1, ok: 1 }","timestamp":"3:52:50 PM"}
{"level":"info","message":"UserDataUpdated null { n: 1, nModified: 1, ok: 1 }","timestamp":"3:52:50 PM"}
{"level":"info","message":"Start save_user_data","timestamp":"3:52:55 PM"}
{"level":"info","message":"Waiting api_log_summary","timestamp":"3:52:55 PM"}
{"level":"info","message":"Client_Details { Platform: 'Website',\n  Role: 'LMClient',\n  Integration_Type: 'NonPOSP',\n  Premium_Source: 'Real',\n  __v: 0,\n  Response_Type: 'QUOTE',\n  Client_Name: 'PolicyBoss',\n  Client_Unique_Id: 'CLIENT-CNTP6NYE-CU9N-DUZW-CSPI-SH1IS4DOVHB9',\n  Secret_Key: 'SECRET-HZ07QRWY-JIBT-XRMQ-ZP95-J0RWP3DYRACW',\n  Created_On: '2017-05-17T12:55:14.111Z',\n  Is_Active: true,\n  Modified_On: '2017-05-17T12:55:14.111Z',\n  Client_Id: 2,\n  _id: '591c48321cc1042aec9ee6c9' }","timestamp":"3:52:55 PM"}
{"level":"info","message":"Finish api_log_summary","timestamp":"3:52:55 PM"}
{"level":"info","message":"UserDataUpdated null { n: 1, nModified: 1, ok: 1 }","timestamp":"3:52:55 PM"}
{"level":"info","message":"Waiting api_log_summary","timestamp":"4:21:06 PM"}
{"level":"info","message":"Client_Details { Platform: 'Website',\n  Role: 'LMClient',\n  Integration_Type: 'NonPOSP',\n  Premium_Source: 'Real',\n  __v: 0,\n  Response_Type: 'QUOTE',\n  Client_Name: 'PolicyBoss',\n  Client_Unique_Id: 'CLIENT-CNTP6NYE-CU9N-DUZW-CSPI-SH1IS4DOVHB9',\n  Secret_Key: 'SECRET-HZ07QRWY-JIBT-XRMQ-ZP95-J0RWP3DYRACW',\n  Created_On: '2017-05-17T12:55:14.111Z',\n  Is_Active: true,\n  Modified_On: '2017-05-17T12:55:14.111Z',\n  Client_Id: 2,\n  _id: '591c48321cc1042aec9ee6c9' }","timestamp":"4:21:12 PM"}
{"level":"info","message":"Finish api_log_summary","timestamp":"4:21:12 PM"}
{"level":"info","message":"Start save_user_data","timestamp":"4:21:21 PM"}
{"level":"info","message":"Waiting api_log_summary","timestamp":"4:21:21 PM"}
{"level":"info","message":"Client_Details { Platform: 'Website',\n  Role: 'LMClient',\n  Integration_Type: 'NonPOSP',\n  Premium_Source: 'Real',\n  __v: 0,\n  Response_Type: 'QUOTE',\n  Client_Name: 'PolicyBoss',\n  Client_Unique_Id: 'CLIENT-CNTP6NYE-CU9N-DUZW-CSPI-SH1IS4DOVHB9',\n  Secret_Key: 'SECRET-HZ07QRWY-JIBT-XRMQ-ZP95-J0RWP3DYRACW',\n  Created_On: '2017-05-17T12:55:14.111Z',\n  Is_Active: true,\n  Modified_On: '2017-05-17T12:55:14.111Z',\n  Client_Id: 2,\n  _id: '591c48321cc1042aec9ee6c9' }","timestamp":"4:21:21 PM"}
{"level":"info","message":"Finish api_log_summary","timestamp":"4:21:21 PM"}
{"level":"info","message":"UserDataUpdated null { n: 1, nModified: 1, ok: 1 }","timestamp":"4:21:21 PM"}
{"level":"info","message":"==============","timestamp":"4:21:21 PM"}
{"level":"info","message":"SendSmS MSP-9191493667-1652266280116-36992-11mspRc01","timestamp":"4:21:21 PM"}
{"level":"info","message":"==============","timestamp":"4:21:21 PM"}
{"level":"info","message":"SendSmS MSP-9191493667-1652266280161-36994-11mspRc01","timestamp":"4:21:21 PM"}
{"level":"info","message":"sms_logupdate null { n: 1, nModified: 1, ok: 1 }","timestamp":"4:21:21 PM"}
{"level":"info","message":"sms_logupdate null { n: 1, nModified: 1, ok: 1 }","timestamp":"4:21:21 PM"}
{"level":"info","message":"emailupdate null { n: 1, nModified: 1, ok: 1 }","timestamp":"4:21:22 PM"}
{"level":"info","message":"emailupdate null { n: 1, nModified: 1, ok: 1 }","timestamp":"4:21:22 PM"}
{"level":"info","message":"Start save_user_data","timestamp":"4:21:26 PM"}
{"level":"info","message":"Waiting api_log_summary","timestamp":"4:21:26 PM"}
{"level":"info","message":"Client_Details { Platform: 'Website',\n  Role: 'LMClient',\n  Integration_Type: 'NonPOSP',\n  Premium_Source: 'Real',\n  __v: 0,\n  Response_Type: 'QUOTE',\n  Client_Name: 'PolicyBoss',\n  Client_Unique_Id: 'CLIENT-CNTP6NYE-CU9N-DUZW-CSPI-SH1IS4DOVHB9',\n  Secret_Key: 'SECRET-HZ07QRWY-JIBT-XRMQ-ZP95-J0RWP3DYRACW',\n  Created_On: '2017-05-17T12:55:14.111Z',\n  Is_Active: true,\n  Modified_On: '2017-05-17T12:55:14.111Z',\n  Client_Id: 2,\n  _id: '591c48321cc1042aec9ee6c9' }","timestamp":"4:21:26 PM"}
{"level":"info","message":"Finish api_log_summary","timestamp":"4:21:26 PM"}
{"level":"info","message":"UserDataUpdated null { n: 1, nModified: 1, ok: 1 }","timestamp":"4:21:26 PM"}
{"level":"info","message":"Start save_user_data","timestamp":"4:21:31 PM"}
{"level":"info","message":"Waiting api_log_summary","timestamp":"4:21:31 PM"}
{"level":"info","message":"Start save_user_data","timestamp":"4:21:31 PM"}
{"level":"info","message":"Waiting api_log_summary","timestamp":"4:21:31 PM"}
{"level":"info","message":"Start save_user_data","timestamp":"4:21:31 PM"}
{"level":"info","message":"Waiting api_log_summary","timestamp":"4:21:31 PM"}
{"level":"info","message":"Client_Details { Platform: 'Website',\n  Role: 'LMClient',\n  Integration_Type: 'NonPOSP',\n  Premium_Source: 'Real',\n  __v: 0,\n  Response_Type: 'QUOTE',\n  Client_Name: 'PolicyBoss',\n  Client_Unique_Id: 'CLIENT-CNTP6NYE-CU9N-DUZW-CSPI-SH1IS4DOVHB9',\n  Secret_Key: 'SECRET-HZ07QRWY-JIBT-XRMQ-ZP95-J0RWP3DYRACW',\n  Created_On: '2017-05-17T12:55:14.111Z',\n  Is_Active: true,\n  Modified_On: '2017-05-17T12:55:14.111Z',\n  Client_Id: 2,\n  _id: '591c48321cc1042aec9ee6c9' }","timestamp":"4:21:31 PM"}
{"level":"info","message":"Finish api_log_summary","timestamp":"4:21:31 PM"}
{"level":"info","message":"Client_Details { Platform: 'Website',\n  Role: 'LMClient',\n  Integration_Type: 'NonPOSP',\n  Premium_Source: 'Real',\n  __v: 0,\n  Response_Type: 'QUOTE',\n  Client_Name: 'PolicyBoss',\n  Client_Unique_Id: 'CLIENT-CNTP6NYE-CU9N-DUZW-CSPI-SH1IS4DOVHB9',\n  Secret_Key: 'SECRET-HZ07QRWY-JIBT-XRMQ-ZP95-J0RWP3DYRACW',\n  Created_On: '2017-05-17T12:55:14.111Z',\n  Is_Active: true,\n  Modified_On: '2017-05-17T12:55:14.111Z',\n  Client_Id: 2,\n  _id: '591c48321cc1042aec9ee6c9' }","timestamp":"4:21:31 PM"}
{"level":"info","message":"Finish api_log_summary","timestamp":"4:21:31 PM"}
{"level":"info","message":"Start save_user_data","timestamp":"4:21:31 PM"}
{"level":"info","message":"Waiting api_log_summary","timestamp":"4:21:31 PM"}
{"level":"info","message":"Client_Details { Platform: 'Website',\n  Role: 'LMClient',\n  Integration_Type: 'NonPOSP',\n  Premium_Source: 'Real',\n  __v: 0,\n  Response_Type: 'QUOTE',\n  Client_Name: 'PolicyBoss',\n  Client_Unique_Id: 'CLIENT-CNTP6NYE-CU9N-DUZW-CSPI-SH1IS4DOVHB9',\n  Secret_Key: 'SECRET-HZ07QRWY-JIBT-XRMQ-ZP95-J0RWP3DYRACW',\n  Created_On: '2017-05-17T12:55:14.111Z',\n  Is_Active: true,\n  Modified_On: '2017-05-17T12:55:14.111Z',\n  Client_Id: 2,\n  _id: '591c48321cc1042aec9ee6c9' }","timestamp":"4:21:31 PM"}
{"level":"info","message":"Finish api_log_summary","timestamp":"4:21:31 PM"}
{"level":"info","message":"Client_Details { Platform: 'Website',\n  Role: 'LMClient',\n  Integration_Type: 'NonPOSP',\n  Premium_Source: 'Real',\n  __v: 0,\n  Response_Type: 'QUOTE',\n  Client_Name: 'PolicyBoss',\n  Client_Unique_Id: 'CLIENT-CNTP6NYE-CU9N-DUZW-CSPI-SH1IS4DOVHB9',\n  Secret_Key: 'SECRET-HZ07QRWY-JIBT-XRMQ-ZP95-J0RWP3DYRACW',\n  Created_On: '2017-05-17T12:55:14.111Z',\n  Is_Active: true,\n  Modified_On: '2017-05-17T12:55:14.111Z',\n  Client_Id: 2,\n  _id: '591c48321cc1042aec9ee6c9' }","timestamp":"4:21:31 PM"}
{"level":"info","message":"Finish api_log_summary","timestamp":"4:21:31 PM"}
{"level":"info","message":"UserDataUpdated null { n: 1, nModified: 1, ok: 1 }","timestamp":"4:21:31 PM"}
{"level":"info","message":"UserDataUpdated null { n: 1, nModified: 1, ok: 1 }","timestamp":"4:21:31 PM"}
{"level":"info","message":"UserDataUpdated null { n: 1, nModified: 1, ok: 1 }","timestamp":"4:21:31 PM"}
{"level":"info","message":"UserDataUpdated null { n: 1, nModified: 1, ok: 1 }","timestamp":"4:21:31 PM"}
{"level":"info","message":"Start save_user_data","timestamp":"4:21:32 PM"}
{"level":"info","message":"Waiting api_log_summary","timestamp":"4:21:32 PM"}
{"level":"info","message":"Client_Details { Platform: 'Website',\n  Role: 'LMClient',\n  Integration_Type: 'NonPOSP',\n  Premium_Source: 'Real',\n  __v: 0,\n  Response_Type: 'QUOTE',\n  Client_Name: 'PolicyBoss',\n  Client_Unique_Id: 'CLIENT-CNTP6NYE-CU9N-DUZW-CSPI-SH1IS4DOVHB9',\n  Secret_Key: 'SECRET-HZ07QRWY-JIBT-XRMQ-ZP95-J0RWP3DYRACW',\n  Created_On: '2017-05-17T12:55:14.111Z',\n  Is_Active: true,\n  Modified_On: '2017-05-17T12:55:14.111Z',\n  Client_Id: 2,\n  _id: '591c48321cc1042aec9ee6c9' }","timestamp":"4:21:32 PM"}
{"level":"info","message":"Finish api_log_summary","timestamp":"4:21:32 PM"}
{"level":"info","message":"UserDataUpdated null { n: 1, nModified: 1, ok: 1 }","timestamp":"4:21:32 PM"}
{"level":"info","message":"Start save_user_data","timestamp":"4:21:36 PM"}
{"level":"info","message":"Waiting api_log_summary","timestamp":"4:21:36 PM"}
{"level":"info","message":"Client_Details { Platform: 'Website',\n  Role: 'LMClient',\n  Integration_Type: 'NonPOSP',\n  Premium_Source: 'Real',\n  __v: 0,\n  Response_Type: 'QUOTE',\n  Client_Name: 'PolicyBoss',\n  Client_Unique_Id: 'CLIENT-CNTP6NYE-CU9N-DUZW-CSPI-SH1IS4DOVHB9',\n  Secret_Key: 'SECRET-HZ07QRWY-JIBT-XRMQ-ZP95-J0RWP3DYRACW',\n  Created_On: '2017-05-17T12:55:14.111Z',\n  Is_Active: true,\n  Modified_On: '2017-05-17T12:55:14.111Z',\n  Client_Id: 2,\n  _id: '591c48321cc1042aec9ee6c9' }","timestamp":"4:21:36 PM"}
{"level":"info","message":"Finish api_log_summary","timestamp":"4:21:36 PM"}
{"level":"info","message":"UserDataUpdated null { n: 1, nModified: 1, ok: 1 }","timestamp":"4:21:36 PM"}
{"level":"info","message":"Waiting api_log_summary","timestamp":"4:21:47 PM"}
{"level":"info","message":"Client_Details { Platform: 'Website',\n  Role: 'LMClient',\n  Integration_Type: 'NonPOSP',\n  Premium_Source: 'Real',\n  __v: 0,\n  Response_Type: 'QUOTE',\n  Client_Name: 'PolicyBoss',\n  Client_Unique_Id: 'CLIENT-CNTP6NYE-CU9N-DUZW-CSPI-SH1IS4DOVHB9',\n  Secret_Key: 'SECRET-HZ07QRWY-JIBT-XRMQ-ZP95-J0RWP3DYRACW',\n  Created_On: '2017-05-17T12:55:14.111Z',\n  Is_Active: true,\n  Modified_On: '2017-05-17T12:55:14.111Z',\n  Client_Id: 2,\n  _id: '591c48321cc1042aec9ee6c9' }","timestamp":"4:21:47 PM"}
{"level":"info","message":"Finish api_log_summary","timestamp":"4:21:47 PM"}
{"level":"info","message":"Start save_user_data","timestamp":"4:21:47 PM"}
{"level":"info","message":"Waiting api_log_summary","timestamp":"4:21:47 PM"}
{"level":"info","message":"Client_Details { Platform: 'Website',\n  Role: 'LMClient',\n  Integration_Type: 'NonPOSP',\n  Premium_Source: 'Real',\n  __v: 0,\n  Response_Type: 'QUOTE',\n  Client_Name: 'PolicyBoss',\n  Client_Unique_Id: 'CLIENT-CNTP6NYE-CU9N-DUZW-CSPI-SH1IS4DOVHB9',\n  Secret_Key: 'SECRET-HZ07QRWY-JIBT-XRMQ-ZP95-J0RWP3DYRACW',\n  Created_On: '2017-05-17T12:55:14.111Z',\n  Is_Active: true,\n  Modified_On: '2017-05-17T12:55:14.111Z',\n  Client_Id: 2,\n  _id: '591c48321cc1042aec9ee6c9' }","timestamp":"4:21:47 PM"}
{"level":"info","message":"Finish api_log_summary","timestamp":"4:21:47 PM"}
{"level":"info","message":"UserDataUpdated null { n: 1, nModified: 1, ok: 1 }","timestamp":"4:21:47 PM"}
{"level":"info","message":"Waiting api_log_summary","timestamp":"4:22:23 PM"}
{"level":"info","message":"Client_Details { Platform: 'Website',\n  Role: 'LMClient',\n  Integration_Type: 'NonPOSP',\n  Premium_Source: 'Real',\n  __v: 0,\n  Response_Type: 'QUOTE',\n  Client_Name: 'PolicyBoss',\n  Client_Unique_Id: 'CLIENT-CNTP6NYE-CU9N-DUZW-CSPI-SH1IS4DOVHB9',\n  Secret_Key: 'SECRET-HZ07QRWY-JIBT-XRMQ-ZP95-J0RWP3DYRACW',\n  Created_On: '2017-05-17T12:55:14.111Z',\n  Is_Active: true,\n  Modified_On: '2017-05-17T12:55:14.111Z',\n  Client_Id: 2,\n  _id: '591c48321cc1042aec9ee6c9' }","timestamp":"4:22:23 PM"}
{"level":"info","message":"Finish api_log_summary","timestamp":"4:22:23 PM"}
{"level":"info","message":"Start save_user_data","timestamp":"4:22:23 PM"}
{"level":"info","message":"Waiting api_log_summary","timestamp":"4:22:23 PM"}
{"level":"info","message":"Client_Details { Platform: 'Website',\n  Role: 'LMClient',\n  Integration_Type: 'NonPOSP',\n  Premium_Source: 'Real',\n  __v: 0,\n  Response_Type: 'QUOTE',\n  Client_Name: 'PolicyBoss',\n  Client_Unique_Id: 'CLIENT-CNTP6NYE-CU9N-DUZW-CSPI-SH1IS4DOVHB9',\n  Secret_Key: 'SECRET-HZ07QRWY-JIBT-XRMQ-ZP95-J0RWP3DYRACW',\n  Created_On: '2017-05-17T12:55:14.111Z',\n  Is_Active: true,\n  Modified_On: '2017-05-17T12:55:14.111Z',\n  Client_Id: 2,\n  _id: '591c48321cc1042aec9ee6c9' }","timestamp":"4:22:23 PM"}
{"level":"info","message":"Finish api_log_summary","timestamp":"4:22:23 PM"}
{"level":"info","message":"UserDataUpdated null { n: 1, nModified: 1, ok: 1 }","timestamp":"4:22:23 PM"}
{"level":"info","message":"Start save_user_data","timestamp":"4:22:26 PM"}
{"level":"info","message":"Waiting api_log_summary","timestamp":"4:22:26 PM"}
{"level":"info","message":"Client_Details { Platform: 'Website',\n  Role: 'LMClient',\n  Integration_Type: 'NonPOSP',\n  Premium_Source: 'Real',\n  __v: 0,\n  Response_Type: 'QUOTE',\n  Client_Name: 'PolicyBoss',\n  Client_Unique_Id: 'CLIENT-CNTP6NYE-CU9N-DUZW-CSPI-SH1IS4DOVHB9',\n  Secret_Key: 'SECRET-HZ07QRWY-JIBT-XRMQ-ZP95-J0RWP3DYRACW',\n  Created_On: '2017-05-17T12:55:14.111Z',\n  Is_Active: true,\n  Modified_On: '2017-05-17T12:55:14.111Z',\n  Client_Id: 2,\n  _id: '591c48321cc1042aec9ee6c9' }","timestamp":"4:22:26 PM"}
{"level":"info","message":"Finish api_log_summary","timestamp":"4:22:26 PM"}
{"level":"info","message":"UserDataUpdated null { n: 1, nModified: 1, ok: 1 }","timestamp":"4:22:26 PM"}
{"level":"info","message":"Start save_user_data","timestamp":"4:22:29 PM"}
{"level":"info","message":"Waiting api_log_summary","timestamp":"4:22:29 PM"}
{"level":"info","message":"Start save_user_data","timestamp":"4:22:29 PM"}
{"level":"info","message":"Waiting api_log_summary","timestamp":"4:22:29 PM"}
{"level":"info","message":"Start save_user_data","timestamp":"4:22:29 PM"}
{"level":"info","message":"Waiting api_log_summary","timestamp":"4:22:29 PM"}
{"level":"info","message":"Client_Details { Platform: 'Website',\n  Role: 'LMClient',\n  Integration_Type: 'NonPOSP',\n  Premium_Source: 'Real',\n  __v: 0,\n  Response_Type: 'QUOTE',\n  Client_Name: 'PolicyBoss',\n  Client_Unique_Id: 'CLIENT-CNTP6NYE-CU9N-DUZW-CSPI-SH1IS4DOVHB9',\n  Secret_Key: 'SECRET-HZ07QRWY-JIBT-XRMQ-ZP95-J0RWP3DYRACW',\n  Created_On: '2017-05-17T12:55:14.111Z',\n  Is_Active: true,\n  Modified_On: '2017-05-17T12:55:14.111Z',\n  Client_Id: 2,\n  _id: '591c48321cc1042aec9ee6c9' }","timestamp":"4:22:29 PM"}
{"level":"info","message":"Finish api_log_summary","timestamp":"4:22:29 PM"}
{"level":"info","message":"Client_Details { Platform: 'Website',\n  Role: 'LMClient',\n  Integration_Type: 'NonPOSP',\n  Premium_Source: 'Real',\n  __v: 0,\n  Response_Type: 'QUOTE',\n  Client_Name: 'PolicyBoss',\n  Client_Unique_Id: 'CLIENT-CNTP6NYE-CU9N-DUZW-CSPI-SH1IS4DOVHB9',\n  Secret_Key: 'SECRET-HZ07QRWY-JIBT-XRMQ-ZP95-J0RWP3DYRACW',\n  Created_On: '2017-05-17T12:55:14.111Z',\n  Is_Active: true,\n  Modified_On: '2017-05-17T12:55:14.111Z',\n  Client_Id: 2,\n  _id: '591c48321cc1042aec9ee6c9' }","timestamp":"4:22:29 PM"}
{"level":"info","message":"Finish api_log_summary","timestamp":"4:22:29 PM"}
{"level":"info","message":"Client_Details { Platform: 'Website',\n  Role: 'LMClient',\n  Integration_Type: 'NonPOSP',\n  Premium_Source: 'Real',\n  __v: 0,\n  Response_Type: 'QUOTE',\n  Client_Name: 'PolicyBoss',\n  Client_Unique_Id: 'CLIENT-CNTP6NYE-CU9N-DUZW-CSPI-SH1IS4DOVHB9',\n  Secret_Key: 'SECRET-HZ07QRWY-JIBT-XRMQ-ZP95-J0RWP3DYRACW',\n  Created_On: '2017-05-17T12:55:14.111Z',\n  Is_Active: true,\n  Modified_On: '2017-05-17T12:55:14.111Z',\n  Client_Id: 2,\n  _id: '591c48321cc1042aec9ee6c9' }","timestamp":"4:22:29 PM"}
{"level":"info","message":"Finish api_log_summary","timestamp":"4:22:29 PM"}
{"level":"info","message":"UserDataUpdated null { n: 1, nModified: 1, ok: 1 }","timestamp":"4:22:29 PM"}
{"level":"info","message":"Start save_user_data","timestamp":"4:22:29 PM"}
{"level":"info","message":"Waiting api_log_summary","timestamp":"4:22:29 PM"}
{"level":"info","message":"UserDataUpdated null { n: 1, nModified: 1, ok: 1 }","timestamp":"4:22:29 PM"}
{"level":"info","message":"Client_Details { Platform: 'Website',\n  Role: 'LMClient',\n  Integration_Type: 'NonPOSP',\n  Premium_Source: 'Real',\n  __v: 0,\n  Response_Type: 'QUOTE',\n  Client_Name: 'PolicyBoss',\n  Client_Unique_Id: 'CLIENT-CNTP6NYE-CU9N-DUZW-CSPI-SH1IS4DOVHB9',\n  Secret_Key: 'SECRET-HZ07QRWY-JIBT-XRMQ-ZP95-J0RWP3DYRACW',\n  Created_On: '2017-05-17T12:55:14.111Z',\n  Is_Active: true,\n  Modified_On: '2017-05-17T12:55:14.111Z',\n  Client_Id: 2,\n  _id: '591c48321cc1042aec9ee6c9' }","timestamp":"4:22:29 PM"}
{"level":"info","message":"Finish api_log_summary","timestamp":"4:22:29 PM"}
{"level":"info","message":"UserDataUpdated null { n: 1, nModified: 1, ok: 1 }","timestamp":"4:22:29 PM"}
{"level":"info","message":"UserDataUpdated null { n: 1, nModified: 1, ok: 1 }","timestamp":"4:22:29 PM"}
{"level":"info","message":"Start save_user_data","timestamp":"4:22:31 PM"}
{"level":"info","message":"Waiting api_log_summary","timestamp":"4:22:31 PM"}
{"level":"info","message":"Client_Details { Platform: 'Website',\n  Role: 'LMClient',\n  Integration_Type: 'NonPOSP',\n  Premium_Source: 'Real',\n  __v: 0,\n  Response_Type: 'QUOTE',\n  Client_Name: 'PolicyBoss',\n  Client_Unique_Id: 'CLIENT-CNTP6NYE-CU9N-DUZW-CSPI-SH1IS4DOVHB9',\n  Secret_Key: 'SECRET-HZ07QRWY-JIBT-XRMQ-ZP95-J0RWP3DYRACW',\n  Created_On: '2017-05-17T12:55:14.111Z',\n  Is_Active: true,\n  Modified_On: '2017-05-17T12:55:14.111Z',\n  Client_Id: 2,\n  _id: '591c48321cc1042aec9ee6c9' }","timestamp":"4:22:31 PM"}
{"level":"info","message":"Finish api_log_summary","timestamp":"4:22:31 PM"}
{"level":"info","message":"UserDataUpdated null { n: 1, nModified: 1, ok: 1 }","timestamp":"4:22:31 PM"}
{"level":"info","message":"Waiting api_log_summary","timestamp":"4:23:58 PM"}
{"level":"info","message":"Client_Details { Platform: 'Website',\n  Role: 'LMClient',\n  Integration_Type: 'NonPOSP',\n  Premium_Source: 'Real',\n  __v: 0,\n  Response_Type: 'QUOTE',\n  Client_Name: 'PolicyBoss',\n  Client_Unique_Id: 'CLIENT-CNTP6NYE-CU9N-DUZW-CSPI-SH1IS4DOVHB9',\n  Secret_Key: 'SECRET-HZ07QRWY-JIBT-XRMQ-ZP95-J0RWP3DYRACW',\n  Created_On: '2017-05-17T12:55:14.111Z',\n  Is_Active: true,\n  Modified_On: '2017-05-17T12:55:14.111Z',\n  Client_Id: 2,\n  _id: '591c48321cc1042aec9ee6c9' }","timestamp":"4:23:58 PM"}
{"level":"info","message":"Finish api_log_summary","timestamp":"4:23:58 PM"}
{"level":"info","message":"Start save_user_data","timestamp":"4:23:59 PM"}
{"level":"info","message":"Waiting api_log_summary","timestamp":"4:23:59 PM"}
{"level":"info","message":"Client_Details { Platform: 'Website',\n  Role: 'LMClient',\n  Integration_Type: 'NonPOSP',\n  Premium_Source: 'Real',\n  __v: 0,\n  Response_Type: 'QUOTE',\n  Client_Name: 'PolicyBoss',\n  Client_Unique_Id: 'CLIENT-CNTP6NYE-CU9N-DUZW-CSPI-SH1IS4DOVHB9',\n  Secret_Key: 'SECRET-HZ07QRWY-JIBT-XRMQ-ZP95-J0RWP3DYRACW',\n  Created_On: '2017-05-17T12:55:14.111Z',\n  Is_Active: true,\n  Modified_On: '2017-05-17T12:55:14.111Z',\n  Client_Id: 2,\n  _id: '591c48321cc1042aec9ee6c9' }","timestamp":"4:23:59 PM"}
{"level":"info","message":"Finish api_log_summary","timestamp":"4:23:59 PM"}
{"level":"info","message":"UserDataUpdated null { n: 1, nModified: 1, ok: 1 }","timestamp":"4:23:59 PM"}
{"level":"info","message":"Start save_user_data","timestamp":"4:24:01 PM"}
{"level":"info","message":"Waiting api_log_summary","timestamp":"4:24:01 PM"}
{"level":"info","message":"Client_Details { Platform: 'Website',\n  Role: 'LMClient',\n  Integration_Type: 'NonPOSP',\n  Premium_Source: 'Real',\n  __v: 0,\n  Response_Type: 'QUOTE',\n  Client_Name: 'PolicyBoss',\n  Client_Unique_Id: 'CLIENT-CNTP6NYE-CU9N-DUZW-CSPI-SH1IS4DOVHB9',\n  Secret_Key: 'SECRET-HZ07QRWY-JIBT-XRMQ-ZP95-J0RWP3DYRACW',\n  Created_On: '2017-05-17T12:55:14.111Z',\n  Is_Active: true,\n  Modified_On: '2017-05-17T12:55:14.111Z',\n  Client_Id: 2,\n  _id: '591c48321cc1042aec9ee6c9' }","timestamp":"4:24:01 PM"}
{"level":"info","message":"Finish api_log_summary","timestamp":"4:24:01 PM"}
{"level":"info","message":"UserDataUpdated null { n: 1, nModified: 1, ok: 1 }","timestamp":"4:24:01 PM"}
{"level":"info","message":"Start save_user_data","timestamp":"4:24:04 PM"}
{"level":"info","message":"Waiting api_log_summary","timestamp":"4:24:04 PM"}
{"level":"info","message":"Start save_user_data","timestamp":"4:24:04 PM"}
{"level":"info","message":"Waiting api_log_summary","timestamp":"4:24:04 PM"}
{"level":"info","message":"Client_Details { Platform: 'Website',\n  Role: 'LMClient',\n  Integration_Type: 'NonPOSP',\n  Premium_Source: 'Real',\n  __v: 0,\n  Response_Type: 'QUOTE',\n  Client_Name: 'PolicyBoss',\n  Client_Unique_Id: 'CLIENT-CNTP6NYE-CU9N-DUZW-CSPI-SH1IS4DOVHB9',\n  Secret_Key: 'SECRET-HZ07QRWY-JIBT-XRMQ-ZP95-J0RWP3DYRACW',\n  Created_On: '2017-05-17T12:55:14.111Z',\n  Is_Active: true,\n  Modified_On: '2017-05-17T12:55:14.111Z',\n  Client_Id: 2,\n  _id: '591c48321cc1042aec9ee6c9' }","timestamp":"4:24:04 PM"}
{"level":"info","message":"Finish api_log_summary","timestamp":"4:24:04 PM"}
{"level":"info","message":"Client_Details { Platform: 'Website',\n  Role: 'LMClient',\n  Integration_Type: 'NonPOSP',\n  Premium_Source: 'Real',\n  __v: 0,\n  Response_Type: 'QUOTE',\n  Client_Name: 'PolicyBoss',\n  Client_Unique_Id: 'CLIENT-CNTP6NYE-CU9N-DUZW-CSPI-SH1IS4DOVHB9',\n  Secret_Key: 'SECRET-HZ07QRWY-JIBT-XRMQ-ZP95-J0RWP3DYRACW',\n  Created_On: '2017-05-17T12:55:14.111Z',\n  Is_Active: true,\n  Modified_On: '2017-05-17T12:55:14.111Z',\n  Client_Id: 2,\n  _id: '591c48321cc1042aec9ee6c9' }","timestamp":"4:24:04 PM"}
{"level":"info","message":"Finish api_log_summary","timestamp":"4:24:04 PM"}
{"level":"info","message":"Start save_user_data","timestamp":"4:24:04 PM"}
{"level":"info","message":"Waiting api_log_summary","timestamp":"4:24:04 PM"}
{"level":"info","message":"Start save_user_data","timestamp":"4:24:04 PM"}
{"level":"info","message":"Waiting api_log_summary","timestamp":"4:24:04 PM"}
{"level":"info","message":"Client_Details { Platform: 'Website',\n  Role: 'LMClient',\n  Integration_Type: 'NonPOSP',\n  Premium_Source: 'Real',\n  __v: 0,\n  Response_Type: 'QUOTE',\n  Client_Name: 'PolicyBoss',\n  Client_Unique_Id: 'CLIENT-CNTP6NYE-CU9N-DUZW-CSPI-SH1IS4DOVHB9',\n  Secret_Key: 'SECRET-HZ07QRWY-JIBT-XRMQ-ZP95-J0RWP3DYRACW',\n  Created_On: '2017-05-17T12:55:14.111Z',\n  Is_Active: true,\n  Modified_On: '2017-05-17T12:55:14.111Z',\n  Client_Id: 2,\n  _id: '591c48321cc1042aec9ee6c9' }","timestamp":"4:24:04 PM"}
{"level":"info","message":"Finish api_log_summary","timestamp":"4:24:04 PM"}
{"level":"info","message":"Client_Details { Platform: 'Website',\n  Role: 'LMClient',\n  Integration_Type: 'NonPOSP',\n  Premium_Source: 'Real',\n  __v: 0,\n  Response_Type: 'QUOTE',\n  Client_Name: 'PolicyBoss',\n  Client_Unique_Id: 'CLIENT-CNTP6NYE-CU9N-DUZW-CSPI-SH1IS4DOVHB9',\n  Secret_Key: 'SECRET-HZ07QRWY-JIBT-XRMQ-ZP95-J0RWP3DYRACW',\n  Created_On: '2017-05-17T12:55:14.111Z',\n  Is_Active: true,\n  Modified_On: '2017-05-17T12:55:14.111Z',\n  Client_Id: 2,\n  _id: '591c48321cc1042aec9ee6c9' }","timestamp":"4:24:04 PM"}
{"level":"info","message":"Finish api_log_summary","timestamp":"4:24:04 PM"}
{"level":"info","message":"UserDataUpdated null { n: 1, nModified: 1, ok: 1 }","timestamp":"4:24:04 PM"}
{"level":"info","message":"UserDataUpdated null { n: 1, nModified: 1, ok: 1 }","timestamp":"4:24:04 PM"}
{"level":"info","message":"UserDataUpdated null { n: 1, nModified: 1, ok: 1 }","timestamp":"4:24:04 PM"}
{"level":"info","message":"UserDataUpdated null { n: 1, nModified: 0, ok: 1 }","timestamp":"4:24:04 PM"}
{"level":"info","message":"Start save_user_data","timestamp":"4:24:06 PM"}
{"level":"info","message":"Waiting api_log_summary","timestamp":"4:24:06 PM"}
{"level":"info","message":"Client_Details { Platform: 'Website',\n  Role: 'LMClient',\n  Integration_Type: 'NonPOSP',\n  Premium_Source: 'Real',\n  __v: 0,\n  Response_Type: 'QUOTE',\n  Client_Name: 'PolicyBoss',\n  Client_Unique_Id: 'CLIENT-CNTP6NYE-CU9N-DUZW-CSPI-SH1IS4DOVHB9',\n  Secret_Key: 'SECRET-HZ07QRWY-JIBT-XRMQ-ZP95-J0RWP3DYRACW',\n  Created_On: '2017-05-17T12:55:14.111Z',\n  Is_Active: true,\n  Modified_On: '2017-05-17T12:55:14.111Z',\n  Client_Id: 2,\n  _id: '591c48321cc1042aec9ee6c9' }","timestamp":"4:24:06 PM"}
{"level":"info","message":"Finish api_log_summary","timestamp":"4:24:06 PM"}
{"level":"info","message":"UserDataUpdated null { n: 1, nModified: 1, ok: 1 }","timestamp":"4:24:06 PM"}
{"level":"info","message":"==============","timestamp":"4:24:50 PM"}
{"level":"info","message":"SendSmS MSP-9191493667-1652266489081-38435-11mspRc01","timestamp":"4:24:50 PM"}
{"level":"info","message":"sms_logupdate null { n: 1, nModified: 1, ok: 1 }","timestamp":"4:24:50 PM"}
{"level":"info","message":"emailupdate null { n: 1, nModified: 1, ok: 1 }","timestamp":"4:24:51 PM"}
{"level":"info","message":"Waiting api_log_summary","timestamp":"4:27:51 PM"}
{"level":"info","message":"Client_Details { Platform: 'Website',\n  Role: 'LMClient',\n  Integration_Type: 'NonPOSP',\n  Premium_Source: 'Real',\n  __v: 0,\n  Response_Type: 'QUOTE',\n  Client_Name: 'PolicyBoss',\n  Client_Unique_Id: 'CLIENT-CNTP6NYE-CU9N-DUZW-CSPI-SH1IS4DOVHB9',\n  Secret_Key: 'SECRET-HZ07QRWY-JIBT-XRMQ-ZP95-J0RWP3DYRACW',\n  Created_On: '2017-05-17T12:55:14.111Z',\n  Is_Active: true,\n  Modified_On: '2017-05-17T12:55:14.111Z',\n  Client_Id: 2,\n  _id: '591c48321cc1042aec9ee6c9' }","timestamp":"4:27:51 PM"}
{"level":"info","message":"Finish api_log_summary","timestamp":"4:27:51 PM"}
{"level":"info","message":"Start save_user_data","timestamp":"4:27:51 PM"}
{"level":"info","message":"Waiting api_log_summary","timestamp":"4:27:51 PM"}
{"level":"info","message":"Client_Details { Platform: 'Website',\n  Role: 'LMClient',\n  Integration_Type: 'NonPOSP',\n  Premium_Source: 'Real',\n  __v: 0,\n  Response_Type: 'QUOTE',\n  Client_Name: 'PolicyBoss',\n  Client_Unique_Id: 'CLIENT-CNTP6NYE-CU9N-DUZW-CSPI-SH1IS4DOVHB9',\n  Secret_Key: 'SECRET-HZ07QRWY-JIBT-XRMQ-ZP95-J0RWP3DYRACW',\n  Created_On: '2017-05-17T12:55:14.111Z',\n  Is_Active: true,\n  Modified_On: '2017-05-17T12:55:14.111Z',\n  Client_Id: 2,\n  _id: '591c48321cc1042aec9ee6c9' }","timestamp":"4:27:51 PM"}
{"level":"info","message":"Finish api_log_summary","timestamp":"4:27:51 PM"}
{"level":"info","message":"UserDataUpdated null { n: 1, nModified: 1, ok: 1 }","timestamp":"4:27:51 PM"}
{"level":"info","message":"$$$$$$$$$$$$$$$$$$$$$$$$","timestamp":"6:17:50 PM"}
{"meta":"","level":"info","message":"","timestamp":"6:17:50 PM"}
{"level":"info","message":"Development Environment is Listening on port 3000","timestamp":"6:17:50 PM"}
{"level":"info","message":"Web URL : http://localhost:3000","timestamp":"6:17:50 PM"}
{"meta":"","level":"info","message":"","timestamp":"6:17:50 PM"}
{"level":"info","message":"$$$$$$$$$$$$$$$$$$$$$$$$","timestamp":"6:17:50 PM"}
{"meta":"","level":"info","message":"","timestamp":"6:17:50 PM"}
{"level":"info","message":"service called","timestamp":"6:26:13 PM"}
{"level":"info","message":"$$$$$$$$$$$$$$$$$$$$$$$$","timestamp":"6:28:40 PM"}
{"meta":"","level":"info","message":"","timestamp":"6:28:40 PM"}
{"level":"info","message":"Development Environment is Listening on port 3000","timestamp":"6:28:40 PM"}
{"level":"info","message":"Web URL : http://localhost:3000","timestamp":"6:28:40 PM"}
{"meta":"","level":"info","message":"","timestamp":"6:28:40 PM"}
{"level":"info","message":"$$$$$$$$$$$$$$$$$$$$$$$$","timestamp":"6:28:40 PM"}
{"meta":"","level":"info","message":"","timestamp":"6:28:40 PM"}
