{"level":"info","message":"$$$$$$$$$$$$$$$$$$$$$$$$","timestamp":"8:40:40 AM"}
{"meta":"","level":"info","message":"","timestamp":"8:40:40 AM"}
{"level":"info","message":"Production Environment is Listening on port 3000","timestamp":"8:40:40 AM"}
{"level":"info","message":"Web URL : http://localhost:3000","timestamp":"8:40:40 AM"}
{"meta":"","level":"info","message":"","timestamp":"8:40:40 AM"}
{"level":"info","message":"$$$$$$$$$$$$$$$$$$$$$$$$","timestamp":"8:40:40 AM"}
{"meta":"","level":"info","message":"","timestamp":"8:40:40 AM"}
{"level":"info","message":"NivaBupa Final_result: { final_result: \n   { application_id: '820661351311',\n     application_result: 'NotSubmitted',\n     application_non_std_no_uw: false,\n     MBR_RE_MUW: 'No',\n     MBR_RE_TAG1: null,\n     MBR_RE_TAG2: null,\n     members: \n      [ [Object],\n        [Object],\n        [Object],\n        [Object],\n        [Object],\n        [Object],\n        [Object],\n        [Object],\n        [Object] ] } }","timestamp":"11:01:25 AM"}
{"level":"info","message":"NivaBupa Final_result: { final_result: \n   { application_id: '820661351311',\n     application_result: 'NotSubmitted',\n     application_non_std_no_uw: false,\n     MBR_RE_MUW: 'No',\n     MBR_RE_TAG1: null,\n     MBR_RE_TAG2: null,\n     members: \n      [ [Object],\n        [Object],\n        [Object],\n        [Object],\n        [Object],\n        [Object],\n        [Object],\n        [Object],\n        [Object] ] } }","timestamp":"11:08:49 AM"}
{"level":"info","message":"Status: Success\ndata:  https://rules1.nivabupa.com/underwriting_form?response_obj=a6d84976d52c4413abac75cff4b82c09","timestamp":"11:13:03 AM"}
{"level":"info","message":"NivaBupa Final_result: { final_result: \n   { application_id: '820661351311',\n     application_result: 'NotSubmitted',\n     application_non_std_no_uw: false,\n     MBR_RE_MUW: 'No',\n     MBR_RE_TAG1: null,\n     MBR_RE_TAG2: null,\n     members: \n      [ [Object],\n        [Object],\n        [Object],\n        [Object],\n        [Object],\n        [Object],\n        [Object],\n        [Object],\n        [Object],\n        [Object],\n        [Object] ] } }","timestamp":"11:14:36 AM"}
{"level":"info","message":"NivaBupa Final_result: { final_result: \n   { application_id: '820661351311',\n     application_result: 'NotSubmitted',\n     application_non_std_no_uw: false,\n     MBR_RE_MUW: 'No',\n     MBR_RE_TAG1: null,\n     MBR_RE_TAG2: null,\n     members: \n      [ [Object],\n        [Object],\n        [Object],\n        [Object],\n        [Object],\n        [Object],\n        [Object],\n        [Object],\n        [Object],\n        [Object],\n        [Object] ] } }","timestamp":"11:21:03 AM"}
{"level":"info","message":"NivaBupa Final_result: { final_result: \n   { application_id: '820661351311',\n     application_result: 'NotSubmitted',\n     application_non_std_no_uw: false,\n     MBR_RE_MUW: 'No',\n     MBR_RE_TAG1: null,\n     MBR_RE_TAG2: null,\n     members: \n      [ [Object],\n        [Object],\n        [Object],\n        [Object],\n        [Object],\n        [Object],\n        [Object],\n        [Object],\n        [Object],\n        [Object],\n        [Object] ] } }","timestamp":"11:21:38 AM"}
{"level":"info","message":"NivaBupa Final_result: { final_result: \n   { application_id: '820661351311',\n     application_result: 'NotSubmitted',\n     application_non_std_no_uw: false,\n     MBR_RE_MUW: 'No',\n     MBR_RE_TAG1: null,\n     MBR_RE_TAG2: null,\n     members: \n      [ [Object],\n        [Object],\n        [Object],\n        [Object],\n        [Object],\n        [Object],\n        [Object],\n        [Object],\n        [Object],\n        [Object],\n        [Object] ] } }","timestamp":"11:24:03 AM"}
{"level":"info","message":"Status: Success\ndata:  https://rules1.nivabupa.com/underwriting_form?response_obj=7d27db01afd14607924857124700d10f","timestamp":"1:48:38 PM"}
{"level":"info","message":"Status: Success\ndata:  https://rules1.nivabupa.com/underwriting_form?response_obj=c1c182bbdd8a4cf19f2a65dcfbe0be5c","timestamp":"1:50:44 PM"}
{"level":"info","message":"$$$$$$$$$$$$$$$$$$$$$$$$","timestamp":"2:14:59 PM"}
{"meta":"","level":"info","message":"","timestamp":"2:14:59 PM"}
{"level":"info","message":"Production Environment is Listening on port 3000","timestamp":"2:14:59 PM"}
{"level":"info","message":"Web URL : http://localhost:3000","timestamp":"2:14:59 PM"}
{"meta":"","level":"info","message":"","timestamp":"2:14:59 PM"}
{"level":"info","message":"$$$$$$$$$$$$$$$$$$$$$$$$","timestamp":"2:14:59 PM"}
{"meta":"","level":"info","message":"","timestamp":"2:14:59 PM"}
