{"level":"info","message":"$$$$$$$$$$$$$$$$$$$$$$$$","timestamp":"8:50:24 AM"}
{"meta":"","level":"info","message":"","timestamp":"8:50:24 AM"}
{"level":"info","message":"Production Environment is Listening on port 3000","timestamp":"8:50:24 AM"}
{"level":"info","message":"Web URL : http://localhost:3000","timestamp":"8:50:24 AM"}
{"meta":"","level":"info","message":"","timestamp":"8:50:24 AM"}
{"level":"info","message":"$$$$$$$$$$$$$$$$$$$$$$$$","timestamp":"8:50:24 AM"}
{"meta":"","level":"info","message":"","timestamp":"8:50:24 AM"}
{"level":"info","message":"Start premium_list_db","timestamp":"9:11:43 AM"}
{"level":"info","message":"Waiting premium_list_db","timestamp":"9:11:43 AM"}
{"level":"info","message":"Finish premium_list_db","timestamp":"9:11:44 AM"}
{"level":"info","message":"Start premium_list_db","timestamp":"9:11:51 AM"}
{"level":"info","message":"Waiting premium_list_db","timestamp":"9:11:51 AM"}
{"level":"info","message":"Finish premium_list_db","timestamp":"9:11:51 AM"}
{"level":"info","message":"Start premium_list_db","timestamp":"9:11:54 AM"}
{"level":"info","message":"Waiting premium_list_db","timestamp":"9:11:54 AM"}
{"level":"info","message":"Finish premium_list_db","timestamp":"9:11:54 AM"}
{"level":"info","message":"Start premium_list_db","timestamp":"9:11:57 AM"}
{"level":"info","message":"Waiting premium_list_db","timestamp":"9:11:57 AM"}
{"level":"info","message":"Finish premium_list_db","timestamp":"9:11:57 AM"}
{"level":"info","message":"Start premium_list_db","timestamp":"12:36:19 PM"}
{"level":"info","message":"Waiting premium_list_db","timestamp":"12:36:19 PM"}
{"level":"info","message":"Finish premium_list_db","timestamp":"12:36:19 PM"}
{"level":"info","message":"Start premium_list_db","timestamp":"12:36:22 PM"}
{"level":"info","message":"Waiting premium_list_db","timestamp":"12:36:22 PM"}
{"level":"info","message":"Finish premium_list_db","timestamp":"12:36:22 PM"}
{"level":"info","message":"Start premium_list_db","timestamp":"12:36:26 PM"}
{"level":"info","message":"Waiting premium_list_db","timestamp":"12:36:26 PM"}
{"level":"info","message":"Finish premium_list_db","timestamp":"12:36:26 PM"}
{"level":"info","message":"Start premium_list_db","timestamp":"12:36:30 PM"}
{"level":"info","message":"Waiting premium_list_db","timestamp":"12:36:30 PM"}
{"level":"info","message":"Finish premium_list_db","timestamp":"12:36:30 PM"}
