{"level":"info","message":"$$$$$$$$$$$$$$$$$$$$$$$$","timestamp":"2:50:41 PM"}
{"meta":"","level":"info","message":"","timestamp":"2:50:41 PM"}
{"level":"info","message":"Development Environment is Listening on port 3000","timestamp":"2:50:41 PM"}
{"level":"info","message":"Web URL : http://localhost:3000","timestamp":"2:50:41 PM"}
{"meta":"","level":"info","message":"","timestamp":"2:50:41 PM"}
{"level":"info","message":"$$$$$$$$$$$$$$$$$$$$$$$$","timestamp":"2:50:41 PM"}
{"meta":"","level":"info","message":"","timestamp":"2:50:41 PM"}
{"level":"info","message":"Start premium_list_db","timestamp":"3:33:42 PM"}
{"level":"info","message":"Waiting premium_list_db","timestamp":"3:33:42 PM"}
{"level":"info","message":"Start premium_list_db","timestamp":"3:33:42 PM"}
{"level":"info","message":"Waiting premium_list_db","timestamp":"3:33:42 PM"}
{"level":"info","message":"Success","timestamp":"3:33:42 PM"}
{"level":"info","message":"Success","timestamp":"3:33:42 PM"}
{"level":"info","message":"Finish premium_list_db","timestamp":"3:33:42 PM"}
{"level":"info","message":"Finish premium_list_db","timestamp":"3:33:42 PM"}
{"level":"info","message":"Success","timestamp":"4:42:07 PM"}
{"level":"info","message":"Success","timestamp":"4:42:08 PM"}
{"level":"info","message":"Start premium_list_db","timestamp":"4:42:11 PM"}
{"level":"info","message":"Waiting premium_list_db","timestamp":"4:42:11 PM"}
{"level":"info","message":"Finish premium_list_db","timestamp":"4:42:11 PM"}
{"level":"info","message":"Start premium_list_db","timestamp":"4:42:12 PM"}
{"level":"info","message":"Waiting premium_list_db","timestamp":"4:42:12 PM"}
{"level":"info","message":"Finish premium_list_db","timestamp":"4:42:12 PM"}
