{"level":"info","message":"$$$$$$$$$$$$$$$$$$$$$$$$","timestamp":"9:29:55 AM"}
{"meta":"","level":"info","message":"","timestamp":"9:29:55 AM"}
{"level":"info","message":"Production Environment is Listening on port 3000","timestamp":"9:29:55 AM"}
{"level":"info","message":"Web URL : http://localhost:3000","timestamp":"9:29:55 AM"}
{"meta":"","level":"info","message":"","timestamp":"9:29:55 AM"}
{"level":"info","message":"$$$$$$$$$$$$$$$$$$$$$$$$","timestamp":"9:29:55 AM"}
{"meta":"","level":"info","message":"","timestamp":"9:29:55 AM"}
{"level":"info","message":"$$$$$$$$$$$$$$$$$$$$$$$$","timestamp":"11:32:01 AM"}
{"meta":"","level":"info","message":"","timestamp":"11:32:01 AM"}
{"level":"info","message":"Production Environment is Listening on port 3000","timestamp":"11:32:01 AM"}
{"level":"info","message":"Web URL : http://localhost:3000","timestamp":"11:32:01 AM"}
{"meta":"","level":"info","message":"","timestamp":"11:32:01 AM"}
{"level":"info","message":"$$$$$$$$$$$$$$$$$$$$$$$$","timestamp":"11:32:01 AM"}
{"meta":"","level":"info","message":"","timestamp":"11:32:01 AM"}
{"level":"info","message":"$$$$$$$$$$$$$$$$$$$$$$$$","timestamp":"11:38:26 AM"}
{"meta":"","level":"info","message":"","timestamp":"11:38:26 AM"}
{"level":"info","message":"Production Environment is Listening on port 3000","timestamp":"11:38:26 AM"}
{"level":"info","message":"Web URL : http://localhost:3000","timestamp":"11:38:26 AM"}
{"meta":"","level":"info","message":"","timestamp":"11:38:26 AM"}
{"level":"info","message":"$$$$$$$$$$$$$$$$$$$$$$$$","timestamp":"11:38:26 AM"}
{"meta":"","level":"info","message":"","timestamp":"11:38:26 AM"}
{"level":"info","message":"$$$$$$$$$$$$$$$$$$$$$$$$","timestamp":"11:50:53 AM"}
{"meta":"","level":"info","message":"","timestamp":"11:50:53 AM"}
{"level":"info","message":"Production Environment is Listening on port 3000","timestamp":"11:50:53 AM"}
{"level":"info","message":"Web URL : http://localhost:3000","timestamp":"11:50:53 AM"}
{"meta":"","level":"info","message":"","timestamp":"11:50:53 AM"}
{"level":"info","message":"$$$$$$$$$$$$$$$$$$$$$$$$","timestamp":"11:50:53 AM"}
{"meta":"","level":"info","message":"","timestamp":"11:50:53 AM"}
{"level":"info","message":"$$$$$$$$$$$$$$$$$$$$$$$$","timestamp":"12:43:02 PM"}
{"meta":"","level":"info","message":"","timestamp":"12:43:02 PM"}
{"level":"info","message":"Production Environment is Listening on port 3000","timestamp":"12:43:02 PM"}
{"level":"info","message":"Web URL : http://localhost:3000","timestamp":"12:43:02 PM"}
{"meta":"","level":"info","message":"","timestamp":"12:43:02 PM"}
{"level":"info","message":"$$$$$$$$$$$$$$$$$$$$$$$$","timestamp":"12:43:02 PM"}
{"meta":"","level":"info","message":"","timestamp":"12:43:02 PM"}
{"level":"info","message":"$$$$$$$$$$$$$$$$$$$$$$$$","timestamp":"1:28:22 PM"}
{"meta":"","level":"info","message":"","timestamp":"1:28:22 PM"}
{"level":"info","message":"Production Environment is Listening on port 3000","timestamp":"1:28:22 PM"}
{"level":"info","message":"Web URL : http://localhost:3000","timestamp":"1:28:22 PM"}
{"meta":"","level":"info","message":"","timestamp":"1:28:22 PM"}
{"level":"info","message":"$$$$$$$$$$$$$$$$$$$$$$$$","timestamp":"1:28:22 PM"}
{"meta":"","level":"info","message":"","timestamp":"1:28:22 PM"}
{"level":"info","message":"$$$$$$$$$$$$$$$$$$$$$$$$","timestamp":"2:40:07 PM"}
{"meta":"","level":"info","message":"","timestamp":"2:40:07 PM"}
{"level":"info","message":"Production Environment is Listening on port 3000","timestamp":"2:40:07 PM"}
{"level":"info","message":"Web URL : http://localhost:3000","timestamp":"2:40:07 PM"}
{"meta":"","level":"info","message":"","timestamp":"2:40:07 PM"}
{"level":"info","message":"$$$$$$$$$$$$$$$$$$$$$$$$","timestamp":"2:40:07 PM"}
{"meta":"","level":"info","message":"","timestamp":"2:40:07 PM"}
{"level":"info","message":"$$$$$$$$$$$$$$$$$$$$$$$$","timestamp":"3:43:54 PM"}
{"meta":"","level":"info","message":"","timestamp":"3:43:54 PM"}
{"level":"info","message":"Production Environment is Listening on port 3000","timestamp":"3:43:54 PM"}
{"level":"info","message":"Web URL : http://localhost:3000","timestamp":"3:43:54 PM"}
{"meta":"","level":"info","message":"","timestamp":"3:43:54 PM"}
{"level":"info","message":"$$$$$$$$$$$$$$$$$$$$$$$$","timestamp":"3:43:54 PM"}
{"meta":"","level":"info","message":"","timestamp":"3:43:54 PM"}
