{"level":"error","message":"LOG REFERER YTD undefined ::ffff:127.0.0.1 undefined","timestamp":"9:59:48 AM"}
{"level":"error","message":"Error: Request aborted\n    at IncomingMessage.<anonymous> (D:\\Office\\HorizonAPI\\SourceCode\\node_modules\\formidable\\lib\\incoming_form.js:120:19)\n    at emitNone (events.js:86:13)\n    at IncomingMessage.emit (events.js:185:7)\n    at abortIncoming (_http_server.js:283:11)\n    at Socket.serverSocketCloseListener (_http_server.js:296:5)\n    at emitOne (events.js:101:20)\n    at Socket.emit (events.js:188:7)\n    at TCP._handle.close [as _onclose] (net.js:498:12)","timestamp":"10:01:50 AM"}
{"level":"error","message":"LOG REFERER YTD http://localhost:7000/ ::1 string","timestamp":"10:04:13 AM"}
{"level":"error","message":"LOG REFERER YTD http://localhost:7000/ ::1 string","timestamp":"10:04:18 AM"}
{"level":"error","message":"LOG REFERER YTD http://localhost:7000/ ::1 string","timestamp":"10:17:02 AM"}
{"level":"error","message":"LOG REFERER YTD http://localhost:7000/ ::1 string","timestamp":"10:17:08 AM"}
{"level":"error","message":"LOG REFERER YTD http://localhost:7000/ ::1 string","timestamp":"10:17:10 AM"}
{"level":"error","message":"LOG REFERER YTD http://localhost:7000/ ::1 string","timestamp":"10:17:30 AM"}
{"level":"warn","message":"uncaughtException { Error: ENOENT: no such file or directory, mkdir 'D:\\Office\\HorizonAPI\\SourceCode\\tmp\\ticketing\\CAEN3718'\n    at Error (native)\n    at Object.fs.mkdirSync (fs.js:922:18)\n    at D:\\Office\\HorizonAPI\\SourceCode\\routes\\postservicecall.js:1514:56\n    at D:\\Office\\HorizonAPI\\SourceCode\\node_modules\\mongodb\\lib\\collection.js:436:18\n    at handleCallback (D:\\Office\\HorizonAPI\\SourceCode\\node_modules\\mongodb\\lib\\utils.js:95:56)\n    at D:\\Office\\HorizonAPI\\SourceCode\\node_modules\\mongodb\\lib\\collection.js:742:5\n    at D:\\Office\\HorizonAPI\\SourceCode\\node_modules\\mongodb-core\\lib\\connection\\pool.js:455:18\n    at _combinedTickCallback (internal/process/next_tick.js:67:7)\n    at process._tickCallback (internal/process/next_tick.js:98:9)\n  errno: -4058,\n  code: 'ENOENT',\n  syscall: 'mkdir',\n  path: 'D:\\\\Office\\\\HorizonAPI\\\\SourceCode\\\\tmp\\\\ticketing\\\\CAEN3718' }","timestamp":"10:17:32 AM"}
{"level":"error","message":"LOG REFERER YTD http://localhost:7000/ ::1 string","timestamp":"10:19:30 AM"}
{"level":"error","message":"LOG REFERER YTD http://localhost:7000/ ::1 string","timestamp":"10:19:51 AM"}
{"level":"error","message":"LOG REFERER YTD http://localhost:7000/ ::1 string","timestamp":"10:19:54 AM"}
{"level":"error","message":"LOG REFERER YTD http://localhost:7000/ ::1 string","timestamp":"10:20:03 AM"}
{"level":"error","message":"LOG REFERER YTD http://localhost:7000/ ::1 string","timestamp":"10:20:06 AM"}
{"level":"error","message":"LOG REFERER YTD http://localhost:7000/ ::1 string","timestamp":"10:20:23 AM"}
{"level":"error","message":"LOG REFERER YTD http://localhost:7000/ ::1 string","timestamp":"10:20:26 AM"}
{"level":"error","message":"LOG REFERER YTD undefined ::1 undefined","timestamp":"10:21:44 AM"}
{"level":"error","message":"LOG REFERER YTD undefined ::1 undefined","timestamp":"10:30:47 AM"}
{"level":"error","message":"LOG REFERER YTD undefined ::1 undefined","timestamp":"10:34:08 AM"}
{"level":"error","message":"LOG REFERER YTD undefined ::1 undefined","timestamp":"10:36:29 AM"}
{"level":"error","message":"LOG REFERER YTD undefined ::1 undefined","timestamp":"10:43:04 AM"}
{"level":"error","message":"LOG REFERER YTD http://localhost:7000/ ::1 string","timestamp":"10:45:27 AM"}
{"level":"error","message":"LOG REFERER YTD http://localhost:7000/ ::1 string","timestamp":"10:45:33 AM"}
{"level":"error","message":"LOG REFERER YTD http://localhost:7000/ ::1 string","timestamp":"10:45:35 AM"}
{"level":"error","message":"LOG REFERER YTD http://localhost:7000/ ::1 string","timestamp":"10:45:52 AM"}
{"level":"warn","message":"uncaughtException { Error: ENOENT: no such file or directory, mkdir 'D:\\Office\\HorizonAPI\\SourceCode\\tmp\\ticketing\\BIEN3722'\n    at Error (native)\n    at Object.fs.mkdirSync (fs.js:922:18)\n    at D:\\Office\\HorizonAPI\\SourceCode\\routes\\postservicecall.js:1514:56\n    at D:\\Office\\HorizonAPI\\SourceCode\\node_modules\\mongodb\\lib\\collection.js:436:18\n    at handleCallback (D:\\Office\\HorizonAPI\\SourceCode\\node_modules\\mongodb\\lib\\utils.js:95:56)\n    at D:\\Office\\HorizonAPI\\SourceCode\\node_modules\\mongodb\\lib\\collection.js:742:5\n    at D:\\Office\\HorizonAPI\\SourceCode\\node_modules\\mongodb-core\\lib\\connection\\pool.js:455:18\n    at _combinedTickCallback (internal/process/next_tick.js:67:7)\n    at process._tickCallback (internal/process/next_tick.js:98:9)\n  errno: -4058,\n  code: 'ENOENT',\n  syscall: 'mkdir',\n  path: 'D:\\\\Office\\\\HorizonAPI\\\\SourceCode\\\\tmp\\\\ticketing\\\\BIEN3722' }","timestamp":"10:45:53 AM"}
{"level":"error","message":"LOG REFERER YTD http://localhost:7000/ ::1 string","timestamp":"10:47:52 AM"}
{"level":"error","message":"LOG REFERER YTD http://localhost:7000/ ::1 string","timestamp":"10:50:43 AM"}
{"level":"error","message":"LOG REFERER YTD http://localhost:7000/ ::1 string","timestamp":"10:52:21 AM"}
{"level":"error","message":"LOG REFERER YTD http://localhost:7000/ ::1 string","timestamp":"10:52:26 AM"}
{"level":"error","message":"LOG REFERER YTD http://localhost:7000/ ::1 string","timestamp":"10:52:26 AM"}
{"level":"error","message":"LOG REFERER YTD http://localhost:7000/ ::1 string","timestamp":"10:52:45 AM"}
{"level":"error","message":"LOG REFERER YTD http://localhost:7000/ ::1 string","timestamp":"10:52:48 AM"}
{"level":"error","message":"LOG REFERER YTD http://localhost:7000/ ::1 string","timestamp":"2:30:32 PM"}
{"level":"error","message":"LOG REFERER YTD http://localhost:7000/ ::1 string","timestamp":"2:30:37 PM"}
{"level":"error","message":"LOG REFERER YTD http://localhost:7000/ ::1 string","timestamp":"2:30:41 PM"}
{"level":"error","message":"LOG REFERER YTD http://localhost:7000/ ::1 string","timestamp":"2:30:57 PM"}
{"level":"error","message":"LOG REFERER YTD undefined ::ffff:127.0.0.1 undefined","timestamp":"2:36:46 PM"}
{"level":"error","message":"LOG REFERER YTD http://localhost:7000/ ::1 string","timestamp":"2:36:47 PM"}
{"level":"error","message":"LOG REFERER YTD http://localhost:7000/ ::1 string","timestamp":"2:36:52 PM"}
{"level":"error","message":"LOG REFERER YTD http://localhost:7000/ ::1 string","timestamp":"2:37:37 PM"}
{"level":"error","message":"LOG REFERER YTD http://localhost:7000/ ::1 string","timestamp":"2:37:39 PM"}
{"level":"error","message":"LOG REFERER YTD http://localhost:7000/ ::1 string","timestamp":"2:37:57 PM"}
{"level":"warn","message":"uncaughtException { Error: ENOENT: no such file or directory, mkdir 'D:\\Office\\HorizonAPI\\SourceCode\\tmp\\ticketing\\CAEN3725'\n    at Error (native)\n    at Object.fs.mkdirSync (fs.js:922:18)\n    at D:\\Office\\HorizonAPI\\SourceCode\\routes\\postservicecall.js:1514:56\n    at D:\\Office\\HorizonAPI\\SourceCode\\node_modules\\mongodb\\lib\\collection.js:436:18\n    at handleCallback (D:\\Office\\HorizonAPI\\SourceCode\\node_modules\\mongodb\\lib\\utils.js:95:56)\n    at D:\\Office\\HorizonAPI\\SourceCode\\node_modules\\mongodb\\lib\\collection.js:742:5\n    at D:\\Office\\HorizonAPI\\SourceCode\\node_modules\\mongodb-core\\lib\\connection\\pool.js:455:18\n    at _combinedTickCallback (internal/process/next_tick.js:67:7)\n    at process._tickCallback (internal/process/next_tick.js:98:9)\n  errno: -4058,\n  code: 'ENOENT',\n  syscall: 'mkdir',\n  path: 'D:\\\\Office\\\\HorizonAPI\\\\SourceCode\\\\tmp\\\\ticketing\\\\CAEN3725' }","timestamp":"2:37:57 PM"}
{"level":"error","message":"Error: Request aborted\n    at IncomingMessage.<anonymous> (D:\\Office\\HorizonAPI\\SourceCode\\node_modules\\formidable\\lib\\incoming_form.js:120:19)\n    at emitNone (events.js:86:13)\n    at IncomingMessage.emit (events.js:185:7)\n    at abortIncoming (_http_server.js:283:11)\n    at Socket.serverSocketCloseListener (_http_server.js:296:5)\n    at emitOne (events.js:101:20)\n    at Socket.emit (events.js:188:7)\n    at TCP._handle.close [as _onclose] (net.js:498:12)","timestamp":"2:38:52 PM"}
{"level":"error","message":"LOG REFERER YTD http://localhost:7000/ ::1 string","timestamp":"2:39:57 PM"}
{"level":"error","message":"LOG REFERER YTD http://localhost:7000/ ::1 string","timestamp":"2:41:13 PM"}
{"level":"error","message":"LOG REFERER YTD http://localhost:7000/ ::1 string","timestamp":"2:41:17 PM"}
{"level":"error","message":"LOG REFERER YTD http://localhost:7000/ ::1 string","timestamp":"2:41:28 PM"}
{"level":"error","message":"LOG REFERER YTD http://localhost:7000/ ::1 string","timestamp":"2:41:31 PM"}
{"level":"error","message":"LOG REFERER YTD http://localhost:7000/ ::1 string","timestamp":"2:42:02 PM"}
{"level":"error","message":"LOG REFERER YTD http://localhost:7000/ ::1 string","timestamp":"2:42:05 PM"}
{"level":"error","message":"LOG REFERER YTD http://localhost:7000/ ::1 string","timestamp":"2:42:21 PM"}
{"level":"error","message":"LOG REFERER YTD http://localhost:7000/ ::1 string","timestamp":"2:42:25 PM"}
{"level":"error","message":"LOG REFERER YTD http://localhost:7000/ ::1 string","timestamp":"2:42:26 PM"}
{"level":"error","message":"LOG REFERER YTD http://localhost:7000/ ::1 string","timestamp":"2:42:41 PM"}
{"level":"error","message":"LOG REFERER YTD http://localhost:7000/ ::1 string","timestamp":"2:44:43 PM"}
{"level":"error","message":"LOG REFERER YTD http://localhost:7000/ ::1 string","timestamp":"2:44:45 PM"}
{"level":"error","message":"LOG REFERER YTD http://localhost:7000/ ::1 string","timestamp":"2:45:02 PM"}
{"level":"error","message":"LOG REFERER YTD http://localhost:7000/ ::1 string","timestamp":"2:45:02 PM"}
{"level":"error","message":"LOG REFERER YTD http://localhost:7000/ ::1 string","timestamp":"2:45:17 PM"}
{"level":"error","message":"LOG REFERER YTD http://localhost:7000/ ::1 string","timestamp":"3:06:44 PM"}
{"level":"error","message":"LOG REFERER YTD http://localhost:7000/ ::1 string","timestamp":"3:06:46 PM"}
{"level":"error","message":"LOG REFERER YTD http://localhost:7000/ ::1 string","timestamp":"3:07:02 PM"}
{"level":"error","message":"LOG REFERER YTD http://localhost:7000/ ::1 string","timestamp":"3:07:05 PM"}
{"level":"error","message":"LOG REFERER YTD http://localhost:7000/ ::1 string","timestamp":"3:07:48 PM"}
{"level":"warn","message":"uncaughtException { Error: ENOENT: no such file or directory, mkdir 'D:\\Office\\HorizonAPI\\SourceCode\\tmp\\ticketing\\BIEN3730'\n    at Error (native)\n    at Object.fs.mkdirSync (fs.js:922:18)\n    at D:\\Office\\HorizonAPI\\SourceCode\\routes\\postservicecall.js:1514:56\n    at D:\\Office\\HorizonAPI\\SourceCode\\node_modules\\mongodb\\lib\\collection.js:436:18\n    at handleCallback (D:\\Office\\HorizonAPI\\SourceCode\\node_modules\\mongodb\\lib\\utils.js:95:56)\n    at D:\\Office\\HorizonAPI\\SourceCode\\node_modules\\mongodb\\lib\\collection.js:742:5\n    at D:\\Office\\HorizonAPI\\SourceCode\\node_modules\\mongodb-core\\lib\\connection\\pool.js:455:18\n    at _combinedTickCallback (internal/process/next_tick.js:67:7)\n    at process._tickCallback (internal/process/next_tick.js:98:9)\n  errno: -4058,\n  code: 'ENOENT',\n  syscall: 'mkdir',\n  path: 'D:\\\\Office\\\\HorizonAPI\\\\SourceCode\\\\tmp\\\\ticketing\\\\BIEN3730' }","timestamp":"3:08:38 PM"}
{"level":"error","message":"LOG REFERER YTD http://localhost:7000/ ::1 string","timestamp":"3:09:48 PM"}
{"level":"warn","message":"uncaughtException { Error: ENOENT: no such file or directory, mkdir 'D:\\Office\\HorizonAPI\\SourceCode\\tmp\\ticketing\\BIEN3731'\n    at Error (native)\n    at Object.fs.mkdirSync (fs.js:922:18)\n    at D:\\Office\\HorizonAPI\\SourceCode\\routes\\postservicecall.js:1514:56\n    at D:\\Office\\HorizonAPI\\SourceCode\\node_modules\\mongodb\\lib\\collection.js:436:18\n    at handleCallback (D:\\Office\\HorizonAPI\\SourceCode\\node_modules\\mongodb\\lib\\utils.js:95:56)\n    at D:\\Office\\HorizonAPI\\SourceCode\\node_modules\\mongodb\\lib\\collection.js:742:5\n    at D:\\Office\\HorizonAPI\\SourceCode\\node_modules\\mongodb-core\\lib\\connection\\pool.js:455:18\n    at _combinedTickCallback (internal/process/next_tick.js:67:7)\n    at process._tickCallback (internal/process/next_tick.js:98:9)\n  errno: -4058,\n  code: 'ENOENT',\n  syscall: 'mkdir',\n  path: 'D:\\\\Office\\\\HorizonAPI\\\\SourceCode\\\\tmp\\\\ticketing\\\\BIEN3731' }","timestamp":"3:11:04 PM"}
{"level":"error","message":"LOG REFERER YTD http://localhost:7000/ ::1 string","timestamp":"3:12:15 PM"}
{"level":"error","message":"LOG REFERER YTD http://localhost:7000/ ::1 string","timestamp":"3:12:26 PM"}
{"level":"error","message":"LOG REFERER YTD http://localhost:7000/ ::1 string","timestamp":"3:12:35 PM"}
{"level":"error","message":"LOG REFERER YTD http://localhost:7000/ ::1 string","timestamp":"3:12:36 PM"}
{"level":"error","message":"LOG REFERER YTD http://localhost:7000/ ::1 string","timestamp":"3:13:17 PM"}
{"level":"warn","message":"uncaughtException { Error: ENOENT: no such file or directory, mkdir 'D:\\Office\\HorizonAPI\\SourceCode\\tmp\\ticketing\\BIEN3732'\n    at Error (native)\n    at Object.fs.mkdirSync (fs.js:922:18)\n    at D:\\Office\\HorizonAPI\\SourceCode\\routes\\postservicecall.js:1514:56\n    at D:\\Office\\HorizonAPI\\SourceCode\\node_modules\\mongodb\\lib\\collection.js:436:18\n    at handleCallback (D:\\Office\\HorizonAPI\\SourceCode\\node_modules\\mongodb\\lib\\utils.js:95:56)\n    at D:\\Office\\HorizonAPI\\SourceCode\\node_modules\\mongodb\\lib\\collection.js:742:5\n    at D:\\Office\\HorizonAPI\\SourceCode\\node_modules\\mongodb-core\\lib\\connection\\pool.js:455:18\n    at _combinedTickCallback (internal/process/next_tick.js:67:7)\n    at process._tickCallback (internal/process/next_tick.js:98:9)\n  errno: -4058,\n  code: 'ENOENT',\n  syscall: 'mkdir',\n  path: 'D:\\\\Office\\\\HorizonAPI\\\\SourceCode\\\\tmp\\\\ticketing\\\\BIEN3732' }","timestamp":"3:21:52 PM"}
{"level":"error","message":"LOG REFERER YTD http://localhost:7000/ ::1 string","timestamp":"3:21:52 PM"}
{"level":"error","message":"LOG REFERER YTD http://localhost:7000/ ::1 string","timestamp":"3:22:57 PM"}
{"level":"error","message":"LOG REFERER YTD http://localhost:7000/ ::1 string","timestamp":"3:23:06 PM"}
{"level":"error","message":"LOG REFERER YTD http://localhost:7000/ ::1 string","timestamp":"3:23:33 PM"}
{"level":"error","message":"LOG REFERER YTD http://localhost:7000/ ::1 string","timestamp":"3:23:34 PM"}
{"level":"error","message":"LOG REFERER YTD http://localhost:7000/ ::1 string","timestamp":"3:23:52 PM"}
{"level":"error","message":"LOG REFERER YTD http://localhost:7000/ ::1 string","timestamp":"3:29:25 PM"}
{"level":"warn","message":"uncaughtException Error: write after end\n    at writeAfterEnd (_stream_writable.js:193:12)\n    at Socket.Writable.write (_stream_writable.js:244:5)\n    at Socket.write (net.js:658:40)\n    at Connection.write (D:\\Office\\HorizonAPI\\SourceCode\\node_modules\\mongoose\\node_modules\\mongodb-core\\lib\\connection\\connection.js:523:54)\n    at D:\\Office\\HorizonAPI\\SourceCode\\node_modules\\mongoose\\node_modules\\mongodb-core\\lib\\connection\\pool.js:207:16\n    at executeScram (D:\\Office\\HorizonAPI\\SourceCode\\node_modules\\mongoose\\node_modules\\mongodb-core\\lib\\auth\\scram.js:177:5)\n    at D:\\Office\\HorizonAPI\\SourceCode\\node_modules\\mongoose\\node_modules\\mongodb-core\\lib\\auth\\scram.js:281:7\n    at _combinedTickCallback (internal/process/next_tick.js:67:7)\n    at process._tickCallback (internal/process/next_tick.js:98:9)","timestamp":"3:31:01 PM"}
{"level":"warn","message":"uncaughtException Error: write after end\n    at writeAfterEnd (_stream_writable.js:193:12)\n    at Socket.Writable.write (_stream_writable.js:244:5)\n    at Socket.write (net.js:658:40)\n    at Connection.write (D:\\Office\\HorizonAPI\\SourceCode\\node_modules\\mongoose\\node_modules\\mongodb-core\\lib\\connection\\connection.js:523:54)\n    at D:\\Office\\HorizonAPI\\SourceCode\\node_modules\\mongoose\\node_modules\\mongodb-core\\lib\\connection\\pool.js:207:16\n    at executeScram (D:\\Office\\HorizonAPI\\SourceCode\\node_modules\\mongoose\\node_modules\\mongodb-core\\lib\\auth\\scram.js:177:5)\n    at D:\\Office\\HorizonAPI\\SourceCode\\node_modules\\mongoose\\node_modules\\mongodb-core\\lib\\auth\\scram.js:281:7\n    at _combinedTickCallback (internal/process/next_tick.js:67:7)\n    at Immediate._tickCallback (internal/process/next_tick.js:98:9)\n    at runCallback (timers.js:651:20)\n    at tryOnImmediate (timers.js:624:5)\n    at processImmediate [as _immediateCallback] (timers.js:596:5)","timestamp":"3:31:01 PM"}
{"level":"warn","message":"uncaughtException Error: write after end\n    at writeAfterEnd (_stream_writable.js:193:12)\n    at Socket.Writable.write (_stream_writable.js:244:5)\n    at Socket.write (net.js:658:40)\n    at Connection.write (D:\\Office\\HorizonAPI\\SourceCode\\node_modules\\mongoose\\node_modules\\mongodb-core\\lib\\connection\\connection.js:523:54)\n    at D:\\Office\\HorizonAPI\\SourceCode\\node_modules\\mongoose\\node_modules\\mongodb-core\\lib\\connection\\pool.js:207:16\n    at executeScram (D:\\Office\\HorizonAPI\\SourceCode\\node_modules\\mongoose\\node_modules\\mongodb-core\\lib\\auth\\scram.js:177:5)\n    at D:\\Office\\HorizonAPI\\SourceCode\\node_modules\\mongoose\\node_modules\\mongodb-core\\lib\\auth\\scram.js:281:7\n    at _combinedTickCallback (internal/process/next_tick.js:67:7)\n    at process._tickCallback (internal/process/next_tick.js:98:9)","timestamp":"3:31:01 PM"}
{"level":"warn","message":"uncaughtException Error: write after end\n    at writeAfterEnd (_stream_writable.js:193:12)\n    at Socket.Writable.write (_stream_writable.js:244:5)\n    at Socket.write (net.js:658:40)\n    at Connection.write (D:\\Office\\HorizonAPI\\SourceCode\\node_modules\\mongoose\\node_modules\\mongodb-core\\lib\\connection\\connection.js:523:54)\n    at D:\\Office\\HorizonAPI\\SourceCode\\node_modules\\mongoose\\node_modules\\mongodb-core\\lib\\connection\\pool.js:207:16\n    at executeScram (D:\\Office\\HorizonAPI\\SourceCode\\node_modules\\mongoose\\node_modules\\mongodb-core\\lib\\auth\\scram.js:177:5)\n    at D:\\Office\\HorizonAPI\\SourceCode\\node_modules\\mongoose\\node_modules\\mongodb-core\\lib\\auth\\scram.js:281:7\n    at _combinedTickCallback (internal/process/next_tick.js:67:7)\n    at process._tickCallback (internal/process/next_tick.js:98:9)","timestamp":"3:31:01 PM"}
{"level":"error","message":"LOG REFERER YTD undefined ::ffff:127.0.0.1 undefined","timestamp":"3:31:35 PM"}
{"level":"error","message":"LOG REFERER YTD http://localhost:7000/ ::1 string","timestamp":"3:32:45 PM"}
{"level":"error","message":"LOG REFERER YTD http://localhost:7000/ ::1 string","timestamp":"3:32:47 PM"}
{"level":"error","message":"LOG REFERER YTD http://localhost:7000/ ::1 string","timestamp":"3:33:01 PM"}
{"level":"error","message":"LOG REFERER YTD http://localhost:7000/ ::1 string","timestamp":"3:33:01 PM"}
{"level":"error","message":"LOG REFERER YTD http://localhost:7000/ ::1 string","timestamp":"3:33:17 PM"}
{"level":"error","message":"LOG REFERER YTD undefined ::ffff:127.0.0.1 undefined","timestamp":"3:33:19 PM"}
{"level":"error","message":"LOG REFERER YTD http://localhost:7000/ ::1 string","timestamp":"3:33:33 PM"}
{"level":"error","message":"LOG REFERER YTD http://localhost:7000/ ::1 string","timestamp":"3:33:39 PM"}
{"level":"error","message":"LOG REFERER YTD http://localhost:7000/ ::1 string","timestamp":"3:33:39 PM"}
{"level":"error","message":"LOG REFERER YTD http://localhost:7000/ ::1 string","timestamp":"3:33:45 PM"}
{"level":"error","message":"LOG REFERER YTD http://localhost:7000/ ::1 string","timestamp":"3:33:45 PM"}
{"level":"error","message":"LOG REFERER YTD http://localhost:7000/ ::1 string","timestamp":"3:33:49 PM"}
{"level":"error","message":"LOG REFERER YTD http://localhost:7000/ ::1 string","timestamp":"3:33:49 PM"}
{"level":"error","message":"LOG REFERER YTD undefined ::ffff:127.0.0.1 undefined","timestamp":"3:34:04 PM"}
{"level":"error","message":"LOG REFERER YTD undefined ::ffff:127.0.0.1 undefined","timestamp":"3:34:13 PM"}
{"level":"error","message":"LOG REFERER YTD http://localhost:7000/ ::1 string","timestamp":"3:34:42 PM"}
{"level":"error","message":"LOG REFERER YTD http://localhost:7000/ ::1 string","timestamp":"3:34:44 PM"}
{"level":"error","message":"LOG REFERER YTD http://localhost:7000/ ::1 string","timestamp":"3:34:50 PM"}
{"level":"error","message":"LOG REFERER YTD http://localhost:7000/ ::1 string","timestamp":"3:34:50 PM"}
{"level":"error","message":"LOG REFERER YTD http://localhost:7000/ ::1 string","timestamp":"3:35:02 PM"}
{"level":"error","message":"LOG REFERER YTD undefined ::ffff:127.0.0.1 undefined","timestamp":"3:35:05 PM"}
{"level":"error","message":"LOG REFERER YTD http://localhost:7000/ ::1 string","timestamp":"3:35:07 PM"}
{"level":"error","message":"LOG REFERER YTD http://localhost:7000/ ::1 string","timestamp":"3:35:11 PM"}
{"level":"error","message":"LOG REFERER YTD http://localhost:7000/ ::1 string","timestamp":"3:35:11 PM"}
{"level":"error","message":"LOG REFERER YTD http://localhost:7000/ ::1 string","timestamp":"3:35:29 PM"}
{"level":"error","message":"LOG REFERER YTD http://localhost:7000/ ::1 string","timestamp":"3:35:45 PM"}
{"level":"error","message":"LOG REFERER YTD http://localhost:7000/ ::1 string","timestamp":"3:35:52 PM"}
{"level":"error","message":"LOG REFERER YTD http://localhost:7000/ ::1 string","timestamp":"3:35:53 PM"}
{"level":"error","message":"Error: Request aborted\n    at IncomingMessage.<anonymous> (D:\\Office\\HorizonAPI\\SourceCode\\node_modules\\formidable\\lib\\incoming_form.js:120:19)\n    at emitNone (events.js:86:13)\n    at IncomingMessage.emit (events.js:185:7)\n    at abortIncoming (_http_server.js:283:11)\n    at Socket.serverSocketCloseListener (_http_server.js:296:5)\n    at emitOne (events.js:101:20)\n    at Socket.emit (events.js:188:7)\n    at TCP._handle.close [as _onclose] (net.js:498:12)","timestamp":"3:36:04 PM"}
{"level":"error","message":"Error: Request aborted\n    at IncomingMessage.<anonymous> (D:\\Office\\HorizonAPI\\SourceCode\\node_modules\\formidable\\lib\\incoming_form.js:120:19)\n    at emitNone (events.js:86:13)\n    at IncomingMessage.emit (events.js:185:7)\n    at abortIncoming (_http_server.js:283:11)\n    at Socket.serverSocketCloseListener (_http_server.js:296:5)\n    at emitOne (events.js:101:20)\n    at Socket.emit (events.js:188:7)\n    at TCP._handle.close [as _onclose] (net.js:498:12)","timestamp":"3:36:04 PM"}
{"level":"error","message":"LOG REFERER YTD http://localhost:7000/ ::1 string","timestamp":"3:36:36 PM"}
{"level":"error","message":"LOG REFERER YTD http://localhost:7000/ ::1 string","timestamp":"3:36:36 PM"}
{"level":"error","message":"LOG REFERER YTD http://localhost:7000/ ::1 string","timestamp":"3:38:10 PM"}
{"level":"error","message":"LOG REFERER YTD http://localhost:7000/ ::1 string","timestamp":"3:38:17 PM"}
{"level":"error","message":"LOG REFERER YTD http://localhost:7000/ ::1 string","timestamp":"3:38:20 PM"}
{"level":"error","message":"LOG REFERER YTD http://localhost:7000/ ::1 string","timestamp":"3:38:20 PM"}
{"level":"error","message":"LOG REFERER YTD http://localhost:7000/ ::1 string","timestamp":"3:45:36 PM"}
{"level":"error","message":"LOG REFERER YTD http://localhost:7000/ ::1 string","timestamp":"3:45:40 PM"}
{"level":"error","message":"LOG REFERER YTD http://localhost:7000/ ::1 string","timestamp":"3:45:40 PM"}
{"level":"error","message":"LOG REFERER YTD undefined ::ffff:127.0.0.1 undefined","timestamp":"4:07:22 PM"}
{"level":"error","message":"LOG REFERER YTD undefined ::ffff:127.0.0.1 undefined","timestamp":"4:07:35 PM"}
{"level":"error","message":"LOG REFERER YTD undefined ::ffff:127.0.0.1 undefined","timestamp":"4:08:21 PM"}
{"level":"error","message":"LOG REFERER YTD undefined ::ffff:127.0.0.1 undefined","timestamp":"4:08:25 PM"}
{"level":"error","message":"LOG REFERER YTD undefined ::ffff:127.0.0.1 undefined","timestamp":"4:08:46 PM"}
{"level":"error","message":"LOG REFERER YTD undefined ::ffff:127.0.0.1 undefined","timestamp":"4:09:11 PM"}
{"level":"error","message":"Error: Request aborted\n    at IncomingMessage.<anonymous> (D:\\Office\\HorizonAPI\\SourceCode\\node_modules\\formidable\\lib\\incoming_form.js:120:19)\n    at emitNone (events.js:86:13)\n    at IncomingMessage.emit (events.js:185:7)\n    at abortIncoming (_http_server.js:283:11)\n    at Socket.serverSocketCloseListener (_http_server.js:296:5)\n    at emitOne (events.js:101:20)\n    at Socket.emit (events.js:188:7)\n    at TCP._handle.close [as _onclose] (net.js:498:12)","timestamp":"4:09:22 PM"}
{"level":"error","message":"Error: Request aborted\n    at IncomingMessage.<anonymous> (D:\\Office\\HorizonAPI\\SourceCode\\node_modules\\formidable\\lib\\incoming_form.js:120:19)\n    at emitNone (events.js:86:13)\n    at IncomingMessage.emit (events.js:185:7)\n    at abortIncoming (_http_server.js:283:11)\n    at Socket.serverSocketCloseListener (_http_server.js:296:5)\n    at emitOne (events.js:101:20)\n    at Socket.emit (events.js:188:7)\n    at TCP._handle.close [as _onclose] (net.js:498:12)","timestamp":"4:09:22 PM"}
{"level":"error","message":"Error: Request aborted\n    at IncomingMessage.<anonymous> (D:\\Office\\HorizonAPI\\SourceCode\\node_modules\\formidable\\lib\\incoming_form.js:120:19)\n    at emitNone (events.js:86:13)\n    at IncomingMessage.emit (events.js:185:7)\n    at abortIncoming (_http_server.js:283:11)\n    at Socket.serverSocketCloseListener (_http_server.js:296:5)\n    at emitOne (events.js:101:20)\n    at Socket.emit (events.js:188:7)\n    at TCP._handle.close [as _onclose] (net.js:498:12)","timestamp":"4:09:22 PM"}
{"level":"error","message":"Error: Request aborted\n    at IncomingMessage.<anonymous> (D:\\Office\\HorizonAPI\\SourceCode\\node_modules\\formidable\\lib\\incoming_form.js:120:19)\n    at emitNone (events.js:86:13)\n    at IncomingMessage.emit (events.js:185:7)\n    at abortIncoming (_http_server.js:283:11)\n    at Socket.serverSocketCloseListener (_http_server.js:296:5)\n    at emitOne (events.js:101:20)\n    at Socket.emit (events.js:188:7)\n    at TCP._handle.close [as _onclose] (net.js:498:12)","timestamp":"4:09:22 PM"}
{"level":"error","message":"Error: Request aborted\n    at IncomingMessage.<anonymous> (D:\\Office\\HorizonAPI\\SourceCode\\node_modules\\formidable\\lib\\incoming_form.js:120:19)\n    at emitNone (events.js:86:13)\n    at IncomingMessage.emit (events.js:185:7)\n    at abortIncoming (_http_server.js:283:11)\n    at Socket.serverSocketCloseListener (_http_server.js:296:5)\n    at emitOne (events.js:101:20)\n    at Socket.emit (events.js:188:7)\n    at TCP._handle.close [as _onclose] (net.js:498:12)","timestamp":"4:09:22 PM"}
{"level":"error","message":"Error: Request aborted\n    at IncomingMessage.<anonymous> (D:\\Office\\HorizonAPI\\SourceCode\\node_modules\\formidable\\lib\\incoming_form.js:120:19)\n    at emitNone (events.js:86:13)\n    at IncomingMessage.emit (events.js:185:7)\n    at abortIncoming (_http_server.js:283:11)\n    at Socket.serverSocketCloseListener (_http_server.js:296:5)\n    at emitOne (events.js:101:20)\n    at Socket.emit (events.js:188:7)\n    at TCP._handle.close [as _onclose] (net.js:498:12)","timestamp":"4:09:22 PM"}
{"level":"error","message":"LOG REFERER YTD undefined ::ffff:127.0.0.1 undefined","timestamp":"4:10:26 PM"}
{"level":"error","message":"LOG REFERER YTD undefined ::ffff:127.0.0.1 undefined","timestamp":"4:10:35 PM"}
{"level":"error","message":"Error: Request aborted\n    at IncomingMessage.<anonymous> (D:\\Office\\HorizonAPI\\SourceCode\\node_modules\\formidable\\lib\\incoming_form.js:120:19)\n    at emitNone (events.js:86:13)\n    at IncomingMessage.emit (events.js:185:7)\n    at abortIncoming (_http_server.js:283:11)\n    at Socket.serverSocketCloseListener (_http_server.js:296:5)\n    at emitOne (events.js:101:20)\n    at Socket.emit (events.js:188:7)\n    at TCP._handle.close [as _onclose] (net.js:498:12)","timestamp":"4:12:26 PM"}
{"level":"error","message":"Error: Request aborted\n    at IncomingMessage.<anonymous> (D:\\Office\\HorizonAPI\\SourceCode\\node_modules\\formidable\\lib\\incoming_form.js:120:19)\n    at emitNone (events.js:86:13)\n    at IncomingMessage.emit (events.js:185:7)\n    at abortIncoming (_http_server.js:283:11)\n    at Socket.serverSocketCloseListener (_http_server.js:296:5)\n    at emitOne (events.js:101:20)\n    at Socket.emit (events.js:188:7)\n    at TCP._handle.close [as _onclose] (net.js:498:12)","timestamp":"4:12:26 PM"}
{"level":"error","message":"LOG REFERER YTD http://localhost:7000/ ::1 string","timestamp":"4:58:50 PM"}
