{"level":"error","message":"LOG REFERER YTD http://localhost:4201/ ::1 string","timestamp":"3:33:38 PM"}
{"level":"error","message":"LOG REFERER YTD http://localhost:4201/ ::1 string","timestamp":"3:33:41 PM"}
{"level":"error","message":"LOG REFERER YTD http://localhost:4201/ ::1 string","timestamp":"3:33:42 PM"}
{"level":"error","message":"LOG REFERER YTD http://localhost:4201/ ::1 string","timestamp":"3:33:42 PM"}
{"level":"error","message":"LOG REFERER YTD http://localhost:4201/ ::1 string","timestamp":"3:33:42 PM"}
{"level":"error","message":"LOG REFERER YTD http://localhost:4201/ ::1 string","timestamp":"3:33:42 PM"}
{"level":"error","message":"LOG REFERER YTD http://localhost:4201/ ::1 string","timestamp":"3:33:42 PM"}
{"level":"error","message":"LOG REFERER YTD undefined ::ffff:127.0.0.1 undefined","timestamp":"3:33:42 PM"}
{"level":"error","message":"LOG REFERER YTD undefined ::ffff:127.0.0.1 undefined","timestamp":"3:33:42 PM"}
{"level":"error","message":"LOG REFERER YTD http://localhost:4201/ ::1 string","timestamp":"3:34:09 PM"}
{"level":"error","message":"LOG REFERER YTD http://localhost:4201/ ::1 string","timestamp":"3:34:09 PM"}
{"level":"error","message":"LOG REFERER YTD http://localhost:4201/ ::1 string","timestamp":"3:34:09 PM"}
{"level":"error","message":"LOG REFERER YTD http://localhost:4201/ ::1 string","timestamp":"3:34:09 PM"}
{"level":"error","message":"LOG REFERER YTD http://localhost:4201/ ::1 string","timestamp":"3:34:39 PM"}
{"level":"error","message":"LOG REFERER YTD http://localhost:4201/ ::1 string","timestamp":"3:34:39 PM"}
{"level":"error","message":"LOG REFERER YTD http://localhost:4201/ ::1 string","timestamp":"3:34:39 PM"}
{"level":"error","message":"LOG REFERER YTD http://localhost:4201/ ::1 string","timestamp":"3:34:39 PM"}
{"level":"error","message":"LOG REFERER YTD http://localhost:4201/ ::1 string","timestamp":"3:35:11 PM"}
{"level":"error","message":"LOG REFERER YTD http://localhost:4201/ ::1 string","timestamp":"3:35:11 PM"}
{"level":"error","message":"LOG REFERER YTD http://localhost:4201/ ::1 string","timestamp":"3:35:11 PM"}
{"level":"error","message":"LOG REFERER YTD http://localhost:4201/ ::1 string","timestamp":"3:35:11 PM"}
{"level":"error","message":"LOG REFERER YTD http://localhost:4201/ ::1 string","timestamp":"3:35:39 PM"}
{"level":"error","message":"LOG REFERER YTD http://localhost:4201/ ::1 string","timestamp":"3:35:39 PM"}
{"level":"error","message":"LOG REFERER YTD http://localhost:4201/ ::1 string","timestamp":"3:35:39 PM"}
{"level":"error","message":"LOG REFERER YTD http://localhost:4201/ ::1 string","timestamp":"3:35:39 PM"}
{"level":"error","message":"LOG REFERER YTD http://localhost:4201/ ::1 string","timestamp":"3:36:09 PM"}
{"level":"error","message":"LOG REFERER YTD http://localhost:4201/ ::1 string","timestamp":"3:36:09 PM"}
{"level":"error","message":"LOG REFERER YTD http://localhost:4201/ ::1 string","timestamp":"3:36:09 PM"}
{"level":"error","message":"LOG REFERER YTD http://localhost:4201/ ::1 string","timestamp":"3:36:09 PM"}
{"level":"error","message":"LOG REFERER YTD http://localhost:4201/ ::1 string","timestamp":"3:37:10 PM"}
{"level":"error","message":"LOG REFERER YTD http://localhost:4201/ ::1 string","timestamp":"3:37:10 PM"}
{"level":"error","message":"LOG REFERER YTD http://localhost:4201/ ::1 string","timestamp":"3:37:10 PM"}
{"level":"error","message":"LOG REFERER YTD http://localhost:4201/ ::1 string","timestamp":"3:37:10 PM"}
{"level":"error","message":"LOG REFERER YTD http://localhost:4201/ ::1 string","timestamp":"3:38:11 PM"}
{"level":"error","message":"LOG REFERER YTD http://localhost:4201/ ::1 string","timestamp":"3:38:11 PM"}
{"level":"error","message":"LOG REFERER YTD http://localhost:4201/ ::1 string","timestamp":"3:38:11 PM"}
{"level":"error","message":"LOG REFERER YTD http://localhost:4201/ ::1 string","timestamp":"3:38:11 PM"}
{"level":"error","message":"LOG REFERER YTD http://localhost:4201/ ::1 string","timestamp":"3:39:12 PM"}
{"level":"error","message":"LOG REFERER YTD http://localhost:4201/ ::1 string","timestamp":"3:39:12 PM"}
{"level":"error","message":"LOG REFERER YTD http://localhost:4201/ ::1 string","timestamp":"3:39:12 PM"}
{"level":"error","message":"LOG REFERER YTD http://localhost:4201/ ::1 string","timestamp":"3:39:12 PM"}
{"level":"error","message":"LOG REFERER YTD http://localhost:4201/ ::1 string","timestamp":"3:40:13 PM"}
{"level":"error","message":"LOG REFERER YTD http://localhost:4201/ ::1 string","timestamp":"3:40:13 PM"}
{"level":"error","message":"LOG REFERER YTD http://localhost:4201/ ::1 string","timestamp":"3:40:13 PM"}
{"level":"error","message":"LOG REFERER YTD http://localhost:4201/ ::1 string","timestamp":"3:40:13 PM"}
{"level":"error","message":"LOG REFERER YTD http://localhost:4201/ ::1 string","timestamp":"3:41:14 PM"}
{"level":"error","message":"LOG REFERER YTD http://localhost:4201/ ::1 string","timestamp":"3:41:14 PM"}
{"level":"error","message":"LOG REFERER YTD http://localhost:4201/ ::1 string","timestamp":"3:41:14 PM"}
{"level":"error","message":"LOG REFERER YTD http://localhost:4201/ ::1 string","timestamp":"3:41:14 PM"}
{"level":"error","message":"LOG REFERER YTD http://localhost:4201/ ::1 string","timestamp":"3:42:15 PM"}
{"level":"error","message":"LOG REFERER YTD http://localhost:4201/ ::1 string","timestamp":"3:42:15 PM"}
{"level":"error","message":"LOG REFERER YTD http://localhost:4201/ ::1 string","timestamp":"3:42:15 PM"}
{"level":"error","message":"LOG REFERER YTD http://localhost:4201/ ::1 string","timestamp":"3:42:15 PM"}
{"level":"error","message":"LOG REFERER YTD http://localhost:4201/ ::1 string","timestamp":"3:43:16 PM"}
{"level":"error","message":"LOG REFERER YTD http://localhost:4201/ ::1 string","timestamp":"3:43:16 PM"}
{"level":"error","message":"LOG REFERER YTD http://localhost:4201/ ::1 string","timestamp":"3:43:16 PM"}
{"level":"error","message":"LOG REFERER YTD http://localhost:4201/ ::1 string","timestamp":"3:43:16 PM"}
{"level":"error","message":"LOG REFERER YTD http://localhost:4201/ ::1 string","timestamp":"3:44:17 PM"}
{"level":"error","message":"LOG REFERER YTD http://localhost:4201/ ::1 string","timestamp":"3:44:17 PM"}
{"level":"error","message":"LOG REFERER YTD http://localhost:4201/ ::1 string","timestamp":"3:44:17 PM"}
{"level":"error","message":"LOG REFERER YTD http://localhost:4201/ ::1 string","timestamp":"3:44:17 PM"}
{"level":"error","message":"LOG REFERER YTD http://localhost:4201/ ::1 string","timestamp":"3:45:18 PM"}
{"level":"error","message":"LOG REFERER YTD http://localhost:4201/ ::1 string","timestamp":"3:45:18 PM"}
{"level":"error","message":"LOG REFERER YTD http://localhost:4201/ ::1 string","timestamp":"3:45:18 PM"}
{"level":"error","message":"LOG REFERER YTD http://localhost:4201/ ::1 string","timestamp":"3:45:18 PM"}
{"level":"error","message":"LOG REFERER YTD http://localhost:4201/ ::1 string","timestamp":"3:46:19 PM"}
{"level":"error","message":"LOG REFERER YTD http://localhost:4201/ ::1 string","timestamp":"3:46:19 PM"}
{"level":"error","message":"LOG REFERER YTD http://localhost:4201/ ::1 string","timestamp":"3:46:19 PM"}
{"level":"error","message":"LOG REFERER YTD http://localhost:4201/ ::1 string","timestamp":"3:46:19 PM"}
{"level":"error","message":"LOG REFERER YTD http://localhost:4201/ ::1 string","timestamp":"3:47:20 PM"}
{"level":"error","message":"LOG REFERER YTD http://localhost:4201/ ::1 string","timestamp":"3:47:20 PM"}
{"level":"error","message":"LOG REFERER YTD http://localhost:4201/ ::1 string","timestamp":"3:47:20 PM"}
{"level":"error","message":"LOG REFERER YTD http://localhost:4201/ ::1 string","timestamp":"3:47:20 PM"}
{"level":"error","message":"LOG REFERER YTD http://localhost:4201/ ::1 string","timestamp":"3:48:21 PM"}
{"level":"error","message":"LOG REFERER YTD http://localhost:4201/ ::1 string","timestamp":"3:48:21 PM"}
{"level":"error","message":"LOG REFERER YTD http://localhost:4201/ ::1 string","timestamp":"3:48:21 PM"}
{"level":"error","message":"LOG REFERER YTD http://localhost:4201/ ::1 string","timestamp":"3:48:21 PM"}
{"level":"error","message":"LOG REFERER YTD http://localhost:4201/ ::1 string","timestamp":"3:49:22 PM"}
{"level":"error","message":"LOG REFERER YTD http://localhost:4201/ ::1 string","timestamp":"3:49:22 PM"}
{"level":"error","message":"LOG REFERER YTD http://localhost:4201/ ::1 string","timestamp":"3:49:22 PM"}
{"level":"error","message":"LOG REFERER YTD http://localhost:4201/ ::1 string","timestamp":"3:49:22 PM"}
{"level":"error","message":"LOG REFERER YTD http://localhost:4201/ ::1 string","timestamp":"3:50:23 PM"}
{"level":"error","message":"LOG REFERER YTD http://localhost:4201/ ::1 string","timestamp":"3:50:23 PM"}
{"level":"error","message":"LOG REFERER YTD http://localhost:4201/ ::1 string","timestamp":"3:50:23 PM"}
{"level":"error","message":"LOG REFERER YTD http://localhost:4201/ ::1 string","timestamp":"3:50:23 PM"}
{"level":"error","message":"LOG REFERER YTD http://localhost:4201/ ::1 string","timestamp":"3:51:24 PM"}
{"level":"error","message":"LOG REFERER YTD http://localhost:4201/ ::1 string","timestamp":"3:51:24 PM"}
{"level":"error","message":"LOG REFERER YTD http://localhost:4201/ ::1 string","timestamp":"3:51:24 PM"}
{"level":"error","message":"LOG REFERER YTD http://localhost:4201/ ::1 string","timestamp":"3:51:24 PM"}
{"level":"error","message":"LOG REFERER YTD http://localhost:4201/ ::1 string","timestamp":"3:52:25 PM"}
{"level":"error","message":"LOG REFERER YTD http://localhost:4201/ ::1 string","timestamp":"3:52:25 PM"}
{"level":"error","message":"LOG REFERER YTD http://localhost:4201/ ::1 string","timestamp":"3:52:25 PM"}
{"level":"error","message":"LOG REFERER YTD http://localhost:4201/ ::1 string","timestamp":"3:52:25 PM"}
{"level":"error","message":"LOG REFERER YTD http://localhost:4201/ ::1 string","timestamp":"3:53:26 PM"}
{"level":"error","message":"LOG REFERER YTD http://localhost:4201/ ::1 string","timestamp":"3:53:26 PM"}
{"level":"error","message":"LOG REFERER YTD http://localhost:4201/ ::1 string","timestamp":"3:53:26 PM"}
{"level":"error","message":"LOG REFERER YTD http://localhost:4201/ ::1 string","timestamp":"3:53:26 PM"}
{"level":"warn","message":"uncaughtException { Error: connect ETIMEDOUT 13.127.92.12:3000\n    at Object.exports._errnoException (util.js:1022:11)\n    at exports._exceptionWithHostPort (util.js:1045:20)\n    at TCPConnectWrap.afterConnect [as oncomplete] (net.js:1087:14)\n  code: 'ETIMEDOUT',\n  errno: 'ETIMEDOUT',\n  syscall: 'connect',\n  address: '13.127.92.12',\n  port: 3000,\n  request: \n   ClientRequest {\n     domain: null,\n     _events: {},\n     _eventsCount: 0,\n     _maxListeners: undefined,\n     href: 'http://qa-horizon.policyboss.com:3000/report/save_log?env=Development&type=ERR',\n     options: \n      { host: 'qa-horizon.policyboss.com',\n        port: '3000',\n        path: '/report/save_log?env=Development&type=ERR',\n        href: 'http://qa-horizon.policyboss.com:3000/report/save_log?env=Development&type=ERR',\n        method: 'POST',\n        headers: [Object],\n        data: '[\"LOG REFERER YTD http://localhost:4201/ ::1 string\"]' },\n     _httpRequest: \n      Writable {\n        _writableState: [Object],\n        writable: true,\n        domain: null,\n        _events: [Object],\n        _eventsCount: 2,\n        _maxListeners: undefined,\n        _options: [Object],\n        _ended: true,\n        _ending: true,\n        _redirectCount: 0,\n        _redirects: [],\n        _requestBodyLength: 53,\n        _requestBodyBuffers: [Object],\n        _onNativeResponse: [Function],\n        _currentRequest: [Object],\n        _currentUrl: 'http://qa-horizon.policyboss.com:3000/report/save_log?env=Development&type=ERR' } } }","timestamp":"3:53:47 PM"}
{"level":"warn","message":"uncaughtException { Error: socket hang up\n    at createHangUpError (_http_client.js:254:15)\n    at Socket.socketCloseListener (_http_client.js:286:23)\n    at emitOne (events.js:101:20)\n    at Socket.emit (events.js:188:7)\n    at TCP._handle.close [as _onclose] (net.js:498:12)\n  code: 'ECONNRESET',\n  request: \n   ClientRequest {\n     domain: null,\n     _events: {},\n     _eventsCount: 0,\n     _maxListeners: undefined,\n     href: 'http://qa-horizon.policyboss.com:3000/report/save_log?env=Development&type=ERR',\n     options: \n      { host: 'qa-horizon.policyboss.com',\n        port: '3000',\n        path: '/report/save_log?env=Development&type=ERR',\n        href: 'http://qa-horizon.policyboss.com:3000/report/save_log?env=Development&type=ERR',\n        method: 'POST',\n        headers: [Object],\n        data: '[\"LOG REFERER YTD http://localhost:4201/ ::1 string\"]' },\n     _httpRequest: \n      Writable {\n        _writableState: [Object],\n        writable: true,\n        domain: null,\n        _events: [Object],\n        _eventsCount: 2,\n        _maxListeners: undefined,\n        _options: [Object],\n        _ended: true,\n        _ending: true,\n        _redirectCount: 0,\n        _redirects: [],\n        _requestBodyLength: 53,\n        _requestBodyBuffers: [Object],\n        _onNativeResponse: [Function],\n        _currentRequest: [Object],\n        _currentUrl: 'http://qa-horizon.policyboss.com:3000/report/save_log?env=Development&type=ERR' } } }","timestamp":"3:53:47 PM"}
{"level":"error","message":"LOG REFERER YTD http://localhost:4201/ ::1 string","timestamp":"3:54:27 PM"}
{"level":"error","message":"LOG REFERER YTD http://localhost:4201/ ::1 string","timestamp":"3:54:27 PM"}
{"level":"error","message":"LOG REFERER YTD http://localhost:4201/ ::1 string","timestamp":"3:54:27 PM"}
{"level":"error","message":"LOG REFERER YTD http://localhost:4201/ ::1 string","timestamp":"3:54:27 PM"}
{"level":"error","message":"LOG REFERER YTD http://localhost:4201/ ::1 string","timestamp":"3:55:28 PM"}
{"level":"error","message":"LOG REFERER YTD http://localhost:4201/ ::1 string","timestamp":"3:55:28 PM"}
{"level":"error","message":"LOG REFERER YTD http://localhost:4201/ ::1 string","timestamp":"3:55:28 PM"}
{"level":"error","message":"LOG REFERER YTD http://localhost:4201/ ::1 string","timestamp":"3:55:28 PM"}
{"level":"error","message":"LOG REFERER YTD http://localhost:4201/ ::1 string","timestamp":"3:56:29 PM"}
{"level":"error","message":"LOG REFERER YTD http://localhost:4201/ ::1 string","timestamp":"3:56:29 PM"}
{"level":"error","message":"LOG REFERER YTD http://localhost:4201/ ::1 string","timestamp":"3:56:29 PM"}
{"level":"error","message":"LOG REFERER YTD http://localhost:4201/ ::1 string","timestamp":"3:56:29 PM"}
{"level":"error","message":"LOG REFERER YTD http://localhost:4201/ ::1 string","timestamp":"3:57:36 PM"}
{"level":"error","message":"LOG REFERER YTD http://localhost:4201/ ::1 string","timestamp":"3:57:36 PM"}
{"level":"error","message":"LOG REFERER YTD http://localhost:4201/ ::1 string","timestamp":"3:57:36 PM"}
{"level":"error","message":"LOG REFERER YTD http://localhost:4201/ ::1 string","timestamp":"3:57:36 PM"}
{"level":"warn","message":"uncaughtException { Error: connect ETIMEDOUT 13.127.92.12:3000\n    at Object.exports._errnoException (util.js:1022:11)\n    at exports._exceptionWithHostPort (util.js:1045:20)\n    at TCPConnectWrap.afterConnect [as oncomplete] (net.js:1087:14)\n  code: 'ETIMEDOUT',\n  errno: 'ETIMEDOUT',\n  syscall: 'connect',\n  address: '13.127.92.12',\n  port: 3000,\n  request: \n   ClientRequest {\n     domain: null,\n     _events: {},\n     _eventsCount: 0,\n     _maxListeners: undefined,\n     href: 'http://qa-horizon.policyboss.com:3000/report/save_log?env=Development&type=ERR',\n     options: \n      { host: 'qa-horizon.policyboss.com',\n        port: '3000',\n        path: '/report/save_log?env=Development&type=ERR',\n        href: 'http://qa-horizon.policyboss.com:3000/report/save_log?env=Development&type=ERR',\n        method: 'POST',\n        headers: [Object],\n        data: '[\"LOG REFERER YTD http://localhost:4201/ ::1 string\"]' },\n     _httpRequest: \n      Writable {\n        _writableState: [Object],\n        writable: true,\n        domain: null,\n        _events: [Object],\n        _eventsCount: 2,\n        _maxListeners: undefined,\n        _options: [Object],\n        _ended: true,\n        _ending: true,\n        _redirectCount: 0,\n        _redirects: [],\n        _requestBodyLength: 53,\n        _requestBodyBuffers: [Object],\n        _onNativeResponse: [Function],\n        _currentRequest: [Object],\n        _currentUrl: 'http://qa-horizon.policyboss.com:3000/report/save_log?env=Development&type=ERR' } } }","timestamp":"3:57:57 PM"}
{"level":"warn","message":"uncaughtException { Error: socket hang up\n    at createHangUpError (_http_client.js:254:15)\n    at Socket.socketCloseListener (_http_client.js:286:23)\n    at emitOne (events.js:101:20)\n    at Socket.emit (events.js:188:7)\n    at TCP._handle.close [as _onclose] (net.js:498:12)\n  code: 'ECONNRESET',\n  request: \n   ClientRequest {\n     domain: null,\n     _events: {},\n     _eventsCount: 0,\n     _maxListeners: undefined,\n     href: 'http://qa-horizon.policyboss.com:3000/report/save_log?env=Development&type=ERR',\n     options: \n      { host: 'qa-horizon.policyboss.com',\n        port: '3000',\n        path: '/report/save_log?env=Development&type=ERR',\n        href: 'http://qa-horizon.policyboss.com:3000/report/save_log?env=Development&type=ERR',\n        method: 'POST',\n        headers: [Object],\n        data: '[\"LOG REFERER YTD http://localhost:4201/ ::1 string\"]' },\n     _httpRequest: \n      Writable {\n        _writableState: [Object],\n        writable: true,\n        domain: null,\n        _events: [Object],\n        _eventsCount: 2,\n        _maxListeners: undefined,\n        _options: [Object],\n        _ended: true,\n        _ending: true,\n        _redirectCount: 0,\n        _redirects: [],\n        _requestBodyLength: 53,\n        _requestBodyBuffers: [Object],\n        _onNativeResponse: [Function],\n        _currentRequest: [Object],\n        _currentUrl: 'http://qa-horizon.policyboss.com:3000/report/save_log?env=Development&type=ERR' } } }","timestamp":"3:57:57 PM"}
{"level":"error","message":"LOG REFERER YTD http://localhost:4201/ ::1 string","timestamp":"3:58:31 PM"}
{"level":"error","message":"LOG REFERER YTD http://localhost:4201/ ::1 string","timestamp":"3:58:31 PM"}
{"level":"error","message":"LOG REFERER YTD http://localhost:4201/ ::1 string","timestamp":"3:58:31 PM"}
{"level":"error","message":"LOG REFERER YTD http://localhost:4201/ ::1 string","timestamp":"3:58:31 PM"}
{"level":"error","message":"LOG REFERER YTD http://localhost:4201/ ::1 string","timestamp":"3:59:32 PM"}
{"level":"error","message":"LOG REFERER YTD http://localhost:4201/ ::1 string","timestamp":"3:59:32 PM"}
{"level":"error","message":"LOG REFERER YTD http://localhost:4201/ ::1 string","timestamp":"3:59:32 PM"}
{"level":"error","message":"LOG REFERER YTD http://localhost:4201/ ::1 string","timestamp":"3:59:32 PM"}
{"level":"error","message":"LOG REFERER YTD http://localhost:4201/ ::1 string","timestamp":"4:00:32 PM"}
{"level":"error","message":"LOG REFERER YTD http://localhost:4201/ ::1 string","timestamp":"4:00:32 PM"}
{"level":"error","message":"LOG REFERER YTD http://localhost:4201/ ::1 string","timestamp":"4:00:32 PM"}
{"level":"error","message":"LOG REFERER YTD http://localhost:4201/ ::1 string","timestamp":"4:00:32 PM"}
{"level":"error","message":"LOG REFERER YTD http://localhost:4201/ ::1 string","timestamp":"4:01:32 PM"}
{"level":"error","message":"LOG REFERER YTD http://localhost:4201/ ::1 string","timestamp":"4:01:32 PM"}
{"level":"error","message":"LOG REFERER YTD http://localhost:4201/ ::1 string","timestamp":"4:01:32 PM"}
{"level":"error","message":"LOG REFERER YTD http://localhost:4201/ ::1 string","timestamp":"4:01:32 PM"}
{"level":"error","message":"LOG REFERER YTD http://localhost:4201/ ::1 string","timestamp":"4:02:32 PM"}
{"level":"error","message":"LOG REFERER YTD http://localhost:4201/ ::1 string","timestamp":"4:02:32 PM"}
{"level":"error","message":"LOG REFERER YTD http://localhost:4201/ ::1 string","timestamp":"4:02:32 PM"}
{"level":"error","message":"LOG REFERER YTD http://localhost:4201/ ::1 string","timestamp":"4:02:32 PM"}
{"level":"error","message":"LOG REFERER YTD http://localhost:4201/ ::1 string","timestamp":"4:03:32 PM"}
{"level":"error","message":"LOG REFERER YTD http://localhost:4201/ ::1 string","timestamp":"4:03:32 PM"}
{"level":"error","message":"LOG REFERER YTD http://localhost:4201/ ::1 string","timestamp":"4:03:32 PM"}
{"level":"error","message":"LOG REFERER YTD http://localhost:4201/ ::1 string","timestamp":"4:03:32 PM"}
{"level":"error","message":"LOG REFERER YTD http://localhost:4201/ ::1 string","timestamp":"4:04:32 PM"}
{"level":"error","message":"LOG REFERER YTD http://localhost:4201/ ::1 string","timestamp":"4:04:32 PM"}
{"level":"error","message":"LOG REFERER YTD http://localhost:4201/ ::1 string","timestamp":"4:04:32 PM"}
{"level":"error","message":"LOG REFERER YTD http://localhost:4201/ ::1 string","timestamp":"4:04:32 PM"}
{"level":"error","message":"LOG REFERER YTD http://localhost:4201/ ::1 string","timestamp":"4:05:32 PM"}
{"level":"error","message":"LOG REFERER YTD http://localhost:4201/ ::1 string","timestamp":"4:05:32 PM"}
{"level":"error","message":"LOG REFERER YTD http://localhost:4201/ ::1 string","timestamp":"4:05:32 PM"}
{"level":"error","message":"LOG REFERER YTD http://localhost:4201/ ::1 string","timestamp":"4:05:32 PM"}
{"level":"error","message":"LOG REFERER YTD http://localhost:4201/ ::1 string","timestamp":"4:06:32 PM"}
{"level":"error","message":"LOG REFERER YTD http://localhost:4201/ ::1 string","timestamp":"4:06:32 PM"}
{"level":"error","message":"LOG REFERER YTD http://localhost:4201/ ::1 string","timestamp":"4:06:32 PM"}
{"level":"error","message":"LOG REFERER YTD http://localhost:4201/ ::1 string","timestamp":"4:06:32 PM"}
{"level":"error","message":"LOG REFERER YTD http://localhost:4201/ ::1 string","timestamp":"4:07:33 PM"}
{"level":"error","message":"LOG REFERER YTD http://localhost:4201/ ::1 string","timestamp":"4:07:33 PM"}
{"level":"error","message":"LOG REFERER YTD http://localhost:4201/ ::1 string","timestamp":"4:07:34 PM"}
{"level":"error","message":"LOG REFERER YTD http://localhost:4201/ ::1 string","timestamp":"4:07:34 PM"}
{"level":"error","message":"LOG REFERER YTD http://localhost:4201/ ::1 string","timestamp":"4:08:32 PM"}
{"level":"error","message":"LOG REFERER YTD http://localhost:4201/ ::1 string","timestamp":"4:08:32 PM"}
{"level":"error","message":"LOG REFERER YTD http://localhost:4201/ ::1 string","timestamp":"4:08:32 PM"}
{"level":"error","message":"LOG REFERER YTD http://localhost:4201/ ::1 string","timestamp":"4:08:32 PM"}
{"level":"error","message":"LOG REFERER YTD http://localhost:4201/ ::1 string","timestamp":"4:09:32 PM"}
{"level":"error","message":"LOG REFERER YTD http://localhost:4201/ ::1 string","timestamp":"4:09:32 PM"}
{"level":"error","message":"LOG REFERER YTD http://localhost:4201/ ::1 string","timestamp":"4:09:32 PM"}
{"level":"error","message":"LOG REFERER YTD http://localhost:4201/ ::1 string","timestamp":"4:09:32 PM"}
{"level":"error","message":"LOG REFERER YTD http://localhost:4201/ ::1 string","timestamp":"4:10:32 PM"}
{"level":"error","message":"LOG REFERER YTD http://localhost:4201/ ::1 string","timestamp":"4:10:32 PM"}
{"level":"error","message":"LOG REFERER YTD http://localhost:4201/ ::1 string","timestamp":"4:10:32 PM"}
{"level":"error","message":"LOG REFERER YTD http://localhost:4201/ ::1 string","timestamp":"4:10:32 PM"}
{"level":"error","message":"LOG REFERER YTD http://localhost:4201/ ::1 string","timestamp":"4:11:41 PM"}
{"level":"error","message":"LOG REFERER YTD http://localhost:4201/ ::1 string","timestamp":"4:11:41 PM"}
{"level":"error","message":"LOG REFERER YTD http://localhost:4201/ ::1 string","timestamp":"4:11:41 PM"}
{"level":"error","message":"LOG REFERER YTD http://localhost:4201/ ::1 string","timestamp":"4:11:41 PM"}
{"level":"error","message":"LOG REFERER YTD http://localhost:4201/ ::1 string","timestamp":"4:12:32 PM"}
{"level":"error","message":"LOG REFERER YTD http://localhost:4201/ ::1 string","timestamp":"4:12:32 PM"}
{"level":"error","message":"LOG REFERER YTD http://localhost:4201/ ::1 string","timestamp":"4:12:32 PM"}
{"level":"error","message":"LOG REFERER YTD http://localhost:4201/ ::1 string","timestamp":"4:12:32 PM"}
{"level":"error","message":"LOG REFERER YTD http://localhost:4201/ ::1 string","timestamp":"4:13:32 PM"}
{"level":"error","message":"LOG REFERER YTD http://localhost:4201/ ::1 string","timestamp":"4:13:32 PM"}
{"level":"error","message":"LOG REFERER YTD http://localhost:4201/ ::1 string","timestamp":"4:13:32 PM"}
{"level":"error","message":"LOG REFERER YTD http://localhost:4201/ ::1 string","timestamp":"4:13:32 PM"}
{"level":"error","message":"LOG REFERER YTD http://localhost:4201/ ::1 string","timestamp":"4:14:32 PM"}
{"level":"error","message":"LOG REFERER YTD http://localhost:4201/ ::1 string","timestamp":"4:14:32 PM"}
{"level":"error","message":"LOG REFERER YTD http://localhost:4201/ ::1 string","timestamp":"4:14:32 PM"}
{"level":"error","message":"LOG REFERER YTD http://localhost:4201/ ::1 string","timestamp":"4:14:32 PM"}
{"level":"error","message":"LOG REFERER YTD http://localhost:4201/ ::1 string","timestamp":"4:15:32 PM"}
{"level":"error","message":"LOG REFERER YTD http://localhost:4201/ ::1 string","timestamp":"4:15:32 PM"}
{"level":"error","message":"LOG REFERER YTD http://localhost:4201/ ::1 string","timestamp":"4:15:32 PM"}
{"level":"error","message":"LOG REFERER YTD http://localhost:4201/ ::1 string","timestamp":"4:15:32 PM"}
{"level":"error","message":"LOG REFERER YTD http://localhost:4201/ ::1 string","timestamp":"4:16:32 PM"}
{"level":"error","message":"LOG REFERER YTD http://localhost:4201/ ::1 string","timestamp":"4:16:32 PM"}
{"level":"error","message":"LOG REFERER YTD http://localhost:4201/ ::1 string","timestamp":"4:16:32 PM"}
{"level":"error","message":"LOG REFERER YTD http://localhost:4201/ ::1 string","timestamp":"4:16:32 PM"}
{"level":"error","message":"LOG REFERER YTD http://localhost:4201/ ::1 string","timestamp":"4:17:32 PM"}
{"level":"error","message":"LOG REFERER YTD http://localhost:4201/ ::1 string","timestamp":"4:17:32 PM"}
{"level":"error","message":"LOG REFERER YTD http://localhost:4201/ ::1 string","timestamp":"4:17:32 PM"}
{"level":"error","message":"LOG REFERER YTD http://localhost:4201/ ::1 string","timestamp":"4:17:32 PM"}
{"level":"error","message":"LOG REFERER YTD http://localhost:4201/ ::1 string","timestamp":"4:18:32 PM"}
{"level":"error","message":"LOG REFERER YTD http://localhost:4201/ ::1 string","timestamp":"4:18:32 PM"}
{"level":"error","message":"LOG REFERER YTD http://localhost:4201/ ::1 string","timestamp":"4:18:32 PM"}
{"level":"error","message":"LOG REFERER YTD http://localhost:4201/ ::1 string","timestamp":"4:18:32 PM"}
{"level":"error","message":"LOG REFERER YTD http://localhost:4201/ ::1 string","timestamp":"4:19:32 PM"}
{"level":"error","message":"LOG REFERER YTD http://localhost:4201/ ::1 string","timestamp":"4:19:32 PM"}
{"level":"error","message":"LOG REFERER YTD http://localhost:4201/ ::1 string","timestamp":"4:19:32 PM"}
{"level":"error","message":"LOG REFERER YTD http://localhost:4201/ ::1 string","timestamp":"4:19:32 PM"}
{"level":"error","message":"LOG REFERER YTD http://localhost:4201/ ::1 string","timestamp":"4:20:32 PM"}
{"level":"error","message":"LOG REFERER YTD http://localhost:4201/ ::1 string","timestamp":"4:20:32 PM"}
{"level":"error","message":"LOG REFERER YTD http://localhost:4201/ ::1 string","timestamp":"4:20:32 PM"}
{"level":"error","message":"LOG REFERER YTD http://localhost:4201/ ::1 string","timestamp":"4:20:32 PM"}
{"level":"error","message":"LOG REFERER YTD http://localhost:4201/ ::1 string","timestamp":"4:21:43 PM"}
{"level":"error","message":"LOG REFERER YTD http://localhost:4201/ ::1 string","timestamp":"4:21:43 PM"}
{"level":"error","message":"LOG REFERER YTD http://localhost:4201/ ::1 string","timestamp":"4:21:43 PM"}
{"level":"error","message":"LOG REFERER YTD http://localhost:4201/ ::1 string","timestamp":"4:21:43 PM"}
{"level":"error","message":"LOG REFERER YTD http://localhost:4201/ ::1 string","timestamp":"4:22:32 PM"}
{"level":"error","message":"LOG REFERER YTD http://localhost:4201/ ::1 string","timestamp":"4:22:32 PM"}
{"level":"error","message":"LOG REFERER YTD http://localhost:4201/ ::1 string","timestamp":"4:22:32 PM"}
{"level":"error","message":"LOG REFERER YTD http://localhost:4201/ ::1 string","timestamp":"4:22:32 PM"}
{"level":"error","message":"LOG REFERER YTD http://localhost:4201/ ::1 string","timestamp":"4:23:32 PM"}
{"level":"error","message":"LOG REFERER YTD http://localhost:4201/ ::1 string","timestamp":"4:23:32 PM"}
{"level":"error","message":"LOG REFERER YTD http://localhost:4201/ ::1 string","timestamp":"4:23:32 PM"}
{"level":"error","message":"LOG REFERER YTD http://localhost:4201/ ::1 string","timestamp":"4:23:32 PM"}
{"level":"error","message":"LOG REFERER YTD http://localhost:4201/ ::1 string","timestamp":"4:24:32 PM"}
{"level":"error","message":"LOG REFERER YTD http://localhost:4201/ ::1 string","timestamp":"4:24:32 PM"}
{"level":"error","message":"LOG REFERER YTD http://localhost:4201/ ::1 string","timestamp":"4:24:32 PM"}
{"level":"error","message":"LOG REFERER YTD http://localhost:4201/ ::1 string","timestamp":"4:24:32 PM"}
{"level":"error","message":"LOG REFERER YTD http://localhost:4201/ ::1 string","timestamp":"4:25:32 PM"}
{"level":"error","message":"LOG REFERER YTD http://localhost:4201/ ::1 string","timestamp":"4:25:32 PM"}
{"level":"error","message":"LOG REFERER YTD http://localhost:4201/ ::1 string","timestamp":"4:25:32 PM"}
{"level":"error","message":"LOG REFERER YTD http://localhost:4201/ ::1 string","timestamp":"4:25:32 PM"}
{"level":"error","message":"LOG REFERER YTD http://localhost:4201/ ::1 string","timestamp":"4:26:32 PM"}
{"level":"error","message":"LOG REFERER YTD http://localhost:4201/ ::1 string","timestamp":"4:26:32 PM"}
{"level":"error","message":"LOG REFERER YTD http://localhost:4201/ ::1 string","timestamp":"4:26:35 PM"}
{"level":"error","message":"LOG REFERER YTD http://localhost:4201/ ::1 string","timestamp":"4:26:35 PM"}
{"level":"error","message":"LOG REFERER YTD http://localhost:4201/ ::1 string","timestamp":"4:27:32 PM"}
{"level":"error","message":"LOG REFERER YTD http://localhost:4201/ ::1 string","timestamp":"4:27:32 PM"}
{"level":"error","message":"LOG REFERER YTD http://localhost:4201/ ::1 string","timestamp":"4:27:32 PM"}
{"level":"error","message":"LOG REFERER YTD http://localhost:4201/ ::1 string","timestamp":"4:27:32 PM"}
{"level":"error","message":"LOG REFERER YTD http://localhost:4201/ ::1 string","timestamp":"4:28:32 PM"}
{"level":"error","message":"LOG REFERER YTD http://localhost:4201/ ::1 string","timestamp":"4:28:32 PM"}
{"level":"error","message":"LOG REFERER YTD http://localhost:4201/ ::1 string","timestamp":"4:28:32 PM"}
{"level":"error","message":"LOG REFERER YTD http://localhost:4201/ ::1 string","timestamp":"4:28:32 PM"}
{"level":"error","message":"LOG REFERER YTD http://localhost:4201/ ::1 string","timestamp":"4:29:32 PM"}
{"level":"error","message":"LOG REFERER YTD http://localhost:4201/ ::1 string","timestamp":"4:29:32 PM"}
{"level":"error","message":"LOG REFERER YTD http://localhost:4201/ ::1 string","timestamp":"4:29:32 PM"}
{"level":"error","message":"LOG REFERER YTD http://localhost:4201/ ::1 string","timestamp":"4:29:32 PM"}
{"level":"error","message":"LOG REFERER YTD http://localhost:4201/ ::1 string","timestamp":"4:30:32 PM"}
{"level":"error","message":"LOG REFERER YTD http://localhost:4201/ ::1 string","timestamp":"4:30:32 PM"}
{"level":"error","message":"LOG REFERER YTD http://localhost:4201/ ::1 string","timestamp":"4:30:32 PM"}
{"level":"error","message":"LOG REFERER YTD http://localhost:4201/ ::1 string","timestamp":"4:30:32 PM"}
{"level":"error","message":"LOG REFERER YTD http://localhost:4201/ ::1 string","timestamp":"4:31:32 PM"}
{"level":"error","message":"LOG REFERER YTD http://localhost:4201/ ::1 string","timestamp":"4:31:32 PM"}
{"level":"error","message":"LOG REFERER YTD http://localhost:4201/ ::1 string","timestamp":"4:31:32 PM"}
{"level":"error","message":"LOG REFERER YTD http://localhost:4201/ ::1 string","timestamp":"4:31:32 PM"}
{"level":"error","message":"LOG REFERER YTD http://localhost:4201/ ::1 string","timestamp":"4:32:32 PM"}
{"level":"error","message":"LOG REFERER YTD http://localhost:4201/ ::1 string","timestamp":"4:32:32 PM"}
{"level":"error","message":"LOG REFERER YTD http://localhost:4201/ ::1 string","timestamp":"4:32:44 PM"}
{"level":"error","message":"LOG REFERER YTD http://localhost:4201/ ::1 string","timestamp":"4:32:44 PM"}
{"level":"error","message":"LOG REFERER YTD http://localhost:4201/ ::1 string","timestamp":"4:33:32 PM"}
{"level":"error","message":"LOG REFERER YTD http://localhost:4201/ ::1 string","timestamp":"4:33:32 PM"}
{"level":"error","message":"LOG REFERER YTD http://localhost:4201/ ::1 string","timestamp":"4:33:32 PM"}
{"level":"error","message":"LOG REFERER YTD http://localhost:4201/ ::1 string","timestamp":"4:33:32 PM"}
{"level":"error","message":"LOG REFERER YTD http://localhost:4201/ ::1 string","timestamp":"4:34:33 PM"}
{"level":"error","message":"LOG REFERER YTD http://localhost:4201/ ::1 string","timestamp":"4:34:33 PM"}
{"level":"error","message":"LOG REFERER YTD http://localhost:4201/ ::1 string","timestamp":"4:34:38 PM"}
{"level":"error","message":"LOG REFERER YTD http://localhost:4201/ ::1 string","timestamp":"4:34:38 PM"}
{"level":"error","message":"LOG REFERER YTD http://localhost:4201/ ::1 string","timestamp":"4:35:32 PM"}
{"level":"error","message":"LOG REFERER YTD http://localhost:4201/ ::1 string","timestamp":"4:35:32 PM"}
{"level":"error","message":"LOG REFERER YTD http://localhost:4201/ ::1 string","timestamp":"4:35:32 PM"}
{"level":"error","message":"LOG REFERER YTD http://localhost:4201/ ::1 string","timestamp":"4:35:32 PM"}
{"level":"error","message":"LOG REFERER YTD http://localhost:4201/ ::1 string","timestamp":"4:36:32 PM"}
{"level":"error","message":"LOG REFERER YTD http://localhost:4201/ ::1 string","timestamp":"4:36:32 PM"}
{"level":"error","message":"LOG REFERER YTD http://localhost:4201/ ::1 string","timestamp":"4:36:32 PM"}
{"level":"error","message":"LOG REFERER YTD http://localhost:4201/ ::1 string","timestamp":"4:36:32 PM"}
{"level":"error","message":"LOG REFERER YTD http://localhost:4201/ ::1 string","timestamp":"4:37:32 PM"}
{"level":"error","message":"LOG REFERER YTD http://localhost:4201/ ::1 string","timestamp":"4:37:32 PM"}
{"level":"error","message":"LOG REFERER YTD http://localhost:4201/ ::1 string","timestamp":"4:37:32 PM"}
{"level":"error","message":"LOG REFERER YTD http://localhost:4201/ ::1 string","timestamp":"4:37:32 PM"}
{"level":"error","message":"LOG REFERER YTD http://localhost:4201/ ::1 string","timestamp":"4:38:32 PM"}
{"level":"error","message":"LOG REFERER YTD http://localhost:4201/ ::1 string","timestamp":"4:38:32 PM"}
{"level":"error","message":"LOG REFERER YTD http://localhost:4201/ ::1 string","timestamp":"4:38:32 PM"}
{"level":"error","message":"LOG REFERER YTD http://localhost:4201/ ::1 string","timestamp":"4:38:32 PM"}
{"level":"error","message":"LOG REFERER YTD http://localhost:4201/ ::1 string","timestamp":"4:39:32 PM"}
{"level":"error","message":"LOG REFERER YTD http://localhost:4201/ ::1 string","timestamp":"4:39:32 PM"}
{"level":"error","message":"LOG REFERER YTD http://localhost:4201/ ::1 string","timestamp":"4:39:32 PM"}
{"level":"error","message":"LOG REFERER YTD http://localhost:4201/ ::1 string","timestamp":"4:39:32 PM"}
{"level":"error","message":"LOG REFERER YTD http://localhost:4201/ ::1 string","timestamp":"4:40:33 PM"}
{"level":"error","message":"LOG REFERER YTD http://localhost:4201/ ::1 string","timestamp":"4:40:33 PM"}
{"level":"error","message":"LOG REFERER YTD http://localhost:4201/ ::1 string","timestamp":"4:40:34 PM"}
{"level":"error","message":"LOG REFERER YTD http://localhost:4201/ ::1 string","timestamp":"4:40:34 PM"}
{"level":"error","message":"LOG REFERER YTD http://localhost:4201/ ::1 string","timestamp":"4:41:35 PM"}
{"level":"error","message":"LOG REFERER YTD http://localhost:4201/ ::1 string","timestamp":"4:41:35 PM"}
{"level":"error","message":"LOG REFERER YTD http://localhost:4201/ ::1 string","timestamp":"4:41:40 PM"}
{"level":"error","message":"LOG REFERER YTD http://localhost:4201/ ::1 string","timestamp":"4:41:40 PM"}
{"level":"error","message":"LOG REFERER YTD http://localhost:4201/ ::1 string","timestamp":"4:42:07 PM"}
{"level":"error","message":"LOG REFERER YTD http://localhost:4201/ ::1 string","timestamp":"4:42:07 PM"}
{"level":"error","message":"LOG REFERER YTD http://localhost:4201/ ::1 string","timestamp":"4:42:07 PM"}
{"level":"error","message":"LOG REFERER YTD http://localhost:4201/ ::1 string","timestamp":"4:42:11 PM"}
{"level":"error","message":"LOG REFERER YTD http://localhost:4201/ ::1 string","timestamp":"4:42:11 PM"}
{"level":"error","message":"LOG REFERER YTD undefined ::ffff:127.0.0.1 undefined","timestamp":"4:42:11 PM"}
{"level":"error","message":"LOG REFERER YTD http://localhost:4201/ ::1 string","timestamp":"4:42:12 PM"}
{"level":"error","message":"LOG REFERER YTD undefined ::ffff:127.0.0.1 undefined","timestamp":"4:42:12 PM"}
{"level":"error","message":"LOG REFERER YTD http://localhost:4201/ ::1 string","timestamp":"4:42:38 PM"}
{"level":"error","message":"LOG REFERER YTD http://localhost:4201/ ::1 string","timestamp":"4:42:38 PM"}
{"level":"error","message":"LOG REFERER YTD http://localhost:4201/ ::1 string","timestamp":"4:42:38 PM"}
{"level":"error","message":"LOG REFERER YTD http://localhost:4201/ ::1 string","timestamp":"4:42:38 PM"}
{"level":"error","message":"LOG REFERER YTD http://localhost:4201/ ::1 string","timestamp":"4:43:08 PM"}
{"level":"error","message":"LOG REFERER YTD http://localhost:4201/ ::1 string","timestamp":"4:43:08 PM"}
{"level":"error","message":"LOG REFERER YTD http://localhost:4201/ ::1 string","timestamp":"4:43:08 PM"}
{"level":"error","message":"LOG REFERER YTD http://localhost:4201/ ::1 string","timestamp":"4:43:08 PM"}
{"level":"error","message":"LOG REFERER YTD http://localhost:4201/ ::1 string","timestamp":"4:43:38 PM"}
{"level":"error","message":"LOG REFERER YTD http://localhost:4201/ ::1 string","timestamp":"4:43:38 PM"}
{"level":"error","message":"LOG REFERER YTD http://localhost:4201/ ::1 string","timestamp":"4:43:38 PM"}
{"level":"error","message":"LOG REFERER YTD http://localhost:4201/ ::1 string","timestamp":"4:43:38 PM"}
{"level":"error","message":"LOG REFERER YTD http://localhost:4201/ ::1 string","timestamp":"4:44:08 PM"}
{"level":"error","message":"LOG REFERER YTD http://localhost:4201/ ::1 string","timestamp":"4:44:08 PM"}
{"level":"error","message":"LOG REFERER YTD http://localhost:4201/ ::1 string","timestamp":"4:44:08 PM"}
{"level":"error","message":"LOG REFERER YTD http://localhost:4201/ ::1 string","timestamp":"4:44:08 PM"}
{"level":"error","message":"LOG REFERER YTD http://localhost:4201/ ::1 string","timestamp":"4:44:38 PM"}
{"level":"error","message":"LOG REFERER YTD http://localhost:4201/ ::1 string","timestamp":"4:44:38 PM"}
{"level":"error","message":"LOG REFERER YTD http://localhost:4201/ ::1 string","timestamp":"4:44:38 PM"}
{"level":"error","message":"LOG REFERER YTD http://localhost:4201/ ::1 string","timestamp":"4:44:38 PM"}
{"level":"error","message":"LOG REFERER YTD http://localhost:4201/ ::1 string","timestamp":"4:45:32 PM"}
{"level":"error","message":"LOG REFERER YTD http://localhost:4201/ ::1 string","timestamp":"4:45:32 PM"}
{"level":"error","message":"LOG REFERER YTD http://localhost:4201/ ::1 string","timestamp":"4:45:32 PM"}
{"level":"error","message":"LOG REFERER YTD http://localhost:4201/ ::1 string","timestamp":"4:45:32 PM"}
{"level":"error","message":"LOG REFERER YTD http://localhost:4201/ ::1 string","timestamp":"4:46:32 PM"}
{"level":"error","message":"LOG REFERER YTD http://localhost:4201/ ::1 string","timestamp":"4:46:32 PM"}
{"level":"error","message":"LOG REFERER YTD http://localhost:4201/ ::1 string","timestamp":"4:46:32 PM"}
{"level":"error","message":"LOG REFERER YTD http://localhost:4201/ ::1 string","timestamp":"4:46:32 PM"}
{"level":"error","message":"LOG REFERER YTD http://localhost:4201/ ::1 string","timestamp":"4:47:32 PM"}
{"level":"error","message":"LOG REFERER YTD http://localhost:4201/ ::1 string","timestamp":"4:47:32 PM"}
{"level":"error","message":"LOG REFERER YTD http://localhost:4201/ ::1 string","timestamp":"4:47:32 PM"}
{"level":"error","message":"LOG REFERER YTD http://localhost:4201/ ::1 string","timestamp":"4:47:32 PM"}
{"level":"error","message":"LOG REFERER YTD http://localhost:4201/ ::1 string","timestamp":"4:48:32 PM"}
{"level":"error","message":"LOG REFERER YTD http://localhost:4201/ ::1 string","timestamp":"4:48:32 PM"}
{"level":"error","message":"LOG REFERER YTD http://localhost:4201/ ::1 string","timestamp":"4:48:32 PM"}
{"level":"error","message":"LOG REFERER YTD http://localhost:4201/ ::1 string","timestamp":"4:48:32 PM"}
{"level":"error","message":"LOG REFERER YTD http://localhost:4201/ ::1 string","timestamp":"4:49:32 PM"}
{"level":"error","message":"LOG REFERER YTD http://localhost:4201/ ::1 string","timestamp":"4:49:32 PM"}
{"level":"error","message":"LOG REFERER YTD http://localhost:4201/ ::1 string","timestamp":"4:49:32 PM"}
{"level":"error","message":"LOG REFERER YTD http://localhost:4201/ ::1 string","timestamp":"4:49:32 PM"}
{"level":"error","message":"LOG REFERER YTD http://localhost:4201/ ::1 string","timestamp":"4:50:32 PM"}
{"level":"error","message":"LOG REFERER YTD http://localhost:4201/ ::1 string","timestamp":"4:50:32 PM"}
{"level":"error","message":"LOG REFERER YTD http://localhost:4201/ ::1 string","timestamp":"4:50:32 PM"}
{"level":"error","message":"LOG REFERER YTD http://localhost:4201/ ::1 string","timestamp":"4:50:32 PM"}
{"level":"error","message":"LOG REFERER YTD http://localhost:4201/ ::1 string","timestamp":"4:51:32 PM"}
{"level":"error","message":"LOG REFERER YTD http://localhost:4201/ ::1 string","timestamp":"4:51:32 PM"}
{"level":"error","message":"LOG REFERER YTD http://localhost:4201/ ::1 string","timestamp":"4:51:32 PM"}
{"level":"error","message":"LOG REFERER YTD http://localhost:4201/ ::1 string","timestamp":"4:51:32 PM"}
{"level":"error","message":"LOG REFERER YTD http://localhost:4201/ ::1 string","timestamp":"4:52:32 PM"}
{"level":"error","message":"LOG REFERER YTD http://localhost:4201/ ::1 string","timestamp":"4:52:32 PM"}
{"level":"error","message":"LOG REFERER YTD http://localhost:4201/ ::1 string","timestamp":"4:52:32 PM"}
{"level":"error","message":"LOG REFERER YTD http://localhost:4201/ ::1 string","timestamp":"4:52:32 PM"}
{"level":"error","message":"LOG REFERER YTD http://localhost:4201/ ::1 string","timestamp":"4:52:37 PM"}
{"level":"error","message":"LOG REFERER YTD http://localhost:4201/ ::1 string","timestamp":"4:52:37 PM"}
