{"level":"info","message":"$$$$$$$$$$$$$$$$$$$$$$$$","timestamp":"11:18:30 AM"}
{"meta":"","level":"info","message":"","timestamp":"11:18:30 AM"}
{"level":"info","message":"Production Environment is Listening on port 3000","timestamp":"11:18:30 AM"}
{"level":"info","message":"Web URL : http://localhost:3000","timestamp":"11:18:30 AM"}
{"meta":"","level":"info","message":"","timestamp":"11:18:30 AM"}
{"level":"info","message":"$$$$$$$$$$$$$$$$$$$$$$$$","timestamp":"11:18:30 AM"}
{"meta":"","level":"info","message":"","timestamp":"11:18:30 AM"}
{"level":"info","message":"Exception in add_niva_questions :  TypeError: Cannot read property 'toString' of undefined\n    at D:\\Office\\HorizonAPI\\SourceCode\\routes\\postservicecall.js:5535:32\n    at Layer.handle [as handle_request] (D:\\Office\\HorizonAPI\\SourceCode\\node_modules\\express\\lib\\router\\layer.js:95:5)\n    at next (D:\\Office\\HorizonAPI\\SourceCode\\node_modules\\express\\lib\\router\\route.js:131:13)\n    at Route.dispatch (D:\\Office\\HorizonAPI\\SourceCode\\node_modules\\express\\lib\\router\\route.js:112:3)\n    at Layer.handle [as handle_request] (D:\\Office\\HorizonAPI\\SourceCode\\node_modules\\express\\lib\\router\\layer.js:95:5)\n    at D:\\Office\\HorizonAPI\\SourceCode\\node_modules\\express\\lib\\router\\index.js:277:22\n    at Function.process_params (D:\\Office\\HorizonAPI\\SourceCode\\node_modules\\express\\lib\\router\\index.js:330:12)\n    at next (D:\\Office\\HorizonAPI\\SourceCode\\node_modules\\express\\lib\\router\\index.js:271:10)\n    at Function.handle (D:\\Office\\HorizonAPI\\SourceCode\\node_modules\\express\\lib\\router\\index.js:176:3)\n    at router (D:\\Office\\HorizonAPI\\SourceCode\\node_modules\\express\\lib\\router\\index.js:46:12)\n    at Layer.handle [as handle_request] (D:\\Office\\HorizonAPI\\SourceCode\\node_modules\\express\\lib\\router\\layer.js:95:5)\n    at trim_prefix (D:\\Office\\HorizonAPI\\SourceCode\\node_modules\\express\\lib\\router\\index.js:312:13)\n    at D:\\Office\\HorizonAPI\\SourceCode\\node_modules\\express\\lib\\router\\index.js:280:7\n    at Function.process_params (D:\\Office\\HorizonAPI\\SourceCode\\node_modules\\express\\lib\\router\\index.js:330:12)\n    at next (D:\\Office\\HorizonAPI\\SourceCode\\node_modules\\express\\lib\\router\\index.js:271:10)\n    at D:\\Office\\HorizonAPI\\SourceCode\\node_modules\\express\\lib\\router\\index.js:618:15\n    at next (D:\\Office\\HorizonAPI\\SourceCode\\node_modules\\express\\lib\\router\\index.js:256:14)\n    at Function.handle (D:\\Office\\HorizonAPI\\SourceCode\\node_modules\\express\\lib\\router\\index.js:176:3)\n    at router (D:\\Office\\HorizonAPI\\SourceCode\\node_modules\\express\\lib\\router\\index.js:46:12)\n    at Layer.handle [as handle_request] (D:\\Office\\HorizonAPI\\SourceCode\\node_modules\\express\\lib\\router\\layer.js:95:5)\n    at trim_prefix (D:\\Office\\HorizonAPI\\SourceCode\\node_modules\\express\\lib\\router\\index.js:312:13)\n    at D:\\Office\\HorizonAPI\\SourceCode\\node_modules\\express\\lib\\router\\index.js:280:7","timestamp":"11:41:37 AM"}
{"level":"info","message":"Exception in add_niva_questions :  TypeError: Cannot read property 'toString' of undefined\n    at D:\\Office\\HorizonAPI\\SourceCode\\routes\\postservicecall.js:5535:32\n    at Layer.handle [as handle_request] (D:\\Office\\HorizonAPI\\SourceCode\\node_modules\\express\\lib\\router\\layer.js:95:5)\n    at next (D:\\Office\\HorizonAPI\\SourceCode\\node_modules\\express\\lib\\router\\route.js:131:13)\n    at Route.dispatch (D:\\Office\\HorizonAPI\\SourceCode\\node_modules\\express\\lib\\router\\route.js:112:3)\n    at Layer.handle [as handle_request] (D:\\Office\\HorizonAPI\\SourceCode\\node_modules\\express\\lib\\router\\layer.js:95:5)\n    at D:\\Office\\HorizonAPI\\SourceCode\\node_modules\\express\\lib\\router\\index.js:277:22\n    at Function.process_params (D:\\Office\\HorizonAPI\\SourceCode\\node_modules\\express\\lib\\router\\index.js:330:12)\n    at next (D:\\Office\\HorizonAPI\\SourceCode\\node_modules\\express\\lib\\router\\index.js:271:10)\n    at Function.handle (D:\\Office\\HorizonAPI\\SourceCode\\node_modules\\express\\lib\\router\\index.js:176:3)\n    at router (D:\\Office\\HorizonAPI\\SourceCode\\node_modules\\express\\lib\\router\\index.js:46:12)\n    at Layer.handle [as handle_request] (D:\\Office\\HorizonAPI\\SourceCode\\node_modules\\express\\lib\\router\\layer.js:95:5)\n    at trim_prefix (D:\\Office\\HorizonAPI\\SourceCode\\node_modules\\express\\lib\\router\\index.js:312:13)\n    at D:\\Office\\HorizonAPI\\SourceCode\\node_modules\\express\\lib\\router\\index.js:280:7\n    at Function.process_params (D:\\Office\\HorizonAPI\\SourceCode\\node_modules\\express\\lib\\router\\index.js:330:12)\n    at next (D:\\Office\\HorizonAPI\\SourceCode\\node_modules\\express\\lib\\router\\index.js:271:10)\n    at D:\\Office\\HorizonAPI\\SourceCode\\node_modules\\express\\lib\\router\\index.js:618:15\n    at next (D:\\Office\\HorizonAPI\\SourceCode\\node_modules\\express\\lib\\router\\index.js:256:14)\n    at Function.handle (D:\\Office\\HorizonAPI\\SourceCode\\node_modules\\express\\lib\\router\\index.js:176:3)\n    at router (D:\\Office\\HorizonAPI\\SourceCode\\node_modules\\express\\lib\\router\\index.js:46:12)\n    at Layer.handle [as handle_request] (D:\\Office\\HorizonAPI\\SourceCode\\node_modules\\express\\lib\\router\\layer.js:95:5)\n    at trim_prefix (D:\\Office\\HorizonAPI\\SourceCode\\node_modules\\express\\lib\\router\\index.js:312:13)\n    at D:\\Office\\HorizonAPI\\SourceCode\\node_modules\\express\\lib\\router\\index.js:280:7","timestamp":"11:42:00 AM"}
{"level":"info","message":"Exception in add_niva_questions :  TypeError: Cannot read property 'toString' of undefined\n    at D:\\Office\\HorizonAPI\\SourceCode\\routes\\postservicecall.js:5535:32\n    at Layer.handle [as handle_request] (D:\\Office\\HorizonAPI\\SourceCode\\node_modules\\express\\lib\\router\\layer.js:95:5)\n    at next (D:\\Office\\HorizonAPI\\SourceCode\\node_modules\\express\\lib\\router\\route.js:131:13)\n    at Route.dispatch (D:\\Office\\HorizonAPI\\SourceCode\\node_modules\\express\\lib\\router\\route.js:112:3)\n    at Layer.handle [as handle_request] (D:\\Office\\HorizonAPI\\SourceCode\\node_modules\\express\\lib\\router\\layer.js:95:5)\n    at D:\\Office\\HorizonAPI\\SourceCode\\node_modules\\express\\lib\\router\\index.js:277:22\n    at Function.process_params (D:\\Office\\HorizonAPI\\SourceCode\\node_modules\\express\\lib\\router\\index.js:330:12)\n    at next (D:\\Office\\HorizonAPI\\SourceCode\\node_modules\\express\\lib\\router\\index.js:271:10)\n    at Function.handle (D:\\Office\\HorizonAPI\\SourceCode\\node_modules\\express\\lib\\router\\index.js:176:3)\n    at router (D:\\Office\\HorizonAPI\\SourceCode\\node_modules\\express\\lib\\router\\index.js:46:12)\n    at Layer.handle [as handle_request] (D:\\Office\\HorizonAPI\\SourceCode\\node_modules\\express\\lib\\router\\layer.js:95:5)\n    at trim_prefix (D:\\Office\\HorizonAPI\\SourceCode\\node_modules\\express\\lib\\router\\index.js:312:13)\n    at D:\\Office\\HorizonAPI\\SourceCode\\node_modules\\express\\lib\\router\\index.js:280:7\n    at Function.process_params (D:\\Office\\HorizonAPI\\SourceCode\\node_modules\\express\\lib\\router\\index.js:330:12)\n    at next (D:\\Office\\HorizonAPI\\SourceCode\\node_modules\\express\\lib\\router\\index.js:271:10)\n    at D:\\Office\\HorizonAPI\\SourceCode\\node_modules\\express\\lib\\router\\index.js:618:15\n    at next (D:\\Office\\HorizonAPI\\SourceCode\\node_modules\\express\\lib\\router\\index.js:256:14)\n    at Function.handle (D:\\Office\\HorizonAPI\\SourceCode\\node_modules\\express\\lib\\router\\index.js:176:3)\n    at router (D:\\Office\\HorizonAPI\\SourceCode\\node_modules\\express\\lib\\router\\index.js:46:12)\n    at Layer.handle [as handle_request] (D:\\Office\\HorizonAPI\\SourceCode\\node_modules\\express\\lib\\router\\layer.js:95:5)\n    at trim_prefix (D:\\Office\\HorizonAPI\\SourceCode\\node_modules\\express\\lib\\router\\index.js:312:13)\n    at D:\\Office\\HorizonAPI\\SourceCode\\node_modules\\express\\lib\\router\\index.js:280:7","timestamp":"11:44:33 AM"}
{"level":"info","message":"fail","timestamp":"11:50:54 AM"}
{"level":"info","message":"fail","timestamp":"11:50:54 AM"}
{"level":"info","message":"$$$$$$$$$$$$$$$$$$$$$$$$","timestamp":"12:59:23 PM"}
{"meta":"","level":"info","message":"","timestamp":"12:59:23 PM"}
{"level":"info","message":"Production Environment is Listening on port 3000","timestamp":"12:59:23 PM"}
{"level":"info","message":"Web URL : http://localhost:3000","timestamp":"12:59:23 PM"}
{"meta":"","level":"info","message":"","timestamp":"12:59:23 PM"}
{"level":"info","message":"$$$$$$$$$$$$$$$$$$$$$$$$","timestamp":"12:59:23 PM"}
{"meta":"","level":"info","message":"","timestamp":"12:59:23 PM"}
{"level":"info","message":"fail","timestamp":"1:07:31 PM"}
{"level":"info","message":"Status: Success\ndata:  https://rules1.nivabupa.com/underwriting_form?response_obj=a8ab5ef120fb418f81b292812e21173e","timestamp":"1:09:18 PM"}
{"level":"info","message":"Exception in add_niva_questions :  RangeError: Invalid status code: 0\n    at ServerResponse.writeHead (_http_server.js:192:11)\n    at ServerResponse.writeHead (D:\\Office\\HorizonAPI\\SourceCode\\node_modules\\express-session\\node_modules\\on-headers\\index.js:44:26)\n    at ServerResponse.writeHead (D:\\Office\\HorizonAPI\\SourceCode\\node_modules\\on-headers\\index.js:55:19)\n    at ServerResponse._implicitHeader (_http_server.js:157:8)\n    at writetop (D:\\Office\\HorizonAPI\\SourceCode\\node_modules\\express-session\\index.js:276:15)\n    at ServerResponse.end (D:\\Office\\HorizonAPI\\SourceCode\\node_modules\\express-session\\index.js:343:16)\n    at ServerResponse.send (D:\\Office\\HorizonAPI\\SourceCode\\node_modules\\express\\lib\\response.js:205:10)\n    at ServerResponse.json (D:\\Office\\HorizonAPI\\SourceCode\\node_modules\\express\\lib\\response.js:250:15)\n    at D:\\Office\\HorizonAPI\\SourceCode\\routes\\postservicecall.js:5589:25\n    at D:\\Office\\HorizonAPI\\SourceCode\\node_modules\\node-rest-client\\lib\\node-rest-client.js:539:13\n    at Object.parse (D:\\Office\\HorizonAPI\\SourceCode\\node_modules\\node-rest-client\\lib\\nrc-parser-manager.js:142:13)\n    at ConnectManager.handleResponse (D:\\Office\\HorizonAPI\\SourceCode\\node_modules\\node-rest-client\\lib\\node-rest-client.js:538:32)\n    at ConnectManager.handleEnd (D:\\Office\\HorizonAPI\\SourceCode\\node_modules\\node-rest-client\\lib\\node-rest-client.js:531:18)\n    at IncomingMessage.<anonymous> (D:\\Office\\HorizonAPI\\SourceCode\\node_modules\\node-rest-client\\lib\\node-rest-client.js:678:34)\n    at emitNone (events.js:91:20)\n    at IncomingMessage.emit (events.js:185:7)\n    at endReadableNT (_stream_readable.js:974:12)\n    at _combinedTickCallback (internal/process/next_tick.js:74:11)\n    at process._tickCallback (internal/process/next_tick.js:98:9)","timestamp":"1:10:06 PM"}
{"level":"info","message":"Status: Success\ndata:  https://rules1.nivabupa.com/underwriting_form?response_obj=49d620c0a8a5488982aa836b8c8f3cba","timestamp":"1:10:24 PM"}
{"level":"info","message":"Exception in add_niva_questions :  RangeError: Invalid status code: 0\n    at ServerResponse.writeHead (_http_server.js:192:11)\n    at ServerResponse.writeHead (D:\\Office\\HorizonAPI\\SourceCode\\node_modules\\express-session\\node_modules\\on-headers\\index.js:44:26)\n    at ServerResponse.writeHead (D:\\Office\\HorizonAPI\\SourceCode\\node_modules\\on-headers\\index.js:55:19)\n    at ServerResponse._implicitHeader (_http_server.js:157:8)\n    at writetop (D:\\Office\\HorizonAPI\\SourceCode\\node_modules\\express-session\\index.js:276:15)\n    at ServerResponse.end (D:\\Office\\HorizonAPI\\SourceCode\\node_modules\\express-session\\index.js:343:16)\n    at ServerResponse.send (D:\\Office\\HorizonAPI\\SourceCode\\node_modules\\express\\lib\\response.js:205:10)\n    at ServerResponse.json (D:\\Office\\HorizonAPI\\SourceCode\\node_modules\\express\\lib\\response.js:250:15)\n    at D:\\Office\\HorizonAPI\\SourceCode\\routes\\postservicecall.js:5589:25\n    at D:\\Office\\HorizonAPI\\SourceCode\\node_modules\\node-rest-client\\lib\\node-rest-client.js:539:13\n    at Object.parse (D:\\Office\\HorizonAPI\\SourceCode\\node_modules\\node-rest-client\\lib\\nrc-parser-manager.js:142:13)\n    at ConnectManager.handleResponse (D:\\Office\\HorizonAPI\\SourceCode\\node_modules\\node-rest-client\\lib\\node-rest-client.js:538:32)\n    at ConnectManager.handleEnd (D:\\Office\\HorizonAPI\\SourceCode\\node_modules\\node-rest-client\\lib\\node-rest-client.js:531:18)\n    at IncomingMessage.<anonymous> (D:\\Office\\HorizonAPI\\SourceCode\\node_modules\\node-rest-client\\lib\\node-rest-client.js:678:34)\n    at emitNone (events.js:91:20)\n    at IncomingMessage.emit (events.js:185:7)\n    at endReadableNT (_stream_readable.js:974:12)\n    at _combinedTickCallback (internal/process/next_tick.js:74:11)\n    at process._tickCallback (internal/process/next_tick.js:98:9)","timestamp":"1:10:35 PM"}
{"level":"info","message":"$$$$$$$$$$$$$$$$$$$$$$$$","timestamp":"1:12:14 PM"}
{"meta":"","level":"info","message":"","timestamp":"1:12:14 PM"}
{"level":"info","message":"Production Environment is Listening on port 3000","timestamp":"1:12:14 PM"}
{"level":"info","message":"Web URL : http://localhost:3000","timestamp":"1:12:14 PM"}
{"meta":"","level":"info","message":"","timestamp":"1:12:14 PM"}
{"level":"info","message":"$$$$$$$$$$$$$$$$$$$$$$$$","timestamp":"1:12:14 PM"}
{"meta":"","level":"info","message":"","timestamp":"1:12:14 PM"}
{"level":"info","message":"Status: Success\ndata:  https://rules1.nivabupa.com/underwriting_form?response_obj=0bdbea6586ae4f728b2811da93cc470b","timestamp":"1:13:15 PM"}
{"level":"info","message":"$$$$$$$$$$$$$$$$$$$$$$$$","timestamp":"1:20:18 PM"}
{"meta":"","level":"info","message":"","timestamp":"1:20:18 PM"}
{"level":"info","message":"Production Environment is Listening on port 3000","timestamp":"1:20:18 PM"}
{"level":"info","message":"Web URL : http://localhost:3000","timestamp":"1:20:18 PM"}
{"meta":"","level":"info","message":"","timestamp":"1:20:18 PM"}
{"level":"info","message":"$$$$$$$$$$$$$$$$$$$$$$$$","timestamp":"1:20:18 PM"}
{"meta":"","level":"info","message":"","timestamp":"1:20:18 PM"}
{"level":"info","message":"Status: Success\ndata:  https://rules1.nivabupa.com/underwriting_form?response_obj=1ffe22f3c3b946baa9ca67793b45632d","timestamp":"1:21:06 PM"}
{"level":"info","message":"$$$$$$$$$$$$$$$$$$$$$$$$","timestamp":"1:23:34 PM"}
{"meta":"","level":"info","message":"","timestamp":"1:23:34 PM"}
{"level":"info","message":"Production Environment is Listening on port 3000","timestamp":"1:23:34 PM"}
{"level":"info","message":"Web URL : http://localhost:3000","timestamp":"1:23:34 PM"}
{"meta":"","level":"info","message":"","timestamp":"1:23:34 PM"}
{"level":"info","message":"$$$$$$$$$$$$$$$$$$$$$$$$","timestamp":"1:23:34 PM"}
{"meta":"","level":"info","message":"","timestamp":"1:23:34 PM"}
{"level":"info","message":"Status: Success\ndata:  https://rules1.nivabupa.com/underwriting_form?response_obj=0c181310a8b04af9b0d9b7749865302c","timestamp":"1:23:55 PM"}
{"level":"info","message":"Status: Success\ndata:  https://rules1.nivabupa.com/underwriting_form?response_obj=224ca31106af486ab53a84015da45ea5","timestamp":"1:25:23 PM"}
{"level":"info","message":"Status: Success\ndata:  https://rules1.nivabupa.com/underwriting_form?response_obj=667b60a39f6948aab091e7c7cb3b3ce5","timestamp":"1:25:50 PM"}
{"level":"info","message":"Status: Success\ndata:  https://rules1.nivabupa.com/underwriting_form?response_obj=e7d5ab137fc44c69aec80cdb2aed7c6a","timestamp":"1:28:09 PM"}
{"level":"info","message":"$$$$$$$$$$$$$$$$$$$$$$$$","timestamp":"1:48:28 PM"}
{"meta":"","level":"info","message":"","timestamp":"1:48:28 PM"}
{"level":"info","message":"Production Environment is Listening on port 3000","timestamp":"1:48:28 PM"}
{"level":"info","message":"Web URL : http://localhost:3000","timestamp":"1:48:28 PM"}
{"meta":"","level":"info","message":"","timestamp":"1:48:28 PM"}
{"level":"info","message":"$$$$$$$$$$$$$$$$$$$$$$$$","timestamp":"1:48:28 PM"}
{"meta":"","level":"info","message":"","timestamp":"1:48:28 PM"}
{"level":"info","message":"Status: Success\ndata:  https://rules1.nivabupa.com/underwriting_form?response_obj=2b90779e232246e286d7902bb9488103","timestamp":"1:48:52 PM"}
{"level":"info","message":"Status: Success\ndata:  https://rules1.nivabupa.com/underwriting_form?response_obj=a21d8cf5e7a44bd790b62ea5d5fadfd4","timestamp":"1:51:30 PM"}
{"level":"info","message":"Status: Success\ndata:  https://rules1.nivabupa.com/underwriting_form?response_obj=d871c1a15d8546bbad8b20ebab82aa57","timestamp":"2:24:01 PM"}
{"level":"info","message":"Status: Success\ndata:  https://rules1.nivabupa.com/underwriting_form?response_obj=0330adc84b74401e97101532593d4e57","timestamp":"2:24:31 PM"}
{"level":"info","message":"Status: Success\ndata:  https://rules1.nivabupa.com/underwriting_form?response_obj=59a9e8b0b40349c8b978c0404911248c","timestamp":"2:26:58 PM"}
{"level":"info","message":"Status: Success\ndata:  https://rules1.nivabupa.com/underwriting_form?response_obj=c5985597ca074229a07e81dbbc51d755","timestamp":"2:48:12 PM"}
{"level":"info","message":"fail","timestamp":"2:54:00 PM"}
{"level":"info","message":"fail","timestamp":"2:56:47 PM"}
{"level":"info","message":"fail","timestamp":"3:22:49 PM"}
{"level":"info","message":"$$$$$$$$$$$$$$$$$$$$$$$$","timestamp":"3:33:47 PM"}
{"meta":"","level":"info","message":"","timestamp":"3:33:47 PM"}
{"level":"info","message":"Production Environment is Listening on port 3000","timestamp":"3:33:47 PM"}
{"level":"info","message":"Web URL : http://localhost:3000","timestamp":"3:33:47 PM"}
{"meta":"","level":"info","message":"","timestamp":"3:33:47 PM"}
{"level":"info","message":"$$$$$$$$$$$$$$$$$$$$$$$$","timestamp":"3:33:47 PM"}
{"meta":"","level":"info","message":"","timestamp":"3:33:47 PM"}
{"level":"info","message":"fail","timestamp":"3:50:49 PM"}
{"level":"info","message":"fail","timestamp":"3:50:50 PM"}
{"level":"info","message":"fail","timestamp":"3:52:19 PM"}
{"level":"info","message":"Status: Success\ndata:  https://rules1.nivabupa.com/underwriting_form?response_obj=2bce3f349f8649eca3fb1dcb1e30a8c4","timestamp":"3:54:37 PM"}
{"level":"info","message":"Status: Success\ndata:  https://rules1.nivabupa.com/underwriting_form?response_obj=78085659d6f24a078361cfb870f600e2","timestamp":"4:36:12 PM"}
{"level":"info","message":"$$$$$$$$$$$$$$$$$$$$$$$$","timestamp":"5:11:17 PM"}
{"meta":"","level":"info","message":"","timestamp":"5:11:17 PM"}
{"level":"info","message":"Production Environment is Listening on port 3000","timestamp":"5:11:17 PM"}
{"level":"info","message":"Web URL : http://localhost:3000","timestamp":"5:11:17 PM"}
{"meta":"","level":"info","message":"","timestamp":"5:11:17 PM"}
{"level":"info","message":"$$$$$$$$$$$$$$$$$$$$$$$$","timestamp":"5:11:17 PM"}
{"meta":"","level":"info","message":"","timestamp":"5:11:17 PM"}
{"level":"info","message":"Status: Success\ndata:  https://rules1.nivabupa.com/underwriting_form?response_obj=ca571543b3234022b077697b9b101166","timestamp":"5:24:04 PM"}
{"level":"info","message":"NivaBupa Final_result: { final_result: \n   { application_id: '820661351311',\n     application_result: 'NotSubmitted',\n     application_non_std_no_uw: false,\n     MBR_RE_MUW: 'No',\n     MBR_RE_TAG1: null,\n     MBR_RE_TAG2: null,\n     members: \n      [ [Object],\n        [Object],\n        [Object],\n        [Object],\n        [Object],\n        [Object],\n        [Object],\n        [Object],\n        [Object] ] } }","timestamp":"5:26:28 PM"}
{"level":"info","message":"NivaBupa Final_result: { final_result: \n   { application_id: '820661351311',\n     application_result: 'NotSubmitted',\n     application_non_std_no_uw: false,\n     MBR_RE_MUW: 'No',\n     MBR_RE_TAG1: null,\n     MBR_RE_TAG2: null,\n     members: \n      [ [Object],\n        [Object],\n        [Object],\n        [Object],\n        [Object],\n        [Object],\n        [Object],\n        [Object],\n        [Object] ] } }","timestamp":"5:30:40 PM"}
{"level":"info","message":"NivaBupa Final_result: { final_result: \n   { application_id: '820661351311',\n     application_result: 'NotSubmitted',\n     application_non_std_no_uw: false,\n     MBR_RE_MUW: 'No',\n     MBR_RE_TAG1: null,\n     MBR_RE_TAG2: null,\n     members: \n      [ [Object],\n        [Object],\n        [Object],\n        [Object],\n        [Object],\n        [Object],\n        [Object],\n        [Object],\n        [Object] ] } }","timestamp":"5:35:41 PM"}
{"level":"info","message":"NivaBupa Final_result: { final_result: \n   { application_id: '820661351311',\n     application_result: 'NotSubmitted',\n     application_non_std_no_uw: false,\n     MBR_RE_MUW: 'No',\n     MBR_RE_TAG1: null,\n     MBR_RE_TAG2: null,\n     members: \n      [ [Object],\n        [Object],\n        [Object],\n        [Object],\n        [Object],\n        [Object],\n        [Object],\n        [Object],\n        [Object] ] } }","timestamp":"5:39:22 PM"}
{"level":"info","message":"NivaBupa Final_result: { final_result: \n   { application_id: '820661351311',\n     application_result: 'NotSubmitted',\n     application_non_std_no_uw: false,\n     MBR_RE_MUW: 'No',\n     MBR_RE_TAG1: null,\n     MBR_RE_TAG2: null,\n     members: \n      [ [Object],\n        [Object],\n        [Object],\n        [Object],\n        [Object],\n        [Object],\n        [Object],\n        [Object],\n        [Object] ] } }","timestamp":"5:48:25 PM"}
