{"level":"info","message":"$$$$$$$$$$$$$$$$$$$$$$$$","timestamp":"2:39:38 PM"}
{"meta":"","level":"info","message":"","timestamp":"2:39:38 PM"}
{"level":"info","message":"Production Environment is Listening on port 3000","timestamp":"2:39:38 PM"}
{"level":"info","message":"Web URL : http://localhost:3000","timestamp":"2:39:38 PM"}
{"meta":"","level":"info","message":"","timestamp":"2:39:38 PM"}
{"level":"info","message":"$$$$$$$$$$$$$$$$$$$$$$$$","timestamp":"2:39:38 PM"}
{"meta":"","level":"info","message":"","timestamp":"2:39:38 PM"}
{"level":"info","message":"$$$$$$$$$$$$$$$$$$$$$$$$","timestamp":"2:56:58 PM"}
{"meta":"","level":"info","message":"","timestamp":"2:56:58 PM"}
{"level":"info","message":"Production Environment is Listening on port 3000","timestamp":"2:56:58 PM"}
{"level":"info","message":"Web URL : http://localhost:3000","timestamp":"2:56:58 PM"}
{"meta":"","level":"info","message":"","timestamp":"2:56:58 PM"}
{"level":"info","message":"$$$$$$$$$$$$$$$$$$$$$$$$","timestamp":"2:56:58 PM"}
{"meta":"","level":"info","message":"","timestamp":"2:56:58 PM"}
{"level":"info","message":"$$$$$$$$$$$$$$$$$$$$$$$$","timestamp":"3:04:55 PM"}
{"meta":"","level":"info","message":"","timestamp":"3:04:55 PM"}
{"level":"info","message":"Production Environment is Listening on port 3000","timestamp":"3:04:55 PM"}
{"level":"info","message":"Web URL : http://localhost:3000","timestamp":"3:04:55 PM"}
{"meta":"","level":"info","message":"","timestamp":"3:04:55 PM"}
{"level":"info","message":"$$$$$$$$$$$$$$$$$$$$$$$$","timestamp":"3:04:55 PM"}
{"meta":"","level":"info","message":"","timestamp":"3:04:55 PM"}
{"level":"info","message":"$$$$$$$$$$$$$$$$$$$$$$$$","timestamp":"3:14:16 PM"}
{"meta":"","level":"info","message":"","timestamp":"3:14:16 PM"}
{"level":"info","message":"Production Environment is Listening on port 3000","timestamp":"3:14:16 PM"}
{"level":"info","message":"Web URL : http://localhost:3000","timestamp":"3:14:16 PM"}
{"meta":"","level":"info","message":"","timestamp":"3:14:16 PM"}
{"level":"info","message":"$$$$$$$$$$$$$$$$$$$$$$$$","timestamp":"3:14:16 PM"}
{"meta":"","level":"info","message":"","timestamp":"3:14:16 PM"}
{"level":"info","message":"[]","timestamp":"3:23:31 PM"}
{"level":"info","message":"[]","timestamp":"3:26:38 PM"}
{"level":"info","message":"[]","timestamp":"3:30:17 PM"}
{"level":"info","message":"[]","timestamp":"3:42:15 PM"}
{"level":"info","message":"[]","timestamp":"3:43:58 PM"}
{"level":"info","message":"[]","timestamp":"3:44:24 PM"}
{"level":"info","message":"[]","timestamp":"3:48:15 PM"}
{"level":"info","message":"[]","timestamp":"3:48:30 PM"}
{"level":"info","message":"[]","timestamp":"3:49:15 PM"}
{"level":"info","message":"[]","timestamp":"3:49:28 PM"}
{"level":"info","message":"[]","timestamp":"3:50:13 PM"}
{"level":"info","message":"[]","timestamp":"3:50:44 PM"}
{"level":"info","message":"[]","timestamp":"3:51:25 PM"}
{"level":"info","message":"[]","timestamp":"3:52:14 PM"}
{"level":"info","message":"[]","timestamp":"4:08:03 PM"}
{"level":"info","message":"[]","timestamp":"4:08:24 PM"}
