{"level":"info","message":"$$$$$$$$$$$$$$$$$$$$$$$$","timestamp":"10:52:07 AM"}
{"meta":"","level":"info","message":"","timestamp":"10:52:07 AM"}
{"level":"info","message":"Production Environment is Listening on port 3000","timestamp":"10:52:07 AM"}
{"level":"info","message":"Web URL : http://localhost:3000","timestamp":"10:52:07 AM"}
{"meta":"","level":"info","message":"","timestamp":"10:52:07 AM"}
{"level":"info","message":"$$$$$$$$$$$$$$$$$$$$$$$$","timestamp":"10:52:07 AM"}
{"meta":"","level":"info","message":"","timestamp":"10:52:07 AM"}
{"level":"info","message":"$$$$$$$$$$$$$$$$$$$$$$$$","timestamp":"11:03:46 AM"}
{"meta":"","level":"info","message":"","timestamp":"11:03:46 AM"}
{"level":"info","message":"Production Environment is Listening on port 3000","timestamp":"11:03:46 AM"}
{"level":"info","message":"Web URL : http://localhost:3000","timestamp":"11:03:46 AM"}
{"meta":"","level":"info","message":"","timestamp":"11:03:46 AM"}
{"level":"info","message":"$$$$$$$$$$$$$$$$$$$$$$$$","timestamp":"11:03:46 AM"}
{"meta":"","level":"info","message":"","timestamp":"11:03:46 AM"}
{"level":"info","message":"$$$$$$$$$$$$$$$$$$$$$$$$","timestamp":"11:23:56 AM"}
{"meta":"","level":"info","message":"","timestamp":"11:23:56 AM"}
{"level":"info","message":"Production Environment is Listening on port 3000","timestamp":"11:23:56 AM"}
{"level":"info","message":"Web URL : http://localhost:3000","timestamp":"11:23:56 AM"}
{"meta":"","level":"info","message":"","timestamp":"11:23:56 AM"}
{"level":"info","message":"$$$$$$$$$$$$$$$$$$$$$$$$","timestamp":"11:23:56 AM"}
{"meta":"","level":"info","message":"","timestamp":"11:23:56 AM"}
{"level":"info","message":"$$$$$$$$$$$$$$$$$$$$$$$$","timestamp":"1:16:13 PM"}
{"meta":"","level":"info","message":"","timestamp":"1:16:13 PM"}
{"level":"info","message":"Production Environment is Listening on port 3000","timestamp":"1:16:13 PM"}
{"level":"info","message":"Web URL : http://localhost:3000","timestamp":"1:16:13 PM"}
{"meta":"","level":"info","message":"","timestamp":"1:16:13 PM"}
{"level":"info","message":"$$$$$$$$$$$$$$$$$$$$$$$$","timestamp":"1:16:13 PM"}
{"meta":"","level":"info","message":"","timestamp":"1:16:13 PM"}
{"level":"info","message":"$$$$$$$$$$$$$$$$$$$$$$$$","timestamp":"1:54:58 PM"}
{"meta":"","level":"info","message":"","timestamp":"1:54:58 PM"}
{"level":"info","message":"Production Environment is Listening on port 3000","timestamp":"1:54:58 PM"}
{"level":"info","message":"Web URL : http://localhost:3000","timestamp":"1:54:58 PM"}
{"meta":"","level":"info","message":"","timestamp":"1:54:58 PM"}
{"level":"info","message":"$$$$$$$$$$$$$$$$$$$$$$$$","timestamp":"1:54:58 PM"}
{"meta":"","level":"info","message":"","timestamp":"1:54:58 PM"}
{"level":"info","message":"$$$$$$$$$$$$$$$$$$$$$$$$","timestamp":"4:51:41 PM"}
{"meta":"","level":"info","message":"","timestamp":"4:51:41 PM"}
{"level":"info","message":"Production Environment is Listening on port 3000","timestamp":"4:51:41 PM"}
{"level":"info","message":"Web URL : http://localhost:3000","timestamp":"4:51:41 PM"}
{"meta":"","level":"info","message":"","timestamp":"4:51:41 PM"}
{"level":"info","message":"$$$$$$$$$$$$$$$$$$$$$$$$","timestamp":"4:51:41 PM"}
{"meta":"","level":"info","message":"","timestamp":"4:51:41 PM"}
{"level":"info","message":"$$$$$$$$$$$$$$$$$$$$$$$$","timestamp":"5:12:50 PM"}
{"meta":"","level":"info","message":"","timestamp":"5:12:50 PM"}
{"level":"info","message":"Production Environment is Listening on port 3000","timestamp":"5:12:50 PM"}
{"level":"info","message":"Web URL : http://localhost:3000","timestamp":"5:12:50 PM"}
{"meta":"","level":"info","message":"","timestamp":"5:12:50 PM"}
{"level":"info","message":"$$$$$$$$$$$$$$$$$$$$$$$$","timestamp":"5:12:50 PM"}
{"meta":"","level":"info","message":"","timestamp":"5:12:50 PM"}
