{"level":"info","message":"$$$$$$$$$$$$$$$$$$$$$$$$","timestamp":"10:12:17 AM"}
{"meta":"","level":"info","message":"","timestamp":"10:12:17 AM"}
{"level":"info","message":"Production Environment is Listening on port 3000","timestamp":"10:12:17 AM"}
{"level":"info","message":"Web URL : http://localhost:3000","timestamp":"10:12:17 AM"}
{"meta":"","level":"info","message":"","timestamp":"10:12:17 AM"}
{"level":"info","message":"$$$$$$$$$$$$$$$$$$$$$$$$","timestamp":"10:12:17 AM"}
{"meta":"","level":"info","message":"","timestamp":"10:12:17 AM"}
{"level":"info","message":"\"undefined\" converted to Base64 is \":w^~)^\"","timestamp":"10:13:17 AM"}
{"level":"info","message":"\"undefined\" converted to Base64 is \":w^~)^\"","timestamp":"10:16:15 AM"}
{"level":"info","message":"\"undefined\" converted to Base64 is \":w^~)^\"","timestamp":"10:16:49 AM"}
{"level":"info","message":"\"undefined\" converted to Base64 is \":w^~)^\"","timestamp":"10:19:39 AM"}
{"level":"info","message":"\"undefined\" converted to Base64 is \":w^~)^\"","timestamp":"10:21:30 AM"}
{"level":"info","message":"$$$$$$$$$$$$$$$$$$$$$$$$","timestamp":"10:24:43 AM"}
{"meta":"","level":"info","message":"","timestamp":"10:24:43 AM"}
{"level":"info","message":"Production Environment is Listening on port 3000","timestamp":"10:24:43 AM"}
{"level":"info","message":"Web URL : http://localhost:3000","timestamp":"10:24:43 AM"}
{"meta":"","level":"info","message":"","timestamp":"10:24:43 AM"}
{"level":"info","message":"$$$$$$$$$$$$$$$$$$$$$$$$","timestamp":"10:24:43 AM"}
{"meta":"","level":"info","message":"","timestamp":"10:24:43 AM"}
{"level":"info","message":"$$$$$$$$$$$$$$$$$$$$$$$$","timestamp":"2:18:14 PM"}
{"meta":"","level":"info","message":"","timestamp":"2:18:14 PM"}
{"level":"info","message":"Production Environment is Listening on port 3000","timestamp":"2:18:14 PM"}
{"level":"info","message":"Web URL : http://localhost:3000","timestamp":"2:18:14 PM"}
{"meta":"","level":"info","message":"","timestamp":"2:18:14 PM"}
{"level":"info","message":"$$$$$$$$$$$$$$$$$$$$$$$$","timestamp":"2:18:14 PM"}
{"meta":"","level":"info","message":"","timestamp":"2:18:14 PM"}
