{"level":"error","message":"LOG REFERER YTD http://localhost:4200/ ::1 string","timestamp":"9:11:34 AM"}
{"level":"error","message":"LOG REFERER YTD http://localhost:4200/ ::1 string","timestamp":"9:11:35 AM"}
{"level":"error","message":"LOG REFERER YTD http://localhost:4200/ ::1 string","timestamp":"9:11:43 AM"}
{"level":"error","message":"LOG REFERER YTD http://localhost:4200/ ::1 string","timestamp":"9:11:43 AM"}
{"level":"error","message":"LOG REFERER YTD http://localhost:4200/ ::1 string","timestamp":"9:11:43 AM"}
{"level":"error","message":"LOG REFERER YTD http://localhost:4200/ ::1 string","timestamp":"9:11:43 AM"}
{"level":"error","message":"LOG REFERER YTD undefined ::ffff:127.0.0.1 undefined","timestamp":"9:11:43 AM"}
{"level":"error","message":"LOG REFERER YTD http://localhost:4200/ ::1 string","timestamp":"9:11:43 AM"}
{"level":"error","message":"LOG REFERER YTD http://localhost:4200/ ::1 string","timestamp":"9:11:48 AM"}
{"level":"error","message":"LOG REFERER YTD http://localhost:4200/ ::1 string","timestamp":"9:11:48 AM"}
{"level":"error","message":"LOG REFERER YTD http://localhost:4200/ ::1 string","timestamp":"9:11:48 AM"}
{"level":"error","message":"LOG REFERER YTD http://localhost:4200/ ::1 string","timestamp":"9:11:51 AM"}
{"level":"error","message":"LOG REFERER YTD http://localhost:4200/ ::1 string","timestamp":"9:11:51 AM"}
{"level":"error","message":"LOG REFERER YTD undefined ::ffff:127.0.0.1 undefined","timestamp":"9:11:51 AM"}
{"level":"error","message":"LOG REFERER YTD http://localhost:4200/ ::1 string","timestamp":"9:11:51 AM"}
{"level":"error","message":"LOG REFERER YTD http://localhost:4200/ ::1 string","timestamp":"9:11:51 AM"}
{"level":"error","message":"LOG REFERER YTD http://localhost:4200/ ::1 string","timestamp":"9:11:51 AM"}
{"level":"error","message":"LOG REFERER YTD http://localhost:4200/ ::1 string","timestamp":"9:11:54 AM"}
{"level":"error","message":"LOG REFERER YTD undefined ::ffff:127.0.0.1 undefined","timestamp":"9:11:54 AM"}
{"level":"error","message":"LOG REFERER YTD http://localhost:4200/ ::1 string","timestamp":"9:11:54 AM"}
{"level":"error","message":"LOG REFERER YTD http://localhost:4200/ ::1 string","timestamp":"9:11:54 AM"}
{"level":"error","message":"LOG REFERER YTD http://localhost:4200/ ::1 string","timestamp":"9:11:54 AM"}
{"level":"error","message":"LOG REFERER YTD http://localhost:4200/ ::1 string","timestamp":"9:11:57 AM"}
{"level":"error","message":"LOG REFERER YTD http://localhost:4200/ ::1 string","timestamp":"9:11:57 AM"}
{"level":"error","message":"LOG REFERER YTD undefined ::ffff:127.0.0.1 undefined","timestamp":"9:11:57 AM"}
{"level":"error","message":"LOG REFERER YTD http://localhost:4200/ ::1 string","timestamp":"9:11:58 AM"}
{"level":"error","message":"LOG REFERER YTD http://localhost:4200/ ::1 string","timestamp":"9:11:58 AM"}
{"level":"error","message":"LOG REFERER YTD http://localhost:4200/ ::1 string","timestamp":"9:11:58 AM"}
{"level":"error","message":"LOG REFERER YTD http://localhost:4200/ ::1 string","timestamp":"9:12:04 AM"}
{"level":"error","message":"LOG REFERER YTD http://localhost:4200/ ::1 string","timestamp":"9:12:04 AM"}
{"level":"error","message":"LOG REFERER YTD http://localhost:4200/ ::1 string","timestamp":"9:12:35 AM"}
{"level":"error","message":"LOG REFERER YTD http://localhost:4200/ ::1 string","timestamp":"9:12:35 AM"}
{"level":"error","message":"LOG REFERER YTD http://localhost:4200/ ::1 string","timestamp":"9:13:05 AM"}
{"level":"error","message":"LOG REFERER YTD http://localhost:4200/ ::1 string","timestamp":"9:13:05 AM"}
{"level":"error","message":"LOG REFERER YTD http://localhost:4200/ ::1 string","timestamp":"9:13:35 AM"}
{"level":"error","message":"LOG REFERER YTD http://localhost:4200/ ::1 string","timestamp":"9:13:35 AM"}
{"level":"error","message":"LOG REFERER YTD http://localhost:4200/ ::1 string","timestamp":"9:14:05 AM"}
{"level":"error","message":"LOG REFERER YTD http://localhost:4200/ ::1 string","timestamp":"9:14:05 AM"}
{"level":"error","message":"LOG REFERER YTD http://localhost:4200/ ::1 string","timestamp":"9:14:35 AM"}
{"level":"error","message":"LOG REFERER YTD http://localhost:4200/ ::1 string","timestamp":"9:14:35 AM"}
{"level":"error","message":"LOG REFERER YTD http://localhost:4200/ ::1 string","timestamp":"9:15:05 AM"}
{"level":"error","message":"LOG REFERER YTD http://localhost:4200/ ::1 string","timestamp":"9:15:05 AM"}
{"level":"error","message":"LOG REFERER YTD http://localhost:4200/ ::1 string","timestamp":"9:15:35 AM"}
{"level":"error","message":"LOG REFERER YTD http://localhost:4200/ ::1 string","timestamp":"9:15:35 AM"}
{"level":"error","message":"LOG REFERER YTD http://localhost:4200/ ::1 string","timestamp":"9:16:05 AM"}
{"level":"error","message":"LOG REFERER YTD http://localhost:4200/ ::1 string","timestamp":"9:16:05 AM"}
{"level":"error","message":"LOG REFERER YTD http://localhost:4200/ ::1 string","timestamp":"9:16:35 AM"}
{"level":"error","message":"LOG REFERER YTD http://localhost:4200/ ::1 string","timestamp":"9:16:35 AM"}
{"level":"error","message":"LOG REFERER YTD http://localhost:4200/ ::1 string","timestamp":"9:17:05 AM"}
{"level":"error","message":"LOG REFERER YTD http://localhost:4200/ ::1 string","timestamp":"9:17:05 AM"}
{"level":"error","message":"LOG REFERER YTD http://localhost:4200/ ::1 string","timestamp":"9:18:06 AM"}
{"level":"error","message":"LOG REFERER YTD http://localhost:4200/ ::1 string","timestamp":"9:18:06 AM"}
{"level":"error","message":"LOG REFERER YTD http://localhost:4200/ ::1 string","timestamp":"9:19:07 AM"}
{"level":"error","message":"LOG REFERER YTD http://localhost:4200/ ::1 string","timestamp":"9:19:07 AM"}
{"level":"error","message":"LOG REFERER YTD http://localhost:4200/ ::1 string","timestamp":"9:20:08 AM"}
{"level":"error","message":"LOG REFERER YTD http://localhost:4200/ ::1 string","timestamp":"9:20:08 AM"}
{"level":"error","message":"LOG REFERER YTD http://localhost:4200/ ::1 string","timestamp":"9:21:09 AM"}
{"level":"error","message":"LOG REFERER YTD http://localhost:4200/ ::1 string","timestamp":"9:21:09 AM"}
{"level":"error","message":"LOG REFERER YTD http://localhost:4200/ ::1 string","timestamp":"9:22:10 AM"}
{"level":"error","message":"LOG REFERER YTD http://localhost:4200/ ::1 string","timestamp":"9:22:10 AM"}
{"level":"error","message":"LOG REFERER YTD http://localhost:4200/ ::1 string","timestamp":"9:23:11 AM"}
{"level":"error","message":"LOG REFERER YTD http://localhost:4200/ ::1 string","timestamp":"9:23:11 AM"}
{"level":"error","message":"LOG REFERER YTD http://localhost:4200/ ::1 string","timestamp":"9:24:12 AM"}
{"level":"error","message":"LOG REFERER YTD http://localhost:4200/ ::1 string","timestamp":"9:24:12 AM"}
{"level":"error","message":"LOG REFERER YTD http://localhost:4200/ ::1 string","timestamp":"9:25:13 AM"}
{"level":"error","message":"LOG REFERER YTD http://localhost:4200/ ::1 string","timestamp":"9:25:13 AM"}
{"level":"error","message":"LOG REFERER YTD http://localhost:4200/ ::1 string","timestamp":"9:26:14 AM"}
{"level":"error","message":"LOG REFERER YTD http://localhost:4200/ ::1 string","timestamp":"9:26:14 AM"}
{"level":"error","message":"LOG REFERER YTD http://localhost:4200/ ::1 string","timestamp":"9:27:15 AM"}
{"level":"error","message":"LOG REFERER YTD http://localhost:4200/ ::1 string","timestamp":"9:27:15 AM"}
{"level":"error","message":"LOG REFERER YTD http://localhost:4200/ ::1 string","timestamp":"9:28:16 AM"}
{"level":"error","message":"LOG REFERER YTD http://localhost:4200/ ::1 string","timestamp":"9:28:16 AM"}
{"level":"error","message":"LOG REFERER YTD http://localhost:4200/ ::1 string","timestamp":"9:29:17 AM"}
{"level":"error","message":"LOG REFERER YTD http://localhost:4200/ ::1 string","timestamp":"9:29:17 AM"}
{"level":"error","message":"LOG REFERER YTD http://localhost:4200/ ::1 string","timestamp":"9:30:18 AM"}
{"level":"error","message":"LOG REFERER YTD http://localhost:4200/ ::1 string","timestamp":"9:30:18 AM"}
{"level":"error","message":"LOG REFERER YTD http://localhost:4200/ ::1 string","timestamp":"9:30:39 AM"}
{"level":"error","message":"LOG REFERER YTD http://localhost:4200/ ::1 string","timestamp":"9:30:39 AM"}
{"level":"error","message":"LOG REFERER YTD http://localhost:4200/ ::1 string","timestamp":"9:31:05 AM"}
{"level":"error","message":"LOG REFERER YTD http://localhost:4200/ ::1 string","timestamp":"9:31:05 AM"}
{"level":"error","message":"LOG REFERER YTD http://localhost:4200/ ::1 string","timestamp":"9:31:35 AM"}
{"level":"error","message":"LOG REFERER YTD http://localhost:4200/ ::1 string","timestamp":"9:31:35 AM"}
{"level":"error","message":"LOG REFERER YTD http://localhost:4200/ ::1 string","timestamp":"9:32:05 AM"}
{"level":"error","message":"LOG REFERER YTD http://localhost:4200/ ::1 string","timestamp":"9:32:05 AM"}
{"level":"error","message":"LOG REFERER YTD http://localhost:4200/ ::1 string","timestamp":"9:32:35 AM"}
{"level":"error","message":"LOG REFERER YTD http://localhost:4200/ ::1 string","timestamp":"9:32:35 AM"}
{"level":"error","message":"LOG REFERER YTD http://localhost:4200/ ::1 string","timestamp":"9:33:05 AM"}
{"level":"error","message":"LOG REFERER YTD http://localhost:4200/ ::1 string","timestamp":"9:33:05 AM"}
{"level":"error","message":"LOG REFERER YTD http://localhost:4200/ ::1 string","timestamp":"9:33:35 AM"}
{"level":"error","message":"LOG REFERER YTD http://localhost:4200/ ::1 string","timestamp":"9:33:35 AM"}
{"level":"error","message":"LOG REFERER YTD http://localhost:4200/ ::1 string","timestamp":"9:34:05 AM"}
{"level":"error","message":"LOG REFERER YTD http://localhost:4200/ ::1 string","timestamp":"9:34:05 AM"}
{"level":"error","message":"LOG REFERER YTD http://localhost:4200/ ::1 string","timestamp":"9:34:35 AM"}
{"level":"error","message":"LOG REFERER YTD http://localhost:4200/ ::1 string","timestamp":"9:34:35 AM"}
{"level":"error","message":"LOG REFERER YTD http://localhost:4200/ ::1 string","timestamp":"9:35:06 AM"}
{"level":"error","message":"LOG REFERER YTD http://localhost:4200/ ::1 string","timestamp":"9:35:06 AM"}
{"level":"error","message":"LOG REFERER YTD http://localhost:4200/ ::1 string","timestamp":"9:35:35 AM"}
{"level":"error","message":"LOG REFERER YTD http://localhost:4200/ ::1 string","timestamp":"9:35:35 AM"}
{"level":"error","message":"LOG REFERER YTD http://localhost:4200/ ::1 string","timestamp":"9:36:18 AM"}
{"level":"error","message":"LOG REFERER YTD http://localhost:4200/ ::1 string","timestamp":"9:36:18 AM"}
{"level":"error","message":"LOG REFERER YTD http://localhost:4200/ ::1 string","timestamp":"9:37:18 AM"}
{"level":"error","message":"LOG REFERER YTD http://localhost:4200/ ::1 string","timestamp":"9:37:18 AM"}
{"level":"error","message":"LOG REFERER YTD http://localhost:4200/ ::1 string","timestamp":"9:38:18 AM"}
{"level":"error","message":"LOG REFERER YTD http://localhost:4200/ ::1 string","timestamp":"9:38:18 AM"}
{"level":"error","message":"LOG REFERER YTD http://localhost:4200/ ::1 string","timestamp":"9:39:18 AM"}
{"level":"error","message":"LOG REFERER YTD http://localhost:4200/ ::1 string","timestamp":"9:39:18 AM"}
{"level":"error","message":"LOG REFERER YTD http://localhost:4200/ ::1 string","timestamp":"9:40:18 AM"}
{"level":"error","message":"LOG REFERER YTD http://localhost:4200/ ::1 string","timestamp":"9:40:18 AM"}
{"level":"error","message":"LOG REFERER YTD http://localhost:4200/ ::1 string","timestamp":"9:41:18 AM"}
{"level":"error","message":"LOG REFERER YTD http://localhost:4200/ ::1 string","timestamp":"9:41:18 AM"}
{"level":"error","message":"LOG REFERER YTD http://localhost:4200/ ::1 string","timestamp":"9:42:18 AM"}
{"level":"error","message":"LOG REFERER YTD http://localhost:4200/ ::1 string","timestamp":"9:42:18 AM"}
{"level":"error","message":"LOG REFERER YTD http://localhost:4200/ ::1 string","timestamp":"9:43:18 AM"}
{"level":"error","message":"LOG REFERER YTD http://localhost:4200/ ::1 string","timestamp":"9:43:18 AM"}
{"level":"error","message":"LOG REFERER YTD http://localhost:4200/ ::1 string","timestamp":"9:44:18 AM"}
{"level":"error","message":"LOG REFERER YTD http://localhost:4200/ ::1 string","timestamp":"9:44:18 AM"}
{"level":"error","message":"LOG REFERER YTD http://localhost:4200/ ::1 string","timestamp":"9:45:18 AM"}
{"level":"error","message":"LOG REFERER YTD http://localhost:4200/ ::1 string","timestamp":"9:45:18 AM"}
{"level":"error","message":"LOG REFERER YTD http://localhost:4200/ ::1 string","timestamp":"9:46:18 AM"}
{"level":"error","message":"LOG REFERER YTD http://localhost:4200/ ::1 string","timestamp":"9:46:18 AM"}
{"level":"error","message":"LOG REFERER YTD http://localhost:4200/ ::1 string","timestamp":"9:47:18 AM"}
{"level":"error","message":"LOG REFERER YTD http://localhost:4200/ ::1 string","timestamp":"9:47:18 AM"}
{"level":"error","message":"LOG REFERER YTD http://localhost:4200/ ::1 string","timestamp":"9:48:18 AM"}
{"level":"error","message":"LOG REFERER YTD http://localhost:4200/ ::1 string","timestamp":"9:48:18 AM"}
{"level":"error","message":"LOG REFERER YTD http://localhost:4200/ ::1 string","timestamp":"9:49:18 AM"}
{"level":"error","message":"LOG REFERER YTD http://localhost:4200/ ::1 string","timestamp":"9:49:18 AM"}
{"level":"error","message":"LOG REFERER YTD http://localhost:4200/ ::1 string","timestamp":"9:50:18 AM"}
{"level":"error","message":"LOG REFERER YTD http://localhost:4200/ ::1 string","timestamp":"9:50:18 AM"}
{"level":"error","message":"LOG REFERER YTD http://localhost:4200/ ::1 string","timestamp":"9:50:53 AM"}
{"level":"error","message":"LOG REFERER YTD http://localhost:4200/ ::1 string","timestamp":"9:50:54 AM"}
{"level":"error","message":"LOG REFERER YTD http://localhost:4200/ ::1 string","timestamp":"9:50:54 AM"}
{"level":"error","message":"LOG REFERER YTD http://localhost:4200/ ::1 string","timestamp":"9:50:54 AM"}
{"level":"error","message":"LOG REFERER YTD http://localhost:4200/ ::1 string","timestamp":"9:50:54 AM"}
{"level":"error","message":"LOG REFERER YTD http://localhost:4200/ ::1 string","timestamp":"9:51:18 AM"}
{"level":"error","message":"LOG REFERER YTD http://localhost:4200/ ::1 string","timestamp":"9:51:18 AM"}
{"level":"error","message":"LOG REFERER YTD http://localhost:4200/ ::1 string","timestamp":"9:51:41 AM"}
{"level":"error","message":"LOG REFERER YTD http://localhost:4200/ ::1 string","timestamp":"9:51:41 AM"}
{"level":"error","message":"LOG REFERER YTD http://localhost:4200/ ::1 string","timestamp":"9:51:41 AM"}
{"level":"error","message":"LOG REFERER YTD http://localhost:4200/ ::1 string","timestamp":"9:51:41 AM"}
{"level":"error","message":"LOG REFERER YTD http://localhost:4200/ ::1 string","timestamp":"9:51:41 AM"}
{"level":"error","message":"LOG REFERER YTD http://localhost:4200/ ::1 string","timestamp":"9:52:18 AM"}
{"level":"error","message":"LOG REFERER YTD http://localhost:4200/ ::1 string","timestamp":"9:52:18 AM"}
{"level":"error","message":"LOG REFERER YTD http://localhost:4200/ ::1 string","timestamp":"9:53:18 AM"}
{"level":"error","message":"LOG REFERER YTD http://localhost:4200/ ::1 string","timestamp":"9:53:18 AM"}
{"level":"error","message":"LOG REFERER YTD http://localhost:4200/ ::1 string","timestamp":"9:54:18 AM"}
{"level":"error","message":"LOG REFERER YTD http://localhost:4200/ ::1 string","timestamp":"9:54:18 AM"}
{"level":"error","message":"LOG REFERER YTD http://localhost:4200/ ::1 string","timestamp":"9:55:18 AM"}
{"level":"error","message":"LOG REFERER YTD http://localhost:4200/ ::1 string","timestamp":"9:55:18 AM"}
{"level":"error","message":"LOG REFERER YTD http://localhost:4200/ ::1 string","timestamp":"9:56:18 AM"}
{"level":"error","message":"LOG REFERER YTD http://localhost:4200/ ::1 string","timestamp":"9:56:18 AM"}
{"level":"error","message":"LOG REFERER YTD http://localhost:4200/ ::1 string","timestamp":"9:57:18 AM"}
{"level":"error","message":"LOG REFERER YTD http://localhost:4200/ ::1 string","timestamp":"9:57:18 AM"}
{"level":"error","message":"LOG REFERER YTD http://localhost:4200/ ::1 string","timestamp":"9:58:18 AM"}
{"level":"error","message":"LOG REFERER YTD http://localhost:4200/ ::1 string","timestamp":"9:58:18 AM"}
{"level":"error","message":"LOG REFERER YTD http://localhost:4200/ ::1 string","timestamp":"9:59:18 AM"}
{"level":"error","message":"LOG REFERER YTD http://localhost:4200/ ::1 string","timestamp":"9:59:18 AM"}
{"level":"error","message":"LOG REFERER YTD http://localhost:4200/ ::1 string","timestamp":"10:00:18 AM"}
{"level":"error","message":"LOG REFERER YTD http://localhost:4200/ ::1 string","timestamp":"10:00:18 AM"}
{"level":"error","message":"LOG REFERER YTD http://localhost:4200/ ::1 string","timestamp":"10:01:18 AM"}
{"level":"error","message":"LOG REFERER YTD http://localhost:4200/ ::1 string","timestamp":"10:01:18 AM"}
{"level":"error","message":"LOG REFERER YTD http://localhost:4200/ ::1 string","timestamp":"10:02:18 AM"}
{"level":"error","message":"LOG REFERER YTD http://localhost:4200/ ::1 string","timestamp":"10:02:18 AM"}
{"level":"error","message":"LOG REFERER YTD http://localhost:4200/ ::1 string","timestamp":"10:03:18 AM"}
{"level":"error","message":"LOG REFERER YTD http://localhost:4200/ ::1 string","timestamp":"10:03:18 AM"}
{"level":"error","message":"LOG REFERER YTD http://localhost:4200/ ::1 string","timestamp":"10:04:18 AM"}
{"level":"error","message":"LOG REFERER YTD http://localhost:4200/ ::1 string","timestamp":"10:04:18 AM"}
{"level":"error","message":"LOG REFERER YTD http://localhost:4200/ ::1 string","timestamp":"10:05:18 AM"}
{"level":"error","message":"LOG REFERER YTD http://localhost:4200/ ::1 string","timestamp":"10:05:18 AM"}
{"level":"error","message":"LOG REFERER YTD http://localhost:4200/ ::1 string","timestamp":"10:06:18 AM"}
{"level":"error","message":"LOG REFERER YTD http://localhost:4200/ ::1 string","timestamp":"10:06:18 AM"}
{"level":"error","message":"LOG REFERER YTD http://localhost:4200/ ::1 string","timestamp":"10:07:18 AM"}
{"level":"error","message":"LOG REFERER YTD http://localhost:4200/ ::1 string","timestamp":"10:07:18 AM"}
{"level":"error","message":"LOG REFERER YTD http://localhost:4200/ ::1 string","timestamp":"10:08:18 AM"}
{"level":"error","message":"LOG REFERER YTD http://localhost:4200/ ::1 string","timestamp":"10:08:18 AM"}
{"level":"error","message":"LOG REFERER YTD http://localhost:4200/ ::1 string","timestamp":"10:09:18 AM"}
{"level":"error","message":"LOG REFERER YTD http://localhost:4200/ ::1 string","timestamp":"10:09:18 AM"}
{"level":"error","message":"LOG REFERER YTD http://localhost:4200/ ::1 string","timestamp":"10:10:18 AM"}
{"level":"error","message":"LOG REFERER YTD http://localhost:4200/ ::1 string","timestamp":"10:10:18 AM"}
{"level":"error","message":"LOG REFERER YTD http://localhost:4200/ ::1 string","timestamp":"10:11:18 AM"}
{"level":"error","message":"LOG REFERER YTD http://localhost:4200/ ::1 string","timestamp":"10:11:18 AM"}
{"level":"error","message":"LOG REFERER YTD http://localhost:4200/ ::1 string","timestamp":"10:12:18 AM"}
{"level":"error","message":"LOG REFERER YTD http://localhost:4200/ ::1 string","timestamp":"10:12:18 AM"}
{"level":"error","message":"LOG REFERER YTD http://localhost:4200/ ::1 string","timestamp":"10:13:18 AM"}
{"level":"error","message":"LOG REFERER YTD http://localhost:4200/ ::1 string","timestamp":"10:13:18 AM"}
{"level":"error","message":"LOG REFERER YTD http://localhost:4200/ ::1 string","timestamp":"10:14:18 AM"}
{"level":"error","message":"LOG REFERER YTD http://localhost:4200/ ::1 string","timestamp":"10:14:18 AM"}
{"level":"error","message":"LOG REFERER YTD http://localhost:4200/ ::1 string","timestamp":"10:15:18 AM"}
{"level":"error","message":"LOG REFERER YTD http://localhost:4200/ ::1 string","timestamp":"10:15:18 AM"}
{"level":"error","message":"LOG REFERER YTD http://localhost:4200/ ::1 string","timestamp":"10:16:18 AM"}
{"level":"error","message":"LOG REFERER YTD http://localhost:4200/ ::1 string","timestamp":"10:16:18 AM"}
{"level":"error","message":"LOG REFERER YTD http://localhost:4200/ ::1 string","timestamp":"10:17:18 AM"}
{"level":"error","message":"LOG REFERER YTD http://localhost:4200/ ::1 string","timestamp":"10:17:18 AM"}
{"level":"error","message":"LOG REFERER YTD http://localhost:4200/ ::1 string","timestamp":"10:18:18 AM"}
{"level":"error","message":"LOG REFERER YTD http://localhost:4200/ ::1 string","timestamp":"10:18:18 AM"}
{"level":"error","message":"LOG REFERER YTD http://localhost:4200/ ::1 string","timestamp":"10:19:18 AM"}
{"level":"error","message":"LOG REFERER YTD http://localhost:4200/ ::1 string","timestamp":"10:19:18 AM"}
{"level":"error","message":"LOG REFERER YTD http://localhost:4200/ ::1 string","timestamp":"10:20:18 AM"}
{"level":"error","message":"LOG REFERER YTD http://localhost:4200/ ::1 string","timestamp":"10:20:18 AM"}
{"level":"error","message":"LOG REFERER YTD http://localhost:4200/ ::1 string","timestamp":"10:21:18 AM"}
{"level":"error","message":"LOG REFERER YTD http://localhost:4200/ ::1 string","timestamp":"10:21:18 AM"}
{"level":"error","message":"LOG REFERER YTD http://localhost:4200/ ::1 string","timestamp":"10:22:18 AM"}
{"level":"error","message":"LOG REFERER YTD http://localhost:4200/ ::1 string","timestamp":"10:22:18 AM"}
{"level":"error","message":"LOG REFERER YTD http://localhost:4200/ ::1 string","timestamp":"10:23:18 AM"}
{"level":"error","message":"LOG REFERER YTD http://localhost:4200/ ::1 string","timestamp":"10:23:18 AM"}
{"level":"error","message":"LOG REFERER YTD http://localhost:4200/ ::1 string","timestamp":"10:24:18 AM"}
{"level":"error","message":"LOG REFERER YTD http://localhost:4200/ ::1 string","timestamp":"10:24:18 AM"}
{"level":"error","message":"LOG REFERER YTD http://localhost:4200/ ::1 string","timestamp":"10:25:18 AM"}
{"level":"error","message":"LOG REFERER YTD http://localhost:4200/ ::1 string","timestamp":"10:25:18 AM"}
{"level":"error","message":"LOG REFERER YTD http://localhost:4200/ ::1 string","timestamp":"10:26:18 AM"}
{"level":"error","message":"LOG REFERER YTD http://localhost:4200/ ::1 string","timestamp":"10:26:18 AM"}
{"level":"error","message":"LOG REFERER YTD http://localhost:4200/ ::1 string","timestamp":"10:27:18 AM"}
{"level":"error","message":"LOG REFERER YTD http://localhost:4200/ ::1 string","timestamp":"10:27:18 AM"}
{"level":"error","message":"LOG REFERER YTD http://localhost:4200/ ::1 string","timestamp":"10:28:18 AM"}
{"level":"error","message":"LOG REFERER YTD http://localhost:4200/ ::1 string","timestamp":"10:28:18 AM"}
{"level":"error","message":"LOG REFERER YTD http://localhost:4200/ ::1 string","timestamp":"10:29:18 AM"}
{"level":"error","message":"LOG REFERER YTD http://localhost:4200/ ::1 string","timestamp":"10:29:18 AM"}
{"level":"error","message":"LOG REFERER YTD http://localhost:4200/ ::1 string","timestamp":"10:30:18 AM"}
{"level":"error","message":"LOG REFERER YTD http://localhost:4200/ ::1 string","timestamp":"10:30:18 AM"}
{"level":"error","message":"LOG REFERER YTD http://localhost:4200/ ::1 string","timestamp":"10:31:18 AM"}
{"level":"error","message":"LOG REFERER YTD http://localhost:4200/ ::1 string","timestamp":"10:31:18 AM"}
{"level":"error","message":"LOG REFERER YTD http://localhost:4200/ ::1 string","timestamp":"10:32:18 AM"}
{"level":"error","message":"LOG REFERER YTD http://localhost:4200/ ::1 string","timestamp":"10:32:18 AM"}
{"level":"error","message":"LOG REFERER YTD http://localhost:4200/ ::1 string","timestamp":"10:33:18 AM"}
{"level":"error","message":"LOG REFERER YTD http://localhost:4200/ ::1 string","timestamp":"10:33:18 AM"}
{"level":"error","message":"LOG REFERER YTD http://localhost:4200/ ::1 string","timestamp":"10:34:18 AM"}
{"level":"error","message":"LOG REFERER YTD http://localhost:4200/ ::1 string","timestamp":"10:34:18 AM"}
{"level":"error","message":"LOG REFERER YTD http://localhost:4200/ ::1 string","timestamp":"10:35:18 AM"}
{"level":"error","message":"LOG REFERER YTD http://localhost:4200/ ::1 string","timestamp":"10:35:18 AM"}
{"level":"error","message":"LOG REFERER YTD http://localhost:4200/ ::1 string","timestamp":"10:36:18 AM"}
{"level":"error","message":"LOG REFERER YTD http://localhost:4200/ ::1 string","timestamp":"10:36:18 AM"}
{"level":"error","message":"LOG REFERER YTD http://localhost:4200/ ::1 string","timestamp":"10:37:18 AM"}
{"level":"error","message":"LOG REFERER YTD http://localhost:4200/ ::1 string","timestamp":"10:37:18 AM"}
{"level":"error","message":"LOG REFERER YTD http://localhost:4200/ ::1 string","timestamp":"10:38:18 AM"}
{"level":"error","message":"LOG REFERER YTD http://localhost:4200/ ::1 string","timestamp":"10:38:18 AM"}
{"level":"error","message":"LOG REFERER YTD http://localhost:4200/ ::1 string","timestamp":"10:39:18 AM"}
{"level":"error","message":"LOG REFERER YTD http://localhost:4200/ ::1 string","timestamp":"10:39:18 AM"}
{"level":"error","message":"LOG REFERER YTD http://localhost:4200/ ::1 string","timestamp":"10:40:18 AM"}
{"level":"error","message":"LOG REFERER YTD http://localhost:4200/ ::1 string","timestamp":"10:40:18 AM"}
{"level":"error","message":"LOG REFERER YTD http://localhost:4200/ ::1 string","timestamp":"10:41:18 AM"}
{"level":"error","message":"LOG REFERER YTD http://localhost:4200/ ::1 string","timestamp":"10:41:18 AM"}
{"level":"error","message":"LOG REFERER YTD http://localhost:4200/ ::1 string","timestamp":"10:42:18 AM"}
{"level":"error","message":"LOG REFERER YTD http://localhost:4200/ ::1 string","timestamp":"10:42:18 AM"}
{"level":"error","message":"LOG REFERER YTD http://localhost:4200/ ::1 string","timestamp":"10:43:18 AM"}
{"level":"error","message":"LOG REFERER YTD http://localhost:4200/ ::1 string","timestamp":"10:43:18 AM"}
{"level":"error","message":"LOG REFERER YTD http://localhost:4200/ ::1 string","timestamp":"10:44:18 AM"}
{"level":"error","message":"LOG REFERER YTD http://localhost:4200/ ::1 string","timestamp":"10:44:18 AM"}
{"level":"error","message":"LOG REFERER YTD http://localhost:4200/ ::1 string","timestamp":"10:45:18 AM"}
{"level":"error","message":"LOG REFERER YTD http://localhost:4200/ ::1 string","timestamp":"10:45:18 AM"}
{"level":"error","message":"LOG REFERER YTD http://localhost:4200/ ::1 string","timestamp":"10:46:18 AM"}
{"level":"error","message":"LOG REFERER YTD http://localhost:4200/ ::1 string","timestamp":"10:46:18 AM"}
{"level":"error","message":"LOG REFERER YTD http://localhost:4200/ ::1 string","timestamp":"10:47:18 AM"}
{"level":"error","message":"LOG REFERER YTD http://localhost:4200/ ::1 string","timestamp":"10:47:18 AM"}
{"level":"error","message":"LOG REFERER YTD http://localhost:4200/ ::1 string","timestamp":"10:48:18 AM"}
{"level":"error","message":"LOG REFERER YTD http://localhost:4200/ ::1 string","timestamp":"10:48:18 AM"}
{"level":"error","message":"LOG REFERER YTD http://localhost:4200/ ::1 string","timestamp":"10:49:18 AM"}
{"level":"error","message":"LOG REFERER YTD http://localhost:4200/ ::1 string","timestamp":"10:49:18 AM"}
{"level":"error","message":"LOG REFERER YTD http://localhost:4200/ ::1 string","timestamp":"10:50:18 AM"}
{"level":"error","message":"LOG REFERER YTD http://localhost:4200/ ::1 string","timestamp":"10:50:18 AM"}
{"level":"error","message":"LOG REFERER YTD http://localhost:4200/ ::1 string","timestamp":"10:51:18 AM"}
{"level":"error","message":"LOG REFERER YTD http://localhost:4200/ ::1 string","timestamp":"10:51:18 AM"}
{"level":"error","message":"LOG REFERER YTD http://localhost:4200/ ::1 string","timestamp":"10:52:21 AM"}
{"level":"error","message":"LOG REFERER YTD http://localhost:4200/ ::1 string","timestamp":"10:52:21 AM"}
{"level":"error","message":"LOG REFERER YTD http://localhost:4200/ ::1 string","timestamp":"10:53:18 AM"}
{"level":"error","message":"LOG REFERER YTD http://localhost:4200/ ::1 string","timestamp":"10:53:18 AM"}
{"level":"error","message":"LOG REFERER YTD http://localhost:4200/ ::1 string","timestamp":"10:54:18 AM"}
{"level":"error","message":"LOG REFERER YTD http://localhost:4200/ ::1 string","timestamp":"10:54:18 AM"}
{"level":"error","message":"LOG REFERER YTD http://localhost:4200/ ::1 string","timestamp":"10:55:18 AM"}
{"level":"error","message":"LOG REFERER YTD http://localhost:4200/ ::1 string","timestamp":"10:55:18 AM"}
{"level":"error","message":"LOG REFERER YTD http://localhost:4200/ ::1 string","timestamp":"10:56:18 AM"}
{"level":"error","message":"LOG REFERER YTD http://localhost:4200/ ::1 string","timestamp":"10:56:18 AM"}
{"level":"error","message":"LOG REFERER YTD http://localhost:4200/ ::1 string","timestamp":"10:57:18 AM"}
{"level":"error","message":"LOG REFERER YTD http://localhost:4200/ ::1 string","timestamp":"10:57:18 AM"}
{"level":"error","message":"LOG REFERER YTD http://localhost:4200/ ::1 string","timestamp":"10:58:18 AM"}
{"level":"error","message":"LOG REFERER YTD http://localhost:4200/ ::1 string","timestamp":"10:58:18 AM"}
{"level":"error","message":"LOG REFERER YTD http://localhost:4200/ ::1 string","timestamp":"10:59:18 AM"}
{"level":"error","message":"LOG REFERER YTD http://localhost:4200/ ::1 string","timestamp":"10:59:18 AM"}
{"level":"error","message":"LOG REFERER YTD http://localhost:4200/ ::1 string","timestamp":"11:00:18 AM"}
{"level":"error","message":"LOG REFERER YTD http://localhost:4200/ ::1 string","timestamp":"11:00:18 AM"}
{"level":"error","message":"LOG REFERER YTD http://localhost:4200/ ::1 string","timestamp":"11:01:18 AM"}
{"level":"error","message":"LOG REFERER YTD http://localhost:4200/ ::1 string","timestamp":"11:01:18 AM"}
{"level":"error","message":"LOG REFERER YTD http://localhost:4200/ ::1 string","timestamp":"11:02:18 AM"}
{"level":"error","message":"LOG REFERER YTD http://localhost:4200/ ::1 string","timestamp":"11:02:18 AM"}
{"level":"error","message":"LOG REFERER YTD http://localhost:4200/ ::1 string","timestamp":"11:03:18 AM"}
{"level":"error","message":"LOG REFERER YTD http://localhost:4200/ ::1 string","timestamp":"11:03:18 AM"}
{"level":"error","message":"LOG REFERER YTD http://localhost:4200/ ::1 string","timestamp":"11:04:18 AM"}
{"level":"error","message":"LOG REFERER YTD http://localhost:4200/ ::1 string","timestamp":"11:04:18 AM"}
{"level":"error","message":"LOG REFERER YTD http://localhost:4200/ ::1 string","timestamp":"11:05:18 AM"}
{"level":"error","message":"LOG REFERER YTD http://localhost:4200/ ::1 string","timestamp":"11:05:18 AM"}
{"level":"error","message":"LOG REFERER YTD http://localhost:4200/ ::1 string","timestamp":"11:06:18 AM"}
{"level":"error","message":"LOG REFERER YTD http://localhost:4200/ ::1 string","timestamp":"11:06:18 AM"}
{"level":"error","message":"LOG REFERER YTD http://localhost:4200/ ::1 string","timestamp":"11:07:18 AM"}
{"level":"error","message":"LOG REFERER YTD http://localhost:4200/ ::1 string","timestamp":"11:07:18 AM"}
{"level":"error","message":"LOG REFERER YTD http://localhost:4200/ ::1 string","timestamp":"11:08:18 AM"}
{"level":"error","message":"LOG REFERER YTD http://localhost:4200/ ::1 string","timestamp":"11:08:18 AM"}
{"level":"error","message":"LOG REFERER YTD http://localhost:4200/ ::1 string","timestamp":"11:09:18 AM"}
{"level":"error","message":"LOG REFERER YTD http://localhost:4200/ ::1 string","timestamp":"11:09:18 AM"}
{"level":"error","message":"LOG REFERER YTD http://localhost:4200/ ::1 string","timestamp":"11:10:18 AM"}
{"level":"error","message":"LOG REFERER YTD http://localhost:4200/ ::1 string","timestamp":"11:10:18 AM"}
{"level":"error","message":"LOG REFERER YTD http://localhost:4200/ ::1 string","timestamp":"11:11:18 AM"}
{"level":"error","message":"LOG REFERER YTD http://localhost:4200/ ::1 string","timestamp":"11:11:18 AM"}
{"level":"error","message":"LOG REFERER YTD http://localhost:4200/ ::1 string","timestamp":"11:12:18 AM"}
{"level":"error","message":"LOG REFERER YTD http://localhost:4200/ ::1 string","timestamp":"11:12:18 AM"}
{"level":"error","message":"LOG REFERER YTD http://localhost:4200/ ::1 string","timestamp":"11:13:18 AM"}
{"level":"error","message":"LOG REFERER YTD http://localhost:4200/ ::1 string","timestamp":"11:13:18 AM"}
{"level":"error","message":"LOG REFERER YTD http://localhost:4200/ ::1 string","timestamp":"11:14:18 AM"}
{"level":"error","message":"LOG REFERER YTD http://localhost:4200/ ::1 string","timestamp":"11:14:18 AM"}
{"level":"error","message":"LOG REFERER YTD http://localhost:4200/ ::1 string","timestamp":"11:15:18 AM"}
{"level":"error","message":"LOG REFERER YTD http://localhost:4200/ ::1 string","timestamp":"11:15:19 AM"}
{"level":"error","message":"LOG REFERER YTD http://localhost:4200/ ::1 string","timestamp":"11:16:19 AM"}
{"level":"error","message":"LOG REFERER YTD http://localhost:4200/ ::1 string","timestamp":"11:16:19 AM"}
{"level":"error","message":"LOG REFERER YTD http://localhost:4200/ ::1 string","timestamp":"11:17:18 AM"}
{"level":"error","message":"LOG REFERER YTD http://localhost:4200/ ::1 string","timestamp":"11:17:18 AM"}
{"level":"error","message":"LOG REFERER YTD http://localhost:4200/ ::1 string","timestamp":"11:18:18 AM"}
{"level":"error","message":"LOG REFERER YTD http://localhost:4200/ ::1 string","timestamp":"11:18:18 AM"}
{"level":"error","message":"LOG REFERER YTD http://localhost:4200/ ::1 string","timestamp":"11:19:18 AM"}
{"level":"error","message":"LOG REFERER YTD http://localhost:4200/ ::1 string","timestamp":"11:19:18 AM"}
{"level":"error","message":"LOG REFERER YTD http://localhost:4200/ ::1 string","timestamp":"11:20:18 AM"}
{"level":"error","message":"LOG REFERER YTD http://localhost:4200/ ::1 string","timestamp":"11:20:18 AM"}
{"level":"error","message":"LOG REFERER YTD http://localhost:4200/ ::1 string","timestamp":"11:21:18 AM"}
{"level":"error","message":"LOG REFERER YTD http://localhost:4200/ ::1 string","timestamp":"11:21:18 AM"}
{"level":"error","message":"LOG REFERER YTD http://localhost:4200/ ::1 string","timestamp":"11:22:18 AM"}
{"level":"error","message":"LOG REFERER YTD http://localhost:4200/ ::1 string","timestamp":"11:22:18 AM"}
{"level":"error","message":"LOG REFERER YTD http://localhost:4200/ ::1 string","timestamp":"11:23:18 AM"}
{"level":"error","message":"LOG REFERER YTD http://localhost:4200/ ::1 string","timestamp":"11:23:18 AM"}
{"level":"error","message":"LOG REFERER YTD http://localhost:4200/ ::1 string","timestamp":"11:24:18 AM"}
{"level":"error","message":"LOG REFERER YTD http://localhost:4200/ ::1 string","timestamp":"11:24:18 AM"}
{"level":"error","message":"LOG REFERER YTD http://localhost:4200/ ::1 string","timestamp":"11:25:19 AM"}
{"level":"error","message":"LOG REFERER YTD http://localhost:4200/ ::1 string","timestamp":"11:25:19 AM"}
{"level":"error","message":"LOG REFERER YTD http://localhost:4200/ ::1 string","timestamp":"11:26:18 AM"}
{"level":"error","message":"LOG REFERER YTD http://localhost:4200/ ::1 string","timestamp":"11:26:18 AM"}
{"level":"error","message":"LOG REFERER YTD http://localhost:4200/ ::1 string","timestamp":"11:27:18 AM"}
{"level":"error","message":"LOG REFERER YTD http://localhost:4200/ ::1 string","timestamp":"11:27:18 AM"}
{"level":"error","message":"LOG REFERER YTD http://localhost:4200/ ::1 string","timestamp":"11:28:18 AM"}
{"level":"error","message":"LOG REFERER YTD http://localhost:4200/ ::1 string","timestamp":"11:28:18 AM"}
{"level":"error","message":"LOG REFERER YTD http://localhost:4200/ ::1 string","timestamp":"11:29:35 AM"}
{"level":"error","message":"LOG REFERER YTD http://localhost:4200/ ::1 string","timestamp":"11:29:35 AM"}
{"level":"error","message":"LOG REFERER YTD http://localhost:4200/ ::1 string","timestamp":"11:30:19 AM"}
{"level":"error","message":"LOG REFERER YTD http://localhost:4200/ ::1 string","timestamp":"11:30:19 AM"}
{"level":"error","message":"LOG REFERER YTD http://localhost:4200/ ::1 string","timestamp":"11:31:18 AM"}
{"level":"error","message":"LOG REFERER YTD http://localhost:4200/ ::1 string","timestamp":"11:31:18 AM"}
{"level":"error","message":"LOG REFERER YTD http://localhost:4200/ ::1 string","timestamp":"11:32:18 AM"}
{"level":"error","message":"LOG REFERER YTD http://localhost:4200/ ::1 string","timestamp":"11:32:18 AM"}
{"level":"error","message":"LOG REFERER YTD http://localhost:4200/ ::1 string","timestamp":"11:33:18 AM"}
{"level":"error","message":"LOG REFERER YTD http://localhost:4200/ ::1 string","timestamp":"11:33:18 AM"}
{"level":"error","message":"LOG REFERER YTD http://localhost:4200/ ::1 string","timestamp":"12:36:14 PM"}
{"level":"error","message":"LOG REFERER YTD http://localhost:4200/ ::1 string","timestamp":"12:36:15 PM"}
{"level":"error","message":"LOG REFERER YTD http://localhost:4200/ ::1 string","timestamp":"12:36:15 PM"}
{"level":"error","message":"LOG REFERER YTD http://localhost:4200/ ::1 string","timestamp":"12:36:15 PM"}
{"level":"error","message":"LOG REFERER YTD http://localhost:4200/ ::1 string","timestamp":"12:36:15 PM"}
{"level":"error","message":"LOG REFERER YTD http://localhost:4200/ ::1 string","timestamp":"12:36:18 PM"}
{"level":"error","message":"LOG REFERER YTD http://localhost:4200/ ::1 string","timestamp":"12:36:18 PM"}
{"level":"error","message":"LOG REFERER YTD undefined ::ffff:127.0.0.1 undefined","timestamp":"12:36:19 PM"}
{"level":"error","message":"LOG REFERER YTD http://localhost:4200/ ::1 string","timestamp":"12:36:19 PM"}
{"level":"error","message":"LOG REFERER YTD http://localhost:4200/ ::1 string","timestamp":"12:36:19 PM"}
{"level":"error","message":"LOG REFERER YTD http://localhost:4200/ ::1 string","timestamp":"12:36:19 PM"}
{"level":"error","message":"LOG REFERER YTD http://localhost:4200/ ::1 string","timestamp":"12:36:22 PM"}
{"level":"error","message":"LOG REFERER YTD undefined ::ffff:127.0.0.1 undefined","timestamp":"12:36:22 PM"}
{"level":"error","message":"LOG REFERER YTD http://localhost:4200/ ::1 string","timestamp":"12:36:23 PM"}
{"level":"error","message":"LOG REFERER YTD http://localhost:4200/ ::1 string","timestamp":"12:36:23 PM"}
{"level":"error","message":"LOG REFERER YTD http://localhost:4200/ ::1 string","timestamp":"12:36:23 PM"}
{"level":"error","message":"LOG REFERER YTD http://localhost:4200/ ::1 string","timestamp":"12:36:26 PM"}
{"level":"error","message":"LOG REFERER YTD http://localhost:4200/ ::1 string","timestamp":"12:36:26 PM"}
{"level":"error","message":"LOG REFERER YTD undefined ::ffff:127.0.0.1 undefined","timestamp":"12:36:26 PM"}
{"level":"error","message":"LOG REFERER YTD http://localhost:4200/ ::1 string","timestamp":"12:36:27 PM"}
{"level":"error","message":"LOG REFERER YTD http://localhost:4200/ ::1 string","timestamp":"12:36:27 PM"}
{"level":"error","message":"LOG REFERER YTD http://localhost:4200/ ::1 string","timestamp":"12:36:27 PM"}
{"level":"error","message":"LOG REFERER YTD http://localhost:4200/ ::1 string","timestamp":"12:36:30 PM"}
{"level":"error","message":"LOG REFERER YTD undefined ::ffff:127.0.0.1 undefined","timestamp":"12:36:30 PM"}
{"level":"error","message":"LOG REFERER YTD http://localhost:4200/ ::1 string","timestamp":"12:36:31 PM"}
{"level":"error","message":"LOG REFERER YTD http://localhost:4200/ ::1 string","timestamp":"12:36:31 PM"}
{"level":"error","message":"LOG REFERER YTD http://localhost:4200/ ::1 string","timestamp":"12:36:31 PM"}
{"level":"error","message":"LOG REFERER YTD http://localhost:4200/ ::1 string","timestamp":"12:36:45 PM"}
{"level":"error","message":"LOG REFERER YTD http://localhost:4200/ ::1 string","timestamp":"12:36:45 PM"}
{"level":"error","message":"LOG REFERER YTD http://localhost:4200/ ::1 string","timestamp":"12:37:15 PM"}
{"level":"error","message":"LOG REFERER YTD http://localhost:4200/ ::1 string","timestamp":"12:37:15 PM"}
{"level":"error","message":"LOG REFERER YTD http://localhost:4200/ ::1 string","timestamp":"12:37:45 PM"}
{"level":"error","message":"LOG REFERER YTD http://localhost:4200/ ::1 string","timestamp":"12:37:45 PM"}
{"level":"error","message":"LOG REFERER YTD http://localhost:4200/ ::1 string","timestamp":"12:38:15 PM"}
{"level":"error","message":"LOG REFERER YTD http://localhost:4200/ ::1 string","timestamp":"12:38:15 PM"}
{"level":"error","message":"LOG REFERER YTD http://localhost:4200/ ::1 string","timestamp":"12:38:45 PM"}
{"level":"error","message":"LOG REFERER YTD http://localhost:4200/ ::1 string","timestamp":"12:38:45 PM"}
{"level":"error","message":"LOG REFERER YTD http://localhost:4200/ ::1 string","timestamp":"12:39:15 PM"}
{"level":"error","message":"LOG REFERER YTD http://localhost:4200/ ::1 string","timestamp":"12:39:15 PM"}
{"level":"error","message":"LOG REFERER YTD http://localhost:4200/ ::1 string","timestamp":"12:39:45 PM"}
{"level":"error","message":"LOG REFERER YTD http://localhost:4200/ ::1 string","timestamp":"12:39:45 PM"}
{"level":"error","message":"LOG REFERER YTD http://localhost:4200/ ::1 string","timestamp":"12:40:15 PM"}
{"level":"error","message":"LOG REFERER YTD http://localhost:4200/ ::1 string","timestamp":"12:40:15 PM"}
{"level":"error","message":"LOG REFERER YTD http://localhost:4200/ ::1 string","timestamp":"12:40:45 PM"}
{"level":"error","message":"LOG REFERER YTD http://localhost:4200/ ::1 string","timestamp":"12:40:45 PM"}
{"level":"error","message":"LOG REFERER YTD http://localhost:4200/ ::1 string","timestamp":"12:41:15 PM"}
{"level":"error","message":"LOG REFERER YTD http://localhost:4200/ ::1 string","timestamp":"12:41:15 PM"}
{"level":"error","message":"LOG REFERER YTD http://localhost:4200/ ::1 string","timestamp":"12:41:45 PM"}
{"level":"error","message":"LOG REFERER YTD http://localhost:4200/ ::1 string","timestamp":"12:41:45 PM"}
{"level":"error","message":"LOG REFERER YTD http://localhost:4200/ ::1 string","timestamp":"12:42:14 PM"}
{"level":"error","message":"LOG REFERER YTD http://localhost:4200/ ::1 string","timestamp":"12:42:14 PM"}
{"level":"error","message":"LOG REFERER YTD http://localhost:4200/ ::1 string","timestamp":"12:42:45 PM"}
{"level":"error","message":"LOG REFERER YTD http://localhost:4200/ ::1 string","timestamp":"12:42:45 PM"}
{"level":"error","message":"LOG REFERER YTD http://localhost:4200/ ::1 string","timestamp":"12:43:15 PM"}
{"level":"error","message":"LOG REFERER YTD http://localhost:4200/ ::1 string","timestamp":"12:43:15 PM"}
{"level":"error","message":"LOG REFERER YTD http://localhost:4200/ ::1 string","timestamp":"12:43:45 PM"}
{"level":"error","message":"LOG REFERER YTD http://localhost:4200/ ::1 string","timestamp":"12:43:45 PM"}
{"level":"error","message":"LOG REFERER YTD http://localhost:4200/ ::1 string","timestamp":"12:44:15 PM"}
{"level":"error","message":"LOG REFERER YTD http://localhost:4200/ ::1 string","timestamp":"12:44:15 PM"}
{"level":"error","message":"LOG REFERER YTD http://localhost:4200/ ::1 string","timestamp":"12:44:45 PM"}
{"level":"error","message":"LOG REFERER YTD http://localhost:4200/ ::1 string","timestamp":"12:44:45 PM"}
{"level":"error","message":"LOG REFERER YTD http://localhost:4200/ ::1 string","timestamp":"12:45:15 PM"}
{"level":"error","message":"LOG REFERER YTD http://localhost:4200/ ::1 string","timestamp":"12:45:15 PM"}
{"level":"error","message":"LOG REFERER YTD http://localhost:4200/ ::1 string","timestamp":"12:45:45 PM"}
{"level":"error","message":"LOG REFERER YTD http://localhost:4200/ ::1 string","timestamp":"12:45:45 PM"}
{"level":"error","message":"LOG REFERER YTD http://localhost:4200/ ::1 string","timestamp":"12:46:15 PM"}
{"level":"error","message":"LOG REFERER YTD http://localhost:4200/ ::1 string","timestamp":"12:46:15 PM"}
{"level":"error","message":"LOG REFERER YTD http://localhost:4200/ ::1 string","timestamp":"12:46:45 PM"}
{"level":"error","message":"LOG REFERER YTD http://localhost:4200/ ::1 string","timestamp":"12:46:45 PM"}
{"level":"error","message":"LOG REFERER YTD http://localhost:4200/ ::1 string","timestamp":"12:47:15 PM"}
{"level":"error","message":"LOG REFERER YTD http://localhost:4200/ ::1 string","timestamp":"12:47:15 PM"}
{"level":"error","message":"LOG REFERER YTD http://localhost:4200/ ::1 string","timestamp":"12:48:16 PM"}
{"level":"error","message":"LOG REFERER YTD http://localhost:4200/ ::1 string","timestamp":"12:48:16 PM"}
{"level":"error","message":"LOG REFERER YTD http://localhost:4200/ ::1 string","timestamp":"12:49:17 PM"}
{"level":"error","message":"LOG REFERER YTD http://localhost:4200/ ::1 string","timestamp":"12:49:17 PM"}
{"level":"error","message":"LOG REFERER YTD http://localhost:4200/ ::1 string","timestamp":"12:50:19 PM"}
{"level":"error","message":"LOG REFERER YTD http://localhost:4200/ ::1 string","timestamp":"12:50:19 PM"}
{"level":"error","message":"LOG REFERER YTD http://localhost:4200/ ::1 string","timestamp":"12:51:18 PM"}
{"level":"error","message":"LOG REFERER YTD http://localhost:4200/ ::1 string","timestamp":"12:51:18 PM"}
{"level":"error","message":"LOG REFERER YTD http://localhost:4200/ ::1 string","timestamp":"12:52:18 PM"}
{"level":"error","message":"LOG REFERER YTD http://localhost:4200/ ::1 string","timestamp":"12:52:18 PM"}
{"level":"error","message":"LOG REFERER YTD http://localhost:4200/ ::1 string","timestamp":"12:53:18 PM"}
{"level":"error","message":"LOG REFERER YTD http://localhost:4200/ ::1 string","timestamp":"12:53:18 PM"}
{"level":"error","message":"LOG REFERER YTD http://localhost:4200/ ::1 string","timestamp":"12:54:18 PM"}
{"level":"error","message":"LOG REFERER YTD http://localhost:4200/ ::1 string","timestamp":"12:54:18 PM"}
{"level":"error","message":"LOG REFERER YTD http://localhost:4200/ ::1 string","timestamp":"12:55:18 PM"}
{"level":"error","message":"LOG REFERER YTD http://localhost:4200/ ::1 string","timestamp":"12:55:18 PM"}
{"level":"error","message":"LOG REFERER YTD http://localhost:4200/ ::1 string","timestamp":"12:56:18 PM"}
{"level":"error","message":"LOG REFERER YTD http://localhost:4200/ ::1 string","timestamp":"12:56:18 PM"}
{"level":"error","message":"LOG REFERER YTD http://localhost:4200/ ::1 string","timestamp":"12:57:18 PM"}
{"level":"error","message":"LOG REFERER YTD http://localhost:4200/ ::1 string","timestamp":"12:57:18 PM"}
{"level":"error","message":"LOG REFERER YTD http://localhost:4200/ ::1 string","timestamp":"12:58:18 PM"}
{"level":"error","message":"LOG REFERER YTD http://localhost:4200/ ::1 string","timestamp":"12:58:18 PM"}
{"level":"error","message":"LOG REFERER YTD http://localhost:4200/ ::1 string","timestamp":"12:59:18 PM"}
{"level":"error","message":"LOG REFERER YTD http://localhost:4200/ ::1 string","timestamp":"12:59:18 PM"}
{"level":"error","message":"LOG REFERER YTD http://localhost:4200/ ::1 string","timestamp":"1:00:18 PM"}
{"level":"error","message":"LOG REFERER YTD http://localhost:4200/ ::1 string","timestamp":"1:00:18 PM"}
{"level":"error","message":"LOG REFERER YTD http://localhost:4200/ ::1 string","timestamp":"1:01:18 PM"}
{"level":"error","message":"LOG REFERER YTD http://localhost:4200/ ::1 string","timestamp":"1:01:18 PM"}
{"level":"error","message":"LOG REFERER YTD http://localhost:4200/ ::1 string","timestamp":"1:02:18 PM"}
{"level":"error","message":"LOG REFERER YTD http://localhost:4200/ ::1 string","timestamp":"1:02:18 PM"}
{"level":"error","message":"LOG REFERER YTD http://localhost:4200/ ::1 string","timestamp":"1:03:18 PM"}
{"level":"error","message":"LOG REFERER YTD http://localhost:4200/ ::1 string","timestamp":"1:03:18 PM"}
{"level":"error","message":"LOG REFERER YTD http://localhost:4200/ ::1 string","timestamp":"1:04:18 PM"}
{"level":"error","message":"LOG REFERER YTD http://localhost:4200/ ::1 string","timestamp":"1:04:18 PM"}
{"level":"error","message":"LOG REFERER YTD http://localhost:4200/ ::1 string","timestamp":"1:05:18 PM"}
{"level":"error","message":"LOG REFERER YTD http://localhost:4200/ ::1 string","timestamp":"1:05:18 PM"}
{"level":"error","message":"LOG REFERER YTD http://localhost:4200/ ::1 string","timestamp":"1:06:18 PM"}
{"level":"error","message":"LOG REFERER YTD http://localhost:4200/ ::1 string","timestamp":"1:06:18 PM"}
{"level":"error","message":"LOG REFERER YTD http://localhost:4200/ ::1 string","timestamp":"1:07:18 PM"}
{"level":"error","message":"LOG REFERER YTD http://localhost:4200/ ::1 string","timestamp":"1:07:18 PM"}
{"level":"error","message":"LOG REFERER YTD http://localhost:4200/ ::1 string","timestamp":"1:08:18 PM"}
{"level":"error","message":"LOG REFERER YTD http://localhost:4200/ ::1 string","timestamp":"1:08:18 PM"}
{"level":"error","message":"LOG REFERER YTD http://localhost:4200/ ::1 string","timestamp":"1:09:18 PM"}
{"level":"error","message":"LOG REFERER YTD http://localhost:4200/ ::1 string","timestamp":"1:09:18 PM"}
{"level":"error","message":"LOG REFERER YTD http://localhost:4200/ ::1 string","timestamp":"1:10:18 PM"}
{"level":"error","message":"LOG REFERER YTD http://localhost:4200/ ::1 string","timestamp":"1:10:18 PM"}
{"level":"error","message":"LOG REFERER YTD http://localhost:4200/ ::1 string","timestamp":"1:11:18 PM"}
{"level":"error","message":"LOG REFERER YTD http://localhost:4200/ ::1 string","timestamp":"1:11:18 PM"}
{"level":"error","message":"LOG REFERER YTD http://localhost:4200/ ::1 string","timestamp":"1:12:19 PM"}
{"level":"error","message":"LOG REFERER YTD http://localhost:4200/ ::1 string","timestamp":"1:12:19 PM"}
{"level":"error","message":"LOG REFERER YTD http://localhost:4200/ ::1 string","timestamp":"1:13:18 PM"}
{"level":"error","message":"LOG REFERER YTD http://localhost:4200/ ::1 string","timestamp":"1:13:18 PM"}
{"level":"error","message":"LOG REFERER YTD http://localhost:4200/ ::1 string","timestamp":"1:14:18 PM"}
{"level":"error","message":"LOG REFERER YTD http://localhost:4200/ ::1 string","timestamp":"1:14:18 PM"}
{"level":"error","message":"LOG REFERER YTD http://localhost:4200/ ::1 string","timestamp":"1:15:18 PM"}
{"level":"error","message":"LOG REFERER YTD http://localhost:4200/ ::1 string","timestamp":"1:15:18 PM"}
{"level":"error","message":"LOG REFERER YTD http://localhost:4200/ ::1 string","timestamp":"1:16:18 PM"}
{"level":"error","message":"LOG REFERER YTD http://localhost:4200/ ::1 string","timestamp":"1:16:18 PM"}
{"level":"error","message":"LOG REFERER YTD http://localhost:4200/ ::1 string","timestamp":"1:17:18 PM"}
{"level":"error","message":"LOG REFERER YTD http://localhost:4200/ ::1 string","timestamp":"1:17:18 PM"}
{"level":"error","message":"LOG REFERER YTD http://localhost:4200/ ::1 string","timestamp":"1:18:18 PM"}
{"level":"error","message":"LOG REFERER YTD http://localhost:4200/ ::1 string","timestamp":"1:18:18 PM"}
{"level":"error","message":"LOG REFERER YTD http://localhost:4200/ ::1 string","timestamp":"1:19:18 PM"}
{"level":"error","message":"LOG REFERER YTD http://localhost:4200/ ::1 string","timestamp":"1:19:18 PM"}
{"level":"error","message":"LOG REFERER YTD http://localhost:4200/ ::1 string","timestamp":"1:20:18 PM"}
{"level":"error","message":"LOG REFERER YTD http://localhost:4200/ ::1 string","timestamp":"1:20:18 PM"}
{"level":"error","message":"LOG REFERER YTD http://localhost:4200/ ::1 string","timestamp":"1:21:18 PM"}
{"level":"error","message":"LOG REFERER YTD http://localhost:4200/ ::1 string","timestamp":"1:21:18 PM"}
{"level":"error","message":"LOG REFERER YTD http://localhost:4200/ ::1 string","timestamp":"1:22:18 PM"}
{"level":"error","message":"LOG REFERER YTD http://localhost:4200/ ::1 string","timestamp":"1:22:18 PM"}
{"level":"error","message":"LOG REFERER YTD http://localhost:4200/ ::1 string","timestamp":"1:23:18 PM"}
{"level":"error","message":"LOG REFERER YTD http://localhost:4200/ ::1 string","timestamp":"1:23:18 PM"}
{"level":"error","message":"LOG REFERER YTD http://localhost:4200/ ::1 string","timestamp":"1:24:18 PM"}
{"level":"error","message":"LOG REFERER YTD http://localhost:4200/ ::1 string","timestamp":"1:24:18 PM"}
{"level":"error","message":"LOG REFERER YTD http://localhost:4200/ ::1 string","timestamp":"1:25:18 PM"}
{"level":"error","message":"LOG REFERER YTD http://localhost:4200/ ::1 string","timestamp":"1:25:18 PM"}
{"level":"error","message":"LOG REFERER YTD http://localhost:4200/ ::1 string","timestamp":"1:26:18 PM"}
{"level":"error","message":"LOG REFERER YTD http://localhost:4200/ ::1 string","timestamp":"1:26:18 PM"}
{"level":"error","message":"LOG REFERER YTD http://localhost:4200/ ::1 string","timestamp":"1:27:18 PM"}
{"level":"error","message":"LOG REFERER YTD http://localhost:4200/ ::1 string","timestamp":"1:27:18 PM"}
{"level":"error","message":"LOG REFERER YTD http://localhost:4200/ ::1 string","timestamp":"1:28:18 PM"}
{"level":"error","message":"LOG REFERER YTD http://localhost:4200/ ::1 string","timestamp":"1:28:18 PM"}
{"level":"error","message":"LOG REFERER YTD http://localhost:4200/ ::1 string","timestamp":"1:29:18 PM"}
{"level":"error","message":"LOG REFERER YTD http://localhost:4200/ ::1 string","timestamp":"1:29:18 PM"}
{"level":"error","message":"LOG REFERER YTD http://localhost:4200/ ::1 string","timestamp":"1:30:18 PM"}
{"level":"error","message":"LOG REFERER YTD http://localhost:4200/ ::1 string","timestamp":"1:30:18 PM"}
{"level":"error","message":"LOG REFERER YTD http://localhost:4200/ ::1 string","timestamp":"1:31:18 PM"}
{"level":"error","message":"LOG REFERER YTD http://localhost:4200/ ::1 string","timestamp":"1:31:18 PM"}
{"level":"error","message":"LOG REFERER YTD http://localhost:4200/ ::1 string","timestamp":"1:32:18 PM"}
{"level":"error","message":"LOG REFERER YTD http://localhost:4200/ ::1 string","timestamp":"1:32:18 PM"}
{"level":"error","message":"LOG REFERER YTD http://localhost:4200/ ::1 string","timestamp":"1:33:19 PM"}
{"level":"error","message":"LOG REFERER YTD http://localhost:4200/ ::1 string","timestamp":"1:33:19 PM"}
{"level":"error","message":"LOG REFERER YTD http://localhost:4200/ ::1 string","timestamp":"1:34:18 PM"}
{"level":"error","message":"LOG REFERER YTD http://localhost:4200/ ::1 string","timestamp":"1:34:18 PM"}
