{"level":"info","message":"$$$$$$$$$$$$$$$$$$$$$$$$","timestamp":"2:37:36 PM"}
{"meta":"","level":"info","message":"","timestamp":"2:37:36 PM"}
{"level":"info","message":"Production Environment is Listening on port 3000","timestamp":"2:37:36 PM"}
{"level":"info","message":"Web URL : http://localhost:3000","timestamp":"2:37:36 PM"}
{"meta":"","level":"info","message":"","timestamp":"2:37:36 PM"}
{"level":"info","message":"$$$$$$$$$$$$$$$$$$$$$$$$","timestamp":"2:37:36 PM"}
{"meta":"","level":"info","message":"","timestamp":"2:37:36 PM"}
{"level":"info","message":"The file was saved!","timestamp":"3:24:23 PM"}
{"level":"info","message":"Client_Details { Platform: 'Website',\n  Role: 'LMClient',\n  Integration_Type: 'NonPOSP',\n  Premium_Source: 'Real',\n  __v: 0,\n  Response_Type: 'QUOTE',\n  Client_Name: 'PolicyBoss',\n  Client_Unique_Id: 'CLIENT-CNTP6NYE-CU9N-DUZW-CSPI-SH1IS4DOVHB9',\n  Secret_Key: 'SECRET-HZ07QRWY-JIBT-XRMQ-ZP95-J0RWP3DYRACW',\n  Created_On: '2017-05-17T12:55:14.111Z',\n  Is_Active: true,\n  Modified_On: '2017-05-17T12:55:14.111Z',\n  Client_Id: 2,\n  _id: '591c48321cc1042aec9ee6c9' }","timestamp":"3:24:23 PM"}
{"level":"info","message":"OriginalRequest { api_reference_number: 'ARN-ALQFB4TE-5L0D-UNSH-SSXW-MXLISBZSMXUL',\n  search_reference_number: 'SRN-OYVWCTGG-XFD0-CG16-PXWM-JZN9KEQMLY8L',\n  execution_async: 'no',\n  insurer_id: 20,\n  method_type: 'Verification',\n  pg_url: 'http://localhost:50111/payment/transaction_status',\n  pg_get: {},\n  pg_post: \n   { returnMessage: 'rRA7l4o1SGn6Lae+XhSYct70eBZ+zzTN3703wXFXtdmqz4VHYu2l/vl+bi19gCfYaWYhnmKZe+nbTukDXFwqlbCWoNm9s7SclIwjAuocNpXGfvFTJYU6osbNewpOXNla0RwQBqIuWzX4/B3c17mmHENO0hU3OYZtg67e5NS5GOlHQSBYsVwn44aBTxOYSWYr6qdxvgy7YdPQYo8AdPKmug==',\n     paymentGateway: '2sAAyPVAhdabVvF03m9cGg==',\n     tempstring: 'pN3bd5s3KM2ftotyqHzvQQ==',\n     paymentTypeDesc: 'pN3bd5s3KM2ftotyqHzvQQ==',\n     bankNameDesc: 'pN3bd5s3KM2ftotyqHzvQQ==',\n     uniqueSalesId: '0' },\n  pg_redirect_mode: 'POST',\n  secret_key: 'SECRET-HZ07QRWY-JIBT-XRMQ-ZP95-J0RWP3DYRACW',\n  client_key: 'CLIENT-CNTP6NYE-CU9N-DUZW-CSPI-SH1IS4DOVHB9' }","timestamp":"3:24:23 PM"}
{"level":"info","message":"Client_Id 2 2","timestamp":"3:24:24 PM"}
{"level":"info","message":"Health::product_api_pre::Start","timestamp":"3:24:24 PM"}
{"level":"info","message":"Health child_count Start","timestamp":"3:24:24 PM"}
{"level":"info","message":"Health adult_count Start","timestamp":"3:24:24 PM"}
{"level":"info","message":"Health get_member_age Start","timestamp":"3:24:24 PM"}
{"level":"info","message":"Health get_member_birth_date Start","timestamp":"3:24:24 PM"}
{"level":"info","message":"Health get_member_birth_date Start","timestamp":"3:24:24 PM"}
{"level":"info","message":"Health get_member_age Start","timestamp":"3:24:24 PM"}
{"level":"info","message":"Health get_member_birth_date Start","timestamp":"3:24:24 PM"}
{"level":"info","message":"Health get_member_birth_date Start","timestamp":"3:24:24 PM"}
{"level":"info","message":"Start Health elder_member_age","timestamp":"3:24:24 PM"}
{"level":"info","message":"Start Health elder_member_age_in_months","timestamp":"3:24:24 PM"}
{"level":"info","message":"Health get_member_birth_date Start","timestamp":"3:24:24 PM"}
{"level":"info","message":"Health get_member_birth_date Start","timestamp":"3:24:24 PM"}
{"level":"info","message":"Health get_member_birth_date Start","timestamp":"3:24:24 PM"}
{"level":"info","message":"Start Health elder_member_age_in_months","timestamp":"3:24:24 PM"}
{"level":"info","message":"Health get_member_birth_date Start","timestamp":"3:24:24 PM"}
{"level":"info","message":"Health get_member_birth_date Start","timestamp":"3:24:24 PM"}
{"level":"info","message":"Health policy_start_date Start","timestamp":"3:24:24 PM"}
{"level":"info","message":"Health policy_start_date Finish 2022-09-14","timestamp":"3:24:24 PM"}
{"level":"info","message":"Start Health policy_end_date","timestamp":"3:24:24 PM"}
{"level":"info","message":"Finish Health policy_end_date 2023-09-13","timestamp":"3:24:24 PM"}
{"level":"info","message":"Health::product_api_pre::Finish","timestamp":"3:24:24 PM"}
{"level":"info","message":"IciciLombardHealth is_valid_plan start","timestamp":"3:24:24 PM"}
{"level":"info","message":"IciciLombardHealth is_valid_plan start","timestamp":"3:24:24 PM"}
{"level":"info","message":"IciciLombardHealth is_valid_plan start","timestamp":"3:24:24 PM"}
{"level":"info","message":"IciciLombardHealth is_valid_plan start","timestamp":"3:24:24 PM"}
{"level":"info","message":"IciciLombardHealth is_valid_plan start","timestamp":"3:24:24 PM"}
{"level":"info","message":"ApolloMunichHealth is_valid_plan start","timestamp":"3:24:24 PM"}
{"level":"info","message":"ApolloMunichHealth is_valid_plan start","timestamp":"3:24:24 PM"}
{"level":"info","message":"ApolloMunichHealth is_valid_plan start","timestamp":"3:24:24 PM"}
{"level":"info","message":"ApolloMunichHealth is_valid_plan start","timestamp":"3:24:24 PM"}
{"level":"info","message":"ApolloMunichHealth is_valid_plan start","timestamp":"3:24:24 PM"}
{"level":"info","message":"ApolloMunichHealth is_valid_plan start","timestamp":"3:24:24 PM"}
{"level":"info","message":"ApolloMunichHealth is_valid_plan start","timestamp":"3:24:24 PM"}
{"level":"info","message":"ApolloMunichHealth is_valid_plan start","timestamp":"3:24:24 PM"}
{"level":"info","message":"ReligareHealth is_valid_plan start","timestamp":"3:24:24 PM"}
{"level":"info","message":"ReligareHealth is_valid_plan start","timestamp":"3:24:24 PM"}
{"level":"info","message":"ReligareHealth is_valid_plan start","timestamp":"3:24:24 PM"}
{"level":"info","message":"ReligareHealth is_valid_plan start","timestamp":"3:24:24 PM"}
{"level":"info","message":"ReligareHealth is_valid_plan start","timestamp":"3:24:24 PM"}
{"level":"info","message":"ReligareHealth is_valid_plan start","timestamp":"3:24:24 PM"}
{"level":"info","message":"MaxBupaHealth is_valid_plan start","timestamp":"3:24:24 PM"}
{"level":"info","message":"MaxBupaHealth is_valid_plan start","timestamp":"3:24:24 PM"}
{"level":"info","message":"HDFCErgoHealth is_valid_plan start","timestamp":"3:24:25 PM"}
{"level":"info","message":"HDFCErgoHealth is_valid_plan start","timestamp":"3:24:25 PM"}
{"level":"info","message":"HDFCErgoHealth is_valid_plan start","timestamp":"3:24:25 PM"}
{"level":"info","message":"GoDigitHealth is_valid_plan start","timestamp":"3:24:25 PM"}
{"level":"info","message":"GoDigitHealth is_valid_plan start","timestamp":"3:24:25 PM"}
{"level":"info","message":"GoDigitHealth is_valid_plan start","timestamp":"3:24:25 PM"}
{"level":"info","message":"RahejaQBEHealth is_valid_plan start","timestamp":"3:24:25 PM"}
{"level":"info","message":"RahejaQBEHealth is_valid_plan start","timestamp":"3:24:25 PM"}
{"level":"info","message":"RahejaQBEHealth is_valid_plan start","timestamp":"3:24:25 PM"}
{"level":"info","message":"RahejaQBEHealth is_valid_plan start","timestamp":"3:24:25 PM"}
{"level":"info","message":"ManipalCigna is_valid_plan start","timestamp":"3:24:25 PM"}
{"level":"info","message":"ManipalCigna is_valid_plan start","timestamp":"3:24:25 PM"}
{"level":"info","message":"ManipalCigna is_valid_plan start","timestamp":"3:24:25 PM"}
{"level":"info","message":"ManipalCigna is_valid_plan start","timestamp":"3:24:25 PM"}
{"level":"info","message":"ManipalCigna is_valid_plan start","timestamp":"3:24:25 PM"}
{"level":"info","message":"ManipalCigna is_valid_plan start","timestamp":"3:24:25 PM"}
{"level":"info","message":"UserDataPolicyDataUpdate null { n: 1, nModified: 1, ok: 1 }","timestamp":"3:24:25 PM"}
{"level":"info","message":"MaxBupaHealth health_suminsured_selector Finish 500000","timestamp":"3:24:25 PM"}
{"level":"info","message":"The file was saved!","timestamp":"3:27:20 PM"}
{"level":"info","message":"Client_Details { Platform: 'Website',\n  Role: 'LMClient',\n  Integration_Type: 'NonPOSP',\n  Premium_Source: 'Real',\n  __v: 0,\n  Response_Type: 'QUOTE',\n  Client_Name: 'PolicyBoss',\n  Client_Unique_Id: 'CLIENT-CNTP6NYE-CU9N-DUZW-CSPI-SH1IS4DOVHB9',\n  Secret_Key: 'SECRET-HZ07QRWY-JIBT-XRMQ-ZP95-J0RWP3DYRACW',\n  Created_On: '2017-05-17T12:55:14.111Z',\n  Is_Active: true,\n  Modified_On: '2017-05-17T12:55:14.111Z',\n  Client_Id: 2,\n  _id: '591c48321cc1042aec9ee6c9' }","timestamp":"3:27:20 PM"}
{"level":"info","message":"OriginalRequest { api_reference_number: 'ARN-DZOKAYMT-UWEU-WBUZ-BZFU-WBO5BB5TLWOV',\n  search_reference_number: 'SRN-B6YS4EL5-MLYJ-EDDI-CXGH-RODKXJAQX26Y',\n  execution_async: 'no',\n  insurer_id: 20,\n  method_type: 'Verification',\n  pg_url: 'http://localhost:50111/payment/transaction_status',\n  pg_get: {},\n  pg_post: \n   { returnMessage: 'YGHlaiKqJtryBSupbpd7Ti5fL8YarbOaZdUzqwRmE5FkQMAK2kziCLuA9yU27Uu8WKJhShkkSEz0nGDS+ymEj0icnHGv322brl9TcUgH40VuCvP/bemrKe0+L422pFt2I2fg8HuXmOChjjobCiHHFoh4Bjxd12Ss0en3K7zSL+8h+0mnnD7wl++EDmzVZe44Hb/xiDTNF/vK7LAILN38Sw==',\n     paymentGateway: '2sAAyPVAhdabVvF03m9cGg==',\n     tempstring: 'pN3bd5s3KM2ftotyqHzvQQ==',\n     paymentTypeDesc: 'pN3bd5s3KM2ftotyqHzvQQ==',\n     bankNameDesc: 'pN3bd5s3KM2ftotyqHzvQQ==',\n     uniqueSalesId: '0' },\n  pg_redirect_mode: 'POST',\n  secret_key: 'SECRET-HZ07QRWY-JIBT-XRMQ-ZP95-J0RWP3DYRACW',\n  client_key: 'CLIENT-CNTP6NYE-CU9N-DUZW-CSPI-SH1IS4DOVHB9' }","timestamp":"3:27:20 PM"}
{"level":"info","message":"Client_Id 2 2","timestamp":"3:27:20 PM"}
{"level":"info","message":"Health::product_api_pre::Start","timestamp":"3:27:20 PM"}
{"level":"info","message":"Health child_count Start","timestamp":"3:27:20 PM"}
{"level":"info","message":"Health adult_count Start","timestamp":"3:27:20 PM"}
{"level":"info","message":"Health get_member_age Start","timestamp":"3:27:20 PM"}
{"level":"info","message":"Health get_member_birth_date Start","timestamp":"3:27:20 PM"}
{"level":"info","message":"Health get_member_birth_date Start","timestamp":"3:27:20 PM"}
{"level":"info","message":"Health get_member_age Start","timestamp":"3:27:20 PM"}
{"level":"info","message":"Health get_member_birth_date Start","timestamp":"3:27:20 PM"}
{"level":"info","message":"Health get_member_birth_date Start","timestamp":"3:27:20 PM"}
{"level":"info","message":"Start Health elder_member_age","timestamp":"3:27:20 PM"}
{"level":"info","message":"Start Health elder_member_age_in_months","timestamp":"3:27:20 PM"}
{"level":"info","message":"Health get_member_birth_date Start","timestamp":"3:27:20 PM"}
{"level":"info","message":"Health get_member_birth_date Start","timestamp":"3:27:20 PM"}
{"level":"info","message":"Health get_member_birth_date Start","timestamp":"3:27:20 PM"}
{"level":"info","message":"Start Health elder_member_age_in_months","timestamp":"3:27:20 PM"}
{"level":"info","message":"Health get_member_birth_date Start","timestamp":"3:27:20 PM"}
{"level":"info","message":"Health get_member_birth_date Start","timestamp":"3:27:20 PM"}
{"level":"info","message":"Health policy_start_date Start","timestamp":"3:27:20 PM"}
{"level":"info","message":"Health policy_start_date Finish 2022-09-14","timestamp":"3:27:20 PM"}
{"level":"info","message":"Start Health policy_end_date","timestamp":"3:27:20 PM"}
{"level":"info","message":"Finish Health policy_end_date 2023-09-13","timestamp":"3:27:20 PM"}
{"level":"info","message":"Health::product_api_pre::Finish","timestamp":"3:27:20 PM"}
{"level":"info","message":"IciciLombardHealth is_valid_plan start","timestamp":"3:27:20 PM"}
{"level":"info","message":"IciciLombardHealth is_valid_plan start","timestamp":"3:27:20 PM"}
{"level":"info","message":"IciciLombardHealth is_valid_plan start","timestamp":"3:27:20 PM"}
{"level":"info","message":"IciciLombardHealth is_valid_plan start","timestamp":"3:27:20 PM"}
{"level":"info","message":"IciciLombardHealth is_valid_plan start","timestamp":"3:27:20 PM"}
{"level":"info","message":"ApolloMunichHealth is_valid_plan start","timestamp":"3:27:20 PM"}
{"level":"info","message":"ApolloMunichHealth is_valid_plan start","timestamp":"3:27:20 PM"}
{"level":"info","message":"ApolloMunichHealth is_valid_plan start","timestamp":"3:27:20 PM"}
{"level":"info","message":"ApolloMunichHealth is_valid_plan start","timestamp":"3:27:20 PM"}
{"level":"info","message":"ApolloMunichHealth is_valid_plan start","timestamp":"3:27:20 PM"}
{"level":"info","message":"ApolloMunichHealth is_valid_plan start","timestamp":"3:27:20 PM"}
{"level":"info","message":"ApolloMunichHealth is_valid_plan start","timestamp":"3:27:20 PM"}
{"level":"info","message":"ApolloMunichHealth is_valid_plan start","timestamp":"3:27:20 PM"}
{"level":"info","message":"ReligareHealth is_valid_plan start","timestamp":"3:27:20 PM"}
{"level":"info","message":"ReligareHealth is_valid_plan start","timestamp":"3:27:20 PM"}
{"level":"info","message":"ReligareHealth is_valid_plan start","timestamp":"3:27:20 PM"}
{"level":"info","message":"ReligareHealth is_valid_plan start","timestamp":"3:27:20 PM"}
{"level":"info","message":"ReligareHealth is_valid_plan start","timestamp":"3:27:20 PM"}
{"level":"info","message":"ReligareHealth is_valid_plan start","timestamp":"3:27:20 PM"}
{"level":"info","message":"MaxBupaHealth is_valid_plan start","timestamp":"3:27:20 PM"}
{"level":"info","message":"MaxBupaHealth is_valid_plan start","timestamp":"3:27:20 PM"}
{"level":"info","message":"HDFCErgoHealth is_valid_plan start","timestamp":"3:27:20 PM"}
{"level":"info","message":"HDFCErgoHealth is_valid_plan start","timestamp":"3:27:20 PM"}
{"level":"info","message":"HDFCErgoHealth is_valid_plan start","timestamp":"3:27:20 PM"}
{"level":"info","message":"GoDigitHealth is_valid_plan start","timestamp":"3:27:20 PM"}
{"level":"info","message":"GoDigitHealth is_valid_plan start","timestamp":"3:27:20 PM"}
{"level":"info","message":"GoDigitHealth is_valid_plan start","timestamp":"3:27:20 PM"}
{"level":"info","message":"RahejaQBEHealth is_valid_plan start","timestamp":"3:27:20 PM"}
{"level":"info","message":"RahejaQBEHealth is_valid_plan start","timestamp":"3:27:20 PM"}
{"level":"info","message":"RahejaQBEHealth is_valid_plan start","timestamp":"3:27:20 PM"}
{"level":"info","message":"RahejaQBEHealth is_valid_plan start","timestamp":"3:27:20 PM"}
{"level":"info","message":"ManipalCigna is_valid_plan start","timestamp":"3:27:20 PM"}
{"level":"info","message":"ManipalCigna is_valid_plan start","timestamp":"3:27:20 PM"}
{"level":"info","message":"ManipalCigna is_valid_plan start","timestamp":"3:27:20 PM"}
{"level":"info","message":"ManipalCigna is_valid_plan start","timestamp":"3:27:20 PM"}
{"level":"info","message":"ManipalCigna is_valid_plan start","timestamp":"3:27:20 PM"}
{"level":"info","message":"ManipalCigna is_valid_plan start","timestamp":"3:27:20 PM"}
{"level":"info","message":"UserDataPolicyDataUpdate null { n: 1, nModified: 0, ok: 1 }","timestamp":"3:27:20 PM"}
{"level":"info","message":"MaxBupaHealth health_suminsured_selector Finish 500000","timestamp":"3:27:20 PM"}
{"level":"info","message":"The file was saved!","timestamp":"3:28:17 PM"}
{"level":"info","message":"Client_Details { Platform: 'Website',\n  Role: 'LMClient',\n  Integration_Type: 'NonPOSP',\n  Premium_Source: 'Real',\n  __v: 0,\n  Response_Type: 'QUOTE',\n  Client_Name: 'PolicyBoss',\n  Client_Unique_Id: 'CLIENT-CNTP6NYE-CU9N-DUZW-CSPI-SH1IS4DOVHB9',\n  Secret_Key: 'SECRET-HZ07QRWY-JIBT-XRMQ-ZP95-J0RWP3DYRACW',\n  Created_On: '2017-05-17T12:55:14.111Z',\n  Is_Active: true,\n  Modified_On: '2017-05-17T12:55:14.111Z',\n  Client_Id: 2,\n  _id: '591c48321cc1042aec9ee6c9' }","timestamp":"3:28:17 PM"}
{"level":"info","message":"OriginalRequest { api_reference_number: 'ARN-DZOKAYMT-UWEU-WBUZ-BZFU-WBO5BB5TLWOV',\n  search_reference_number: 'SRN-B6YS4EL5-MLYJ-EDDI-CXGH-RODKXJAQX26Y',\n  execution_async: 'no',\n  insurer_id: 20,\n  method_type: 'Verification',\n  pg_url: 'http://localhost:50111/payment/transaction_status',\n  pg_get: {},\n  pg_post: \n   { returnMessage: 'YGHlaiKqJtryBSupbpd7Ti5fL8YarbOaZdUzqwRmE5FkQMAK2kziCLuA9yU27Uu8WKJhShkkSEz0nGDS+ymEj0icnHGv322brl9TcUgH40VuCvP/bemrKe0+L422pFt2I2fg8HuXmOChjjobCiHHFoh4Bjxd12Ss0en3K7zSL+8h+0mnnD7wl++EDmzVZe44Hb/xiDTNF/vK7LAILN38Sw==',\n     paymentGateway: '2sAAyPVAhdabVvF03m9cGg==',\n     tempstring: 'pN3bd5s3KM2ftotyqHzvQQ==',\n     paymentTypeDesc: 'pN3bd5s3KM2ftotyqHzvQQ==',\n     bankNameDesc: 'pN3bd5s3KM2ftotyqHzvQQ==',\n     uniqueSalesId: '0' },\n  pg_redirect_mode: 'POST',\n  secret_key: 'SECRET-HZ07QRWY-JIBT-XRMQ-ZP95-J0RWP3DYRACW',\n  client_key: 'CLIENT-CNTP6NYE-CU9N-DUZW-CSPI-SH1IS4DOVHB9' }","timestamp":"3:28:17 PM"}
{"level":"info","message":"Client_Id 2 2","timestamp":"3:28:18 PM"}
{"level":"info","message":"Health::product_api_pre::Start","timestamp":"3:28:18 PM"}
{"level":"info","message":"Health child_count Start","timestamp":"3:28:18 PM"}
{"level":"info","message":"Health adult_count Start","timestamp":"3:28:18 PM"}
{"level":"info","message":"Health get_member_age Start","timestamp":"3:28:18 PM"}
{"level":"info","message":"Health get_member_birth_date Start","timestamp":"3:28:18 PM"}
{"level":"info","message":"Health get_member_birth_date Start","timestamp":"3:28:18 PM"}
{"level":"info","message":"Health get_member_age Start","timestamp":"3:28:18 PM"}
{"level":"info","message":"Health get_member_birth_date Start","timestamp":"3:28:18 PM"}
{"level":"info","message":"Health get_member_birth_date Start","timestamp":"3:28:18 PM"}
{"level":"info","message":"Start Health elder_member_age","timestamp":"3:28:18 PM"}
{"level":"info","message":"Start Health elder_member_age_in_months","timestamp":"3:28:18 PM"}
{"level":"info","message":"Health get_member_birth_date Start","timestamp":"3:28:18 PM"}
{"level":"info","message":"Health get_member_birth_date Start","timestamp":"3:28:18 PM"}
{"level":"info","message":"Health get_member_birth_date Start","timestamp":"3:28:18 PM"}
{"level":"info","message":"Start Health elder_member_age_in_months","timestamp":"3:28:18 PM"}
{"level":"info","message":"Health get_member_birth_date Start","timestamp":"3:28:18 PM"}
{"level":"info","message":"Health get_member_birth_date Start","timestamp":"3:28:18 PM"}
{"level":"info","message":"Health policy_start_date Start","timestamp":"3:28:18 PM"}
{"level":"info","message":"Health policy_start_date Finish 2022-09-14","timestamp":"3:28:18 PM"}
{"level":"info","message":"Start Health policy_end_date","timestamp":"3:28:18 PM"}
{"level":"info","message":"Finish Health policy_end_date 2023-09-13","timestamp":"3:28:18 PM"}
{"level":"info","message":"Health::product_api_pre::Finish","timestamp":"3:28:18 PM"}
{"level":"info","message":"IciciLombardHealth is_valid_plan start","timestamp":"3:28:18 PM"}
{"level":"info","message":"IciciLombardHealth is_valid_plan start","timestamp":"3:28:18 PM"}
{"level":"info","message":"IciciLombardHealth is_valid_plan start","timestamp":"3:28:18 PM"}
{"level":"info","message":"IciciLombardHealth is_valid_plan start","timestamp":"3:28:18 PM"}
{"level":"info","message":"IciciLombardHealth is_valid_plan start","timestamp":"3:28:18 PM"}
{"level":"info","message":"ApolloMunichHealth is_valid_plan start","timestamp":"3:28:18 PM"}
{"level":"info","message":"ApolloMunichHealth is_valid_plan start","timestamp":"3:28:18 PM"}
{"level":"info","message":"ApolloMunichHealth is_valid_plan start","timestamp":"3:28:18 PM"}
{"level":"info","message":"ApolloMunichHealth is_valid_plan start","timestamp":"3:28:18 PM"}
{"level":"info","message":"ApolloMunichHealth is_valid_plan start","timestamp":"3:28:18 PM"}
{"level":"info","message":"ApolloMunichHealth is_valid_plan start","timestamp":"3:28:18 PM"}
{"level":"info","message":"ApolloMunichHealth is_valid_plan start","timestamp":"3:28:18 PM"}
{"level":"info","message":"ApolloMunichHealth is_valid_plan start","timestamp":"3:28:18 PM"}
{"level":"info","message":"ReligareHealth is_valid_plan start","timestamp":"3:28:18 PM"}
{"level":"info","message":"ReligareHealth is_valid_plan start","timestamp":"3:28:18 PM"}
{"level":"info","message":"ReligareHealth is_valid_plan start","timestamp":"3:28:18 PM"}
{"level":"info","message":"ReligareHealth is_valid_plan start","timestamp":"3:28:18 PM"}
{"level":"info","message":"ReligareHealth is_valid_plan start","timestamp":"3:28:18 PM"}
{"level":"info","message":"ReligareHealth is_valid_plan start","timestamp":"3:28:18 PM"}
{"level":"info","message":"MaxBupaHealth is_valid_plan start","timestamp":"3:28:26 PM"}
{"level":"info","message":"MaxBupaHealth is_valid_plan start","timestamp":"3:28:37 PM"}
{"level":"info","message":"HDFCErgoHealth is_valid_plan start","timestamp":"3:28:58 PM"}
{"level":"info","message":"HDFCErgoHealth is_valid_plan start","timestamp":"3:28:58 PM"}
{"level":"info","message":"HDFCErgoHealth is_valid_plan start","timestamp":"3:28:58 PM"}
{"level":"info","message":"GoDigitHealth is_valid_plan start","timestamp":"3:28:58 PM"}
{"level":"info","message":"GoDigitHealth is_valid_plan start","timestamp":"3:28:58 PM"}
{"level":"info","message":"GoDigitHealth is_valid_plan start","timestamp":"3:28:58 PM"}
{"level":"info","message":"RahejaQBEHealth is_valid_plan start","timestamp":"3:28:58 PM"}
{"level":"info","message":"RahejaQBEHealth is_valid_plan start","timestamp":"3:28:58 PM"}
{"level":"info","message":"RahejaQBEHealth is_valid_plan start","timestamp":"3:28:58 PM"}
{"level":"info","message":"RahejaQBEHealth is_valid_plan start","timestamp":"3:28:58 PM"}
{"level":"info","message":"ManipalCigna is_valid_plan start","timestamp":"3:28:58 PM"}
{"level":"info","message":"ManipalCigna is_valid_plan start","timestamp":"3:28:58 PM"}
{"level":"info","message":"ManipalCigna is_valid_plan start","timestamp":"3:28:58 PM"}
{"level":"info","message":"ManipalCigna is_valid_plan start","timestamp":"3:28:58 PM"}
{"level":"info","message":"ManipalCigna is_valid_plan start","timestamp":"3:28:58 PM"}
{"level":"info","message":"ManipalCigna is_valid_plan start","timestamp":"3:28:58 PM"}
{"level":"info","message":"UserDataPolicyDataUpdate null { n: 1, nModified: 0, ok: 1 }","timestamp":"3:28:58 PM"}
{"level":"info","message":"MaxBupaHealth health_suminsured_selector Finish 500000","timestamp":"3:28:58 PM"}
{"level":"info","message":"The file was saved!","timestamp":"3:30:31 PM"}
{"level":"info","message":"Client_Details { Platform: 'Website',\n  Role: 'LMClient',\n  Integration_Type: 'NonPOSP',\n  Premium_Source: 'Real',\n  __v: 0,\n  Response_Type: 'QUOTE',\n  Client_Name: 'PolicyBoss',\n  Client_Unique_Id: 'CLIENT-CNTP6NYE-CU9N-DUZW-CSPI-SH1IS4DOVHB9',\n  Secret_Key: 'SECRET-HZ07QRWY-JIBT-XRMQ-ZP95-J0RWP3DYRACW',\n  Created_On: '2017-05-17T12:55:14.111Z',\n  Is_Active: true,\n  Modified_On: '2017-05-17T12:55:14.111Z',\n  Client_Id: 2,\n  _id: '591c48321cc1042aec9ee6c9' }","timestamp":"3:30:31 PM"}
{"level":"info","message":"OriginalRequest { salutation: 'Mr.',\n  first_name: 'ABC',\n  middle_name: '',\n  last_name: 'XYZ',\n  birth_date: '1988-08-23',\n  gender: 'M',\n  marital: 'MARRIED',\n  occupation: '1',\n  relation: 'Y',\n  email: 'policybosstesting@gmail.com',\n  pan: 'BEOPX8965D',\n  annual_income: '800000',\n  permanent_address_1: 'FSRWER',\n  permanent_address_2: 'RER',\n  permanent_address_3: 'RWER',\n  permanent_pincode: '400050',\n  district: 'Mumbai',\n  communication_district_code: '3300',\n  communication_state: 'Maharashtra',\n  communication_state_code: '21',\n  locality: '',\n  communication_locality_code: '',\n  mobile: '8989898989',\n  member_1_salutation: 'Mr.',\n  member_1_fullName: 'abc xyz',\n  member_1_marital_status: 'MARRIED',\n  member_1_gender: 'M',\n  member_1_birth_date: '1988-08-23',\n  member_1_height: '170',\n  member_1_weight: '70',\n  member_1_occupation: '1',\n  member_1_qualification: 'G',\n  member_1_nominee_name: '',\n  member_1_nominee_rel: '',\n  member_2_salutation: 'Mrs.',\n  member_2_fullName: 'tyu xyz',\n  member_2_marital_status: 'MARRIED',\n  member_2_gender: 'F',\n  member_2_birth_date: '1990-08-20',\n  member_2_height: '157',\n  member_2_weight: '60',\n  member_2_occupation: '2',\n  member_2_qualification: 'G',\n  member_2_nominee_name: '',\n  member_2_nominee_rel: '',\n  member_3_salutation: '',\n  member_3_fullName: '',\n  member_3_marital_status: '',\n  member_3_gender: '',\n  member_3_birth_date: '',\n  member_3_height: '',\n  member_3_weight: '',\n  member_3_occupation: '',\n  member_3_qualification: '',\n  member_3_nominee_name: '',\n  member_3_nominee_rel: '',\n  member_4_salutation: '',\n  member_4_fullName: '',\n  member_4_marital_status: '',\n  member_4_gender: '',\n  member_4_birth_date: '',\n  member_4_height: '',\n  member_4_weight: '',\n  member_4_occupation: '',\n  member_4_qualification: '',\n  member_4_nominee_name: '',\n  member_4_nominee_rel: '',\n  member_5_salutation: '',\n  member_5_fullName: '',\n  member_5_marital_status: '',\n  member_5_gender: '',\n  member_5_birth_date: '',\n  member_5_height: '',\n  member_5_weight: '',\n  member_5_occupation: '',\n  member_5_qualification: '',\n  member_5_nominee_name: '',\n  member_5_nominee_rel: '',\n  member_6_salutation: '',\n  member_6_fullName: '',\n  member_6_marital_status: '',\n  member_6_gender: '',\n  member_6_birth_date: '',\n  member_6_height: '',\n  member_6_weight: '',\n  member_6_occupation: '',\n  member_6_qualification: '',\n  member_6_nominee_name: '',\n  member_6_nominee_rel: '',\n  same_as_for_nominee: true,\n  nominee_name: 'ABC XYZ',\n  nominee_birth_date: '1988-08-23',\n  nominee_address: 'fsrwer, rer, rwer',\n  nominee_pincode: '400050',\n  nominee_city_name: 'Mumbai',\n  nominee_relation: 'Y',\n  nominee_relation_code: '',\n  online_agreement: true,\n  lm_employee_name: '',\n  qt_number: '',\n  agent_mobile: '',\n  agent_name: '',\n  net_premium: 4684,\n  final_premium: 5527,\n  service_tax: 843,\n  items: null,\n  city_id: 677,\n  city_name: 'Mumbai',\n  health_insurance_si: 500000,\n  adult_count: 2,\n  child_count: 0,\n  member_1_age: 30,\n  contact_name: 'abc xyz',\n  policy_tenure: 1,\n  product_id: 2,\n  state_name: 'Maharashtra',\n  member_2_age: 28,\n  member_3_age: -1,\n  member_4_age: -1,\n  member_5_age: -1,\n  member_6_age: -1,\n  method_type: 'Proposal',\n  health_insurance_type: 'floater',\n  execution_async: 'yes',\n  crn: 240050,\n  ss_id: 0,\n  agent_source: '0',\n  secret_key: 'SECRET-HZ07QRWY-JIBT-XRMQ-ZP95-J0RWP3DYRACW',\n  client_key: 'CLIENT-CNTP6NYE-CU9N-DUZW-CSPI-SH1IS4DOVHB9',\n  fba_id: NaN,\n  Sub_Fba_Id: '',\n  geo_lat: 19.0807767,\n  geo_long: 72.8927501,\n  app_version: 'PolicyBoss.com',\n  quick_quote: false,\n  insurer_selected: '',\n  client_id: 2,\n  client_name: 'PolicyBoss',\n  udid: 61012,\n  posp_posp_id: 0,\n  posp_fba_id: 0,\n  posp_sm_posp_id: 0,\n  posp_sm_posp_name: 0,\n  posp_first_name: 0,\n  posp_middle_name: 0,\n  posp_last_name: 0,\n  posp_email_id: 0,\n  posp_agent_city: 0,\n  posp_mobile_no: 0,\n  posp_pan_no: 0,\n  posp_aadhar: 0,\n  posp_sources: 0,\n  posp_ss_id: 0,\n  posp_erp_id: 0,\n  posp_gender: 0,\n  posp_posp_category: 0,\n  posp_reporting_agent_uid: 508389,\n  posp_reporting_agent_name: 'POLICY BOSS WEBSITE',\n  posp_reporting_email_id: 0,\n  posp_reporting_mobile_number: 0,\n  posp_category: 'PolicyBoss',\n  erp_source: 'FRESH-NM',\n  is_posp: 'no',\n  name: 'member_2_question_20',\n  member_1_question_1_type: 'flag',\n  member_1_question_1_details: false,\n  member_1_question_1_code: '',\n  member_2_question_1_type: 'flag',\n  member_2_question_1_details: false,\n  member_2_question_1_code: '',\n  member_1_question_2_type: 'flag',\n  member_1_question_2_details: false,\n  member_1_question_2_code: '',\n  member_2_question_2_type: 'flag',\n  member_2_question_2_details: false,\n  member_2_question_2_code: '',\n  member_1_question_3_type: 'flag',\n  member_1_question_3_details: false,\n  member_1_question_3_code: '',\n  member_2_question_3_type: 'flag',\n  member_2_question_3_details: false,\n  member_2_question_3_code: '',\n  member_1_question_4_type: 'flag',\n  member_1_question_4_details: false,\n  member_1_question_4_code: '',\n  member_2_question_4_type: 'flag',\n  member_2_question_4_details: false,\n  member_2_question_4_code: '',\n  member_1_question_5_type: 'flag',\n  member_1_question_5_details: false,\n  member_1_question_5_code: '',\n  member_2_question_5_type: 'flag',\n  member_2_question_5_details: false,\n  member_2_question_5_code: '',\n  member_1_question_6_type: 'flag',\n  member_1_question_6_details: false,\n  member_1_question_6_code: '',\n  member_2_question_6_type: 'flag',\n  member_2_question_6_details: false,\n  member_2_question_6_code: '',\n  member_1_question_7_type: 'flag',\n  member_1_question_7_details: false,\n  member_1_question_7_code: '',\n  member_2_question_7_type: 'flag',\n  member_2_question_7_details: false,\n  member_2_question_7_code: '',\n  member_1_question_8_type: 'flag',\n  member_1_question_8_details: false,\n  member_1_question_8_code: '',\n  member_2_question_8_type: 'flag',\n  member_2_question_8_details: false,\n  member_2_question_8_code: '',\n  member_1_question_9_type: 'flag',\n  member_1_question_9_details: false,\n  member_1_question_9_code: '',\n  member_2_question_9_type: 'flag',\n  member_2_question_9_details: false,\n  member_2_question_9_code: '',\n  member_1_question_10_type: 'flag',\n  member_1_question_10_details: false,\n  member_1_question_10_code: '',\n  member_2_question_10_type: 'flag',\n  member_2_question_10_details: false,\n  member_2_question_10_code: '',\n  member_1_question_11_type: 'flag',\n  member_1_question_11_details: false,\n  member_1_question_11_code: '',\n  member_2_question_11_type: 'flag',\n  member_2_question_11_details: false,\n  member_2_question_11_code: '',\n  member_1_question_12_type: 'flag',\n  member_1_question_12_details: false,\n  member_1_question_12_code: '',\n  member_2_question_12_type: 'flag',\n  member_2_question_12_details: false,\n  member_2_question_12_code: '',\n  member_1_question_13_type: 'flag',\n  member_1_question_13_details: false,\n  member_1_question_13_code: '',\n  member_2_question_13_type: 'flag',\n  member_2_question_13_details: false,\n  member_2_question_13_code: '',\n  member_1_question_14_type: 'flag',\n  member_1_question_14_details: false,\n  member_1_question_14_code: '',\n  member_2_question_14_type: 'flag',\n  member_2_question_14_details: false,\n  member_2_question_14_code: '',\n  member_1_question_15_type: 'flag',\n  member_1_question_15_details: false,\n  member_1_question_15_code: '',\n  member_2_question_15_type: 'flag',\n  member_2_question_15_details: false,\n  member_2_question_15_code: '',\n  member_1_question_16_type: 'flag',\n  member_1_question_16_details: false,\n  member_1_question_16_code: '',\n  member_2_question_16_type: 'flag',\n  member_2_question_16_details: false,\n  member_2_question_16_code: '',\n  member_1_question_17_type: 'flag',\n  member_1_question_17_details: false,\n  member_1_question_17_code: '',\n  member_2_question_17_type: 'flag',\n  member_2_question_17_details: false,\n  member_2_question_17_code: '',\n  member_1_question_18_type: 'flag',\n  member_1_question_18_details: false,\n  member_1_question_18_code: '',\n  member_2_question_18_type: 'flag',\n  member_2_question_18_details: false,\n  member_2_question_18_code: '',\n  member_1_question_19_type: 'flag',\n  member_1_question_19_details: false,\n  member_1_question_19_code: '',\n  member_2_question_19_type: 'flag',\n  member_2_question_19_details: false,\n  member_2_question_19_code: '',\n  member_1_question_20_type: 'flag',\n  member_1_question_20_details: false,\n  member_1_question_20_code: '',\n  member_2_question_20_type: 'flag',\n  member_2_question_20_details: false,\n  member_2_question_20_code: '',\n  salutation_text: 'Mr.',\n  relation_text: 'SELF',\n  marital_text: 'Married',\n  occupation_text: 'Salaried',\n  member_1_salutation_text: 'Mr.',\n  member_1_marital_status_text: 'Married',\n  member_1_height_text: '5\\'7\" - 170 cm',\n  member_1_occupation_text: 'Salaried',\n  member_1_qualification_text: 'Graduate',\n  member_2_salutation_text: 'Mrs.',\n  member_2_marital_status_text: 'Married',\n  member_2_height_text: '5\\'2\" - 157 cm',\n  member_2_occupation_text: 'Self Employed',\n  member_2_qualification_text: 'Graduate',\n  nominee_relation_text: 'SELF',\n  search_reference_number: 'SRN-B6YS4EL5-MLYJ-EDDI-CXGH-RODKXJAQX26Y',\n  api_reference_number: 'ARN-ZRB6ICBW-W0WD-TNPU-4XQS-8CDG4TVMTGOK',\n  insurer_id: 20,\n  lm_agent_name: '',\n  lm_agent_id: NaN,\n  lm_agent_mobile: '',\n  erp_qt: '',\n  erp_uid: '',\n  slid: 1271318,\n  customer_email: 'policybosstesting@gmail.com',\n  proposal_id: 34473 }","timestamp":"3:30:31 PM"}
{"level":"info","message":"Client_Id 2 2","timestamp":"3:30:31 PM"}
{"level":"info","message":"dbUserData { Status_History: [{\"Status\":\"PROPOSAL_SUBMIT\",\"StatusOn\":\"2019-04-03T13:18:20.020Z\",\"Data\":{\"pg_ack_url\":\"http://qa.policyboss.com/transaction-status/240050\",\"pg_url\":\"http://uat.maxbupa.com/_layouts/dummypayment/dummybilldesk.aspx?unqPolicyNumber=BB2400501111&premiumValue=5527&paymentType=mxbpofflinewithoutemi&additionalComment=820240050111,5527&returnPath=http://localhost:50111/Payment/Transaction_Status\",\"pg_data\":{\"ReturnURL\":\"http://qa.policyboss.com/transaction-status/240050\"},\"pg_redirect_mode\":\"POST\"}},{\"Status\":\"PROPOSAL_SAVE_CUSTOMER\",\"StatusOn\":\"2019-04-03T13:18:01.304Z\"},{\"Status\":\"PROPOSAL_SAVE_CUSTOMER\",\"StatusOn\":\"2019-04-03T13:17:56.560Z\"},{\"Status\":\"PROPOSAL_SAVE_CUSTOMER\",\"StatusOn\":\"2019-04-03T13:17:51.782Z\"},{\"Status\":\"PROPOSAL_SAVE_CUSTOMER\",\"StatusOn\":\"2019-04-03T13:17:50.508Z\"},{\"Status\":\"PROPOSAL_SAVE_CUSTOMER\",\"StatusOn\":\"2019-04-03T13:17:48.686Z\"},{\"Status\":\"PROPOSAL_SAVE_CUSTOMER\",\"StatusOn\":\"2019-04-03T12:51:06.485Z\"},{\"Status\":\"PROPOSAL_SAVE_CUSTOMER\",\"StatusOn\":\"2019-04-03T12:51:01.537Z\"},{\"Status\":\"PROPOSAL_SAVE_CUSTOMER\",\"StatusOn\":\"2019-04-03T12:50:54.002Z\"},{\"Status\":\"PROPOSAL_SAVE_CUSTOMER\",\"StatusOn\":\"2019-04-03T12:50:52.350Z\"},{\"Status\":\"PROPOSAL_SAVE_CUSTOMER\",\"StatusOn\":\"2019-04-03T12:50:50.904Z\"},{\"Status\":\"PROPOSAL_SAVE_CUSTOMER\",\"StatusOn\":\"2019-04-03T12:43:51.476Z\"},{\"Status\":\"PROPOSAL_SAVE_CUSTOMER\",\"StatusOn\":\"2019-04-03T12:43:45.275Z\"},{\"Status\":\"PROPOSAL_SAVE_CUSTOMER\",\"StatusOn\":\"2019-04-03T12:43:38.826Z\"},{\"Status\":\"PROPOSAL_SAVE_CUSTOMER\",\"StatusOn\":\"2019-04-03T12:43:36.285Z\"},{\"Status\":\"PROPOSAL_SAVE_CUSTOMER\",\"StatusOn\":\"2019-04-03T12:43:35.128Z\"},{\"Status\":\"PROPOSAL_SAVE_CUSTOMER\",\"StatusOn\":\"2019-04-03T12:41:11.466Z\"},{\"Status\":\"PROPOSAL_SAVE_CUSTOMER\",\"StatusOn\":\"2019-04-03T12:41:06.667Z\"},{\"Status\":\"PROPOSAL_SAVE_CUSTOMER\",\"StatusOn\":\"2019-04-03T12:40:59.714Z\"},{\"Status\":\"PROPOSAL_SAVE_CUSTOMER\",\"StatusOn\":\"2019-04-03T12:40:57.674Z\"},{\"Status\":\"PROPOSAL_SAVE_CUSTOMER\",\"StatusOn\":\"2019-04-03T12:40:56.458Z\"},{\"Status\":\"PROPOSAL_SAVE_CUSTOMER\",\"StatusOn\":\"2019-04-03T12:39:40.773Z\"},{\"Status\":\"PROPOSAL_SAVE_CUSTOMER\",\"StatusOn\":\"2019-04-03T12:39:34.837Z\"},{\"Status\":\"PROPOSAL_SAVE_CUSTOMER\",\"StatusOn\":\"2019-04-03T12:39:27.387Z\"},{\"Status\":\"PROPOSAL_SAVE_CUSTOMER\",\"StatusOn\":\"2019-04-03T12:39:25.627Z\"},{\"Status\":\"PROPOSAL_SAVE_CUSTOMER\",\"StatusOn\":\"2019-04-03T12:39:23.778Z\"},{\"Status\":\"PROPOSAL_SAVE_CUSTOMER\",\"StatusOn\":\"2019-04-03T12:31:17.703Z\"},{\"Status\":\"PROPOSAL_SAVE_CUSTOMER\",\"StatusOn\":\"2019-04-03T12:31:13.023Z\"},{\"Status\":\"PROPOSAL_SAVE_CUSTOMER\",\"StatusOn\":\"2019-04-03T12:31:07.260Z\"},{\"Status\":\"PROPOSAL_SAVE_CUSTOMER\",\"StatusOn\":\"2019-04-03T12:31:05.630Z\"},{\"Status\":\"PROPOSAL_SAVE_CUSTOMER\",\"StatusOn\":\"2019-04-03T12:31:04.311Z\"},{\"Status\":\"PROPOSAL_SUBMIT\",\"StatusOn\":\"2019-04-03T12:27:43.901Z\",\"Data\":{\"pg_ack_url\":\"http://qa.policyboss.com/transaction-status/240050\",\"pg_url\":\"http://uat.maxbupa.com/_layouts/dummypayment/dummybilldesk.aspx?unqPolicyNumber=BB2400501111&premiumValue=5527&paymentType=mxbpofflinewithoutemi&additionalComment=820240050111,5527&returnPath=http://localhost:50111/Payment/Transaction_Status\",\"pg_data\":{\"ReturnURL\":\"http://qa.policyboss.com/transaction-status/240050\"},\"pg_redirect_mode\":\"POST\"}},{\"Status\":\"PROPOSAL_SAVE_CUSTOMER\",\"StatusOn\":\"2019-04-03T12:27:33.728Z\"},{\"Status\":\"PROPOSAL_SAVE_CUSTOMER\",\"StatusOn\":\"2019-04-03T12:27:27.249Z\"},{\"Status\":\"PROPOSAL_SAVE_CUSTOMER\",\"StatusOn\":\"2019-04-03T12:27:21.526Z\"},{\"Status\":\"PROPOSAL_SAVE_CUSTOMER\",\"StatusOn\":\"2019-04-03T12:27:19.451Z\"},{\"Status\":\"PROPOSAL_SAVE_CUSTOMER\",\"StatusOn\":\"2019-04-03T12:27:18.090Z\"},{\"Status\":\"PROPOSAL_SUBMIT\",\"StatusOn\":\"2019-04-03T12:17:22.814Z\",\"Data\":{\"pg_ack_url\":\"http://qa.policyboss.com/transaction-status/240050\",\"pg_url\":\"http://uat.maxbupa.com/_layouts/dummypayment/dummybilldesk.aspx?unqPolicyNumber=BB2400501111&premiumValue=5527&paymentType=mxbpofflinewithoutemi&additionalComment=820240050111,5527&returnPath=http://localhost:50111/Payment/Transaction_Status\",\"pg_data\":{\"ReturnURL\":\"http://qa.policyboss.com/transaction-status/240050\"},\"pg_redirect_mode\":\"POST\"}},{\"Status\":\"PROPOSAL_SAVE_CUSTOMER\",\"StatusOn\":\"2019-04-03T12:17:12.178Z\"},{\"Status\":\"PROPOSAL_SAVE_CUSTOMER\",\"StatusOn\":\"2019-04-03T12:17:07.374Z\"},{\"Status\":\"PROPOSAL_SAVE_CUSTOMER\",\"StatusOn\":\"2019-04-03T12:17:01.594Z\"},{\"Status\":\"PROPOSAL_SAVE_CUSTOMER\",\"StatusOn\":\"2019-04-03T12:17:00.019Z\"},{\"Status\":\"PROPOSAL_SAVE_CUSTOMER\",\"StatusOn\":\"2019-04-03T12:16:58.748Z\"},{\"Status\":\"PROPOSAL_SUBMIT\",\"StatusOn\":\"2019-04-03T11:57:06.276Z\",\"Data\":{\"pg_ack_url\":\"http://qa.policyboss.com/transaction-status/240050\",\"pg_url\":\"http://uat.maxbupa.com/_layouts/dummypayment/dummybilldesk.aspx?unqPolicyNumber=BB2400501111&premiumValue=5527&paymentType=mxbpofflinewithoutemi&additionalComment=820240050111,5527&returnPath=http://localhost:50111/Payment/Transaction_Status\",\"pg_data\":{\"ReturnURL\":\"http://qa.policyboss.com/transaction-status/240050\"},\"pg_redirect_mode\":\"POST\"}},{\"Status\":\"PROPOSAL_SAVE_CUSTOMER\",\"StatusOn\":\"2019-04-03T11:56:57.658Z\"},{\"Status\":\"PROPOSAL_SAVE_CUSTOMER\",\"StatusOn\":\"2019-04-03T11:56:48.230Z\"},{\"Status\":\"PROPOSAL_SAVE_CUSTOMER\",\"StatusOn\":\"2019-04-03T11:56:42.376Z\"},{\"Status\":\"PROPOSAL_SAVE_CUSTOMER\",\"StatusOn\":\"2019-04-03T11:56:40.383Z\"},{\"Status\":\"PROPOSAL_SAVE_CUSTOMER\",\"StatusOn\":\"2019-04-03T11:56:39.174Z\"},{\"Status\":\"PROPOSAL_SUBMIT\",\"StatusOn\":\"2019-04-03T11:50:16.115Z\",\"Data\":{\"pg_ack_url\":\"http://qa.policyboss.com/transaction-status/240050\",\"pg_url\":\"http://uat.maxbupa.com/_layouts/dummypayment/dummybilldesk.aspx?unqPolicyNumber=BB2400501111&premiumValue=5527&paymentType=mxbpofflinewithoutemi&additionalComment=820240050111,5527&returnPath=http://localhost:50111/Payment/Transaction_Status\",\"pg_data\":{\"ReturnURL\":\"http://qa.policyboss.com/transaction-status/240050\"},\"pg_redirect_mode\":\"POST\"}},{\"Status\":\"PROPOSAL_SAVE_CUSTOMER\",\"StatusOn\":\"2019-04-03T11:49:51.314Z\"},{\"Status\":\"PROPOSAL_SAVE_CUSTOMER\",\"StatusOn\":\"2019-04-03T11:49:44.755Z\"},{\"Status\":\"PROPOSAL_SAVE_CUSTOMER\",\"StatusOn\":\"2019-04-03T11:49:36.997Z\"},{\"Status\":\"PROPOSAL_SAVE_CUSTOMER\",\"StatusOn\":\"2019-04-03T11:49:35.217Z\"},{\"Status\":\"PROPOSAL_SAVE_CUSTOMER\",\"StatusOn\":\"2019-04-03T11:49:34.035Z\"},{\"Status\":\"PROPOSAL_SUBMIT\",\"StatusOn\":\"2019-04-03T04:44:14.279Z\",\"Data\":{\"pg_ack_url\":\"http://qa.policyboss.com/transaction-status/240050\",\"pg_url\":\"http://uat.maxbupa.com/_layouts/dummypayment/dummybilldesk.aspx?unqPolicyNumber=BB2400501111&premiumValue=5527&paymentType=mxbpofflinewithoutemi&additionalComment=820240050111,5527&returnPath=http://localhost:50111/Payment/Transaction_Status\",\"pg_data\":{\"ReturnURL\":\"http://qa.policyboss.com/transaction-status/240050\"},\"pg_redirect_mode\":\"POST\"}},{\"Status\":\"PROPOSAL_SUBMIT\",\"StatusOn\":\"2019-04-03T04:44:02.529Z\",\"Data\":{\"pg_ack_url\":\"http://qa.policyboss.com/transaction-status/240050\",\"pg_url\":\"http://uat.maxbupa.com/_layouts/dummypayment/dummybilldesk.aspx?unqPolicyNumber=BB2400501111&premiumValue=5527&paymentType=mxbpofflinewithoutemi&additionalComment=820240050111,5527&returnPath=http://localhost:50111/Payment/Transaction_Status\",\"pg_data\":{\"ReturnURL\":\"http://qa.policyboss.com/transaction-status/240050\"},\"pg_redirect_mode\":\"POST\"}},{\"Status\":\"PROPOSAL_SAVE_CUSTOMER\",\"StatusOn\":\"2019-04-03T04:34:52.556Z\"},{\"Status\":\"PROPOSAL_SAVE_CUSTOMER\",\"StatusOn\":\"2019-04-03T04:34:31.529Z\"},{\"Status\":\"PROPOSAL_SAVE_CUSTOMER\",\"StatusOn\":\"2019-04-03T04:34:22.988Z\"},{\"Status\":\"PROPOSAL_SAVE_CUSTOMER\",\"StatusOn\":\"2019-04-03T04:33:56.958Z\"},{\"Status\":\"PROPOSAL_SAVE_CUSTOMER\",\"StatusOn\":\"2019-04-03T04:33:49.345Z\"},{\"StatusOn\":\"2019-04-03T04:32:06.622Z\",\"Status\":\"SEARCH\"}],\n  Proposal_History: [{\"Service_Log_Unique_Id\":\"ARN-ZRB6ICBW-W0WD-TNPU-4XQS-8CDG4TVMTGOK\",\"Insurer_Id\":20,\"Form_Data\":{\"salutation\":\"Mr.\",\"marital\":\"MARRIED\",\"occupation\":\"1\",\"relation\":\"Y\",\"annual_income\":\"800000\",\"district\":\"Mumbai\",\"communication_district_code\":\"3300\",\"communication_state\":\"Maharashtra\",\"communication_state_code\":\"21\",\"locality\":\"\",\"communication_locality_code\":\"\",\"member_1_salutation\":\"Mr.\",\"member_1_fullName\":\"abc xyz\",\"member_1_marital_status\":\"MARRIED\",\"member_1_gender\":\"M\",\"member_1_birth_date\":\"1988-08-23\",\"member_1_height\":\"170\",\"member_1_weight\":\"70\",\"member_1_occupation\":\"1\",\"member_1_qualification\":\"G\",\"member_1_nominee_name\":\"\",\"member_1_nominee_rel\":\"\",\"member_2_salutation\":\"Mrs.\",\"member_2_fullName\":\"tyu xyz\",\"member_2_marital_status\":\"MARRIED\",\"member_2_gender\":\"F\",\"member_2_birth_date\":\"1990-08-20\",\"member_2_height\":\"157\",\"member_2_weight\":\"60\",\"member_2_occupation\":\"2\",\"member_2_qualification\":\"G\",\"member_2_nominee_name\":\"\",\"member_2_nominee_rel\":\"\",\"member_3_salutation\":\"\",\"member_3_fullName\":\"\",\"member_3_marital_status\":\"\",\"member_3_gender\":\"\",\"member_3_birth_date\":\"\",\"member_3_height\":\"\",\"member_3_weight\":\"\",\"member_3_occupation\":\"\",\"member_3_qualification\":\"\",\"member_3_nominee_name\":\"\",\"member_3_nominee_rel\":\"\",\"member_4_salutation\":\"\",\"member_4_fullName\":\"\",\"member_4_marital_status\":\"\",\"member_4_gender\":\"\",\"member_4_birth_date\":\"\",\"member_4_height\":\"\",\"member_4_weight\":\"\",\"member_4_occupation\":\"\",\"member_4_qualification\":\"\",\"member_4_nominee_name\":\"\",\"member_4_nominee_rel\":\"\",\"member_5_salutation\":\"\",\"member_5_fullName\":\"\",\"member_5_marital_status\":\"\",\"member_5_gender\":\"\",\"member_5_birth_date\":\"\",\"member_5_height\":\"\",\"member_5_weight\":\"\",\"member_5_occupation\":\"\",\"member_5_qualification\":\"\",\"member_5_nominee_name\":\"\",\"member_5_nominee_rel\":\"\",\"member_6_salutation\":\"\",\"member_6_fullName\":\"\",\"member_6_marital_status\":\"\",\"member_6_gender\":\"\",\"member_6_birth_date\":\"\",\"member_6_height\":\"\",\"member_6_weight\":\"\",\"member_6_occupation\":\"\",\"member_6_qualification\":\"\",\"member_6_nominee_name\":\"\",\"member_6_nominee_rel\":\"\",\"same_as_for_nominee\":true,\"nominee_address\":\"fsrwer, rer, rwer\",\"nominee_pincode\":\"400050\",\"nominee_city_name\":\"Mumbai\",\"nominee_relation\":\"Y\",\"nominee_relation_code\":\"\",\"online_agreement\":true,\"lm_employee_name\":\"\",\"qt_number\":\"\",\"agent_mobile\":\"\",\"agent_name\":\"\",\"net_premium\":\"\",\"final_premium\":\"\",\"service_tax\":\"\",\"items\":null,\"city_id\":677,\"city_name\":\"Mumbai\",\"health_insurance_si\":\"500000\",\"adult_count\":2,\"child_count\":0,\"member_1_age\":30,\"contact_name\":\"abc xyz\",\"policy_tenure\":1,\"product_id\":2,\"state_name\":\"Maharashtra\",\"member_2_age\":28,\"member_3_age\":-1,\"member_4_age\":-1,\"member_5_age\":-1,\"member_6_age\":-1,\"method_type\":\"Premium\",\"health_insurance_type\":\"floater\",\"execution_async\":\"yes\",\"crn\":240050,\"ss_id\":0,\"secret_key\":\"SECRET-HZ07QRWY-JIBT-XRMQ-ZP95-J0RWP3DYRACW\",\"client_key\":\"CLIENT-CNTP6NYE-CU9N-DUZW-CSPI-SH1IS4DOVHB9\",\"fba_id\":null,\"Sub_Fba_Id\":\"\",\"geo_lat\":19.080776699999998,\"geo_long\":72.8927501,\"app_version\":\"PolicyBoss.com\",\"quick_quote\":false,\"insurer_selected\":\"\",\"client_id\":2,\"client_name\":\"PolicyBoss\",\"udid\":61012,\"posp_posp_id\":0,\"posp_fba_id\":0,\"posp_sm_posp_id\":0,\"posp_sm_posp_name\":0,\"posp_first_name\":0,\"posp_middle_name\":0,\"posp_last_name\":0,\"posp_email_id\":0,\"posp_agent_city\":0,\"posp_mobile_no\":0,\"posp_pan_no\":0,\"posp_aadhar\":0,\"posp_sources\":0,\"posp_ss_id\":0,\"posp_erp_id\":0,\"posp_gender\":0,\"posp_posp_category\":0,\"posp_reporting_agent_uid\":508389,\"posp_reporting_agent_name\":\"POLICY BOSS WEBSITE\",\"posp_reporting_email_id\":0,\"posp_reporting_mobile_number\":0,\"posp_category\":\"PolicyBoss\",\"erp_source\":\"FRESH-NM\",\"is_posp\":\"no\",\"name\":\"member_2_question_20\",\"member_1_question_1_type\":\"flag\",\"member_1_question_1_details\":false,\"member_1_question_1_code\":\"\",\"member_2_question_1_type\":\"flag\",\"member_2_question_1_details\":false,\"member_2_question_1_code\":\"\",\"member_1_question_2_type\":\"flag\",\"member_1_question_2_details\":false,\"member_1_question_2_code\":\"\",\"member_2_question_2_type\":\"flag\",\"member_2_question_2_details\":false,\"member_2_question_2_code\":\"\",\"member_1_question_3_type\":\"flag\",\"member_1_question_3_details\":false,\"member_1_question_3_code\":\"\",\"member_2_question_3_type\":\"flag\",\"member_2_question_3_details\":false,\"member_2_question_3_code\":\"\",\"member_1_question_4_type\":\"flag\",\"member_1_question_4_details\":false,\"member_1_question_4_code\":\"\",\"member_2_question_4_type\":\"flag\",\"member_2_question_4_details\":false,\"member_2_question_4_code\":\"\",\"member_1_question_5_type\":\"flag\",\"member_1_question_5_details\":false,\"member_1_question_5_code\":\"\",\"member_2_question_5_type\":\"flag\",\"member_2_question_5_details\":false,\"member_2_question_5_code\":\"\",\"member_1_question_6_type\":\"flag\",\"member_1_question_6_details\":false,\"member_1_question_6_code\":\"\",\"member_2_question_6_type\":\"flag\",\"member_2_question_6_details\":false,\"member_2_question_6_code\":\"\",\"member_1_question_7_type\":\"flag\",\"member_1_question_7_details\":false,\"member_1_question_7_code\":\"\",\"member_2_question_7_type\":\"flag\",\"member_2_question_7_details\":false,\"member_2_question_7_code\":\"\",\"member_1_question_8_type\":\"flag\",\"member_1_question_8_details\":false,\"member_1_question_8_code\":\"\",\"member_2_question_8_type\":\"flag\",\"member_2_question_8_details\":false,\"member_2_question_8_code\":\"\",\"member_1_question_9_type\":\"flag\",\"member_1_question_9_details\":false,\"member_1_question_9_code\":\"\",\"member_2_question_9_type\":\"flag\",\"member_2_question_9_details\":false,\"member_2_question_9_code\":\"\",\"member_1_question_10_type\":\"flag\",\"member_1_question_10_details\":false,\"member_1_question_10_code\":\"\",\"member_2_question_10_type\":\"flag\",\"member_2_question_10_details\":false,\"member_2_question_10_code\":\"\",\"member_1_question_11_type\":\"flag\",\"member_1_question_11_details\":false,\"member_1_question_11_code\":\"\",\"member_2_question_11_type\":\"flag\",\"member_2_question_11_details\":false,\"member_2_question_11_code\":\"\",\"member_1_question_12_type\":\"flag\",\"member_1_question_12_details\":false,\"member_1_question_12_code\":\"\",\"member_2_question_12_type\":\"flag\",\"member_2_question_12_details\":false,\"member_2_question_12_code\":\"\",\"member_1_question_13_type\":\"flag\",\"member_1_question_13_details\":false,\"member_1_question_13_code\":\"\",\"member_2_question_13_type\":\"flag\",\"member_2_question_13_details\":false,\"member_2_question_13_code\":\"\",\"member_1_question_14_type\":\"flag\",\"member_1_question_14_details\":false,\"member_1_question_14_code\":\"\",\"member_2_question_14_type\":\"flag\",\"member_2_question_14_details\":false,\"member_2_question_14_code\":\"\",\"member_1_question_15_type\":\"flag\",\"member_1_question_15_details\":false,\"member_1_question_15_code\":\"\",\"member_2_question_15_type\":\"flag\",\"member_2_question_15_details\":false,\"member_2_question_15_code\":\"\",\"member_1_question_16_type\":\"flag\",\"member_1_question_16_details\":false,\"member_1_question_16_code\":\"\",\"member_2_question_16_type\":\"flag\",\"member_2_question_16_details\":false,\"member_2_question_16_code\":\"\",\"member_1_question_17_type\":\"flag\",\"member_1_question_17_details\":false,\"member_1_question_17_code\":\"\",\"member_2_question_17_type\":\"flag\",\"member_2_question_17_details\":false,\"member_2_question_17_code\":\"\",\"member_1_question_18_type\":\"flag\",\"member_1_question_18_details\":false,\"member_1_question_18_code\":\"\",\"member_2_question_18_type\":\"flag\",\"member_2_question_18_details\":false,\"member_2_question_18_code\":\"\",\"member_1_question_19_type\":\"flag\",\"member_1_question_19_details\":false,\"member_1_question_19_code\":\"\",\"member_2_question_19_type\":\"flag\",\"member_2_question_19_details\":false,\"member_2_question_19_code\":\"\",\"member_1_question_20_type\":\"flag\",\"member_1_question_20_details\":false,\"member_1_question_20_code\":\"\",\"member_2_question_20_type\":\"flag\",\"member_2_question_20_details\":false,\"member_2_question_20_code\":\"\",\"insurer_id\":20,\"data_type\":\"proposal\",\"search_reference_number\":\"SRN-B6YS4EL5-MLYJ-EDDI-CXGH-RODKXJAQX26Y\",\"api_reference_number\":\"ARN-ZRB6ICBW-W0WD-TNPU-4XQS-8CDG4TVMTGOK\",\"slid\":1271318}}],\n  Is_Active: true,\n  Verification_Request: \n   { api_reference_number: 'ARN-DZOKAYMT-UWEU-WBUZ-BZFU-WBO5BB5TLWOV',\n     search_reference_number: 'SRN-B6YS4EL5-MLYJ-EDDI-CXGH-RODKXJAQX26Y',\n     execution_async: 'no',\n     insurer_id: '20',\n     method_type: 'Verification',\n     pg_url: 'http://localhost:50111/payment/transaction_status',\n     pg_get: {},\n     pg_post: \n      { returnMessage: 'YGHlaiKqJtryBSupbpd7Ti5fL8YarbOaZdUzqwRmE5FkQMAK2kziCLuA9yU27Uu8WKJhShkkSEz0nGDS+ymEj0icnHGv322brl9TcUgH40VuCvP/bemrKe0+L422pFt2I2fg8HuXmOChjjobCiHHFoh4Bjxd12Ss0en3K7zSL+8h+0mnnD7wl++EDmzVZe44Hb/xiDTNF/vK7LAILN38Sw==',\n        paymentGateway: '2sAAyPVAhdabVvF03m9cGg==',\n        tempstring: 'pN3bd5s3KM2ftotyqHzvQQ==',\n        paymentTypeDesc: 'pN3bd5s3KM2ftotyqHzvQQ==',\n        bankNameDesc: 'pN3bd5s3KM2ftotyqHzvQQ==',\n        uniqueSalesId: '0' },\n     pg_redirect_mode: 'POST',\n     secret_key: 'SECRET-HZ07QRWY-JIBT-XRMQ-ZP95-J0RWP3DYRACW',\n     client_key: 'CLIENT-CNTP6NYE-CU9N-DUZW-CSPI-SH1IS4DOVHB9' },\n  Payment_Response: \n   { pg_url: 'http://localhost:50111/payment/transaction_status',\n     pg_get: {},\n     pg_post: \n      { returnMessage: 'YGHlaiKqJtryBSupbpd7Ti5fL8YarbOaZdUzqwRmE5FkQMAK2kziCLuA9yU27Uu8WKJhShkkSEz0nGDS+ymEj0icnHGv322brl9TcUgH40VuCvP/bemrKe0+L422pFt2I2fg8HuXmOChjjobCiHHFoh4Bjxd12Ss0en3K7zSL+8h+0mnnD7wl++EDmzVZe44Hb/xiDTNF/vK7LAILN38Sw==',\n        paymentGateway: '2sAAyPVAhdabVvF03m9cGg==',\n        tempstring: 'pN3bd5s3KM2ftotyqHzvQQ==',\n        paymentTypeDesc: 'pN3bd5s3KM2ftotyqHzvQQ==',\n        bankNameDesc: 'pN3bd5s3KM2ftotyqHzvQQ==',\n        uniqueSalesId: '0' },\n     pg_redirect_mode: 'POST' },\n  Erp_Qt_Request_Core: \n   { ___premium_breakup_CGST___: 0,\n     ___premium_breakup_SGST___: 0,\n     ___premium_breakup_IGST___: 0,\n     ___premium_breakup_UGST___: 0,\n     ___premium_breakup_net_premium___: 4684,\n     ___premium_breakup_service_tax___: NaN,\n     ___premium_breakup_final_premium___: 5527,\n     ___client_id___: 2,\n     ___platform___: 'Website',\n     ___client_name___: 'PolicyBoss',\n     ___city_id___: 677,\n     ___city_name___: 'Mumbai',\n     ___permanent_pincode___: '400050',\n     ___health_insurance_si___: 500000,\n     ___adult_count___: 2,\n     ___child_count___: 0,\n     ___member_1_age___: 30,\n     ___member_1_gender___: 'M',\n     ___contact_name___: 'abc xyz',\n     ___mobile___: '8989898989',\n     ___policy_tenure___: 1,\n     ___product_id___: 2,\n     ___member_1_birth_date___: '1988-08-23',\n     ___member_2_birth_date___: '1990-08-20',\n     ___state_name___: 'Maharashtra',\n     ___member_2_gender___: 'F',\n     ___member_3_gender___: '',\n     ___member_4_gender___: '',\n     ___member_5_gender___: '',\n     ___member_6_gender___: '',\n     ___member_2_age___: 28,\n     ___member_3_age___: -1,\n     ___member_4_age___: -1,\n     ___member_5_age___: -1,\n     ___member_6_age___: -1,\n     ___method_type___: 'Proposal',\n     ___health_insurance_type___: 'floater',\n     ___execution_async___: 'yes',\n     ___crn___: 240050,\n     ___ss_id___: 0,\n     ___agent_source___: '0',\n     ___secret_key___: 'SECRET-HZ07QRWY-JIBT-XRMQ-ZP95-J0RWP3DYRACW',\n     ___client_key___: 'CLIENT-CNTP6NYE-CU9N-DUZW-CSPI-SH1IS4DOVHB9',\n     ___fba_id___: NaN,\n     ___Sub_Fba_Id___: '',\n     ___geo_lat___: 19.080776699999998,\n     ___geo_long___: 72.8927501,\n     ___app_version___: 'PolicyBoss.com',\n     ___quick_quote___: false,\n     ___insurer_selected___: '',\n     ___udid___: 61012,\n     ___first_name___: 'abc',\n     ___last_name___: 'xyz',\n     ___middle_name___: '',\n     ___birth_date___: '1988-08-23',\n     ___email___: 'policybosstesting@gmail.com',\n     ___member_count___: 2,\n     ___member_1_first_name___: 'abc',\n     ___member_1_last_name___: 'xyz',\n     ___member_1_middle_name___: '',\n     ___member_2_first_name___: 'tyu',\n     ___member_2_middle_name___: '',\n     ___member_2_last_name___: 'xyz',\n     ___member_1_age_in_months___: 367,\n     ___member_2_age_in_months___: 343,\n     ___elder_member_age___: 30,\n     ___elder_member_age_in_months___: 367,\n     ___elder_member_birth_date___: '1988-08-23',\n     ___policy_start_date___: '2019-04-04',\n     ___policy_end_date___: '2020-04-03',\n     ___posp_posp_id___: 0,\n     ___posp_fba_id___: 0,\n     ___posp_sm_posp_id___: 0,\n     ___posp_sm_posp_name___: 0,\n     ___posp_first_name___: 0,\n     ___posp_middle_name___: 0,\n     ___posp_last_name___: 0,\n     ___posp_email_id___: 0,\n     ___posp_agent_city___: 'Mumbai',\n     ___posp_mobile_no___: 0,\n     ___posp_pan_no___: 0,\n     ___posp_aadhar___: 0,\n     ___posp_sources___: 0,\n     ___posp_ss_id___: 0,\n     ___posp_erp_id___: 0,\n     ___posp_gender___: 0,\n     ___posp_posp_category___: 0,\n     ___posp_reporting_agent_uid___: 508389,\n     ___posp_reporting_agent_name___: 'POLICY BOSS WEBSITE',\n     ___posp_reporting_email_id___: 0,\n     ___posp_reporting_mobile_number___: 0,\n     ___posp_category___: 'PolicyBoss',\n     ___erp_source___: 'FRESH-NM',\n     ___is_posp___: 'no',\n     ___salutation___: 'Mr.',\n     ___gender___: 'M',\n     ___marital___: 'MARRIED',\n     ___occupation___: '1',\n     ___relation___: 'Y',\n     ___pan___: 'beopx8965d',\n     ___annual_income___: '800000',\n     ___permanent_address_1___: 'fsrwer',\n     ___permanent_address_2___: 'rer',\n     ___permanent_address_3___: 'rwer',\n     ___district___: 'Mumbai',\n     ___communication_district_code___: '3300',\n     ___communication_state___: 'Maharashtra',\n     ___communication_state_code___: '21',\n     ___locality___: '',\n     ___communication_locality_code___: '',\n     ___member_1_salutation___: 'Mr.',\n     ___member_1_fullName___: 'abc xyz',\n     ___member_1_marital_status___: 'MARRIED',\n     ___member_1_height___: '170',\n     ___member_1_weight___: '70',\n     ___member_1_occupation___: '1',\n     ___member_1_qualification___: 'G',\n     ___member_1_nominee_name___: '',\n     ___member_1_nominee_rel___: '',\n     ___member_2_salutation___: 'Mrs.',\n     ___member_2_fullName___: 'tyu xyz',\n     ___member_2_marital_status___: 'MARRIED',\n     ___member_2_height___: '157',\n     ___member_2_weight___: '60',\n     ___member_2_occupation___: '2',\n     ___member_2_qualification___: 'G',\n     ___member_2_nominee_name___: '',\n     ___member_2_nominee_rel___: '',\n     ___member_3_salutation___: '',\n     ___member_3_fullName___: '',\n     ___member_3_marital_status___: '',\n     ___member_3_birth_date___: '',\n     ___member_3_height___: '',\n     ___member_3_weight___: '',\n     ___member_3_occupation___: '',\n     ___member_3_qualification___: '',\n     ___member_3_nominee_name___: '',\n     ___member_3_nominee_rel___: '',\n     ___member_4_salutation___: '',\n     ___member_4_fullName___: '',\n     ___member_4_marital_status___: '',\n     ___member_4_birth_date___: '',\n     ___member_4_height___: '',\n     ___member_4_weight___: '',\n     ___member_4_occupation___: '',\n     ___member_4_qualification___: '',\n     ___member_4_nominee_name___: '',\n     ___member_4_nominee_rel___: '',\n     ___member_5_salutation___: '',\n     ___member_5_fullName___: '',\n     ___member_5_marital_status___: '',\n     ___member_5_birth_date___: '',\n     ___member_5_height___: '',\n     ___member_5_weight___: '',\n     ___member_5_occupation___: '',\n     ___member_5_qualification___: '',\n     ___member_5_nominee_name___: '',\n     ___member_5_nominee_rel___: '',\n     ___member_6_salutation___: '',\n     ___member_6_fullName___: '',\n     ___member_6_marital_status___: '',\n     ___member_6_birth_date___: '',\n     ___member_6_height___: '',\n     ___member_6_weight___: '',\n     ___member_6_occupation___: '',\n     ___member_6_qualification___: '',\n     ___member_6_nominee_name___: '',\n     ___member_6_nominee_rel___: '',\n     ___same_as_for_nominee___: true,\n     ___nominee_name___: 'abc xyz',\n     ___nominee_birth_date___: '1988-08-23',\n     ___nominee_address___: 'fsrwer, rer, rwer',\n     ___nominee_pincode___: '400050',\n     ___nominee_city_name___: 'Mumbai',\n     ___nominee_relation___: 'Y',\n     ___nominee_relation_code___: '',\n     ___online_agreement___: true,\n     ___lm_employee_name___: '',\n     ___qt_number___: '',\n     ___agent_mobile___: '',\n     ___agent_name___: '',\n     ___net_premium___: 4684,\n     ___final_premium___: 5527,\n     ___service_tax___: 843,\n     ___items___: null,\n     ___name___: 'member_2_question_20',\n     ___member_1_question_1_type___: 'flag',\n     ___member_1_question_1_details___: false,\n     ___member_1_question_1_code___: '',\n     ___member_2_question_1_type___: 'flag',\n     ___member_2_question_1_details___: false,\n     ___member_2_question_1_code___: '',\n     ___member_1_question_2_type___: 'flag',\n     ___member_1_question_2_details___: false,\n     ___member_1_question_2_code___: '',\n     ___member_2_question_2_type___: 'flag',\n     ___member_2_question_2_details___: false,\n     ___member_2_question_2_code___: '',\n     ___member_1_question_3_type___: 'flag',\n     ___member_1_question_3_details___: false,\n     ___member_1_question_3_code___: '',\n     ___member_2_question_3_type___: 'flag',\n     ___member_2_question_3_details___: false,\n     ___member_2_question_3_code___: '',\n     ___member_1_question_4_type___: 'flag',\n     ___member_1_question_4_details___: false,\n     ___member_1_question_4_code___: '',\n     ___member_2_question_4_type___: 'flag',\n     ___member_2_question_4_details___: false,\n     ___member_2_question_4_code___: '',\n     ___member_1_question_5_type___: 'flag',\n     ___member_1_question_5_details___: false,\n     ___member_1_question_5_code___: '',\n     ___member_2_question_5_type___: 'flag',\n     ___member_2_question_5_details___: false,\n     ___member_2_question_5_code___: '',\n     ___member_1_question_6_type___: 'flag',\n     ___member_1_question_6_details___: false,\n     ___member_1_question_6_code___: '',\n     ___member_2_question_6_type___: 'flag',\n     ___member_2_question_6_details___: false,\n     ___member_2_question_6_code___: '',\n     ___member_1_question_7_type___: 'flag',\n     ___member_1_question_7_details___: false,\n     ___member_1_question_7_code___: '',\n     ___member_2_question_7_type___: 'flag',\n     ___member_2_question_7_details___: false,\n     ___member_2_question_7_code___: '',\n     ___member_1_question_8_type___: 'flag',\n     ___member_1_question_8_details___: false,\n     ___member_1_question_8_code___: '',\n     ___member_2_question_8_type___: 'flag',\n     ___member_2_question_8_details___: false,\n     ___member_2_question_8_code___: '',\n     ___member_1_question_9_type___: 'flag',\n     ___member_1_question_9_details___: false,\n     ___member_1_question_9_code___: '',\n     ___member_2_question_9_type___: 'flag',\n     ___member_2_question_9_details___: false,\n     ___member_2_question_9_code___: '',\n     ___member_1_question_10_type___: 'flag',\n     ___member_1_question_10_details___: false,\n     ___member_1_question_10_code___: '',\n     ___member_2_question_10_type___: 'flag',\n     ___member_2_question_10_details___: false,\n     ___member_2_question_10_code___: '',\n     ___member_1_question_11_type___: 'flag',\n     ___member_1_question_11_details___: false,\n     ___member_1_question_11_code___: '',\n     ___member_2_question_11_type___: 'flag',\n     ___member_2_question_11_details___: false,\n     ___member_2_question_11_code___: '',\n     ___member_1_question_12_type___: 'flag',\n     ___member_1_question_12_details___: false,\n     ___member_1_question_12_code___: '',\n     ___member_2_question_12_type___: 'flag',\n     ___member_2_question_12_details___: false,\n     ___member_2_question_12_code___: '',\n     ___member_1_question_13_type___: 'flag',\n     ___member_1_question_13_details___: false,\n     ___member_1_question_13_code___: '',\n     ___member_2_question_13_type___: 'flag',\n     ___member_2_question_13_details___: false,\n     ___member_2_question_13_code___: '',\n     ___member_1_question_14_type___: 'flag',\n     ___member_1_question_14_details___: false,\n     ___member_1_question_14_code___: '',\n     ___member_2_question_14_type___: 'flag',\n     ___member_2_question_14_details___: false,\n     ___member_2_question_14_code___: '',\n     ___member_1_question_15_type___: 'flag',\n     ___member_1_question_15_details___: false,\n     ___member_1_question_15_code___: '',\n     ___member_2_question_15_type___: 'flag',\n     ___member_2_question_15_details___: false,\n     ___member_2_question_15_code___: '',\n     ___member_1_question_16_type___: 'flag',\n     ___member_1_question_16_details___: false,\n     ___member_1_question_16_code___: '',\n     ___member_2_question_16_type___: 'flag',\n     ___member_2_question_16_details___: false,\n     ___member_2_question_16_code___: '',\n     ___member_1_question_17_type___: 'flag',\n     ___member_1_question_17_details___: false,\n     ___member_1_question_17_code___: '',\n     ___member_2_question_17_type___: 'flag',\n     ___member_2_question_17_details___: false,\n     ___member_2_question_17_code___: '',\n     ___member_1_question_18_type___: 'flag',\n     ___member_1_question_18_details___: false,\n     ___member_1_question_18_code___: '',\n     ___member_2_question_18_type___: 'flag',\n     ___member_2_question_18_details___: false,\n     ___member_2_question_18_code___: '',\n     ___member_1_question_19_type___: 'flag',\n     ___member_1_question_19_details___: false,\n     ___member_1_question_19_code___: '',\n     ___member_2_question_19_type___: 'flag',\n     ___member_2_question_19_details___: false,\n     ___member_2_question_19_code___: '',\n     ___member_1_question_20_type___: 'flag',\n     ___member_1_question_20_details___: false,\n     ___member_1_question_20_code___: '',\n     ___member_2_question_20_type___: 'flag',\n     ___member_2_question_20_details___: false,\n     ___member_2_question_20_code___: '',\n     ___salutation_text___: 'Mr.',\n     ___relation_text___: 'SELF',\n     ___marital_text___: 'Married',\n     ___occupation_text___: 'Salaried',\n     ___member_1_salutation_text___: 'Mr.',\n     ___member_1_marital_status_text___: 'Married',\n     ___member_1_height_text___: '5\\'7\" - 170 cm',\n     ___member_1_occupation_text___: 'Salaried',\n     ___member_1_qualification_text___: 'Graduate',\n     ___member_2_salutation_text___: 'Mrs.',\n     ___member_2_marital_status_text___: 'Married',\n     ___member_2_height_text___: '5\\'2\" - 157 cm',\n     ___member_2_occupation_text___: 'Self Employed',\n     ___member_2_qualification_text___: 'Graduate',\n     ___nominee_relation_text___: 'SELF',\n     ___search_reference_number___: 'SRN-B6YS4EL5-MLYJ-EDDI-CXGH-RODKXJAQX26Y',\n     ___api_reference_number___: 'ARN-ZRB6ICBW-W0WD-TNPU-4XQS-8CDG4TVMTGOK',\n     ___insurer_id___: 20,\n     ___lm_agent_name___: '',\n     ___lm_agent_id___: NaN,\n     ___lm_agent_mobile___: '',\n     ___erp_qt___: '',\n     ___erp_uid___: '',\n     ___slid___: 1271318,\n     ___nominee_first_name___: 'abc',\n     ___nominee_last_name___: 'xyz',\n     ___member_3_first_name___: '',\n     ___member_3_middle_name___: '',\n     ___current_date___: '2019-04-03',\n     ___erp_product_id___: 1,\n     ___erp_product_name___: 'Health',\n     ___premium_breakup_discount___: 0,\n     ___premium_breakup_gross_premium___: 0,\n     ___premium_breakup_base_premium___: 0,\n     ___premium_breakup_SBC___: 0,\n     ___premium_breakup_KKC___: 0,\n     ___premium_breakup_discount_percent___: 0,\n     ___tp_other___: NaN,\n     ___premium_breakup_addon_final_premium___: 0,\n     ___nominee_age___: 30,\n     ___vehicle_manf_year___: null,\n     ___premium_breakup_od_after_tarrif_discount___: NaN,\n     ___communication_address___: 'Maharashtra',\n     ___pb_erp_regionid___: 'Mumbai',\n     ___pb_erp_regionname___: 'Mumbai',\n     ___erp_posp_product___: 2,\n     ___erp_is_posp___: 'NONPOSP',\n     ___insurerco_id___: 24,\n     ___insurerco_name___: 'MAX BUPA HEALTH INSURANCE CO LTD' },\n  Payment_Request: \n   { pg_ack_url: 'http://qa.policyboss.com/transaction-status/240050',\n     pg_url: 'http://uat.maxbupa.com/_layouts/dummypayment/dummybilldesk.aspx?unqPolicyNumber=BB2400501111&premiumValue=5527&paymentType=mxbpofflinewithoutemi&additionalComment=820240050111,5527&returnPath=http://localhost:50111/Payment/Transaction_Status',\n     pg_data: { ReturnURL: 'http://qa.policyboss.com/transaction-status/240050' },\n     pg_redirect_mode: 'POST' },\n  Proposal_Request_Core: \n   { salutation: 'Mr.',\n     first_name: 'abc',\n     middle_name: '',\n     last_name: 'xyz',\n     birth_date: '1988-08-23',\n     gender: 'M',\n     marital: 'MARRIED',\n     occupation: '1',\n     relation: 'Y',\n     email: 'policybosstesting@gmail.com',\n     pan: 'beopx8965d',\n     annual_income: '800000',\n     permanent_address_1: 'fsrwer',\n     permanent_address_2: 'rer',\n     permanent_address_3: 'rwer',\n     permanent_pincode: '400050',\n     district: 'Mumbai',\n     communication_district_code: '3300',\n     communication_state: 'Maharashtra',\n     communication_state_code: '21',\n     locality: '',\n     communication_locality_code: '',\n     mobile: '8989898989',\n     member_1_salutation: 'Mr.',\n     member_1_fullName: 'abc xyz',\n     member_1_marital_status: 'MARRIED',\n     member_1_gender: 'M',\n     member_1_birth_date: '1988-08-23',\n     member_1_height: '170',\n     member_1_weight: '70',\n     member_1_occupation: '1',\n     member_1_qualification: 'G',\n     member_1_nominee_name: '',\n     member_1_nominee_rel: '',\n     member_2_salutation: 'Mrs.',\n     member_2_fullName: 'tyu xyz',\n     member_2_marital_status: 'MARRIED',\n     member_2_gender: 'F',\n     member_2_birth_date: '1990-08-20',\n     member_2_height: '157',\n     member_2_weight: '60',\n     member_2_occupation: '2',\n     member_2_qualification: 'G',\n     member_2_nominee_name: '',\n     member_2_nominee_rel: '',\n     member_3_salutation: '',\n     member_3_fullName: '',\n     member_3_marital_status: '',\n     member_3_gender: '',\n     member_3_birth_date: '',\n     member_3_height: '',\n     member_3_weight: '',\n     member_3_occupation: '',\n     member_3_qualification: '',\n     member_3_nominee_name: '',\n     member_3_nominee_rel: '',\n     member_4_salutation: '',\n     member_4_fullName: '',\n     member_4_marital_status: '',\n     member_4_gender: '',\n     member_4_birth_date: '',\n     member_4_height: '',\n     member_4_weight: '',\n     member_4_occupation: '',\n     member_4_qualification: '',\n     member_4_nominee_name: '',\n     member_4_nominee_rel: '',\n     member_5_salutation: '',\n     member_5_fullName: '',\n     member_5_marital_status: '',\n     member_5_gender: '',\n     member_5_birth_date: '',\n     member_5_height: '',\n     member_5_weight: '',\n     member_5_occupation: '',\n     member_5_qualification: '',\n     member_5_nominee_name: '',\n     member_5_nominee_rel: '',\n     member_6_salutation: '',\n     member_6_fullName: '',\n     member_6_marital_status: '',\n     member_6_gender: '',\n     member_6_birth_date: '',\n     member_6_height: '',\n     member_6_weight: '',\n     member_6_occupation: '',\n     member_6_qualification: '',\n     member_6_nominee_name: '',\n     member_6_nominee_rel: '',\n     same_as_for_nominee: true,\n     nominee_name: 'abc xyz',\n     nominee_birth_date: '1988-08-23',\n     nominee_address: 'fsrwer, rer, rwer',\n     nominee_pincode: '400050',\n     nominee_city_name: 'Mumbai',\n     nominee_relation: 'Y',\n     nominee_relation_code: '',\n     online_agreement: true,\n     lm_employee_name: '',\n     qt_number: '',\n     agent_mobile: '',\n     agent_name: '',\n     net_premium: 4684,\n     final_premium: 5527,\n     service_tax: 843,\n     items: null,\n     city_id: 677,\n     city_name: 'Mumbai',\n     health_insurance_si: 500000,\n     adult_count: 2,\n     child_count: 0,\n     member_1_age: 30,\n     contact_name: 'abc xyz',\n     policy_tenure: 1,\n     product_id: 2,\n     state_name: 'Maharashtra',\n     member_2_age: 28,\n     member_3_age: -1,\n     member_4_age: -1,\n     member_5_age: -1,\n     member_6_age: -1,\n     method_type: 'Proposal',\n     health_insurance_type: 'floater',\n     execution_async: 'yes',\n     crn: 240050,\n     ss_id: 0,\n     agent_source: '0',\n     secret_key: 'SECRET-HZ07QRWY-JIBT-XRMQ-ZP95-J0RWP3DYRACW',\n     client_key: 'CLIENT-CNTP6NYE-CU9N-DUZW-CSPI-SH1IS4DOVHB9',\n     fba_id: null,\n     Sub_Fba_Id: '',\n     geo_lat: 19.080776699999998,\n     geo_long: 72.8927501,\n     app_version: 'PolicyBoss.com',\n     quick_quote: false,\n     insurer_selected: '',\n     client_id: 2,\n     client_name: 'PolicyBoss',\n     udid: 61012,\n     posp_posp_id: 0,\n     posp_fba_id: 0,\n     posp_sm_posp_id: 0,\n     posp_sm_posp_name: 0,\n     posp_first_name: 0,\n     posp_middle_name: 0,\n     posp_last_name: 0,\n     posp_email_id: 0,\n     posp_agent_city: 0,\n     posp_mobile_no: 0,\n     posp_pan_no: 0,\n     posp_aadhar: 0,\n     posp_sources: 0,\n     posp_ss_id: 0,\n     posp_erp_id: 0,\n     posp_gender: 0,\n     posp_posp_category: 0,\n     posp_reporting_agent_uid: 508389,\n     posp_reporting_agent_name: 'POLICY BOSS WEBSITE',\n     posp_reporting_email_id: 0,\n     posp_reporting_mobile_number: 0,\n     posp_category: 'PolicyBoss',\n     erp_source: 'FRESH-NM',\n     is_posp: 'no',\n     name: 'member_2_question_20',\n     member_1_question_1_type: 'flag',\n     member_1_question_1_details: false,\n     member_1_question_1_code: '',\n     member_2_question_1_type: 'flag',\n     member_2_question_1_details: false,\n     member_2_question_1_code: '',\n     member_1_question_2_type: 'flag',\n     member_1_question_2_details: false,\n     member_1_question_2_code: '',\n     member_2_question_2_type: 'flag',\n     member_2_question_2_details: false,\n     member_2_question_2_code: '',\n     member_1_question_3_type: 'flag',\n     member_1_question_3_details: false,\n     member_1_question_3_code: '',\n     member_2_question_3_type: 'flag',\n     member_2_question_3_details: false,\n     member_2_question_3_code: '',\n     member_1_question_4_type: 'flag',\n     member_1_question_4_details: false,\n     member_1_question_4_code: '',\n     member_2_question_4_type: 'flag',\n     member_2_question_4_details: false,\n     member_2_question_4_code: '',\n     member_1_question_5_type: 'flag',\n     member_1_question_5_details: false,\n     member_1_question_5_code: '',\n     member_2_question_5_type: 'flag',\n     member_2_question_5_details: false,\n     member_2_question_5_code: '',\n     member_1_question_6_type: 'flag',\n     member_1_question_6_details: false,\n     member_1_question_6_code: '',\n     member_2_question_6_type: 'flag',\n     member_2_question_6_details: false,\n     member_2_question_6_code: '',\n     member_1_question_7_type: 'flag',\n     member_1_question_7_details: false,\n     member_1_question_7_code: '',\n     member_2_question_7_type: 'flag',\n     member_2_question_7_details: false,\n     member_2_question_7_code: '',\n     member_1_question_8_type: 'flag',\n     member_1_question_8_details: false,\n     member_1_question_8_code: '',\n     member_2_question_8_type: 'flag',\n     member_2_question_8_details: false,\n     member_2_question_8_code: '',\n     member_1_question_9_type: 'flag',\n     member_1_question_9_details: false,\n     member_1_question_9_code: '',\n     member_2_question_9_type: 'flag',\n     member_2_question_9_details: false,\n     member_2_question_9_code: '',\n     member_1_question_10_type: 'flag',\n     member_1_question_10_details: false,\n     member_1_question_10_code: '',\n     member_2_question_10_type: 'flag',\n     member_2_question_10_details: false,\n     member_2_question_10_code: '',\n     member_1_question_11_type: 'flag',\n     member_1_question_11_details: false,\n     member_1_question_11_code: '',\n     member_2_question_11_type: 'flag',\n     member_2_question_11_details: false,\n     member_2_question_11_code: '',\n     member_1_question_12_type: 'flag',\n     member_1_question_12_details: false,\n     member_1_question_12_code: '',\n     member_2_question_12_type: 'flag',\n     member_2_question_12_details: false,\n     member_2_question_12_code: '',\n     member_1_question_13_type: 'flag',\n     member_1_question_13_details: false,\n     member_1_question_13_code: '',\n     member_2_question_13_type: 'flag',\n     member_2_question_13_details: false,\n     member_2_question_13_code: '',\n     member_1_question_14_type: 'flag',\n     member_1_question_14_details: false,\n     member_1_question_14_code: '',\n     member_2_question_14_type: 'flag',\n     member_2_question_14_details: false,\n     member_2_question_14_code: '',\n     member_1_question_15_type: 'flag',\n     member_1_question_15_details: false,\n     member_1_question_15_code: '',\n     member_2_question_15_type: 'flag',\n     member_2_question_15_details: false,\n     member_2_question_15_code: '',\n     member_1_question_16_type: 'flag',\n     member_1_question_16_details: false,\n     member_1_question_16_code: '',\n     member_2_question_16_type: 'flag',\n     member_2_question_16_details: false,\n     member_2_question_16_code: '',\n     member_1_question_17_type: 'flag',\n     member_1_question_17_details: false,\n     member_1_question_17_code: '',\n     member_2_question_17_type: 'flag',\n     member_2_question_17_details: false,\n     member_2_question_17_code: '',\n     member_1_question_18_type: 'flag',\n     member_1_question_18_details: false,\n     member_1_question_18_code: '',\n     member_2_question_18_type: 'flag',\n     member_2_question_18_details: false,\n     member_2_question_18_code: '',\n     member_1_question_19_type: 'flag',\n     member_1_question_19_details: false,\n     member_1_question_19_code: '',\n     member_2_question_19_type: 'flag',\n     member_2_question_19_details: false,\n     member_2_question_19_code: '',\n     member_1_question_20_type: 'flag',\n     member_1_question_20_details: false,\n     member_1_question_20_code: '',\n     member_2_question_20_type: 'flag',\n     member_2_question_20_details: false,\n     member_2_question_20_code: '',\n     salutation_text: 'Mr.',\n     relation_text: 'SELF',\n     marital_text: 'Married',\n     occupation_text: 'Salaried',\n     member_1_salutation_text: 'Mr.',\n     member_1_marital_status_text: 'Married',\n     member_1_height_text: '5\\'7\" - 170 cm',\n     member_1_occupation_text: 'Salaried',\n     member_1_qualification_text: 'Graduate',\n     member_2_salutation_text: 'Mrs.',\n     member_2_marital_status_text: 'Married',\n     member_2_height_text: '5\\'2\" - 157 cm',\n     member_2_occupation_text: 'Self Employed',\n     member_2_qualification_text: 'Graduate',\n     nominee_relation_text: 'SELF',\n     search_reference_number: 'SRN-B6YS4EL5-MLYJ-EDDI-CXGH-RODKXJAQX26Y',\n     api_reference_number: 'ARN-ZRB6ICBW-W0WD-TNPU-4XQS-8CDG4TVMTGOK',\n     insurer_id: 20,\n     lm_agent_name: '',\n     lm_agent_id: '',\n     lm_agent_mobile: '',\n     erp_qt: '',\n     erp_uid: '',\n     slid: 1271318 },\n  Service_Log_Unique_Id: 'ARN-ZRB6ICBW-W0WD-TNPU-4XQS-8CDG4TVMTGOK',\n  Proposal_Request: \n   { first_name: 'abc',\n     middle_name: '',\n     last_name: 'xyz',\n     birth_date: '1988-08-23',\n     gender: 'M',\n     email: 'policybosstesting@gmail.com',\n     pan: 'beopx8965d',\n     permanent_address_1: 'fsrwer',\n     permanent_address_2: 'rer',\n     permanent_address_3: 'rwer',\n     permanent_pincode: '400050',\n     mobile: '8989898989',\n     nominee_name: 'abc xyz',\n     nominee_birth_date: '1988-08-23' },\n  Insurer_Id: 20,\n  Premium_List: \n   { Summary: \n      { _id: 5ca43746fe3808246ca809d0,\n        Request_Id: 88158,\n        Request_Unique_Id: 'SRN-B6YS4EL5-MLYJ-EDDI-CXGH-RODKXJAQX26Y',\n        Client_Id: 2,\n        PB_CRN: '',\n        Request_Core: [Object],\n        Request_Product: [Object],\n        Created_On: 2019-04-03T04:32:06.754Z,\n        Status: 'pending',\n        Total: 41,\n        Pending: 5,\n        Complete: 36,\n        Success: 17,\n        Fail: 19,\n        Total_Execution_Time: 46.08,\n        Actual_Time: 54.099999999999994,\n        Insurer_Cnt: 4,\n        Plan_Cnt: 13,\n        Sum_Insured: [Object],\n        Premium: [Object] },\n     Response: [ [Object], [Object], [Object], [Object] ],\n     Response_1: \n      [ [Object],\n        [Object],\n        [Object],\n        [Object],\n        [Object],\n        [Object],\n        [Object],\n        [Object],\n        [Object],\n        [Object],\n        [Object],\n        [Object],\n        [Object] ] },\n  __v: 0,\n  Last_Status: 'PG_RETURNED',\n  ERP_CS: '',\n  ERP_QT: '',\n  PB_CRN: 240050,\n  Premium_Request: \n   { city_id: 677,\n     city_name: 'Mumbai',\n     permanent_pincode: 400050,\n     health_insurance_si: '500000',\n     adult_count: 2,\n     child_count: 0,\n     member_1_age: 30,\n     member_1_gender: 'M',\n     contact_name: 'abc xyz',\n     mobile: '8989898989',\n     policy_tenure: 1,\n     product_id: 2,\n     member_1_birth_date: '1988-08-23',\n     member_2_birth_date: '1990-08-20',\n     state_name: 'Maharashtra',\n     member_2_gender: 'F',\n     member_3_gender: '',\n     member_4_gender: '',\n     member_5_gender: '',\n     member_6_gender: '',\n     member_2_age: 28,\n     member_3_age: -1,\n     member_4_age: -1,\n     member_5_age: -1,\n     member_6_age: -1,\n     method_type: 'Premium',\n     health_insurance_type: 'floater',\n     execution_async: 'yes',\n     crn: 240050,\n     ss_id: 0,\n     agent_source: '0',\n     secret_key: 'SECRET-HZ07QRWY-JIBT-XRMQ-ZP95-J0RWP3DYRACW',\n     client_key: 'CLIENT-CNTP6NYE-CU9N-DUZW-CSPI-SH1IS4DOVHB9',\n     fba_id: NaN,\n     Sub_Fba_Id: '',\n     geo_lat: 19.080776699999998,\n     geo_long: 72.8927501,\n     app_version: 'PolicyBoss.com',\n     quick_quote: false,\n     insurer_selected: '',\n     client_id: 2,\n     client_name: 'PolicyBoss',\n     udid: 61012,\n     posp_posp_id: 0,\n     posp_fba_id: 0,\n     posp_sm_posp_id: 0,\n     posp_sm_posp_name: 0,\n     posp_first_name: 0,\n     posp_middle_name: 0,\n     posp_last_name: 0,\n     posp_email_id: 0,\n     posp_agent_city: 0,\n     posp_mobile_no: 0,\n     posp_pan_no: 0,\n     posp_aadhar: 0,\n     posp_sources: 0,\n     posp_ss_id: 0,\n     posp_erp_id: 0,\n     posp_gender: 0,\n     posp_posp_category: 0,\n     posp_reporting_agent_uid: 508389,\n     posp_reporting_agent_name: 'POLICY BOSS WEBSITE',\n     posp_reporting_email_id: 0,\n     posp_reporting_mobile_number: 0,\n     posp_category: 'PolicyBoss',\n     erp_source: 'FRESH-NM',\n     is_posp: 'no' },\n  Product_Id: 2,\n  Client_Id: 2,\n  Request_Unique_Id: 'SRN-B6YS4EL5-MLYJ-EDDI-CXGH-RODKXJAQX26Y',\n  User_Data_Id: 61012,\n  Created_On: 2019-04-03T04:32:06.638Z,\n  Modified_On: 2019-04-03T13:18:20.020Z,\n  _id: 5ca43746fe3808246ca809cf }","timestamp":"3:30:31 PM"}
{"level":"info","message":"Health::product_api_pre::Start","timestamp":"3:30:31 PM"}
{"level":"info","message":"Health child_count Start","timestamp":"3:30:31 PM"}
{"level":"info","message":"Health adult_count Start","timestamp":"3:30:31 PM"}
{"level":"info","message":"Health get_member_age Start","timestamp":"3:30:31 PM"}
{"level":"info","message":"Health get_member_birth_date Start","timestamp":"3:30:31 PM"}
{"level":"info","message":"Health get_member_birth_date Start","timestamp":"3:30:31 PM"}
{"level":"info","message":"Health get_member_age Start","timestamp":"3:30:31 PM"}
{"level":"info","message":"Health get_member_birth_date Start","timestamp":"3:30:31 PM"}
{"level":"info","message":"Health get_member_birth_date Start","timestamp":"3:30:31 PM"}
{"level":"info","message":"Start Health elder_member_age","timestamp":"3:30:31 PM"}
{"level":"info","message":"Start Health elder_member_age_in_months","timestamp":"3:30:31 PM"}
{"level":"info","message":"Health get_member_birth_date Start","timestamp":"3:30:31 PM"}
{"level":"info","message":"Health get_member_birth_date Start","timestamp":"3:30:31 PM"}
{"level":"info","message":"Health get_member_birth_date Start","timestamp":"3:30:31 PM"}
{"level":"info","message":"Start Health elder_member_age_in_months","timestamp":"3:30:31 PM"}
{"level":"info","message":"Health get_member_birth_date Start","timestamp":"3:30:31 PM"}
{"level":"info","message":"Health get_member_birth_date Start","timestamp":"3:30:31 PM"}
{"level":"info","message":"Health policy_start_date Start","timestamp":"3:30:31 PM"}
{"level":"info","message":"Health policy_start_date Finish 2022-09-14","timestamp":"3:30:31 PM"}
{"level":"info","message":"Start Health policy_end_date","timestamp":"3:30:31 PM"}
{"level":"info","message":"Finish Health policy_end_date 2023-09-13","timestamp":"3:30:31 PM"}
{"level":"info","message":"Health::product_api_pre::Finish","timestamp":"3:30:31 PM"}
{"level":"info","message":"IciciLombardHealth is_valid_plan start","timestamp":"3:30:31 PM"}
{"level":"info","message":"IciciLombardHealth is_valid_plan start","timestamp":"3:30:31 PM"}
{"level":"info","message":"IciciLombardHealth is_valid_plan start","timestamp":"3:30:31 PM"}
{"level":"info","message":"IciciLombardHealth is_valid_plan start","timestamp":"3:30:31 PM"}
{"level":"info","message":"IciciLombardHealth is_valid_plan start","timestamp":"3:30:31 PM"}
{"level":"info","message":"ApolloMunichHealth is_valid_plan start","timestamp":"3:30:31 PM"}
{"level":"info","message":"ApolloMunichHealth is_valid_plan start","timestamp":"3:30:31 PM"}
{"level":"info","message":"ApolloMunichHealth is_valid_plan start","timestamp":"3:30:31 PM"}
{"level":"info","message":"ApolloMunichHealth is_valid_plan start","timestamp":"3:30:31 PM"}
{"level":"info","message":"ApolloMunichHealth is_valid_plan start","timestamp":"3:30:31 PM"}
{"level":"info","message":"ApolloMunichHealth is_valid_plan start","timestamp":"3:30:31 PM"}
{"level":"info","message":"ApolloMunichHealth is_valid_plan start","timestamp":"3:30:31 PM"}
{"level":"info","message":"ApolloMunichHealth is_valid_plan start","timestamp":"3:30:31 PM"}
{"level":"info","message":"ReligareHealth is_valid_plan start","timestamp":"3:30:31 PM"}
{"level":"info","message":"ReligareHealth is_valid_plan start","timestamp":"3:30:31 PM"}
{"level":"info","message":"ReligareHealth is_valid_plan start","timestamp":"3:30:31 PM"}
{"level":"info","message":"ReligareHealth is_valid_plan start","timestamp":"3:30:31 PM"}
{"level":"info","message":"ReligareHealth is_valid_plan start","timestamp":"3:30:31 PM"}
{"level":"info","message":"ReligareHealth is_valid_plan start","timestamp":"3:30:31 PM"}
{"level":"info","message":"MaxBupaHealth is_valid_plan start","timestamp":"3:30:35 PM"}
{"level":"info","message":"MaxBupaHealth is_valid_plan start","timestamp":"3:30:35 PM"}
{"level":"info","message":"HDFCErgoHealth is_valid_plan start","timestamp":"3:30:35 PM"}
{"level":"info","message":"HDFCErgoHealth is_valid_plan start","timestamp":"3:30:35 PM"}
{"level":"info","message":"HDFCErgoHealth is_valid_plan start","timestamp":"3:30:35 PM"}
{"level":"info","message":"GoDigitHealth is_valid_plan start","timestamp":"3:30:35 PM"}
{"level":"info","message":"GoDigitHealth is_valid_plan start","timestamp":"3:30:35 PM"}
{"level":"info","message":"GoDigitHealth is_valid_plan start","timestamp":"3:30:35 PM"}
{"level":"info","message":"RahejaQBEHealth is_valid_plan start","timestamp":"3:30:35 PM"}
{"level":"info","message":"RahejaQBEHealth is_valid_plan start","timestamp":"3:30:35 PM"}
{"level":"info","message":"RahejaQBEHealth is_valid_plan start","timestamp":"3:30:35 PM"}
{"level":"info","message":"RahejaQBEHealth is_valid_plan start","timestamp":"3:30:35 PM"}
{"level":"info","message":"ManipalCigna is_valid_plan start","timestamp":"3:30:35 PM"}
{"level":"info","message":"ManipalCigna is_valid_plan start","timestamp":"3:30:35 PM"}
{"level":"info","message":"ManipalCigna is_valid_plan start","timestamp":"3:30:35 PM"}
{"level":"info","message":"ManipalCigna is_valid_plan start","timestamp":"3:30:35 PM"}
{"level":"info","message":"ManipalCigna is_valid_plan start","timestamp":"3:30:35 PM"}
{"level":"info","message":"ManipalCigna is_valid_plan start","timestamp":"3:30:35 PM"}
{"level":"info","message":"MaxBupaHealth health_suminsured_selector Finish 500000","timestamp":"3:30:35 PM"}
