{"level":"info","message":"$$$$$$$$$$$$$$$$$$$$$$$$","timestamp":"12:56:13 PM"}
{"meta":"","level":"info","message":"","timestamp":"12:56:13 PM"}
{"level":"info","message":"Production Environment is Listening on port 3000","timestamp":"12:56:13 PM"}
{"level":"info","message":"Web URL : http://localhost:3000","timestamp":"12:56:13 PM"}
{"meta":"","level":"info","message":"","timestamp":"12:56:13 PM"}
{"level":"info","message":"$$$$$$$$$$$$$$$$$$$$$$$$","timestamp":"12:56:13 PM"}
{"meta":"","level":"info","message":"","timestamp":"12:56:13 PM"}
{"level":"info","message":"Waiting api_log_summary","timestamp":"3:42:59 PM"}
{"level":"info","message":"Waiting api_log_summary","timestamp":"3:42:59 PM"}
{"level":"info","message":"Client_Details { Platform: 'Website',\n  Role: 'LMClient',\n  Integration_Type: 'NonPOSP',\n  Premium_Source: 'Real',\n  __v: 0,\n  Response_Type: 'QUOTE',\n  Client_Name: 'PolicyBoss',\n  Client_Unique_Id: 'CLIENT-CNTP6NYE-CU9N-DUZW-CSPI-SH1IS4DOVHB9',\n  Secret_Key: 'SECRET-HZ07QRWY-JIBT-XRMQ-ZP95-J0RWP3DYRACW',\n  Created_On: '2017-05-17T12:55:14.111Z',\n  Is_Active: true,\n  Modified_On: '2017-05-17T12:55:14.111Z',\n  Client_Id: 2,\n  _id: '591c48321cc1042aec9ee6c9' }","timestamp":"3:43:00 PM"}
{"level":"info","message":"Finish api_log_summary","timestamp":"3:43:01 PM"}
{"level":"info","message":"Client_Details { Platform: 'Website',\n  Role: 'LMClient',\n  Integration_Type: 'NonPOSP',\n  Premium_Source: 'Real',\n  __v: 0,\n  Response_Type: 'QUOTE',\n  Client_Name: 'PolicyBoss',\n  Client_Unique_Id: 'CLIENT-CNTP6NYE-CU9N-DUZW-CSPI-SH1IS4DOVHB9',\n  Secret_Key: 'SECRET-HZ07QRWY-JIBT-XRMQ-ZP95-J0RWP3DYRACW',\n  Created_On: '2017-05-17T12:55:14.111Z',\n  Is_Active: true,\n  Modified_On: '2017-05-17T12:55:14.111Z',\n  Client_Id: 2,\n  _id: '591c48321cc1042aec9ee6c9' }","timestamp":"3:43:01 PM"}
{"level":"info","message":"Finish api_log_summary","timestamp":"3:43:01 PM"}
{"level":"info","message":"$$$$$$$$$$$$$$$$$$$$$$$$","timestamp":"6:13:32 PM"}
{"meta":"","level":"info","message":"","timestamp":"6:13:32 PM"}
{"level":"info","message":"Production Environment is Listening on port 3000","timestamp":"6:13:32 PM"}
{"level":"info","message":"Web URL : http://localhost:3000","timestamp":"6:13:32 PM"}
{"meta":"","level":"info","message":"","timestamp":"6:13:32 PM"}
{"level":"info","message":"$$$$$$$$$$$$$$$$$$$$$$$$","timestamp":"6:13:32 PM"}
{"meta":"","level":"info","message":"","timestamp":"6:13:32 PM"}
{"level":"info","message":"$$$$$$$$$$$$$$$$$$$$$$$$","timestamp":"6:20:11 PM"}
{"meta":"","level":"info","message":"","timestamp":"6:20:11 PM"}
{"level":"info","message":"Production Environment is Listening on port 3000","timestamp":"6:20:11 PM"}
{"level":"info","message":"Web URL : http://localhost:3000","timestamp":"6:20:11 PM"}
{"meta":"","level":"info","message":"","timestamp":"6:20:11 PM"}
{"level":"info","message":"$$$$$$$$$$$$$$$$$$$$$$$$","timestamp":"6:20:11 PM"}
{"meta":"","level":"info","message":"","timestamp":"6:20:11 PM"}
{"level":"info","message":"$$$$$$$$$$$$$$$$$$$$$$$$","timestamp":"6:39:19 PM"}
{"meta":"","level":"info","message":"","timestamp":"6:39:19 PM"}
{"level":"info","message":"Production Environment is Listening on port 3000","timestamp":"6:39:19 PM"}
{"level":"info","message":"Web URL : http://localhost:3000","timestamp":"6:39:19 PM"}
{"meta":"","level":"info","message":"","timestamp":"6:39:19 PM"}
{"level":"info","message":"$$$$$$$$$$$$$$$$$$$$$$$$","timestamp":"6:39:19 PM"}
{"meta":"","level":"info","message":"","timestamp":"6:39:19 PM"}
{"level":"info","message":"$$$$$$$$$$$$$$$$$$$$$$$$","timestamp":"6:47:13 PM"}
{"meta":"","level":"info","message":"","timestamp":"6:47:13 PM"}
{"level":"info","message":"Production Environment is Listening on port 3000","timestamp":"6:47:13 PM"}
{"level":"info","message":"Web URL : http://localhost:3000","timestamp":"6:47:13 PM"}
{"meta":"","level":"info","message":"","timestamp":"6:47:13 PM"}
{"level":"info","message":"$$$$$$$$$$$$$$$$$$$$$$$$","timestamp":"6:47:13 PM"}
{"meta":"","level":"info","message":"","timestamp":"6:47:13 PM"}
{"level":"info","message":"$$$$$$$$$$$$$$$$$$$$$$$$","timestamp":"6:58:53 PM"}
{"meta":"","level":"info","message":"","timestamp":"6:58:53 PM"}
{"level":"info","message":"Production Environment is Listening on port 3000","timestamp":"6:58:53 PM"}
{"level":"info","message":"Web URL : http://localhost:3000","timestamp":"6:58:53 PM"}
{"meta":"","level":"info","message":"","timestamp":"6:58:53 PM"}
{"level":"info","message":"$$$$$$$$$$$$$$$$$$$$$$$$","timestamp":"6:58:53 PM"}
{"meta":"","level":"info","message":"","timestamp":"6:58:53 PM"}
{"level":"info","message":"$$$$$$$$$$$$$$$$$$$$$$$$","timestamp":"7:10:00 PM"}
{"meta":"","level":"info","message":"","timestamp":"7:10:00 PM"}
{"level":"info","message":"Production Environment is Listening on port 3000","timestamp":"7:10:00 PM"}
{"level":"info","message":"Web URL : http://localhost:3000","timestamp":"7:10:00 PM"}
{"meta":"","level":"info","message":"","timestamp":"7:10:00 PM"}
{"level":"info","message":"$$$$$$$$$$$$$$$$$$$$$$$$","timestamp":"7:10:00 PM"}
{"meta":"","level":"info","message":"","timestamp":"7:10:00 PM"}
{"level":"info","message":"$$$$$$$$$$$$$$$$$$$$$$$$","timestamp":"7:17:16 PM"}
{"meta":"","level":"info","message":"","timestamp":"7:17:16 PM"}
{"level":"info","message":"Production Environment is Listening on port 3000","timestamp":"7:17:16 PM"}
{"level":"info","message":"Web URL : http://localhost:3000","timestamp":"7:17:16 PM"}
{"meta":"","level":"info","message":"","timestamp":"7:17:16 PM"}
{"level":"info","message":"$$$$$$$$$$$$$$$$$$$$$$$$","timestamp":"7:17:16 PM"}
{"meta":"","level":"info","message":"","timestamp":"7:17:16 PM"}
{"level":"info","message":"$$$$$$$$$$$$$$$$$$$$$$$$","timestamp":"7:21:50 PM"}
{"meta":"","level":"info","message":"","timestamp":"7:21:50 PM"}
{"level":"info","message":"Production Environment is Listening on port 3000","timestamp":"7:21:50 PM"}
{"level":"info","message":"Web URL : http://localhost:3000","timestamp":"7:21:50 PM"}
{"meta":"","level":"info","message":"","timestamp":"7:21:50 PM"}
{"level":"info","message":"$$$$$$$$$$$$$$$$$$$$$$$$","timestamp":"7:21:50 PM"}
{"meta":"","level":"info","message":"","timestamp":"7:21:50 PM"}
{"level":"info","message":"$$$$$$$$$$$$$$$$$$$$$$$$","timestamp":"7:27:12 PM"}
{"meta":"","level":"info","message":"","timestamp":"7:27:12 PM"}
{"level":"info","message":"Production Environment is Listening on port 3000","timestamp":"7:27:12 PM"}
{"level":"info","message":"Web URL : http://localhost:3000","timestamp":"7:27:12 PM"}
{"meta":"","level":"info","message":"","timestamp":"7:27:12 PM"}
{"level":"info","message":"$$$$$$$$$$$$$$$$$$$$$$$$","timestamp":"7:27:12 PM"}
{"meta":"","level":"info","message":"","timestamp":"7:27:12 PM"}
{"level":"info","message":"$$$$$$$$$$$$$$$$$$$$$$$$","timestamp":"7:31:50 PM"}
{"meta":"","level":"info","message":"","timestamp":"7:31:50 PM"}
{"level":"info","message":"Production Environment is Listening on port 3000","timestamp":"7:31:50 PM"}
{"level":"info","message":"Web URL : http://localhost:3000","timestamp":"7:31:50 PM"}
{"meta":"","level":"info","message":"","timestamp":"7:31:50 PM"}
{"level":"info","message":"$$$$$$$$$$$$$$$$$$$$$$$$","timestamp":"7:31:50 PM"}
{"meta":"","level":"info","message":"","timestamp":"7:31:50 PM"}
