{"level":"info","message":"$$$$$$$$$$$$$$$$$$$$$$$$","timestamp":"3:59:16 PM"}
{"meta":"","level":"info","message":"","timestamp":"3:59:16 PM"}
{"level":"info","message":"Production Environment is Listening on port 3000","timestamp":"3:59:16 PM"}
{"level":"info","message":"Web URL : http://localhost:3000","timestamp":"3:59:16 PM"}
{"meta":"","level":"info","message":"","timestamp":"3:59:16 PM"}
{"level":"info","message":"$$$$$$$$$$$$$$$$$$$$$$$$","timestamp":"3:59:16 PM"}
{"meta":"","level":"info","message":"","timestamp":"3:59:16 PM"}
{"level":"info","message":"Success","timestamp":"3:59:46 PM"}
{"level":"info","message":"Success","timestamp":"4:02:12 PM"}
{"level":"info","message":"Success","timestamp":"4:34:35 PM"}
{"level":"info","message":"Start premium_list_db","timestamp":"4:40:37 PM"}
{"level":"info","message":"The file was saved!","timestamp":"4:40:37 PM"}
{"level":"info","message":"Start premium_list_db","timestamp":"4:40:38 PM"}
{"level":"info","message":"Waiting premium_list_db","timestamp":"4:40:38 PM"}
{"level":"info","message":"Finish premium_list_db","timestamp":"4:40:38 PM"}
{"level":"info","message":"Success","timestamp":"4:40:39 PM"}
{"level":"info","message":"Success","timestamp":"4:42:25 PM"}
{"level":"info","message":"Success","timestamp":"4:43:29 PM"}
{"level":"info","message":"Start premium_list_db","timestamp":"4:44:17 PM"}
{"level":"info","message":"Waiting premium_list_db","timestamp":"4:44:17 PM"}
{"level":"info","message":"Finish premium_list_db","timestamp":"4:44:18 PM"}
{"level":"info","message":"Start premium_list_db","timestamp":"4:46:28 PM"}
{"level":"info","message":"The file was saved!","timestamp":"4:46:28 PM"}
