{"level":"info","message":"$$$$$$$$$$$$$$$$$$$$$$$$","timestamp":"9:08:16 AM"}
{"meta":"","level":"info","message":"","timestamp":"9:08:16 AM"}
{"level":"info","message":"Development Environment is Listening on port 3000","timestamp":"9:08:16 AM"}
{"level":"info","message":"Web URL : http://localhost:3000","timestamp":"9:08:16 AM"}
{"meta":"","level":"info","message":"","timestamp":"9:08:16 AM"}
{"level":"info","message":"$$$$$$$$$$$$$$$$$$$$$$$$","timestamp":"9:08:16 AM"}
{"meta":"","level":"info","message":"","timestamp":"9:08:16 AM"}
{"level":"info","message":"==============","timestamp":"2:03:59 PM"}
{"level":"info","message":"SendSmS MSP-919619160-1703752439493-34309-sms480","timestamp":"2:03:59 PM"}
{"level":"info","message":"==============","timestamp":"2:03:59 PM"}
{"level":"info","message":"SendSmS MSP-917666020-1703752439497-34311-sms480","timestamp":"2:03:59 PM"}
{"level":"info","message":"sms_logupdate null { n: 1, nModified: 1, ok: 1 }","timestamp":"2:03:59 PM"}
{"level":"info","message":"==============","timestamp":"2:03:59 PM"}
{"level":"info","message":"SendSmS MSP-917208803-1703752439500-34313-sms480","timestamp":"2:03:59 PM"}
{"level":"info","message":"sms_logupdate null { n: 1, nModified: 1, ok: 1 }","timestamp":"2:03:59 PM"}
{"level":"info","message":"sms_logupdate null { n: 1, nModified: 1, ok: 1 }","timestamp":"2:03:59 PM"}
{"level":"info","message":"==============","timestamp":"2:07:31 PM"}
{"level":"info","message":"SendSmS MSP-917666020-1703752652066-35458-sms480","timestamp":"2:07:31 PM"}
{"level":"info","message":"==============","timestamp":"2:07:31 PM"}
{"level":"info","message":"SendSmS MSP-917208803-1703752652075-35460-sms480","timestamp":"2:07:31 PM"}
{"level":"info","message":"sms_logupdate null { n: 1, nModified: 1, ok: 1 }","timestamp":"2:07:31 PM"}
{"level":"info","message":"==============","timestamp":"2:07:31 PM"}
{"level":"info","message":"SendSmS MSP-919619160-1703752652086-35462-sms480","timestamp":"2:07:31 PM"}
{"level":"info","message":"sms_logupdate null { n: 1, nModified: 1, ok: 1 }","timestamp":"2:07:31 PM"}
{"level":"info","message":"sms_logupdate null { n: 1, nModified: 1, ok: 1 }","timestamp":"2:07:31 PM"}
{"level":"info","message":"==============","timestamp":"2:07:53 PM"}
{"level":"info","message":"SendSmS MSP-917208803-1703752673577-35529-sms480","timestamp":"2:07:53 PM"}
{"level":"info","message":"==============","timestamp":"2:07:53 PM"}
{"level":"info","message":"SendSmS MSP-919619160-1703752673583-35531-sms480","timestamp":"2:07:53 PM"}
{"level":"info","message":"sms_logupdate null { n: 1, nModified: 1, ok: 1 }","timestamp":"2:07:53 PM"}
{"level":"info","message":"==============","timestamp":"2:07:53 PM"}
{"level":"info","message":"SendSmS MSP-917666020-1703752673588-35533-sms480","timestamp":"2:07:53 PM"}
{"level":"info","message":"sms_logupdate null { n: 1, nModified: 1, ok: 1 }","timestamp":"2:07:53 PM"}
{"level":"info","message":"sms_logupdate null { n: 1, nModified: 1, ok: 1 }","timestamp":"2:07:53 PM"}
{"level":"info","message":"==============","timestamp":"2:15:14 PM"}
{"level":"info","message":"SendSmS MSP-919320208-1703753114995-37107-sms480","timestamp":"2:15:14 PM"}
{"level":"info","message":"sms_logupdate null { n: 1, nModified: 1, ok: 1 }","timestamp":"2:15:14 PM"}
{"level":"info","message":"==============","timestamp":"2:17:29 PM"}
{"level":"info","message":"SendSmS MSP-919320208-1703753250265-37371-sms480","timestamp":"2:17:29 PM"}
{"level":"info","message":"sms_logupdate null { n: 1, nModified: 1, ok: 1 }","timestamp":"2:17:29 PM"}
{"level":"info","message":"$$$$$$$$$$$$$$$$$$$$$$$$","timestamp":"3:47:53 PM"}
{"meta":"","level":"info","message":"","timestamp":"3:47:53 PM"}
{"level":"info","message":"Development Environment is Listening on port 3000","timestamp":"3:47:53 PM"}
{"level":"info","message":"Web URL : http://localhost:3000","timestamp":"3:47:53 PM"}
{"meta":"","level":"info","message":"","timestamp":"3:47:53 PM"}
{"level":"info","message":"$$$$$$$$$$$$$$$$$$$$$$$$","timestamp":"3:47:53 PM"}
{"meta":"","level":"info","message":"","timestamp":"3:47:53 PM"}
