{"level":"info","message":"[ 114118 ]","timestamp":"2:33:54 PM"}
{"level":"info","message":"{ last_assigned_to: { '$in': [ 114118 ] } }","timestamp":"2:33:54 PM"}
{"level":"info","message":"$$$$$$$$$$$$$$$$$$$$$$$$","timestamp":"2:40:34 PM"}
{"meta":"","level":"info","message":"","timestamp":"2:40:34 PM"}
{"level":"info","message":"Development Environment is Listening on port 3000","timestamp":"2:40:34 PM"}
{"level":"info","message":"Web URL : http://localhost:3000","timestamp":"2:40:34 PM"}
{"meta":"","level":"info","message":"","timestamp":"2:40:34 PM"}
{"level":"info","message":"$$$$$$$$$$$$$$$$$$$$$$$$","timestamp":"2:40:34 PM"}
{"meta":"","level":"info","message":"","timestamp":"2:40:34 PM"}
{"level":"info","message":"[ 114118 ]","timestamp":"2:43:05 PM"}
{"level":"info","message":"{ last_assigned_to: { '$in': [ 114118 ] } }","timestamp":"2:43:05 PM"}
{"level":"info","message":"2023-11-28T18:30:00.000Z 2023-11-29T18:30:00.000Z","timestamp":"2:43:05 PM"}
{"level":"info","message":"[ 114118 ]","timestamp":"2:45:05 PM"}
{"level":"info","message":"{ last_assigned_to: { '$in': [ 114118 ] } }","timestamp":"2:45:05 PM"}
{"level":"info","message":"2023-11-28T18:30:00.000Z 2023-11-29T18:30:00.000Z","timestamp":"2:45:05 PM"}
{"level":"info","message":"[ 114118 ]","timestamp":"2:47:05 PM"}
{"level":"info","message":"{ last_assigned_to: { '$in': [ 114118 ] } }","timestamp":"2:47:05 PM"}
{"level":"info","message":"[ 114118 ]","timestamp":"2:47:14 PM"}
{"level":"info","message":"{ last_assigned_to: { '$in': [ 114118 ] } }","timestamp":"2:47:14 PM"}
{"level":"info","message":"2023-11-28T18:30:00.000Z 2023-11-29T18:30:00.000Z","timestamp":"2:47:14 PM"}
{"level":"info","message":"[ 114118 ]","timestamp":"2:47:44 PM"}
{"level":"info","message":"{ last_assigned_to: { '$in': [ 114118 ] } }","timestamp":"2:47:44 PM"}
{"level":"info","message":"[ 114118 ]","timestamp":"2:59:06 PM"}
{"level":"info","message":"{ last_assigned_to: { '$in': [ 114118 ] } }","timestamp":"2:59:06 PM"}
{"level":"info","message":"2023-11-28T18:30:00.000Z 2023-11-29T18:30:00.000Z","timestamp":"2:59:06 PM"}
{"level":"info","message":"[ 114118 ]","timestamp":"3:00:34 PM"}
{"level":"info","message":"{ last_assigned_to: { '$in': [ 114118 ] } }","timestamp":"3:00:34 PM"}
{"level":"info","message":"2023-07-18T18:30:00.000Z 2023-08-04T18:30:00.000Z","timestamp":"3:00:34 PM"}
{"level":"info","message":"[ 114118 ]","timestamp":"3:00:37 PM"}
{"level":"info","message":"{ last_assigned_to: { '$in': [ 114118 ] } }","timestamp":"3:00:37 PM"}
{"level":"info","message":"[ 114118 ]","timestamp":"3:02:20 PM"}
{"level":"info","message":"{ last_assigned_to: { '$in': [ 114118 ] } }","timestamp":"3:02:20 PM"}
{"level":"info","message":"2023-11-28T18:30:00.000Z 2023-11-29T18:30:00.000Z","timestamp":"3:02:20 PM"}
{"level":"info","message":"[ 114118 ]","timestamp":"3:02:33 PM"}
{"level":"info","message":"{ last_assigned_to: { '$in': [ 114118 ] } }","timestamp":"3:02:33 PM"}
{"level":"info","message":"[ 114118 ]","timestamp":"3:03:04 PM"}
{"level":"info","message":"{ last_assigned_to: { '$in': [ 114118 ] } }","timestamp":"3:03:04 PM"}
{"level":"info","message":"2023-11-28T18:30:00.000Z 2023-11-29T18:30:00.000Z","timestamp":"3:03:04 PM"}
{"level":"info","message":"$$$$$$$$$$$$$$$$$$$$$$$$","timestamp":"3:08:10 PM"}
{"meta":"","level":"info","message":"","timestamp":"3:08:10 PM"}
{"level":"info","message":"Development Environment is Listening on port 3000","timestamp":"3:08:10 PM"}
{"level":"info","message":"Web URL : http://localhost:3000","timestamp":"3:08:10 PM"}
{"meta":"","level":"info","message":"","timestamp":"3:08:10 PM"}
{"level":"info","message":"$$$$$$$$$$$$$$$$$$$$$$$$","timestamp":"3:08:10 PM"}
{"meta":"","level":"info","message":"","timestamp":"3:08:10 PM"}
{"level":"info","message":"[ 114118 ]","timestamp":"3:08:16 PM"}
{"level":"info","message":"{ last_assigned_to: { '$in': [ 114118 ] } }","timestamp":"3:08:16 PM"}
{"level":"info","message":"2023-11-28T18:30:00.000Z 2023-11-29T18:30:00.000Z","timestamp":"3:08:16 PM"}
{"level":"info","message":"[ 114118 ]","timestamp":"3:08:39 PM"}
{"level":"info","message":"{ last_assigned_to: { '$in': [ 114118 ] } }","timestamp":"3:08:39 PM"}
{"level":"info","message":"2023-07-18T18:30:00.000Z 2023-08-04T18:30:00.000Z","timestamp":"3:08:39 PM"}
{"level":"info","message":"[ 114118 ]","timestamp":"3:09:10 PM"}
{"level":"info","message":"{ last_assigned_to: { '$in': [ 114118 ] } }","timestamp":"3:09:10 PM"}
{"level":"info","message":"$$$$$$$$$$$$$$$$$$$$$$$$","timestamp":"3:12:30 PM"}
{"meta":"","level":"info","message":"","timestamp":"3:12:30 PM"}
{"level":"info","message":"Development Environment is Listening on port 3000","timestamp":"3:12:30 PM"}
{"level":"info","message":"Web URL : http://localhost:3000","timestamp":"3:12:30 PM"}
{"meta":"","level":"info","message":"","timestamp":"3:12:30 PM"}
{"level":"info","message":"$$$$$$$$$$$$$$$$$$$$$$$$","timestamp":"3:12:30 PM"}
{"meta":"","level":"info","message":"","timestamp":"3:12:30 PM"}
{"level":"info","message":"[ 114118 ]","timestamp":"3:12:43 PM"}
{"level":"info","message":"{ last_assigned_to: { '$in': [ 114118 ] } }","timestamp":"3:12:43 PM"}
{"level":"info","message":"2023-11-28T18:30:00.000Z 2023-11-29T18:30:00.000Z","timestamp":"3:12:43 PM"}
{"level":"info","message":"[ 114118 ]","timestamp":"3:13:25 PM"}
{"level":"info","message":"{ last_assigned_to: { '$in': [ 114118 ] } }","timestamp":"3:13:25 PM"}
{"level":"info","message":"[ 114118 ]","timestamp":"3:16:36 PM"}
{"level":"info","message":"{ last_assigned_to: { '$in': [ 114118 ] } }","timestamp":"3:16:36 PM"}
{"level":"info","message":"2023-11-28T18:30:00.000Z 2023-11-29T18:30:00.000Z","timestamp":"3:16:36 PM"}
{"level":"info","message":"[ 114118 ]","timestamp":"3:16:36 PM"}
{"level":"info","message":"{ last_assigned_to: { '$in': [ 114118 ] } }","timestamp":"3:16:36 PM"}
{"level":"info","message":"2023-11-28T18:30:00.000Z 2023-11-29T18:30:00.000Z","timestamp":"3:16:36 PM"}
{"level":"info","message":"[ 114118 ]","timestamp":"3:17:00 PM"}
{"level":"info","message":"{ last_assigned_to: { '$in': [ 114118 ] } }","timestamp":"3:17:00 PM"}
{"level":"info","message":"[ 114118 ]","timestamp":"3:17:02 PM"}
{"level":"info","message":"{ last_assigned_to: { '$in': [ 114118 ] } }","timestamp":"3:17:02 PM"}
{"level":"info","message":"2023-11-28T18:30:00.000Z 2023-11-29T18:30:00.000Z","timestamp":"3:17:02 PM"}
{"level":"info","message":"[ 114118 ]","timestamp":"3:17:14 PM"}
{"level":"info","message":"{ last_assigned_to: { '$in': [ 114118 ] } }","timestamp":"3:17:14 PM"}
{"level":"info","message":"$$$$$$$$$$$$$$$$$$$$$$$$","timestamp":"3:22:20 PM"}
{"meta":"","level":"info","message":"","timestamp":"3:22:20 PM"}
{"level":"info","message":"Development Environment is Listening on port 3000","timestamp":"3:22:20 PM"}
{"level":"info","message":"Web URL : http://localhost:3000","timestamp":"3:22:20 PM"}
{"meta":"","level":"info","message":"","timestamp":"3:22:20 PM"}
{"level":"info","message":"$$$$$$$$$$$$$$$$$$$$$$$$","timestamp":"3:22:20 PM"}
{"meta":"","level":"info","message":"","timestamp":"3:22:20 PM"}
{"level":"info","message":"[ 114118 ]","timestamp":"3:22:31 PM"}
{"level":"info","message":"{ last_assigned_to: { '$in': [ 114118 ] } }","timestamp":"3:22:31 PM"}
{"level":"info","message":"2023-11-28T18:30:00.000Z 2023-11-29T18:30:00.000Z","timestamp":"3:22:31 PM"}
{"level":"info","message":"[ 114118 ]","timestamp":"3:22:51 PM"}
{"level":"info","message":"{ last_assigned_to: { '$in': [ 114118 ] } }","timestamp":"3:22:51 PM"}
{"level":"info","message":"2023-11-28T18:30:00.000Z 2023-11-29T18:30:00.000Z","timestamp":"3:22:53 PM"}
{"level":"info","message":"[ 114118 ]","timestamp":"3:25:28 PM"}
{"level":"info","message":"{ last_assigned_to: { '$in': [ 114118 ] } }","timestamp":"3:25:28 PM"}
{"level":"info","message":"2023-11-28T18:30:00.000Z 2023-11-29T18:30:00.000Z","timestamp":"3:25:28 PM"}
{"level":"info","message":"[ 114118 ]","timestamp":"3:25:38 PM"}
{"level":"info","message":"{ last_assigned_to: { '$in': [ 114118 ] } }","timestamp":"3:25:38 PM"}
{"level":"info","message":"2023-11-28T18:30:00.000Z 2023-11-29T18:30:00.000Z","timestamp":"3:25:38 PM"}
{"level":"info","message":"[ 114118 ]","timestamp":"3:28:01 PM"}
{"level":"info","message":"{ last_assigned_to: { '$in': [ 114118 ] } }","timestamp":"3:28:01 PM"}
{"level":"info","message":"2023-11-28T18:30:00.000Z 2023-11-29T18:30:00.000Z","timestamp":"3:28:02 PM"}
{"level":"info","message":"[ 114118 ]","timestamp":"3:28:47 PM"}
{"level":"info","message":"{ last_assigned_to: { '$in': [ 114118 ] } }","timestamp":"3:28:47 PM"}
{"level":"info","message":"2023-11-28T18:30:00.000Z 2023-11-29T18:30:00.000Z","timestamp":"3:28:47 PM"}
{"level":"info","message":"[ 114118 ]","timestamp":"3:29:02 PM"}
{"level":"info","message":"{ last_assigned_to: { '$in': [ 114118 ] } }","timestamp":"3:29:02 PM"}
{"level":"info","message":"2023-11-28T18:30:00.000Z 2023-11-29T18:30:00.000Z","timestamp":"3:29:06 PM"}
{"level":"info","message":"[ 114118 ]","timestamp":"3:35:43 PM"}
{"level":"info","message":"{ last_assigned_to: { '$in': [ 114118 ] } }","timestamp":"3:35:43 PM"}
{"level":"info","message":"2023-11-28T18:30:00.000Z 2023-11-29T18:30:00.000Z","timestamp":"3:35:43 PM"}
{"level":"info","message":"[ 114118 ]","timestamp":"3:36:12 PM"}
{"level":"info","message":"{ last_assigned_to: { '$in': [ 114118 ] } }","timestamp":"3:36:12 PM"}
{"level":"info","message":"2023-11-28T18:30:00.000Z 2023-11-29T18:30:00.000Z","timestamp":"3:36:14 PM"}
{"level":"info","message":"[ 114118 ]","timestamp":"3:41:27 PM"}
{"level":"info","message":"{ last_assigned_to: { '$in': [ 114118 ] } }","timestamp":"3:41:27 PM"}
{"level":"info","message":"2023-11-28T18:30:00.000Z 2023-11-29T18:30:00.000Z","timestamp":"3:41:27 PM"}
{"level":"info","message":"2023-11-28T18:30:00.000Z 2023-11-29T18:30:00.000Z","timestamp":"3:42:05 PM"}
{"level":"info","message":"2023-11-21T18:30:00.000Z 2023-12-01T18:30:00.000Z","timestamp":"3:42:34 PM"}
{"level":"info","message":"2023-11-21T18:30:00.000Z 2023-12-01T18:30:00.000Z","timestamp":"3:42:45 PM"}
{"level":"info","message":"2023-11-28T18:30:00.000Z 2023-11-29T18:30:00.000Z","timestamp":"3:42:47 PM"}
{"level":"info","message":"2023-10-31T18:30:00.000Z 2023-11-30T18:30:00.000Z","timestamp":"3:43:08 PM"}
{"level":"info","message":"2023-10-31T18:30:00.000Z 2023-11-30T18:30:00.000Z","timestamp":"3:43:15 PM"}
{"level":"info","message":"2023-10-31T18:30:00.000Z 2023-11-30T18:30:00.000Z","timestamp":"3:43:26 PM"}
{"level":"info","message":"2023-11-28T18:30:00.000Z 2023-11-29T18:30:00.000Z","timestamp":"3:44:36 PM"}
{"level":"info","message":"2023-10-31T18:30:00.000Z 2023-11-30T18:30:00.000Z","timestamp":"3:45:02 PM"}
{"level":"info","message":"2023-10-31T18:30:00.000Z 2023-11-30T18:30:00.000Z","timestamp":"3:45:23 PM"}
{"level":"info","message":"2023-10-31T18:30:00.000Z 2023-11-30T18:30:00.000Z","timestamp":"3:45:57 PM"}
{"level":"info","message":"2023-10-31T18:30:00.000Z 2023-11-30T18:30:00.000Z","timestamp":"3:45:59 PM"}
{"level":"info","message":"2023-10-31T18:30:00.000Z 2023-11-30T18:30:00.000Z","timestamp":"3:46:00 PM"}
{"level":"info","message":"2023-10-31T18:30:00.000Z 2023-11-30T18:30:00.000Z","timestamp":"3:46:01 PM"}
{"level":"info","message":"2023-10-31T18:30:00.000Z 2023-11-30T18:30:00.000Z","timestamp":"3:46:03 PM"}
{"level":"info","message":"2023-10-31T18:30:00.000Z 2023-11-30T18:30:00.000Z","timestamp":"3:46:11 PM"}
{"level":"info","message":"2023-10-31T18:30:00.000Z 2023-11-30T18:30:00.000Z","timestamp":"3:46:12 PM"}
{"level":"info","message":"2023-10-31T18:30:00.000Z 2023-11-30T18:30:00.000Z","timestamp":"3:46:30 PM"}
{"level":"info","message":"2023-10-31T18:30:00.000Z 2023-11-30T18:30:00.000Z","timestamp":"3:46:30 PM"}
{"level":"info","message":"2023-10-31T18:30:00.000Z 2023-11-30T18:30:00.000Z","timestamp":"3:46:36 PM"}
{"level":"info","message":"2023-11-28T18:30:00.000Z 2023-11-29T18:30:00.000Z","timestamp":"3:51:07 PM"}
{"level":"info","message":"2023-11-28T18:30:00.000Z 2023-11-29T18:30:00.000Z","timestamp":"3:51:15 PM"}
{"level":"info","message":"2023-11-28T18:30:00.000Z 2023-11-29T18:30:00.000Z","timestamp":"3:51:21 PM"}
{"level":"info","message":"2023-10-31T18:30:00.000Z 2023-11-30T18:30:00.000Z","timestamp":"3:51:35 PM"}
{"level":"info","message":"2023-10-31T18:30:00.000Z 2023-11-30T18:30:00.000Z","timestamp":"3:52:03 PM"}
{"level":"info","message":"$$$$$$$$$$$$$$$$$$$$$$$$","timestamp":"4:02:48 PM"}
{"meta":"","level":"info","message":"","timestamp":"4:02:48 PM"}
{"level":"info","message":"Development Environment is Listening on port 3000","timestamp":"4:02:48 PM"}
{"level":"info","message":"Web URL : http://localhost:3000","timestamp":"4:02:48 PM"}
{"meta":"","level":"info","message":"","timestamp":"4:02:48 PM"}
{"level":"info","message":"$$$$$$$$$$$$$$$$$$$$$$$$","timestamp":"4:02:48 PM"}
{"meta":"","level":"info","message":"","timestamp":"4:02:48 PM"}
{"level":"info","message":"2023-11-28T18:30:00.000Z 2023-11-29T18:30:00.000Z","timestamp":"4:04:00 PM"}
{"level":"info","message":"2023-10-31T18:30:00.000Z 2023-11-22T18:30:00.000Z","timestamp":"4:04:34 PM"}
{"level":"info","message":"2023-10-31T18:30:00.000Z 2023-11-22T18:30:00.000Z","timestamp":"4:05:13 PM"}
{"level":"info","message":"2023-10-31T18:30:00.000Z 2023-11-22T18:30:00.000Z","timestamp":"4:39:32 PM"}
{"level":"info","message":"2023-11-28T18:30:00.000Z 2023-11-29T18:30:00.000Z","timestamp":"4:53:26 PM"}
{"level":"info","message":"2023-10-31T18:30:00.000Z 2023-11-30T18:30:00.000Z","timestamp":"4:53:47 PM"}
{"level":"info","message":"2023-10-31T18:30:00.000Z 2023-11-30T18:30:00.000Z","timestamp":"4:54:29 PM"}
{"level":"info","message":"2023-10-31T18:30:00.000Z 2023-11-30T18:30:00.000Z","timestamp":"5:03:08 PM"}
{"level":"info","message":"$$$$$$$$$$$$$$$$$$$$$$$$","timestamp":"5:03:55 PM"}
{"meta":"","level":"info","message":"","timestamp":"5:03:55 PM"}
{"level":"info","message":"Development Environment is Listening on port 3000","timestamp":"5:03:55 PM"}
{"level":"info","message":"Web URL : http://localhost:3000","timestamp":"5:03:55 PM"}
{"meta":"","level":"info","message":"","timestamp":"5:03:55 PM"}
{"level":"info","message":"$$$$$$$$$$$$$$$$$$$$$$$$","timestamp":"5:03:55 PM"}
{"meta":"","level":"info","message":"","timestamp":"5:03:55 PM"}
{"level":"info","message":"2023-11-28T18:30:00.000Z 2023-11-29T18:30:00.000Z","timestamp":"5:08:58 PM"}
{"level":"info","message":"2023-10-31T18:30:00.000Z 2023-11-17T18:30:00.000Z","timestamp":"5:09:09 PM"}
{"level":"info","message":"2023-10-31T18:30:00.000Z 2023-11-17T18:30:00.000Z","timestamp":"5:11:58 PM"}
{"level":"info","message":"2023-10-31T18:30:00.000Z 2023-11-17T18:30:00.000Z","timestamp":"5:12:37 PM"}
{"level":"info","message":"2023-10-31T18:30:00.000Z 2023-11-17T18:30:00.000Z","timestamp":"5:13:29 PM"}
{"level":"info","message":"2023-10-31T18:30:00.000Z 2023-11-17T18:30:00.000Z","timestamp":"5:13:35 PM"}
{"level":"info","message":"2023-10-31T18:30:00.000Z 2023-11-17T18:30:00.000Z","timestamp":"5:13:54 PM"}
{"level":"info","message":"2023-10-31T18:30:00.000Z 2023-11-17T18:30:00.000Z","timestamp":"5:14:00 PM"}
{"level":"info","message":"2023-10-31T18:30:00.000Z 2023-11-17T18:30:00.000Z","timestamp":"5:14:05 PM"}
{"level":"info","message":"2023-10-31T18:30:00.000Z 2023-11-17T18:30:00.000Z","timestamp":"5:15:05 PM"}
{"level":"info","message":"2023-10-31T18:30:00.000Z 2023-11-17T18:30:00.000Z","timestamp":"5:40:29 PM"}
{"level":"info","message":"2023-11-28T18:30:00.000Z 2023-11-29T18:30:00.000Z","timestamp":"5:40:51 PM"}
{"level":"info","message":"2023-10-31T18:30:00.000Z 2023-11-22T18:30:00.000Z","timestamp":"5:54:18 PM"}
{"level":"info","message":"2023-10-31T18:30:00.000Z 2023-11-22T18:30:00.000Z","timestamp":"5:54:22 PM"}
{"level":"info","message":"$$$$$$$$$$$$$$$$$$$$$$$$","timestamp":"6:19:07 PM"}
{"meta":"","level":"info","message":"","timestamp":"6:19:07 PM"}
{"level":"info","message":"Development Environment is Listening on port 3000","timestamp":"6:19:07 PM"}
{"level":"info","message":"Web URL : http://localhost:3000","timestamp":"6:19:07 PM"}
{"meta":"","level":"info","message":"","timestamp":"6:19:07 PM"}
{"level":"info","message":"$$$$$$$$$$$$$$$$$$$$$$$$","timestamp":"6:19:07 PM"}
{"meta":"","level":"info","message":"","timestamp":"6:19:07 PM"}
{"level":"info","message":"2023-11-28T18:30:00.000Z 2023-11-29T18:30:00.000Z","timestamp":"6:19:57 PM"}
{"level":"info","message":"2023-11-28T18:30:00.000Z 2023-11-29T18:30:00.000Z","timestamp":"6:22:19 PM"}
{"level":"info","message":"2023-11-28T18:30:00.000Z 2023-11-29T18:30:00.000Z","timestamp":"6:23:39 PM"}
{"level":"info","message":"2023-10-31T18:30:00.000Z 2023-11-29T18:30:00.000Z","timestamp":"6:24:28 PM"}
{"level":"info","message":"$$$$$$$$$$$$$$$$$$$$$$$$","timestamp":"6:34:09 PM"}
{"meta":"","level":"info","message":"","timestamp":"6:34:09 PM"}
{"level":"info","message":"Development Environment is Listening on port 3000","timestamp":"6:34:09 PM"}
{"level":"info","message":"Web URL : http://localhost:3000","timestamp":"6:34:09 PM"}
{"meta":"","level":"info","message":"","timestamp":"6:34:09 PM"}
{"level":"info","message":"$$$$$$$$$$$$$$$$$$$$$$$$","timestamp":"6:34:09 PM"}
{"meta":"","level":"info","message":"","timestamp":"6:34:09 PM"}
{"level":"info","message":"2023-11-28T18:30:00.000Z 2023-11-29T18:30:00.000Z","timestamp":"6:34:25 PM"}
{"level":"info","message":"2023-11-28T18:30:00.000Z 2023-11-29T18:30:00.000Z","timestamp":"6:34:49 PM"}
{"level":"info","message":"2023-11-28T18:30:00.000Z 2023-11-29T18:30:00.000Z","timestamp":"6:34:49 PM"}
{"level":"info","message":"2023-11-28T18:30:00.000Z 2023-11-29T18:30:00.000Z","timestamp":"6:35:26 PM"}
{"level":"info","message":"2023-11-28T18:30:00.000Z 2023-11-29T18:30:00.000Z","timestamp":"6:38:35 PM"}
{"level":"info","message":"2023-11-28T18:30:00.000Z 2023-11-29T18:30:00.000Z","timestamp":"6:39:06 PM"}
{"level":"info","message":"2023-10-31T18:30:00.000Z 2023-11-22T18:30:00.000Z","timestamp":"6:39:25 PM"}
{"level":"info","message":"2023-10-31T18:30:00.000Z 2023-11-22T18:30:00.000Z","timestamp":"6:39:35 PM"}
{"level":"info","message":"2023-10-31T18:30:00.000Z 2023-11-22T18:30:00.000Z","timestamp":"6:42:49 PM"}
{"level":"info","message":"$$$$$$$$$$$$$$$$$$$$$$$$","timestamp":"6:43:30 PM"}
{"meta":"","level":"info","message":"","timestamp":"6:43:30 PM"}
{"level":"info","message":"Development Environment is Listening on port 3000","timestamp":"6:43:30 PM"}
{"level":"info","message":"Web URL : http://localhost:3000","timestamp":"6:43:30 PM"}
{"meta":"","level":"info","message":"","timestamp":"6:43:30 PM"}
{"level":"info","message":"$$$$$$$$$$$$$$$$$$$$$$$$","timestamp":"6:43:30 PM"}
{"meta":"","level":"info","message":"","timestamp":"6:43:30 PM"}
{"level":"info","message":"2023-11-28T18:30:00.000Z 2023-11-29T18:30:00.000Z","timestamp":"6:43:33 PM"}
{"level":"info","message":"2023-10-31T18:30:00.000Z 2023-11-23T18:30:00.000Z","timestamp":"6:43:53 PM"}
{"level":"info","message":"2023-10-31T18:30:00.000Z 2023-11-23T18:30:00.000Z","timestamp":"6:45:40 PM"}
{"level":"info","message":"2023-11-28T18:30:00.000Z 2023-11-29T18:30:00.000Z","timestamp":"6:47:28 PM"}
{"level":"info","message":"2023-10-31T18:30:00.000Z 2023-11-22T18:30:00.000Z","timestamp":"6:47:55 PM"}
{"level":"info","message":"2023-10-31T18:30:00.000Z 2023-11-22T18:30:00.000Z","timestamp":"6:48:00 PM"}
{"level":"info","message":"2023-10-31T18:30:00.000Z 2023-11-22T18:30:00.000Z","timestamp":"6:48:03 PM"}
{"level":"info","message":"2023-10-31T18:30:00.000Z 2023-11-22T18:30:00.000Z","timestamp":"6:48:07 PM"}
{"level":"info","message":"2023-10-31T18:30:00.000Z 2023-11-22T18:30:00.000Z","timestamp":"6:48:12 PM"}
{"level":"info","message":"2023-10-31T18:30:00.000Z 2023-11-22T18:30:00.000Z","timestamp":"6:48:13 PM"}
{"level":"info","message":"2023-10-31T18:30:00.000Z 2023-11-22T18:30:00.000Z","timestamp":"6:48:19 PM"}
{"level":"info","message":"2023-10-31T18:30:00.000Z 2023-11-22T18:30:00.000Z","timestamp":"6:48:20 PM"}
{"level":"info","message":"2023-10-31T18:30:00.000Z 2023-11-22T18:30:00.000Z","timestamp":"6:48:20 PM"}
{"level":"info","message":"2023-10-31T18:30:00.000Z 2023-11-22T18:30:00.000Z","timestamp":"6:48:20 PM"}
{"level":"info","message":"2023-10-31T18:30:00.000Z 2023-11-22T18:30:00.000Z","timestamp":"6:48:20 PM"}
{"level":"info","message":"2023-10-31T18:30:00.000Z 2023-11-22T18:30:00.000Z","timestamp":"6:48:20 PM"}
{"level":"info","message":"2023-10-31T18:30:00.000Z 2023-11-22T18:30:00.000Z","timestamp":"6:48:21 PM"}
{"level":"info","message":"2023-10-31T18:30:00.000Z 2023-11-22T18:30:00.000Z","timestamp":"6:48:24 PM"}
{"level":"info","message":"2023-10-31T18:30:00.000Z 2023-11-22T18:30:00.000Z","timestamp":"6:48:25 PM"}
{"level":"info","message":"2023-10-31T18:30:00.000Z 2023-11-22T18:30:00.000Z","timestamp":"6:48:28 PM"}
{"level":"info","message":"$$$$$$$$$$$$$$$$$$$$$$$$","timestamp":"6:49:04 PM"}
{"meta":"","level":"info","message":"","timestamp":"6:49:04 PM"}
{"level":"info","message":"Development Environment is Listening on port 3000","timestamp":"6:49:04 PM"}
{"level":"info","message":"Web URL : http://localhost:3000","timestamp":"6:49:04 PM"}
{"meta":"","level":"info","message":"","timestamp":"6:49:04 PM"}
{"level":"info","message":"$$$$$$$$$$$$$$$$$$$$$$$$","timestamp":"6:49:04 PM"}
{"meta":"","level":"info","message":"","timestamp":"6:49:04 PM"}
{"level":"info","message":"2023-11-28T18:30:00.000Z 2023-11-29T18:30:00.000Z","timestamp":"6:49:10 PM"}
{"level":"info","message":"2023-10-31T18:30:00.000Z 2023-11-21T18:30:00.000Z","timestamp":"6:49:29 PM"}
{"level":"info","message":"2023-10-31T18:30:00.000Z 2023-11-21T18:30:00.000Z","timestamp":"6:49:33 PM"}
{"level":"info","message":"2023-10-31T18:30:00.000Z 2023-11-21T18:30:00.000Z","timestamp":"6:49:36 PM"}
{"level":"info","message":"2023-10-31T18:30:00.000Z 2023-11-21T18:30:00.000Z","timestamp":"6:49:41 PM"}
{"level":"info","message":"2023-10-31T18:30:00.000Z 2023-11-21T18:30:00.000Z","timestamp":"6:49:48 PM"}
{"level":"info","message":"$$$$$$$$$$$$$$$$$$$$$$$$","timestamp":"6:50:57 PM"}
{"meta":"","level":"info","message":"","timestamp":"6:50:57 PM"}
{"level":"info","message":"Development Environment is Listening on port 3000","timestamp":"6:50:57 PM"}
{"level":"info","message":"Web URL : http://localhost:3000","timestamp":"6:50:57 PM"}
{"meta":"","level":"info","message":"","timestamp":"6:50:57 PM"}
{"level":"info","message":"$$$$$$$$$$$$$$$$$$$$$$$$","timestamp":"6:50:57 PM"}
{"meta":"","level":"info","message":"","timestamp":"6:50:57 PM"}
{"level":"info","message":"2023-11-28T18:30:00.000Z 2023-11-29T18:30:00.000Z","timestamp":"6:51:05 PM"}
{"level":"info","message":"2023-10-31T18:30:00.000Z 2023-11-22T18:30:00.000Z","timestamp":"6:51:19 PM"}
{"level":"info","message":"$$$$$$$$$$$$$$$$$$$$$$$$","timestamp":"6:53:41 PM"}
{"meta":"","level":"info","message":"","timestamp":"6:53:41 PM"}
{"level":"info","message":"Development Environment is Listening on port 3000","timestamp":"6:53:41 PM"}
{"level":"info","message":"Web URL : http://localhost:3000","timestamp":"6:53:41 PM"}
{"meta":"","level":"info","message":"","timestamp":"6:53:41 PM"}
{"level":"info","message":"$$$$$$$$$$$$$$$$$$$$$$$$","timestamp":"6:53:41 PM"}
{"meta":"","level":"info","message":"","timestamp":"6:53:41 PM"}
{"level":"info","message":"2023-11-28T18:30:00.000Z 2023-11-29T18:30:00.000Z","timestamp":"6:53:52 PM"}
{"level":"info","message":"2023-10-31T18:30:00.000Z 2023-11-21T18:30:00.000Z","timestamp":"6:54:17 PM"}
{"level":"info","message":"2023-10-31T18:30:00.000Z 2023-11-21T18:30:00.000Z","timestamp":"6:55:34 PM"}
