{"level":"error","message":"(node:17904) UnhandledPromiseRejectionWarning: Unhandled promise rejection (rejection id: 1): Error: Trying to open unclosed connection.","timestamp":"9:19:56 AM"}
{"level":"error","message":"(node:17904) UnhandledPromiseRejectionWarning: Unhandled promise rejection (rejection id: 2): Error: Trying to open unclosed connection.","timestamp":"9:19:56 AM"}
{"level":"error","message":"(node:17904) UnhandledPromiseRejectionWarning: Unhandled promise rejection (rejection id: 3): Error: Trying to open unclosed connection.","timestamp":"9:19:56 AM"}
{"level":"error","message":"(node:17904) UnhandledPromiseRejectionWarning: Unhandled promise rejection (rejection id: 4): Error: Trying to open unclosed connection.","timestamp":"9:19:56 AM"}
{"level":"error","message":"(node:17904) UnhandledPromiseRejectionWarning: Unhandled promise rejection (rejection id: 5): Error: Trying to open unclosed connection.","timestamp":"9:19:56 AM"}
{"level":"error","message":"(node:17904) UnhandledPromiseRejectionWarning: Unhandled promise rejection (rejection id: 6): Error: Trying to open unclosed connection.","timestamp":"9:19:56 AM"}
{"level":"error","message":"(node:17904) UnhandledPromiseRejectionWarning: Unhandled promise rejection (rejection id: 7): Error: Trying to open unclosed connection.","timestamp":"9:19:56 AM"}
{"level":"error","message":"(node:17904) UnhandledPromiseRejectionWarning: Unhandled promise rejection (rejection id: 8): Error: Trying to open unclosed connection.","timestamp":"9:19:56 AM"}
{"level":"error","message":"(node:17904) UnhandledPromiseRejectionWarning: Unhandled promise rejection (rejection id: 9): Error: Trying to open unclosed connection.","timestamp":"9:19:56 AM"}
{"level":"error","message":"(node:17904) UnhandledPromiseRejectionWarning: Unhandled promise rejection (rejection id: 10): Error: Trying to open unclosed connection.","timestamp":"9:19:56 AM"}
{"level":"error","message":"(node:17904) UnhandledPromiseRejectionWarning: Unhandled promise rejection (rejection id: 11): Error: Trying to open unclosed connection.","timestamp":"9:19:56 AM"}
{"level":"error","message":"(node:17904) UnhandledPromiseRejectionWarning: Unhandled promise rejection (rejection id: 12): Error: Trying to open unclosed connection.","timestamp":"9:19:56 AM"}
{"level":"error","message":"(node:17904) UnhandledPromiseRejectionWarning: Unhandled promise rejection (rejection id: 13): Error: Trying to open unclosed connection.","timestamp":"9:19:56 AM"}
{"level":"error","message":"(node:17904) UnhandledPromiseRejectionWarning: Unhandled promise rejection (rejection id: 14): Error: Trying to open unclosed connection.","timestamp":"9:19:56 AM"}
{"level":"error","message":"(node:17904) UnhandledPromiseRejectionWarning: Unhandled promise rejection (rejection id: 15): Error: Trying to open unclosed connection.","timestamp":"9:19:56 AM"}
{"level":"error","message":"(node:17904) UnhandledPromiseRejectionWarning: Unhandled promise rejection (rejection id: 16): Error: Trying to open unclosed connection.","timestamp":"9:19:56 AM"}
{"level":"error","message":"(node:17904) UnhandledPromiseRejectionWarning: Unhandled promise rejection (rejection id: 17): Error: Trying to open unclosed connection.","timestamp":"9:19:56 AM"}
{"level":"error","message":"(node:17904) UnhandledPromiseRejectionWarning: Unhandled promise rejection (rejection id: 18): Error: Trying to open unclosed connection.","timestamp":"9:19:56 AM"}
{"level":"error","message":"(node:17904) UnhandledPromiseRejectionWarning: Unhandled promise rejection (rejection id: 19): Error: Trying to open unclosed connection.","timestamp":"9:19:56 AM"}
{"level":"error","message":"(node:17904) UnhandledPromiseRejectionWarning: Unhandled promise rejection (rejection id: 20): Error: Trying to open unclosed connection.","timestamp":"9:19:56 AM"}
{"level":"error","message":"(node:17904) UnhandledPromiseRejectionWarning: Unhandled promise rejection (rejection id: 21): Error: Trying to open unclosed connection.","timestamp":"9:19:56 AM"}
{"level":"error","message":"(node:17904) UnhandledPromiseRejectionWarning: Unhandled promise rejection (rejection id: 22): Error: Trying to open unclosed connection.","timestamp":"9:19:56 AM"}
{"level":"error","message":"(node:17904) UnhandledPromiseRejectionWarning: Unhandled promise rejection (rejection id: 23): Error: Trying to open unclosed connection.","timestamp":"9:19:56 AM"}
{"level":"error","message":"(node:17904) UnhandledPromiseRejectionWarning: Unhandled promise rejection (rejection id: 24): Error: Trying to open unclosed connection.","timestamp":"9:19:56 AM"}
{"level":"error","message":"(node:17904) UnhandledPromiseRejectionWarning: Unhandled promise rejection (rejection id: 25): Error: Trying to open unclosed connection.","timestamp":"9:19:56 AM"}
{"level":"error","message":"(node:17904) UnhandledPromiseRejectionWarning: Unhandled promise rejection (rejection id: 26): Error: Trying to open unclosed connection.","timestamp":"9:19:56 AM"}
{"level":"error","message":"(node:17904) UnhandledPromiseRejectionWarning: Unhandled promise rejection (rejection id: 27): Error: Trying to open unclosed connection.","timestamp":"9:19:56 AM"}
{"level":"error","message":"(node:17904) UnhandledPromiseRejectionWarning: Unhandled promise rejection (rejection id: 28): Error: Trying to open unclosed connection.","timestamp":"9:19:56 AM"}
{"level":"error","message":"(node:17904) UnhandledPromiseRejectionWarning: Unhandled promise rejection (rejection id: 29): Error: Trying to open unclosed connection.","timestamp":"9:19:56 AM"}
{"level":"error","message":"(node:17904) UnhandledPromiseRejectionWarning: Unhandled promise rejection (rejection id: 30): Error: Trying to open unclosed connection.","timestamp":"9:19:56 AM"}
{"level":"error","message":"(node:17904) UnhandledPromiseRejectionWarning: Unhandled promise rejection (rejection id: 31): Error: Trying to open unclosed connection.","timestamp":"9:19:56 AM"}
{"level":"error","message":"(node:17904) UnhandledPromiseRejectionWarning: Unhandled promise rejection (rejection id: 32): Error: Trying to open unclosed connection.","timestamp":"9:19:56 AM"}
{"level":"error","message":"(node:17904) UnhandledPromiseRejectionWarning: Unhandled promise rejection (rejection id: 33): Error: Trying to open unclosed connection.","timestamp":"9:19:56 AM"}
{"level":"error","message":"(node:17904) UnhandledPromiseRejectionWarning: Unhandled promise rejection (rejection id: 34): Error: Trying to open unclosed connection.","timestamp":"9:19:56 AM"}
{"level":"error","message":"(node:17904) UnhandledPromiseRejectionWarning: Unhandled promise rejection (rejection id: 35): Error: Trying to open unclosed connection.","timestamp":"9:19:56 AM"}
{"level":"error","message":"(node:17904) UnhandledPromiseRejectionWarning: Unhandled promise rejection (rejection id: 36): Error: Trying to open unclosed connection.","timestamp":"9:19:56 AM"}
{"level":"error","message":"(node:17904) UnhandledPromiseRejectionWarning: Unhandled promise rejection (rejection id: 37): Error: Trying to open unclosed connection.","timestamp":"9:19:56 AM"}
{"level":"error","message":"(node:17904) UnhandledPromiseRejectionWarning: Unhandled promise rejection (rejection id: 38): Error: Trying to open unclosed connection.","timestamp":"9:19:56 AM"}
{"level":"error","message":"(node:17904) UnhandledPromiseRejectionWarning: Unhandled promise rejection (rejection id: 39): Error: Trying to open unclosed connection.","timestamp":"9:19:56 AM"}
{"level":"error","message":"(node:17904) UnhandledPromiseRejectionWarning: Unhandled promise rejection (rejection id: 40): Error: Trying to open unclosed connection.","timestamp":"9:19:56 AM"}
{"level":"error","message":"(node:17904) UnhandledPromiseRejectionWarning: Unhandled promise rejection (rejection id: 41): Error: Trying to open unclosed connection.","timestamp":"9:19:56 AM"}
{"level":"error","message":"(node:17904) UnhandledPromiseRejectionWarning: Unhandled promise rejection (rejection id: 42): Error: Trying to open unclosed connection.","timestamp":"9:19:56 AM"}
{"level":"error","message":"(node:17904) UnhandledPromiseRejectionWarning: Unhandled promise rejection (rejection id: 43): Error: Trying to open unclosed connection.","timestamp":"9:19:56 AM"}
{"level":"error","message":"(node:17904) UnhandledPromiseRejectionWarning: Unhandled promise rejection (rejection id: 44): Error: Trying to open unclosed connection.","timestamp":"9:19:56 AM"}
{"level":"error","message":"(node:17904) UnhandledPromiseRejectionWarning: Unhandled promise rejection (rejection id: 45): Error: Trying to open unclosed connection.","timestamp":"9:19:56 AM"}
{"level":"error","message":"(node:17904) UnhandledPromiseRejectionWarning: Unhandled promise rejection (rejection id: 46): Error: Trying to open unclosed connection.","timestamp":"9:19:56 AM"}
{"level":"error","message":"(node:17904) UnhandledPromiseRejectionWarning: Unhandled promise rejection (rejection id: 47): Error: Trying to open unclosed connection.","timestamp":"9:19:56 AM"}
{"level":"error","message":"(node:17904) UnhandledPromiseRejectionWarning: Unhandled promise rejection (rejection id: 48): Error: Trying to open unclosed connection.","timestamp":"9:19:56 AM"}
{"level":"error","message":"(node:17904) UnhandledPromiseRejectionWarning: Unhandled promise rejection (rejection id: 49): Error: Trying to open unclosed connection.","timestamp":"9:19:56 AM"}
{"level":"error","message":"(node:17904) UnhandledPromiseRejectionWarning: Unhandled promise rejection (rejection id: 50): Error: Trying to open unclosed connection.","timestamp":"9:19:56 AM"}
{"level":"error","message":"(node:17904) UnhandledPromiseRejectionWarning: Unhandled promise rejection (rejection id: 51): Error: Trying to open unclosed connection.","timestamp":"9:19:56 AM"}
{"level":"error","message":"LOG REFERER YTD undefined ::ffff:127.0.0.1 undefined","timestamp":"9:20:52 AM"}
{"level":"error","message":"LOG REFERER YTD http://localhost:7000/ ::1 string","timestamp":"9:20:53 AM"}
{"level":"error","message":"LOG REFERER YTD http://localhost:7000/ ::1 string","timestamp":"9:20:59 AM"}
{"level":"error","message":"LOG REFERER YTD http://localhost:7000/ ::1 string","timestamp":"9:22:41 AM"}
{"level":"error","message":"LOG REFERER YTD http://localhost:7000/ ::1 string","timestamp":"9:22:41 AM"}
{"level":"error","message":"LOG REFERER YTD http://localhost:7000/ ::1 string","timestamp":"9:22:45 AM"}
{"level":"error","message":"LOG REFERER YTD http://localhost:7000/ ::1 string","timestamp":"9:22:45 AM"}
{"level":"error","message":"LOG REFERER YTD http://localhost:7000/ ::1 string","timestamp":"9:24:57 AM"}
{"level":"error","message":"LOG REFERER YTD http://localhost:7000/ ::1 string","timestamp":"9:24:57 AM"}
{"level":"error","message":"LOG REFERER YTD undefined ::1 undefined","timestamp":"9:28:48 AM"}
{"level":"error","message":"(node:18300) UnhandledPromiseRejectionWarning: Unhandled promise rejection (rejection id: 1): Error: Trying to open unclosed connection.","timestamp":"9:30:12 AM"}
{"level":"error","message":"(node:18300) UnhandledPromiseRejectionWarning: Unhandled promise rejection (rejection id: 2): Error: Trying to open unclosed connection.","timestamp":"9:30:12 AM"}
{"level":"error","message":"(node:18300) UnhandledPromiseRejectionWarning: Unhandled promise rejection (rejection id: 3): Error: Trying to open unclosed connection.","timestamp":"9:30:12 AM"}
{"level":"error","message":"(node:18300) UnhandledPromiseRejectionWarning: Unhandled promise rejection (rejection id: 4): Error: Trying to open unclosed connection.","timestamp":"9:30:12 AM"}
{"level":"error","message":"(node:18300) UnhandledPromiseRejectionWarning: Unhandled promise rejection (rejection id: 5): Error: Trying to open unclosed connection.","timestamp":"9:30:12 AM"}
{"level":"error","message":"(node:18300) UnhandledPromiseRejectionWarning: Unhandled promise rejection (rejection id: 6): Error: Trying to open unclosed connection.","timestamp":"9:30:12 AM"}
{"level":"error","message":"(node:18300) UnhandledPromiseRejectionWarning: Unhandled promise rejection (rejection id: 7): Error: Trying to open unclosed connection.","timestamp":"9:30:12 AM"}
{"level":"error","message":"(node:18300) UnhandledPromiseRejectionWarning: Unhandled promise rejection (rejection id: 8): Error: Trying to open unclosed connection.","timestamp":"9:30:13 AM"}
{"level":"error","message":"(node:18300) UnhandledPromiseRejectionWarning: Unhandled promise rejection (rejection id: 9): Error: Trying to open unclosed connection.","timestamp":"9:30:13 AM"}
{"level":"error","message":"(node:18300) UnhandledPromiseRejectionWarning: Unhandled promise rejection (rejection id: 10): Error: Trying to open unclosed connection.","timestamp":"9:30:13 AM"}
{"level":"error","message":"(node:18300) UnhandledPromiseRejectionWarning: Unhandled promise rejection (rejection id: 11): Error: Trying to open unclosed connection.","timestamp":"9:30:13 AM"}
{"level":"error","message":"(node:18300) UnhandledPromiseRejectionWarning: Unhandled promise rejection (rejection id: 12): Error: Trying to open unclosed connection.","timestamp":"9:30:13 AM"}
{"level":"error","message":"(node:18300) UnhandledPromiseRejectionWarning: Unhandled promise rejection (rejection id: 13): Error: Trying to open unclosed connection.","timestamp":"9:30:13 AM"}
{"level":"error","message":"(node:18300) UnhandledPromiseRejectionWarning: Unhandled promise rejection (rejection id: 14): Error: Trying to open unclosed connection.","timestamp":"9:30:13 AM"}
{"level":"error","message":"(node:18300) UnhandledPromiseRejectionWarning: Unhandled promise rejection (rejection id: 15): Error: Trying to open unclosed connection.","timestamp":"9:30:13 AM"}
{"level":"error","message":"(node:18300) UnhandledPromiseRejectionWarning: Unhandled promise rejection (rejection id: 16): Error: Trying to open unclosed connection.","timestamp":"9:30:13 AM"}
{"level":"error","message":"(node:18300) UnhandledPromiseRejectionWarning: Unhandled promise rejection (rejection id: 17): Error: Trying to open unclosed connection.","timestamp":"9:30:13 AM"}
{"level":"error","message":"(node:18300) UnhandledPromiseRejectionWarning: Unhandled promise rejection (rejection id: 18): Error: Trying to open unclosed connection.","timestamp":"9:30:13 AM"}
{"level":"error","message":"(node:18300) UnhandledPromiseRejectionWarning: Unhandled promise rejection (rejection id: 19): Error: Trying to open unclosed connection.","timestamp":"9:30:13 AM"}
{"level":"error","message":"(node:18300) UnhandledPromiseRejectionWarning: Unhandled promise rejection (rejection id: 20): Error: Trying to open unclosed connection.","timestamp":"9:30:13 AM"}
{"level":"error","message":"(node:18300) UnhandledPromiseRejectionWarning: Unhandled promise rejection (rejection id: 21): Error: Trying to open unclosed connection.","timestamp":"9:30:13 AM"}
{"level":"error","message":"(node:18300) UnhandledPromiseRejectionWarning: Unhandled promise rejection (rejection id: 22): Error: Trying to open unclosed connection.","timestamp":"9:30:13 AM"}
{"level":"error","message":"(node:18300) UnhandledPromiseRejectionWarning: Unhandled promise rejection (rejection id: 23): Error: Trying to open unclosed connection.","timestamp":"9:30:13 AM"}
{"level":"error","message":"(node:18300) UnhandledPromiseRejectionWarning: Unhandled promise rejection (rejection id: 24): Error: Trying to open unclosed connection.","timestamp":"9:30:13 AM"}
{"level":"error","message":"(node:18300) UnhandledPromiseRejectionWarning: Unhandled promise rejection (rejection id: 25): Error: Trying to open unclosed connection.","timestamp":"9:30:13 AM"}
{"level":"error","message":"(node:18300) UnhandledPromiseRejectionWarning: Unhandled promise rejection (rejection id: 26): Error: Trying to open unclosed connection.","timestamp":"9:30:13 AM"}
{"level":"error","message":"(node:18300) UnhandledPromiseRejectionWarning: Unhandled promise rejection (rejection id: 27): Error: Trying to open unclosed connection.","timestamp":"9:30:13 AM"}
{"level":"error","message":"(node:18300) UnhandledPromiseRejectionWarning: Unhandled promise rejection (rejection id: 28): Error: Trying to open unclosed connection.","timestamp":"9:30:13 AM"}
{"level":"error","message":"(node:18300) UnhandledPromiseRejectionWarning: Unhandled promise rejection (rejection id: 29): Error: Trying to open unclosed connection.","timestamp":"9:30:13 AM"}
{"level":"error","message":"(node:18300) UnhandledPromiseRejectionWarning: Unhandled promise rejection (rejection id: 30): Error: Trying to open unclosed connection.","timestamp":"9:30:13 AM"}
{"level":"error","message":"(node:18300) UnhandledPromiseRejectionWarning: Unhandled promise rejection (rejection id: 31): Error: Trying to open unclosed connection.","timestamp":"9:30:13 AM"}
{"level":"error","message":"(node:18300) UnhandledPromiseRejectionWarning: Unhandled promise rejection (rejection id: 32): Error: Trying to open unclosed connection.","timestamp":"9:30:13 AM"}
{"level":"error","message":"(node:18300) UnhandledPromiseRejectionWarning: Unhandled promise rejection (rejection id: 33): Error: Trying to open unclosed connection.","timestamp":"9:30:13 AM"}
{"level":"error","message":"(node:18300) UnhandledPromiseRejectionWarning: Unhandled promise rejection (rejection id: 34): Error: Trying to open unclosed connection.","timestamp":"9:30:13 AM"}
{"level":"error","message":"(node:18300) UnhandledPromiseRejectionWarning: Unhandled promise rejection (rejection id: 35): Error: Trying to open unclosed connection.","timestamp":"9:30:13 AM"}
{"level":"error","message":"(node:18300) UnhandledPromiseRejectionWarning: Unhandled promise rejection (rejection id: 36): Error: Trying to open unclosed connection.","timestamp":"9:30:13 AM"}
{"level":"error","message":"(node:18300) UnhandledPromiseRejectionWarning: Unhandled promise rejection (rejection id: 37): Error: Trying to open unclosed connection.","timestamp":"9:30:13 AM"}
{"level":"error","message":"(node:18300) UnhandledPromiseRejectionWarning: Unhandled promise rejection (rejection id: 38): Error: Trying to open unclosed connection.","timestamp":"9:30:13 AM"}
{"level":"error","message":"(node:18300) UnhandledPromiseRejectionWarning: Unhandled promise rejection (rejection id: 39): Error: Trying to open unclosed connection.","timestamp":"9:30:13 AM"}
{"level":"error","message":"(node:18300) UnhandledPromiseRejectionWarning: Unhandled promise rejection (rejection id: 40): Error: Trying to open unclosed connection.","timestamp":"9:30:13 AM"}
{"level":"error","message":"(node:18300) UnhandledPromiseRejectionWarning: Unhandled promise rejection (rejection id: 41): Error: Trying to open unclosed connection.","timestamp":"9:30:13 AM"}
{"level":"error","message":"(node:18300) UnhandledPromiseRejectionWarning: Unhandled promise rejection (rejection id: 42): Error: Trying to open unclosed connection.","timestamp":"9:30:13 AM"}
{"level":"error","message":"(node:18300) UnhandledPromiseRejectionWarning: Unhandled promise rejection (rejection id: 43): Error: Trying to open unclosed connection.","timestamp":"9:30:13 AM"}
{"level":"error","message":"(node:18300) UnhandledPromiseRejectionWarning: Unhandled promise rejection (rejection id: 44): Error: Trying to open unclosed connection.","timestamp":"9:30:13 AM"}
{"level":"error","message":"(node:18300) UnhandledPromiseRejectionWarning: Unhandled promise rejection (rejection id: 45): Error: Trying to open unclosed connection.","timestamp":"9:30:13 AM"}
{"level":"error","message":"(node:18300) UnhandledPromiseRejectionWarning: Unhandled promise rejection (rejection id: 46): Error: Trying to open unclosed connection.","timestamp":"9:30:13 AM"}
{"level":"error","message":"(node:18300) UnhandledPromiseRejectionWarning: Unhandled promise rejection (rejection id: 47): Error: Trying to open unclosed connection.","timestamp":"9:30:13 AM"}
{"level":"error","message":"(node:18300) UnhandledPromiseRejectionWarning: Unhandled promise rejection (rejection id: 48): Error: Trying to open unclosed connection.","timestamp":"9:30:13 AM"}
{"level":"error","message":"(node:18300) UnhandledPromiseRejectionWarning: Unhandled promise rejection (rejection id: 49): Error: Trying to open unclosed connection.","timestamp":"9:30:13 AM"}
{"level":"error","message":"(node:18300) UnhandledPromiseRejectionWarning: Unhandled promise rejection (rejection id: 50): Error: Trying to open unclosed connection.","timestamp":"9:30:13 AM"}
{"level":"error","message":"(node:18300) UnhandledPromiseRejectionWarning: Unhandled promise rejection (rejection id: 51): Error: Trying to open unclosed connection.","timestamp":"9:30:13 AM"}
{"level":"error","message":"LOG REFERER YTD undefined ::1 undefined","timestamp":"9:30:20 AM"}
{"level":"error","message":"(node:16388) UnhandledPromiseRejectionWarning: Unhandled promise rejection (rejection id: 1): Error: Trying to open unclosed connection.","timestamp":"9:55:10 AM"}
{"level":"error","message":"(node:16388) UnhandledPromiseRejectionWarning: Unhandled promise rejection (rejection id: 2): Error: Trying to open unclosed connection.","timestamp":"9:55:10 AM"}
{"level":"error","message":"(node:16388) UnhandledPromiseRejectionWarning: Unhandled promise rejection (rejection id: 3): Error: Trying to open unclosed connection.","timestamp":"9:55:10 AM"}
{"level":"error","message":"(node:16388) UnhandledPromiseRejectionWarning: Unhandled promise rejection (rejection id: 4): Error: Trying to open unclosed connection.","timestamp":"9:55:10 AM"}
{"level":"error","message":"(node:16388) UnhandledPromiseRejectionWarning: Unhandled promise rejection (rejection id: 5): Error: Trying to open unclosed connection.","timestamp":"9:55:10 AM"}
{"level":"error","message":"(node:16388) UnhandledPromiseRejectionWarning: Unhandled promise rejection (rejection id: 6): Error: Trying to open unclosed connection.","timestamp":"9:55:10 AM"}
{"level":"error","message":"(node:16388) UnhandledPromiseRejectionWarning: Unhandled promise rejection (rejection id: 7): Error: Trying to open unclosed connection.","timestamp":"9:55:10 AM"}
{"level":"error","message":"(node:16388) UnhandledPromiseRejectionWarning: Unhandled promise rejection (rejection id: 8): Error: Trying to open unclosed connection.","timestamp":"9:55:10 AM"}
{"level":"error","message":"(node:16388) UnhandledPromiseRejectionWarning: Unhandled promise rejection (rejection id: 9): Error: Trying to open unclosed connection.","timestamp":"9:55:10 AM"}
{"level":"error","message":"(node:16388) UnhandledPromiseRejectionWarning: Unhandled promise rejection (rejection id: 10): Error: Trying to open unclosed connection.","timestamp":"9:55:10 AM"}
{"level":"error","message":"(node:16388) UnhandledPromiseRejectionWarning: Unhandled promise rejection (rejection id: 11): Error: Trying to open unclosed connection.","timestamp":"9:55:10 AM"}
{"level":"error","message":"(node:16388) UnhandledPromiseRejectionWarning: Unhandled promise rejection (rejection id: 12): Error: Trying to open unclosed connection.","timestamp":"9:55:10 AM"}
{"level":"error","message":"(node:16388) UnhandledPromiseRejectionWarning: Unhandled promise rejection (rejection id: 13): Error: Trying to open unclosed connection.","timestamp":"9:55:10 AM"}
{"level":"error","message":"(node:16388) UnhandledPromiseRejectionWarning: Unhandled promise rejection (rejection id: 14): Error: Trying to open unclosed connection.","timestamp":"9:55:10 AM"}
{"level":"error","message":"(node:16388) UnhandledPromiseRejectionWarning: Unhandled promise rejection (rejection id: 15): Error: Trying to open unclosed connection.","timestamp":"9:55:10 AM"}
{"level":"error","message":"(node:16388) UnhandledPromiseRejectionWarning: Unhandled promise rejection (rejection id: 16): Error: Trying to open unclosed connection.","timestamp":"9:55:10 AM"}
{"level":"error","message":"(node:16388) UnhandledPromiseRejectionWarning: Unhandled promise rejection (rejection id: 17): Error: Trying to open unclosed connection.","timestamp":"9:55:10 AM"}
{"level":"error","message":"(node:16388) UnhandledPromiseRejectionWarning: Unhandled promise rejection (rejection id: 18): Error: Trying to open unclosed connection.","timestamp":"9:55:10 AM"}
{"level":"error","message":"(node:16388) UnhandledPromiseRejectionWarning: Unhandled promise rejection (rejection id: 19): Error: Trying to open unclosed connection.","timestamp":"9:55:10 AM"}
{"level":"error","message":"(node:16388) UnhandledPromiseRejectionWarning: Unhandled promise rejection (rejection id: 20): Error: Trying to open unclosed connection.","timestamp":"9:55:10 AM"}
{"level":"error","message":"(node:16388) UnhandledPromiseRejectionWarning: Unhandled promise rejection (rejection id: 21): Error: Trying to open unclosed connection.","timestamp":"9:55:10 AM"}
{"level":"error","message":"(node:16388) UnhandledPromiseRejectionWarning: Unhandled promise rejection (rejection id: 22): Error: Trying to open unclosed connection.","timestamp":"9:55:10 AM"}
{"level":"error","message":"(node:16388) UnhandledPromiseRejectionWarning: Unhandled promise rejection (rejection id: 23): Error: Trying to open unclosed connection.","timestamp":"9:55:10 AM"}
{"level":"error","message":"(node:16388) UnhandledPromiseRejectionWarning: Unhandled promise rejection (rejection id: 24): Error: Trying to open unclosed connection.","timestamp":"9:55:10 AM"}
{"level":"error","message":"(node:16388) UnhandledPromiseRejectionWarning: Unhandled promise rejection (rejection id: 25): Error: Trying to open unclosed connection.","timestamp":"9:55:10 AM"}
{"level":"error","message":"(node:16388) UnhandledPromiseRejectionWarning: Unhandled promise rejection (rejection id: 26): Error: Trying to open unclosed connection.","timestamp":"9:55:10 AM"}
{"level":"error","message":"(node:16388) UnhandledPromiseRejectionWarning: Unhandled promise rejection (rejection id: 27): Error: Trying to open unclosed connection.","timestamp":"9:55:10 AM"}
{"level":"error","message":"(node:16388) UnhandledPromiseRejectionWarning: Unhandled promise rejection (rejection id: 28): Error: Trying to open unclosed connection.","timestamp":"9:55:10 AM"}
{"level":"error","message":"(node:16388) UnhandledPromiseRejectionWarning: Unhandled promise rejection (rejection id: 29): Error: Trying to open unclosed connection.","timestamp":"9:55:10 AM"}
{"level":"error","message":"(node:16388) UnhandledPromiseRejectionWarning: Unhandled promise rejection (rejection id: 30): Error: Trying to open unclosed connection.","timestamp":"9:55:10 AM"}
{"level":"error","message":"(node:16388) UnhandledPromiseRejectionWarning: Unhandled promise rejection (rejection id: 31): Error: Trying to open unclosed connection.","timestamp":"9:55:10 AM"}
{"level":"error","message":"(node:16388) UnhandledPromiseRejectionWarning: Unhandled promise rejection (rejection id: 32): Error: Trying to open unclosed connection.","timestamp":"9:55:11 AM"}
{"level":"error","message":"(node:16388) UnhandledPromiseRejectionWarning: Unhandled promise rejection (rejection id: 33): Error: Trying to open unclosed connection.","timestamp":"9:55:11 AM"}
{"level":"error","message":"(node:16388) UnhandledPromiseRejectionWarning: Unhandled promise rejection (rejection id: 34): Error: Trying to open unclosed connection.","timestamp":"9:55:11 AM"}
{"level":"error","message":"(node:16388) UnhandledPromiseRejectionWarning: Unhandled promise rejection (rejection id: 35): Error: Trying to open unclosed connection.","timestamp":"9:55:11 AM"}
{"level":"error","message":"(node:16388) UnhandledPromiseRejectionWarning: Unhandled promise rejection (rejection id: 36): Error: Trying to open unclosed connection.","timestamp":"9:55:11 AM"}
{"level":"error","message":"(node:16388) UnhandledPromiseRejectionWarning: Unhandled promise rejection (rejection id: 37): Error: Trying to open unclosed connection.","timestamp":"9:55:11 AM"}
{"level":"error","message":"(node:16388) UnhandledPromiseRejectionWarning: Unhandled promise rejection (rejection id: 38): Error: Trying to open unclosed connection.","timestamp":"9:55:11 AM"}
{"level":"error","message":"(node:16388) UnhandledPromiseRejectionWarning: Unhandled promise rejection (rejection id: 39): Error: Trying to open unclosed connection.","timestamp":"9:55:11 AM"}
{"level":"error","message":"(node:16388) UnhandledPromiseRejectionWarning: Unhandled promise rejection (rejection id: 40): Error: Trying to open unclosed connection.","timestamp":"9:55:11 AM"}
{"level":"error","message":"(node:16388) UnhandledPromiseRejectionWarning: Unhandled promise rejection (rejection id: 41): Error: Trying to open unclosed connection.","timestamp":"9:55:11 AM"}
{"level":"error","message":"(node:16388) UnhandledPromiseRejectionWarning: Unhandled promise rejection (rejection id: 42): Error: Trying to open unclosed connection.","timestamp":"9:55:11 AM"}
{"level":"error","message":"(node:16388) UnhandledPromiseRejectionWarning: Unhandled promise rejection (rejection id: 43): Error: Trying to open unclosed connection.","timestamp":"9:55:11 AM"}
{"level":"error","message":"(node:16388) UnhandledPromiseRejectionWarning: Unhandled promise rejection (rejection id: 44): Error: Trying to open unclosed connection.","timestamp":"9:55:11 AM"}
{"level":"error","message":"(node:16388) UnhandledPromiseRejectionWarning: Unhandled promise rejection (rejection id: 45): Error: Trying to open unclosed connection.","timestamp":"9:55:11 AM"}
{"level":"error","message":"(node:16388) UnhandledPromiseRejectionWarning: Unhandled promise rejection (rejection id: 46): Error: Trying to open unclosed connection.","timestamp":"9:55:11 AM"}
{"level":"error","message":"(node:16388) UnhandledPromiseRejectionWarning: Unhandled promise rejection (rejection id: 47): Error: Trying to open unclosed connection.","timestamp":"9:55:11 AM"}
{"level":"error","message":"(node:16388) UnhandledPromiseRejectionWarning: Unhandled promise rejection (rejection id: 48): Error: Trying to open unclosed connection.","timestamp":"9:55:11 AM"}
{"level":"error","message":"(node:16388) UnhandledPromiseRejectionWarning: Unhandled promise rejection (rejection id: 49): Error: Trying to open unclosed connection.","timestamp":"9:55:11 AM"}
{"level":"error","message":"(node:16388) UnhandledPromiseRejectionWarning: Unhandled promise rejection (rejection id: 50): Error: Trying to open unclosed connection.","timestamp":"9:55:11 AM"}
{"level":"error","message":"(node:16388) UnhandledPromiseRejectionWarning: Unhandled promise rejection (rejection id: 51): Error: Trying to open unclosed connection.","timestamp":"9:55:11 AM"}
{"level":"error","message":"LOG REFERER YTD undefined ::1 undefined","timestamp":"9:55:15 AM"}
{"level":"error","message":"LOG REFERER YTD http://localhost:7000/ ::1 string","timestamp":"9:55:22 AM"}
{"level":"error","message":"LOG REFERER YTD http://localhost:7000/ ::1 string","timestamp":"9:55:22 AM"}
{"level":"error","message":"LOG REFERER YTD http://localhost:7000/ ::1 string","timestamp":"9:55:27 AM"}
{"level":"error","message":"LOG REFERER YTD http://localhost:7000/ ::1 string","timestamp":"9:55:27 AM"}
{"level":"error","message":"LOG REFERER YTD http://localhost:7000/ ::1 string","timestamp":"9:56:03 AM"}
{"level":"error","message":"LOG REFERER YTD http://localhost:7000/ ::1 string","timestamp":"9:56:04 AM"}
{"level":"error","message":"LOG REFERER YTD http://localhost:7000/ ::1 string","timestamp":"10:00:30 AM"}
{"level":"error","message":"LOG REFERER YTD http://localhost:7000/ ::1 string","timestamp":"10:01:22 AM"}
{"level":"error","message":"LOG REFERER YTD http://localhost:7000/ ::1 string","timestamp":"10:01:22 AM"}
{"level":"error","message":"LOG REFERER YTD http://localhost:7000/ ::1 string","timestamp":"10:01:50 AM"}
{"level":"error","message":"LOG REFERER YTD http://localhost:7000/ ::1 string","timestamp":"10:01:50 AM"}
{"level":"error","message":"LOG REFERER YTD http://localhost:7000/ ::1 string","timestamp":"10:02:15 AM"}
{"level":"error","message":"LOG REFERER YTD http://localhost:7000/ ::1 string","timestamp":"10:02:15 AM"}
{"level":"error","message":"LOG REFERER YTD http://localhost:7000/ ::1 string","timestamp":"10:02:31 AM"}
{"level":"error","message":"LOG REFERER YTD http://localhost:7000/ ::1 string","timestamp":"10:02:31 AM"}
{"level":"error","message":"LOG REFERER YTD http://localhost:7000/ ::1 string","timestamp":"10:02:34 AM"}
{"level":"error","message":"LOG REFERER YTD http://localhost:7000/ ::1 string","timestamp":"10:02:34 AM"}
{"level":"error","message":"LOG REFERER YTD http://localhost:7000/ ::1 string","timestamp":"10:03:00 AM"}
{"level":"error","message":"LOG REFERER YTD http://localhost:7000/ ::1 string","timestamp":"10:03:00 AM"}
{"level":"error","message":"LOG REFERER YTD http://localhost:7000/ ::1 string","timestamp":"10:03:04 AM"}
{"level":"error","message":"LOG REFERER YTD http://localhost:7000/ ::1 string","timestamp":"10:03:04 AM"}
{"level":"error","message":"LOG REFERER YTD http://localhost:7000/ ::1 string","timestamp":"10:03:08 AM"}
{"level":"error","message":"LOG REFERER YTD http://localhost:7000/ ::1 string","timestamp":"10:03:08 AM"}
{"level":"error","message":"LOG REFERER YTD undefined ::1 undefined","timestamp":"10:07:03 AM"}
{"level":"error","message":"(node:26004) UnhandledPromiseRejectionWarning: Unhandled promise rejection (rejection id: 1): Error: Trying to open unclosed connection.","timestamp":"10:08:33 AM"}
{"level":"error","message":"(node:26004) UnhandledPromiseRejectionWarning: Unhandled promise rejection (rejection id: 2): Error: Trying to open unclosed connection.","timestamp":"10:08:33 AM"}
{"level":"error","message":"(node:26004) UnhandledPromiseRejectionWarning: Unhandled promise rejection (rejection id: 3): Error: Trying to open unclosed connection.","timestamp":"10:08:33 AM"}
{"level":"error","message":"(node:26004) UnhandledPromiseRejectionWarning: Unhandled promise rejection (rejection id: 4): Error: Trying to open unclosed connection.","timestamp":"10:08:33 AM"}
{"level":"error","message":"(node:26004) UnhandledPromiseRejectionWarning: Unhandled promise rejection (rejection id: 5): Error: Trying to open unclosed connection.","timestamp":"10:08:33 AM"}
{"level":"error","message":"(node:26004) UnhandledPromiseRejectionWarning: Unhandled promise rejection (rejection id: 6): Error: Trying to open unclosed connection.","timestamp":"10:08:33 AM"}
{"level":"error","message":"(node:26004) UnhandledPromiseRejectionWarning: Unhandled promise rejection (rejection id: 7): Error: Trying to open unclosed connection.","timestamp":"10:08:33 AM"}
{"level":"error","message":"(node:26004) UnhandledPromiseRejectionWarning: Unhandled promise rejection (rejection id: 8): Error: Trying to open unclosed connection.","timestamp":"10:08:33 AM"}
{"level":"error","message":"(node:26004) UnhandledPromiseRejectionWarning: Unhandled promise rejection (rejection id: 9): Error: Trying to open unclosed connection.","timestamp":"10:08:33 AM"}
{"level":"error","message":"(node:26004) UnhandledPromiseRejectionWarning: Unhandled promise rejection (rejection id: 10): Error: Trying to open unclosed connection.","timestamp":"10:08:33 AM"}
{"level":"error","message":"(node:26004) UnhandledPromiseRejectionWarning: Unhandled promise rejection (rejection id: 11): Error: Trying to open unclosed connection.","timestamp":"10:08:33 AM"}
{"level":"error","message":"(node:26004) UnhandledPromiseRejectionWarning: Unhandled promise rejection (rejection id: 12): Error: Trying to open unclosed connection.","timestamp":"10:08:33 AM"}
{"level":"error","message":"(node:26004) UnhandledPromiseRejectionWarning: Unhandled promise rejection (rejection id: 13): Error: Trying to open unclosed connection.","timestamp":"10:08:33 AM"}
{"level":"error","message":"(node:26004) UnhandledPromiseRejectionWarning: Unhandled promise rejection (rejection id: 14): Error: Trying to open unclosed connection.","timestamp":"10:08:33 AM"}
{"level":"error","message":"(node:26004) UnhandledPromiseRejectionWarning: Unhandled promise rejection (rejection id: 15): Error: Trying to open unclosed connection.","timestamp":"10:08:33 AM"}
{"level":"error","message":"(node:26004) UnhandledPromiseRejectionWarning: Unhandled promise rejection (rejection id: 16): Error: Trying to open unclosed connection.","timestamp":"10:08:33 AM"}
{"level":"error","message":"(node:26004) UnhandledPromiseRejectionWarning: Unhandled promise rejection (rejection id: 17): Error: Trying to open unclosed connection.","timestamp":"10:08:33 AM"}
{"level":"error","message":"(node:26004) UnhandledPromiseRejectionWarning: Unhandled promise rejection (rejection id: 18): Error: Trying to open unclosed connection.","timestamp":"10:08:33 AM"}
{"level":"error","message":"(node:26004) UnhandledPromiseRejectionWarning: Unhandled promise rejection (rejection id: 19): Error: Trying to open unclosed connection.","timestamp":"10:08:33 AM"}
{"level":"error","message":"(node:26004) UnhandledPromiseRejectionWarning: Unhandled promise rejection (rejection id: 20): Error: Trying to open unclosed connection.","timestamp":"10:08:33 AM"}
{"level":"error","message":"(node:26004) UnhandledPromiseRejectionWarning: Unhandled promise rejection (rejection id: 21): Error: Trying to open unclosed connection.","timestamp":"10:08:33 AM"}
{"level":"error","message":"(node:26004) UnhandledPromiseRejectionWarning: Unhandled promise rejection (rejection id: 22): Error: Trying to open unclosed connection.","timestamp":"10:08:33 AM"}
{"level":"error","message":"(node:26004) UnhandledPromiseRejectionWarning: Unhandled promise rejection (rejection id: 23): Error: Trying to open unclosed connection.","timestamp":"10:08:33 AM"}
{"level":"error","message":"(node:26004) UnhandledPromiseRejectionWarning: Unhandled promise rejection (rejection id: 24): Error: Trying to open unclosed connection.","timestamp":"10:08:33 AM"}
{"level":"error","message":"(node:26004) UnhandledPromiseRejectionWarning: Unhandled promise rejection (rejection id: 25): Error: Trying to open unclosed connection.","timestamp":"10:08:34 AM"}
{"level":"error","message":"(node:26004) UnhandledPromiseRejectionWarning: Unhandled promise rejection (rejection id: 26): Error: Trying to open unclosed connection.","timestamp":"10:08:34 AM"}
{"level":"error","message":"(node:26004) UnhandledPromiseRejectionWarning: Unhandled promise rejection (rejection id: 27): Error: Trying to open unclosed connection.","timestamp":"10:08:34 AM"}
{"level":"error","message":"(node:26004) UnhandledPromiseRejectionWarning: Unhandled promise rejection (rejection id: 28): Error: Trying to open unclosed connection.","timestamp":"10:08:34 AM"}
{"level":"error","message":"(node:26004) UnhandledPromiseRejectionWarning: Unhandled promise rejection (rejection id: 29): Error: Trying to open unclosed connection.","timestamp":"10:08:34 AM"}
{"level":"error","message":"(node:26004) UnhandledPromiseRejectionWarning: Unhandled promise rejection (rejection id: 30): Error: Trying to open unclosed connection.","timestamp":"10:08:34 AM"}
{"level":"error","message":"(node:26004) UnhandledPromiseRejectionWarning: Unhandled promise rejection (rejection id: 31): Error: Trying to open unclosed connection.","timestamp":"10:08:34 AM"}
{"level":"error","message":"(node:26004) UnhandledPromiseRejectionWarning: Unhandled promise rejection (rejection id: 32): Error: Trying to open unclosed connection.","timestamp":"10:08:34 AM"}
{"level":"error","message":"(node:26004) UnhandledPromiseRejectionWarning: Unhandled promise rejection (rejection id: 33): Error: Trying to open unclosed connection.","timestamp":"10:08:34 AM"}
{"level":"error","message":"(node:26004) UnhandledPromiseRejectionWarning: Unhandled promise rejection (rejection id: 34): Error: Trying to open unclosed connection.","timestamp":"10:08:34 AM"}
{"level":"error","message":"(node:26004) UnhandledPromiseRejectionWarning: Unhandled promise rejection (rejection id: 35): Error: Trying to open unclosed connection.","timestamp":"10:08:34 AM"}
{"level":"error","message":"(node:26004) UnhandledPromiseRejectionWarning: Unhandled promise rejection (rejection id: 36): Error: Trying to open unclosed connection.","timestamp":"10:08:34 AM"}
{"level":"error","message":"(node:26004) UnhandledPromiseRejectionWarning: Unhandled promise rejection (rejection id: 37): Error: Trying to open unclosed connection.","timestamp":"10:08:34 AM"}
{"level":"error","message":"(node:26004) UnhandledPromiseRejectionWarning: Unhandled promise rejection (rejection id: 38): Error: Trying to open unclosed connection.","timestamp":"10:08:34 AM"}
{"level":"error","message":"(node:26004) UnhandledPromiseRejectionWarning: Unhandled promise rejection (rejection id: 39): Error: Trying to open unclosed connection.","timestamp":"10:08:34 AM"}
{"level":"error","message":"(node:26004) UnhandledPromiseRejectionWarning: Unhandled promise rejection (rejection id: 40): Error: Trying to open unclosed connection.","timestamp":"10:08:34 AM"}
{"level":"error","message":"(node:26004) UnhandledPromiseRejectionWarning: Unhandled promise rejection (rejection id: 41): Error: Trying to open unclosed connection.","timestamp":"10:08:34 AM"}
{"level":"error","message":"(node:26004) UnhandledPromiseRejectionWarning: Unhandled promise rejection (rejection id: 42): Error: Trying to open unclosed connection.","timestamp":"10:08:34 AM"}
{"level":"error","message":"(node:26004) UnhandledPromiseRejectionWarning: Unhandled promise rejection (rejection id: 43): Error: Trying to open unclosed connection.","timestamp":"10:08:34 AM"}
{"level":"error","message":"(node:26004) UnhandledPromiseRejectionWarning: Unhandled promise rejection (rejection id: 44): Error: Trying to open unclosed connection.","timestamp":"10:08:34 AM"}
{"level":"error","message":"(node:26004) UnhandledPromiseRejectionWarning: Unhandled promise rejection (rejection id: 45): Error: Trying to open unclosed connection.","timestamp":"10:08:34 AM"}
{"level":"error","message":"(node:26004) UnhandledPromiseRejectionWarning: Unhandled promise rejection (rejection id: 46): Error: Trying to open unclosed connection.","timestamp":"10:08:34 AM"}
{"level":"error","message":"(node:26004) UnhandledPromiseRejectionWarning: Unhandled promise rejection (rejection id: 47): Error: Trying to open unclosed connection.","timestamp":"10:08:34 AM"}
{"level":"error","message":"(node:26004) UnhandledPromiseRejectionWarning: Unhandled promise rejection (rejection id: 48): Error: Trying to open unclosed connection.","timestamp":"10:08:34 AM"}
{"level":"error","message":"(node:26004) UnhandledPromiseRejectionWarning: Unhandled promise rejection (rejection id: 49): Error: Trying to open unclosed connection.","timestamp":"10:08:34 AM"}
{"level":"error","message":"(node:26004) UnhandledPromiseRejectionWarning: Unhandled promise rejection (rejection id: 50): Error: Trying to open unclosed connection.","timestamp":"10:08:34 AM"}
{"level":"error","message":"(node:26004) UnhandledPromiseRejectionWarning: Unhandled promise rejection (rejection id: 51): Error: Trying to open unclosed connection.","timestamp":"10:08:34 AM"}
{"level":"error","message":"LOG REFERER YTD undefined ::1 undefined","timestamp":"10:08:41 AM"}
{"level":"error","message":"LOG REFERER YTD http://localhost:7000/ ::1 string","timestamp":"10:08:56 AM"}
{"level":"error","message":"LOG REFERER YTD http://localhost:7000/ ::1 string","timestamp":"10:08:56 AM"}
{"level":"error","message":"LOG REFERER YTD http://localhost:7000/ ::1 string","timestamp":"10:09:02 AM"}
{"level":"error","message":"LOG REFERER YTD http://localhost:7000/ ::1 string","timestamp":"10:09:03 AM"}
{"level":"error","message":"LOG REFERER YTD http://localhost:7000/ ::1 string","timestamp":"10:09:03 AM"}
{"level":"error","message":"LOG REFERER YTD http://localhost:7000/ ::1 string","timestamp":"10:18:34 AM"}
{"level":"error","message":"LOG REFERER YTD http://localhost:7000/ ::1 string","timestamp":"10:18:34 AM"}
{"level":"error","message":"LOG REFERER YTD http://localhost:7000/ ::1 string","timestamp":"10:18:41 AM"}
{"level":"error","message":"LOG REFERER YTD http://localhost:7000/ ::1 string","timestamp":"10:18:41 AM"}
{"level":"error","message":"LOG REFERER YTD http://localhost:7000/ ::1 string","timestamp":"10:18:46 AM"}
{"level":"error","message":"LOG REFERER YTD http://localhost:7000/ ::1 string","timestamp":"10:18:46 AM"}
{"level":"error","message":"LOG REFERER YTD http://localhost:7000/ ::1 string","timestamp":"10:19:00 AM"}
{"level":"error","message":"LOG REFERER YTD http://localhost:7000/ ::1 string","timestamp":"10:19:46 AM"}
{"level":"error","message":"LOG REFERER YTD http://localhost:7000/ ::1 string","timestamp":"10:19:46 AM"}
{"level":"error","message":"LOG REFERER YTD http://localhost:7000/ ::1 string","timestamp":"10:19:55 AM"}
{"level":"error","message":"LOG REFERER YTD http://localhost:7000/ ::1 string","timestamp":"10:19:56 AM"}
{"level":"error","message":"LOG REFERER YTD http://localhost:7000/ ::1 string","timestamp":"10:20:06 AM"}
{"level":"error","message":"LOG REFERER YTD http://localhost:7000/ ::1 string","timestamp":"10:20:06 AM"}
{"level":"error","message":"LOG REFERER YTD http://localhost:7000/ ::1 string","timestamp":"10:20:10 AM"}
{"level":"error","message":"LOG REFERER YTD http://localhost:7000/ ::1 string","timestamp":"10:20:10 AM"}
{"level":"error","message":"LOG REFERER YTD http://localhost:7000/ ::1 string","timestamp":"10:21:15 AM"}
{"level":"error","message":"LOG REFERER YTD http://localhost:7000/ ::1 string","timestamp":"10:21:15 AM"}
{"level":"error","message":"LOG REFERER YTD http://localhost:7000/ ::1 string","timestamp":"10:21:20 AM"}
{"level":"error","message":"LOG REFERER YTD http://localhost:7000/ ::1 string","timestamp":"10:21:20 AM"}
{"level":"error","message":"LOG REFERER YTD http://localhost:7000/ ::1 string","timestamp":"10:21:20 AM"}
{"level":"error","message":"LOG REFERER YTD http://localhost:7000/ ::1 string","timestamp":"10:21:36 AM"}
{"level":"error","message":"LOG REFERER YTD http://localhost:7000/ ::1 string","timestamp":"10:21:36 AM"}
{"level":"error","message":"LOG REFERER YTD http://localhost:7000/ ::1 string","timestamp":"10:24:28 AM"}
{"level":"error","message":"LOG REFERER YTD http://localhost:7000/ ::1 string","timestamp":"10:29:47 AM"}
{"level":"error","message":"LOG REFERER YTD http://localhost:7000/ ::1 string","timestamp":"10:29:47 AM"}
{"level":"error","message":"LOG REFERER YTD http://localhost:7000/ ::1 string","timestamp":"10:29:49 AM"}
{"level":"error","message":"LOG REFERER YTD http://localhost:7000/ ::1 string","timestamp":"10:30:50 AM"}
{"level":"error","message":"LOG REFERER YTD http://localhost:7000/ ::1 string","timestamp":"10:30:50 AM"}
{"level":"error","message":"LOG REFERER YTD http://localhost:7000/ ::1 string","timestamp":"10:30:52 AM"}
{"level":"error","message":"LOG REFERER YTD http://localhost:7000/ ::1 string","timestamp":"10:31:16 AM"}
{"level":"error","message":"LOG REFERER YTD http://localhost:7000/ ::1 string","timestamp":"10:32:28 AM"}
{"level":"error","message":"LOG REFERER YTD http://localhost:7000/ ::1 string","timestamp":"10:32:28 AM"}
{"level":"error","message":"LOG REFERER YTD http://localhost:7000/ ::1 string","timestamp":"10:32:31 AM"}
{"level":"error","message":"LOG REFERER YTD http://localhost:7000/ ::1 string","timestamp":"10:33:18 AM"}
{"level":"error","message":"LOG REFERER YTD http://localhost:7000/ ::1 string","timestamp":"10:33:18 AM"}
{"level":"error","message":"LOG REFERER YTD http://localhost:7000/ ::1 string","timestamp":"10:33:24 AM"}
{"level":"error","message":"LOG REFERER YTD http://localhost:7000/ ::1 string","timestamp":"10:34:17 AM"}
{"level":"error","message":"LOG REFERER YTD http://localhost:7000/ ::1 string","timestamp":"10:34:17 AM"}
{"level":"error","message":"LOG REFERER YTD http://localhost:7000/ ::1 string","timestamp":"10:34:18 AM"}
{"level":"error","message":"LOG REFERER YTD http://localhost:7000/ ::1 string","timestamp":"10:34:36 AM"}
{"level":"error","message":"LOG REFERER YTD http://localhost:7000/ ::1 string","timestamp":"10:34:36 AM"}
{"level":"error","message":"LOG REFERER YTD http://localhost:7000/ ::1 string","timestamp":"10:34:40 AM"}
{"level":"error","message":"LOG REFERER YTD http://localhost:7000/ ::1 string","timestamp":"10:35:47 AM"}
{"level":"error","message":"LOG REFERER YTD http://localhost:7000/ ::1 string","timestamp":"10:35:47 AM"}
{"level":"error","message":"LOG REFERER YTD http://localhost:7000/ ::1 string","timestamp":"10:35:50 AM"}
{"level":"error","message":"LOG REFERER YTD http://localhost:7000/ ::1 string","timestamp":"10:37:18 AM"}
{"level":"error","message":"LOG REFERER YTD http://localhost:7000/ ::1 string","timestamp":"10:37:18 AM"}
{"level":"error","message":"LOG REFERER YTD http://localhost:7000/ ::1 string","timestamp":"10:37:21 AM"}
{"level":"error","message":"LOG REFERER YTD http://localhost:7000/ ::1 string","timestamp":"10:37:21 AM"}
{"level":"error","message":"LOG REFERER YTD http://localhost:7000/ ::1 string","timestamp":"10:39:40 AM"}
{"level":"error","message":"LOG REFERER YTD http://localhost:7000/ ::1 string","timestamp":"10:39:40 AM"}
{"level":"error","message":"LOG REFERER YTD http://localhost:7000/ ::1 string","timestamp":"10:47:56 AM"}
{"level":"error","message":"LOG REFERER YTD http://localhost:7000/ ::1 string","timestamp":"10:56:17 AM"}
{"level":"error","message":"LOG REFERER YTD http://localhost:7000/ ::1 string","timestamp":"10:56:17 AM"}
{"level":"error","message":"LOG REFERER YTD http://localhost:7000/ ::1 string","timestamp":"10:57:07 AM"}
{"level":"error","message":"LOG REFERER YTD undefined ::ffff:127.0.0.1 undefined","timestamp":"11:05:14 AM"}
{"level":"error","message":"LOG REFERER YTD http://localhost:7000/ ::1 string","timestamp":"11:05:15 AM"}
{"level":"error","message":"LOG REFERER YTD http://localhost:7000/ ::1 string","timestamp":"11:05:15 AM"}
{"level":"error","message":"LOG REFERER YTD http://localhost:7000/ ::1 string","timestamp":"11:05:18 AM"}
{"level":"error","message":"LOG REFERER YTD http://localhost:7000/ ::1 string","timestamp":"11:11:59 AM"}
{"level":"error","message":"LOG REFERER YTD http://localhost:7000/ ::1 string","timestamp":"11:11:59 AM"}
{"level":"error","message":"LOG REFERER YTD http://localhost:7000/ ::1 string","timestamp":"11:12:01 AM"}
{"level":"error","message":"LOG REFERER YTD http://localhost:7000/ ::1 string","timestamp":"11:12:13 AM"}
{"level":"error","message":"LOG REFERER YTD http://localhost:7000/ ::1 string","timestamp":"11:12:13 AM"}
{"level":"error","message":"LOG REFERER YTD http://localhost:7000/ ::1 string","timestamp":"11:12:15 AM"}
{"level":"error","message":"LOG REFERER YTD http://localhost:7000/ ::1 string","timestamp":"11:13:43 AM"}
{"level":"error","message":"LOG REFERER YTD http://localhost:7000/ ::1 string","timestamp":"11:13:43 AM"}
{"level":"error","message":"LOG REFERER YTD http://localhost:7000/ ::1 string","timestamp":"11:13:46 AM"}
{"level":"error","message":"LOG REFERER YTD http://localhost:7000/ ::1 string","timestamp":"11:16:26 AM"}
{"level":"error","message":"LOG REFERER YTD http://localhost:7000/ ::1 string","timestamp":"11:16:26 AM"}
{"level":"error","message":"LOG REFERER YTD http://localhost:7000/ ::1 string","timestamp":"11:16:29 AM"}
{"level":"error","message":"LOG REFERER YTD http://localhost:7000/ ::1 string","timestamp":"11:27:20 AM"}
{"level":"error","message":"LOG REFERER YTD http://localhost:7000/ ::1 string","timestamp":"11:27:58 AM"}
{"level":"error","message":"LOG REFERER YTD http://localhost:7000/ ::1 string","timestamp":"11:27:58 AM"}
{"level":"error","message":"LOG REFERER YTD http://localhost:7000/ ::1 string","timestamp":"11:27:59 AM"}
{"level":"error","message":"LOG REFERER YTD http://localhost:7000/ ::1 string","timestamp":"11:39:30 AM"}
{"level":"error","message":"LOG REFERER YTD http://localhost:7000/ ::1 string","timestamp":"11:41:11 AM"}
{"level":"error","message":"LOG REFERER YTD http://localhost:7000/ ::1 string","timestamp":"11:41:11 AM"}
{"level":"error","message":"LOG REFERER YTD http://localhost:7000/ ::1 string","timestamp":"11:42:21 AM"}
{"level":"error","message":"LOG REFERER YTD http://localhost:7000/ ::1 string","timestamp":"11:42:21 AM"}
{"level":"error","message":"LOG REFERER YTD http://localhost:7000/ ::1 string","timestamp":"11:42:31 AM"}
{"level":"error","message":"LOG REFERER YTD http://localhost:7000/ ::1 string","timestamp":"12:39:41 PM"}
{"level":"error","message":"LOG REFERER YTD http://localhost:7000/ ::1 string","timestamp":"12:39:41 PM"}
{"level":"error","message":"(node:19776) UnhandledPromiseRejectionWarning: Unhandled promise rejection (rejection id: 1): Error: Trying to open unclosed connection.","timestamp":"12:44:39 PM"}
{"level":"error","message":"(node:19776) UnhandledPromiseRejectionWarning: Unhandled promise rejection (rejection id: 2): Error: Trying to open unclosed connection.","timestamp":"12:44:39 PM"}
{"level":"error","message":"(node:19776) UnhandledPromiseRejectionWarning: Unhandled promise rejection (rejection id: 3): Error: Trying to open unclosed connection.","timestamp":"12:44:39 PM"}
{"level":"error","message":"(node:19776) UnhandledPromiseRejectionWarning: Unhandled promise rejection (rejection id: 4): Error: Trying to open unclosed connection.","timestamp":"12:44:39 PM"}
{"level":"error","message":"(node:19776) UnhandledPromiseRejectionWarning: Unhandled promise rejection (rejection id: 5): Error: Trying to open unclosed connection.","timestamp":"12:44:39 PM"}
{"level":"error","message":"(node:19776) UnhandledPromiseRejectionWarning: Unhandled promise rejection (rejection id: 6): Error: Trying to open unclosed connection.","timestamp":"12:44:39 PM"}
{"level":"error","message":"(node:19776) UnhandledPromiseRejectionWarning: Unhandled promise rejection (rejection id: 7): Error: Trying to open unclosed connection.","timestamp":"12:44:39 PM"}
{"level":"error","message":"(node:19776) UnhandledPromiseRejectionWarning: Unhandled promise rejection (rejection id: 8): Error: Trying to open unclosed connection.","timestamp":"12:44:39 PM"}
{"level":"error","message":"(node:19776) UnhandledPromiseRejectionWarning: Unhandled promise rejection (rejection id: 9): Error: Trying to open unclosed connection.","timestamp":"12:44:39 PM"}
{"level":"error","message":"(node:19776) UnhandledPromiseRejectionWarning: Unhandled promise rejection (rejection id: 10): Error: Trying to open unclosed connection.","timestamp":"12:44:39 PM"}
{"level":"error","message":"(node:19776) UnhandledPromiseRejectionWarning: Unhandled promise rejection (rejection id: 11): Error: Trying to open unclosed connection.","timestamp":"12:44:39 PM"}
{"level":"error","message":"(node:19776) UnhandledPromiseRejectionWarning: Unhandled promise rejection (rejection id: 12): Error: Trying to open unclosed connection.","timestamp":"12:44:39 PM"}
{"level":"error","message":"(node:19776) UnhandledPromiseRejectionWarning: Unhandled promise rejection (rejection id: 13): Error: Trying to open unclosed connection.","timestamp":"12:44:39 PM"}
{"level":"error","message":"(node:19776) UnhandledPromiseRejectionWarning: Unhandled promise rejection (rejection id: 14): Error: Trying to open unclosed connection.","timestamp":"12:44:39 PM"}
{"level":"error","message":"(node:19776) UnhandledPromiseRejectionWarning: Unhandled promise rejection (rejection id: 15): Error: Trying to open unclosed connection.","timestamp":"12:44:39 PM"}
{"level":"error","message":"(node:19776) UnhandledPromiseRejectionWarning: Unhandled promise rejection (rejection id: 16): Error: Trying to open unclosed connection.","timestamp":"12:44:39 PM"}
{"level":"error","message":"(node:19776) UnhandledPromiseRejectionWarning: Unhandled promise rejection (rejection id: 17): Error: Trying to open unclosed connection.","timestamp":"12:44:39 PM"}
{"level":"error","message":"(node:19776) UnhandledPromiseRejectionWarning: Unhandled promise rejection (rejection id: 18): Error: Trying to open unclosed connection.","timestamp":"12:44:39 PM"}
{"level":"error","message":"(node:19776) UnhandledPromiseRejectionWarning: Unhandled promise rejection (rejection id: 19): Error: Trying to open unclosed connection.","timestamp":"12:44:39 PM"}
{"level":"error","message":"(node:19776) UnhandledPromiseRejectionWarning: Unhandled promise rejection (rejection id: 20): Error: Trying to open unclosed connection.","timestamp":"12:44:39 PM"}
{"level":"error","message":"(node:19776) UnhandledPromiseRejectionWarning: Unhandled promise rejection (rejection id: 21): Error: Trying to open unclosed connection.","timestamp":"12:44:39 PM"}
{"level":"error","message":"(node:19776) UnhandledPromiseRejectionWarning: Unhandled promise rejection (rejection id: 22): Error: Trying to open unclosed connection.","timestamp":"12:44:39 PM"}
{"level":"error","message":"(node:19776) UnhandledPromiseRejectionWarning: Unhandled promise rejection (rejection id: 23): Error: Trying to open unclosed connection.","timestamp":"12:44:39 PM"}
{"level":"error","message":"(node:19776) UnhandledPromiseRejectionWarning: Unhandled promise rejection (rejection id: 24): Error: Trying to open unclosed connection.","timestamp":"12:44:39 PM"}
{"level":"error","message":"(node:19776) UnhandledPromiseRejectionWarning: Unhandled promise rejection (rejection id: 25): Error: Trying to open unclosed connection.","timestamp":"12:44:39 PM"}
{"level":"error","message":"(node:19776) UnhandledPromiseRejectionWarning: Unhandled promise rejection (rejection id: 26): Error: Trying to open unclosed connection.","timestamp":"12:44:39 PM"}
{"level":"error","message":"(node:19776) UnhandledPromiseRejectionWarning: Unhandled promise rejection (rejection id: 27): Error: Trying to open unclosed connection.","timestamp":"12:44:39 PM"}
{"level":"error","message":"(node:19776) UnhandledPromiseRejectionWarning: Unhandled promise rejection (rejection id: 28): Error: Trying to open unclosed connection.","timestamp":"12:44:39 PM"}
{"level":"error","message":"(node:19776) UnhandledPromiseRejectionWarning: Unhandled promise rejection (rejection id: 29): Error: Trying to open unclosed connection.","timestamp":"12:44:39 PM"}
{"level":"error","message":"(node:19776) UnhandledPromiseRejectionWarning: Unhandled promise rejection (rejection id: 30): Error: Trying to open unclosed connection.","timestamp":"12:44:39 PM"}
{"level":"error","message":"(node:19776) UnhandledPromiseRejectionWarning: Unhandled promise rejection (rejection id: 31): Error: Trying to open unclosed connection.","timestamp":"12:44:39 PM"}
{"level":"error","message":"(node:19776) UnhandledPromiseRejectionWarning: Unhandled promise rejection (rejection id: 32): Error: Trying to open unclosed connection.","timestamp":"12:44:39 PM"}
{"level":"error","message":"(node:19776) UnhandledPromiseRejectionWarning: Unhandled promise rejection (rejection id: 33): Error: Trying to open unclosed connection.","timestamp":"12:44:39 PM"}
{"level":"error","message":"(node:19776) UnhandledPromiseRejectionWarning: Unhandled promise rejection (rejection id: 34): Error: Trying to open unclosed connection.","timestamp":"12:44:39 PM"}
{"level":"error","message":"(node:19776) UnhandledPromiseRejectionWarning: Unhandled promise rejection (rejection id: 35): Error: Trying to open unclosed connection.","timestamp":"12:44:39 PM"}
{"level":"error","message":"(node:19776) UnhandledPromiseRejectionWarning: Unhandled promise rejection (rejection id: 36): Error: Trying to open unclosed connection.","timestamp":"12:44:39 PM"}
{"level":"error","message":"(node:19776) UnhandledPromiseRejectionWarning: Unhandled promise rejection (rejection id: 37): Error: Trying to open unclosed connection.","timestamp":"12:44:39 PM"}
{"level":"error","message":"(node:19776) UnhandledPromiseRejectionWarning: Unhandled promise rejection (rejection id: 38): Error: Trying to open unclosed connection.","timestamp":"12:44:39 PM"}
{"level":"error","message":"(node:19776) UnhandledPromiseRejectionWarning: Unhandled promise rejection (rejection id: 39): Error: Trying to open unclosed connection.","timestamp":"12:44:39 PM"}
{"level":"error","message":"(node:19776) UnhandledPromiseRejectionWarning: Unhandled promise rejection (rejection id: 40): Error: Trying to open unclosed connection.","timestamp":"12:44:39 PM"}
{"level":"error","message":"(node:19776) UnhandledPromiseRejectionWarning: Unhandled promise rejection (rejection id: 41): Error: Trying to open unclosed connection.","timestamp":"12:44:39 PM"}
{"level":"error","message":"(node:19776) UnhandledPromiseRejectionWarning: Unhandled promise rejection (rejection id: 42): Error: Trying to open unclosed connection.","timestamp":"12:44:39 PM"}
{"level":"error","message":"(node:19776) UnhandledPromiseRejectionWarning: Unhandled promise rejection (rejection id: 43): Error: Trying to open unclosed connection.","timestamp":"12:44:39 PM"}
{"level":"error","message":"(node:19776) UnhandledPromiseRejectionWarning: Unhandled promise rejection (rejection id: 44): Error: Trying to open unclosed connection.","timestamp":"12:44:39 PM"}
{"level":"error","message":"(node:19776) UnhandledPromiseRejectionWarning: Unhandled promise rejection (rejection id: 45): Error: Trying to open unclosed connection.","timestamp":"12:44:39 PM"}
{"level":"error","message":"(node:19776) UnhandledPromiseRejectionWarning: Unhandled promise rejection (rejection id: 46): Error: Trying to open unclosed connection.","timestamp":"12:44:39 PM"}
{"level":"error","message":"(node:19776) UnhandledPromiseRejectionWarning: Unhandled promise rejection (rejection id: 47): Error: Trying to open unclosed connection.","timestamp":"12:44:39 PM"}
{"level":"error","message":"(node:19776) UnhandledPromiseRejectionWarning: Unhandled promise rejection (rejection id: 48): Error: Trying to open unclosed connection.","timestamp":"12:44:39 PM"}
{"level":"error","message":"(node:19776) UnhandledPromiseRejectionWarning: Unhandled promise rejection (rejection id: 49): Error: Trying to open unclosed connection.","timestamp":"12:44:39 PM"}
{"level":"error","message":"(node:19776) UnhandledPromiseRejectionWarning: Unhandled promise rejection (rejection id: 50): Error: Trying to open unclosed connection.","timestamp":"12:44:39 PM"}
{"level":"error","message":"(node:19776) UnhandledPromiseRejectionWarning: Unhandled promise rejection (rejection id: 51): Error: Trying to open unclosed connection.","timestamp":"12:44:39 PM"}
{"level":"error","message":"LOG REFERER YTD undefined ::1 undefined","timestamp":"12:45:02 PM"}
{"level":"error","message":"LOG REFERER YTD undefined ::1 undefined","timestamp":"12:45:22 PM"}
{"level":"error","message":"(node:9136) UnhandledPromiseRejectionWarning: Unhandled promise rejection (rejection id: 1): Error: Trying to open unclosed connection.","timestamp":"1:22:42 PM"}
{"level":"error","message":"(node:9136) UnhandledPromiseRejectionWarning: Unhandled promise rejection (rejection id: 2): Error: Trying to open unclosed connection.","timestamp":"1:22:42 PM"}
{"level":"error","message":"(node:9136) UnhandledPromiseRejectionWarning: Unhandled promise rejection (rejection id: 3): Error: Trying to open unclosed connection.","timestamp":"1:22:42 PM"}
{"level":"error","message":"(node:9136) UnhandledPromiseRejectionWarning: Unhandled promise rejection (rejection id: 4): Error: Trying to open unclosed connection.","timestamp":"1:22:42 PM"}
{"level":"error","message":"(node:9136) UnhandledPromiseRejectionWarning: Unhandled promise rejection (rejection id: 5): Error: Trying to open unclosed connection.","timestamp":"1:22:42 PM"}
{"level":"error","message":"(node:9136) UnhandledPromiseRejectionWarning: Unhandled promise rejection (rejection id: 6): Error: Trying to open unclosed connection.","timestamp":"1:22:42 PM"}
{"level":"error","message":"(node:9136) UnhandledPromiseRejectionWarning: Unhandled promise rejection (rejection id: 7): Error: Trying to open unclosed connection.","timestamp":"1:22:42 PM"}
{"level":"error","message":"(node:9136) UnhandledPromiseRejectionWarning: Unhandled promise rejection (rejection id: 8): Error: Trying to open unclosed connection.","timestamp":"1:22:42 PM"}
{"level":"error","message":"(node:9136) UnhandledPromiseRejectionWarning: Unhandled promise rejection (rejection id: 9): Error: Trying to open unclosed connection.","timestamp":"1:22:42 PM"}
{"level":"error","message":"(node:9136) UnhandledPromiseRejectionWarning: Unhandled promise rejection (rejection id: 10): Error: Trying to open unclosed connection.","timestamp":"1:22:42 PM"}
{"level":"error","message":"(node:9136) UnhandledPromiseRejectionWarning: Unhandled promise rejection (rejection id: 11): Error: Trying to open unclosed connection.","timestamp":"1:22:42 PM"}
{"level":"error","message":"(node:9136) UnhandledPromiseRejectionWarning: Unhandled promise rejection (rejection id: 12): Error: Trying to open unclosed connection.","timestamp":"1:22:42 PM"}
{"level":"error","message":"(node:9136) UnhandledPromiseRejectionWarning: Unhandled promise rejection (rejection id: 13): Error: Trying to open unclosed connection.","timestamp":"1:22:42 PM"}
{"level":"error","message":"(node:9136) UnhandledPromiseRejectionWarning: Unhandled promise rejection (rejection id: 14): Error: Trying to open unclosed connection.","timestamp":"1:22:42 PM"}
{"level":"error","message":"(node:9136) UnhandledPromiseRejectionWarning: Unhandled promise rejection (rejection id: 15): Error: Trying to open unclosed connection.","timestamp":"1:22:42 PM"}
{"level":"error","message":"(node:9136) UnhandledPromiseRejectionWarning: Unhandled promise rejection (rejection id: 16): Error: Trying to open unclosed connection.","timestamp":"1:22:42 PM"}
{"level":"error","message":"(node:9136) UnhandledPromiseRejectionWarning: Unhandled promise rejection (rejection id: 17): Error: Trying to open unclosed connection.","timestamp":"1:22:42 PM"}
{"level":"error","message":"(node:9136) UnhandledPromiseRejectionWarning: Unhandled promise rejection (rejection id: 18): Error: Trying to open unclosed connection.","timestamp":"1:22:42 PM"}
{"level":"error","message":"(node:9136) UnhandledPromiseRejectionWarning: Unhandled promise rejection (rejection id: 19): Error: Trying to open unclosed connection.","timestamp":"1:22:42 PM"}
{"level":"error","message":"(node:9136) UnhandledPromiseRejectionWarning: Unhandled promise rejection (rejection id: 20): Error: Trying to open unclosed connection.","timestamp":"1:22:42 PM"}
{"level":"error","message":"(node:9136) UnhandledPromiseRejectionWarning: Unhandled promise rejection (rejection id: 21): Error: Trying to open unclosed connection.","timestamp":"1:22:42 PM"}
{"level":"error","message":"(node:9136) UnhandledPromiseRejectionWarning: Unhandled promise rejection (rejection id: 22): Error: Trying to open unclosed connection.","timestamp":"1:22:42 PM"}
{"level":"error","message":"(node:9136) UnhandledPromiseRejectionWarning: Unhandled promise rejection (rejection id: 23): Error: Trying to open unclosed connection.","timestamp":"1:22:42 PM"}
{"level":"error","message":"(node:9136) UnhandledPromiseRejectionWarning: Unhandled promise rejection (rejection id: 24): Error: Trying to open unclosed connection.","timestamp":"1:22:42 PM"}
{"level":"error","message":"(node:9136) UnhandledPromiseRejectionWarning: Unhandled promise rejection (rejection id: 25): Error: Trying to open unclosed connection.","timestamp":"1:22:42 PM"}
{"level":"error","message":"(node:9136) UnhandledPromiseRejectionWarning: Unhandled promise rejection (rejection id: 26): Error: Trying to open unclosed connection.","timestamp":"1:22:42 PM"}
{"level":"error","message":"(node:9136) UnhandledPromiseRejectionWarning: Unhandled promise rejection (rejection id: 27): Error: Trying to open unclosed connection.","timestamp":"1:22:42 PM"}
{"level":"error","message":"(node:9136) UnhandledPromiseRejectionWarning: Unhandled promise rejection (rejection id: 28): Error: Trying to open unclosed connection.","timestamp":"1:22:42 PM"}
{"level":"error","message":"(node:9136) UnhandledPromiseRejectionWarning: Unhandled promise rejection (rejection id: 29): Error: Trying to open unclosed connection.","timestamp":"1:22:42 PM"}
{"level":"error","message":"(node:9136) UnhandledPromiseRejectionWarning: Unhandled promise rejection (rejection id: 30): Error: Trying to open unclosed connection.","timestamp":"1:22:42 PM"}
{"level":"error","message":"(node:9136) UnhandledPromiseRejectionWarning: Unhandled promise rejection (rejection id: 31): Error: Trying to open unclosed connection.","timestamp":"1:22:42 PM"}
{"level":"error","message":"(node:9136) UnhandledPromiseRejectionWarning: Unhandled promise rejection (rejection id: 32): Error: Trying to open unclosed connection.","timestamp":"1:22:42 PM"}
{"level":"error","message":"(node:9136) UnhandledPromiseRejectionWarning: Unhandled promise rejection (rejection id: 33): Error: Trying to open unclosed connection.","timestamp":"1:22:42 PM"}
{"level":"error","message":"(node:9136) UnhandledPromiseRejectionWarning: Unhandled promise rejection (rejection id: 34): Error: Trying to open unclosed connection.","timestamp":"1:22:42 PM"}
{"level":"error","message":"(node:9136) UnhandledPromiseRejectionWarning: Unhandled promise rejection (rejection id: 35): Error: Trying to open unclosed connection.","timestamp":"1:22:42 PM"}
{"level":"error","message":"(node:9136) UnhandledPromiseRejectionWarning: Unhandled promise rejection (rejection id: 36): Error: Trying to open unclosed connection.","timestamp":"1:22:42 PM"}
{"level":"error","message":"(node:9136) UnhandledPromiseRejectionWarning: Unhandled promise rejection (rejection id: 37): Error: Trying to open unclosed connection.","timestamp":"1:22:42 PM"}
{"level":"error","message":"(node:9136) UnhandledPromiseRejectionWarning: Unhandled promise rejection (rejection id: 38): Error: Trying to open unclosed connection.","timestamp":"1:22:42 PM"}
{"level":"error","message":"(node:9136) UnhandledPromiseRejectionWarning: Unhandled promise rejection (rejection id: 39): Error: Trying to open unclosed connection.","timestamp":"1:22:42 PM"}
{"level":"error","message":"(node:9136) UnhandledPromiseRejectionWarning: Unhandled promise rejection (rejection id: 40): Error: Trying to open unclosed connection.","timestamp":"1:22:42 PM"}
{"level":"error","message":"(node:9136) UnhandledPromiseRejectionWarning: Unhandled promise rejection (rejection id: 41): Error: Trying to open unclosed connection.","timestamp":"1:22:42 PM"}
{"level":"error","message":"(node:9136) UnhandledPromiseRejectionWarning: Unhandled promise rejection (rejection id: 42): Error: Trying to open unclosed connection.","timestamp":"1:22:42 PM"}
{"level":"error","message":"(node:9136) UnhandledPromiseRejectionWarning: Unhandled promise rejection (rejection id: 43): Error: Trying to open unclosed connection.","timestamp":"1:22:42 PM"}
{"level":"error","message":"(node:9136) UnhandledPromiseRejectionWarning: Unhandled promise rejection (rejection id: 44): Error: Trying to open unclosed connection.","timestamp":"1:22:42 PM"}
{"level":"error","message":"(node:9136) UnhandledPromiseRejectionWarning: Unhandled promise rejection (rejection id: 45): Error: Trying to open unclosed connection.","timestamp":"1:22:42 PM"}
{"level":"error","message":"(node:9136) UnhandledPromiseRejectionWarning: Unhandled promise rejection (rejection id: 46): Error: Trying to open unclosed connection.","timestamp":"1:22:42 PM"}
{"level":"error","message":"(node:9136) UnhandledPromiseRejectionWarning: Unhandled promise rejection (rejection id: 47): Error: Trying to open unclosed connection.","timestamp":"1:22:42 PM"}
{"level":"error","message":"(node:9136) UnhandledPromiseRejectionWarning: Unhandled promise rejection (rejection id: 48): Error: Trying to open unclosed connection.","timestamp":"1:22:42 PM"}
{"level":"error","message":"(node:9136) UnhandledPromiseRejectionWarning: Unhandled promise rejection (rejection id: 49): Error: Trying to open unclosed connection.","timestamp":"1:22:42 PM"}
{"level":"error","message":"(node:9136) UnhandledPromiseRejectionWarning: Unhandled promise rejection (rejection id: 50): Error: Trying to open unclosed connection.","timestamp":"1:22:42 PM"}
{"level":"error","message":"(node:9136) UnhandledPromiseRejectionWarning: Unhandled promise rejection (rejection id: 51): Error: Trying to open unclosed connection.","timestamp":"1:22:42 PM"}
{"level":"error","message":"LOG REFERER YTD undefined ::1 undefined","timestamp":"1:22:49 PM"}
{"level":"error","message":"(node:5692) UnhandledPromiseRejectionWarning: Unhandled promise rejection (rejection id: 1): Error: Trying to open unclosed connection.","timestamp":"1:24:55 PM"}
{"level":"error","message":"(node:5692) UnhandledPromiseRejectionWarning: Unhandled promise rejection (rejection id: 2): Error: Trying to open unclosed connection.","timestamp":"1:24:55 PM"}
{"level":"error","message":"(node:5692) UnhandledPromiseRejectionWarning: Unhandled promise rejection (rejection id: 3): Error: Trying to open unclosed connection.","timestamp":"1:24:55 PM"}
{"level":"error","message":"(node:5692) UnhandledPromiseRejectionWarning: Unhandled promise rejection (rejection id: 4): Error: Trying to open unclosed connection.","timestamp":"1:24:55 PM"}
{"level":"error","message":"(node:5692) UnhandledPromiseRejectionWarning: Unhandled promise rejection (rejection id: 5): Error: Trying to open unclosed connection.","timestamp":"1:24:55 PM"}
{"level":"error","message":"(node:5692) UnhandledPromiseRejectionWarning: Unhandled promise rejection (rejection id: 6): Error: Trying to open unclosed connection.","timestamp":"1:24:55 PM"}
{"level":"error","message":"(node:5692) UnhandledPromiseRejectionWarning: Unhandled promise rejection (rejection id: 7): Error: Trying to open unclosed connection.","timestamp":"1:24:55 PM"}
{"level":"error","message":"(node:5692) UnhandledPromiseRejectionWarning: Unhandled promise rejection (rejection id: 8): Error: Trying to open unclosed connection.","timestamp":"1:24:55 PM"}
{"level":"error","message":"(node:5692) UnhandledPromiseRejectionWarning: Unhandled promise rejection (rejection id: 9): Error: Trying to open unclosed connection.","timestamp":"1:24:55 PM"}
{"level":"error","message":"(node:5692) UnhandledPromiseRejectionWarning: Unhandled promise rejection (rejection id: 10): Error: Trying to open unclosed connection.","timestamp":"1:24:55 PM"}
{"level":"error","message":"(node:5692) UnhandledPromiseRejectionWarning: Unhandled promise rejection (rejection id: 11): Error: Trying to open unclosed connection.","timestamp":"1:24:55 PM"}
{"level":"error","message":"(node:5692) UnhandledPromiseRejectionWarning: Unhandled promise rejection (rejection id: 12): Error: Trying to open unclosed connection.","timestamp":"1:24:55 PM"}
{"level":"error","message":"(node:5692) UnhandledPromiseRejectionWarning: Unhandled promise rejection (rejection id: 13): Error: Trying to open unclosed connection.","timestamp":"1:24:55 PM"}
{"level":"error","message":"(node:5692) UnhandledPromiseRejectionWarning: Unhandled promise rejection (rejection id: 14): Error: Trying to open unclosed connection.","timestamp":"1:24:55 PM"}
{"level":"error","message":"(node:5692) UnhandledPromiseRejectionWarning: Unhandled promise rejection (rejection id: 15): Error: Trying to open unclosed connection.","timestamp":"1:24:55 PM"}
{"level":"error","message":"(node:5692) UnhandledPromiseRejectionWarning: Unhandled promise rejection (rejection id: 16): Error: Trying to open unclosed connection.","timestamp":"1:24:55 PM"}
{"level":"error","message":"(node:5692) UnhandledPromiseRejectionWarning: Unhandled promise rejection (rejection id: 17): Error: Trying to open unclosed connection.","timestamp":"1:24:55 PM"}
{"level":"error","message":"(node:5692) UnhandledPromiseRejectionWarning: Unhandled promise rejection (rejection id: 18): Error: Trying to open unclosed connection.","timestamp":"1:24:55 PM"}
{"level":"error","message":"(node:5692) UnhandledPromiseRejectionWarning: Unhandled promise rejection (rejection id: 19): Error: Trying to open unclosed connection.","timestamp":"1:24:55 PM"}
{"level":"error","message":"(node:5692) UnhandledPromiseRejectionWarning: Unhandled promise rejection (rejection id: 20): Error: Trying to open unclosed connection.","timestamp":"1:24:55 PM"}
{"level":"error","message":"(node:5692) UnhandledPromiseRejectionWarning: Unhandled promise rejection (rejection id: 21): Error: Trying to open unclosed connection.","timestamp":"1:24:55 PM"}
{"level":"error","message":"(node:5692) UnhandledPromiseRejectionWarning: Unhandled promise rejection (rejection id: 22): Error: Trying to open unclosed connection.","timestamp":"1:24:55 PM"}
{"level":"error","message":"(node:5692) UnhandledPromiseRejectionWarning: Unhandled promise rejection (rejection id: 23): Error: Trying to open unclosed connection.","timestamp":"1:24:55 PM"}
{"level":"error","message":"(node:5692) UnhandledPromiseRejectionWarning: Unhandled promise rejection (rejection id: 24): Error: Trying to open unclosed connection.","timestamp":"1:24:55 PM"}
{"level":"error","message":"(node:5692) UnhandledPromiseRejectionWarning: Unhandled promise rejection (rejection id: 25): Error: Trying to open unclosed connection.","timestamp":"1:24:55 PM"}
{"level":"error","message":"(node:5692) UnhandledPromiseRejectionWarning: Unhandled promise rejection (rejection id: 26): Error: Trying to open unclosed connection.","timestamp":"1:24:55 PM"}
{"level":"error","message":"(node:5692) UnhandledPromiseRejectionWarning: Unhandled promise rejection (rejection id: 27): Error: Trying to open unclosed connection.","timestamp":"1:24:55 PM"}
{"level":"error","message":"(node:5692) UnhandledPromiseRejectionWarning: Unhandled promise rejection (rejection id: 28): Error: Trying to open unclosed connection.","timestamp":"1:24:55 PM"}
{"level":"error","message":"(node:5692) UnhandledPromiseRejectionWarning: Unhandled promise rejection (rejection id: 29): Error: Trying to open unclosed connection.","timestamp":"1:24:55 PM"}
{"level":"error","message":"(node:5692) UnhandledPromiseRejectionWarning: Unhandled promise rejection (rejection id: 30): Error: Trying to open unclosed connection.","timestamp":"1:24:55 PM"}
{"level":"error","message":"(node:5692) UnhandledPromiseRejectionWarning: Unhandled promise rejection (rejection id: 31): Error: Trying to open unclosed connection.","timestamp":"1:24:55 PM"}
{"level":"error","message":"(node:5692) UnhandledPromiseRejectionWarning: Unhandled promise rejection (rejection id: 32): Error: Trying to open unclosed connection.","timestamp":"1:24:55 PM"}
{"level":"error","message":"(node:5692) UnhandledPromiseRejectionWarning: Unhandled promise rejection (rejection id: 33): Error: Trying to open unclosed connection.","timestamp":"1:24:55 PM"}
{"level":"error","message":"(node:5692) UnhandledPromiseRejectionWarning: Unhandled promise rejection (rejection id: 34): Error: Trying to open unclosed connection.","timestamp":"1:24:55 PM"}
{"level":"error","message":"(node:5692) UnhandledPromiseRejectionWarning: Unhandled promise rejection (rejection id: 35): Error: Trying to open unclosed connection.","timestamp":"1:24:55 PM"}
{"level":"error","message":"(node:5692) UnhandledPromiseRejectionWarning: Unhandled promise rejection (rejection id: 36): Error: Trying to open unclosed connection.","timestamp":"1:24:55 PM"}
{"level":"error","message":"(node:5692) UnhandledPromiseRejectionWarning: Unhandled promise rejection (rejection id: 37): Error: Trying to open unclosed connection.","timestamp":"1:24:55 PM"}
{"level":"error","message":"(node:5692) UnhandledPromiseRejectionWarning: Unhandled promise rejection (rejection id: 38): Error: Trying to open unclosed connection.","timestamp":"1:24:55 PM"}
{"level":"error","message":"(node:5692) UnhandledPromiseRejectionWarning: Unhandled promise rejection (rejection id: 39): Error: Trying to open unclosed connection.","timestamp":"1:24:55 PM"}
{"level":"error","message":"(node:5692) UnhandledPromiseRejectionWarning: Unhandled promise rejection (rejection id: 40): Error: Trying to open unclosed connection.","timestamp":"1:24:55 PM"}
{"level":"error","message":"(node:5692) UnhandledPromiseRejectionWarning: Unhandled promise rejection (rejection id: 41): Error: Trying to open unclosed connection.","timestamp":"1:24:55 PM"}
{"level":"error","message":"(node:5692) UnhandledPromiseRejectionWarning: Unhandled promise rejection (rejection id: 42): Error: Trying to open unclosed connection.","timestamp":"1:24:55 PM"}
{"level":"error","message":"(node:5692) UnhandledPromiseRejectionWarning: Unhandled promise rejection (rejection id: 43): Error: Trying to open unclosed connection.","timestamp":"1:24:55 PM"}
{"level":"error","message":"(node:5692) UnhandledPromiseRejectionWarning: Unhandled promise rejection (rejection id: 44): Error: Trying to open unclosed connection.","timestamp":"1:24:55 PM"}
{"level":"error","message":"(node:5692) UnhandledPromiseRejectionWarning: Unhandled promise rejection (rejection id: 45): Error: Trying to open unclosed connection.","timestamp":"1:24:55 PM"}
{"level":"error","message":"(node:5692) UnhandledPromiseRejectionWarning: Unhandled promise rejection (rejection id: 46): Error: Trying to open unclosed connection.","timestamp":"1:24:55 PM"}
{"level":"error","message":"(node:5692) UnhandledPromiseRejectionWarning: Unhandled promise rejection (rejection id: 47): Error: Trying to open unclosed connection.","timestamp":"1:24:55 PM"}
{"level":"error","message":"(node:5692) UnhandledPromiseRejectionWarning: Unhandled promise rejection (rejection id: 48): Error: Trying to open unclosed connection.","timestamp":"1:24:55 PM"}
{"level":"error","message":"(node:5692) UnhandledPromiseRejectionWarning: Unhandled promise rejection (rejection id: 49): Error: Trying to open unclosed connection.","timestamp":"1:24:55 PM"}
{"level":"error","message":"(node:5692) UnhandledPromiseRejectionWarning: Unhandled promise rejection (rejection id: 50): Error: Trying to open unclosed connection.","timestamp":"1:24:55 PM"}
{"level":"error","message":"(node:5692) UnhandledPromiseRejectionWarning: Unhandled promise rejection (rejection id: 51): Error: Trying to open unclosed connection.","timestamp":"1:24:55 PM"}
{"level":"error","message":"LOG REFERER YTD undefined ::1 undefined","timestamp":"1:25:01 PM"}
{"level":"error","message":"LOG REFERER YTD undefined ::ffff:127.0.0.1 undefined","timestamp":"1:26:23 PM"}
{"level":"error","message":"LOG REFERER YTD http://localhost:7000/ ::1 string","timestamp":"1:26:25 PM"}
{"level":"error","message":"LOG REFERER YTD http://localhost:7000/ ::1 string","timestamp":"1:26:25 PM"}
{"level":"error","message":"LOG REFERER YTD http://localhost:7000/ ::1 string","timestamp":"1:33:48 PM"}
{"level":"error","message":"LOG REFERER YTD http://localhost:7000/ ::1 string","timestamp":"1:33:48 PM"}
{"level":"error","message":"LOG REFERER YTD http://localhost:7000/ ::1 string","timestamp":"1:34:08 PM"}
{"level":"error","message":"LOG REFERER YTD http://localhost:7000/ ::1 string","timestamp":"1:34:12 PM"}
{"level":"error","message":"LOG REFERER YTD http://localhost:7000/ ::1 string","timestamp":"1:35:19 PM"}
{"level":"error","message":"LOG REFERER YTD http://localhost:7000/ ::1 string","timestamp":"1:35:19 PM"}
{"level":"error","message":"LOG REFERER YTD http://localhost:7000/ ::1 string","timestamp":"1:35:52 PM"}
{"level":"error","message":"LOG REFERER YTD http://localhost:7000/ ::1 string","timestamp":"1:35:52 PM"}
{"level":"error","message":"LOG REFERER YTD http://localhost:7000/ ::1 string","timestamp":"1:36:02 PM"}
{"level":"error","message":"LOG REFERER YTD http://localhost:7000/ ::1 string","timestamp":"1:36:03 PM"}
{"level":"error","message":"LOG REFERER YTD http://localhost:7000/ ::1 string","timestamp":"1:39:10 PM"}
{"level":"error","message":"LOG REFERER YTD http://localhost:7000/ ::1 string","timestamp":"1:39:10 PM"}
{"level":"error","message":"LOG REFERER YTD http://localhost:7000/ ::1 string","timestamp":"1:40:42 PM"}
{"level":"error","message":"LOG REFERER YTD http://localhost:7000/ ::1 string","timestamp":"1:40:42 PM"}
{"level":"error","message":"LOG REFERER YTD http://localhost:7000/ ::1 string","timestamp":"1:41:15 PM"}
{"level":"error","message":"LOG REFERER YTD http://localhost:7000/ ::1 string","timestamp":"1:41:15 PM"}
{"level":"error","message":"LOG REFERER YTD http://localhost:7000/ ::1 string","timestamp":"1:42:40 PM"}
{"level":"error","message":"LOG REFERER YTD http://localhost:7000/ ::1 string","timestamp":"1:42:40 PM"}
{"level":"error","message":"LOG REFERER YTD http://localhost:7000/ ::1 string","timestamp":"1:44:34 PM"}
{"level":"error","message":"LOG REFERER YTD http://localhost:7000/ ::1 string","timestamp":"1:44:34 PM"}
{"level":"error","message":"LOG REFERER YTD http://localhost:7000/ ::1 string","timestamp":"1:45:41 PM"}
{"level":"error","message":"LOG REFERER YTD http://localhost:7000/ ::1 string","timestamp":"1:45:41 PM"}
{"level":"error","message":"LOG REFERER YTD http://localhost:7000/ ::1 string","timestamp":"1:48:20 PM"}
{"level":"error","message":"LOG REFERER YTD http://localhost:7000/ ::1 string","timestamp":"1:48:20 PM"}
{"level":"error","message":"LOG REFERER YTD http://localhost:7000/ ::1 string","timestamp":"1:49:24 PM"}
{"level":"error","message":"LOG REFERER YTD http://localhost:7000/ ::1 string","timestamp":"1:49:25 PM"}
{"level":"error","message":"LOG REFERER YTD http://localhost:7000/ ::1 string","timestamp":"1:50:01 PM"}
{"level":"error","message":"LOG REFERER YTD http://localhost:7000/ ::1 string","timestamp":"1:50:01 PM"}
{"level":"error","message":"LOG REFERER YTD http://localhost:7000/ ::1 string","timestamp":"1:50:42 PM"}
{"level":"error","message":"LOG REFERER YTD http://localhost:7000/ ::1 string","timestamp":"1:50:42 PM"}
{"level":"error","message":"LOG REFERER YTD http://localhost:7000/ ::1 string","timestamp":"1:50:51 PM"}
{"level":"error","message":"LOG REFERER YTD http://localhost:7000/ ::1 string","timestamp":"1:50:51 PM"}
{"level":"error","message":"LOG REFERER YTD http://localhost:7000/ ::1 string","timestamp":"1:51:04 PM"}
{"level":"error","message":"LOG REFERER YTD http://localhost:7000/ ::1 string","timestamp":"1:51:05 PM"}
{"level":"error","message":"LOG REFERER YTD http://localhost:7000/ ::1 string","timestamp":"1:52:47 PM"}
{"level":"error","message":"LOG REFERER YTD http://localhost:7000/ ::1 string","timestamp":"1:52:47 PM"}
{"level":"error","message":"LOG REFERER YTD http://localhost:7000/ ::1 string","timestamp":"1:53:00 PM"}
{"level":"error","message":"LOG REFERER YTD http://localhost:7000/ ::1 string","timestamp":"1:53:00 PM"}
{"level":"error","message":"LOG REFERER YTD http://localhost:7000/ ::1 string","timestamp":"1:53:12 PM"}
{"level":"error","message":"LOG REFERER YTD http://localhost:7000/ ::1 string","timestamp":"1:53:12 PM"}
{"level":"error","message":"LOG REFERER YTD http://localhost:7000/ ::1 string","timestamp":"1:53:18 PM"}
{"level":"error","message":"LOG REFERER YTD http://localhost:7000/ ::1 string","timestamp":"1:53:18 PM"}
{"level":"error","message":"LOG REFERER YTD http://localhost:7000/ ::1 string","timestamp":"1:55:20 PM"}
{"level":"error","message":"LOG REFERER YTD http://localhost:7000/ ::1 string","timestamp":"1:55:20 PM"}
{"level":"error","message":"LOG REFERER YTD http://localhost:7000/ ::1 string","timestamp":"1:57:36 PM"}
{"level":"error","message":"LOG REFERER YTD http://localhost:7000/ ::1 string","timestamp":"1:57:36 PM"}
{"level":"error","message":"LOG REFERER YTD http://localhost:7000/ ::1 string","timestamp":"2:00:36 PM"}
{"level":"error","message":"LOG REFERER YTD http://localhost:7000/ ::1 string","timestamp":"2:00:36 PM"}
{"level":"error","message":"LOG REFERER YTD http://localhost:7000/ ::1 string","timestamp":"2:01:00 PM"}
{"level":"error","message":"LOG REFERER YTD http://localhost:7000/ ::1 string","timestamp":"2:01:00 PM"}
{"level":"error","message":"LOG REFERER YTD http://localhost:7000/ ::1 string","timestamp":"2:01:44 PM"}
{"level":"error","message":"LOG REFERER YTD http://localhost:7000/ ::1 string","timestamp":"2:01:44 PM"}
{"level":"error","message":"LOG REFERER YTD http://localhost:7000/ ::1 string","timestamp":"2:03:25 PM"}
{"level":"error","message":"LOG REFERER YTD http://localhost:7000/ ::1 string","timestamp":"2:03:25 PM"}
{"level":"error","message":"LOG REFERER YTD http://localhost:7000/ ::1 string","timestamp":"2:03:42 PM"}
{"level":"error","message":"LOG REFERER YTD http://localhost:7000/ ::1 string","timestamp":"2:03:42 PM"}
{"level":"error","message":"LOG REFERER YTD http://localhost:7000/ ::1 string","timestamp":"2:05:41 PM"}
{"level":"error","message":"LOG REFERER YTD http://localhost:7000/ ::1 string","timestamp":"2:05:41 PM"}
{"level":"error","message":"LOG REFERER YTD http://localhost:7000/ ::1 string","timestamp":"2:07:02 PM"}
{"level":"error","message":"LOG REFERER YTD http://localhost:7000/ ::1 string","timestamp":"2:07:02 PM"}
{"level":"error","message":"LOG REFERER YTD http://localhost:7000/ ::1 string","timestamp":"2:07:06 PM"}
{"level":"error","message":"LOG REFERER YTD http://localhost:7000/ ::1 string","timestamp":"2:07:07 PM"}
{"level":"error","message":"LOG REFERER YTD http://localhost:7000/ ::1 string","timestamp":"2:08:16 PM"}
{"level":"error","message":"LOG REFERER YTD http://localhost:7000/ ::1 string","timestamp":"2:08:16 PM"}
{"level":"error","message":"LOG REFERER YTD http://localhost:7000/ ::1 string","timestamp":"2:09:02 PM"}
{"level":"error","message":"LOG REFERER YTD http://localhost:7000/ ::1 string","timestamp":"2:09:02 PM"}
{"level":"error","message":"LOG REFERER YTD http://localhost:7000/ ::1 string","timestamp":"2:09:22 PM"}
{"level":"error","message":"LOG REFERER YTD http://localhost:7000/ ::1 string","timestamp":"2:09:22 PM"}
{"level":"error","message":"LOG REFERER YTD http://localhost:7000/ ::1 string","timestamp":"2:09:41 PM"}
{"level":"error","message":"LOG REFERER YTD http://localhost:7000/ ::1 string","timestamp":"2:09:41 PM"}
{"level":"error","message":"LOG REFERER YTD http://localhost:7000/ ::1 string","timestamp":"2:09:48 PM"}
{"level":"error","message":"LOG REFERER YTD http://localhost:7000/ ::1 string","timestamp":"2:09:48 PM"}
{"level":"error","message":"LOG REFERER YTD http://localhost:7000/ ::1 string","timestamp":"2:09:58 PM"}
{"level":"error","message":"LOG REFERER YTD http://localhost:7000/ ::1 string","timestamp":"2:09:58 PM"}
{"level":"error","message":"LOG REFERER YTD http://localhost:7000/ ::1 string","timestamp":"2:19:02 PM"}
{"level":"error","message":"LOG REFERER YTD http://localhost:7000/ ::1 string","timestamp":"2:19:02 PM"}
{"level":"error","message":"LOG REFERER YTD http://localhost:7000/ ::1 string","timestamp":"2:19:07 PM"}
{"level":"error","message":"LOG REFERER YTD http://localhost:7000/ ::1 string","timestamp":"2:19:07 PM"}
{"level":"error","message":"LOG REFERER YTD http://localhost:7000/ ::1 string","timestamp":"2:19:09 PM"}
{"level":"error","message":"LOG REFERER YTD http://localhost:7000/ ::1 string","timestamp":"2:19:22 PM"}
{"level":"error","message":"LOG REFERER YTD http://localhost:7000/ ::1 string","timestamp":"2:19:22 PM"}
{"level":"error","message":"LOG REFERER YTD http://localhost:7000/ ::1 string","timestamp":"2:21:07 PM"}
{"level":"error","message":"LOG REFERER YTD http://localhost:7000/ ::1 string","timestamp":"2:21:07 PM"}
{"level":"error","message":"LOG REFERER YTD http://localhost:7000/ ::1 string","timestamp":"2:21:58 PM"}
{"level":"error","message":"LOG REFERER YTD http://localhost:7000/ ::1 string","timestamp":"2:23:15 PM"}
{"level":"error","message":"LOG REFERER YTD http://localhost:7000/ ::1 string","timestamp":"2:23:15 PM"}
{"level":"error","message":"LOG REFERER YTD http://localhost:7000/ ::1 string","timestamp":"2:25:01 PM"}
{"level":"error","message":"LOG REFERER YTD http://localhost:7000/ ::1 string","timestamp":"2:25:01 PM"}
{"level":"error","message":"LOG REFERER YTD http://localhost:7000/ ::1 string","timestamp":"2:34:22 PM"}
{"level":"error","message":"LOG REFERER YTD http://localhost:7000/ ::1 string","timestamp":"2:36:32 PM"}
{"level":"error","message":"LOG REFERER YTD http://localhost:7000/ ::1 string","timestamp":"2:37:00 PM"}
{"level":"error","message":"LOG REFERER YTD http://localhost:7000/ ::1 string","timestamp":"2:37:00 PM"}
{"level":"error","message":"LOG REFERER YTD http://localhost:7000/ ::1 string","timestamp":"2:37:01 PM"}
{"level":"error","message":"LOG REFERER YTD http://localhost:7000/ ::1 string","timestamp":"2:37:01 PM"}
{"level":"error","message":"LOG REFERER YTD http://localhost:7000/ ::1 string","timestamp":"2:37:38 PM"}
{"level":"error","message":"LOG REFERER YTD http://localhost:7000/ ::1 string","timestamp":"5:46:12 PM"}
{"level":"error","message":"LOG REFERER YTD http://localhost:7000/ ::1 string","timestamp":"5:46:12 PM"}
{"level":"error","message":"LOG REFERER YTD undefined ::ffff:127.0.0.1 undefined","timestamp":"5:46:15 PM"}
{"level":"error","message":"LOG REFERER YTD http://localhost:7000/ ::1 string","timestamp":"5:46:21 PM"}
{"level":"error","message":"LOG REFERER YTD http://localhost:7000/ ::1 string","timestamp":"5:46:21 PM"}
{"level":"error","message":"LOG REFERER YTD http://localhost:7000/ ::1 string","timestamp":"5:46:25 PM"}
{"level":"error","message":"LOG REFERER YTD http://localhost:7000/ ::1 string","timestamp":"5:46:25 PM"}
{"level":"error","message":"LOG REFERER YTD http://localhost:7000/ ::1 string","timestamp":"5:46:25 PM"}
{"level":"error","message":"LOG REFERER YTD http://localhost:7000/ ::1 string","timestamp":"5:46:33 PM"}
{"level":"error","message":"LOG REFERER YTD http://localhost:7000/ ::1 string","timestamp":"5:46:33 PM"}
{"level":"error","message":"LOG REFERER YTD http://localhost:7000/ ::1 string","timestamp":"5:46:33 PM"}
{"level":"error","message":"LOG REFERER YTD http://localhost:7000/ ::1 string","timestamp":"5:46:43 PM"}
{"level":"error","message":"LOG REFERER YTD http://localhost:7000/ ::1 string","timestamp":"5:46:43 PM"}
{"level":"error","message":"LOG REFERER YTD http://localhost:7000/ ::1 string","timestamp":"5:46:48 PM"}
{"level":"error","message":"LOG REFERER YTD http://localhost:7000/ ::1 string","timestamp":"5:46:48 PM"}
{"level":"error","message":"LOG REFERER YTD http://localhost:7000/ ::1 string","timestamp":"5:46:49 PM"}
{"level":"error","message":"LOG REFERER YTD http://localhost:7000/ ::1 string","timestamp":"5:47:53 PM"}
{"level":"error","message":"LOG REFERER YTD http://localhost:7000/ ::1 string","timestamp":"5:47:53 PM"}
