{"level":"info","message":"{ Status: 'Publish' }","timestamp":"11:57:23 AM"}
{"level":"info","message":"{ Status: 'Publish' }","timestamp":"11:59:15 AM"}
{"level":"info","message":"{ Status: 'Publish' }","timestamp":"11:59:16 AM"}
{"level":"info","message":"{ Status: 'Publish' }","timestamp":"11:59:26 AM"}
{"level":"info","message":"{ Status: 'Publish' }","timestamp":"11:59:34 AM"}
{"level":"info","message":"{ Status: 'Publish' }","timestamp":"11:59:40 AM"}
{"level":"info","message":"{ Status: 'Publish' }","timestamp":"12:00:19 PM"}
{"level":"info","message":"{ Status: 'Publish' }","timestamp":"12:00:22 PM"}
{"level":"info","message":"$$$$$$$$$$$$$$$$$$$$$$$$","timestamp":"3:44:00 PM"}
{"meta":"","level":"info","message":"","timestamp":"3:44:00 PM"}
{"level":"info","message":"Development Environment is Listening on port 3000","timestamp":"3:44:00 PM"}
{"level":"info","message":"Web URL : http://localhost:3000","timestamp":"3:44:00 PM"}
{"meta":"","level":"info","message":"","timestamp":"3:44:00 PM"}
{"level":"info","message":"$$$$$$$$$$$$$$$$$$$$$$$$","timestamp":"3:44:00 PM"}
{"meta":"","level":"info","message":"","timestamp":"3:44:00 PM"}
{"level":"info","message":"$$$$$$$$$$$$$$$$$$$$$$$$","timestamp":"5:45:15 PM"}
{"meta":"","level":"info","message":"","timestamp":"5:45:15 PM"}
{"level":"info","message":"Development Environment is Listening on port 3000","timestamp":"5:45:15 PM"}
{"level":"info","message":"Web URL : http://localhost:3000","timestamp":"5:45:15 PM"}
{"meta":"","level":"info","message":"","timestamp":"5:45:15 PM"}
{"level":"info","message":"$$$$$$$$$$$$$$$$$$$$$$$$","timestamp":"5:45:15 PM"}
{"meta":"","level":"info","message":"","timestamp":"5:45:15 PM"}
