{"level":"info","message":"s_a [ 'KA', 'MH', 'KL' ]","timestamp":"10:01:17 AM"}
{"level":"info","message":"old and new TN TL","timestamp":"10:01:32 AM"}
{"level":"info","message":"Write Working","timestamp":"10:01:32 AM"}
{"level":"info","message":"Success","timestamp":"10:01:32 AM"}
{"level":"info","message":"req.params.state TL [ 'KA', 'MH', 'KL', 'TL' ] 3","timestamp":"10:01:37 AM"}
{"level":"info","message":"old and new Kanadda Kanad","timestamp":"10:02:12 AM"}
{"level":"info","message":"Write Working","timestamp":"10:02:12 AM"}
{"level":"info","message":"Success","timestamp":"10:02:12 AM"}
{"level":"info","message":"f_data object","timestamp":"10:02:15 AM"}
{"level":"info","message":"req.params.state  MH [ 'KA', 'MH', 'KL' ] -1","timestamp":"10:02:33 AM"}
{"level":"info","message":"req.params.state  MH [ 'KA', 'MH', 'KL' ] -1","timestamp":"10:02:34 AM"}
{"level":"info","message":"s_a [ 'KA', 'MH', 'KL' ]","timestamp":"10:02:44 AM"}
{"level":"info","message":"old and new MG M","timestamp":"10:02:50 AM"}
{"level":"info","message":"Write Working","timestamp":"10:02:50 AM"}
{"level":"info","message":"Success","timestamp":"10:02:50 AM"}
{"level":"info","message":"req.params.state M [ 'KA', 'MH', 'KL', 'M' ] 3","timestamp":"10:02:52 AM"}
{"level":"info","message":"req.params.state KL [ 'KA', 'MH', 'KL' ] 2","timestamp":"10:02:58 AM"}
{"level":"info","message":"f_data object","timestamp":"10:03:08 AM"}
{"level":"info","message":"f_data object","timestamp":"10:03:23 AM"}
{"level":"info","message":"f_data object","timestamp":"10:03:49 AM"}
{"level":"info","message":"old and new  Mexican  Mexic","timestamp":"10:03:54 AM"}
{"level":"info","message":"old and new  MH  MHdsd","timestamp":"10:04:11 AM"}
{"level":"info","message":"old and new KA KAds","timestamp":"10:05:33 AM"}
{"level":"info","message":"Write Working","timestamp":"10:05:33 AM"}
{"level":"info","message":"Success","timestamp":"10:05:33 AM"}
{"level":"info","message":"req.params.state  MH [ 'KAds', 'MH' ] -1","timestamp":"10:05:51 AM"}
{"level":"info","message":"req.params.state  MH [ 'KAds', 'MH' ] -1","timestamp":"10:06:47 AM"}
{"level":"info","message":"old and new  MH MHj","timestamp":"10:07:03 AM"}
{"level":"info","message":"old and new MHj MHj","timestamp":"10:07:09 AM"}
{"level":"info","message":"old and new  MH MHss","timestamp":"10:07:26 AM"}
{"level":"info","message":"$$$$$$$$$$$$$$$$$$$$$$$$","timestamp":"10:09:06 AM"}
{"meta":"","level":"info","message":"","timestamp":"10:09:06 AM"}
{"level":"info","message":"Development Environment is Listening on port 3000","timestamp":"10:09:06 AM"}
{"level":"info","message":"Web URL : http://localhost:3000","timestamp":"10:09:06 AM"}
{"meta":"","level":"info","message":"","timestamp":"10:09:06 AM"}
{"level":"info","message":"$$$$$$$$$$$$$$$$$$$$$$$$","timestamp":"10:09:06 AM"}
{"meta":"","level":"info","message":"","timestamp":"10:09:06 AM"}
{"level":"info","message":"old and new  MH  MHdsd","timestamp":"10:09:24 AM"}
{"level":"info","message":"old and new MH MHds","timestamp":"10:09:46 AM"}
{"level":"info","message":"Write Working","timestamp":"10:09:46 AM"}
{"level":"info","message":"Success","timestamp":"10:09:46 AM"}
{"level":"info","message":"old and new  MHds  MHdssas","timestamp":"10:09:57 AM"}
{"level":"info","message":"req.params.state  MHdssas [ 'KAds', 'MHds' ] -1","timestamp":"10:10:06 AM"}
{"level":"info","message":"req.params.state  MHdssas [ 'KAds', 'MHds' ] -1","timestamp":"10:10:08 AM"}
{"level":"info","message":"req.params.state  MHds [ 'KAds', 'MHds' ] -1","timestamp":"10:10:14 AM"}
{"level":"info","message":"old and new  MHds MHds","timestamp":"10:10:24 AM"}
{"level":"info","message":"req.params.state MHds [ 'KAds', 'MHds' ] 1","timestamp":"10:10:26 AM"}
{"level":"info","message":"old and new KAds KAdssas","timestamp":"10:10:33 AM"}
{"level":"info","message":"Write Working","timestamp":"10:10:33 AM"}
{"level":"info","message":"Success","timestamp":"10:10:33 AM"}
{"level":"info","message":"s_a [ 'KAdssas' ]","timestamp":"10:10:40 AM"}
{"level":"info","message":"old and new  JK  JKdsds","timestamp":"10:10:47 AM"}
{"level":"info","message":"old and new  JKdsds JKdsds","timestamp":"10:11:00 AM"}
{"level":"info","message":"req.params.state  JK [ 'KAdssas', 'JK' ] -1","timestamp":"10:11:32 AM"}
{"level":"info","message":"req.params.state  JK [ 'KAdssas', 'JK' ] -1","timestamp":"10:11:34 AM"}
{"level":"info","message":"old and new  JK JK","timestamp":"10:11:43 AM"}
{"level":"info","message":"old and new JK JK","timestamp":"10:11:57 AM"}
{"level":"info","message":"Write Working","timestamp":"10:11:57 AM"}
{"level":"info","message":"Success","timestamp":"10:11:57 AM"}
{"level":"info","message":"req.params.state  JK [ 'KAdssas', 'JK' ] -1","timestamp":"10:12:14 AM"}
{"level":"info","message":"req.params.state KAdssas [ 'KAdssas', 'JK' ] 0","timestamp":"10:12:16 AM"}
{"level":"info","message":"req.params.state JK [ 'JK' ] 0","timestamp":"10:12:18 AM"}
{"level":"info","message":"s_a []","timestamp":"10:12:27 AM"}
{"level":"info","message":"s_a [ 'MH' ]","timestamp":"10:12:35 AM"}
{"level":"info","message":"old and new ka KAa","timestamp":"10:12:53 AM"}
{"level":"info","message":"Write Working","timestamp":"10:12:53 AM"}
{"level":"info","message":"Success","timestamp":"10:12:53 AM"}
{"level":"info","message":"req.params.state KAa [ 'MH', 'KAa' ] 1","timestamp":"10:13:01 AM"}
{"level":"info","message":"old and new MH MHds","timestamp":"10:36:44 AM"}
{"level":"info","message":"Write Working","timestamp":"10:36:44 AM"}
{"level":"info","message":"Success","timestamp":"10:36:44 AM"}
{"level":"info","message":"s_a [ 'MHds' ]","timestamp":"10:36:50 AM"}
{"level":"info","message":"old and new GG GGaa","timestamp":"10:36:55 AM"}
{"level":"info","message":"Write Working","timestamp":"10:36:55 AM"}
{"level":"info","message":"Success","timestamp":"10:36:55 AM"}
{"level":"info","message":"req.params.state GGaa [ 'MHds', 'GGaa' ] 1","timestamp":"10:36:57 AM"}
{"level":"info","message":"old and new Chinese Chinesesas","timestamp":"10:37:24 AM"}
{"level":"info","message":"Write Working","timestamp":"10:37:24 AM"}
{"level":"info","message":"Success","timestamp":"10:37:24 AM"}
{"level":"info","message":"f_data object","timestamp":"10:37:50 AM"}
{"level":"info","message":"f_data object","timestamp":"10:37:58 AM"}
{"level":"info","message":"f_data object","timestamp":"10:38:06 AM"}
{"level":"info","message":"f_data object","timestamp":"10:39:29 AM"}
{"level":"info","message":"f_data object","timestamp":"10:39:43 AM"}
{"level":"info","message":"f_data object","timestamp":"10:39:46 AM"}
{"level":"info","message":"f_data object","timestamp":"10:39:49 AM"}
{"level":"info","message":"old and new Mexican Mexicanssss","timestamp":"10:39:58 AM"}
{"level":"info","message":"Write Working","timestamp":"10:39:58 AM"}
{"level":"info","message":"Success","timestamp":"10:39:58 AM"}
{"level":"info","message":"f_data object","timestamp":"10:40:28 AM"}
{"level":"info","message":"old and new  LM LM","timestamp":"10:40:35 AM"}
{"level":"info","message":"old and new LM LM","timestamp":"10:40:40 AM"}
{"level":"info","message":"Write Working","timestamp":"10:40:40 AM"}
{"level":"info","message":"Success","timestamp":"10:40:40 AM"}
{"level":"info","message":"f_data object","timestamp":"10:40:44 AM"}
{"level":"info","message":"f_data object","timestamp":"10:40:49 AM"}
{"level":"info","message":"f_data object","timestamp":"10:41:38 AM"}
{"level":"info","message":"f_data object","timestamp":"10:51:46 AM"}
{"level":"info","message":"f_data object","timestamp":"10:51:52 AM"}
{"level":"info","message":"f_data object","timestamp":"10:52:39 AM"}
{"level":"info","message":"f_data object","timestamp":"10:53:02 AM"}
{"level":"info","message":"f_data object","timestamp":"10:57:28 AM"}
{"level":"info","message":"f_data object","timestamp":"10:58:14 AM"}
{"level":"info","message":"f_data object","timestamp":"11:06:47 AM"}
{"level":"info","message":"s_a []","timestamp":"11:16:23 AM"}
{"level":"info","message":"s_a [ 'MH' ]","timestamp":"11:16:28 AM"}
{"level":"info","message":"s_a [ 'MH', 'KA' ]","timestamp":"11:16:32 AM"}
{"level":"info","message":"s_a [ 'MH', 'KA', 'KL' ]","timestamp":"11:16:38 AM"}
{"level":"info","message":"req.params.state KL [ 'MH', 'KA', 'KL', 'TN' ] 2","timestamp":"11:16:47 AM"}
{"level":"info","message":"old and new TN TNsa","timestamp":"11:16:54 AM"}
{"level":"info","message":"Write Working","timestamp":"11:16:54 AM"}
{"level":"info","message":"Success","timestamp":"11:16:54 AM"}
{"level":"info","message":"req.params.state TNsa [ 'MH', 'KA', 'TNsa' ] 2","timestamp":"11:16:56 AM"}
{"level":"info","message":"f_data object","timestamp":"11:17:07 AM"}
{"level":"info","message":"$$$$$$$$$$$$$$$$$$$$$$$$","timestamp":"11:32:29 AM"}
{"meta":"","level":"info","message":"","timestamp":"11:32:29 AM"}
{"level":"info","message":"Development Environment is Listening on port 3000","timestamp":"11:32:29 AM"}
{"level":"info","message":"Web URL : http://localhost:3000","timestamp":"11:32:29 AM"}
{"meta":"","level":"info","message":"","timestamp":"11:32:29 AM"}
{"level":"info","message":"$$$$$$$$$$$$$$$$$$$$$$$$","timestamp":"11:32:29 AM"}
{"meta":"","level":"info","message":"","timestamp":"11:32:29 AM"}
{"level":"info","message":"$$$$$$$$$$$$$$$$$$$$$$$$","timestamp":"11:36:45 AM"}
{"meta":"","level":"info","message":"","timestamp":"11:36:45 AM"}
{"level":"info","message":"Development Environment is Listening on port 3000","timestamp":"11:36:45 AM"}
{"level":"info","message":"Web URL : http://localhost:3000","timestamp":"11:36:45 AM"}
{"meta":"","level":"info","message":"","timestamp":"11:36:45 AM"}
{"level":"info","message":"$$$$$$$$$$$$$$$$$$$$$$$$","timestamp":"11:36:45 AM"}
{"meta":"","level":"info","message":"","timestamp":"11:36:45 AM"}
{"level":"info","message":"$$$$$$$$$$$$$$$$$$$$$$$$","timestamp":"11:41:07 AM"}
{"meta":"","level":"info","message":"","timestamp":"11:41:07 AM"}
{"level":"info","message":"Development Environment is Listening on port 3000","timestamp":"11:41:07 AM"}
{"level":"info","message":"Web URL : http://localhost:3000","timestamp":"11:41:07 AM"}
{"meta":"","level":"info","message":"","timestamp":"11:41:07 AM"}
{"level":"info","message":"$$$$$$$$$$$$$$$$$$$$$$$$","timestamp":"11:41:07 AM"}
{"meta":"","level":"info","message":"","timestamp":"11:41:07 AM"}
{"level":"info","message":"req.params.method language","timestamp":"11:42:09 AM"}
{"level":"info","message":"req.params.method language","timestamp":"11:43:37 AM"}
{"level":"info","message":"$$$$$$$$$$$$$$$$$$$$$$$$","timestamp":"11:44:08 AM"}
{"meta":"","level":"info","message":"","timestamp":"11:44:08 AM"}
{"level":"info","message":"Development Environment is Listening on port 3000","timestamp":"11:44:08 AM"}
{"level":"info","message":"Web URL : http://localhost:3000","timestamp":"11:44:08 AM"}
{"meta":"","level":"info","message":"","timestamp":"11:44:08 AM"}
{"level":"info","message":"$$$$$$$$$$$$$$$$$$$$$$$$","timestamp":"11:44:08 AM"}
{"meta":"","level":"info","message":"","timestamp":"11:44:08 AM"}
{"level":"info","message":"req.params.method language","timestamp":"11:44:11 AM"}
{"level":"info","message":"old and new sasa Hindi","timestamp":"11:44:13 AM"}
{"level":"info","message":"Write Working","timestamp":"11:44:13 AM"}
{"level":"info","message":"Success","timestamp":"11:44:13 AM"}
{"level":"info","message":"req.params.method state","timestamp":"11:45:42 AM"}
{"level":"info","message":"old and new KA KL","timestamp":"11:45:46 AM"}
{"level":"info","message":"Write Working","timestamp":"11:45:46 AM"}
{"level":"info","message":"Success","timestamp":"11:45:46 AM"}
{"level":"info","message":"req.params.method state","timestamp":"11:50:50 AM"}
{"level":"info","message":"old and new KL KA","timestamp":"11:50:56 AM"}
{"level":"info","message":"Write Working","timestamp":"11:50:56 AM"}
{"level":"info","message":"Success","timestamp":"11:50:56 AM"}
{"level":"info","message":"req.params.method language","timestamp":"11:51:45 AM"}
{"level":"info","message":"old and new Hindi Marathi","timestamp":"11:51:48 AM"}
{"level":"info","message":"Write Working","timestamp":"11:51:48 AM"}
{"level":"info","message":"Success","timestamp":"11:51:48 AM"}
{"level":"info","message":"f_data object","timestamp":"11:51:53 AM"}
{"level":"info","message":"$$$$$$$$$$$$$$$$$$$$$$$$","timestamp":"3:35:09 PM"}
{"meta":"","level":"info","message":"","timestamp":"3:35:09 PM"}
{"level":"info","message":"Development Environment is Listening on port 3000","timestamp":"3:35:09 PM"}
{"level":"info","message":"Web URL : http://localhost:3000","timestamp":"3:35:09 PM"}
{"meta":"","level":"info","message":"","timestamp":"3:35:09 PM"}
{"level":"info","message":"$$$$$$$$$$$$$$$$$$$$$$$$","timestamp":"3:35:09 PM"}
{"meta":"","level":"info","message":"","timestamp":"3:35:09 PM"}
{"level":"info","message":"s_a [ 'MH', 'KA' ]","timestamp":"3:36:46 PM"}
{"level":"info","message":"s_a [ 'MH', 'KA', 'KL' ]","timestamp":"3:37:10 PM"}
{"level":"info","message":"$$$$$$$$$$$$$$$$$$$$$$$$","timestamp":"3:57:58 PM"}
{"meta":"","level":"info","message":"","timestamp":"3:57:58 PM"}
{"level":"info","message":"Development Environment is Listening on port 3000","timestamp":"3:57:58 PM"}
{"level":"info","message":"Web URL : http://localhost:3000","timestamp":"3:57:58 PM"}
{"meta":"","level":"info","message":"","timestamp":"3:57:58 PM"}
{"level":"info","message":"$$$$$$$$$$$$$$$$$$$$$$$$","timestamp":"3:57:58 PM"}
{"meta":"","level":"info","message":"","timestamp":"3:57:58 PM"}
{"level":"info","message":"$$$$$$$$$$$$$$$$$$$$$$$$","timestamp":"4:41:15 PM"}
{"meta":"","level":"info","message":"","timestamp":"4:41:15 PM"}
{"level":"info","message":"Development Environment is Listening on port 3000","timestamp":"4:41:15 PM"}
{"level":"info","message":"Web URL : http://localhost:3000","timestamp":"4:41:15 PM"}
{"meta":"","level":"info","message":"","timestamp":"4:41:15 PM"}
{"level":"info","message":"$$$$$$$$$$$$$$$$$$$$$$$$","timestamp":"4:41:15 PM"}
{"meta":"","level":"info","message":"","timestamp":"4:41:15 PM"}
{"level":"info","message":"$$$$$$$$$$$$$$$$$$$$$$$$","timestamp":"4:45:37 PM"}
{"meta":"","level":"info","message":"","timestamp":"4:45:37 PM"}
{"level":"info","message":"Development Environment is Listening on port 3000","timestamp":"4:45:37 PM"}
{"level":"info","message":"Web URL : http://localhost:3000","timestamp":"4:45:37 PM"}
{"meta":"","level":"info","message":"","timestamp":"4:45:37 PM"}
{"level":"info","message":"$$$$$$$$$$$$$$$$$$$$$$$$","timestamp":"4:45:37 PM"}
{"meta":"","level":"info","message":"","timestamp":"4:45:37 PM"}
{"level":"info","message":"File read failed: { Error: ENOENT: no such file or directory, open 'D:\\Admin\\SourceCode\\tmp\\lead_assign_caller.json'\n    at Error (native)\n  errno: -4058,\n  code: 'ENOENT',\n  syscall: 'open',\n  path: 'D:\\\\Admin\\\\SourceCode\\\\tmp\\\\lead_assign_caller.json' }","timestamp":"4:45:44 PM"}
{"level":"info","message":"File read failed: { Error: ENOENT: no such file or directory, open 'D:\\Admin\\SourceCode\\tmp\\lead_assign_caller.json'\n    at Error (native)\n  errno: -4058,\n  code: 'ENOENT',\n  syscall: 'open',\n  path: 'D:\\\\Admin\\\\SourceCode\\\\tmp\\\\lead_assign_caller.json' }","timestamp":"4:45:44 PM"}
{"level":"info","message":"File read failed: { Error: ENOENT: no such file or directory, open 'D:\\Admin\\SourceCode\\tmp\\lead_assign_caller.json'\n    at Error (native)\n  errno: -4058,\n  code: 'ENOENT',\n  syscall: 'open',\n  path: 'D:\\\\Admin\\\\SourceCode\\\\tmp\\\\lead_assign_caller.json' }","timestamp":"4:48:55 PM"}
{"level":"info","message":"File read failed: { Error: ENOENT: no such file or directory, open 'D:\\Admin\\SourceCode\\tmp\\lead_assign_caller.json'\n    at Error (native)\n  errno: -4058,\n  code: 'ENOENT',\n  syscall: 'open',\n  path: 'D:\\\\Admin\\\\SourceCode\\\\tmp\\\\lead_assign_caller.json' }","timestamp":"4:48:55 PM"}
{"level":"info","message":"$$$$$$$$$$$$$$$$$$$$$$$$","timestamp":"4:51:52 PM"}
{"meta":"","level":"info","message":"","timestamp":"4:51:52 PM"}
{"level":"info","message":"Development Environment is Listening on port 3000","timestamp":"4:51:52 PM"}
{"level":"info","message":"Web URL : http://localhost:3000","timestamp":"4:51:52 PM"}
{"meta":"","level":"info","message":"","timestamp":"4:51:52 PM"}
{"level":"info","message":"$$$$$$$$$$$$$$$$$$$$$$$$","timestamp":"4:51:52 PM"}
{"meta":"","level":"info","message":"","timestamp":"4:51:52 PM"}
{"level":"info","message":"string","timestamp":"4:52:55 PM"}
{"level":"info","message":"string","timestamp":"4:52:55 PM"}
{"level":"info","message":"string","timestamp":"4:53:21 PM"}
{"level":"info","message":"string","timestamp":"4:53:21 PM"}
{"level":"info","message":"string","timestamp":"4:53:31 PM"}
{"level":"info","message":"string","timestamp":"4:53:31 PM"}
{"level":"info","message":"string","timestamp":"4:54:51 PM"}
{"level":"info","message":"string","timestamp":"4:54:51 PM"}
{"level":"info","message":"string","timestamp":"4:55:20 PM"}
{"level":"info","message":"string","timestamp":"4:55:20 PM"}
{"level":"info","message":"string","timestamp":"4:55:43 PM"}
{"level":"info","message":"string","timestamp":"4:55:43 PM"}
{"level":"info","message":"string","timestamp":"4:55:56 PM"}
{"level":"info","message":"string","timestamp":"4:55:56 PM"}
{"level":"info","message":"string","timestamp":"4:56:03 PM"}
{"level":"info","message":"string","timestamp":"4:56:03 PM"}
{"level":"info","message":"string","timestamp":"4:56:45 PM"}
{"level":"info","message":"string","timestamp":"4:56:45 PM"}
{"level":"info","message":"string","timestamp":"4:57:27 PM"}
{"level":"info","message":"string","timestamp":"4:57:27 PM"}
{"level":"info","message":"string","timestamp":"4:58:37 PM"}
{"level":"info","message":"string","timestamp":"4:58:37 PM"}
{"level":"info","message":"string","timestamp":"4:58:59 PM"}
{"level":"info","message":"string","timestamp":"4:58:59 PM"}
{"level":"info","message":"string","timestamp":"4:59:24 PM"}
{"level":"info","message":"string","timestamp":"4:59:24 PM"}
{"level":"info","message":"string","timestamp":"5:03:08 PM"}
{"level":"info","message":"string","timestamp":"5:03:08 PM"}
{"level":"info","message":"string","timestamp":"5:07:39 PM"}
{"level":"info","message":"string","timestamp":"5:07:39 PM"}
{"level":"info","message":"string","timestamp":"5:07:52 PM"}
{"level":"info","message":"string","timestamp":"5:07:52 PM"}
{"level":"info","message":"string","timestamp":"5:08:04 PM"}
{"level":"info","message":"string","timestamp":"5:08:04 PM"}
{"level":"info","message":"string","timestamp":"5:08:51 PM"}
{"level":"info","message":"string","timestamp":"5:08:51 PM"}
{"level":"info","message":"string","timestamp":"5:08:55 PM"}
{"level":"info","message":"string","timestamp":"5:08:55 PM"}
{"level":"info","message":"string","timestamp":"5:14:26 PM"}
{"level":"info","message":"string","timestamp":"5:16:22 PM"}
{"level":"info","message":"string","timestamp":"5:16:22 PM"}
{"level":"info","message":"string","timestamp":"5:16:24 PM"}
{"level":"info","message":"string","timestamp":"5:17:35 PM"}
{"level":"info","message":"string","timestamp":"5:17:35 PM"}
{"level":"info","message":"string","timestamp":"5:17:46 PM"}
{"level":"info","message":"string","timestamp":"5:20:23 PM"}
{"level":"info","message":"string","timestamp":"5:20:23 PM"}
{"level":"info","message":"string","timestamp":"5:20:28 PM"}
{"level":"info","message":"string","timestamp":"5:21:08 PM"}
{"level":"info","message":"string","timestamp":"5:21:08 PM"}
{"level":"info","message":"string","timestamp":"5:21:12 PM"}
{"level":"info","message":"string","timestamp":"5:21:57 PM"}
{"level":"info","message":"string","timestamp":"5:21:57 PM"}
{"level":"info","message":"string","timestamp":"5:22:02 PM"}
{"level":"info","message":"string","timestamp":"5:22:54 PM"}
{"level":"info","message":"string","timestamp":"5:22:54 PM"}
{"level":"info","message":"string","timestamp":"5:22:58 PM"}
{"level":"info","message":"string","timestamp":"5:24:16 PM"}
{"level":"info","message":"string","timestamp":"5:24:16 PM"}
{"level":"info","message":"string","timestamp":"5:24:20 PM"}
{"level":"info","message":"string","timestamp":"5:25:17 PM"}
{"level":"info","message":"string","timestamp":"5:25:17 PM"}
{"level":"info","message":"string","timestamp":"5:25:49 PM"}
{"level":"info","message":"string","timestamp":"5:27:09 PM"}
{"level":"info","message":"string","timestamp":"5:27:09 PM"}
{"level":"info","message":"string","timestamp":"5:27:13 PM"}
{"level":"info","message":"string","timestamp":"5:27:50 PM"}
{"level":"info","message":"string","timestamp":"5:27:50 PM"}
{"level":"info","message":"string","timestamp":"5:27:54 PM"}
{"level":"info","message":"f_data object","timestamp":"5:27:54 PM"}
{"level":"info","message":"string","timestamp":"5:27:54 PM"}
{"level":"info","message":"string","timestamp":"5:28:43 PM"}
{"level":"info","message":"string","timestamp":"5:28:49 PM"}
{"level":"info","message":"string","timestamp":"5:28:49 PM"}
{"level":"info","message":"old and new KA KA","timestamp":"5:28:59 PM"}
{"level":"info","message":"Write Working","timestamp":"5:29:00 PM"}
{"level":"info","message":"Success","timestamp":"5:29:00 PM"}
{"level":"info","message":"string","timestamp":"5:29:00 PM"}
{"level":"info","message":"string","timestamp":"5:29:04 PM"}
{"level":"info","message":"string","timestamp":"5:29:23 PM"}
{"level":"info","message":"string","timestamp":"5:29:23 PM"}
{"level":"info","message":"string","timestamp":"5:29:28 PM"}
{"level":"info","message":"req.params.state KL [ 'MH', 'KA', 'KL', 'TN', 'RJ' ] 2","timestamp":"5:29:28 PM"}
{"level":"info","message":"string","timestamp":"5:29:28 PM"}
{"level":"info","message":"string","timestamp":"5:29:39 PM"}
{"level":"info","message":"req.params.state RJ [ 'MH', 'KA', 'TN', 'RJ' ] 3","timestamp":"5:29:39 PM"}
{"level":"info","message":"string","timestamp":"5:29:39 PM"}
{"level":"info","message":"string","timestamp":"5:30:13 PM"}
{"level":"info","message":"string","timestamp":"5:30:13 PM"}
{"level":"info","message":"string","timestamp":"5:30:18 PM"}
{"level":"info","message":"string","timestamp":"5:30:23 PM"}
{"level":"info","message":"f_data object","timestamp":"5:30:23 PM"}
{"level":"info","message":"string","timestamp":"5:30:23 PM"}
{"level":"info","message":"old and new Japanese Japanesesss","timestamp":"5:30:32 PM"}
{"level":"info","message":"Write Working","timestamp":"5:30:32 PM"}
{"level":"info","message":"Success","timestamp":"5:30:32 PM"}
{"level":"info","message":"string","timestamp":"5:30:32 PM"}
{"level":"info","message":"string","timestamp":"5:30:42 PM"}
{"level":"info","message":"f_data object","timestamp":"5:30:42 PM"}
{"level":"info","message":"string","timestamp":"5:30:52 PM"}
{"level":"info","message":"string","timestamp":"5:30:52 PM"}
{"level":"info","message":"string","timestamp":"5:30:54 PM"}
{"level":"info","message":"string","timestamp":"5:31:00 PM"}
{"level":"info","message":"f_data object","timestamp":"5:31:00 PM"}
{"level":"info","message":"string","timestamp":"5:31:00 PM"}
{"level":"info","message":"string","timestamp":"5:31:15 PM"}
{"level":"info","message":"string","timestamp":"5:31:15 PM"}
{"level":"info","message":"string","timestamp":"5:31:19 PM"}
{"level":"info","message":"req.params.state TN [ 'MH', 'KA', 'TN' ] 2","timestamp":"5:31:19 PM"}
{"level":"info","message":"string","timestamp":"5:31:19 PM"}
{"level":"info","message":"string","timestamp":"5:31:31 PM"}
{"level":"info","message":"s_a [ 'GG' ]","timestamp":"5:31:42 PM"}
{"level":"info","message":"string","timestamp":"5:31:42 PM"}
{"level":"info","message":"string","timestamp":"5:35:27 PM"}
{"level":"info","message":"string","timestamp":"5:35:27 PM"}
{"level":"info","message":"string","timestamp":"5:35:30 PM"}
{"level":"info","message":"string","timestamp":"5:35:46 PM"}
{"level":"info","message":"string","timestamp":"5:36:01 PM"}
{"level":"info","message":"string","timestamp":"5:36:01 PM"}
{"level":"info","message":"string","timestamp":"5:36:05 PM"}
{"level":"info","message":"string","timestamp":"5:36:15 PM"}
{"level":"info","message":"string","timestamp":"5:36:15 PM"}
{"level":"info","message":"string","timestamp":"5:36:21 PM"}
{"level":"info","message":"string","timestamp":"5:43:48 PM"}
{"level":"info","message":"string","timestamp":"5:43:48 PM"}
{"level":"info","message":"string","timestamp":"5:43:51 PM"}
{"level":"info","message":"string","timestamp":"5:43:58 PM"}
