{"level":"info","message":"$$$$$$$$$$$$$$$$$$$$$$$$","timestamp":"1:38:42 PM"}
{"meta":"","level":"info","message":"","timestamp":"1:38:42 PM"}
{"level":"info","message":"Development Environment is Listening on port 3000","timestamp":"1:38:42 PM"}
{"level":"info","message":"Web URL : http://localhost:3000","timestamp":"1:38:42 PM"}
{"meta":"","level":"info","message":"","timestamp":"1:38:42 PM"}
{"level":"info","message":"$$$$$$$$$$$$$$$$$$$$$$$$","timestamp":"1:38:42 PM"}
{"meta":"","level":"info","message":"","timestamp":"1:38:42 PM"}
{"level":"info","message":"$$$$$$$$$$$$$$$$$$$$$$$$","timestamp":"3:14:48 PM"}
{"meta":"","level":"info","message":"","timestamp":"3:14:48 PM"}
{"level":"info","message":"Development Environment is Listening on port 3000","timestamp":"3:14:48 PM"}
{"level":"info","message":"Web URL : http://localhost:3000","timestamp":"3:14:48 PM"}
{"meta":"","level":"info","message":"","timestamp":"3:14:48 PM"}
{"level":"info","message":"$$$$$$$$$$$$$$$$$$$$$$$$","timestamp":"3:14:48 PM"}
{"meta":"","level":"info","message":"","timestamp":"3:14:48 PM"}
{"level":"info","message":"$$$$$$$$$$$$$$$$$$$$$$$$","timestamp":"4:41:54 PM"}
{"meta":"","level":"info","message":"","timestamp":"4:41:54 PM"}
{"level":"info","message":"Development Environment is Listening on port 3000","timestamp":"4:41:54 PM"}
{"level":"info","message":"Web URL : http://localhost:3000","timestamp":"4:41:54 PM"}
{"meta":"","level":"info","message":"","timestamp":"4:41:54 PM"}
{"level":"info","message":"$$$$$$$$$$$$$$$$$$$$$$$$","timestamp":"4:41:54 PM"}
{"meta":"","level":"info","message":"","timestamp":"4:41:54 PM"}
{"level":"info","message":"$$$$$$$$$$$$$$$$$$$$$$$$","timestamp":"5:01:15 PM"}
{"meta":"","level":"info","message":"","timestamp":"5:01:15 PM"}
{"level":"info","message":"Development Environment is Listening on port 3000","timestamp":"5:01:15 PM"}
{"level":"info","message":"Web URL : http://localhost:3000","timestamp":"5:01:15 PM"}
{"meta":"","level":"info","message":"","timestamp":"5:01:15 PM"}
{"level":"info","message":"$$$$$$$$$$$$$$$$$$$$$$$$","timestamp":"5:01:15 PM"}
{"meta":"","level":"info","message":"","timestamp":"5:01:15 PM"}
{"level":"info","message":"objRequest { ss_id: '8067', total_lead_count: '3', lead_buy_count: '1' }","timestamp":"5:05:58 PM"}
{"level":"info","message":"objRequest { ss_id: '8067', total_lead_count: '3', lead_buy_count: '1' }","timestamp":"5:14:31 PM"}
{"level":"info","message":"objRequest { ss_id: '8067', total_lead_count: '3', lead_buy_count: '1' }","timestamp":"5:22:45 PM"}
{"level":"info","message":"objRequest { ss_id: '8067', total_lead_count: '3', lead_buy_count: '1' }","timestamp":"5:23:48 PM"}
{"level":"info","message":"objRequest { ss_id: '8067', total_lead_count: '3', lead_buy_count: '1' }","timestamp":"5:26:25 PM"}
{"level":"info","message":"objRequest { ss_id: '8067', total_lead_count: '3', lead_buy_count: '1' }","timestamp":"5:43:16 PM"}
{"level":"info","message":"objRequest { ss_id: '8067', total_lead_count: '3', lead_buy_count: '1' }","timestamp":"5:47:40 PM"}
{"level":"info","message":"objRequest { ss_id: '8067', total_lead_count: '3', lead_buy_count: '1' }","timestamp":"5:52:11 PM"}
{"level":"info","message":"$$$$$$$$$$$$$$$$$$$$$$$$","timestamp":"6:39:53 PM"}
{"meta":"","level":"info","message":"","timestamp":"6:39:53 PM"}
{"level":"info","message":"Development Environment is Listening on port 3000","timestamp":"6:39:53 PM"}
{"level":"info","message":"Web URL : http://localhost:3000","timestamp":"6:39:53 PM"}
{"meta":"","level":"info","message":"","timestamp":"6:39:53 PM"}
{"level":"info","message":"$$$$$$$$$$$$$$$$$$$$$$$$","timestamp":"6:39:53 PM"}
{"meta":"","level":"info","message":"","timestamp":"6:39:53 PM"}
{"level":"info","message":"objRequest { ss_id: '8067', total_lead_count: '3', lead_buy_count: '1' }","timestamp":"6:40:55 PM"}
{"level":"info","message":"objRequest { ss_id: '8067', total_lead_count: '3', lead_buy_count: '1' }","timestamp":"6:44:35 PM"}
{"level":"info","message":"objRequest { ss_id: '8067', total_lead_count: '3', lead_buy_count: '1' }","timestamp":"6:46:34 PM"}
