{"level":"info","message":"{ Status: 'Publish' }","timestamp":"11:46:11 AM"}
{"level":"info","message":"{ Status: 'Publish' }","timestamp":"11:46:11 AM"}
{"level":"info","message":"$$$$$$$$$$$$$$$$$$$$$$$$","timestamp":"12:09:07 PM"}
{"meta":"","level":"info","message":"","timestamp":"12:09:07 PM"}
{"level":"info","message":"Development Environment is Listening on port 3000","timestamp":"12:09:07 PM"}
{"level":"info","message":"Web URL : http://localhost:3000","timestamp":"12:09:07 PM"}
{"meta":"","level":"info","message":"","timestamp":"12:09:07 PM"}
{"level":"info","message":"$$$$$$$$$$$$$$$$$$$$$$$$","timestamp":"12:09:07 PM"}
{"meta":"","level":"info","message":"","timestamp":"12:09:07 PM"}
{"level":"info","message":"{ Status: 'Publish' }","timestamp":"12:10:06 PM"}
{"level":"info","message":"{ Status: 'Publish' }","timestamp":"12:24:40 PM"}
{"level":"info","message":"{ Status: 'Publish' }","timestamp":"12:24:58 PM"}
{"level":"info","message":"{ Status: 'Publish' }","timestamp":"12:25:05 PM"}
{"level":"info","message":"{ Status: 'Publish' }","timestamp":"12:26:15 PM"}
{"level":"info","message":"{ Status: 'Publish' }","timestamp":"12:27:02 PM"}
{"level":"info","message":"{ Status: 'Publish' }","timestamp":"12:27:15 PM"}
{"level":"info","message":"{ Status: 'Publish' }","timestamp":"12:27:40 PM"}
{"level":"info","message":"$$$$$$$$$$$$$$$$$$$$$$$$","timestamp":"12:41:01 PM"}
{"meta":"","level":"info","message":"","timestamp":"12:41:01 PM"}
{"level":"info","message":"Development Environment is Listening on port 3000","timestamp":"12:41:01 PM"}
{"level":"info","message":"Web URL : http://localhost:3000","timestamp":"12:41:01 PM"}
{"meta":"","level":"info","message":"","timestamp":"12:41:01 PM"}
{"level":"info","message":"$$$$$$$$$$$$$$$$$$$$$$$$","timestamp":"12:41:01 PM"}
{"meta":"","level":"info","message":"","timestamp":"12:41:01 PM"}
{"level":"info","message":"{ Status: 'Publish' }","timestamp":"12:41:04 PM"}
{"level":"info","message":"File read!","timestamp":"12:41:22 PM"}
{"level":"info","message":"File deleted!","timestamp":"12:41:22 PM"}
{"level":"info","message":"{ Status: 'Publish' }","timestamp":"12:44:53 PM"}
{"level":"info","message":"{ Status: 'Publish' }","timestamp":"1:56:06 PM"}
{"level":"info","message":"{ Status: 'Publish' }","timestamp":"1:59:45 PM"}
{"level":"info","message":"{ Status: 'Publish' }","timestamp":"2:01:36 PM"}
{"level":"info","message":"{ Status: 'Publish' }","timestamp":"2:02:11 PM"}
{"level":"info","message":"{ Status: 'Publish' }","timestamp":"2:03:42 PM"}
{"level":"info","message":"{ Status: 'Publish' }","timestamp":"2:05:52 PM"}
{"level":"info","message":"{ Status: 'Publish' }","timestamp":"2:06:33 PM"}
{"level":"info","message":"{ Status: 'Publish' }","timestamp":"2:06:48 PM"}
{"level":"info","message":"{ Status: 'Publish' }","timestamp":"2:06:48 PM"}
{"level":"info","message":"{ Status: 'Publish' }","timestamp":"2:06:49 PM"}
{"level":"info","message":"{ Status: 'Publish' }","timestamp":"2:06:54 PM"}
{"level":"info","message":"{ Status: 'Publish' }","timestamp":"2:06:55 PM"}
{"level":"info","message":"File read!","timestamp":"2:07:46 PM"}
{"level":"info","message":"File read!","timestamp":"2:07:46 PM"}
{"level":"info","message":"File deleted!","timestamp":"2:07:46 PM"}
{"level":"info","message":"{ Status: 'Publish' }","timestamp":"2:07:52 PM"}
{"level":"info","message":"{ Status: 'Publish' }","timestamp":"2:08:12 PM"}
{"level":"info","message":"{ Status: 'Publish' }","timestamp":"2:08:20 PM"}
{"level":"info","message":"{ Status: 'Publish' }","timestamp":"2:08:26 PM"}
{"level":"info","message":"{ Status: 'Publish' }","timestamp":"2:08:33 PM"}
{"level":"info","message":"{ Status: 'Publish' }","timestamp":"2:09:02 PM"}
{"level":"info","message":"{ Status: 'Publish' }","timestamp":"2:17:29 PM"}
{"level":"info","message":"{ Status: 'Publish' }","timestamp":"2:21:19 PM"}
{"level":"info","message":"{ Status: 'Publish' }","timestamp":"2:35:21 PM"}
{"level":"info","message":"$$$$$$$$$$$$$$$$$$$$$$$$","timestamp":"2:38:33 PM"}
{"meta":"","level":"info","message":"","timestamp":"2:38:33 PM"}
{"level":"info","message":"Development Environment is Listening on port 3000","timestamp":"2:38:33 PM"}
{"level":"info","message":"Web URL : http://localhost:3000","timestamp":"2:38:33 PM"}
{"meta":"","level":"info","message":"","timestamp":"2:38:33 PM"}
{"level":"info","message":"$$$$$$$$$$$$$$$$$$$$$$$$","timestamp":"2:38:33 PM"}
{"meta":"","level":"info","message":"","timestamp":"2:38:33 PM"}
{"level":"info","message":"{ Status: 'Publish' }","timestamp":"2:38:43 PM"}
{"level":"info","message":"File read!","timestamp":"2:40:49 PM"}
{"level":"info","message":"File deleted!","timestamp":"2:40:49 PM"}
{"level":"info","message":"{ Status: 'Publish' }","timestamp":"2:41:35 PM"}
{"level":"info","message":"{ Status: 'Publish' }","timestamp":"2:42:33 PM"}
{"level":"info","message":"{ Status: 'Publish' }","timestamp":"2:47:33 PM"}
{"level":"info","message":"File read!","timestamp":"2:47:50 PM"}
{"level":"info","message":"File read!","timestamp":"2:47:50 PM"}
{"level":"info","message":"File deleted!","timestamp":"2:47:50 PM"}
{"level":"info","message":"{ Status: 'Publish' }","timestamp":"2:50:00 PM"}
{"level":"info","message":"$$$$$$$$$$$$$$$$$$$$$$$$","timestamp":"3:19:06 PM"}
{"meta":"","level":"info","message":"","timestamp":"3:19:06 PM"}
{"level":"info","message":"Development Environment is Listening on port 3000","timestamp":"3:19:06 PM"}
{"level":"info","message":"Web URL : http://localhost:3000","timestamp":"3:19:06 PM"}
{"meta":"","level":"info","message":"","timestamp":"3:19:06 PM"}
{"level":"info","message":"$$$$$$$$$$$$$$$$$$$$$$$$","timestamp":"3:19:06 PM"}
{"meta":"","level":"info","message":"","timestamp":"3:19:06 PM"}
{"level":"info","message":"{ Status: 'Publish' }","timestamp":"3:19:06 PM"}
{"level":"info","message":"{ Status: 'Publish' }","timestamp":"3:20:13 PM"}
{"level":"info","message":"{ Status: 'Publish' }","timestamp":"3:20:57 PM"}
{"level":"info","message":"{ Status: 'Publish' }","timestamp":"3:21:10 PM"}
{"level":"info","message":"{ Status: 'Publish' }","timestamp":"3:21:10 PM"}
{"level":"info","message":"{ Status: 'Publish' }","timestamp":"3:21:15 PM"}
{"level":"info","message":"{ Status: 'Publish' }","timestamp":"3:33:37 PM"}
{"level":"info","message":"{ Status: 'Publish' }","timestamp":"3:33:40 PM"}
{"level":"info","message":"{ Status: 'Publish' }","timestamp":"3:36:37 PM"}
{"level":"info","message":"{ Status: 'Publish' }","timestamp":"3:37:13 PM"}
{"level":"info","message":"File read!","timestamp":"3:37:25 PM"}
{"level":"info","message":"File deleted!","timestamp":"3:37:25 PM"}
{"level":"info","message":"File read!","timestamp":"3:38:04 PM"}
{"level":"info","message":"File read!","timestamp":"3:38:04 PM"}
{"level":"info","message":"File deleted!","timestamp":"3:38:04 PM"}
{"level":"info","message":"{ Status: 'Publish' }","timestamp":"3:43:25 PM"}
{"level":"info","message":"{ Status: 'Publish' }","timestamp":"4:09:36 PM"}
{"level":"info","message":"{ Status: 'Publish' }","timestamp":"4:46:42 PM"}
