{"level":"info","message":"$$$$$$$$$$$$$$$$$$$$$$$$","timestamp":"9:07:24 AM"}
{"meta":"","level":"info","message":"","timestamp":"9:07:24 AM"}
{"level":"info","message":"Development Environment is Listening on port 3000","timestamp":"9:07:24 AM"}
{"level":"info","message":"Web URL : http://localhost:3000","timestamp":"9:07:24 AM"}
{"meta":"","level":"info","message":"","timestamp":"9:07:24 AM"}
{"level":"info","message":"$$$$$$$$$$$$$$$$$$$$$$$$","timestamp":"9:07:24 AM"}
{"meta":"","level":"info","message":"","timestamp":"9:07:24 AM"}
{"level":"info","message":"$$$$$$$$$$$$$$$$$$$$$$$$","timestamp":"11:31:40 AM"}
{"meta":"","level":"info","message":"","timestamp":"11:31:40 AM"}
{"level":"info","message":"Development Environment is Listening on port 3000","timestamp":"11:31:40 AM"}
{"level":"info","message":"Web URL : http://localhost:3000","timestamp":"11:31:40 AM"}
{"meta":"","level":"info","message":"","timestamp":"11:31:40 AM"}
{"level":"info","message":"$$$$$$$$$$$$$$$$$$$$$$$$","timestamp":"11:31:40 AM"}
{"meta":"","level":"info","message":"","timestamp":"11:31:40 AM"}
{"level":"info","message":"$$$$$$$$$$$$$$$$$$$$$$$$","timestamp":"11:32:34 AM"}
{"meta":"","level":"info","message":"","timestamp":"11:32:34 AM"}
{"level":"info","message":"Development Environment is Listening on port 3000","timestamp":"11:32:34 AM"}
{"level":"info","message":"Web URL : http://localhost:3000","timestamp":"11:32:34 AM"}
{"meta":"","level":"info","message":"","timestamp":"11:32:34 AM"}
{"level":"info","message":"$$$$$$$$$$$$$$$$$$$$$$$$","timestamp":"11:32:34 AM"}
{"meta":"","level":"info","message":"","timestamp":"11:32:34 AM"}
{"level":"info","message":"$$$$$$$$$$$$$$$$$$$$$$$$","timestamp":"12:20:27 PM"}
{"meta":"","level":"info","message":"","timestamp":"12:20:27 PM"}
{"level":"info","message":"Development Environment is Listening on port 3000","timestamp":"12:20:27 PM"}
{"level":"info","message":"Web URL : http://localhost:3000","timestamp":"12:20:27 PM"}
{"meta":"","level":"info","message":"","timestamp":"12:20:27 PM"}
{"level":"info","message":"$$$$$$$$$$$$$$$$$$$$$$$$","timestamp":"12:20:27 PM"}
{"meta":"","level":"info","message":"","timestamp":"12:20:27 PM"}
{"level":"info","message":"$$$$$$$$$$$$$$$$$$$$$$$$","timestamp":"12:22:40 PM"}
{"meta":"","level":"info","message":"","timestamp":"12:22:40 PM"}
{"level":"info","message":"Development Environment is Listening on port 3000","timestamp":"12:22:40 PM"}
{"level":"info","message":"Web URL : http://localhost:3000","timestamp":"12:22:40 PM"}
{"meta":"","level":"info","message":"","timestamp":"12:22:40 PM"}
{"level":"info","message":"$$$$$$$$$$$$$$$$$$$$$$$$","timestamp":"12:22:40 PM"}
{"meta":"","level":"info","message":"","timestamp":"12:22:40 PM"}
{"level":"info","message":"$$$$$$$$$$$$$$$$$$$$$$$$","timestamp":"2:26:59 PM"}
{"meta":"","level":"info","message":"","timestamp":"2:26:59 PM"}
{"level":"info","message":"Development Environment is Listening on port 3000","timestamp":"2:26:59 PM"}
{"level":"info","message":"Web URL : http://localhost:3000","timestamp":"2:26:59 PM"}
{"meta":"","level":"info","message":"","timestamp":"2:26:59 PM"}
{"level":"info","message":"$$$$$$$$$$$$$$$$$$$$$$$$","timestamp":"2:26:59 PM"}
{"meta":"","level":"info","message":"","timestamp":"2:26:59 PM"}
{"level":"info","message":"$$$$$$$$$$$$$$$$$$$$$$$$","timestamp":"4:28:48 PM"}
{"meta":"","level":"info","message":"","timestamp":"4:28:48 PM"}
{"level":"info","message":"Development Environment is Listening on port 3000","timestamp":"4:28:48 PM"}
{"level":"info","message":"Web URL : http://localhost:3000","timestamp":"4:28:48 PM"}
{"meta":"","level":"info","message":"","timestamp":"4:28:48 PM"}
{"level":"info","message":"$$$$$$$$$$$$$$$$$$$$$$$$","timestamp":"4:28:48 PM"}
{"meta":"","level":"info","message":"","timestamp":"4:28:48 PM"}
{"level":"info","message":"$$$$$$$$$$$$$$$$$$$$$$$$","timestamp":"4:52:31 PM"}
{"meta":"","level":"info","message":"","timestamp":"4:52:31 PM"}
{"level":"info","message":"Development Environment is Listening on port 3000","timestamp":"4:52:31 PM"}
{"level":"info","message":"Web URL : http://localhost:3000","timestamp":"4:52:31 PM"}
{"meta":"","level":"info","message":"","timestamp":"4:52:31 PM"}
{"level":"info","message":"$$$$$$$$$$$$$$$$$$$$$$$$","timestamp":"4:52:31 PM"}
{"meta":"","level":"info","message":"","timestamp":"4:52:31 PM"}
