{"level":"info","message":"$$$$$$$$$$$$$$$$$$$$$$$$","timestamp":"11:50:17 AM"}
{"meta":"","level":"info","message":"","timestamp":"11:50:17 AM"}
{"level":"info","message":"Development Environment is Listening on port 3000","timestamp":"11:50:17 AM"}
{"level":"info","message":"Web URL : http://localhost:3000","timestamp":"11:50:17 AM"}
{"meta":"","level":"info","message":"","timestamp":"11:50:17 AM"}
{"level":"info","message":"$$$$$$$$$$$$$$$$$$$$$$$$","timestamp":"11:50:17 AM"}
{"meta":"","level":"info","message":"","timestamp":"11:50:17 AM"}
{"level":"info","message":"$$$$$$$$$$$$$$$$$$$$$$$$","timestamp":"12:33:19 PM"}
{"meta":"","level":"info","message":"","timestamp":"12:33:19 PM"}
{"level":"info","message":"Development Environment is Listening on port 3000","timestamp":"12:33:19 PM"}
{"level":"info","message":"Web URL : http://localhost:3000","timestamp":"12:33:19 PM"}
{"meta":"","level":"info","message":"","timestamp":"12:33:19 PM"}
{"level":"info","message":"$$$$$$$$$$$$$$$$$$$$$$$$","timestamp":"12:33:19 PM"}
{"meta":"","level":"info","message":"","timestamp":"12:33:19 PM"}
{"level":"info","message":"$$$$$$$$$$$$$$$$$$$$$$$$","timestamp":"12:36:16 PM"}
{"meta":"","level":"info","message":"","timestamp":"12:36:16 PM"}
{"level":"info","message":"Development Environment is Listening on port 3000","timestamp":"12:36:16 PM"}
{"level":"info","message":"Web URL : http://localhost:3000","timestamp":"12:36:16 PM"}
{"meta":"","level":"info","message":"","timestamp":"12:36:16 PM"}
{"level":"info","message":"$$$$$$$$$$$$$$$$$$$$$$$$","timestamp":"12:36:16 PM"}
{"meta":"","level":"info","message":"","timestamp":"12:36:16 PM"}
{"level":"info","message":"$$$$$$$$$$$$$$$$$$$$$$$$","timestamp":"12:39:38 PM"}
{"meta":"","level":"info","message":"","timestamp":"12:39:38 PM"}
{"level":"info","message":"Development Environment is Listening on port 3000","timestamp":"12:39:38 PM"}
{"level":"info","message":"Web URL : http://localhost:3000","timestamp":"12:39:38 PM"}
{"meta":"","level":"info","message":"","timestamp":"12:39:38 PM"}
{"level":"info","message":"$$$$$$$$$$$$$$$$$$$$$$$$","timestamp":"12:39:38 PM"}
{"meta":"","level":"info","message":"","timestamp":"12:39:38 PM"}
{"level":"info","message":"$$$$$$$$$$$$$$$$$$$$$$$$","timestamp":"1:22:51 PM"}
{"meta":"","level":"info","message":"","timestamp":"1:22:51 PM"}
{"level":"info","message":"Development Environment is Listening on port 3000","timestamp":"1:22:51 PM"}
{"level":"info","message":"Web URL : http://localhost:3000","timestamp":"1:22:51 PM"}
{"meta":"","level":"info","message":"","timestamp":"1:22:51 PM"}
{"level":"info","message":"$$$$$$$$$$$$$$$$$$$$$$$$","timestamp":"1:22:51 PM"}
{"meta":"","level":"info","message":"","timestamp":"1:22:51 PM"}
{"level":"info","message":"$$$$$$$$$$$$$$$$$$$$$$$$","timestamp":"1:37:55 PM"}
{"meta":"","level":"info","message":"","timestamp":"1:37:55 PM"}
{"level":"info","message":"Development Environment is Listening on port 3000","timestamp":"1:37:55 PM"}
{"level":"info","message":"Web URL : http://localhost:3000","timestamp":"1:37:55 PM"}
{"meta":"","level":"info","message":"","timestamp":"1:37:55 PM"}
{"level":"info","message":"$$$$$$$$$$$$$$$$$$$$$$$$","timestamp":"1:37:55 PM"}
{"meta":"","level":"info","message":"","timestamp":"1:37:55 PM"}
{"level":"info","message":"$$$$$$$$$$$$$$$$$$$$$$$$","timestamp":"4:24:45 PM"}
{"meta":"","level":"info","message":"","timestamp":"4:24:45 PM"}
{"level":"info","message":"Development Environment is Listening on port 3000","timestamp":"4:24:45 PM"}
{"level":"info","message":"Web URL : http://localhost:3000","timestamp":"4:24:45 PM"}
{"meta":"","level":"info","message":"","timestamp":"4:24:45 PM"}
{"level":"info","message":"$$$$$$$$$$$$$$$$$$$$$$$$","timestamp":"4:24:45 PM"}
{"meta":"","level":"info","message":"","timestamp":"4:24:45 PM"}
{"level":"info","message":"$$$$$$$$$$$$$$$$$$$$$$$$","timestamp":"4:26:44 PM"}
{"meta":"","level":"info","message":"","timestamp":"4:26:44 PM"}
{"level":"info","message":"Development Environment is Listening on port 3000","timestamp":"4:26:44 PM"}
{"level":"info","message":"Web URL : http://localhost:3000","timestamp":"4:26:44 PM"}
{"meta":"","level":"info","message":"","timestamp":"4:26:44 PM"}
{"level":"info","message":"$$$$$$$$$$$$$$$$$$$$$$$$","timestamp":"4:26:44 PM"}
{"meta":"","level":"info","message":"","timestamp":"4:26:44 PM"}
