{"level":"info","message":"$$$$$$$$$$$$$$$$$$$$$$$$","timestamp":"11:26:18 AM"}
{"meta":"","level":"info","message":"","timestamp":"11:26:18 AM"}
{"level":"info","message":"Development Environment is Listening on port 3000","timestamp":"11:26:18 AM"}
{"level":"info","message":"Web URL : http://localhost:3000","timestamp":"11:26:18 AM"}
{"meta":"","level":"info","message":"","timestamp":"11:26:18 AM"}
{"level":"info","message":"$$$$$$$$$$$$$$$$$$$$$$$$","timestamp":"11:26:18 AM"}
{"meta":"","level":"info","message":"","timestamp":"11:26:18 AM"}
{"level":"info","message":"$$$$$$$$$$$$$$$$$$$$$$$$","timestamp":"11:41:56 AM"}
{"meta":"","level":"info","message":"","timestamp":"11:41:56 AM"}
{"level":"info","message":"Development Environment is Listening on port 3000","timestamp":"11:41:56 AM"}
{"level":"info","message":"Web URL : http://localhost:3000","timestamp":"11:41:56 AM"}
{"meta":"","level":"info","message":"","timestamp":"11:41:56 AM"}
{"level":"info","message":"$$$$$$$$$$$$$$$$$$$$$$$$","timestamp":"11:41:56 AM"}
{"meta":"","level":"info","message":"","timestamp":"11:41:56 AM"}
{"level":"info","message":"$$$$$$$$$$$$$$$$$$$$$$$$","timestamp":"11:45:38 AM"}
{"meta":"","level":"info","message":"","timestamp":"11:45:38 AM"}
{"level":"info","message":"Development Environment is Listening on port 3000","timestamp":"11:45:38 AM"}
{"level":"info","message":"Web URL : http://localhost:3000","timestamp":"11:45:38 AM"}
{"meta":"","level":"info","message":"","timestamp":"11:45:38 AM"}
{"level":"info","message":"$$$$$$$$$$$$$$$$$$$$$$$$","timestamp":"11:45:38 AM"}
{"meta":"","level":"info","message":"","timestamp":"11:45:38 AM"}
{"level":"info","message":"$$$$$$$$$$$$$$$$$$$$$$$$","timestamp":"11:51:51 AM"}
{"meta":"","level":"info","message":"","timestamp":"11:51:51 AM"}
{"level":"info","message":"Development Environment is Listening on port 3000","timestamp":"11:51:51 AM"}
{"level":"info","message":"Web URL : http://localhost:3000","timestamp":"11:51:51 AM"}
{"meta":"","level":"info","message":"","timestamp":"11:51:51 AM"}
{"level":"info","message":"$$$$$$$$$$$$$$$$$$$$$$$$","timestamp":"11:51:51 AM"}
{"meta":"","level":"info","message":"","timestamp":"11:51:51 AM"}
{"level":"info","message":"$$$$$$$$$$$$$$$$$$$$$$$$","timestamp":"12:02:02 PM"}
{"meta":"","level":"info","message":"","timestamp":"12:02:02 PM"}
{"level":"info","message":"Development Environment is Listening on port 3000","timestamp":"12:02:02 PM"}
{"level":"info","message":"Web URL : http://localhost:3000","timestamp":"12:02:02 PM"}
{"meta":"","level":"info","message":"","timestamp":"12:02:02 PM"}
{"level":"info","message":"$$$$$$$$$$$$$$$$$$$$$$$$","timestamp":"12:02:02 PM"}
{"meta":"","level":"info","message":"","timestamp":"12:02:02 PM"}
{"level":"info","message":"$$$$$$$$$$$$$$$$$$$$$$$$","timestamp":"1:09:24 PM"}
{"meta":"","level":"info","message":"","timestamp":"1:09:24 PM"}
{"level":"info","message":"Development Environment is Listening on port 3000","timestamp":"1:09:24 PM"}
{"level":"info","message":"Web URL : http://localhost:3000","timestamp":"1:09:24 PM"}
{"meta":"","level":"info","message":"","timestamp":"1:09:24 PM"}
{"level":"info","message":"$$$$$$$$$$$$$$$$$$$$$$$$","timestamp":"1:09:24 PM"}
{"meta":"","level":"info","message":"","timestamp":"1:09:24 PM"}
{"level":"info","message":"$$$$$$$$$$$$$$$$$$$$$$$$","timestamp":"6:11:02 PM"}
{"meta":"","level":"info","message":"","timestamp":"6:11:02 PM"}
{"level":"info","message":"Development Environment is Listening on port 3000","timestamp":"6:11:02 PM"}
{"level":"info","message":"Web URL : http://localhost:3000","timestamp":"6:11:02 PM"}
{"meta":"","level":"info","message":"","timestamp":"6:11:02 PM"}
{"level":"info","message":"$$$$$$$$$$$$$$$$$$$$$$$$","timestamp":"6:11:02 PM"}
{"meta":"","level":"info","message":"","timestamp":"6:11:02 PM"}
{"level":"info","message":"$$$$$$$$$$$$$$$$$$$$$$$$","timestamp":"6:34:43 PM"}
{"meta":"","level":"info","message":"","timestamp":"6:34:43 PM"}
{"level":"info","message":"Development Environment is Listening on port 3000","timestamp":"6:34:43 PM"}
{"level":"info","message":"Web URL : http://localhost:3000","timestamp":"6:34:43 PM"}
{"meta":"","level":"info","message":"","timestamp":"6:34:43 PM"}
{"level":"info","message":"$$$$$$$$$$$$$$$$$$$$$$$$","timestamp":"6:34:43 PM"}
{"meta":"","level":"info","message":"","timestamp":"6:34:43 PM"}
{"level":"info","message":"$$$$$$$$$$$$$$$$$$$$$$$$","timestamp":"6:39:45 PM"}
{"meta":"","level":"info","message":"","timestamp":"6:39:45 PM"}
{"level":"info","message":"Development Environment is Listening on port 3000","timestamp":"6:39:45 PM"}
{"level":"info","message":"Web URL : http://localhost:3000","timestamp":"6:39:45 PM"}
{"meta":"","level":"info","message":"","timestamp":"6:39:45 PM"}
{"level":"info","message":"$$$$$$$$$$$$$$$$$$$$$$$$","timestamp":"6:39:45 PM"}
{"meta":"","level":"info","message":"","timestamp":"6:39:45 PM"}
{"level":"info","message":"$$$$$$$$$$$$$$$$$$$$$$$$","timestamp":"6:41:14 PM"}
{"meta":"","level":"info","message":"","timestamp":"6:41:14 PM"}
{"level":"info","message":"Development Environment is Listening on port 3000","timestamp":"6:41:14 PM"}
{"level":"info","message":"Web URL : http://localhost:3000","timestamp":"6:41:14 PM"}
{"meta":"","level":"info","message":"","timestamp":"6:41:14 PM"}
{"level":"info","message":"$$$$$$$$$$$$$$$$$$$$$$$$","timestamp":"6:41:14 PM"}
{"meta":"","level":"info","message":"","timestamp":"6:41:14 PM"}
