{"level":"info","message":"$$$$$$$$$$$$$$$$$$$$$$$$","timestamp":"9:57:12 AM"}
{"meta":"","level":"info","message":"","timestamp":"9:57:12 AM"}
{"level":"info","message":"Development Environment is Listening on port 3000","timestamp":"9:57:12 AM"}
{"level":"info","message":"Web URL : http://localhost:3000","timestamp":"9:57:12 AM"}
{"meta":"","level":"info","message":"","timestamp":"9:57:12 AM"}
{"level":"info","message":"$$$$$$$$$$$$$$$$$$$$$$$$","timestamp":"9:57:12 AM"}
{"meta":"","level":"info","message":"","timestamp":"9:57:12 AM"}
{"level":"info","message":"==============","timestamp":"10:14:48 AM"}
{"level":"info","message":"SendSmS MSP-917208803-1703133887434-73444-sms480","timestamp":"10:14:48 AM"}
{"level":"info","message":"==============","timestamp":"10:14:48 AM"}
{"level":"info","message":"SendSmS MSP-919619160-1703133887470-73446-sms480","timestamp":"10:14:48 AM"}
{"level":"info","message":"sms_logupdate null { n: 1, nModified: 1, ok: 1 }","timestamp":"10:14:48 AM"}
{"level":"info","message":"sms_logupdate null { n: 1, nModified: 1, ok: 1 }","timestamp":"10:14:48 AM"}
{"level":"info","message":"==============","timestamp":"10:14:48 AM"}
{"level":"info","message":"SendSmS MSP-917666020-1703133887716-73448-sms480","timestamp":"10:14:48 AM"}
{"level":"info","message":"sms_logupdate null { n: 1, nModified: 1, ok: 1 }","timestamp":"10:14:48 AM"}
{"level":"info","message":"==============","timestamp":"10:16:43 AM"}
{"level":"info","message":"SendSmS MSP-919619160-1703134002090-73834-sms480","timestamp":"10:16:43 AM"}
{"level":"info","message":"sms_logupdate null { n: 1, nModified: 1, ok: 1 }","timestamp":"10:16:43 AM"}
{"level":"info","message":"==============","timestamp":"10:16:43 AM"}
{"level":"info","message":"SendSmS MSP-917208803-1703134002125-73836-sms480","timestamp":"10:16:43 AM"}
{"level":"info","message":"sms_logupdate null { n: 1, nModified: 1, ok: 1 }","timestamp":"10:16:43 AM"}
{"level":"info","message":"==============","timestamp":"10:16:44 AM"}
{"level":"info","message":"SendSmS MSP-917666020-1703134002080-73832-sms480","timestamp":"10:16:44 AM"}
{"level":"info","message":"sms_logupdate null { n: 1, nModified: 1, ok: 1 }","timestamp":"10:16:44 AM"}
{"level":"info","message":"==============","timestamp":"10:27:57 AM"}
{"level":"info","message":"SendSmS MSP-917208803-1703134676479-78070-sms480","timestamp":"10:27:57 AM"}
{"level":"info","message":"==============","timestamp":"10:27:57 AM"}
{"level":"info","message":"SendSmS MSP-919619160-1703134676482-78072-sms480","timestamp":"10:27:57 AM"}
{"level":"info","message":"sms_logupdate null { n: 1, nModified: 1, ok: 1 }","timestamp":"10:27:57 AM"}
{"level":"info","message":"==============","timestamp":"10:27:57 AM"}
{"level":"info","message":"SendSmS MSP-917666020-1703134676495-78074-sms480","timestamp":"10:27:57 AM"}
{"level":"info","message":"sms_logupdate null { n: 1, nModified: 1, ok: 1 }","timestamp":"10:27:57 AM"}
{"level":"info","message":"sms_logupdate null { n: 1, nModified: 1, ok: 1 }","timestamp":"10:27:57 AM"}
{"level":"info","message":"==============","timestamp":"10:34:40 AM"}
{"level":"info","message":"SendSmS MSP-917208803-1703135079317-79927-sms480","timestamp":"10:34:40 AM"}
{"level":"info","message":"==============","timestamp":"10:34:40 AM"}
{"level":"info","message":"SendSmS MSP-917666020-1703135079317-79928-sms480","timestamp":"10:34:40 AM"}
{"level":"info","message":"sms_logupdate null { n: 1, nModified: 1, ok: 1 }","timestamp":"10:34:40 AM"}
{"level":"info","message":"==============","timestamp":"10:34:40 AM"}
{"level":"info","message":"SendSmS MSP-919619160-1703135079326-79931-sms480","timestamp":"10:34:40 AM"}
{"level":"info","message":"sms_logupdate null { n: 1, nModified: 1, ok: 1 }","timestamp":"10:34:40 AM"}
{"level":"info","message":"sms_logupdate null { n: 1, nModified: 1, ok: 1 }","timestamp":"10:34:40 AM"}
{"level":"info","message":"$$$$$$$$$$$$$$$$$$$$$$$$","timestamp":"10:44:24 AM"}
{"meta":"","level":"info","message":"","timestamp":"10:44:24 AM"}
{"level":"info","message":"Development Environment is Listening on port 3000","timestamp":"10:44:24 AM"}
{"level":"info","message":"Web URL : http://localhost:3000","timestamp":"10:44:24 AM"}
{"meta":"","level":"info","message":"","timestamp":"10:44:24 AM"}
{"level":"info","message":"$$$$$$$$$$$$$$$$$$$$$$$$","timestamp":"10:44:24 AM"}
{"meta":"","level":"info","message":"","timestamp":"10:44:24 AM"}
{"level":"info","message":"==============","timestamp":"10:45:00 AM"}
{"level":"info","message":"SendSmS MSP-919320208-1703135699017-83276-sms480","timestamp":"10:45:00 AM"}
{"level":"info","message":"==============","timestamp":"10:45:00 AM"}
{"level":"info","message":"SendSmS MSP-917666020-1703135699047-83278-sms480","timestamp":"10:45:00 AM"}
{"level":"info","message":"sms_logupdate null { n: 1, nModified: 1, ok: 1 }","timestamp":"10:45:00 AM"}
{"level":"info","message":"==============","timestamp":"10:45:00 AM"}
{"level":"info","message":"SendSmS MSP-919619160-1703135699049-83280-sms480","timestamp":"10:45:00 AM"}
{"level":"info","message":"sms_logupdate null { n: 1, nModified: 1, ok: 1 }","timestamp":"10:45:00 AM"}
{"level":"info","message":"sms_logupdate null { n: 1, nModified: 1, ok: 1 }","timestamp":"10:45:00 AM"}
{"level":"info","message":"==============","timestamp":"10:45:00 AM"}
{"level":"info","message":"SendSmS MSP-917208803-1703135699086-83282-sms480","timestamp":"10:45:00 AM"}
{"level":"info","message":"sms_logupdate null { n: 1, nModified: 1, ok: 1 }","timestamp":"10:45:00 AM"}
{"level":"info","message":"==============","timestamp":"11:02:47 AM"}
{"level":"info","message":"SendSmS MSP-919320208-1703136766527-88597-sms480","timestamp":"11:02:47 AM"}
{"level":"info","message":"sms_logupdate null { n: 1, nModified: 1, ok: 1 }","timestamp":"11:02:47 AM"}
{"level":"info","message":"==============","timestamp":"11:02:47 AM"}
{"level":"info","message":"SendSmS MSP-917666020-1703136766557-88599-sms480","timestamp":"11:02:47 AM"}
{"level":"info","message":"==============","timestamp":"11:02:47 AM"}
{"level":"info","message":"SendSmS MSP-917208803-1703136766632-88601-sms480","timestamp":"11:02:47 AM"}
{"level":"info","message":"sms_logupdate null { n: 1, nModified: 1, ok: 1 }","timestamp":"11:02:47 AM"}
{"level":"info","message":"sms_logupdate null { n: 1, nModified: 1, ok: 1 }","timestamp":"11:02:47 AM"}
{"level":"info","message":"==============","timestamp":"11:02:48 AM"}
{"level":"info","message":"SendSmS MSP-919619160-1703136766710-88603-sms480","timestamp":"11:02:48 AM"}
{"level":"info","message":"sms_logupdate null { n: 1, nModified: 1, ok: 1 }","timestamp":"11:02:48 AM"}
{"level":"info","message":"==============","timestamp":"11:23:29 AM"}
{"level":"info","message":"SendSmS MSP-919320208-1703138008067-93664-sms480","timestamp":"11:23:29 AM"}
{"level":"info","message":"sms_logupdate null { n: 1, nModified: 1, ok: 1 }","timestamp":"11:23:29 AM"}
{"level":"info","message":"==============","timestamp":"11:23:33 AM"}
{"level":"info","message":"SendSmS MSP-917208803-1703138011942-93676-sms480","timestamp":"11:23:33 AM"}
{"level":"info","message":"==============","timestamp":"11:23:33 AM"}
{"level":"info","message":"SendSmS MSP-919619160-1703138011942-93674-sms480","timestamp":"11:23:33 AM"}
{"level":"info","message":"sms_logupdate null { n: 1, nModified: 1, ok: 1 }","timestamp":"11:23:33 AM"}
{"level":"info","message":"sms_logupdate null { n: 1, nModified: 1, ok: 1 }","timestamp":"11:23:33 AM"}
{"level":"info","message":"==============","timestamp":"11:23:33 AM"}
{"level":"info","message":"SendSmS MSP-917666020-1703138011961-93678-sms480","timestamp":"11:23:33 AM"}
{"level":"info","message":"sms_logupdate null { n: 1, nModified: 1, ok: 1 }","timestamp":"11:23:33 AM"}
{"level":"info","message":"==============","timestamp":"11:28:30 AM"}
{"level":"info","message":"SendSmS MSP-919320208-1703138309423-94306-sms480","timestamp":"11:28:30 AM"}
{"level":"info","message":"sms_logupdate null { n: 1, nModified: 1, ok: 1 }","timestamp":"11:28:30 AM"}
{"level":"info","message":"==============","timestamp":"11:28:30 AM"}
{"level":"info","message":"SendSmS MSP-917666020-1703138309514-94308-sms480","timestamp":"11:28:30 AM"}
{"level":"info","message":"==============","timestamp":"11:28:30 AM"}
{"level":"info","message":"SendSmS MSP-919619160-1703138309517-94310-sms480","timestamp":"11:28:30 AM"}
{"level":"info","message":"sms_logupdate null { n: 1, nModified: 1, ok: 1 }","timestamp":"11:28:30 AM"}
{"level":"info","message":"==============","timestamp":"11:28:30 AM"}
{"level":"info","message":"SendSmS MSP-917208803-1703138309520-94312-sms480","timestamp":"11:28:30 AM"}
{"level":"info","message":"sms_logupdate null { n: 1, nModified: 1, ok: 1 }","timestamp":"11:28:30 AM"}
{"level":"info","message":"sms_logupdate null { n: 1, nModified: 1, ok: 1 }","timestamp":"11:28:30 AM"}
{"level":"info","message":"==============","timestamp":"11:29:53 AM"}
{"level":"info","message":"SendSmS MSP-919320208-1703138392033-94588-sms480","timestamp":"11:29:53 AM"}
{"level":"info","message":"sms_logupdate null { n: 1, nModified: 1, ok: 1 }","timestamp":"11:29:53 AM"}
{"level":"info","message":"==============","timestamp":"11:36:55 AM"}
{"level":"info","message":"SendSmS MSP-919320208-1703138813981-95465-sms480","timestamp":"11:36:55 AM"}
{"level":"info","message":"sms_logupdate null { n: 1, nModified: 1, ok: 1 }","timestamp":"11:36:55 AM"}
{"level":"info","message":"==============","timestamp":"11:38:50 AM"}
{"level":"info","message":"SendSmS MSP-919320208-1703138929340-95872-sms480","timestamp":"11:38:50 AM"}
{"level":"info","message":"sms_logupdate null { n: 1, nModified: 1, ok: 1 }","timestamp":"11:38:50 AM"}
{"level":"info","message":"==============","timestamp":"11:47:23 AM"}
{"level":"info","message":"SendSmS MSP-919619160-1703139442516-97684-sms480","timestamp":"11:47:23 AM"}
{"level":"info","message":"==============","timestamp":"11:47:23 AM"}
{"level":"info","message":"SendSmS MSP-917666020-1703139442519-97686-sms480","timestamp":"11:47:23 AM"}
{"level":"info","message":"==============","timestamp":"11:47:23 AM"}
{"level":"info","message":"SendSmS MSP-917208803-1703139442514-97682-sms480","timestamp":"11:47:23 AM"}
{"level":"info","message":"sms_logupdate null { n: 1, nModified: 1, ok: 1 }","timestamp":"11:47:23 AM"}
{"level":"info","message":"sms_logupdate null { n: 1, nModified: 1, ok: 1 }","timestamp":"11:47:23 AM"}
{"level":"info","message":"sms_logupdate null { n: 1, nModified: 1, ok: 1 }","timestamp":"11:47:23 AM"}
{"level":"info","message":"==============","timestamp":"11:56:33 AM"}
{"level":"info","message":"SendSmS MSP-919320208-1703139991654-98700-sms480","timestamp":"11:56:33 AM"}
{"level":"info","message":"sms_logupdate null { n: 1, nModified: 1, ok: 1 }","timestamp":"11:56:33 AM"}
{"level":"info","message":"==============","timestamp":"11:59:17 AM"}
{"level":"info","message":"SendSmS MSP-917666020-1703140156592-98998-sms480","timestamp":"11:59:17 AM"}
{"level":"info","message":"sms_logupdate null { n: 1, nModified: 1, ok: 1 }","timestamp":"11:59:17 AM"}
{"level":"info","message":"==============","timestamp":"11:59:17 AM"}
{"level":"info","message":"SendSmS MSP-917208803-1703140156601-99000-sms480","timestamp":"11:59:17 AM"}
{"level":"info","message":"sms_logupdate null { n: 1, nModified: 1, ok: 1 }","timestamp":"11:59:17 AM"}
{"level":"info","message":"==============","timestamp":"11:59:17 AM"}
{"level":"info","message":"SendSmS MSP-919619160-1703140156635-99002-sms480","timestamp":"11:59:17 AM"}
{"level":"info","message":"sms_logupdate null { n: 1, nModified: 1, ok: 1 }","timestamp":"11:59:17 AM"}
{"level":"info","message":"==============","timestamp":"12:12:07 PM"}
{"level":"info","message":"SendSmS MSP-919619160-1703140926096-2643-sms480","timestamp":"12:12:07 PM"}
{"level":"info","message":"==============","timestamp":"12:12:07 PM"}
{"level":"info","message":"SendSmS MSP-917666020-1703140926096-2642-sms480","timestamp":"12:12:07 PM"}
{"level":"info","message":"sms_logupdate null { n: 1, nModified: 1, ok: 1 }","timestamp":"12:12:07 PM"}
{"level":"info","message":"==============","timestamp":"12:12:07 PM"}
{"level":"info","message":"SendSmS MSP-917208803-1703140926131-2646-sms480","timestamp":"12:12:07 PM"}
{"level":"info","message":"==============","timestamp":"12:12:07 PM"}
{"level":"info","message":"SendSmS MSP-919320208-1703140926048-2640-sms480","timestamp":"12:12:07 PM"}
{"level":"info","message":"sms_logupdate null { n: 1, nModified: 1, ok: 1 }","timestamp":"12:12:07 PM"}
{"level":"info","message":"sms_logupdate null { n: 1, nModified: 1, ok: 1 }","timestamp":"12:12:07 PM"}
{"level":"info","message":"sms_logupdate null { n: 1, nModified: 1, ok: 1 }","timestamp":"12:12:07 PM"}
{"level":"info","message":"==============","timestamp":"12:13:26 PM"}
{"level":"info","message":"SendSmS MSP-919619160-1703141005333-2836-sms480","timestamp":"12:13:26 PM"}
{"level":"info","message":"sms_logupdate null { n: 1, nModified: 1, ok: 1 }","timestamp":"12:13:26 PM"}
{"level":"info","message":"==============","timestamp":"12:13:26 PM"}
{"level":"info","message":"SendSmS MSP-917666020-1703141005354-2838-sms480","timestamp":"12:13:26 PM"}
{"level":"info","message":"==============","timestamp":"12:13:26 PM"}
{"level":"info","message":"SendSmS MSP-919320208-1703141005366-2840-sms480","timestamp":"12:13:26 PM"}
{"level":"info","message":"sms_logupdate null { n: 1, nModified: 1, ok: 1 }","timestamp":"12:13:26 PM"}
{"level":"info","message":"sms_logupdate null { n: 1, nModified: 1, ok: 1 }","timestamp":"12:13:26 PM"}
{"level":"info","message":"==============","timestamp":"12:13:26 PM"}
{"level":"info","message":"SendSmS MSP-917208803-1703141005441-2842-sms480","timestamp":"12:13:26 PM"}
{"level":"info","message":"sms_logupdate null { n: 1, nModified: 1, ok: 1 }","timestamp":"12:13:26 PM"}
{"level":"info","message":"==============","timestamp":"12:15:55 PM"}
{"level":"info","message":"SendSmS MSP-919320208-1703141153823-3523-sms480","timestamp":"12:15:55 PM"}
{"level":"info","message":"==============","timestamp":"12:15:55 PM"}
{"level":"info","message":"SendSmS MSP-919619160-1703141153845-3525-sms480","timestamp":"12:15:55 PM"}
{"level":"info","message":"sms_logupdate null { n: 1, nModified: 1, ok: 1 }","timestamp":"12:15:55 PM"}
{"level":"info","message":"sms_logupdate null { n: 1, nModified: 1, ok: 1 }","timestamp":"12:15:55 PM"}
{"level":"info","message":"==============","timestamp":"12:15:55 PM"}
{"level":"info","message":"SendSmS MSP-917666020-1703141153905-3527-sms480","timestamp":"12:15:55 PM"}
{"level":"info","message":"sms_logupdate null { n: 1, nModified: 1, ok: 1 }","timestamp":"12:15:55 PM"}
{"level":"info","message":"==============","timestamp":"12:15:55 PM"}
{"level":"info","message":"SendSmS MSP-917208803-1703141154128-3529-sms480","timestamp":"12:15:55 PM"}
{"level":"info","message":"sms_logupdate null { n: 1, nModified: 1, ok: 1 }","timestamp":"12:15:55 PM"}
{"level":"info","message":"==============","timestamp":"2:11:56 PM"}
{"level":"info","message":"SendSmS MSP-919619160-1703148115032-27379-sms480","timestamp":"2:11:56 PM"}
{"level":"info","message":"==============","timestamp":"2:11:56 PM"}
{"level":"info","message":"SendSmS MSP-917666020-1703148115034-27381-sms480","timestamp":"2:11:56 PM"}
{"level":"info","message":"sms_logupdate null { n: 1, nModified: 1, ok: 1 }","timestamp":"2:11:56 PM"}
{"level":"info","message":"sms_logupdate null { n: 1, nModified: 1, ok: 1 }","timestamp":"2:11:56 PM"}
{"level":"info","message":"==============","timestamp":"2:11:56 PM"}
{"level":"info","message":"SendSmS MSP-917208803-1703148115063-27383-sms480","timestamp":"2:11:56 PM"}
{"level":"info","message":"sms_logupdate null { n: 1, nModified: 1, ok: 1 }","timestamp":"2:11:56 PM"}
{"level":"info","message":"==============","timestamp":"2:11:56 PM"}
{"level":"info","message":"SendSmS MSP-919320208-1703148115098-27385-sms480","timestamp":"2:11:56 PM"}
{"level":"info","message":"sms_logupdate null { n: 1, nModified: 1, ok: 1 }","timestamp":"2:11:56 PM"}
{"level":"info","message":"==============","timestamp":"2:34:14 PM"}
{"level":"info","message":"SendSmS MSP-917208803-1703149452945-29553-sms480","timestamp":"2:34:14 PM"}
{"level":"info","message":"==============","timestamp":"2:34:14 PM"}
{"level":"info","message":"SendSmS MSP-917666020-1703149452946-29555-sms480","timestamp":"2:34:14 PM"}
{"level":"info","message":"sms_logupdate null { n: 1, nModified: 1, ok: 1 }","timestamp":"2:34:14 PM"}
{"level":"info","message":"sms_logupdate null { n: 1, nModified: 1, ok: 1 }","timestamp":"2:34:14 PM"}
{"level":"info","message":"==============","timestamp":"2:34:14 PM"}
{"level":"info","message":"SendSmS MSP-919619160-1703149452954-29557-sms480","timestamp":"2:34:14 PM"}
{"level":"info","message":"sms_logupdate null { n: 1, nModified: 1, ok: 1 }","timestamp":"2:34:14 PM"}
{"level":"info","message":"==============","timestamp":"2:34:35 PM"}
{"level":"info","message":"SendSmS MSP-917208803-1703149474405-29593-sms480","timestamp":"2:34:35 PM"}
{"level":"info","message":"sms_logupdate null { n: 1, nModified: 1, ok: 1 }","timestamp":"2:34:35 PM"}
{"level":"info","message":"==============","timestamp":"2:34:35 PM"}
{"level":"info","message":"SendSmS MSP-919619160-1703149474493-29595-sms480","timestamp":"2:34:35 PM"}
{"level":"info","message":"sms_logupdate null { n: 1, nModified: 1, ok: 1 }","timestamp":"2:34:35 PM"}
{"level":"info","message":"==============","timestamp":"2:34:36 PM"}
{"level":"info","message":"SendSmS MSP-917666020-1703149474659-29599-sms480","timestamp":"2:34:36 PM"}
{"level":"info","message":"sms_logupdate null { n: 1, nModified: 1, ok: 1 }","timestamp":"2:34:36 PM"}
{"level":"info","message":"==============","timestamp":"2:35:26 PM"}
{"level":"info","message":"SendSmS MSP-917666020-1703149525122-29669-sms480","timestamp":"2:35:26 PM"}
{"level":"info","message":"==============","timestamp":"2:35:26 PM"}
{"level":"info","message":"SendSmS MSP-919619160-1703149525124-29671-sms480","timestamp":"2:35:26 PM"}
{"level":"info","message":"sms_logupdate null { n: 1, nModified: 1, ok: 1 }","timestamp":"2:35:26 PM"}
{"level":"info","message":"sms_logupdate null { n: 1, nModified: 1, ok: 1 }","timestamp":"2:35:26 PM"}
{"level":"info","message":"==============","timestamp":"2:35:26 PM"}
{"level":"info","message":"SendSmS MSP-917208803-1703149525133-29673-sms480","timestamp":"2:35:26 PM"}
{"level":"info","message":"sms_logupdate null { n: 1, nModified: 1, ok: 1 }","timestamp":"2:35:26 PM"}
{"level":"info","message":"==============","timestamp":"2:36:15 PM"}
{"level":"info","message":"SendSmS MSP-919320208-1703149573991-29777-sms480","timestamp":"2:36:15 PM"}
{"level":"info","message":"sms_logupdate null { n: 1, nModified: 1, ok: 1 }","timestamp":"2:36:15 PM"}
{"level":"info","message":"==============","timestamp":"2:36:15 PM"}
{"level":"info","message":"SendSmS MSP-917208803-1703149574043-29779-sms480","timestamp":"2:36:15 PM"}
{"level":"info","message":"==============","timestamp":"2:36:15 PM"}
{"level":"info","message":"SendSmS MSP-917666020-1703149574045-29781-sms480","timestamp":"2:36:15 PM"}
{"level":"info","message":"sms_logupdate null { n: 1, nModified: 1, ok: 1 }","timestamp":"2:36:15 PM"}
{"level":"info","message":"==============","timestamp":"2:36:15 PM"}
{"level":"info","message":"SendSmS MSP-919619160-1703149574051-29783-sms480","timestamp":"2:36:15 PM"}
{"level":"info","message":"sms_logupdate null { n: 1, nModified: 1, ok: 1 }","timestamp":"2:36:15 PM"}
{"level":"info","message":"sms_logupdate null { n: 1, nModified: 1, ok: 1 }","timestamp":"2:36:15 PM"}
{"level":"info","message":"==============","timestamp":"2:37:41 PM"}
{"level":"info","message":"SendSmS MSP-919619160-1703149660185-29913-sms480","timestamp":"2:37:41 PM"}
{"level":"info","message":"sms_logupdate null { n: 1, nModified: 1, ok: 1 }","timestamp":"2:37:41 PM"}
{"level":"info","message":"==============","timestamp":"2:37:41 PM"}
{"level":"info","message":"SendSmS MSP-917208803-1703149660188-29915-sms480","timestamp":"2:37:41 PM"}
{"level":"info","message":"sms_logupdate null { n: 1, nModified: 1, ok: 1 }","timestamp":"2:37:41 PM"}
{"level":"info","message":"==============","timestamp":"2:37:41 PM"}
{"level":"info","message":"SendSmS MSP-917666020-1703149660200-29917-sms480","timestamp":"2:37:41 PM"}
{"level":"info","message":"sms_logupdate null { n: 1, nModified: 1, ok: 1 }","timestamp":"2:37:41 PM"}
{"level":"info","message":"$$$$$$$$$$$$$$$$$$$$$$$$","timestamp":"2:52:59 PM"}
{"meta":"","level":"info","message":"","timestamp":"2:52:59 PM"}
{"level":"info","message":"Development Environment is Listening on port 3000","timestamp":"2:52:59 PM"}
{"level":"info","message":"Web URL : http://localhost:3000","timestamp":"2:52:59 PM"}
{"meta":"","level":"info","message":"","timestamp":"2:52:59 PM"}
{"level":"info","message":"$$$$$$$$$$$$$$$$$$$$$$$$","timestamp":"2:52:59 PM"}
{"meta":"","level":"info","message":"","timestamp":"2:52:59 PM"}
{"level":"info","message":"==============","timestamp":"2:55:45 PM"}
{"level":"info","message":"SendSmS MSP-917208803-1703150744080-57025-sms480","timestamp":"2:55:45 PM"}
{"level":"info","message":"==============","timestamp":"2:55:45 PM"}
{"level":"info","message":"SendSmS MSP-919619160-1703150744105-57029-sms480","timestamp":"2:55:45 PM"}
{"level":"info","message":"==============","timestamp":"2:55:45 PM"}
{"level":"info","message":"SendSmS MSP-917666020-1703150744100-57027-sms480","timestamp":"2:55:45 PM"}
{"level":"info","message":"sms_logupdate null { n: 1, nModified: 1, ok: 1 }","timestamp":"2:55:45 PM"}
{"level":"info","message":"sms_logupdate null { n: 1, nModified: 1, ok: 1 }","timestamp":"2:55:45 PM"}
{"level":"info","message":"sms_logupdate null { n: 1, nModified: 1, ok: 1 }","timestamp":"2:55:45 PM"}
{"level":"info","message":"==============","timestamp":"2:56:32 PM"}
{"level":"info","message":"SendSmS MSP-919320208-1703150791562-57157-sms480","timestamp":"2:56:32 PM"}
{"level":"info","message":"sms_logupdate null { n: 1, nModified: 1, ok: 1 }","timestamp":"2:56:32 PM"}
{"level":"info","message":"==============","timestamp":"2:56:32 PM"}
{"level":"info","message":"SendSmS MSP-917666020-1703150791592-57159-sms480","timestamp":"2:56:32 PM"}
{"level":"info","message":"sms_logupdate null { n: 1, nModified: 1, ok: 1 }","timestamp":"2:56:32 PM"}
{"level":"info","message":"==============","timestamp":"2:56:32 PM"}
{"level":"info","message":"SendSmS MSP-919619160-1703150791602-57161-sms480","timestamp":"2:56:32 PM"}
{"level":"info","message":"sms_logupdate null { n: 1, nModified: 1, ok: 1 }","timestamp":"2:56:32 PM"}
{"level":"info","message":"==============","timestamp":"2:56:32 PM"}
{"level":"info","message":"SendSmS MSP-917208803-1703150791602-57163-sms480","timestamp":"2:56:32 PM"}
{"level":"info","message":"sms_logupdate null { n: 1, nModified: 1, ok: 1 }","timestamp":"2:56:32 PM"}
{"level":"info","message":"==============","timestamp":"3:38:27 PM"}
{"level":"info","message":"SendSmS MSP-917208803-1703153305899-66091-sms480","timestamp":"3:38:27 PM"}
{"level":"info","message":"==============","timestamp":"3:38:27 PM"}
{"level":"info","message":"SendSmS MSP-919619160-1703153305900-66093-sms480","timestamp":"3:38:27 PM"}
{"level":"info","message":"sms_logupdate null { n: 1, nModified: 1, ok: 1 }","timestamp":"3:38:27 PM"}
{"level":"info","message":"sms_logupdate null { n: 1, nModified: 1, ok: 1 }","timestamp":"3:38:27 PM"}
{"level":"info","message":"==============","timestamp":"3:38:27 PM"}
{"level":"info","message":"SendSmS MSP-917666020-1703153305903-66095-sms480","timestamp":"3:38:27 PM"}
{"level":"info","message":"sms_logupdate null { n: 1, nModified: 1, ok: 1 }","timestamp":"3:38:27 PM"}
{"level":"info","message":"==============","timestamp":"3:56:04 PM"}
{"level":"info","message":"SendSmS MSP-919619160-1703154363574-68881-sms480","timestamp":"3:56:04 PM"}
{"level":"info","message":"==============","timestamp":"3:56:04 PM"}
{"level":"info","message":"SendSmS MSP-917666020-1703154363574-68879-sms480","timestamp":"3:56:04 PM"}
{"level":"info","message":"==============","timestamp":"3:56:04 PM"}
{"level":"info","message":"SendSmS MSP-917208803-1703154363579-68883-sms480","timestamp":"3:56:04 PM"}
{"level":"info","message":"sms_logupdate null { n: 1, nModified: 1, ok: 1 }","timestamp":"3:56:04 PM"}
{"level":"info","message":"sms_logupdate null { n: 1, nModified: 1, ok: 1 }","timestamp":"3:56:04 PM"}
{"level":"info","message":"sms_logupdate null { n: 1, nModified: 1, ok: 1 }","timestamp":"3:56:05 PM"}
