{"level":"info","message":"$$$$$$$$$$$$$$$$$$$$$$$$","timestamp":"11:48:36 AM"}
{"meta":"","level":"info","message":"","timestamp":"11:48:36 AM"}
{"level":"info","message":"Development Environment is Listening on port 3000","timestamp":"11:48:36 AM"}
{"level":"info","message":"Web URL : http://localhost:3000","timestamp":"11:48:36 AM"}
{"meta":"","level":"info","message":"","timestamp":"11:48:36 AM"}
{"level":"info","message":"$$$$$$$$$$$$$$$$$$$$$$$$","timestamp":"11:48:36 AM"}
{"meta":"","level":"info","message":"","timestamp":"11:48:36 AM"}
{"level":"info","message":"DateRange from 2023-12-06T18:30:00.000Z to 2023-12-07T18:30:00.000Z","timestamp":"11:49:16 AM"}
{"level":"info","message":"DateRange from 2023-12-06T18:30:00.000Z to 2023-12-07T18:30:00.000Z","timestamp":"11:50:24 AM"}
{"level":"info","message":"DateRange from 2023-12-06T18:30:00.000Z to 2023-12-07T18:30:00.000Z","timestamp":"11:53:07 AM"}
{"level":"info","message":"DateRange from 2023-12-06T18:30:00.000Z to 2023-12-07T18:30:00.000Z","timestamp":"11:54:23 AM"}
{"level":"info","message":"DateRange from 2023-12-06T18:30:00.000Z to 2023-12-07T18:30:00.000Z","timestamp":"12:03:12 PM"}
{"level":"info","message":"DateRange from 2023-12-06T18:30:00.000Z to 2023-12-07T18:30:00.000Z","timestamp":"12:03:33 PM"}
{"level":"info","message":"DateRange from 2023-12-06T18:30:00.000Z to 2023-12-07T18:30:00.000Z","timestamp":"12:04:53 PM"}
{"level":"info","message":"DateRange from 2023-12-06T18:30:00.000Z to 2023-12-07T18:30:00.000Z","timestamp":"12:06:03 PM"}
{"level":"info","message":"DateRange from 2023-12-06T18:30:00.000Z to 2023-12-07T18:30:00.000Z","timestamp":"12:07:26 PM"}
{"level":"info","message":"$$$$$$$$$$$$$$$$$$$$$$$$","timestamp":"12:10:55 PM"}
{"meta":"","level":"info","message":"","timestamp":"12:10:55 PM"}
{"level":"info","message":"Development Environment is Listening on port 3000","timestamp":"12:10:55 PM"}
{"level":"info","message":"Web URL : http://localhost:3000","timestamp":"12:10:55 PM"}
{"meta":"","level":"info","message":"","timestamp":"12:10:55 PM"}
{"level":"info","message":"$$$$$$$$$$$$$$$$$$$$$$$$","timestamp":"12:10:55 PM"}
{"meta":"","level":"info","message":"","timestamp":"12:10:55 PM"}
{"level":"info","message":"DateRange from 2023-12-06T18:30:00.000Z to 2023-12-07T18:30:00.000Z","timestamp":"12:11:19 PM"}
{"level":"info","message":"$$$$$$$$$$$$$$$$$$$$$$$$","timestamp":"12:12:13 PM"}
{"meta":"","level":"info","message":"","timestamp":"12:12:13 PM"}
{"level":"info","message":"Development Environment is Listening on port 3000","timestamp":"12:12:13 PM"}
{"level":"info","message":"Web URL : http://localhost:3000","timestamp":"12:12:13 PM"}
{"meta":"","level":"info","message":"","timestamp":"12:12:13 PM"}
{"level":"info","message":"$$$$$$$$$$$$$$$$$$$$$$$$","timestamp":"12:12:13 PM"}
{"meta":"","level":"info","message":"","timestamp":"12:12:13 PM"}
{"level":"info","message":"DateRange from 2023-12-06T18:30:00.000Z to 2023-12-07T18:30:00.000Z","timestamp":"12:12:35 PM"}
{"level":"info","message":"DateRange from 2023-12-06T18:30:00.000Z to 2023-12-07T18:30:00.000Z","timestamp":"12:12:50 PM"}
{"level":"info","message":"DateRange from 2023-12-06T18:30:00.000Z to 2023-12-07T18:30:00.000Z","timestamp":"12:15:27 PM"}
{"level":"info","message":"DateRange from 2023-12-06T18:30:00.000Z to 2023-12-07T18:30:00.000Z","timestamp":"12:15:33 PM"}
{"level":"info","message":"DateRange from 2023-12-06T18:30:00.000Z to 2023-12-07T18:30:00.000Z","timestamp":"12:21:30 PM"}
{"level":"info","message":"DateRange from 2023-12-06T18:30:00.000Z to 2023-12-07T18:30:00.000Z","timestamp":"12:22:14 PM"}
{"level":"info","message":"DateRange from 2023-09-30T18:30:00.000Z to 2023-10-31T18:30:00.000Z","timestamp":"12:29:35 PM"}
{"level":"info","message":"DateRange from 2023-09-30T18:30:00.000Z to 2023-10-31T18:30:00.000Z","timestamp":"12:30:14 PM"}
{"level":"info","message":"DateRange from 2023-09-30T18:30:00.000Z to 2023-10-31T18:30:00.000Z","timestamp":"12:30:52 PM"}
{"level":"info","message":"$$$$$$$$$$$$$$$$$$$$$$$$","timestamp":"12:32:12 PM"}
{"meta":"","level":"info","message":"","timestamp":"12:32:12 PM"}
{"level":"info","message":"Development Environment is Listening on port 3000","timestamp":"12:32:12 PM"}
{"level":"info","message":"Web URL : http://localhost:3000","timestamp":"12:32:12 PM"}
{"meta":"","level":"info","message":"","timestamp":"12:32:12 PM"}
{"level":"info","message":"$$$$$$$$$$$$$$$$$$$$$$$$","timestamp":"12:32:12 PM"}
{"meta":"","level":"info","message":"","timestamp":"12:32:12 PM"}
{"level":"info","message":"DateRange from 2023-09-30T18:30:00.000Z to 2023-10-31T18:30:00.000Z","timestamp":"12:32:35 PM"}
{"level":"info","message":"DateRange from 2023-09-30T18:30:00.000Z to 2023-10-31T18:30:00.000Z","timestamp":"12:35:50 PM"}
{"level":"info","message":"$$$$$$$$$$$$$$$$$$$$$$$$","timestamp":"12:37:39 PM"}
{"meta":"","level":"info","message":"","timestamp":"12:37:39 PM"}
{"level":"info","message":"Development Environment is Listening on port 3000","timestamp":"12:37:39 PM"}
{"level":"info","message":"Web URL : http://localhost:3000","timestamp":"12:37:39 PM"}
{"meta":"","level":"info","message":"","timestamp":"12:37:39 PM"}
{"level":"info","message":"$$$$$$$$$$$$$$$$$$$$$$$$","timestamp":"12:37:39 PM"}
{"meta":"","level":"info","message":"","timestamp":"12:37:39 PM"}
{"level":"info","message":"DateRange from 2023-09-30T18:30:00.000Z to 2023-10-31T18:30:00.000Z","timestamp":"12:38:08 PM"}
{"level":"info","message":"DateRange from 2023-09-30T18:30:00.000Z to 2023-10-31T18:30:00.000Z","timestamp":"12:39:04 PM"}
{"level":"info","message":"DateRange from 2023-09-30T18:30:00.000Z to 2023-10-31T18:30:00.000Z","timestamp":"12:39:38 PM"}
{"level":"info","message":"DateRange from 2023-12-06T18:30:00.000Z to 2023-12-07T18:30:00.000Z","timestamp":"3:00:42 PM"}
{"level":"info","message":"DateRange from 2023-12-06T18:30:00.000Z to 2023-12-07T18:30:00.000Z","timestamp":"3:01:20 PM"}
{"level":"info","message":"{ Status: 'Publish' }","timestamp":"3:46:16 PM"}
