{"level":"info","message":"$$$$$$$$$$$$$$$$$$$$$$$$","timestamp":"10:48:25 AM"}
{"meta":"","level":"info","message":"","timestamp":"10:48:25 AM"}
{"level":"info","message":"Development Environment is Listening on port 3000","timestamp":"10:48:25 AM"}
{"level":"info","message":"Web URL : http://localhost:3000","timestamp":"10:48:25 AM"}
{"meta":"","level":"info","message":"","timestamp":"10:48:25 AM"}
{"level":"info","message":"$$$$$$$$$$$$$$$$$$$$$$$$","timestamp":"10:48:25 AM"}
{"meta":"","level":"info","message":"","timestamp":"10:48:25 AM"}
{"level":"info","message":"$$$$$$$$$$$$$$$$$$$$$$$$","timestamp":"11:25:15 AM"}
{"meta":"","level":"info","message":"","timestamp":"11:25:15 AM"}
{"level":"info","message":"Development Environment is Listening on port 3000","timestamp":"11:25:15 AM"}
{"level":"info","message":"Web URL : http://localhost:3000","timestamp":"11:25:15 AM"}
{"meta":"","level":"info","message":"","timestamp":"11:25:15 AM"}
{"level":"info","message":"$$$$$$$$$$$$$$$$$$$$$$$$","timestamp":"11:25:15 AM"}
{"meta":"","level":"info","message":"","timestamp":"11:25:15 AM"}
{"level":"info","message":"2023-12-03T18:30:00.000Z 2023-12-04T18:30:00.000Z","timestamp":"11:26:06 AM"}
{"level":"info","message":"{ Status: 'Publish' }","timestamp":"11:27:56 AM"}
{"level":"info","message":"{ Status: 'Publish' }","timestamp":"11:43:40 AM"}
{"level":"info","message":"{ Status: 'Publish' }","timestamp":"11:44:21 AM"}
{"level":"info","message":"{ Status: 'Publish' }","timestamp":"11:45:01 AM"}
{"level":"info","message":"{ Status: 'Publish' }","timestamp":"11:47:20 AM"}
{"level":"info","message":"$$$$$$$$$$$$$$$$$$$$$$$$","timestamp":"11:54:49 AM"}
{"meta":"","level":"info","message":"","timestamp":"11:54:49 AM"}
{"level":"info","message":"Development Environment is Listening on port 3000","timestamp":"11:54:49 AM"}
{"level":"info","message":"Web URL : http://localhost:3000","timestamp":"11:54:49 AM"}
{"meta":"","level":"info","message":"","timestamp":"11:54:49 AM"}
{"level":"info","message":"$$$$$$$$$$$$$$$$$$$$$$$$","timestamp":"11:54:49 AM"}
{"meta":"","level":"info","message":"","timestamp":"11:54:49 AM"}
{"level":"info","message":"{ Status: 'Publish' }","timestamp":"11:55:06 AM"}
{"level":"info","message":"$$$$$$$$$$$$$$$$$$$$$$$$","timestamp":"12:35:20 PM"}
{"meta":"","level":"info","message":"","timestamp":"12:35:20 PM"}
{"level":"info","message":"Development Environment is Listening on port 3000","timestamp":"12:35:20 PM"}
{"level":"info","message":"Web URL : http://localhost:3000","timestamp":"12:35:20 PM"}
{"meta":"","level":"info","message":"","timestamp":"12:35:20 PM"}
{"level":"info","message":"$$$$$$$$$$$$$$$$$$$$$$$$","timestamp":"12:35:20 PM"}
{"meta":"","level":"info","message":"","timestamp":"12:35:20 PM"}
{"level":"info","message":"$$$$$$$$$$$$$$$$$$$$$$$$","timestamp":"12:36:38 PM"}
{"meta":"","level":"info","message":"","timestamp":"12:36:38 PM"}
{"level":"info","message":"Development Environment is Listening on port 3000","timestamp":"12:36:38 PM"}
{"level":"info","message":"Web URL : http://localhost:3000","timestamp":"12:36:38 PM"}
{"meta":"","level":"info","message":"","timestamp":"12:36:38 PM"}
{"level":"info","message":"$$$$$$$$$$$$$$$$$$$$$$$$","timestamp":"12:36:38 PM"}
{"meta":"","level":"info","message":"","timestamp":"12:36:38 PM"}
{"level":"info","message":"null null","timestamp":"12:36:41 PM"}
{"level":"info","message":"$$$$$$$$$$$$$$$$$$$$$$$$","timestamp":"12:40:21 PM"}
{"meta":"","level":"info","message":"","timestamp":"12:40:21 PM"}
{"level":"info","message":"Development Environment is Listening on port 3000","timestamp":"12:40:21 PM"}
{"level":"info","message":"Web URL : http://localhost:3000","timestamp":"12:40:21 PM"}
{"meta":"","level":"info","message":"","timestamp":"12:40:21 PM"}
{"level":"info","message":"$$$$$$$$$$$$$$$$$$$$$$$$","timestamp":"12:40:21 PM"}
{"meta":"","level":"info","message":"","timestamp":"12:40:21 PM"}
{"level":"info","message":"$$$$$$$$$$$$$$$$$$$$$$$$","timestamp":"12:40:33 PM"}
{"meta":"","level":"info","message":"","timestamp":"12:40:33 PM"}
{"level":"info","message":"Development Environment is Listening on port 3000","timestamp":"12:40:33 PM"}
{"level":"info","message":"Web URL : http://localhost:3000","timestamp":"12:40:33 PM"}
{"meta":"","level":"info","message":"","timestamp":"12:40:33 PM"}
{"level":"info","message":"$$$$$$$$$$$$$$$$$$$$$$$$","timestamp":"12:40:33 PM"}
{"meta":"","level":"info","message":"","timestamp":"12:40:33 PM"}
{"level":"info","message":"db_data null","timestamp":"12:40:44 PM"}
{"level":"info","message":"$$$$$$$$$$$$$$$$$$$$$$$$","timestamp":"12:41:55 PM"}
{"meta":"","level":"info","message":"","timestamp":"12:41:55 PM"}
{"level":"info","message":"Development Environment is Listening on port 3000","timestamp":"12:41:55 PM"}
{"level":"info","message":"Web URL : http://localhost:3000","timestamp":"12:41:55 PM"}
{"meta":"","level":"info","message":"","timestamp":"12:41:55 PM"}
{"level":"info","message":"$$$$$$$$$$$$$$$$$$$$$$$$","timestamp":"12:41:55 PM"}
{"meta":"","level":"info","message":"","timestamp":"12:41:55 PM"}
{"level":"info","message":"db_data { _id: 6569a2e3c3628780c409dee0,\n  ss_id: 8067,\n  fba_id: 56265,\n  Created_On: 2023-12-01T09:09:55.312Z,\n  Modified_On: 2023-12-01T09:09:55.312Z,\n  Created_By: 8067,\n  Is_Active: 1,\n  Is_Preview: 1,\n  Version: 1122023143955,\n  Title: 'Bike',\n  URL: 'http://localhost:7000/content_management_bike',\n  Content: 'F:\\\\HorizonAPI\\\\SourceCode/tmp/tds_cert/archive/ZipFile_2023-12-01_121833/AFS_blog-detail.html',\n  Keywords: 'Bikee',\n  Description: 'Bike...',\n  Ui_Version: 'UI22',\n  Type: 'BLOG',\n  Category: 'two-wheeler',\n  Author: '',\n  Source: '',\n  Image: 'https://origin-cdnh.policyboss.com/website/UI22/images/blog_images/test.png',\n  Blog_Date: '',\n  Status: 'Publish',\n  Content_Id: 559 }","timestamp":"12:42:01 PM"}
{"level":"info","message":"$$$$$$$$$$$$$$$$$$$$$$$$","timestamp":"3:45:21 PM"}
{"meta":"","level":"info","message":"","timestamp":"3:45:21 PM"}
{"level":"info","message":"Development Environment is Listening on port 3000","timestamp":"3:45:21 PM"}
{"level":"info","message":"Web URL : http://localhost:3000","timestamp":"3:45:21 PM"}
{"meta":"","level":"info","message":"","timestamp":"3:45:21 PM"}
{"level":"info","message":"$$$$$$$$$$$$$$$$$$$$$$$$","timestamp":"3:45:21 PM"}
{"meta":"","level":"info","message":"","timestamp":"3:45:21 PM"}
{"level":"info","message":"{ content_id: 45 }","timestamp":"3:46:04 PM"}
{"level":"info","message":"{ search_data: { content_id: 45 },\n  updated_data: { Keywords: 'Bike car', Description: 'Bike car...' } }","timestamp":"3:57:15 PM"}
{"level":"info","message":"{ search_data: { content_id: 45 },\n  updated_data: { Keywords: 'Bike car', Description: 'Bike car...' } }","timestamp":"3:58:15 PM"}
{"level":"info","message":"$$$$$$$$$$$$$$$$$$$$$$$$","timestamp":"3:58:36 PM"}
{"meta":"","level":"info","message":"","timestamp":"3:58:36 PM"}
{"level":"info","message":"Development Environment is Listening on port 3000","timestamp":"3:58:36 PM"}
{"level":"info","message":"Web URL : http://localhost:3000","timestamp":"3:58:36 PM"}
{"meta":"","level":"info","message":"","timestamp":"3:58:36 PM"}
{"level":"info","message":"$$$$$$$$$$$$$$$$$$$$$$$$","timestamp":"3:58:36 PM"}
{"meta":"","level":"info","message":"","timestamp":"3:58:36 PM"}
{"level":"info","message":"$$$$$$$$$$$$$$$$$$$$$$$$","timestamp":"3:59:42 PM"}
{"meta":"","level":"info","message":"","timestamp":"3:59:42 PM"}
{"level":"info","message":"Development Environment is Listening on port 3000","timestamp":"3:59:42 PM"}
{"level":"info","message":"Web URL : http://localhost:3000","timestamp":"3:59:42 PM"}
{"meta":"","level":"info","message":"","timestamp":"3:59:42 PM"}
{"level":"info","message":"$$$$$$$$$$$$$$$$$$$$$$$$","timestamp":"3:59:42 PM"}
{"meta":"","level":"info","message":"","timestamp":"3:59:42 PM"}
{"level":"info","message":"$$$$$$$$$$$$$$$$$$$$$$$$","timestamp":"4:00:11 PM"}
{"meta":"","level":"info","message":"","timestamp":"4:00:11 PM"}
{"level":"info","message":"Development Environment is Listening on port 3000","timestamp":"4:00:11 PM"}
{"level":"info","message":"Web URL : http://localhost:3000","timestamp":"4:00:11 PM"}
{"meta":"","level":"info","message":"","timestamp":"4:00:11 PM"}
{"level":"info","message":"$$$$$$$$$$$$$$$$$$$$$$$$","timestamp":"4:00:11 PM"}
{"meta":"","level":"info","message":"","timestamp":"4:00:11 PM"}
{"level":"info","message":"updated_data","timestamp":"4:00:14 PM"}
{"level":"info","message":"$$$$$$$$$$$$$$$$$$$$$$$$","timestamp":"4:00:36 PM"}
{"meta":"","level":"info","message":"","timestamp":"4:00:36 PM"}
{"level":"info","message":"Development Environment is Listening on port 3000","timestamp":"4:00:36 PM"}
{"level":"info","message":"Web URL : http://localhost:3000","timestamp":"4:00:36 PM"}
{"meta":"","level":"info","message":"","timestamp":"4:00:36 PM"}
{"level":"info","message":"$$$$$$$$$$$$$$$$$$$$$$$$","timestamp":"4:00:36 PM"}
{"meta":"","level":"info","message":"","timestamp":"4:00:36 PM"}
{"level":"info","message":"{ Keywords: 'Bike car', Description: 'Bike car...' }","timestamp":"4:00:39 PM"}
{"level":"info","message":"$$$$$$$$$$$$$$$$$$$$$$$$","timestamp":"4:02:11 PM"}
{"meta":"","level":"info","message":"","timestamp":"4:02:11 PM"}
{"level":"info","message":"Development Environment is Listening on port 3000","timestamp":"4:02:11 PM"}
{"level":"info","message":"Web URL : http://localhost:3000","timestamp":"4:02:11 PM"}
{"meta":"","level":"info","message":"","timestamp":"4:02:11 PM"}
{"level":"info","message":"$$$$$$$$$$$$$$$$$$$$$$$$","timestamp":"4:02:11 PM"}
{"meta":"","level":"info","message":"","timestamp":"4:02:11 PM"}
{"level":"info","message":"{ content_id: 45 }","timestamp":"4:02:15 PM"}
{"level":"info","message":"$$$$$$$$$$$$$$$$$$$$$$$$","timestamp":"4:04:05 PM"}
{"meta":"","level":"info","message":"","timestamp":"4:04:05 PM"}
{"level":"info","message":"Development Environment is Listening on port 3000","timestamp":"4:04:05 PM"}
{"level":"info","message":"Web URL : http://localhost:3000","timestamp":"4:04:05 PM"}
{"meta":"","level":"info","message":"","timestamp":"4:04:05 PM"}
{"level":"info","message":"$$$$$$$$$$$$$$$$$$$$$$$$","timestamp":"4:04:05 PM"}
{"meta":"","level":"info","message":"","timestamp":"4:04:05 PM"}
{"level":"info","message":"$$$$$$$$$$$$$$$$$$$$$$$$","timestamp":"4:05:16 PM"}
{"meta":"","level":"info","message":"","timestamp":"4:05:16 PM"}
{"level":"info","message":"Development Environment is Listening on port 3000","timestamp":"4:05:16 PM"}
{"level":"info","message":"Web URL : http://localhost:3000","timestamp":"4:05:16 PM"}
{"meta":"","level":"info","message":"","timestamp":"4:05:16 PM"}
{"level":"info","message":"$$$$$$$$$$$$$$$$$$$$$$$$","timestamp":"4:05:16 PM"}
{"meta":"","level":"info","message":"","timestamp":"4:05:16 PM"}
{"level":"info","message":"$$$$$$$$$$$$$$$$$$$$$$$$","timestamp":"4:06:42 PM"}
{"meta":"","level":"info","message":"","timestamp":"4:06:42 PM"}
{"level":"info","message":"Development Environment is Listening on port 3000","timestamp":"4:06:42 PM"}
{"level":"info","message":"Web URL : http://localhost:3000","timestamp":"4:06:42 PM"}
{"meta":"","level":"info","message":"","timestamp":"4:06:42 PM"}
{"level":"info","message":"$$$$$$$$$$$$$$$$$$$$$$$$","timestamp":"4:06:42 PM"}
{"meta":"","level":"info","message":"","timestamp":"4:06:42 PM"}
{"level":"info","message":"$$$$$$$$$$$$$$$$$$$$$$$$","timestamp":"4:07:40 PM"}
{"meta":"","level":"info","message":"","timestamp":"4:07:40 PM"}
{"level":"info","message":"Development Environment is Listening on port 3000","timestamp":"4:07:40 PM"}
{"level":"info","message":"Web URL : http://localhost:3000","timestamp":"4:07:40 PM"}
{"meta":"","level":"info","message":"","timestamp":"4:07:40 PM"}
{"level":"info","message":"$$$$$$$$$$$$$$$$$$$$$$$$","timestamp":"4:07:40 PM"}
{"meta":"","level":"info","message":"","timestamp":"4:07:40 PM"}
{"level":"info","message":"{ content_id: 562 }","timestamp":"4:07:44 PM"}
{"level":"info","message":"{ Keywords: 'car car', Description: 'car car...' }","timestamp":"4:07:44 PM"}
{"level":"info","message":"$$$$$$$$$$$$$$$$$$$$$$$$","timestamp":"4:45:09 PM"}
{"meta":"","level":"info","message":"","timestamp":"4:45:09 PM"}
{"level":"info","message":"Development Environment is Listening on port 3000","timestamp":"4:45:09 PM"}
{"level":"info","message":"Web URL : http://localhost:3000","timestamp":"4:45:09 PM"}
{"meta":"","level":"info","message":"","timestamp":"4:45:09 PM"}
{"level":"info","message":"$$$$$$$$$$$$$$$$$$$$$$$$","timestamp":"4:45:09 PM"}
{"meta":"","level":"info","message":"","timestamp":"4:45:09 PM"}
{"level":"info","message":"{ Content_id: 562 }","timestamp":"4:45:14 PM"}
{"level":"info","message":"{ Keywords: 'car car', Description: 'car car...' }","timestamp":"4:45:14 PM"}
{"level":"info","message":"{ Content_Id: 562 }","timestamp":"4:45:36 PM"}
{"level":"info","message":"{ Keywords: 'car car', Description: 'car car...' }","timestamp":"4:45:36 PM"}
{"level":"info","message":"$$$$$$$$$$$$$$$$$$$$$$$$","timestamp":"5:05:47 PM"}
{"meta":"","level":"info","message":"","timestamp":"5:05:47 PM"}
{"level":"info","message":"Development Environment is Listening on port 3000","timestamp":"5:05:47 PM"}
{"level":"info","message":"Web URL : http://localhost:3000","timestamp":"5:05:47 PM"}
{"meta":"","level":"info","message":"","timestamp":"5:05:47 PM"}
{"level":"info","message":"$$$$$$$$$$$$$$$$$$$$$$$$","timestamp":"5:05:47 PM"}
{"meta":"","level":"info","message":"","timestamp":"5:05:47 PM"}
{"level":"info","message":"{ Content_Id: 562 }","timestamp":"5:05:59 PM"}
{"level":"info","message":"{ Keywords: 'car car', Description: 'car car...' }","timestamp":"5:05:59 PM"}
{"level":"info","message":"search_data { Content_Id: 562 }","timestamp":"5:05:59 PM"}
{"level":"info","message":"$$$$$$$$$$$$$$$$$$$$$$$$","timestamp":"5:09:59 PM"}
{"meta":"","level":"info","message":"","timestamp":"5:09:59 PM"}
{"level":"info","message":"Development Environment is Listening on port 3000","timestamp":"5:09:59 PM"}
{"level":"info","message":"Web URL : http://localhost:3000","timestamp":"5:09:59 PM"}
{"meta":"","level":"info","message":"","timestamp":"5:09:59 PM"}
{"level":"info","message":"$$$$$$$$$$$$$$$$$$$$$$$$","timestamp":"5:09:59 PM"}
{"meta":"","level":"info","message":"","timestamp":"5:09:59 PM"}
{"level":"info","message":"{ ontent_Id: 562 }","timestamp":"5:10:06 PM"}
{"level":"info","message":"{ Keywords: 'car car', Description: 'car car...' }","timestamp":"5:10:06 PM"}
{"level":"info","message":"search_data { ontent_Id: 562 }","timestamp":"5:10:06 PM"}
{"level":"info","message":"{ content_Id: 562 }","timestamp":"5:10:12 PM"}
{"level":"info","message":"{ Keywords: 'car car', Description: 'car car...' }","timestamp":"5:10:12 PM"}
{"level":"info","message":"search_data { content_Id: 562 }","timestamp":"5:10:12 PM"}
{"level":"info","message":"{ Content_Id: 562 }","timestamp":"5:10:27 PM"}
{"level":"info","message":"{ Keywords: 'car car', Description: 'car car...' }","timestamp":"5:10:27 PM"}
{"level":"info","message":"search_data { Content_Id: 562 }","timestamp":"5:10:27 PM"}
{"level":"info","message":"{ Content_Id: 562 }","timestamp":"5:10:30 PM"}
{"level":"info","message":"{ Keywords: 'car car', Description: 'car car...' }","timestamp":"5:10:30 PM"}
{"level":"info","message":"search_data { Content_Id: 562 }","timestamp":"5:10:30 PM"}
{"level":"info","message":"$$$$$$$$$$$$$$$$$$$$$$$$","timestamp":"5:11:35 PM"}
{"meta":"","level":"info","message":"","timestamp":"5:11:35 PM"}
{"level":"info","message":"Development Environment is Listening on port 3000","timestamp":"5:11:35 PM"}
{"level":"info","message":"Web URL : http://localhost:3000","timestamp":"5:11:35 PM"}
{"meta":"","level":"info","message":"","timestamp":"5:11:35 PM"}
{"level":"info","message":"$$$$$$$$$$$$$$$$$$$$$$$$","timestamp":"5:11:35 PM"}
{"meta":"","level":"info","message":"","timestamp":"5:11:35 PM"}
{"level":"info","message":"{ Content_Id: 562 }","timestamp":"5:11:40 PM"}
{"level":"info","message":"{ Keywords: 'car car', Description: 'car car...' }","timestamp":"5:11:40 PM"}
{"level":"info","message":"search_data { Content_Id: 562 }","timestamp":"5:11:40 PM"}
{"level":"info","message":"{ Status: 'Publish' }","timestamp":"5:33:18 PM"}
