{"level":"info","message":"$$$$$$$$$$$$$$$$$$$$$$$$","timestamp":"9:19:44 AM"}
{"meta":"","level":"info","message":"","timestamp":"9:19:44 AM"}
{"level":"info","message":"Development Environment is Listening on port 3000","timestamp":"9:19:44 AM"}
{"level":"info","message":"Web URL : http://localhost:3000","timestamp":"9:19:44 AM"}
{"meta":"","level":"info","message":"","timestamp":"9:19:44 AM"}
{"level":"info","message":"$$$$$$$$$$$$$$$$$$$$$$$$","timestamp":"9:19:44 AM"}
{"meta":"","level":"info","message":"","timestamp":"9:19:44 AM"}
{"level":"info","message":"Start premium_list_db { search_reference_number: 'SRN-2GMNPHX4-KJNF-ZIN8-EITK-VKTIYMJKET9P_287812',\n  client_key: 'CLIENT-CNTP6NYE-CU9N-DUZW-CSPI-SH1IS4DOVHB9',\n  secret_key: 'SECRET-HZ07QRWY-JIBT-XRMQ-ZP95-J0RWP3DYRACW' }","timestamp":"9:30:15 AM"}
{"level":"info","message":"Waiting premium_list_db","timestamp":"9:30:15 AM"}
{"level":"info","message":"Finish premium_list_db","timestamp":"9:30:15 AM"}
{"level":"info","message":"Base premium_list Start","timestamp":"9:30:24 AM"}
{"level":"info","message":"Base premium_list Finish","timestamp":"9:30:24 AM"}
{"level":"info","message":"Start premium_list_db_handler","timestamp":"9:30:24 AM"}
{"level":"info","message":"Start premium_list_db_handler","timestamp":"9:30:24 AM"}
{"level":"info","message":"Start premium_list_db_handler","timestamp":"9:30:24 AM"}
{"level":"info","message":"Start premium_list_db_handler_version_2","timestamp":"9:30:24 AM"}
{"level":"info","message":"Finish premium_list_db_handler_version_2 {\"Summary\":{\"_id\":\"6443c15cdc3eff147436fc6a\",\"Request_Id\":445746,\"Request_Unique_Id\":\"SRN-2GMNPHX4-KJNF-ZIN8-EITK-VKTIYMJKET9P\",\"Client_Id\":2,\"PB_CRN\":1074231,\"Request_Core\":{\"city_id\":677,\"client_name\":\"PolicyBoss\",\"client_id\":2,\"client_key\":\"CLIENT-CNTP6NYE-CU9N-DUZW-CSPI-SH1IS4DOVHB9\",\"secret_key\":\"SECRET-HZ07QRWY-JIBT-XRMQ-ZP95-J0RWP3DYRACW\",\"ss_id\":0,\"fba_id\":0,\"sub_fba_id\":0,\"agent_source\":\"0\",\"crn\":1074231,\"member_count\":1,\"adult_count\":1,\"child_count\":0,\"member_6_relation\":\"\",\"member_6_birth_date\":\"\",\"member_6_gender\":\"\",\"member_5_relation\":\"\",\"member_5_birth_date\":\"\",\"member_5_gender\":\"\",\"member_4_relation\":\"\",\"member_4_birth_date\":\"\",\"member_4_gender\":\"\",\"member_3_relation\":\"\",\"member_3_birth_date\":\"\",\"member_3_gender\":\"\",\"member_2_relation\":\"\",\"member_2_birth_date\":\"\",\"member_2_gender\":\"\",\"member_1_relation\":\"\",\"member_1_birth_date\":\"1993-04-22\",\"member_1_gender\":\"M\",\"mobile\":\"9999999999\",\"email\":\"policybosstesting@gmail.com\",\"contact_name\":\"NO NAME\",\"travel_insurance_si\":\"0\",\"travelling_to_area\":\"WorldWide\",\"travel_start_date\":\"2023-04-24\",\"travel_end_date\":\"2023-05-06\",\"maximum_duration\":\"0\",\"travel_insurance_type\":\"individual\",\"trip_type\":\"SINGLE\",\"execution_async\":\"yes\",\"method_type\":\"Premium\",\"product_id\":4,\"insurer_selected\":\"\",\"ui_source\":\"UI22\",\"app_version\":\"PolicyBoss.com\",\"udid\":287812,\"idv_by_crn\":\"yes\",\"first_name\":\"NO\",\"last_name\":\"NAME\",\"middle_name\":\"\",\"birth_date\":\"1992-01-01\",\"member_1_first_name\":\"NO\",\"member_1_last_name\":\"NAME\",\"member_1_middle_name\":\"\",\"member_1_age\":30,\"policy_start_date\":\"2023-04-24\",\"policy_end_date\":\"2023-05-06\",\"elder_member_age_in_months\":360,\"travel_days\":13,\"posp_posp_id\":0,\"posp_fba_id\":0,\"posp_sm_posp_id\":0,\"posp_sm_posp_name\":0,\"posp_first_name\":0,\"posp_middle_name\":0,\"posp_last_name\":0,\"posp_email_id\":0,\"posp_agent_city\":0,\"posp_mobile_no\":0,\"posp_pan_no\":0,\"posp_aadhar\":0,\"posp_sources\":0,\"posp_ss_id\":0,\"posp_erp_id\":0,\"posp_last_status\":0,\"posp_gender\":0,\"posp_posp_category\":0,\"posp_reporting_agent_uid\":508389,\"posp_reporting_agent_name\":\"POLICY BOSS WEBSITE\",\"posp_reporting_email_id\":0,\"posp_reporting_mobile_number\":0,\"posp_category\":\"PolicyBoss\",\"erp_source\":\"FRESH-NM\",\"is_posp\":\"no\",\"channel\":\"DIRECT\",\"subchannel\":\"DIRECT\",\"member_1_age_1\":30},\"Request_Product\":{\"travel_insurance_si\":\"0\",\"travel_insurance_type\":\"individual\",\"policy_end_date\":\"2023-05-06\",\"policy_start_date\":\"2023-04-24\",\"city_id\":677,\"member_array_birth_date\":\"2023-04-22\",\"member_array_gender\":\"\",\"member_array_relation\":\"\",\"member_array_ped\":\"\",\"member_array_occupation\":\"\",\"member_array_passport\":\"\",\"member_array_first_name\":\"\",\"member_array_middle_name\":\"\",\"member_array_last_name\":\"\",\"member_array_salutation\":\"\",\"visiting_countries\":\"\",\"member_1_birth_date\":\"1993-04-22\",\"member_1_gender\":\"M\",\"member_1_relation\":\"\",\"member_1_ped\":\"\",\"member_1_occupation\":\"\",\"member_1_passport\":\"\",\"member_1_first_name\":\"NO\",\"member_1_middle_name\":\"\",\"member_1_last_name\":\"NAME\",\"member_1_salutation\":\"\"},\"Created_On\":\"2023-04-22T11:13:32.460Z\",\"Status\":\"pending\",\"Total\":14,\"Pending\":3,\"Complete\":11,\"Success\":4,\"Fail\":7,\"Total_Execution_Time\":105.15,\"Actual_Time\":59.15,\"Insurer_Cnt\":1,\"Plan_Cnt\":4,\"Sum_Insured\":{\"min\":null,\"max\":null},\"Premium\":{\"min\":null,\"max\":null}},\"Response\":[{\"Service_Log_Id\":4454911,\"Service_Log_Unique_Id_Core\":\"ARN-2U6GQTZA-IZVD-96CE-GR3R-GDELXWXTG0BE\",\"Service_Log_Unique_Id\":\"ARN-2U6GQTZA-IZVD-96CE-GR3R-GDELXWXTG0BE_4454911_287812\",\"Insurer_Id\":11,\"Insurer\":{\"_id\":\"5f0bfd3216afd26162ae83e2\",\"CreatedOn\":\"\",\"Insurer_Code\":\"Tata AIG\",\"Insurer_ID\":11,\"Insurer_Logo_Name\":\"tata_aig.png\",\"Insurer_Logo_Name_Mobile\":\"\",\"Insurer_Name\":\"Tata AIG General Insurance Co. Ltd.\",\"IsActive\":1,\"IsInternal\":\"\",\"PreviousInsurer_Address\":\"15th Floor, Peninsula Business Park, GK Marg, Tower A, Senapati Bapat Marg, Lower Parel, Mumbai\",\"PreviousInsurer_City\":\"Mumbai\",\"PreviousInsurer_Pincode\":400013,\"PreviousInsurer_State\":\"Maharashtra\",\"Product_Id\":[1,10,12]},\"Premium_Rate\":null,\"Plan_List\":[{\"Plan_Id\":1101,\"Plan_Name\":\"Travel Guard Policy Gold\",\"Plan_Code\":\"G\",\"Service_Log_Id\":4454911,\"Service_Log_Unique_Id_Core\":\"ARN-2U6GQTZA-IZVD-96CE-GR3R-GDELXWXTG0BE\",\"Service_Log_Unique_Id\":\"ARN-2U6GQTZA-IZVD-96CE-GR3R-GDELXWXTG0BE_4454911_287812\",\"Insurer_Transaction_Identifier\":\"QT/23/7100022396\",\"Insurer_Id\":11,\"Insurer_Logo_Name\":\"tata_aig.png\",\"Sum_Insured\":\"$250000\",\"Premium_Breakup\":{\"tax\":{\"CGST\":122.76,\"SGST\":122.76,\"IGST\":0,\"UGST\":0},\"net_premium\":1364,\"service_tax\":245.52,\"final_premium\":1610,\"travel_insurance_si\":\"$250000\"}},{\"Plan_Id\":1103,\"Plan_Name\":\"Travel Guard Policy Silver\",\"Plan_Code\":\"S\",\"Service_Log_Id\":4454908,\"Service_Log_Unique_Id_Core\":\"ARN-CD290MGN-GNS2-N8Q0-FV2R-8ZCPFYU1DJF8\",\"Service_Log_Unique_Id\":\"ARN-CD290MGN-GNS2-N8Q0-FV2R-8ZCPFYU1DJF8_4454908_287812\",\"Insurer_Transaction_Identifier\":\"QT/23/7100022399\",\"Insurer_Id\":11,\"Insurer_Logo_Name\":\"tata_aig.png\",\"Sum_Insured\":\"$50000\",\"Premium_Breakup\":{\"tax\":{\"CGST\":102.24,\"SGST\":102.24,\"IGST\":0,\"UGST\":0},\"net_premium\":1136,\"service_tax\":204.48,\"final_premium\":1340,\"travel_insurance_si\":\"$50000\"}},{\"Plan_Id\":1102,\"Plan_Name\":\"Travel Guard Policy Platinum\",\"Plan_Code\":\"P\",\"Service_Log_Id\":4454912,\"Service_Log_Unique_Id_Core\":\"ARN-5VTHKP7I-NGEQ-H7DZ-RELQ-CQYYLAMDOHKP\",\"Service_Log_Unique_Id\":\"ARN-5VTHKP7I-NGEQ-H7DZ-RELQ-CQYYLAMDOHKP_4454912_287812\",\"Insurer_Transaction_Identifier\":\"QT/23/7100022398\",\"Insurer_Id\":11,\"Insurer_Logo_Name\":\"tata_aig.png\",\"Sum_Insured\":\"$500000\",\"Premium_Breakup\":{\"tax\":{\"CGST\":133.2,\"SGST\":133.2,\"IGST\":0,\"UGST\":0},\"net_premium\":1480,\"service_tax\":266.4,\"final_premium\":1746,\"travel_insurance_si\":\"$500000\"}},{\"Plan_Id\":1105,\"Plan_Name\":\"Travel Guard Policy Silver Plus\",\"Plan_Code\":\"SP\",\"Service_Log_Id\":4454913,\"Service_Log_Unique_Id_Core\":\"ARN-NA7UNNJT-XBHZ-VWVA-OFJ1-DRLSUTQVFPLK\",\"Service_Log_Unique_Id\":\"ARN-NA7UNNJT-XBHZ-VWVA-OFJ1-DRLSUTQVFPLK_4454913_287812\",\"Insurer_Transaction_Identifier\":\"QT/23/7100022397\",\"Insurer_Id\":11,\"Insurer_Logo_Name\":\"tata_aig.png\",\"Sum_Insured\":\"$100000\",\"Premium_Breakup\":{\"tax\":{\"CGST\":119.25,\"SGST\":119.25,\"IGST\":0,\"UGST\":0},\"net_premium\":1325,\"service_tax\":238.5,\"final_premium\":1564,\"travel_insurance_si\":\"$100000\"}}],\"Completion_Summary\":{\"Total\":4,\"Completed\":4,\"Status\":\"complete\"},\"Error_Code\":\"\"}],\"Response_1\":[{\"Insurer_Name\":\"Tata AIG General Insurance Co. Ltd.\",\"Insurer_Id\":11,\"Insurer_Logo_Name\":\"tata_aig.png\",\"Service_Log_Unique_Id\":\"ARN-2U6GQTZA-IZVD-96CE-GR3R-GDELXWXTG0BE_4454911_287812\",\"Plan_Name\":\"Travel Guard Policy Gold\",\"Plan_Id\":1101,\"Sum_Insured\":\"$250000\",\"Premium_Breakup\":{\"tax\":{\"CGST\":122.76,\"SGST\":122.76,\"IGST\":0,\"UGST\":0},\"net_premium\":1364,\"service_tax\":245.52,\"final_premium\":1610,\"travel_insurance_si\":\"$250000\"}},{\"Insurer_Name\":\"Tata AIG General Insurance Co. Ltd.\",\"Insurer_Id\":11,\"Insurer_Logo_Name\":\"tata_aig.png\",\"Service_Log_Unique_Id\":\"ARN-CD290MGN-GNS2-N8Q0-FV2R-8ZCPFYU1DJF8_4454908_287812\",\"Plan_Name\":\"Travel Guard Policy Silver\",\"Plan_Id\":1103,\"Sum_Insured\":\"$50000\",\"Premium_Breakup\":{\"tax\":{\"CGST\":102.24,\"SGST\":102.24,\"IGST\":0,\"UGST\":0},\"net_premium\":1136,\"service_tax\":204.48,\"final_premium\":1340,\"travel_insurance_si\":\"$50000\"}},{\"Insurer_Name\":\"Tata AIG General Insurance Co. Ltd.\",\"Insurer_Id\":11,\"Insurer_Logo_Name\":\"tata_aig.png\",\"Service_Log_Unique_Id\":\"ARN-5VTHKP7I-NGEQ-H7DZ-RELQ-CQYYLAMDOHKP_4454912_287812\",\"Plan_Name\":\"Travel Guard Policy Platinum\",\"Plan_Id\":1102,\"Sum_Insured\":\"$500000\",\"Premium_Breakup\":{\"tax\":{\"CGST\":133.2,\"SGST\":133.2,\"IGST\":0,\"UGST\":0},\"net_premium\":1480,\"service_tax\":266.4,\"final_premium\":1746,\"travel_insurance_si\":\"$500000\"}},{\"Insurer_Name\":\"Tata AIG General Insurance Co. Ltd.\",\"Insurer_Id\":11,\"Insurer_Logo_Name\":\"tata_aig.png\",\"Service_Log_Unique_Id\":\"ARN-NA7UNNJT-XBHZ-VWVA-OFJ1-DRLSUTQVFPLK_4454913_287812\",\"Plan_Name\":\"Travel Guard Policy Silver Plus\",\"Plan_Id\":1105,\"Sum_Insured\":\"$100000\",\"Premium_Breakup\":{\"tax\":{\"CGST\":119.25,\"SGST\":119.25,\"IGST\":0,\"UGST\":0},\"net_premium\":1325,\"service_tax\":238.5,\"final_premium\":1564,\"travel_insurance_si\":\"$100000\"}}]}","timestamp":"9:30:24 AM"}
{"level":"info","message":"Start premium_list_db_handler","timestamp":"9:30:24 AM"}
{"level":"info","message":"premium_db_list user_data null { n: 1, nModified: 1, ok: 1 }","timestamp":"9:30:24 AM"}
{"level":"info","message":"Waiting api_log_summary","timestamp":"11:02:36 AM"}
{"level":"info","message":"Client_Details { Platform: 'Website',\n  Role: 'LMClient',\n  Integration_Type: 'NonPOSP',\n  Premium_Source: 'Real',\n  __v: 0,\n  Response_Type: 'QUOTE',\n  Client_Name: 'PolicyBoss',\n  Client_Unique_Id: 'CLIENT-CNTP6NYE-CU9N-DUZW-CSPI-SH1IS4DOVHB9',\n  Secret_Key: 'SECRET-HZ07QRWY-JIBT-XRMQ-ZP95-J0RWP3DYRACW',\n  Created_On: '2017-05-17T12:55:14.111Z',\n  Is_Active: true,\n  Modified_On: '2017-05-17T12:55:14.111Z',\n  Client_Id: 2,\n  _id: '591c48321cc1042aec9ee6c9' }","timestamp":"11:02:36 AM"}
{"level":"info","message":"Finish api_log_summary","timestamp":"11:02:36 AM"}
{"level":"info","message":"Waiting api_log_summary","timestamp":"11:04:16 AM"}
{"level":"info","message":"Client_Details { Platform: 'Website',\n  Role: 'LMClient',\n  Integration_Type: 'NonPOSP',\n  Premium_Source: 'Real',\n  __v: 0,\n  Response_Type: 'QUOTE',\n  Client_Name: 'PolicyBoss',\n  Client_Unique_Id: 'CLIENT-CNTP6NYE-CU9N-DUZW-CSPI-SH1IS4DOVHB9',\n  Secret_Key: 'SECRET-HZ07QRWY-JIBT-XRMQ-ZP95-J0RWP3DYRACW',\n  Created_On: '2017-05-17T12:55:14.111Z',\n  Is_Active: true,\n  Modified_On: '2017-05-17T12:55:14.111Z',\n  Client_Id: 2,\n  _id: '591c48321cc1042aec9ee6c9' }","timestamp":"11:04:16 AM"}
{"level":"info","message":"Finish api_log_summary","timestamp":"11:04:16 AM"}
{"level":"info","message":"$$$$$$$$$$$$$$$$$$$$$$$$","timestamp":"12:42:01 PM"}
{"meta":"","level":"info","message":"","timestamp":"12:42:01 PM"}
{"level":"info","message":"Development Environment is Listening on port 3000","timestamp":"12:42:01 PM"}
{"level":"info","message":"Web URL : http://localhost:3000","timestamp":"12:42:01 PM"}
{"meta":"","level":"info","message":"","timestamp":"12:42:01 PM"}
{"level":"info","message":"$$$$$$$$$$$$$$$$$$$$$$$$","timestamp":"12:42:01 PM"}
{"meta":"","level":"info","message":"","timestamp":"12:42:01 PM"}
{"level":"info","message":"Waiting api_log_summary","timestamp":"12:42:53 PM"}
{"level":"info","message":"Client_Details { Platform: 'Website',\n  Role: 'LMClient',\n  Integration_Type: 'NonPOSP',\n  Premium_Source: 'Real',\n  __v: 0,\n  Response_Type: 'QUOTE',\n  Client_Name: 'PolicyBoss',\n  Client_Unique_Id: 'CLIENT-CNTP6NYE-CU9N-DUZW-CSPI-SH1IS4DOVHB9',\n  Secret_Key: 'SECRET-HZ07QRWY-JIBT-XRMQ-ZP95-J0RWP3DYRACW',\n  Created_On: '2017-05-17T12:55:14.111Z',\n  Is_Active: true,\n  Modified_On: '2017-05-17T12:55:14.111Z',\n  Client_Id: 2,\n  _id: '591c48321cc1042aec9ee6c9' }","timestamp":"12:42:53 PM"}
{"level":"info","message":"Finish api_log_summary","timestamp":"12:42:53 PM"}
{"level":"info","message":"$$$$$$$$$$$$$$$$$$$$$$$$","timestamp":"3:54:24 PM"}
{"meta":"","level":"info","message":"","timestamp":"3:54:24 PM"}
{"level":"info","message":"Development Environment is Listening on port 3000","timestamp":"3:54:24 PM"}
{"level":"info","message":"Web URL : http://localhost:3000","timestamp":"3:54:24 PM"}
{"meta":"","level":"info","message":"","timestamp":"3:54:24 PM"}
{"level":"info","message":"$$$$$$$$$$$$$$$$$$$$$$$$","timestamp":"3:54:24 PM"}
{"meta":"","level":"info","message":"","timestamp":"3:54:24 PM"}
{"level":"info","message":"{\"product_id\":2,\"ui_source\":\"UI22\",\"source\":\"desktop\",\"multi_individual\":\"no\",\"contact_name\":\"NO NAME\",\"PremiumwithAddon\":0,\"addon_uar\":\"no\",\"addon_ncb\":\"no\",\"addon_dsi\":\"no\",\"addon_cbb\":\"no\",\"addon_rmw\":\"no\",\"addon_hdc\":\"no\",\"addon_aru\":\"no\",\"addon_ursi\":\"no\",\"addon_sncp\":\"no\",\"addon_ca\":\"no\",\"addon_ci\":\"no\",\"addon_Hdc\":\"no\",\"addon_Pa\":\"no\",\"addon_protector\":\"no\",\"addon_cover\":\"no\",\"addon_time\":\"no\",\"addon_global\":\"no\",\"freeAddOnCover\":\"no\",\"mobile\":\"9999999999\",\"email\":\"abc@gmail.com\",\"adult_count\":1,\"child_count\":0,\"city_id\":677,\"city_name\":\"Mumbai\",\"permanent_pincode\":400086,\"state_name\":\"Maharashtra\",\"health_insurance_si\":\"1000000\",\"member_2_gender\":\"\",\"member_3_gender\":\"\",\"member_4_gender\":\"\",\"member_5_gender\":\"\",\"member_6_gender\":\"\",\"member_1_age\":27,\"member_2_age\":-1,\"member_3_age\":-1,\"member_4_age\":-1,\"member_5_age\":-1,\"member_6_age\":-1,\"policy_tenure\":1,\"method_type\":\"Premium\",\"health_insurance_type\":\"individual\",\"execution_async\":\"yes\",\"crn\":0,\"ss_id\":0,\"agent_source\":\"0\",\"secret_key\":\"SECRET-HZ07QRWY-JIBT-XRMQ-ZP95-J0RWP3DYRACW\",\"client_key\":\"CLIENT-CNTP6NYE-CU9N-DUZW-CSPI-SH1IS4DOVHB9\",\"fba_id\":0,\"ip_address\":\"\",\"geo_lat\":0,\"geo_long\":0,\"ip_city_state\":\"\",\"app_version\":\"PolicyBoss.com\",\"quick_quote\":true,\"insurer_selected\":\"\",\"topup_applied\":\"none\",\"eldest_mem_gender\":null,\"contact_name_mob\":null,\"mobile_mob\":null,\"member_1_gender_mob\":null,\"member_1_gender\":\"M\",\"elder_mem_age\":27}","timestamp":"3:55:33 PM"}
{"level":"info","message":"Client_Details { Platform: 'Website',\n  Role: 'LMClient',\n  Integration_Type: 'NonPOSP',\n  Premium_Source: 'Real',\n  __v: 0,\n  Response_Type: 'QUOTE',\n  Client_Name: 'PolicyBoss',\n  Client_Unique_Id: 'CLIENT-CNTP6NYE-CU9N-DUZW-CSPI-SH1IS4DOVHB9',\n  Secret_Key: 'SECRET-HZ07QRWY-JIBT-XRMQ-ZP95-J0RWP3DYRACW',\n  Created_On: '2017-05-17T12:55:14.111Z',\n  Is_Active: true,\n  Modified_On: '2017-05-17T12:55:14.111Z',\n  Client_Id: 2,\n  _id: '591c48321cc1042aec9ee6c9' }","timestamp":"3:55:33 PM"}
{"level":"info","message":"Client_Id 2 2","timestamp":"3:55:33 PM"}
{"level":"info","message":"Health::product_api_pre::Start","timestamp":"3:55:34 PM"}
{"level":"info","message":"Health child_count Start","timestamp":"3:55:34 PM"}
{"level":"info","message":"Health adult_count Start","timestamp":"3:55:34 PM"}
{"level":"info","message":"Health get_member_age Start","timestamp":"3:55:34 PM"}
{"level":"info","message":"Health get_member_birth_date Start","timestamp":"3:55:34 PM"}
{"level":"info","message":"Health get_member_birth_date Start","timestamp":"3:55:34 PM"}
{"level":"info","message":"Start Health elder_member_age","timestamp":"3:55:34 PM"}
{"level":"info","message":"Start Health elder_member_age_in_months","timestamp":"3:55:34 PM"}
{"level":"info","message":"Health get_member_birth_date Start","timestamp":"3:55:34 PM"}
{"level":"info","message":"Health get_member_birth_date Start","timestamp":"3:55:34 PM"}
{"level":"info","message":"Health get_member_birth_date Start","timestamp":"3:55:34 PM"}
{"level":"info","message":"Start Health elder_member_age_in_months","timestamp":"3:55:34 PM"}
{"level":"info","message":"Health get_member_birth_date Start","timestamp":"3:55:34 PM"}
{"level":"info","message":"Health get_member_birth_date Start","timestamp":"3:55:34 PM"}
{"level":"info","message":"Health policy_start_date Start","timestamp":"3:55:34 PM"}
{"level":"info","message":"Health policy_start_date Finish 2023-04-25","timestamp":"3:55:34 PM"}
{"level":"info","message":"Start Health policy_end_date","timestamp":"3:55:34 PM"}
{"level":"info","message":"Finish Health policy_end_date 2024-04-24","timestamp":"3:55:34 PM"}
{"level":"info","message":"Health::product_api_pre::Finish","timestamp":"3:55:34 PM"}
{"level":"info","message":"ManipalCigna is_valid_plan start","timestamp":"3:55:34 PM"}
{"level":"info","message":"insurer_product_api_pre","timestamp":"3:55:34 PM"}
{"level":"info","message":"$$$$$$$$$$$$$$$$$$$$$$$$","timestamp":"3:57:21 PM"}
{"meta":"","level":"info","message":"","timestamp":"3:57:21 PM"}
{"level":"info","message":"Development Environment is Listening on port 3000","timestamp":"3:57:21 PM"}
{"level":"info","message":"Web URL : http://localhost:3000","timestamp":"3:57:21 PM"}
{"meta":"","level":"info","message":"","timestamp":"3:57:21 PM"}
{"level":"info","message":"$$$$$$$$$$$$$$$$$$$$$$$$","timestamp":"3:57:21 PM"}
{"meta":"","level":"info","message":"","timestamp":"3:57:21 PM"}
{"level":"info","message":"Start premium_list_db { search_reference_number: 'SRN-GLYFLVVZ-R6Q1-YE2J-YIWM-J62P45XV2MDW_287922',\n  secret_key: 'SECRET-HZ07QRWY-JIBT-XRMQ-ZP95-J0RWP3DYRACW',\n  client_key: 'CLIENT-CNTP6NYE-CU9N-DUZW-CSPI-SH1IS4DOVHB9' }","timestamp":"3:57:23 PM"}
{"level":"info","message":"Waiting premium_list_db","timestamp":"3:57:23 PM"}
{"level":"info","message":"Finish premium_list_db","timestamp":"3:57:23 PM"}
{"level":"info","message":"Health premium_list Start","timestamp":"3:57:24 PM"}
{"level":"info","message":"Health premium_list Finish","timestamp":"3:57:24 PM"}
{"level":"info","message":"Start premium_list_db_handler","timestamp":"3:57:25 PM"}
{"level":"info","message":"Start premium_list_db_handler","timestamp":"3:57:25 PM"}
{"level":"info","message":"Start premium_list_db_handler","timestamp":"3:57:25 PM"}
{"level":"info","message":"Start premium_list_db_handler_version_2","timestamp":"3:57:25 PM"}
{"level":"info","message":"Finish premium_list_db_handler_version_2 {\"Summary\":{\"_id\":\"6446591e7ec65e2ee0dd8f0c\",\"Request_Id\":446036,\"Request_Unique_Id\":\"SRN-GLYFLVVZ-R6Q1-YE2J-YIWM-J62P45XV2MDW\",\"Client_Id\":2,\"PB_CRN\":1074318,\"Request_Core\":{\"product_id\":2,\"ui_source\":\"UI22\",\"source\":\"desktop\",\"multi_individual\":\"no\",\"contact_name\":\"NO NAME\",\"PremiumwithAddon\":0,\"addon_uar\":\"no\",\"addon_ncb\":\"no\",\"addon_dsi\":\"no\",\"addon_cbb\":\"no\",\"addon_rmw\":\"no\",\"addon_hdc\":\"no\",\"addon_aru\":\"no\",\"addon_ursi\":\"no\",\"addon_sncp\":\"no\",\"addon_ca\":\"no\",\"addon_ci\":\"no\",\"addon_Hdc\":\"no\",\"addon_Pa\":\"no\",\"addon_protector\":\"no\",\"addon_cover\":\"no\",\"addon_time\":\"no\",\"addon_global\":\"no\",\"freeAddOnCover\":\"no\",\"mobile\":\"9999999999\",\"email\":\"abc@gmail.com\",\"adult_count\":1,\"child_count\":0,\"city_id\":677,\"city_name\":\"Mumbai\",\"permanent_pincode\":400086,\"state_name\":\"Maharashtra\",\"health_insurance_si\":\"1000000\",\"member_2_gender\":\"\",\"member_3_gender\":\"\",\"member_4_gender\":\"\",\"member_5_gender\":\"\",\"member_6_gender\":\"\",\"member_1_age\":27,\"member_2_age\":-1,\"member_3_age\":-1,\"member_4_age\":-1,\"member_5_age\":-1,\"member_6_age\":-1,\"policy_tenure\":1,\"method_type\":\"Premium\",\"health_insurance_type\":\"individual\",\"execution_async\":\"yes\",\"crn\":1074318,\"ss_id\":0,\"agent_source\":\"0\",\"secret_key\":\"SECRET-HZ07QRWY-JIBT-XRMQ-ZP95-J0RWP3DYRACW\",\"client_key\":\"CLIENT-CNTP6NYE-CU9N-DUZW-CSPI-SH1IS4DOVHB9\",\"fba_id\":0,\"ip_address\":\"\",\"geo_lat\":0,\"geo_long\":0,\"ip_city_state\":\"\",\"app_version\":\"PolicyBoss.com\",\"quick_quote\":true,\"insurer_selected\":\"\",\"topup_applied\":\"none\",\"eldest_mem_gender\":null,\"contact_name_mob\":null,\"mobile_mob\":null,\"member_1_gender_mob\":null,\"member_1_gender\":\"M\",\"elder_mem_age\":27,\"client_id\":2,\"client_name\":\"PolicyBoss\",\"udid\":287922,\"idv_by_crn\":\"yes\",\"first_name\":\"NO\",\"last_name\":\"NAME\",\"middle_name\":\"\",\"birth_date\":\"1992-01-01\",\"member_count\":1,\"member_1_first_name\":\"NO\",\"member_1_last_name\":\"NAME\",\"member_1_middle_name\":\"\",\"member_1_birth_date\":\"1996-04-09\",\"member_1_age_in_months\":324,\"elder_member_age\":27,\"elder_member_age_in_months\":324,\"elder_member_birth_date\":\"1996-04-09\",\"policy_start_date\":\"2023-04-25\",\"policy_end_date\":\"2024-04-24\",\"posp_posp_id\":0,\"posp_fba_id\":0,\"posp_sm_posp_id\":0,\"posp_sm_posp_name\":0,\"posp_first_name\":0,\"posp_middle_name\":0,\"posp_last_name\":0,\"posp_email_id\":0,\"posp_agent_city\":0,\"posp_mobile_no\":0,\"posp_pan_no\":0,\"posp_aadhar\":0,\"posp_sources\":0,\"posp_ss_id\":0,\"posp_erp_id\":0,\"posp_last_status\":0,\"posp_gender\":0,\"posp_posp_category\":0,\"posp_reporting_agent_uid\":508389,\"posp_reporting_agent_name\":\"POLICY BOSS WEBSITE\",\"posp_reporting_email_id\":0,\"posp_reporting_mobile_number\":0,\"posp_category\":\"PolicyBoss\",\"erp_source\":\"FRESH-NM\",\"is_posp\":\"no\",\"channel\":\"DIRECT\",\"subchannel\":\"DIRECT\"},\"Request_Product\":{\"health_insurance_si\":\"1000000\",\"policy_tenure\":1,\"health_insurance_type\":\"individual\",\"member_array_first_name\":\"\",\"member_array_middle_name\":\"\",\"member_array_last_name\":\"\",\"member_array_birth_date\":\"2023-04-24\",\"member_array_age\":\"\",\"member_array_age_in_month\":\"\",\"member_array_gender\":\"\",\"member_array_question_array_type\":\"\",\"member_array_question_array_code\":\"\",\"member_array_inc\":\"\",\"member_array_question_array_details\":\"\",\"member_array_height\":\"\",\"member_array_weight\":\"\",\"member_array_salutation\":\"\",\"city_id\":677,\"policy_end_date\":\"2024-04-24\",\"policy_start_date\":\"2023-04-25\",\"member_count\":1,\"adult_count\":1,\"child_count\":0,\"elder_member_birth_date\":\"1996-04-09\",\"elder_member_age\":27,\"elder_member_age_in_months\":324,\"relation\":\"\",\"member_array_relation\":\"\",\"member_array_marital_status\":\"\",\"member_array_occupation\":\"\",\"annual_income\":\"\",\"kyc_no\":\"\",\"kyc_ref_no\":\"\",\"member_1_first_name\":\"NO\",\"member_1_middle_name\":\"\",\"member_1_last_name\":\"NAME\",\"member_1_birth_date\":\"1996-04-09\",\"member_1_age\":27,\"member_1_age_in_month\":\"\",\"member_1_gender\":\"M\",\"member_1_question_array_type\":\"\",\"member_1_question_array_code\":\"\",\"member_1_inc\":\"\",\"member_1_question_array_details\":\"\",\"member_1_height\":\"\",\"member_1_weight\":\"\",\"member_1_salutation\":\"\",\"member_1_relation\":\"\",\"member_1_marital_status\":\"\",\"member_1_occupation\":\"\"},\"Created_On\":\"2023-04-24T10:25:34.105Z\",\"Status\":\"pending\",\"Total\":0,\"Pending\":0,\"Complete\":0,\"Success\":0,\"Fail\":0,\"Total_Execution_Time\":0,\"Actual_Time\":0,\"Insurer_Cnt\":0,\"Plan_Cnt\":0,\"Sum_Insured\":{\"min\":75000000,\"max\":0},\"Premium\":{\"min\":10000000,\"max\":0}},\"Response\":[],\"Response_1\":[]}","timestamp":"3:57:25 PM"}
{"level":"info","message":"Start premium_list_db_handler","timestamp":"3:57:25 PM"}
{"level":"info","message":"premium_db_list user_data null { n: 1, nModified: 1, ok: 1 }","timestamp":"3:57:25 PM"}
{"level":"info","message":"{\"product_id\":2,\"ui_source\":\"UI22\",\"source\":\"desktop\",\"multi_individual\":\"no\",\"contact_name\":\"NO NAME\",\"PremiumwithAddon\":0,\"addon_uar\":\"no\",\"addon_ncb\":\"no\",\"addon_dsi\":\"no\",\"addon_cbb\":\"no\",\"addon_rmw\":\"no\",\"addon_hdc\":\"no\",\"addon_aru\":\"no\",\"addon_ursi\":\"no\",\"addon_sncp\":\"no\",\"addon_ca\":\"no\",\"addon_ci\":\"no\",\"addon_Hdc\":\"no\",\"addon_Pa\":\"no\",\"addon_protector\":\"no\",\"addon_cover\":\"no\",\"addon_time\":\"no\",\"addon_global\":\"no\",\"freeAddOnCover\":\"no\",\"mobile\":\"9999999999\",\"email\":\"abc@gmail.com\",\"adult_count\":1,\"child_count\":0,\"city_id\":677,\"city_name\":\"Mumbai\",\"permanent_pincode\":400086,\"state_name\":\"Maharashtra\",\"health_insurance_si\":\"1000000\",\"member_2_gender\":\"\",\"member_3_gender\":\"\",\"member_4_gender\":\"\",\"member_5_gender\":\"\",\"member_6_gender\":\"\",\"member_1_age\":28,\"member_2_age\":-1,\"member_3_age\":-1,\"member_4_age\":-1,\"member_5_age\":-1,\"member_6_age\":-1,\"policy_tenure\":1,\"method_type\":\"Premium\",\"health_insurance_type\":\"individual\",\"execution_async\":\"yes\",\"crn\":0,\"ss_id\":0,\"agent_source\":\"0\",\"secret_key\":\"SECRET-HZ07QRWY-JIBT-XRMQ-ZP95-J0RWP3DYRACW\",\"client_key\":\"CLIENT-CNTP6NYE-CU9N-DUZW-CSPI-SH1IS4DOVHB9\",\"fba_id\":0,\"ip_address\":\"\",\"geo_lat\":0,\"geo_long\":0,\"ip_city_state\":\"\",\"app_version\":\"PolicyBoss.com\",\"quick_quote\":true,\"insurer_selected\":\"\",\"topup_applied\":\"none\",\"eldest_mem_gender\":null,\"contact_name_mob\":null,\"mobile_mob\":null,\"member_1_gender_mob\":null,\"member_1_gender\":\"M\",\"elder_mem_age\":28}","timestamp":"3:57:34 PM"}
{"level":"info","message":"Client_Details { Platform: 'Website',\n  Role: 'LMClient',\n  Integration_Type: 'NonPOSP',\n  Premium_Source: 'Real',\n  __v: 0,\n  Response_Type: 'QUOTE',\n  Client_Name: 'PolicyBoss',\n  Client_Unique_Id: 'CLIENT-CNTP6NYE-CU9N-DUZW-CSPI-SH1IS4DOVHB9',\n  Secret_Key: 'SECRET-HZ07QRWY-JIBT-XRMQ-ZP95-J0RWP3DYRACW',\n  Created_On: '2017-05-17T12:55:14.111Z',\n  Is_Active: true,\n  Modified_On: '2017-05-17T12:55:14.111Z',\n  Client_Id: 2,\n  _id: '591c48321cc1042aec9ee6c9' }","timestamp":"3:57:34 PM"}
{"level":"info","message":"Client_Id 2 2","timestamp":"3:57:34 PM"}
{"level":"info","message":"Health::product_api_pre::Start","timestamp":"3:57:34 PM"}
{"level":"info","message":"Health child_count Start","timestamp":"3:57:34 PM"}
{"level":"info","message":"Health adult_count Start","timestamp":"3:57:34 PM"}
{"level":"info","message":"Health get_member_age Start","timestamp":"3:57:34 PM"}
{"level":"info","message":"Health get_member_birth_date Start","timestamp":"3:57:34 PM"}
{"level":"info","message":"Health get_member_birth_date Start","timestamp":"3:57:34 PM"}
{"level":"info","message":"Start Health elder_member_age","timestamp":"3:57:34 PM"}
{"level":"info","message":"Start Health elder_member_age_in_months","timestamp":"3:57:34 PM"}
{"level":"info","message":"Health get_member_birth_date Start","timestamp":"3:57:34 PM"}
{"level":"info","message":"Health get_member_birth_date Start","timestamp":"3:57:34 PM"}
{"level":"info","message":"Health get_member_birth_date Start","timestamp":"3:57:34 PM"}
{"level":"info","message":"Start Health elder_member_age_in_months","timestamp":"3:57:34 PM"}
{"level":"info","message":"Health get_member_birth_date Start","timestamp":"3:57:34 PM"}
{"level":"info","message":"Health get_member_birth_date Start","timestamp":"3:57:34 PM"}
{"level":"info","message":"Health policy_start_date Start","timestamp":"3:57:34 PM"}
{"level":"info","message":"Health policy_start_date Finish 2023-04-25","timestamp":"3:57:34 PM"}
{"level":"info","message":"Start Health policy_end_date","timestamp":"3:57:34 PM"}
{"level":"info","message":"Finish Health policy_end_date 2024-04-24","timestamp":"3:57:34 PM"}
{"level":"info","message":"Health::product_api_pre::Finish","timestamp":"3:57:34 PM"}
{"level":"info","message":"ManipalCigna is_valid_plan start","timestamp":"3:57:34 PM"}
{"level":"info","message":"insurer_product_api_pre","timestamp":"3:57:34 PM"}
