{"level":"info","message":"$$$$$$$$$$$$$$$$$$$$$$$$","timestamp":"8:48:15 AM"}
{"meta":"","level":"info","message":"","timestamp":"8:48:15 AM"}
{"level":"info","message":"Development Environment is Listening on port 3000","timestamp":"8:48:15 AM"}
{"level":"info","message":"Web URL : http://localhost:3000","timestamp":"8:48:15 AM"}
{"meta":"","level":"info","message":"","timestamp":"8:48:15 AM"}
{"level":"info","message":"$$$$$$$$$$$$$$$$$$$$$$$$","timestamp":"8:48:15 AM"}
{"meta":"","level":"info","message":"","timestamp":"8:48:15 AM"}
{"level":"info","message":"Waiting api_log_summary","timestamp":"8:55:10 AM"}
{"level":"info","message":"Client_Details { Platform: 'Website',\n  Role: 'LMClient',\n  Integration_Type: 'NonPOSP',\n  Premium_Source: 'Real',\n  __v: 0,\n  Response_Type: 'QUOTE',\n  Client_Name: 'PolicyBoss',\n  Client_Unique_Id: 'CLIENT-CNTP6NYE-CU9N-DUZW-CSPI-SH1IS4DOVHB9',\n  Secret_Key: 'SECRET-HZ07QRWY-JIBT-XRMQ-ZP95-J0RWP3DYRACW',\n  Created_On: '2017-05-17T12:55:14.111Z',\n  Is_Active: true,\n  Modified_On: '2017-05-17T12:55:14.111Z',\n  Client_Id: 2,\n  _id: '591c48321cc1042aec9ee6c9' }","timestamp":"8:55:10 AM"}
{"level":"info","message":"Finish api_log_summary","timestamp":"8:55:10 AM"}
{"level":"info","message":"Waiting api_log_summary","timestamp":"9:11:02 AM"}
{"level":"info","message":"Client_Details { Platform: 'Website',\n  Role: 'LMClient',\n  Integration_Type: 'NonPOSP',\n  Premium_Source: 'Real',\n  __v: 0,\n  Response_Type: 'QUOTE',\n  Client_Name: 'PolicyBoss',\n  Client_Unique_Id: 'CLIENT-CNTP6NYE-CU9N-DUZW-CSPI-SH1IS4DOVHB9',\n  Secret_Key: 'SECRET-HZ07QRWY-JIBT-XRMQ-ZP95-J0RWP3DYRACW',\n  Created_On: '2017-05-17T12:55:14.111Z',\n  Is_Active: true,\n  Modified_On: '2017-05-17T12:55:14.111Z',\n  Client_Id: 2,\n  _id: '591c48321cc1042aec9ee6c9' }","timestamp":"9:11:02 AM"}
{"level":"info","message":"Finish api_log_summary","timestamp":"9:11:02 AM"}
{"level":"info","message":"Waiting api_log_summary","timestamp":"9:24:58 AM"}
{"level":"info","message":"Client_Details { Platform: 'Website',\n  Role: 'LMClient',\n  Integration_Type: 'NonPOSP',\n  Premium_Source: 'Real',\n  __v: 0,\n  Response_Type: 'QUOTE',\n  Client_Name: 'PolicyBoss',\n  Client_Unique_Id: 'CLIENT-CNTP6NYE-CU9N-DUZW-CSPI-SH1IS4DOVHB9',\n  Secret_Key: 'SECRET-HZ07QRWY-JIBT-XRMQ-ZP95-J0RWP3DYRACW',\n  Created_On: '2017-05-17T12:55:14.111Z',\n  Is_Active: true,\n  Modified_On: '2017-05-17T12:55:14.111Z',\n  Client_Id: 2,\n  _id: '591c48321cc1042aec9ee6c9' }","timestamp":"9:24:58 AM"}
{"level":"info","message":"Finish api_log_summary","timestamp":"9:24:58 AM"}
{"level":"info","message":"Waiting api_log_summary","timestamp":"9:25:12 AM"}
{"level":"info","message":"Client_Details { Platform: 'Website',\n  Role: 'LMClient',\n  Integration_Type: 'NonPOSP',\n  Premium_Source: 'Real',\n  __v: 0,\n  Response_Type: 'QUOTE',\n  Client_Name: 'PolicyBoss',\n  Client_Unique_Id: 'CLIENT-CNTP6NYE-CU9N-DUZW-CSPI-SH1IS4DOVHB9',\n  Secret_Key: 'SECRET-HZ07QRWY-JIBT-XRMQ-ZP95-J0RWP3DYRACW',\n  Created_On: '2017-05-17T12:55:14.111Z',\n  Is_Active: true,\n  Modified_On: '2017-05-17T12:55:14.111Z',\n  Client_Id: 2,\n  _id: '591c48321cc1042aec9ee6c9' }","timestamp":"9:25:12 AM"}
{"level":"info","message":"Finish api_log_summary","timestamp":"9:25:12 AM"}
{"level":"info","message":"Waiting api_log_summary","timestamp":"9:26:42 AM"}
{"level":"info","message":"Client_Details { Platform: 'Website',\n  Role: 'LMClient',\n  Integration_Type: 'NonPOSP',\n  Premium_Source: 'Real',\n  __v: 0,\n  Response_Type: 'QUOTE',\n  Client_Name: 'PolicyBoss',\n  Client_Unique_Id: 'CLIENT-CNTP6NYE-CU9N-DUZW-CSPI-SH1IS4DOVHB9',\n  Secret_Key: 'SECRET-HZ07QRWY-JIBT-XRMQ-ZP95-J0RWP3DYRACW',\n  Created_On: '2017-05-17T12:55:14.111Z',\n  Is_Active: true,\n  Modified_On: '2017-05-17T12:55:14.111Z',\n  Client_Id: 2,\n  _id: '591c48321cc1042aec9ee6c9' }","timestamp":"9:26:42 AM"}
{"level":"info","message":"Finish api_log_summary","timestamp":"9:26:42 AM"}
{"level":"info","message":"Waiting api_log_summary","timestamp":"9:27:38 AM"}
{"level":"info","message":"Client_Details { Platform: 'Website',\n  Role: 'LMClient',\n  Integration_Type: 'NonPOSP',\n  Premium_Source: 'Real',\n  __v: 0,\n  Response_Type: 'QUOTE',\n  Client_Name: 'PolicyBoss',\n  Client_Unique_Id: 'CLIENT-CNTP6NYE-CU9N-DUZW-CSPI-SH1IS4DOVHB9',\n  Secret_Key: 'SECRET-HZ07QRWY-JIBT-XRMQ-ZP95-J0RWP3DYRACW',\n  Created_On: '2017-05-17T12:55:14.111Z',\n  Is_Active: true,\n  Modified_On: '2017-05-17T12:55:14.111Z',\n  Client_Id: 2,\n  _id: '591c48321cc1042aec9ee6c9' }","timestamp":"9:27:38 AM"}
{"level":"info","message":"Finish api_log_summary","timestamp":"9:27:38 AM"}
{"level":"info","message":"Waiting api_log_summary","timestamp":"9:31:31 AM"}
{"level":"info","message":"Client_Details { Platform: 'Website',\n  Role: 'LMClient',\n  Integration_Type: 'NonPOSP',\n  Premium_Source: 'Real',\n  __v: 0,\n  Response_Type: 'QUOTE',\n  Client_Name: 'PolicyBoss',\n  Client_Unique_Id: 'CLIENT-CNTP6NYE-CU9N-DUZW-CSPI-SH1IS4DOVHB9',\n  Secret_Key: 'SECRET-HZ07QRWY-JIBT-XRMQ-ZP95-J0RWP3DYRACW',\n  Created_On: '2017-05-17T12:55:14.111Z',\n  Is_Active: true,\n  Modified_On: '2017-05-17T12:55:14.111Z',\n  Client_Id: 2,\n  _id: '591c48321cc1042aec9ee6c9' }","timestamp":"9:31:31 AM"}
{"level":"info","message":"Finish api_log_summary","timestamp":"9:31:31 AM"}
{"level":"info","message":"Waiting api_log_summary","timestamp":"9:35:17 AM"}
{"level":"info","message":"Client_Details { Platform: 'Website',\n  Role: 'LMClient',\n  Integration_Type: 'NonPOSP',\n  Premium_Source: 'Real',\n  __v: 0,\n  Response_Type: 'QUOTE',\n  Client_Name: 'PolicyBoss',\n  Client_Unique_Id: 'CLIENT-CNTP6NYE-CU9N-DUZW-CSPI-SH1IS4DOVHB9',\n  Secret_Key: 'SECRET-HZ07QRWY-JIBT-XRMQ-ZP95-J0RWP3DYRACW',\n  Created_On: '2017-05-17T12:55:14.111Z',\n  Is_Active: true,\n  Modified_On: '2017-05-17T12:55:14.111Z',\n  Client_Id: 2,\n  _id: '591c48321cc1042aec9ee6c9' }","timestamp":"9:35:17 AM"}
{"level":"info","message":"Finish api_log_summary","timestamp":"9:35:17 AM"}
{"level":"info","message":"Waiting api_log_summary","timestamp":"10:13:03 AM"}
{"level":"info","message":"Client_Details { Platform: 'Website',\n  Role: 'LMClient',\n  Integration_Type: 'NonPOSP',\n  Premium_Source: 'Real',\n  __v: 0,\n  Response_Type: 'QUOTE',\n  Client_Name: 'PolicyBoss',\n  Client_Unique_Id: 'CLIENT-CNTP6NYE-CU9N-DUZW-CSPI-SH1IS4DOVHB9',\n  Secret_Key: 'SECRET-HZ07QRWY-JIBT-XRMQ-ZP95-J0RWP3DYRACW',\n  Created_On: '2017-05-17T12:55:14.111Z',\n  Is_Active: true,\n  Modified_On: '2017-05-17T12:55:14.111Z',\n  Client_Id: 2,\n  _id: '591c48321cc1042aec9ee6c9' }","timestamp":"10:13:03 AM"}
{"level":"info","message":"Finish api_log_summary","timestamp":"10:13:03 AM"}
{"level":"info","message":"Waiting api_log_summary","timestamp":"10:18:34 AM"}
{"level":"info","message":"Client_Details { Platform: 'Website',\n  Role: 'LMClient',\n  Integration_Type: 'NonPOSP',\n  Premium_Source: 'Real',\n  __v: 0,\n  Response_Type: 'QUOTE',\n  Client_Name: 'PolicyBoss',\n  Client_Unique_Id: 'CLIENT-CNTP6NYE-CU9N-DUZW-CSPI-SH1IS4DOVHB9',\n  Secret_Key: 'SECRET-HZ07QRWY-JIBT-XRMQ-ZP95-J0RWP3DYRACW',\n  Created_On: '2017-05-17T12:55:14.111Z',\n  Is_Active: true,\n  Modified_On: '2017-05-17T12:55:14.111Z',\n  Client_Id: 2,\n  _id: '591c48321cc1042aec9ee6c9' }","timestamp":"10:18:34 AM"}
{"level":"info","message":"Finish api_log_summary","timestamp":"10:18:34 AM"}
{"level":"info","message":"Waiting api_log_summary","timestamp":"10:39:24 AM"}
{"level":"info","message":"Client_Details { Platform: 'Website',\n  Role: 'LMClient',\n  Integration_Type: 'NonPOSP',\n  Premium_Source: 'Real',\n  __v: 0,\n  Response_Type: 'QUOTE',\n  Client_Name: 'PolicyBoss',\n  Client_Unique_Id: 'CLIENT-CNTP6NYE-CU9N-DUZW-CSPI-SH1IS4DOVHB9',\n  Secret_Key: 'SECRET-HZ07QRWY-JIBT-XRMQ-ZP95-J0RWP3DYRACW',\n  Created_On: '2017-05-17T12:55:14.111Z',\n  Is_Active: true,\n  Modified_On: '2017-05-17T12:55:14.111Z',\n  Client_Id: 2,\n  _id: '591c48321cc1042aec9ee6c9' }","timestamp":"10:39:24 AM"}
{"level":"info","message":"Finish api_log_summary","timestamp":"10:39:24 AM"}
{"level":"info","message":"Waiting api_log_summary","timestamp":"10:41:08 AM"}
{"level":"info","message":"Client_Details { Platform: 'Website',\n  Role: 'LMClient',\n  Integration_Type: 'NonPOSP',\n  Premium_Source: 'Real',\n  __v: 0,\n  Response_Type: 'QUOTE',\n  Client_Name: 'PolicyBoss',\n  Client_Unique_Id: 'CLIENT-CNTP6NYE-CU9N-DUZW-CSPI-SH1IS4DOVHB9',\n  Secret_Key: 'SECRET-HZ07QRWY-JIBT-XRMQ-ZP95-J0RWP3DYRACW',\n  Created_On: '2017-05-17T12:55:14.111Z',\n  Is_Active: true,\n  Modified_On: '2017-05-17T12:55:14.111Z',\n  Client_Id: 2,\n  _id: '591c48321cc1042aec9ee6c9' }","timestamp":"10:41:08 AM"}
{"level":"info","message":"Finish api_log_summary","timestamp":"10:41:08 AM"}
{"level":"info","message":"Waiting api_log_summary","timestamp":"10:41:52 AM"}
{"level":"info","message":"Client_Details { Platform: 'Website',\n  Role: 'LMClient',\n  Integration_Type: 'NonPOSP',\n  Premium_Source: 'Real',\n  __v: 0,\n  Response_Type: 'QUOTE',\n  Client_Name: 'PolicyBoss',\n  Client_Unique_Id: 'CLIENT-CNTP6NYE-CU9N-DUZW-CSPI-SH1IS4DOVHB9',\n  Secret_Key: 'SECRET-HZ07QRWY-JIBT-XRMQ-ZP95-J0RWP3DYRACW',\n  Created_On: '2017-05-17T12:55:14.111Z',\n  Is_Active: true,\n  Modified_On: '2017-05-17T12:55:14.111Z',\n  Client_Id: 2,\n  _id: '591c48321cc1042aec9ee6c9' }","timestamp":"10:41:52 AM"}
{"level":"info","message":"Finish api_log_summary","timestamp":"10:41:52 AM"}
{"level":"info","message":"Waiting api_log_summary","timestamp":"10:43:34 AM"}
{"level":"info","message":"Client_Details { Platform: 'Website',\n  Role: 'LMClient',\n  Integration_Type: 'NonPOSP',\n  Premium_Source: 'Real',\n  __v: 0,\n  Response_Type: 'QUOTE',\n  Client_Name: 'PolicyBoss',\n  Client_Unique_Id: 'CLIENT-CNTP6NYE-CU9N-DUZW-CSPI-SH1IS4DOVHB9',\n  Secret_Key: 'SECRET-HZ07QRWY-JIBT-XRMQ-ZP95-J0RWP3DYRACW',\n  Created_On: '2017-05-17T12:55:14.111Z',\n  Is_Active: true,\n  Modified_On: '2017-05-17T12:55:14.111Z',\n  Client_Id: 2,\n  _id: '591c48321cc1042aec9ee6c9' }","timestamp":"10:43:34 AM"}
{"level":"info","message":"Finish api_log_summary","timestamp":"10:43:34 AM"}
{"level":"info","message":"Waiting api_log_summary","timestamp":"10:56:14 AM"}
{"level":"info","message":"Client_Details { Platform: 'Website',\n  Role: 'LMClient',\n  Integration_Type: 'NonPOSP',\n  Premium_Source: 'Real',\n  __v: 0,\n  Response_Type: 'QUOTE',\n  Client_Name: 'PolicyBoss',\n  Client_Unique_Id: 'CLIENT-CNTP6NYE-CU9N-DUZW-CSPI-SH1IS4DOVHB9',\n  Secret_Key: 'SECRET-HZ07QRWY-JIBT-XRMQ-ZP95-J0RWP3DYRACW',\n  Created_On: '2017-05-17T12:55:14.111Z',\n  Is_Active: true,\n  Modified_On: '2017-05-17T12:55:14.111Z',\n  Client_Id: 2,\n  _id: '591c48321cc1042aec9ee6c9' }","timestamp":"10:56:14 AM"}
{"level":"info","message":"Finish api_log_summary","timestamp":"10:56:14 AM"}
{"level":"info","message":"Waiting api_log_summary","timestamp":"11:06:18 AM"}
{"level":"info","message":"Client_Details { Platform: 'Website',\n  Role: 'LMClient',\n  Integration_Type: 'NonPOSP',\n  Premium_Source: 'Real',\n  __v: 0,\n  Response_Type: 'QUOTE',\n  Client_Name: 'PolicyBoss',\n  Client_Unique_Id: 'CLIENT-CNTP6NYE-CU9N-DUZW-CSPI-SH1IS4DOVHB9',\n  Secret_Key: 'SECRET-HZ07QRWY-JIBT-XRMQ-ZP95-J0RWP3DYRACW',\n  Created_On: '2017-05-17T12:55:14.111Z',\n  Is_Active: true,\n  Modified_On: '2017-05-17T12:55:14.111Z',\n  Client_Id: 2,\n  _id: '591c48321cc1042aec9ee6c9' }","timestamp":"11:06:18 AM"}
{"level":"info","message":"Finish api_log_summary","timestamp":"11:06:18 AM"}
{"level":"info","message":"Waiting api_log_summary","timestamp":"11:07:01 AM"}
{"level":"info","message":"Client_Details { Platform: 'Website',\n  Role: 'LMClient',\n  Integration_Type: 'NonPOSP',\n  Premium_Source: 'Real',\n  __v: 0,\n  Response_Type: 'QUOTE',\n  Client_Name: 'PolicyBoss',\n  Client_Unique_Id: 'CLIENT-CNTP6NYE-CU9N-DUZW-CSPI-SH1IS4DOVHB9',\n  Secret_Key: 'SECRET-HZ07QRWY-JIBT-XRMQ-ZP95-J0RWP3DYRACW',\n  Created_On: '2017-05-17T12:55:14.111Z',\n  Is_Active: true,\n  Modified_On: '2017-05-17T12:55:14.111Z',\n  Client_Id: 2,\n  _id: '591c48321cc1042aec9ee6c9' }","timestamp":"11:07:01 AM"}
{"level":"info","message":"Finish api_log_summary","timestamp":"11:07:01 AM"}
{"level":"info","message":"Waiting api_log_summary","timestamp":"11:07:19 AM"}
{"level":"info","message":"Client_Details { Platform: 'Website',\n  Role: 'LMClient',\n  Integration_Type: 'NonPOSP',\n  Premium_Source: 'Real',\n  __v: 0,\n  Response_Type: 'QUOTE',\n  Client_Name: 'PolicyBoss',\n  Client_Unique_Id: 'CLIENT-CNTP6NYE-CU9N-DUZW-CSPI-SH1IS4DOVHB9',\n  Secret_Key: 'SECRET-HZ07QRWY-JIBT-XRMQ-ZP95-J0RWP3DYRACW',\n  Created_On: '2017-05-17T12:55:14.111Z',\n  Is_Active: true,\n  Modified_On: '2017-05-17T12:55:14.111Z',\n  Client_Id: 2,\n  _id: '591c48321cc1042aec9ee6c9' }","timestamp":"11:07:19 AM"}
{"level":"info","message":"Finish api_log_summary","timestamp":"11:07:19 AM"}
{"level":"info","message":"Waiting api_log_summary","timestamp":"11:14:17 AM"}
{"level":"info","message":"Client_Details { Platform: 'Website',\n  Role: 'LMClient',\n  Integration_Type: 'NonPOSP',\n  Premium_Source: 'Real',\n  __v: 0,\n  Response_Type: 'QUOTE',\n  Client_Name: 'PolicyBoss',\n  Client_Unique_Id: 'CLIENT-CNTP6NYE-CU9N-DUZW-CSPI-SH1IS4DOVHB9',\n  Secret_Key: 'SECRET-HZ07QRWY-JIBT-XRMQ-ZP95-J0RWP3DYRACW',\n  Created_On: '2017-05-17T12:55:14.111Z',\n  Is_Active: true,\n  Modified_On: '2017-05-17T12:55:14.111Z',\n  Client_Id: 2,\n  _id: '591c48321cc1042aec9ee6c9' }","timestamp":"11:14:17 AM"}
{"level":"info","message":"Finish api_log_summary","timestamp":"11:14:17 AM"}
{"level":"info","message":"Waiting api_log_summary","timestamp":"11:23:49 AM"}
{"level":"info","message":"Client_Details { Platform: 'Website',\n  Role: 'LMClient',\n  Integration_Type: 'NonPOSP',\n  Premium_Source: 'Real',\n  __v: 0,\n  Response_Type: 'QUOTE',\n  Client_Name: 'PolicyBoss',\n  Client_Unique_Id: 'CLIENT-CNTP6NYE-CU9N-DUZW-CSPI-SH1IS4DOVHB9',\n  Secret_Key: 'SECRET-HZ07QRWY-JIBT-XRMQ-ZP95-J0RWP3DYRACW',\n  Created_On: '2017-05-17T12:55:14.111Z',\n  Is_Active: true,\n  Modified_On: '2017-05-17T12:55:14.111Z',\n  Client_Id: 2,\n  _id: '591c48321cc1042aec9ee6c9' }","timestamp":"11:23:49 AM"}
{"level":"info","message":"Finish api_log_summary","timestamp":"11:23:49 AM"}
{"level":"info","message":"Waiting api_log_summary","timestamp":"11:27:13 AM"}
{"level":"info","message":"Client_Details { Platform: 'Website',\n  Role: 'LMClient',\n  Integration_Type: 'NonPOSP',\n  Premium_Source: 'Real',\n  __v: 0,\n  Response_Type: 'QUOTE',\n  Client_Name: 'PolicyBoss',\n  Client_Unique_Id: 'CLIENT-CNTP6NYE-CU9N-DUZW-CSPI-SH1IS4DOVHB9',\n  Secret_Key: 'SECRET-HZ07QRWY-JIBT-XRMQ-ZP95-J0RWP3DYRACW',\n  Created_On: '2017-05-17T12:55:14.111Z',\n  Is_Active: true,\n  Modified_On: '2017-05-17T12:55:14.111Z',\n  Client_Id: 2,\n  _id: '591c48321cc1042aec9ee6c9' }","timestamp":"11:27:13 AM"}
{"level":"info","message":"Finish api_log_summary","timestamp":"11:27:13 AM"}
{"level":"info","message":"Waiting api_log_summary","timestamp":"11:27:30 AM"}
{"level":"info","message":"Client_Details { Platform: 'Website',\n  Role: 'LMClient',\n  Integration_Type: 'NonPOSP',\n  Premium_Source: 'Real',\n  __v: 0,\n  Response_Type: 'QUOTE',\n  Client_Name: 'PolicyBoss',\n  Client_Unique_Id: 'CLIENT-CNTP6NYE-CU9N-DUZW-CSPI-SH1IS4DOVHB9',\n  Secret_Key: 'SECRET-HZ07QRWY-JIBT-XRMQ-ZP95-J0RWP3DYRACW',\n  Created_On: '2017-05-17T12:55:14.111Z',\n  Is_Active: true,\n  Modified_On: '2017-05-17T12:55:14.111Z',\n  Client_Id: 2,\n  _id: '591c48321cc1042aec9ee6c9' }","timestamp":"11:27:30 AM"}
{"level":"info","message":"Finish api_log_summary","timestamp":"11:27:30 AM"}
{"level":"info","message":"Waiting api_log_summary","timestamp":"11:29:05 AM"}
{"level":"info","message":"Client_Details { Platform: 'Website',\n  Role: 'LMClient',\n  Integration_Type: 'NonPOSP',\n  Premium_Source: 'Real',\n  __v: 0,\n  Response_Type: 'QUOTE',\n  Client_Name: 'PolicyBoss',\n  Client_Unique_Id: 'CLIENT-CNTP6NYE-CU9N-DUZW-CSPI-SH1IS4DOVHB9',\n  Secret_Key: 'SECRET-HZ07QRWY-JIBT-XRMQ-ZP95-J0RWP3DYRACW',\n  Created_On: '2017-05-17T12:55:14.111Z',\n  Is_Active: true,\n  Modified_On: '2017-05-17T12:55:14.111Z',\n  Client_Id: 2,\n  _id: '591c48321cc1042aec9ee6c9' }","timestamp":"11:29:05 AM"}
{"level":"info","message":"Finish api_log_summary","timestamp":"11:29:05 AM"}
{"level":"info","message":"Waiting api_log_summary","timestamp":"11:51:03 AM"}
{"level":"info","message":"Client_Details { Platform: 'Website',\n  Role: 'LMClient',\n  Integration_Type: 'NonPOSP',\n  Premium_Source: 'Real',\n  __v: 0,\n  Response_Type: 'QUOTE',\n  Client_Name: 'PolicyBoss',\n  Client_Unique_Id: 'CLIENT-CNTP6NYE-CU9N-DUZW-CSPI-SH1IS4DOVHB9',\n  Secret_Key: 'SECRET-HZ07QRWY-JIBT-XRMQ-ZP95-J0RWP3DYRACW',\n  Created_On: '2017-05-17T12:55:14.111Z',\n  Is_Active: true,\n  Modified_On: '2017-05-17T12:55:14.111Z',\n  Client_Id: 2,\n  _id: '591c48321cc1042aec9ee6c9' }","timestamp":"11:51:03 AM"}
{"level":"info","message":"Finish api_log_summary","timestamp":"11:51:03 AM"}
{"level":"info","message":"Waiting api_log_summary","timestamp":"11:52:05 AM"}
{"level":"info","message":"Client_Details { Platform: 'Website',\n  Role: 'LMClient',\n  Integration_Type: 'NonPOSP',\n  Premium_Source: 'Real',\n  __v: 0,\n  Response_Type: 'QUOTE',\n  Client_Name: 'PolicyBoss',\n  Client_Unique_Id: 'CLIENT-CNTP6NYE-CU9N-DUZW-CSPI-SH1IS4DOVHB9',\n  Secret_Key: 'SECRET-HZ07QRWY-JIBT-XRMQ-ZP95-J0RWP3DYRACW',\n  Created_On: '2017-05-17T12:55:14.111Z',\n  Is_Active: true,\n  Modified_On: '2017-05-17T12:55:14.111Z',\n  Client_Id: 2,\n  _id: '591c48321cc1042aec9ee6c9' }","timestamp":"11:52:05 AM"}
{"level":"info","message":"Finish api_log_summary","timestamp":"11:52:05 AM"}
{"level":"info","message":"Waiting api_log_summary","timestamp":"11:55:55 AM"}
{"level":"info","message":"Client_Details { Platform: 'Website',\n  Role: 'LMClient',\n  Integration_Type: 'NonPOSP',\n  Premium_Source: 'Real',\n  __v: 0,\n  Response_Type: 'QUOTE',\n  Client_Name: 'PolicyBoss',\n  Client_Unique_Id: 'CLIENT-CNTP6NYE-CU9N-DUZW-CSPI-SH1IS4DOVHB9',\n  Secret_Key: 'SECRET-HZ07QRWY-JIBT-XRMQ-ZP95-J0RWP3DYRACW',\n  Created_On: '2017-05-17T12:55:14.111Z',\n  Is_Active: true,\n  Modified_On: '2017-05-17T12:55:14.111Z',\n  Client_Id: 2,\n  _id: '591c48321cc1042aec9ee6c9' }","timestamp":"11:55:55 AM"}
{"level":"info","message":"Finish api_log_summary","timestamp":"11:55:55 AM"}
{"level":"info","message":"Waiting api_log_summary","timestamp":"11:56:51 AM"}
{"level":"info","message":"Client_Details { Platform: 'Website',\n  Role: 'LMClient',\n  Integration_Type: 'NonPOSP',\n  Premium_Source: 'Real',\n  __v: 0,\n  Response_Type: 'QUOTE',\n  Client_Name: 'PolicyBoss',\n  Client_Unique_Id: 'CLIENT-CNTP6NYE-CU9N-DUZW-CSPI-SH1IS4DOVHB9',\n  Secret_Key: 'SECRET-HZ07QRWY-JIBT-XRMQ-ZP95-J0RWP3DYRACW',\n  Created_On: '2017-05-17T12:55:14.111Z',\n  Is_Active: true,\n  Modified_On: '2017-05-17T12:55:14.111Z',\n  Client_Id: 2,\n  _id: '591c48321cc1042aec9ee6c9' }","timestamp":"11:56:51 AM"}
{"level":"info","message":"Finish api_log_summary","timestamp":"11:56:51 AM"}
{"level":"info","message":"Waiting api_log_summary","timestamp":"11:57:37 AM"}
{"level":"info","message":"Client_Details { Platform: 'Website',\n  Role: 'LMClient',\n  Integration_Type: 'NonPOSP',\n  Premium_Source: 'Real',\n  __v: 0,\n  Response_Type: 'QUOTE',\n  Client_Name: 'PolicyBoss',\n  Client_Unique_Id: 'CLIENT-CNTP6NYE-CU9N-DUZW-CSPI-SH1IS4DOVHB9',\n  Secret_Key: 'SECRET-HZ07QRWY-JIBT-XRMQ-ZP95-J0RWP3DYRACW',\n  Created_On: '2017-05-17T12:55:14.111Z',\n  Is_Active: true,\n  Modified_On: '2017-05-17T12:55:14.111Z',\n  Client_Id: 2,\n  _id: '591c48321cc1042aec9ee6c9' }","timestamp":"11:57:37 AM"}
{"level":"info","message":"Finish api_log_summary","timestamp":"11:57:37 AM"}
{"level":"info","message":"Waiting api_log_summary","timestamp":"12:42:51 PM"}
{"level":"info","message":"Client_Details { Platform: 'Website',\n  Role: 'LMClient',\n  Integration_Type: 'NonPOSP',\n  Premium_Source: 'Real',\n  __v: 0,\n  Response_Type: 'QUOTE',\n  Client_Name: 'PolicyBoss',\n  Client_Unique_Id: 'CLIENT-CNTP6NYE-CU9N-DUZW-CSPI-SH1IS4DOVHB9',\n  Secret_Key: 'SECRET-HZ07QRWY-JIBT-XRMQ-ZP95-J0RWP3DYRACW',\n  Created_On: '2017-05-17T12:55:14.111Z',\n  Is_Active: true,\n  Modified_On: '2017-05-17T12:55:14.111Z',\n  Client_Id: 2,\n  _id: '591c48321cc1042aec9ee6c9' }","timestamp":"12:42:51 PM"}
{"level":"info","message":"Finish api_log_summary","timestamp":"12:42:51 PM"}
{"level":"info","message":"Waiting api_log_summary","timestamp":"12:43:55 PM"}
{"level":"info","message":"Client_Details { Platform: 'Website',\n  Role: 'LMClient',\n  Integration_Type: 'NonPOSP',\n  Premium_Source: 'Real',\n  __v: 0,\n  Response_Type: 'QUOTE',\n  Client_Name: 'PolicyBoss',\n  Client_Unique_Id: 'CLIENT-CNTP6NYE-CU9N-DUZW-CSPI-SH1IS4DOVHB9',\n  Secret_Key: 'SECRET-HZ07QRWY-JIBT-XRMQ-ZP95-J0RWP3DYRACW',\n  Created_On: '2017-05-17T12:55:14.111Z',\n  Is_Active: true,\n  Modified_On: '2017-05-17T12:55:14.111Z',\n  Client_Id: 2,\n  _id: '591c48321cc1042aec9ee6c9' }","timestamp":"12:43:55 PM"}
{"level":"info","message":"Finish api_log_summary","timestamp":"12:43:55 PM"}
{"level":"info","message":"Waiting api_log_summary","timestamp":"12:47:25 PM"}
{"level":"info","message":"Client_Details { Platform: 'Website',\n  Role: 'LMClient',\n  Integration_Type: 'NonPOSP',\n  Premium_Source: 'Real',\n  __v: 0,\n  Response_Type: 'QUOTE',\n  Client_Name: 'PolicyBoss',\n  Client_Unique_Id: 'CLIENT-CNTP6NYE-CU9N-DUZW-CSPI-SH1IS4DOVHB9',\n  Secret_Key: 'SECRET-HZ07QRWY-JIBT-XRMQ-ZP95-J0RWP3DYRACW',\n  Created_On: '2017-05-17T12:55:14.111Z',\n  Is_Active: true,\n  Modified_On: '2017-05-17T12:55:14.111Z',\n  Client_Id: 2,\n  _id: '591c48321cc1042aec9ee6c9' }","timestamp":"12:47:25 PM"}
{"level":"info","message":"Finish api_log_summary","timestamp":"12:47:25 PM"}
{"level":"info","message":"Waiting api_log_summary","timestamp":"12:52:27 PM"}
{"level":"info","message":"Client_Details { Platform: 'Website',\n  Role: 'LMClient',\n  Integration_Type: 'NonPOSP',\n  Premium_Source: 'Real',\n  __v: 0,\n  Response_Type: 'QUOTE',\n  Client_Name: 'PolicyBoss',\n  Client_Unique_Id: 'CLIENT-CNTP6NYE-CU9N-DUZW-CSPI-SH1IS4DOVHB9',\n  Secret_Key: 'SECRET-HZ07QRWY-JIBT-XRMQ-ZP95-J0RWP3DYRACW',\n  Created_On: '2017-05-17T12:55:14.111Z',\n  Is_Active: true,\n  Modified_On: '2017-05-17T12:55:14.111Z',\n  Client_Id: 2,\n  _id: '591c48321cc1042aec9ee6c9' }","timestamp":"12:52:27 PM"}
{"level":"info","message":"Finish api_log_summary","timestamp":"12:52:27 PM"}
{"level":"info","message":"Waiting api_log_summary","timestamp":"1:07:50 PM"}
{"level":"info","message":"Client_Details { Platform: 'Website',\n  Role: 'LMClient',\n  Integration_Type: 'NonPOSP',\n  Premium_Source: 'Real',\n  __v: 0,\n  Response_Type: 'QUOTE',\n  Client_Name: 'PolicyBoss',\n  Client_Unique_Id: 'CLIENT-CNTP6NYE-CU9N-DUZW-CSPI-SH1IS4DOVHB9',\n  Secret_Key: 'SECRET-HZ07QRWY-JIBT-XRMQ-ZP95-J0RWP3DYRACW',\n  Created_On: '2017-05-17T12:55:14.111Z',\n  Is_Active: true,\n  Modified_On: '2017-05-17T12:55:14.111Z',\n  Client_Id: 2,\n  _id: '591c48321cc1042aec9ee6c9' }","timestamp":"1:07:50 PM"}
{"level":"info","message":"Finish api_log_summary","timestamp":"1:07:50 PM"}
{"level":"info","message":"Waiting api_log_summary","timestamp":"1:13:09 PM"}
{"level":"info","message":"Client_Details { Platform: 'Website',\n  Role: 'LMClient',\n  Integration_Type: 'NonPOSP',\n  Premium_Source: 'Real',\n  __v: 0,\n  Response_Type: 'QUOTE',\n  Client_Name: 'PolicyBoss',\n  Client_Unique_Id: 'CLIENT-CNTP6NYE-CU9N-DUZW-CSPI-SH1IS4DOVHB9',\n  Secret_Key: 'SECRET-HZ07QRWY-JIBT-XRMQ-ZP95-J0RWP3DYRACW',\n  Created_On: '2017-05-17T12:55:14.111Z',\n  Is_Active: true,\n  Modified_On: '2017-05-17T12:55:14.111Z',\n  Client_Id: 2,\n  _id: '591c48321cc1042aec9ee6c9' }","timestamp":"1:13:09 PM"}
{"level":"info","message":"Finish api_log_summary","timestamp":"1:13:09 PM"}
{"level":"info","message":"Waiting api_log_summary","timestamp":"1:28:36 PM"}
{"level":"info","message":"Client_Details { Platform: 'Website',\n  Role: 'LMClient',\n  Integration_Type: 'NonPOSP',\n  Premium_Source: 'Real',\n  __v: 0,\n  Response_Type: 'QUOTE',\n  Client_Name: 'PolicyBoss',\n  Client_Unique_Id: 'CLIENT-CNTP6NYE-CU9N-DUZW-CSPI-SH1IS4DOVHB9',\n  Secret_Key: 'SECRET-HZ07QRWY-JIBT-XRMQ-ZP95-J0RWP3DYRACW',\n  Created_On: '2017-05-17T12:55:14.111Z',\n  Is_Active: true,\n  Modified_On: '2017-05-17T12:55:14.111Z',\n  Client_Id: 2,\n  _id: '591c48321cc1042aec9ee6c9' }","timestamp":"1:28:36 PM"}
{"level":"info","message":"Finish api_log_summary","timestamp":"1:28:36 PM"}
{"level":"info","message":"Waiting api_log_summary","timestamp":"1:30:15 PM"}
{"level":"info","message":"Client_Details { Platform: 'Website',\n  Role: 'LMClient',\n  Integration_Type: 'NonPOSP',\n  Premium_Source: 'Real',\n  __v: 0,\n  Response_Type: 'QUOTE',\n  Client_Name: 'PolicyBoss',\n  Client_Unique_Id: 'CLIENT-CNTP6NYE-CU9N-DUZW-CSPI-SH1IS4DOVHB9',\n  Secret_Key: 'SECRET-HZ07QRWY-JIBT-XRMQ-ZP95-J0RWP3DYRACW',\n  Created_On: '2017-05-17T12:55:14.111Z',\n  Is_Active: true,\n  Modified_On: '2017-05-17T12:55:14.111Z',\n  Client_Id: 2,\n  _id: '591c48321cc1042aec9ee6c9' }","timestamp":"1:30:15 PM"}
{"level":"info","message":"Finish api_log_summary","timestamp":"1:30:15 PM"}
{"level":"info","message":"Waiting api_log_summary","timestamp":"1:36:31 PM"}
{"level":"info","message":"Client_Details { Platform: 'Website',\n  Role: 'LMClient',\n  Integration_Type: 'NonPOSP',\n  Premium_Source: 'Real',\n  __v: 0,\n  Response_Type: 'QUOTE',\n  Client_Name: 'PolicyBoss',\n  Client_Unique_Id: 'CLIENT-CNTP6NYE-CU9N-DUZW-CSPI-SH1IS4DOVHB9',\n  Secret_Key: 'SECRET-HZ07QRWY-JIBT-XRMQ-ZP95-J0RWP3DYRACW',\n  Created_On: '2017-05-17T12:55:14.111Z',\n  Is_Active: true,\n  Modified_On: '2017-05-17T12:55:14.111Z',\n  Client_Id: 2,\n  _id: '591c48321cc1042aec9ee6c9' }","timestamp":"1:36:31 PM"}
{"level":"info","message":"Finish api_log_summary","timestamp":"1:36:31 PM"}
{"level":"info","message":"Waiting api_log_summary","timestamp":"1:48:29 PM"}
{"level":"info","message":"Client_Details { Platform: 'Website',\n  Role: 'LMClient',\n  Integration_Type: 'NonPOSP',\n  Premium_Source: 'Real',\n  __v: 0,\n  Response_Type: 'QUOTE',\n  Client_Name: 'PolicyBoss',\n  Client_Unique_Id: 'CLIENT-CNTP6NYE-CU9N-DUZW-CSPI-SH1IS4DOVHB9',\n  Secret_Key: 'SECRET-HZ07QRWY-JIBT-XRMQ-ZP95-J0RWP3DYRACW',\n  Created_On: '2017-05-17T12:55:14.111Z',\n  Is_Active: true,\n  Modified_On: '2017-05-17T12:55:14.111Z',\n  Client_Id: 2,\n  _id: '591c48321cc1042aec9ee6c9' }","timestamp":"1:48:29 PM"}
{"level":"info","message":"Finish api_log_summary","timestamp":"1:48:29 PM"}
{"level":"info","message":"Waiting api_log_summary","timestamp":"1:53:18 PM"}
{"level":"info","message":"Client_Details { Platform: 'Website',\n  Role: 'LMClient',\n  Integration_Type: 'NonPOSP',\n  Premium_Source: 'Real',\n  __v: 0,\n  Response_Type: 'QUOTE',\n  Client_Name: 'PolicyBoss',\n  Client_Unique_Id: 'CLIENT-CNTP6NYE-CU9N-DUZW-CSPI-SH1IS4DOVHB9',\n  Secret_Key: 'SECRET-HZ07QRWY-JIBT-XRMQ-ZP95-J0RWP3DYRACW',\n  Created_On: '2017-05-17T12:55:14.111Z',\n  Is_Active: true,\n  Modified_On: '2017-05-17T12:55:14.111Z',\n  Client_Id: 2,\n  _id: '591c48321cc1042aec9ee6c9' }","timestamp":"1:53:18 PM"}
{"level":"info","message":"Finish api_log_summary","timestamp":"1:53:18 PM"}
{"level":"info","message":"Waiting api_log_summary","timestamp":"2:03:56 PM"}
{"level":"info","message":"Client_Details { Platform: 'Website',\n  Role: 'LMClient',\n  Integration_Type: 'NonPOSP',\n  Premium_Source: 'Real',\n  __v: 0,\n  Response_Type: 'QUOTE',\n  Client_Name: 'PolicyBoss',\n  Client_Unique_Id: 'CLIENT-CNTP6NYE-CU9N-DUZW-CSPI-SH1IS4DOVHB9',\n  Secret_Key: 'SECRET-HZ07QRWY-JIBT-XRMQ-ZP95-J0RWP3DYRACW',\n  Created_On: '2017-05-17T12:55:14.111Z',\n  Is_Active: true,\n  Modified_On: '2017-05-17T12:55:14.111Z',\n  Client_Id: 2,\n  _id: '591c48321cc1042aec9ee6c9' }","timestamp":"2:03:56 PM"}
{"level":"info","message":"Finish api_log_summary","timestamp":"2:03:56 PM"}
{"level":"info","message":"Waiting api_log_summary","timestamp":"2:07:27 PM"}
{"level":"info","message":"Client_Details { Platform: 'Website',\n  Role: 'LMClient',\n  Integration_Type: 'NonPOSP',\n  Premium_Source: 'Real',\n  __v: 0,\n  Response_Type: 'QUOTE',\n  Client_Name: 'PolicyBoss',\n  Client_Unique_Id: 'CLIENT-CNTP6NYE-CU9N-DUZW-CSPI-SH1IS4DOVHB9',\n  Secret_Key: 'SECRET-HZ07QRWY-JIBT-XRMQ-ZP95-J0RWP3DYRACW',\n  Created_On: '2017-05-17T12:55:14.111Z',\n  Is_Active: true,\n  Modified_On: '2017-05-17T12:55:14.111Z',\n  Client_Id: 2,\n  _id: '591c48321cc1042aec9ee6c9' }","timestamp":"2:07:27 PM"}
{"level":"info","message":"Finish api_log_summary","timestamp":"2:07:27 PM"}
{"level":"info","message":"Waiting api_log_summary","timestamp":"2:17:43 PM"}
{"level":"info","message":"Client_Details { Platform: 'Website',\n  Role: 'LMClient',\n  Integration_Type: 'NonPOSP',\n  Premium_Source: 'Real',\n  __v: 0,\n  Response_Type: 'QUOTE',\n  Client_Name: 'PolicyBoss',\n  Client_Unique_Id: 'CLIENT-CNTP6NYE-CU9N-DUZW-CSPI-SH1IS4DOVHB9',\n  Secret_Key: 'SECRET-HZ07QRWY-JIBT-XRMQ-ZP95-J0RWP3DYRACW',\n  Created_On: '2017-05-17T12:55:14.111Z',\n  Is_Active: true,\n  Modified_On: '2017-05-17T12:55:14.111Z',\n  Client_Id: 2,\n  _id: '591c48321cc1042aec9ee6c9' }","timestamp":"2:17:43 PM"}
{"level":"info","message":"Finish api_log_summary","timestamp":"2:17:43 PM"}
{"level":"info","message":"Waiting api_log_summary","timestamp":"2:17:58 PM"}
{"level":"info","message":"Client_Details { Platform: 'Website',\n  Role: 'LMClient',\n  Integration_Type: 'NonPOSP',\n  Premium_Source: 'Real',\n  __v: 0,\n  Response_Type: 'QUOTE',\n  Client_Name: 'PolicyBoss',\n  Client_Unique_Id: 'CLIENT-CNTP6NYE-CU9N-DUZW-CSPI-SH1IS4DOVHB9',\n  Secret_Key: 'SECRET-HZ07QRWY-JIBT-XRMQ-ZP95-J0RWP3DYRACW',\n  Created_On: '2017-05-17T12:55:14.111Z',\n  Is_Active: true,\n  Modified_On: '2017-05-17T12:55:14.111Z',\n  Client_Id: 2,\n  _id: '591c48321cc1042aec9ee6c9' }","timestamp":"2:17:58 PM"}
{"level":"info","message":"Finish api_log_summary","timestamp":"2:17:58 PM"}
{"level":"info","message":"Waiting api_log_summary","timestamp":"2:21:21 PM"}
{"level":"info","message":"Client_Details { Platform: 'Website',\n  Role: 'LMClient',\n  Integration_Type: 'NonPOSP',\n  Premium_Source: 'Real',\n  __v: 0,\n  Response_Type: 'QUOTE',\n  Client_Name: 'PolicyBoss',\n  Client_Unique_Id: 'CLIENT-CNTP6NYE-CU9N-DUZW-CSPI-SH1IS4DOVHB9',\n  Secret_Key: 'SECRET-HZ07QRWY-JIBT-XRMQ-ZP95-J0RWP3DYRACW',\n  Created_On: '2017-05-17T12:55:14.111Z',\n  Is_Active: true,\n  Modified_On: '2017-05-17T12:55:14.111Z',\n  Client_Id: 2,\n  _id: '591c48321cc1042aec9ee6c9' }","timestamp":"2:21:21 PM"}
{"level":"info","message":"Finish api_log_summary","timestamp":"2:21:21 PM"}
{"level":"info","message":"Waiting api_log_summary","timestamp":"2:25:09 PM"}
{"level":"info","message":"Client_Details { Platform: 'Website',\n  Role: 'LMClient',\n  Integration_Type: 'NonPOSP',\n  Premium_Source: 'Real',\n  __v: 0,\n  Response_Type: 'QUOTE',\n  Client_Name: 'PolicyBoss',\n  Client_Unique_Id: 'CLIENT-CNTP6NYE-CU9N-DUZW-CSPI-SH1IS4DOVHB9',\n  Secret_Key: 'SECRET-HZ07QRWY-JIBT-XRMQ-ZP95-J0RWP3DYRACW',\n  Created_On: '2017-05-17T12:55:14.111Z',\n  Is_Active: true,\n  Modified_On: '2017-05-17T12:55:14.111Z',\n  Client_Id: 2,\n  _id: '591c48321cc1042aec9ee6c9' }","timestamp":"2:25:09 PM"}
{"level":"info","message":"Finish api_log_summary","timestamp":"2:25:09 PM"}
{"level":"info","message":"Waiting api_log_summary","timestamp":"2:26:16 PM"}
{"level":"info","message":"Client_Details { Platform: 'Website',\n  Role: 'LMClient',\n  Integration_Type: 'NonPOSP',\n  Premium_Source: 'Real',\n  __v: 0,\n  Response_Type: 'QUOTE',\n  Client_Name: 'PolicyBoss',\n  Client_Unique_Id: 'CLIENT-CNTP6NYE-CU9N-DUZW-CSPI-SH1IS4DOVHB9',\n  Secret_Key: 'SECRET-HZ07QRWY-JIBT-XRMQ-ZP95-J0RWP3DYRACW',\n  Created_On: '2017-05-17T12:55:14.111Z',\n  Is_Active: true,\n  Modified_On: '2017-05-17T12:55:14.111Z',\n  Client_Id: 2,\n  _id: '591c48321cc1042aec9ee6c9' }","timestamp":"2:26:16 PM"}
{"level":"info","message":"Finish api_log_summary","timestamp":"2:26:16 PM"}
{"level":"info","message":"$$$$$$$$$$$$$$$$$$$$$$$$","timestamp":"2:39:15 PM"}
{"meta":"","level":"info","message":"","timestamp":"2:39:15 PM"}
{"level":"info","message":"Development Environment is Listening on port 3000","timestamp":"2:39:15 PM"}
{"level":"info","message":"Web URL : http://localhost:3000","timestamp":"2:39:15 PM"}
{"meta":"","level":"info","message":"","timestamp":"2:39:15 PM"}
{"level":"info","message":"$$$$$$$$$$$$$$$$$$$$$$$$","timestamp":"2:39:15 PM"}
{"meta":"","level":"info","message":"","timestamp":"2:39:15 PM"}
{"level":"info","message":"$$$$$$$$$$$$$$$$$$$$$$$$","timestamp":"3:25:21 PM"}
{"meta":"","level":"info","message":"","timestamp":"3:25:21 PM"}
{"level":"info","message":"Development Environment is Listening on port 3000","timestamp":"3:25:21 PM"}
{"level":"info","message":"Web URL : http://localhost:3000","timestamp":"3:25:21 PM"}
{"meta":"","level":"info","message":"","timestamp":"3:25:21 PM"}
{"level":"info","message":"$$$$$$$$$$$$$$$$$$$$$$$$","timestamp":"3:25:21 PM"}
{"meta":"","level":"info","message":"","timestamp":"3:25:21 PM"}
{"level":"info","message":"$$$$$$$$$$$$$$$$$$$$$$$$","timestamp":"3:29:12 PM"}
{"meta":"","level":"info","message":"","timestamp":"3:29:12 PM"}
{"level":"info","message":"Development Environment is Listening on port 3000","timestamp":"3:29:12 PM"}
{"level":"info","message":"Web URL : http://localhost:3000","timestamp":"3:29:12 PM"}
{"meta":"","level":"info","message":"","timestamp":"3:29:12 PM"}
{"level":"info","message":"$$$$$$$$$$$$$$$$$$$$$$$$","timestamp":"3:29:12 PM"}
{"meta":"","level":"info","message":"","timestamp":"3:29:12 PM"}
{"level":"info","message":"$$$$$$$$$$$$$$$$$$$$$$$$","timestamp":"3:35:06 PM"}
{"meta":"","level":"info","message":"","timestamp":"3:35:06 PM"}
{"level":"info","message":"Development Environment is Listening on port 3000","timestamp":"3:35:06 PM"}
{"level":"info","message":"Web URL : http://localhost:3000","timestamp":"3:35:06 PM"}
{"meta":"","level":"info","message":"","timestamp":"3:35:06 PM"}
{"level":"info","message":"$$$$$$$$$$$$$$$$$$$$$$$$","timestamp":"3:35:06 PM"}
{"meta":"","level":"info","message":"","timestamp":"3:35:06 PM"}
{"level":"info","message":"$$$$$$$$$$$$$$$$$$$$$$$$","timestamp":"3:36:54 PM"}
{"meta":"","level":"info","message":"","timestamp":"3:36:54 PM"}
{"level":"info","message":"Development Environment is Listening on port 3000","timestamp":"3:36:54 PM"}
{"level":"info","message":"Web URL : http://localhost:3000","timestamp":"3:36:54 PM"}
{"meta":"","level":"info","message":"","timestamp":"3:36:54 PM"}
{"level":"info","message":"$$$$$$$$$$$$$$$$$$$$$$$$","timestamp":"3:36:54 PM"}
{"meta":"","level":"info","message":"","timestamp":"3:36:54 PM"}
{"level":"info","message":"$$$$$$$$$$$$$$$$$$$$$$$$","timestamp":"4:02:42 PM"}
{"meta":"","level":"info","message":"","timestamp":"4:02:42 PM"}
{"level":"info","message":"Development Environment is Listening on port 3000","timestamp":"4:02:42 PM"}
{"level":"info","message":"Web URL : http://localhost:3000","timestamp":"4:02:42 PM"}
{"meta":"","level":"info","message":"","timestamp":"4:02:42 PM"}
{"level":"info","message":"$$$$$$$$$$$$$$$$$$$$$$$$","timestamp":"4:02:42 PM"}
{"meta":"","level":"info","message":"","timestamp":"4:02:42 PM"}
{"level":"info","message":"$$$$$$$$$$$$$$$$$$$$$$$$","timestamp":"4:08:55 PM"}
{"meta":"","level":"info","message":"","timestamp":"4:08:55 PM"}
{"level":"info","message":"Development Environment is Listening on port 3000","timestamp":"4:08:55 PM"}
{"level":"info","message":"Web URL : http://localhost:3000","timestamp":"4:08:55 PM"}
{"meta":"","level":"info","message":"","timestamp":"4:08:55 PM"}
{"level":"info","message":"$$$$$$$$$$$$$$$$$$$$$$$$","timestamp":"4:08:55 PM"}
{"meta":"","level":"info","message":"","timestamp":"4:08:55 PM"}
{"level":"info","message":"$$$$$$$$$$$$$$$$$$$$$$$$","timestamp":"5:06:20 PM"}
{"meta":"","level":"info","message":"","timestamp":"5:06:20 PM"}
{"level":"info","message":"Development Environment is Listening on port 3000","timestamp":"5:06:20 PM"}
{"level":"info","message":"Web URL : http://localhost:3000","timestamp":"5:06:20 PM"}
{"meta":"","level":"info","message":"","timestamp":"5:06:20 PM"}
{"level":"info","message":"$$$$$$$$$$$$$$$$$$$$$$$$","timestamp":"5:06:20 PM"}
{"meta":"","level":"info","message":"","timestamp":"5:06:20 PM"}
{"level":"info","message":"$$$$$$$$$$$$$$$$$$$$$$$$","timestamp":"5:09:03 PM"}
{"meta":"","level":"info","message":"","timestamp":"5:09:03 PM"}
{"level":"info","message":"Development Environment is Listening on port 3000","timestamp":"5:09:03 PM"}
{"level":"info","message":"Web URL : http://localhost:3000","timestamp":"5:09:03 PM"}
{"meta":"","level":"info","message":"","timestamp":"5:09:03 PM"}
{"level":"info","message":"$$$$$$$$$$$$$$$$$$$$$$$$","timestamp":"5:09:03 PM"}
{"meta":"","level":"info","message":"","timestamp":"5:09:03 PM"}
{"level":"info","message":"$$$$$$$$$$$$$$$$$$$$$$$$","timestamp":"5:12:52 PM"}
{"meta":"","level":"info","message":"","timestamp":"5:12:52 PM"}
{"level":"info","message":"Development Environment is Listening on port 3000","timestamp":"5:12:52 PM"}
{"level":"info","message":"Web URL : http://localhost:3000","timestamp":"5:12:52 PM"}
{"meta":"","level":"info","message":"","timestamp":"5:12:52 PM"}
{"level":"info","message":"$$$$$$$$$$$$$$$$$$$$$$$$","timestamp":"5:12:52 PM"}
{"meta":"","level":"info","message":"","timestamp":"5:12:52 PM"}
{"level":"info","message":"$$$$$$$$$$$$$$$$$$$$$$$$","timestamp":"5:16:51 PM"}
{"meta":"","level":"info","message":"","timestamp":"5:16:51 PM"}
{"level":"info","message":"Development Environment is Listening on port 3000","timestamp":"5:16:51 PM"}
{"level":"info","message":"Web URL : http://localhost:3000","timestamp":"5:16:51 PM"}
{"meta":"","level":"info","message":"","timestamp":"5:16:51 PM"}
{"level":"info","message":"$$$$$$$$$$$$$$$$$$$$$$$$","timestamp":"5:16:51 PM"}
{"meta":"","level":"info","message":"","timestamp":"5:16:51 PM"}
{"level":"info","message":"emailupdate null { n: 1, nModified: 1, ok: 1 }","timestamp":"5:32:37 PM"}
{"level":"info","message":"$$$$$$$$$$$$$$$$$$$$$$$$","timestamp":"5:38:38 PM"}
{"meta":"","level":"info","message":"","timestamp":"5:38:38 PM"}
{"level":"info","message":"Development Environment is Listening on port 3000","timestamp":"5:38:38 PM"}
{"level":"info","message":"Web URL : http://localhost:3000","timestamp":"5:38:38 PM"}
{"meta":"","level":"info","message":"","timestamp":"5:38:38 PM"}
{"level":"info","message":"$$$$$$$$$$$$$$$$$$$$$$$$","timestamp":"5:38:38 PM"}
{"meta":"","level":"info","message":"","timestamp":"5:38:38 PM"}
{"level":"info","message":"Waiting api_log_summary","timestamp":"5:39:11 PM"}
{"level":"info","message":"Client_Details { Platform: 'Website',\n  Role: 'LMClient',\n  Integration_Type: 'NonPOSP',\n  Premium_Source: 'Real',\n  __v: 0,\n  Response_Type: 'QUOTE',\n  Client_Name: 'PolicyBoss',\n  Client_Unique_Id: 'CLIENT-CNTP6NYE-CU9N-DUZW-CSPI-SH1IS4DOVHB9',\n  Secret_Key: 'SECRET-HZ07QRWY-JIBT-XRMQ-ZP95-J0RWP3DYRACW',\n  Created_On: '2017-05-17T12:55:14.111Z',\n  Is_Active: true,\n  Modified_On: '2017-05-17T12:55:14.111Z',\n  Client_Id: 2,\n  _id: '591c48321cc1042aec9ee6c9' }","timestamp":"5:39:11 PM"}
{"level":"info","message":"Finish api_log_summary","timestamp":"5:39:11 PM"}
{"level":"info","message":"Waiting api_log_summary","timestamp":"5:39:26 PM"}
{"level":"info","message":"Client_Details { Platform: 'Website',\n  Role: 'LMClient',\n  Integration_Type: 'NonPOSP',\n  Premium_Source: 'Real',\n  __v: 0,\n  Response_Type: 'QUOTE',\n  Client_Name: 'PolicyBoss',\n  Client_Unique_Id: 'CLIENT-CNTP6NYE-CU9N-DUZW-CSPI-SH1IS4DOVHB9',\n  Secret_Key: 'SECRET-HZ07QRWY-JIBT-XRMQ-ZP95-J0RWP3DYRACW',\n  Created_On: '2017-05-17T12:55:14.111Z',\n  Is_Active: true,\n  Modified_On: '2017-05-17T12:55:14.111Z',\n  Client_Id: 2,\n  _id: '591c48321cc1042aec9ee6c9' }","timestamp":"5:39:26 PM"}
{"level":"info","message":"Finish api_log_summary","timestamp":"5:39:26 PM"}
{"level":"info","message":"Start starhealth_pincode","timestamp":"5:39:27 PM"}
{"level":"info","message":"Start starhealth_pincode","timestamp":"5:39:27 PM"}
{"level":"info","message":"status  200","timestamp":"5:39:27 PM"}
{"level":"info","message":"data came","timestamp":"5:39:27 PM"}
{"level":"info","message":"{\"pinCode\":\"400086\",\"districtName\":\"Mumbai Suburban\",\"stateCode\":\"MH\",\"stateName\":\"MAHARASHTRA\"}","timestamp":"5:39:27 PM"}
{"level":"info","message":"status  200","timestamp":"5:39:27 PM"}
{"level":"info","message":"data came","timestamp":"5:39:27 PM"}
{"level":"info","message":"{\"pinCode\":\"400086\",\"districtName\":\"Mumbai Suburban\",\"stateCode\":\"MH\",\"stateName\":\"MAHARASHTRA\"}","timestamp":"5:39:27 PM"}
{"level":"info","message":"emailupdate null { n: 1, nModified: 1, ok: 1 }","timestamp":"6:08:04 PM"}
{"level":"info","message":"Waiting api_log_summary","timestamp":"6:08:09 PM"}
{"level":"info","message":"Client_Details { Platform: 'Website',\n  Role: 'LMClient',\n  Integration_Type: 'NonPOSP',\n  Premium_Source: 'Real',\n  __v: 0,\n  Response_Type: 'QUOTE',\n  Client_Name: 'PolicyBoss',\n  Client_Unique_Id: 'CLIENT-CNTP6NYE-CU9N-DUZW-CSPI-SH1IS4DOVHB9',\n  Secret_Key: 'SECRET-HZ07QRWY-JIBT-XRMQ-ZP95-J0RWP3DYRACW',\n  Created_On: '2017-05-17T12:55:14.111Z',\n  Is_Active: true,\n  Modified_On: '2017-05-17T12:55:14.111Z',\n  Client_Id: 2,\n  _id: '591c48321cc1042aec9ee6c9' }","timestamp":"6:08:10 PM"}
{"level":"info","message":"Finish api_log_summary","timestamp":"6:08:10 PM"}
{"level":"info","message":"Waiting api_log_summary","timestamp":"6:08:45 PM"}
{"level":"info","message":"Client_Details { Platform: 'Website',\n  Role: 'LMClient',\n  Integration_Type: 'NonPOSP',\n  Premium_Source: 'Real',\n  __v: 0,\n  Response_Type: 'QUOTE',\n  Client_Name: 'PolicyBoss',\n  Client_Unique_Id: 'CLIENT-CNTP6NYE-CU9N-DUZW-CSPI-SH1IS4DOVHB9',\n  Secret_Key: 'SECRET-HZ07QRWY-JIBT-XRMQ-ZP95-J0RWP3DYRACW',\n  Created_On: '2017-05-17T12:55:14.111Z',\n  Is_Active: true,\n  Modified_On: '2017-05-17T12:55:14.111Z',\n  Client_Id: 2,\n  _id: '591c48321cc1042aec9ee6c9' }","timestamp":"6:08:45 PM"}
{"level":"info","message":"Finish api_log_summary","timestamp":"6:08:45 PM"}
{"level":"info","message":"Waiting api_log_summary","timestamp":"6:10:04 PM"}
{"level":"info","message":"Client_Details { Platform: 'Website',\n  Role: 'LMClient',\n  Integration_Type: 'NonPOSP',\n  Premium_Source: 'Real',\n  __v: 0,\n  Response_Type: 'QUOTE',\n  Client_Name: 'PolicyBoss',\n  Client_Unique_Id: 'CLIENT-CNTP6NYE-CU9N-DUZW-CSPI-SH1IS4DOVHB9',\n  Secret_Key: 'SECRET-HZ07QRWY-JIBT-XRMQ-ZP95-J0RWP3DYRACW',\n  Created_On: '2017-05-17T12:55:14.111Z',\n  Is_Active: true,\n  Modified_On: '2017-05-17T12:55:14.111Z',\n  Client_Id: 2,\n  _id: '591c48321cc1042aec9ee6c9' }","timestamp":"6:10:04 PM"}
{"level":"info","message":"Finish api_log_summary","timestamp":"6:10:04 PM"}
{"level":"info","message":"Waiting api_log_summary","timestamp":"6:10:50 PM"}
{"level":"info","message":"Client_Details { Platform: 'Website',\n  Role: 'LMClient',\n  Integration_Type: 'NonPOSP',\n  Premium_Source: 'Real',\n  __v: 0,\n  Response_Type: 'QUOTE',\n  Client_Name: 'PolicyBoss',\n  Client_Unique_Id: 'CLIENT-CNTP6NYE-CU9N-DUZW-CSPI-SH1IS4DOVHB9',\n  Secret_Key: 'SECRET-HZ07QRWY-JIBT-XRMQ-ZP95-J0RWP3DYRACW',\n  Created_On: '2017-05-17T12:55:14.111Z',\n  Is_Active: true,\n  Modified_On: '2017-05-17T12:55:14.111Z',\n  Client_Id: 2,\n  _id: '591c48321cc1042aec9ee6c9' }","timestamp":"6:10:50 PM"}
{"level":"info","message":"Finish api_log_summary","timestamp":"6:10:50 PM"}
