{"level":"info","message":"$$$$$$$$$$$$$$$$$$$$$$$$","timestamp":"8:48:59 AM"}
{"meta":"","level":"info","message":"","timestamp":"8:48:59 AM"}
{"level":"info","message":"Development Environment is Listening on port 3000","timestamp":"8:48:59 AM"}
{"level":"info","message":"Web URL : http://localhost:3000","timestamp":"8:48:59 AM"}
{"meta":"","level":"info","message":"","timestamp":"8:48:59 AM"}
{"level":"info","message":"$$$$$$$$$$$$$$$$$$$$$$$$","timestamp":"8:48:59 AM"}
{"meta":"","level":"info","message":"","timestamp":"8:48:59 AM"}
{"level":"info","message":"req.params.state MH [ 'MH', 'sa', 'KA' ] true","timestamp":"9:01:59 AM"}
{"level":"info","message":"req.params.state  TN [ 'MH', 'Ka', 'KL', 'TN' ] false","timestamp":"9:02:47 AM"}
{"level":"info","message":"req.params.state  KL [ 'MH', 'Ka', 'KL', 'TN' ] false","timestamp":"10:11:35 AM"}
{"level":"info","message":"$$$$$$$$$$$$$$$$$$$$$$$$","timestamp":"10:16:07 AM"}
{"meta":"","level":"info","message":"","timestamp":"10:16:07 AM"}
{"level":"info","message":"Development Environment is Listening on port 3000","timestamp":"10:16:07 AM"}
{"level":"info","message":"Web URL : http://localhost:3000","timestamp":"10:16:07 AM"}
{"meta":"","level":"info","message":"","timestamp":"10:16:07 AM"}
{"level":"info","message":"$$$$$$$$$$$$$$$$$$$$$$$$","timestamp":"10:16:07 AM"}
{"meta":"","level":"info","message":"","timestamp":"10:16:07 AM"}
{"level":"info","message":"req.params.state  Ka [ 'MH', 'Ka', 'KL', 'TN' ] false","timestamp":"10:16:27 AM"}
{"level":"info","message":"$$$$$$$$$$$$$$$$$$$$$$$$","timestamp":"10:26:36 AM"}
{"meta":"","level":"info","message":"","timestamp":"10:26:36 AM"}
{"level":"info","message":"Development Environment is Listening on port 3000","timestamp":"10:26:36 AM"}
{"level":"info","message":"Web URL : http://localhost:3000","timestamp":"10:26:36 AM"}
{"meta":"","level":"info","message":"","timestamp":"10:26:36 AM"}
{"level":"info","message":"$$$$$$$$$$$$$$$$$$$$$$$$","timestamp":"10:26:36 AM"}
{"meta":"","level":"info","message":"","timestamp":"10:26:36 AM"}
{"level":"info","message":"req.params.state string object false","timestamp":"10:26:48 AM"}
{"level":"info","message":"$$$$$$$$$$$$$$$$$$$$$$$$","timestamp":"10:29:16 AM"}
{"meta":"","level":"info","message":"","timestamp":"10:29:16 AM"}
{"level":"info","message":"Development Environment is Listening on port 3000","timestamp":"10:29:16 AM"}
{"level":"info","message":"Web URL : http://localhost:3000","timestamp":"10:29:16 AM"}
{"meta":"","level":"info","message":"","timestamp":"10:29:16 AM"}
{"level":"info","message":"$$$$$$$$$$$$$$$$$$$$$$$$","timestamp":"10:29:16 AM"}
{"meta":"","level":"info","message":"","timestamp":"10:29:16 AM"}
{"level":"info","message":"$$$$$$$$$$$$$$$$$$$$$$$$","timestamp":"10:31:07 AM"}
{"meta":"","level":"info","message":"","timestamp":"10:31:07 AM"}
{"level":"info","message":"Development Environment is Listening on port 3000","timestamp":"10:31:07 AM"}
{"level":"info","message":"Web URL : http://localhost:3000","timestamp":"10:31:07 AM"}
{"meta":"","level":"info","message":"","timestamp":"10:31:07 AM"}
{"level":"info","message":"$$$$$$$$$$$$$$$$$$$$$$$$","timestamp":"10:31:07 AM"}
{"meta":"","level":"info","message":"","timestamp":"10:31:07 AM"}
{"level":"info","message":"req.params.state string object false","timestamp":"10:31:21 AM"}
{"level":"info","message":"$$$$$$$$$$$$$$$$$$$$$$$$","timestamp":"10:32:25 AM"}
{"meta":"","level":"info","message":"","timestamp":"10:32:25 AM"}
{"level":"info","message":"Development Environment is Listening on port 3000","timestamp":"10:32:25 AM"}
{"level":"info","message":"Web URL : http://localhost:3000","timestamp":"10:32:25 AM"}
{"meta":"","level":"info","message":"","timestamp":"10:32:25 AM"}
{"level":"info","message":"$$$$$$$$$$$$$$$$$$$$$$$$","timestamp":"10:32:25 AM"}
{"meta":"","level":"info","message":"","timestamp":"10:32:25 AM"}
{"level":"info","message":"req.params.state string object false","timestamp":"10:32:42 AM"}
{"level":"info","message":"$$$$$$$$$$$$$$$$$$$$$$$$","timestamp":"10:34:00 AM"}
{"meta":"","level":"info","message":"","timestamp":"10:34:00 AM"}
{"level":"info","message":"Development Environment is Listening on port 3000","timestamp":"10:34:00 AM"}
{"level":"info","message":"Web URL : http://localhost:3000","timestamp":"10:34:00 AM"}
{"meta":"","level":"info","message":"","timestamp":"10:34:00 AM"}
{"level":"info","message":"$$$$$$$$$$$$$$$$$$$$$$$$","timestamp":"10:34:00 AM"}
{"meta":"","level":"info","message":"","timestamp":"10:34:00 AM"}
{"level":"info","message":"req.params.state   Ka [ 'MH', ' Ka', ' TL', ' TN' ] false","timestamp":"10:34:13 AM"}
{"level":"info","message":"$$$$$$$$$$$$$$$$$$$$$$$$","timestamp":"10:36:27 AM"}
{"meta":"","level":"info","message":"","timestamp":"10:36:27 AM"}
{"level":"info","message":"Development Environment is Listening on port 3000","timestamp":"10:36:27 AM"}
{"level":"info","message":"Web URL : http://localhost:3000","timestamp":"10:36:27 AM"}
{"meta":"","level":"info","message":"","timestamp":"10:36:27 AM"}
{"level":"info","message":"$$$$$$$$$$$$$$$$$$$$$$$$","timestamp":"10:36:27 AM"}
{"meta":"","level":"info","message":"","timestamp":"10:36:27 AM"}
{"level":"info","message":"req.params.state   Ka true false","timestamp":"10:37:03 AM"}
{"level":"info","message":"$$$$$$$$$$$$$$$$$$$$$$$$","timestamp":"10:40:20 AM"}
{"meta":"","level":"info","message":"","timestamp":"10:40:20 AM"}
{"level":"info","message":"Development Environment is Listening on port 3000","timestamp":"10:40:20 AM"}
{"level":"info","message":"Web URL : http://localhost:3000","timestamp":"10:40:20 AM"}
{"meta":"","level":"info","message":"","timestamp":"10:40:20 AM"}
{"level":"info","message":"$$$$$$$$$$$$$$$$$$$$$$$$","timestamp":"10:40:20 AM"}
{"meta":"","level":"info","message":"","timestamp":"10:40:20 AM"}
{"level":"info","message":"req.params.state   Ka true false","timestamp":"10:40:38 AM"}
{"level":"info","message":"req.params.state MH true true","timestamp":"10:41:06 AM"}
{"level":"info","message":"req.params.state  TL true true","timestamp":"10:41:39 AM"}
{"level":"info","message":"req.params.state   Ka true false","timestamp":"10:42:00 AM"}
{"level":"info","message":"req.params.state MH true true","timestamp":"10:42:21 AM"}
{"level":"info","message":"req.params.state  Ka true true","timestamp":"10:43:05 AM"}
{"level":"info","message":"req.params.state GG true true","timestamp":"10:43:25 AM"}
{"level":"info","message":"req.params.state MH true true","timestamp":"10:43:36 AM"}
{"level":"info","message":"req.params.state   Ka true false","timestamp":"10:43:54 AM"}
{"level":"info","message":"req.params.state   Ka true false","timestamp":"10:44:02 AM"}
{"level":"info","message":"req.params.state MH true true","timestamp":"10:44:07 AM"}
{"level":"info","message":"$$$$$$$$$$$$$$$$$$$$$$$$","timestamp":"10:47:01 AM"}
{"meta":"","level":"info","message":"","timestamp":"10:47:01 AM"}
{"level":"info","message":"Development Environment is Listening on port 3000","timestamp":"10:47:01 AM"}
{"level":"info","message":"Web URL : http://localhost:3000","timestamp":"10:47:01 AM"}
{"meta":"","level":"info","message":"","timestamp":"10:47:01 AM"}
{"level":"info","message":"$$$$$$$$$$$$$$$$$$$$$$$$","timestamp":"10:47:01 AM"}
{"meta":"","level":"info","message":"","timestamp":"10:47:01 AM"}
{"level":"info","message":"req.params.state MH true true","timestamp":"10:48:37 AM"}
{"level":"info","message":"$$$$$$$$$$$$$$$$$$$$$$$$","timestamp":"10:50:28 AM"}
{"meta":"","level":"info","message":"","timestamp":"10:50:28 AM"}
{"level":"info","message":"Development Environment is Listening on port 3000","timestamp":"10:50:28 AM"}
{"level":"info","message":"Web URL : http://localhost:3000","timestamp":"10:50:28 AM"}
{"meta":"","level":"info","message":"","timestamp":"10:50:28 AM"}
{"level":"info","message":"$$$$$$$$$$$$$$$$$$$$$$$$","timestamp":"10:50:28 AM"}
{"meta":"","level":"info","message":"","timestamp":"10:50:28 AM"}
{"level":"info","message":"req.params.state  GG [ 'MH', 'GG', 'sa' ] -1","timestamp":"10:50:40 AM"}
{"level":"info","message":"req.params.state  GG [ 'MH', 'GG', 'sa' ] -1","timestamp":"10:54:16 AM"}
{"level":"info","message":"req.params.state  sa [ 'MH', 'GG', 'sa' ] -1","timestamp":"10:54:41 AM"}
{"level":"info","message":"$$$$$$$$$$$$$$$$$$$$$$$$","timestamp":"10:56:06 AM"}
{"meta":"","level":"info","message":"","timestamp":"10:56:06 AM"}
{"level":"info","message":"Development Environment is Listening on port 3000","timestamp":"10:56:06 AM"}
{"level":"info","message":"Web URL : http://localhost:3000","timestamp":"10:56:06 AM"}
{"meta":"","level":"info","message":"","timestamp":"10:56:06 AM"}
{"level":"info","message":"$$$$$$$$$$$$$$$$$$$$$$$$","timestamp":"10:56:06 AM"}
{"meta":"","level":"info","message":"","timestamp":"10:56:06 AM"}
{"level":"info","message":"req.params.state  sa [ 'MH', 'GG', 'sa' ] -1","timestamp":"10:56:17 AM"}
{"level":"info","message":"req.params.state MH [ 'MH', 'GG', 'sa' ] 0","timestamp":"10:56:29 AM"}
{"level":"info","message":"$$$$$$$$$$$$$$$$$$$$$$$$","timestamp":"10:57:25 AM"}
{"meta":"","level":"info","message":"","timestamp":"10:57:25 AM"}
{"level":"info","message":"Development Environment is Listening on port 3000","timestamp":"10:57:25 AM"}
{"level":"info","message":"Web URL : http://localhost:3000","timestamp":"10:57:25 AM"}
{"meta":"","level":"info","message":"","timestamp":"10:57:25 AM"}
{"level":"info","message":"$$$$$$$$$$$$$$$$$$$$$$$$","timestamp":"10:57:25 AM"}
{"meta":"","level":"info","message":"","timestamp":"10:57:25 AM"}
{"level":"info","message":"req.params.state  GG [ 'MH', 'GG' ] -1","timestamp":"10:57:37 AM"}
{"level":"info","message":"req.params.state MH [ 'MH', 'GG' ] 0","timestamp":"10:57:56 AM"}
{"level":"info","message":"req.params.state  TN [ 'GG', 'MH', 'TN' ] -1","timestamp":"11:00:04 AM"}
{"level":"info","message":"req.params.state GG [ 'GG', 'MH', 'TN' ] 0","timestamp":"11:00:46 AM"}
{"level":"info","message":"req.params.state TN [ 'MH', 'TN' ] 1","timestamp":"11:01:03 AM"}
{"level":"info","message":"req.params.state  sa [ 'MH', 'sa' ] -1","timestamp":"2:37:06 PM"}
{"level":"info","message":"$$$$$$$$$$$$$$$$$$$$$$$$","timestamp":"2:39:39 PM"}
{"meta":"","level":"info","message":"","timestamp":"2:39:39 PM"}
{"level":"info","message":"Development Environment is Listening on port 3000","timestamp":"2:39:39 PM"}
{"level":"info","message":"Web URL : http://localhost:3000","timestamp":"2:39:39 PM"}
{"meta":"","level":"info","message":"","timestamp":"2:39:39 PM"}
{"level":"info","message":"$$$$$$$$$$$$$$$$$$$$$$$$","timestamp":"2:39:39 PM"}
{"meta":"","level":"info","message":"","timestamp":"2:39:39 PM"}
{"level":"info","message":"req.params.state MG [ 'MH', 'GG', 'MG' ] 2","timestamp":"2:40:44 PM"}
{"level":"info","message":"req.params.state  GG [ 'MH', 'GG', 'MG' ] -1","timestamp":"2:41:30 PM"}
{"level":"info","message":"req.params.state  MG [ 'MH', 'GG', 'MG' ] -1","timestamp":"2:42:01 PM"}
{"level":"info","message":"req.params.state  GG [ 'MH', 'GG', 'MG' ] -1","timestamp":"2:43:19 PM"}
{"level":"info","message":"req.params.state MH [ 'MH', 'GG', 'MG' ] 0","timestamp":"2:43:36 PM"}
{"level":"info","message":"req.params.state MH [ 'MH', 'GG', 'MG' ] 0","timestamp":"2:43:54 PM"}
{"level":"info","message":"req.params.state MH [ 'MH', 'GG', 'MG' ] 0","timestamp":"2:44:23 PM"}
{"level":"info","message":"$$$$$$$$$$$$$$$$$$$$$$$$","timestamp":"2:46:04 PM"}
{"meta":"","level":"info","message":"","timestamp":"2:46:04 PM"}
{"level":"info","message":"Development Environment is Listening on port 3000","timestamp":"2:46:04 PM"}
{"level":"info","message":"Web URL : http://localhost:3000","timestamp":"2:46:04 PM"}
{"meta":"","level":"info","message":"","timestamp":"2:46:04 PM"}
{"level":"info","message":"$$$$$$$$$$$$$$$$$$$$$$$$","timestamp":"2:46:04 PM"}
{"meta":"","level":"info","message":"","timestamp":"2:46:04 PM"}
{"level":"info","message":"req.params.state  MG [ 'MH', 'GG', 'MG' ] -1","timestamp":"2:46:13 PM"}
{"level":"info","message":"req.params.state MH [ 'MH', 'GG', 'MG' ] 0","timestamp":"2:46:16 PM"}
{"level":"info","message":"req.params.state MG [ 'GG', 'MG' ] 1","timestamp":"2:46:19 PM"}
{"level":"info","message":"req.params.state MH [ 'MH',\n  'sa',\n  '1234',\n  'MH',\n  'sa',\n  '1234',\n  'MH',\n  'sa',\n  '1234',\n  'MH',\n  'sa',\n  '1234' ] 0","timestamp":"2:53:24 PM"}
{"level":"info","message":"req.params.state MH [ 'sa',\n  '1234',\n  'MH',\n  'sa',\n  '1234',\n  'MH',\n  'sa',\n  '1234',\n  'MH',\n  'sa',\n  '1234' ] 2","timestamp":"2:53:27 PM"}
{"level":"info","message":"req.params.state 1234 [ 'sa', '1234', 'sa', '1234', 'MH', 'sa', '1234', 'MH', 'sa', '1234' ] 1","timestamp":"2:53:32 PM"}
{"level":"info","message":"req.params.state 1234 [ 'sa', 'sa', '1234', 'MH', 'sa', '1234', 'MH', 'sa', '1234' ] 2","timestamp":"2:53:35 PM"}
{"level":"info","message":"f_data object","timestamp":"2:55:26 PM"}
{"level":"info","message":"f_data object","timestamp":"2:55:38 PM"}
{"level":"info","message":"f_data object","timestamp":"2:56:01 PM"}
{"level":"info","message":"f_data object","timestamp":"2:57:15 PM"}
{"level":"info","message":"f_data object","timestamp":"3:27:30 PM"}
{"level":"info","message":"req.params.state  sa [ 'sa',\n  'sa',\n  'MH',\n  'sa',\n  '1234',\n  'MH',\n  'sa',\n  '1234',\n  'MH',\n  'GG',\n  'RJ',\n  'SJ' ] -1","timestamp":"5:37:05 PM"}
{"level":"info","message":"req.params.state sa [ 'sa',\n  'sa',\n  'MH',\n  'sa',\n  '1234',\n  'MH',\n  'sa',\n  '1234',\n  'MH',\n  'GG',\n  'RJ',\n  'SJ' ] 0","timestamp":"5:37:14 PM"}
{"level":"info","message":"req.params.state sa [ 'sa', 'MH', 'sa', '1234', 'MH', 'sa', '1234', 'MH', 'GG', 'RJ', 'SJ' ] 0","timestamp":"5:37:28 PM"}
{"level":"info","message":"req.params.state 1234 [ 'MH', 'sa', '1234', 'MH', 'sa', '1234', 'MH', 'GG', 'RJ', 'SJ' ] 2","timestamp":"5:37:35 PM"}
{"level":"info","message":"req.params.state  MH [ 'MH', 'sa', 'MH', 'sa', '1234', 'MH', 'GG', 'RJ', 'SJ' ] -1","timestamp":"5:37:44 PM"}
{"level":"info","message":"req.params.state  MH [ 'MH', 'sa', 'MH', 'sa', '1234', 'MH', 'GG', 'RJ', 'SJ' ] -1","timestamp":"5:37:54 PM"}
{"level":"info","message":"req.params.state  sa [ 'MH', 'sa', 'MH', 'sa', '1234', 'MH', 'GG', 'RJ', 'SJ' ] -1","timestamp":"5:37:55 PM"}
{"level":"info","message":"req.params.state  1234 [ 'MH', 'sa', 'MH', 'sa', '1234', 'MH', 'GG', 'RJ', 'SJ' ] -1","timestamp":"5:37:56 PM"}
{"level":"info","message":"req.params.state MH [ 'MH', 'sa', 'MH', 'sa', '1234', 'MH', 'GG', 'RJ', 'SJ' ] 0","timestamp":"5:38:03 PM"}
{"level":"info","message":"req.params.state 1234 [ 'sa', 'MH', 'sa', '1234', 'MH', 'GG', 'RJ', 'SJ' ] 3","timestamp":"5:38:07 PM"}
{"level":"info","message":"req.params.state MH [ 'sa', 'MH', 'sa', 'MH', 'GG', 'RJ', 'SJ' ] 1","timestamp":"5:38:09 PM"}
{"level":"info","message":"req.params.state  SJ [ 'sa', 'sa', 'MH', 'GG', 'RJ', 'SJ' ] -1","timestamp":"5:47:09 PM"}
{"level":"info","message":"req.params.state  SJ [ 'saa', ' sa', ' MH', ' GG', ' RJ', ' SJ' ] 5","timestamp":"5:48:04 PM"}
