{"level":"error","message":"(node:26368) UnhandledPromiseRejectionWarning: Unhandled promise rejection (rejection id: 1): Error: Trying to open unclosed connection.","timestamp":"9:40:21 AM"}
{"level":"error","message":"(node:26368) UnhandledPromiseRejectionWarning: Unhandled promise rejection (rejection id: 2): Error: Trying to open unclosed connection.","timestamp":"9:40:21 AM"}
{"level":"error","message":"(node:26368) UnhandledPromiseRejectionWarning: Unhandled promise rejection (rejection id: 3): Error: Trying to open unclosed connection.","timestamp":"9:40:21 AM"}
{"level":"error","message":"(node:26368) UnhandledPromiseRejectionWarning: Unhandled promise rejection (rejection id: 4): Error: Trying to open unclosed connection.","timestamp":"9:40:21 AM"}
{"level":"error","message":"(node:26368) UnhandledPromiseRejectionWarning: Unhandled promise rejection (rejection id: 5): Error: Trying to open unclosed connection.","timestamp":"9:40:21 AM"}
{"level":"error","message":"(node:26368) UnhandledPromiseRejectionWarning: Unhandled promise rejection (rejection id: 6): Error: Trying to open unclosed connection.","timestamp":"9:40:21 AM"}
{"level":"error","message":"(node:26368) UnhandledPromiseRejectionWarning: Unhandled promise rejection (rejection id: 7): Error: Trying to open unclosed connection.","timestamp":"9:40:21 AM"}
{"level":"error","message":"(node:26368) UnhandledPromiseRejectionWarning: Unhandled promise rejection (rejection id: 8): Error: Trying to open unclosed connection.","timestamp":"9:40:21 AM"}
{"level":"error","message":"(node:26368) UnhandledPromiseRejectionWarning: Unhandled promise rejection (rejection id: 9): Error: Trying to open unclosed connection.","timestamp":"9:40:21 AM"}
{"level":"error","message":"(node:26368) UnhandledPromiseRejectionWarning: Unhandled promise rejection (rejection id: 10): Error: Trying to open unclosed connection.","timestamp":"9:40:21 AM"}
{"level":"error","message":"(node:26368) UnhandledPromiseRejectionWarning: Unhandled promise rejection (rejection id: 11): Error: Trying to open unclosed connection.","timestamp":"9:40:21 AM"}
{"level":"error","message":"(node:26368) UnhandledPromiseRejectionWarning: Unhandled promise rejection (rejection id: 12): Error: Trying to open unclosed connection.","timestamp":"9:40:21 AM"}
{"level":"error","message":"(node:26368) UnhandledPromiseRejectionWarning: Unhandled promise rejection (rejection id: 13): Error: Trying to open unclosed connection.","timestamp":"9:40:21 AM"}
{"level":"error","message":"(node:26368) UnhandledPromiseRejectionWarning: Unhandled promise rejection (rejection id: 14): Error: Trying to open unclosed connection.","timestamp":"9:40:21 AM"}
{"level":"error","message":"(node:26368) UnhandledPromiseRejectionWarning: Unhandled promise rejection (rejection id: 15): Error: Trying to open unclosed connection.","timestamp":"9:40:21 AM"}
{"level":"error","message":"(node:26368) UnhandledPromiseRejectionWarning: Unhandled promise rejection (rejection id: 16): Error: Trying to open unclosed connection.","timestamp":"9:40:21 AM"}
{"level":"error","message":"(node:26368) UnhandledPromiseRejectionWarning: Unhandled promise rejection (rejection id: 17): Error: Trying to open unclosed connection.","timestamp":"9:40:21 AM"}
{"level":"error","message":"(node:26368) UnhandledPromiseRejectionWarning: Unhandled promise rejection (rejection id: 18): Error: Trying to open unclosed connection.","timestamp":"9:40:21 AM"}
{"level":"error","message":"(node:26368) UnhandledPromiseRejectionWarning: Unhandled promise rejection (rejection id: 19): Error: Trying to open unclosed connection.","timestamp":"9:40:21 AM"}
{"level":"error","message":"(node:26368) UnhandledPromiseRejectionWarning: Unhandled promise rejection (rejection id: 20): Error: Trying to open unclosed connection.","timestamp":"9:40:21 AM"}
{"level":"error","message":"(node:26368) UnhandledPromiseRejectionWarning: Unhandled promise rejection (rejection id: 21): Error: Trying to open unclosed connection.","timestamp":"9:40:21 AM"}
{"level":"error","message":"(node:26368) UnhandledPromiseRejectionWarning: Unhandled promise rejection (rejection id: 22): Error: Trying to open unclosed connection.","timestamp":"9:40:21 AM"}
{"level":"error","message":"(node:26368) UnhandledPromiseRejectionWarning: Unhandled promise rejection (rejection id: 23): Error: Trying to open unclosed connection.","timestamp":"9:40:21 AM"}
{"level":"error","message":"(node:26368) UnhandledPromiseRejectionWarning: Unhandled promise rejection (rejection id: 24): Error: Trying to open unclosed connection.","timestamp":"9:40:21 AM"}
{"level":"error","message":"(node:26368) UnhandledPromiseRejectionWarning: Unhandled promise rejection (rejection id: 25): Error: Trying to open unclosed connection.","timestamp":"9:40:21 AM"}
{"level":"error","message":"(node:26368) UnhandledPromiseRejectionWarning: Unhandled promise rejection (rejection id: 26): Error: Trying to open unclosed connection.","timestamp":"9:40:21 AM"}
{"level":"error","message":"(node:26368) UnhandledPromiseRejectionWarning: Unhandled promise rejection (rejection id: 27): Error: Trying to open unclosed connection.","timestamp":"9:40:21 AM"}
{"level":"error","message":"(node:26368) UnhandledPromiseRejectionWarning: Unhandled promise rejection (rejection id: 28): Error: Trying to open unclosed connection.","timestamp":"9:40:21 AM"}
{"level":"error","message":"(node:26368) UnhandledPromiseRejectionWarning: Unhandled promise rejection (rejection id: 29): Error: Trying to open unclosed connection.","timestamp":"9:40:21 AM"}
{"level":"error","message":"(node:26368) UnhandledPromiseRejectionWarning: Unhandled promise rejection (rejection id: 30): Error: Trying to open unclosed connection.","timestamp":"9:40:21 AM"}
{"level":"error","message":"(node:26368) UnhandledPromiseRejectionWarning: Unhandled promise rejection (rejection id: 31): Error: Trying to open unclosed connection.","timestamp":"9:40:21 AM"}
{"level":"error","message":"(node:26368) UnhandledPromiseRejectionWarning: Unhandled promise rejection (rejection id: 32): Error: Trying to open unclosed connection.","timestamp":"9:40:21 AM"}
{"level":"error","message":"(node:26368) UnhandledPromiseRejectionWarning: Unhandled promise rejection (rejection id: 33): Error: Trying to open unclosed connection.","timestamp":"9:40:21 AM"}
{"level":"error","message":"(node:26368) UnhandledPromiseRejectionWarning: Unhandled promise rejection (rejection id: 34): Error: Trying to open unclosed connection.","timestamp":"9:40:21 AM"}
{"level":"error","message":"(node:26368) UnhandledPromiseRejectionWarning: Unhandled promise rejection (rejection id: 35): Error: Trying to open unclosed connection.","timestamp":"9:40:21 AM"}
{"level":"error","message":"(node:26368) UnhandledPromiseRejectionWarning: Unhandled promise rejection (rejection id: 36): Error: Trying to open unclosed connection.","timestamp":"9:40:21 AM"}
{"level":"error","message":"(node:26368) UnhandledPromiseRejectionWarning: Unhandled promise rejection (rejection id: 37): Error: Trying to open unclosed connection.","timestamp":"9:40:21 AM"}
{"level":"error","message":"(node:26368) UnhandledPromiseRejectionWarning: Unhandled promise rejection (rejection id: 38): Error: Trying to open unclosed connection.","timestamp":"9:40:21 AM"}
{"level":"error","message":"(node:26368) UnhandledPromiseRejectionWarning: Unhandled promise rejection (rejection id: 39): Error: Trying to open unclosed connection.","timestamp":"9:40:21 AM"}
{"level":"error","message":"(node:26368) UnhandledPromiseRejectionWarning: Unhandled promise rejection (rejection id: 40): Error: Trying to open unclosed connection.","timestamp":"9:40:21 AM"}
{"level":"error","message":"(node:26368) UnhandledPromiseRejectionWarning: Unhandled promise rejection (rejection id: 41): Error: Trying to open unclosed connection.","timestamp":"9:40:21 AM"}
{"level":"error","message":"(node:26368) UnhandledPromiseRejectionWarning: Unhandled promise rejection (rejection id: 42): Error: Trying to open unclosed connection.","timestamp":"9:40:21 AM"}
{"level":"error","message":"(node:26368) UnhandledPromiseRejectionWarning: Unhandled promise rejection (rejection id: 43): Error: Trying to open unclosed connection.","timestamp":"9:40:21 AM"}
{"level":"error","message":"(node:26368) UnhandledPromiseRejectionWarning: Unhandled promise rejection (rejection id: 44): Error: Trying to open unclosed connection.","timestamp":"9:40:21 AM"}
{"level":"error","message":"(node:26368) UnhandledPromiseRejectionWarning: Unhandled promise rejection (rejection id: 45): Error: Trying to open unclosed connection.","timestamp":"9:40:21 AM"}
{"level":"error","message":"(node:26368) UnhandledPromiseRejectionWarning: Unhandled promise rejection (rejection id: 46): Error: Trying to open unclosed connection.","timestamp":"9:40:21 AM"}
{"level":"error","message":"(node:26368) UnhandledPromiseRejectionWarning: Unhandled promise rejection (rejection id: 47): Error: Trying to open unclosed connection.","timestamp":"9:40:21 AM"}
{"level":"error","message":"(node:26368) UnhandledPromiseRejectionWarning: Unhandled promise rejection (rejection id: 48): Error: Trying to open unclosed connection.","timestamp":"9:40:21 AM"}
{"level":"error","message":"(node:26368) UnhandledPromiseRejectionWarning: Unhandled promise rejection (rejection id: 49): Error: Trying to open unclosed connection.","timestamp":"9:40:21 AM"}
{"level":"error","message":"(node:26368) UnhandledPromiseRejectionWarning: Unhandled promise rejection (rejection id: 50): Error: Trying to open unclosed connection.","timestamp":"9:40:22 AM"}
{"level":"error","message":"(node:26368) UnhandledPromiseRejectionWarning: Unhandled promise rejection (rejection id: 51): Error: Trying to open unclosed connection.","timestamp":"9:40:22 AM"}
{"level":"error","message":"LOG REFERER YTD http://localhost:7000/ ::1 string","timestamp":"9:41:35 AM"}
{"level":"error","message":"LOG REFERER YTD http://localhost:7000/ ::1 string","timestamp":"9:41:37 AM"}
{"level":"error","message":"LOG REFERER YTD http://localhost:7000/ ::1 string","timestamp":"10:51:39 AM"}
{"level":"error","message":"LOG REFERER YTD http://localhost:7000/ ::1 string","timestamp":"10:51:39 AM"}
{"level":"error","message":"LOG REFERER YTD undefined ::ffff:127.0.0.1 undefined","timestamp":"11:30:59 AM"}
{"level":"error","message":"LOG REFERER YTD http://localhost:7000/ ::1 string","timestamp":"12:39:13 PM"}
{"level":"error","message":"LOG REFERER YTD http://localhost:7000/ ::1 string","timestamp":"2:05:48 PM"}
{"level":"error","message":"LOG REFERER YTD http://localhost:7000/ ::1 string","timestamp":"2:06:02 PM"}
{"level":"error","message":"LOG REFERER YTD http://localhost:7000/ ::1 string","timestamp":"2:06:28 PM"}
{"level":"error","message":"LOG REFERER YTD undefined ::ffff:127.0.0.1 undefined","timestamp":"2:07:13 PM"}
{"level":"error","message":"LOG REFERER YTD http://localhost:7000/ ::1 string","timestamp":"2:07:15 PM"}
{"level":"error","message":"LOG REFERER YTD http://localhost:7000/ ::1 string","timestamp":"2:07:33 PM"}
{"level":"error","message":"LOG REFERER YTD http://localhost:7000/ ::1 string","timestamp":"2:09:52 PM"}
{"level":"error","message":"LOG REFERER YTD http://localhost:7000/ ::1 string","timestamp":"2:10:14 PM"}
{"level":"error","message":"LOG REFERER YTD http://localhost:7000/ ::1 string","timestamp":"2:18:20 PM"}
{"level":"error","message":"LOG REFERER YTD http://localhost:7000/ ::1 string","timestamp":"2:19:25 PM"}
{"level":"error","message":"LOG REFERER YTD http://localhost:7000/ ::1 string","timestamp":"2:21:47 PM"}
{"level":"error","message":"LOG REFERER YTD http://localhost:7000/ ::1 string","timestamp":"2:40:39 PM"}
{"level":"error","message":"LOG REFERER YTD http://localhost:7000/ ::1 string","timestamp":"2:41:52 PM"}
{"level":"error","message":"LOG REFERER YTD http://localhost:7000/ ::1 string","timestamp":"2:58:03 PM"}
{"level":"error","message":"LOG REFERER YTD http://localhost:7000/ ::1 string","timestamp":"2:58:13 PM"}
{"level":"error","message":"LOG REFERER YTD http://localhost:7000/ ::1 string","timestamp":"2:58:42 PM"}
{"level":"error","message":"LOG REFERER YTD http://localhost:7000/ ::1 string","timestamp":"2:59:41 PM"}
{"level":"error","message":"LOG REFERER YTD http://localhost:7000/ ::1 string","timestamp":"3:01:54 PM"}
{"level":"error","message":"LOG REFERER YTD http://localhost:7000/ ::1 string","timestamp":"3:02:31 PM"}
{"level":"error","message":"LOG REFERER YTD http://localhost:7000/ ::1 string","timestamp":"3:30:05 PM"}
{"level":"error","message":"LOG REFERER YTD http://localhost:7000/ ::1 string","timestamp":"3:30:50 PM"}
