{"level":"error","message":"LOG REFERER YTD undefined ::ffff:127.0.0.1 undefined","timestamp":"9:09:12 AM"}
{"level":"error","message":"LOG REFERER YTD undefined ::ffff:127.0.0.1 undefined","timestamp":"9:09:40 AM"}
{"level":"error","message":"LOG REFERER YTD http://localhost:7000/ ::1 string","timestamp":"9:09:42 AM"}
{"level":"error","message":"LOG REFERER YTD http://localhost:7000/ ::1 string","timestamp":"9:09:42 AM"}
{"level":"warn","message":"uncaughtException { MongoError: The 'cursor' option is required, except for aggregate with the explain argument\n    at Function.MongoError.create (D:\\Admin\\SourceCode\\node_modules\\mongoose\\node_modules\\mongodb-core\\lib\\error.js:31:11)\n    at D:\\Admin\\SourceCode\\node_modules\\mongoose\\node_modules\\mongodb-core\\lib\\connection\\pool.js:489:72\n    at authenticateStragglers (D:\\Admin\\SourceCode\\node_modules\\mongoose\\node_modules\\mongodb-core\\lib\\connection\\pool.js:435:16)\n    at Connection.messageHandler (D:\\Admin\\SourceCode\\node_modules\\mongoose\\node_modules\\mongodb-core\\lib\\connection\\pool.js:469:5)\n    at Socket.<anonymous> (D:\\Admin\\SourceCode\\node_modules\\mongoose\\node_modules\\mongodb-core\\lib\\connection\\connection.js:321:22)\n    at emitOne (events.js:96:13)\n    at Socket.emit (events.js:188:7)\n    at readableAddChunk (_stream_readable.js:176:18)\n    at Socket.Readable.push (_stream_readable.js:134:10)\n    at TCP.onread (net.js:548:20)\n  name: 'MongoError',\n  message: 'The \\'cursor\\' option is required, except for aggregate with the explain argument',\n  ok: 0,\n  errmsg: 'The \\'cursor\\' option is required, except for aggregate with the explain argument',\n  code: 9,\n  codeName: 'FailedToParse' }","timestamp":"9:09:42 AM"}
{"level":"error","message":"LOG REFERER YTD http://localhost:7000/ ::1 string","timestamp":"9:09:42 AM"}
{"level":"error","message":"LOG REFERER YTD http://localhost:7000/ ::1 string","timestamp":"9:09:42 AM"}
{"level":"error","message":"PospUsersFilter { draw: '1',\n  columns: \n   [ { data: 'Posp_Id',\n       name: '',\n       searchable: 'true',\n       orderable: 'true',\n       search: [Object] },\n     { data: 'Posp_Action',\n       name: '',\n       searchable: 'true',\n       orderable: 'true',\n       search: [Object] },\n     { data: 'Document_Status',\n       name: '',\n       searchable: 'true',\n       orderable: 'true',\n       search: [Object] },\n     { data: 'Name',\n       name: '',\n       searchable: 'true',\n       orderable: 'true',\n       search: [Object] },\n     { data: 'Name_On_Pan',\n       name: '',\n       searchable: 'true',\n       orderable: 'true',\n       search: [Object] },\n     { data: 'Name_On_Aadhar',\n       name: '',\n       searchable: 'true',\n       orderable: 'true',\n       search: [Object] },\n     { data: 'Name_On_Bank',\n       name: '',\n       searchable: 'true',\n       orderable: 'true',\n       search: [Object] },\n     { data: 'Reporting',\n       name: '',\n       searchable: 'true',\n       orderable: 'true',\n       search: [Object] },\n     { data: 'Vertical_SubVertical',\n       name: '',\n       searchable: 'true',\n       orderable: 'true',\n       search: [Object] },\n     { data: 'Schedule_Training',\n       name: '',\n       searchable: 'true',\n       orderable: 'true',\n       search: [Object] },\n     { data: 'Deactivate_POSP',\n       name: '',\n       searchable: 'true',\n       orderable: 'true',\n       search: [Object] },\n     { data: 'IIBA_Upload',\n       name: '',\n       searchable: 'true',\n       orderable: 'true',\n       search: [Object] },\n     { data: 'Lead_Assign',\n       name: '',\n       searchable: 'true',\n       orderable: 'true',\n       search: [Object] },\n     { data: 'Type',\n       name: '',\n       searchable: 'true',\n       orderable: 'true',\n       search: [Object] },\n     { data: 'SourceName',\n       name: '',\n       searchable: 'true',\n       orderable: 'true',\n       search: [Object] },\n     { data: 'Ss_Id',\n       name: '',\n       searchable: 'true',\n       orderable: 'true',\n       search: [Object] },\n     { data: 'Fba_Id',\n       name: '',\n       searchable: 'true',\n       orderable: 'true',\n       search: [Object] },\n     { data: 'Erp_Id',\n       name: '',\n       searchable: 'true',\n       orderable: 'true',\n       search: [Object] },\n     { data: 'FOS_Code',\n       name: '',\n       searchable: 'true',\n       orderable: 'true',\n       search: [Object] },\n     { data: 'Status',\n       name: '',\n       searchable: 'true',\n       orderable: 'true',\n       search: [Object] },\n     { data: 'RegAmount',\n       name: '',\n       searchable: 'true',\n       orderable: 'true',\n       search: [Object] },\n     { data: 'Is_Paid',\n       name: '',\n       searchable: 'true',\n       orderable: 'true',\n       search: [Object] },\n     { data: 'Email',\n       name: '',\n       searchable: 'true',\n       orderable: 'true',\n       search: [Object] },\n     { data: 'Mobile',\n       name: '',\n       searchable: 'true',\n       orderable: 'true',\n       search: [Object] },\n     { data: 'Reporting_One',\n       name: '',\n       searchable: 'true',\n       orderable: 'true',\n       search: [Object] },\n     { data: 'Reporting_Two',\n       name: '',\n       searchable: 'true',\n       orderable: 'true',\n       search: [Object] },\n     { data: 'Vertical_Head',\n       name: '',\n       searchable: 'true',\n       orderable: 'true',\n       search: [Object] },\n     { data: 'Is_Contact_Sync',\n       name: '',\n       searchable: 'true',\n       orderable: 'true',\n       search: [Object] },\n     { data: 'Is_App_Installed',\n       name: '',\n       searchable: 'true',\n       orderable: 'true',\n       search: [Object] },\n     { data: 'Region',\n       name: '',\n       searchable: 'true',\n       orderable: 'true',\n       search: [Object] },\n     { data: 'Paid_On',\n       name: '',\n       searchable: 'true',\n       orderable: 'true',\n       search: [Object] },\n     { data: 'Pan_No',\n       name: '',\n       searchable: 'true',\n       orderable: 'true',\n       search: [Object] },\n     { data: 'Training_Start_On',\n       name: '',\n       searchable: 'true',\n       orderable: 'true',\n       search: [Object] },\n     { data: 'Training_End_On',\n       name: '',\n       searchable: 'true',\n       orderable: 'true',\n       search: [Object] },\n     { data: 'Certification_On',\n       name: '',\n       searchable: 'true',\n       orderable: 'true',\n       search: [Object] },\n     { data: 'ErpCode_Created_On',\n       name: '',\n       searchable: 'true',\n       orderable: 'true',\n       search: [Object] },\n     { data: 'Created_On',\n       name: '',\n       searchable: 'true',\n       orderable: 'true',\n       search: [Object] },\n     { data: 'Modified_On',\n       name: '',\n       searchable: 'true',\n       orderable: 'true',\n       search: [Object] },\n     { data: 'Disposition_Status',\n       name: '',\n       searchable: 'true',\n       orderable: 'true',\n       search: [Object] },\n     { data: 'Disposition_By',\n       name: '',\n       searchable: 'true',\n       orderable: 'true',\n       search: [Object] },\n     { data: 'Next_Call_Date',\n       name: '',\n       searchable: 'true',\n       orderable: 'true',\n       search: [Object] },\n     { data: 'Disposition_On',\n       name: '',\n       searchable: 'true',\n       orderable: 'true',\n       search: [Object] } ],\n  order: [ { column: '0', dir: 'asc' } ],\n  start: '0',\n  length: '10',\n  search: { value: '', regex: 'false' },\n  Col_Transaction_Status: '',\n  Col_Name: '',\n  txtCol_Val: '',\n  Col_Is_FOS: '',\n  Col_Is_Certified: '',\n  Last_Status: '',\n  ss_id: '8067',\n  session_id: 'g3DiCLys6eoorIbn97SLV5nQZeVfQYoA',\n  uid: '110560',\n  page_action: 'all_posp_list' }","timestamp":"9:09:43 AM"}
{"level":"error","message":"/posp/posp_users { Is_Active: true }","timestamp":"9:09:43 AM"}
{"level":"error","message":"(node:21148) UnhandledPromiseRejectionWarning: Unhandled promise rejection (rejection id: 1): Error: Trying to open unclosed connection.","timestamp":"11:48:36 AM"}
{"level":"error","message":"(node:21148) UnhandledPromiseRejectionWarning: Unhandled promise rejection (rejection id: 2): Error: Trying to open unclosed connection.","timestamp":"11:48:36 AM"}
{"level":"error","message":"(node:21148) UnhandledPromiseRejectionWarning: Unhandled promise rejection (rejection id: 3): Error: Trying to open unclosed connection.","timestamp":"11:48:36 AM"}
{"level":"error","message":"(node:21148) UnhandledPromiseRejectionWarning: Unhandled promise rejection (rejection id: 4): Error: Trying to open unclosed connection.","timestamp":"11:48:36 AM"}
{"level":"error","message":"(node:21148) UnhandledPromiseRejectionWarning: Unhandled promise rejection (rejection id: 5): Error: Trying to open unclosed connection.","timestamp":"11:48:36 AM"}
{"level":"error","message":"(node:21148) UnhandledPromiseRejectionWarning: Unhandled promise rejection (rejection id: 6): Error: Trying to open unclosed connection.","timestamp":"11:48:36 AM"}
{"level":"error","message":"(node:21148) UnhandledPromiseRejectionWarning: Unhandled promise rejection (rejection id: 7): Error: Trying to open unclosed connection.","timestamp":"11:48:36 AM"}
{"level":"error","message":"(node:21148) UnhandledPromiseRejectionWarning: Unhandled promise rejection (rejection id: 8): Error: Trying to open unclosed connection.","timestamp":"11:48:36 AM"}
{"level":"error","message":"(node:21148) UnhandledPromiseRejectionWarning: Unhandled promise rejection (rejection id: 9): Error: Trying to open unclosed connection.","timestamp":"11:48:36 AM"}
{"level":"error","message":"(node:21148) UnhandledPromiseRejectionWarning: Unhandled promise rejection (rejection id: 10): Error: Trying to open unclosed connection.","timestamp":"11:48:36 AM"}
{"level":"error","message":"(node:21148) UnhandledPromiseRejectionWarning: Unhandled promise rejection (rejection id: 11): Error: Trying to open unclosed connection.","timestamp":"11:48:36 AM"}
{"level":"error","message":"(node:21148) UnhandledPromiseRejectionWarning: Unhandled promise rejection (rejection id: 12): Error: Trying to open unclosed connection.","timestamp":"11:48:36 AM"}
{"level":"error","message":"(node:21148) UnhandledPromiseRejectionWarning: Unhandled promise rejection (rejection id: 13): Error: Trying to open unclosed connection.","timestamp":"11:48:36 AM"}
{"level":"error","message":"(node:21148) UnhandledPromiseRejectionWarning: Unhandled promise rejection (rejection id: 14): Error: Trying to open unclosed connection.","timestamp":"11:48:36 AM"}
{"level":"error","message":"(node:21148) UnhandledPromiseRejectionWarning: Unhandled promise rejection (rejection id: 15): Error: Trying to open unclosed connection.","timestamp":"11:48:36 AM"}
{"level":"error","message":"(node:21148) UnhandledPromiseRejectionWarning: Unhandled promise rejection (rejection id: 16): Error: Trying to open unclosed connection.","timestamp":"11:48:36 AM"}
{"level":"error","message":"(node:21148) UnhandledPromiseRejectionWarning: Unhandled promise rejection (rejection id: 17): Error: Trying to open unclosed connection.","timestamp":"11:48:36 AM"}
{"level":"error","message":"(node:21148) UnhandledPromiseRejectionWarning: Unhandled promise rejection (rejection id: 18): Error: Trying to open unclosed connection.","timestamp":"11:48:36 AM"}
{"level":"error","message":"(node:21148) UnhandledPromiseRejectionWarning: Unhandled promise rejection (rejection id: 19): Error: Trying to open unclosed connection.","timestamp":"11:48:36 AM"}
{"level":"error","message":"(node:21148) UnhandledPromiseRejectionWarning: Unhandled promise rejection (rejection id: 20): Error: Trying to open unclosed connection.","timestamp":"11:48:36 AM"}
{"level":"error","message":"(node:21148) UnhandledPromiseRejectionWarning: Unhandled promise rejection (rejection id: 21): Error: Trying to open unclosed connection.","timestamp":"11:48:36 AM"}
{"level":"error","message":"(node:21148) UnhandledPromiseRejectionWarning: Unhandled promise rejection (rejection id: 22): Error: Trying to open unclosed connection.","timestamp":"11:48:36 AM"}
{"level":"error","message":"(node:21148) UnhandledPromiseRejectionWarning: Unhandled promise rejection (rejection id: 23): Error: Trying to open unclosed connection.","timestamp":"11:48:36 AM"}
{"level":"error","message":"(node:21148) UnhandledPromiseRejectionWarning: Unhandled promise rejection (rejection id: 24): Error: Trying to open unclosed connection.","timestamp":"11:48:36 AM"}
{"level":"error","message":"(node:21148) UnhandledPromiseRejectionWarning: Unhandled promise rejection (rejection id: 25): Error: Trying to open unclosed connection.","timestamp":"11:48:36 AM"}
{"level":"error","message":"(node:21148) UnhandledPromiseRejectionWarning: Unhandled promise rejection (rejection id: 26): Error: Trying to open unclosed connection.","timestamp":"11:48:36 AM"}
{"level":"error","message":"(node:21148) UnhandledPromiseRejectionWarning: Unhandled promise rejection (rejection id: 27): Error: Trying to open unclosed connection.","timestamp":"11:48:36 AM"}
{"level":"error","message":"(node:21148) UnhandledPromiseRejectionWarning: Unhandled promise rejection (rejection id: 28): Error: Trying to open unclosed connection.","timestamp":"11:48:36 AM"}
{"level":"error","message":"(node:21148) UnhandledPromiseRejectionWarning: Unhandled promise rejection (rejection id: 29): Error: Trying to open unclosed connection.","timestamp":"11:48:36 AM"}
{"level":"error","message":"(node:21148) UnhandledPromiseRejectionWarning: Unhandled promise rejection (rejection id: 30): Error: Trying to open unclosed connection.","timestamp":"11:48:36 AM"}
{"level":"error","message":"(node:21148) UnhandledPromiseRejectionWarning: Unhandled promise rejection (rejection id: 31): Error: Trying to open unclosed connection.","timestamp":"11:48:36 AM"}
{"level":"error","message":"(node:21148) UnhandledPromiseRejectionWarning: Unhandled promise rejection (rejection id: 32): Error: Trying to open unclosed connection.","timestamp":"11:48:36 AM"}
{"level":"error","message":"(node:21148) UnhandledPromiseRejectionWarning: Unhandled promise rejection (rejection id: 33): Error: Trying to open unclosed connection.","timestamp":"11:48:36 AM"}
{"level":"error","message":"(node:21148) UnhandledPromiseRejectionWarning: Unhandled promise rejection (rejection id: 34): Error: Trying to open unclosed connection.","timestamp":"11:48:36 AM"}
{"level":"error","message":"(node:21148) UnhandledPromiseRejectionWarning: Unhandled promise rejection (rejection id: 35): Error: Trying to open unclosed connection.","timestamp":"11:48:36 AM"}
{"level":"error","message":"(node:21148) UnhandledPromiseRejectionWarning: Unhandled promise rejection (rejection id: 36): Error: Trying to open unclosed connection.","timestamp":"11:48:36 AM"}
{"level":"error","message":"(node:21148) UnhandledPromiseRejectionWarning: Unhandled promise rejection (rejection id: 37): Error: Trying to open unclosed connection.","timestamp":"11:48:36 AM"}
{"level":"error","message":"(node:21148) UnhandledPromiseRejectionWarning: Unhandled promise rejection (rejection id: 38): Error: Trying to open unclosed connection.","timestamp":"11:48:36 AM"}
{"level":"error","message":"(node:21148) UnhandledPromiseRejectionWarning: Unhandled promise rejection (rejection id: 39): Error: Trying to open unclosed connection.","timestamp":"11:48:36 AM"}
{"level":"error","message":"(node:21148) UnhandledPromiseRejectionWarning: Unhandled promise rejection (rejection id: 40): Error: Trying to open unclosed connection.","timestamp":"11:48:36 AM"}
{"level":"error","message":"(node:21148) UnhandledPromiseRejectionWarning: Unhandled promise rejection (rejection id: 41): Error: Trying to open unclosed connection.","timestamp":"11:48:36 AM"}
{"level":"error","message":"(node:21148) UnhandledPromiseRejectionWarning: Unhandled promise rejection (rejection id: 42): Error: Trying to open unclosed connection.","timestamp":"11:48:36 AM"}
{"level":"error","message":"(node:21148) UnhandledPromiseRejectionWarning: Unhandled promise rejection (rejection id: 43): Error: Trying to open unclosed connection.","timestamp":"11:48:36 AM"}
{"level":"error","message":"(node:21148) UnhandledPromiseRejectionWarning: Unhandled promise rejection (rejection id: 44): Error: Trying to open unclosed connection.","timestamp":"11:48:36 AM"}
{"level":"error","message":"(node:21148) UnhandledPromiseRejectionWarning: Unhandled promise rejection (rejection id: 45): Error: Trying to open unclosed connection.","timestamp":"11:48:36 AM"}
{"level":"error","message":"(node:21148) UnhandledPromiseRejectionWarning: Unhandled promise rejection (rejection id: 46): Error: Trying to open unclosed connection.","timestamp":"11:48:36 AM"}
{"level":"error","message":"(node:21148) UnhandledPromiseRejectionWarning: Unhandled promise rejection (rejection id: 47): Error: Trying to open unclosed connection.","timestamp":"11:48:36 AM"}
{"level":"error","message":"(node:21148) UnhandledPromiseRejectionWarning: Unhandled promise rejection (rejection id: 48): Error: Trying to open unclosed connection.","timestamp":"11:48:36 AM"}
{"level":"error","message":"(node:21148) UnhandledPromiseRejectionWarning: Unhandled promise rejection (rejection id: 49): Error: Trying to open unclosed connection.","timestamp":"11:48:36 AM"}
{"level":"error","message":"(node:21148) UnhandledPromiseRejectionWarning: Unhandled promise rejection (rejection id: 50): Error: Trying to open unclosed connection.","timestamp":"11:48:36 AM"}
{"level":"error","message":"(node:21148) UnhandledPromiseRejectionWarning: Unhandled promise rejection (rejection id: 51): Error: Trying to open unclosed connection.","timestamp":"11:48:36 AM"}
{"level":"error","message":"(node:21148) UnhandledPromiseRejectionWarning: Unhandled promise rejection (rejection id: 52): Error: Trying to open unclosed connection.","timestamp":"11:48:36 AM"}
{"level":"error","message":"(node:21148) UnhandledPromiseRejectionWarning: Unhandled promise rejection (rejection id: 53): Error: Trying to open unclosed connection.","timestamp":"11:48:36 AM"}
{"level":"error","message":"LOG REFERER YTD undefined ::ffff:127.0.0.1 undefined","timestamp":"11:49:14 AM"}
{"level":"error","message":"LOG REFERER YTD http://localhost:7000/ ::1 string","timestamp":"11:49:16 AM"}
{"level":"error","message":"LOG REFERER YTD http://localhost:7000/ ::1 string","timestamp":"11:50:24 AM"}
{"level":"error","message":"LOG REFERER YTD http://localhost:7000/ ::1 string","timestamp":"11:53:07 AM"}
{"level":"error","message":"LOG REFERER YTD http://localhost:7000/ ::1 string","timestamp":"11:54:23 AM"}
{"level":"error","message":"LOG REFERER YTD http://localhost:7000/ ::1 string","timestamp":"12:03:12 PM"}
{"level":"error","message":"LOG REFERER YTD http://localhost:7000/ ::1 string","timestamp":"12:03:33 PM"}
{"level":"error","message":"LOG REFERER YTD http://localhost:7000/ ::1 string","timestamp":"12:04:53 PM"}
{"level":"error","message":"LOG REFERER YTD http://localhost:7000/ ::1 string","timestamp":"12:06:03 PM"}
{"level":"error","message":"LOG REFERER YTD http://localhost:7000/ ::1 string","timestamp":"12:07:26 PM"}
{"level":"error","message":"(node:3320) UnhandledPromiseRejectionWarning: Unhandled promise rejection (rejection id: 1): Error: Trying to open unclosed connection.","timestamp":"12:10:55 PM"}
{"level":"error","message":"(node:3320) UnhandledPromiseRejectionWarning: Unhandled promise rejection (rejection id: 2): Error: Trying to open unclosed connection.","timestamp":"12:10:55 PM"}
{"level":"error","message":"(node:3320) UnhandledPromiseRejectionWarning: Unhandled promise rejection (rejection id: 3): Error: Trying to open unclosed connection.","timestamp":"12:10:55 PM"}
{"level":"error","message":"(node:3320) UnhandledPromiseRejectionWarning: Unhandled promise rejection (rejection id: 4): Error: Trying to open unclosed connection.","timestamp":"12:10:55 PM"}
{"level":"error","message":"(node:3320) UnhandledPromiseRejectionWarning: Unhandled promise rejection (rejection id: 5): Error: Trying to open unclosed connection.","timestamp":"12:10:55 PM"}
{"level":"error","message":"(node:3320) UnhandledPromiseRejectionWarning: Unhandled promise rejection (rejection id: 6): Error: Trying to open unclosed connection.","timestamp":"12:10:55 PM"}
{"level":"error","message":"(node:3320) UnhandledPromiseRejectionWarning: Unhandled promise rejection (rejection id: 7): Error: Trying to open unclosed connection.","timestamp":"12:10:55 PM"}
{"level":"error","message":"(node:3320) UnhandledPromiseRejectionWarning: Unhandled promise rejection (rejection id: 8): Error: Trying to open unclosed connection.","timestamp":"12:10:55 PM"}
{"level":"error","message":"(node:3320) UnhandledPromiseRejectionWarning: Unhandled promise rejection (rejection id: 9): Error: Trying to open unclosed connection.","timestamp":"12:10:55 PM"}
{"level":"error","message":"(node:3320) UnhandledPromiseRejectionWarning: Unhandled promise rejection (rejection id: 10): Error: Trying to open unclosed connection.","timestamp":"12:10:55 PM"}
{"level":"error","message":"(node:3320) UnhandledPromiseRejectionWarning: Unhandled promise rejection (rejection id: 11): Error: Trying to open unclosed connection.","timestamp":"12:10:55 PM"}
{"level":"error","message":"(node:3320) UnhandledPromiseRejectionWarning: Unhandled promise rejection (rejection id: 12): Error: Trying to open unclosed connection.","timestamp":"12:10:55 PM"}
{"level":"error","message":"(node:3320) UnhandledPromiseRejectionWarning: Unhandled promise rejection (rejection id: 13): Error: Trying to open unclosed connection.","timestamp":"12:10:55 PM"}
{"level":"error","message":"(node:3320) UnhandledPromiseRejectionWarning: Unhandled promise rejection (rejection id: 14): Error: Trying to open unclosed connection.","timestamp":"12:10:55 PM"}
{"level":"error","message":"(node:3320) UnhandledPromiseRejectionWarning: Unhandled promise rejection (rejection id: 15): Error: Trying to open unclosed connection.","timestamp":"12:10:55 PM"}
{"level":"error","message":"(node:3320) UnhandledPromiseRejectionWarning: Unhandled promise rejection (rejection id: 16): Error: Trying to open unclosed connection.","timestamp":"12:10:55 PM"}
{"level":"error","message":"(node:3320) UnhandledPromiseRejectionWarning: Unhandled promise rejection (rejection id: 17): Error: Trying to open unclosed connection.","timestamp":"12:10:55 PM"}
{"level":"error","message":"(node:3320) UnhandledPromiseRejectionWarning: Unhandled promise rejection (rejection id: 18): Error: Trying to open unclosed connection.","timestamp":"12:10:55 PM"}
{"level":"error","message":"(node:3320) UnhandledPromiseRejectionWarning: Unhandled promise rejection (rejection id: 19): Error: Trying to open unclosed connection.","timestamp":"12:10:55 PM"}
{"level":"error","message":"(node:3320) UnhandledPromiseRejectionWarning: Unhandled promise rejection (rejection id: 20): Error: Trying to open unclosed connection.","timestamp":"12:10:55 PM"}
{"level":"error","message":"(node:3320) UnhandledPromiseRejectionWarning: Unhandled promise rejection (rejection id: 21): Error: Trying to open unclosed connection.","timestamp":"12:10:55 PM"}
{"level":"error","message":"(node:3320) UnhandledPromiseRejectionWarning: Unhandled promise rejection (rejection id: 22): Error: Trying to open unclosed connection.","timestamp":"12:10:55 PM"}
{"level":"error","message":"(node:3320) UnhandledPromiseRejectionWarning: Unhandled promise rejection (rejection id: 23): Error: Trying to open unclosed connection.","timestamp":"12:10:55 PM"}
{"level":"error","message":"(node:3320) UnhandledPromiseRejectionWarning: Unhandled promise rejection (rejection id: 24): Error: Trying to open unclosed connection.","timestamp":"12:10:55 PM"}
{"level":"error","message":"(node:3320) UnhandledPromiseRejectionWarning: Unhandled promise rejection (rejection id: 25): Error: Trying to open unclosed connection.","timestamp":"12:10:55 PM"}
{"level":"error","message":"(node:3320) UnhandledPromiseRejectionWarning: Unhandled promise rejection (rejection id: 26): Error: Trying to open unclosed connection.","timestamp":"12:10:55 PM"}
{"level":"error","message":"(node:3320) UnhandledPromiseRejectionWarning: Unhandled promise rejection (rejection id: 27): Error: Trying to open unclosed connection.","timestamp":"12:10:55 PM"}
{"level":"error","message":"(node:3320) UnhandledPromiseRejectionWarning: Unhandled promise rejection (rejection id: 28): Error: Trying to open unclosed connection.","timestamp":"12:10:55 PM"}
{"level":"error","message":"(node:3320) UnhandledPromiseRejectionWarning: Unhandled promise rejection (rejection id: 29): Error: Trying to open unclosed connection.","timestamp":"12:10:55 PM"}
{"level":"error","message":"(node:3320) UnhandledPromiseRejectionWarning: Unhandled promise rejection (rejection id: 30): Error: Trying to open unclosed connection.","timestamp":"12:10:55 PM"}
{"level":"error","message":"(node:3320) UnhandledPromiseRejectionWarning: Unhandled promise rejection (rejection id: 31): Error: Trying to open unclosed connection.","timestamp":"12:10:55 PM"}
{"level":"error","message":"(node:3320) UnhandledPromiseRejectionWarning: Unhandled promise rejection (rejection id: 32): Error: Trying to open unclosed connection.","timestamp":"12:10:55 PM"}
{"level":"error","message":"(node:3320) UnhandledPromiseRejectionWarning: Unhandled promise rejection (rejection id: 33): Error: Trying to open unclosed connection.","timestamp":"12:10:55 PM"}
{"level":"error","message":"(node:3320) UnhandledPromiseRejectionWarning: Unhandled promise rejection (rejection id: 34): Error: Trying to open unclosed connection.","timestamp":"12:10:55 PM"}
{"level":"error","message":"(node:3320) UnhandledPromiseRejectionWarning: Unhandled promise rejection (rejection id: 35): Error: Trying to open unclosed connection.","timestamp":"12:10:55 PM"}
{"level":"error","message":"(node:3320) UnhandledPromiseRejectionWarning: Unhandled promise rejection (rejection id: 36): Error: Trying to open unclosed connection.","timestamp":"12:10:55 PM"}
{"level":"error","message":"(node:3320) UnhandledPromiseRejectionWarning: Unhandled promise rejection (rejection id: 37): Error: Trying to open unclosed connection.","timestamp":"12:10:55 PM"}
{"level":"error","message":"(node:3320) UnhandledPromiseRejectionWarning: Unhandled promise rejection (rejection id: 38): Error: Trying to open unclosed connection.","timestamp":"12:10:55 PM"}
{"level":"error","message":"(node:3320) UnhandledPromiseRejectionWarning: Unhandled promise rejection (rejection id: 39): Error: Trying to open unclosed connection.","timestamp":"12:10:55 PM"}
{"level":"error","message":"(node:3320) UnhandledPromiseRejectionWarning: Unhandled promise rejection (rejection id: 40): Error: Trying to open unclosed connection.","timestamp":"12:10:55 PM"}
{"level":"error","message":"(node:3320) UnhandledPromiseRejectionWarning: Unhandled promise rejection (rejection id: 41): Error: Trying to open unclosed connection.","timestamp":"12:10:55 PM"}
{"level":"error","message":"(node:3320) UnhandledPromiseRejectionWarning: Unhandled promise rejection (rejection id: 42): Error: Trying to open unclosed connection.","timestamp":"12:10:55 PM"}
{"level":"error","message":"(node:3320) UnhandledPromiseRejectionWarning: Unhandled promise rejection (rejection id: 43): Error: Trying to open unclosed connection.","timestamp":"12:10:55 PM"}
{"level":"error","message":"(node:3320) UnhandledPromiseRejectionWarning: Unhandled promise rejection (rejection id: 44): Error: Trying to open unclosed connection.","timestamp":"12:10:55 PM"}
{"level":"error","message":"(node:3320) UnhandledPromiseRejectionWarning: Unhandled promise rejection (rejection id: 45): Error: Trying to open unclosed connection.","timestamp":"12:10:55 PM"}
{"level":"error","message":"(node:3320) UnhandledPromiseRejectionWarning: Unhandled promise rejection (rejection id: 46): Error: Trying to open unclosed connection.","timestamp":"12:10:55 PM"}
{"level":"error","message":"(node:3320) UnhandledPromiseRejectionWarning: Unhandled promise rejection (rejection id: 47): Error: Trying to open unclosed connection.","timestamp":"12:10:55 PM"}
{"level":"error","message":"(node:3320) UnhandledPromiseRejectionWarning: Unhandled promise rejection (rejection id: 48): Error: Trying to open unclosed connection.","timestamp":"12:10:55 PM"}
{"level":"error","message":"(node:3320) UnhandledPromiseRejectionWarning: Unhandled promise rejection (rejection id: 49): Error: Trying to open unclosed connection.","timestamp":"12:10:55 PM"}
{"level":"error","message":"(node:3320) UnhandledPromiseRejectionWarning: Unhandled promise rejection (rejection id: 50): Error: Trying to open unclosed connection.","timestamp":"12:10:55 PM"}
{"level":"error","message":"(node:3320) UnhandledPromiseRejectionWarning: Unhandled promise rejection (rejection id: 51): Error: Trying to open unclosed connection.","timestamp":"12:10:55 PM"}
{"level":"error","message":"(node:3320) UnhandledPromiseRejectionWarning: Unhandled promise rejection (rejection id: 52): Error: Trying to open unclosed connection.","timestamp":"12:10:55 PM"}
{"level":"error","message":"(node:3320) UnhandledPromiseRejectionWarning: Unhandled promise rejection (rejection id: 53): Error: Trying to open unclosed connection.","timestamp":"12:10:55 PM"}
{"level":"error","message":"LOG REFERER YTD http://localhost:7000/ ::1 string","timestamp":"12:11:19 PM"}
{"level":"error","message":"(node:17908) UnhandledPromiseRejectionWarning: Unhandled promise rejection (rejection id: 1): Error: Trying to open unclosed connection.","timestamp":"12:12:13 PM"}
{"level":"error","message":"(node:17908) UnhandledPromiseRejectionWarning: Unhandled promise rejection (rejection id: 2): Error: Trying to open unclosed connection.","timestamp":"12:12:13 PM"}
{"level":"error","message":"(node:17908) UnhandledPromiseRejectionWarning: Unhandled promise rejection (rejection id: 3): Error: Trying to open unclosed connection.","timestamp":"12:12:13 PM"}
{"level":"error","message":"(node:17908) UnhandledPromiseRejectionWarning: Unhandled promise rejection (rejection id: 4): Error: Trying to open unclosed connection.","timestamp":"12:12:13 PM"}
{"level":"error","message":"(node:17908) UnhandledPromiseRejectionWarning: Unhandled promise rejection (rejection id: 5): Error: Trying to open unclosed connection.","timestamp":"12:12:13 PM"}
{"level":"error","message":"(node:17908) UnhandledPromiseRejectionWarning: Unhandled promise rejection (rejection id: 6): Error: Trying to open unclosed connection.","timestamp":"12:12:13 PM"}
{"level":"error","message":"(node:17908) UnhandledPromiseRejectionWarning: Unhandled promise rejection (rejection id: 7): Error: Trying to open unclosed connection.","timestamp":"12:12:13 PM"}
{"level":"error","message":"(node:17908) UnhandledPromiseRejectionWarning: Unhandled promise rejection (rejection id: 8): Error: Trying to open unclosed connection.","timestamp":"12:12:13 PM"}
{"level":"error","message":"(node:17908) UnhandledPromiseRejectionWarning: Unhandled promise rejection (rejection id: 9): Error: Trying to open unclosed connection.","timestamp":"12:12:13 PM"}
{"level":"error","message":"(node:17908) UnhandledPromiseRejectionWarning: Unhandled promise rejection (rejection id: 10): Error: Trying to open unclosed connection.","timestamp":"12:12:13 PM"}
{"level":"error","message":"(node:17908) UnhandledPromiseRejectionWarning: Unhandled promise rejection (rejection id: 11): Error: Trying to open unclosed connection.","timestamp":"12:12:13 PM"}
{"level":"error","message":"(node:17908) UnhandledPromiseRejectionWarning: Unhandled promise rejection (rejection id: 12): Error: Trying to open unclosed connection.","timestamp":"12:12:13 PM"}
{"level":"error","message":"(node:17908) UnhandledPromiseRejectionWarning: Unhandled promise rejection (rejection id: 13): Error: Trying to open unclosed connection.","timestamp":"12:12:13 PM"}
{"level":"error","message":"(node:17908) UnhandledPromiseRejectionWarning: Unhandled promise rejection (rejection id: 14): Error: Trying to open unclosed connection.","timestamp":"12:12:13 PM"}
{"level":"error","message":"(node:17908) UnhandledPromiseRejectionWarning: Unhandled promise rejection (rejection id: 15): Error: Trying to open unclosed connection.","timestamp":"12:12:13 PM"}
{"level":"error","message":"(node:17908) UnhandledPromiseRejectionWarning: Unhandled promise rejection (rejection id: 16): Error: Trying to open unclosed connection.","timestamp":"12:12:13 PM"}
{"level":"error","message":"(node:17908) UnhandledPromiseRejectionWarning: Unhandled promise rejection (rejection id: 17): Error: Trying to open unclosed connection.","timestamp":"12:12:13 PM"}
{"level":"error","message":"(node:17908) UnhandledPromiseRejectionWarning: Unhandled promise rejection (rejection id: 18): Error: Trying to open unclosed connection.","timestamp":"12:12:13 PM"}
{"level":"error","message":"(node:17908) UnhandledPromiseRejectionWarning: Unhandled promise rejection (rejection id: 19): Error: Trying to open unclosed connection.","timestamp":"12:12:13 PM"}
{"level":"error","message":"(node:17908) UnhandledPromiseRejectionWarning: Unhandled promise rejection (rejection id: 20): Error: Trying to open unclosed connection.","timestamp":"12:12:13 PM"}
{"level":"error","message":"(node:17908) UnhandledPromiseRejectionWarning: Unhandled promise rejection (rejection id: 21): Error: Trying to open unclosed connection.","timestamp":"12:12:13 PM"}
{"level":"error","message":"(node:17908) UnhandledPromiseRejectionWarning: Unhandled promise rejection (rejection id: 22): Error: Trying to open unclosed connection.","timestamp":"12:12:13 PM"}
{"level":"error","message":"(node:17908) UnhandledPromiseRejectionWarning: Unhandled promise rejection (rejection id: 23): Error: Trying to open unclosed connection.","timestamp":"12:12:13 PM"}
{"level":"error","message":"(node:17908) UnhandledPromiseRejectionWarning: Unhandled promise rejection (rejection id: 24): Error: Trying to open unclosed connection.","timestamp":"12:12:13 PM"}
{"level":"error","message":"(node:17908) UnhandledPromiseRejectionWarning: Unhandled promise rejection (rejection id: 25): Error: Trying to open unclosed connection.","timestamp":"12:12:13 PM"}
{"level":"error","message":"(node:17908) UnhandledPromiseRejectionWarning: Unhandled promise rejection (rejection id: 26): Error: Trying to open unclosed connection.","timestamp":"12:12:13 PM"}
{"level":"error","message":"(node:17908) UnhandledPromiseRejectionWarning: Unhandled promise rejection (rejection id: 27): Error: Trying to open unclosed connection.","timestamp":"12:12:13 PM"}
{"level":"error","message":"(node:17908) UnhandledPromiseRejectionWarning: Unhandled promise rejection (rejection id: 28): Error: Trying to open unclosed connection.","timestamp":"12:12:13 PM"}
{"level":"error","message":"(node:17908) UnhandledPromiseRejectionWarning: Unhandled promise rejection (rejection id: 29): Error: Trying to open unclosed connection.","timestamp":"12:12:13 PM"}
{"level":"error","message":"(node:17908) UnhandledPromiseRejectionWarning: Unhandled promise rejection (rejection id: 30): Error: Trying to open unclosed connection.","timestamp":"12:12:13 PM"}
{"level":"error","message":"(node:17908) UnhandledPromiseRejectionWarning: Unhandled promise rejection (rejection id: 31): Error: Trying to open unclosed connection.","timestamp":"12:12:13 PM"}
{"level":"error","message":"(node:17908) UnhandledPromiseRejectionWarning: Unhandled promise rejection (rejection id: 32): Error: Trying to open unclosed connection.","timestamp":"12:12:13 PM"}
{"level":"error","message":"(node:17908) UnhandledPromiseRejectionWarning: Unhandled promise rejection (rejection id: 33): Error: Trying to open unclosed connection.","timestamp":"12:12:13 PM"}
{"level":"error","message":"(node:17908) UnhandledPromiseRejectionWarning: Unhandled promise rejection (rejection id: 34): Error: Trying to open unclosed connection.","timestamp":"12:12:13 PM"}
{"level":"error","message":"(node:17908) UnhandledPromiseRejectionWarning: Unhandled promise rejection (rejection id: 35): Error: Trying to open unclosed connection.","timestamp":"12:12:13 PM"}
{"level":"error","message":"(node:17908) UnhandledPromiseRejectionWarning: Unhandled promise rejection (rejection id: 36): Error: Trying to open unclosed connection.","timestamp":"12:12:13 PM"}
{"level":"error","message":"(node:17908) UnhandledPromiseRejectionWarning: Unhandled promise rejection (rejection id: 37): Error: Trying to open unclosed connection.","timestamp":"12:12:13 PM"}
{"level":"error","message":"(node:17908) UnhandledPromiseRejectionWarning: Unhandled promise rejection (rejection id: 38): Error: Trying to open unclosed connection.","timestamp":"12:12:13 PM"}
{"level":"error","message":"(node:17908) UnhandledPromiseRejectionWarning: Unhandled promise rejection (rejection id: 39): Error: Trying to open unclosed connection.","timestamp":"12:12:13 PM"}
{"level":"error","message":"(node:17908) UnhandledPromiseRejectionWarning: Unhandled promise rejection (rejection id: 40): Error: Trying to open unclosed connection.","timestamp":"12:12:13 PM"}
{"level":"error","message":"(node:17908) UnhandledPromiseRejectionWarning: Unhandled promise rejection (rejection id: 41): Error: Trying to open unclosed connection.","timestamp":"12:12:13 PM"}
{"level":"error","message":"(node:17908) UnhandledPromiseRejectionWarning: Unhandled promise rejection (rejection id: 42): Error: Trying to open unclosed connection.","timestamp":"12:12:13 PM"}
{"level":"error","message":"(node:17908) UnhandledPromiseRejectionWarning: Unhandled promise rejection (rejection id: 43): Error: Trying to open unclosed connection.","timestamp":"12:12:13 PM"}
{"level":"error","message":"(node:17908) UnhandledPromiseRejectionWarning: Unhandled promise rejection (rejection id: 44): Error: Trying to open unclosed connection.","timestamp":"12:12:13 PM"}
{"level":"error","message":"(node:17908) UnhandledPromiseRejectionWarning: Unhandled promise rejection (rejection id: 45): Error: Trying to open unclosed connection.","timestamp":"12:12:13 PM"}
{"level":"error","message":"(node:17908) UnhandledPromiseRejectionWarning: Unhandled promise rejection (rejection id: 46): Error: Trying to open unclosed connection.","timestamp":"12:12:13 PM"}
{"level":"error","message":"(node:17908) UnhandledPromiseRejectionWarning: Unhandled promise rejection (rejection id: 47): Error: Trying to open unclosed connection.","timestamp":"12:12:13 PM"}
{"level":"error","message":"(node:17908) UnhandledPromiseRejectionWarning: Unhandled promise rejection (rejection id: 48): Error: Trying to open unclosed connection.","timestamp":"12:12:13 PM"}
{"level":"error","message":"(node:17908) UnhandledPromiseRejectionWarning: Unhandled promise rejection (rejection id: 49): Error: Trying to open unclosed connection.","timestamp":"12:12:13 PM"}
{"level":"error","message":"(node:17908) UnhandledPromiseRejectionWarning: Unhandled promise rejection (rejection id: 50): Error: Trying to open unclosed connection.","timestamp":"12:12:13 PM"}
{"level":"error","message":"(node:17908) UnhandledPromiseRejectionWarning: Unhandled promise rejection (rejection id: 51): Error: Trying to open unclosed connection.","timestamp":"12:12:13 PM"}
{"level":"error","message":"(node:17908) UnhandledPromiseRejectionWarning: Unhandled promise rejection (rejection id: 52): Error: Trying to open unclosed connection.","timestamp":"12:12:13 PM"}
{"level":"error","message":"(node:17908) UnhandledPromiseRejectionWarning: Unhandled promise rejection (rejection id: 53): Error: Trying to open unclosed connection.","timestamp":"12:12:13 PM"}
{"level":"error","message":"LOG REFERER YTD http://localhost:7000/ ::1 string","timestamp":"12:12:30 PM"}
{"level":"warn","message":"uncaughtException { MongoError: failed to connect to server [3.109.206.238:27017] on first connect [MongoError: connect ETIMEDOUT 3.109.206.238:27017]\n    at Pool.<anonymous> (D:\\Admin\\SourceCode\\node_modules\\mongoose\\node_modules\\mongodb-core\\lib\\topologies\\server.js:328:35)\n    at emitOne (events.js:96:13)\n    at Pool.emit (events.js:188:7)\n    at Connection.<anonymous> (D:\\Admin\\SourceCode\\node_modules\\mongoose\\node_modules\\mongodb-core\\lib\\connection\\pool.js:274:12)\n    at Connection.g (events.js:291:16)\n    at emitTwo (events.js:106:13)\n    at Connection.emit (events.js:191:7)\n    at Socket.<anonymous> (D:\\Admin\\SourceCode\\node_modules\\mongoose\\node_modules\\mongodb-core\\lib\\connection\\connection.js:177:49)\n    at Socket.g (events.js:291:16)\n    at emitOne (events.js:96:13)\n    at Socket.emit (events.js:188:7)\n    at emitErrorNT (net.js:1278:8)\n    at _combinedTickCallback (internal/process/next_tick.js:74:11)\n    at process._tickCallback (internal/process/next_tick.js:98:9)\n  name: 'MongoError',\n  message: 'failed to connect to server [3.109.206.238:27017] on first connect [MongoError: connect ETIMEDOUT 3.109.206.238:27017]' }","timestamp":"12:12:35 PM"}
{"level":"error","message":"LOG REFERER YTD http://localhost:7000/ ::1 string","timestamp":"12:12:45 PM"}
{"level":"error","message":"LOG REFERER YTD http://localhost:7000/ ::1 string","timestamp":"12:15:22 PM"}
{"level":"error","message":"LOG REFERER YTD http://localhost:7000/ ::1 string","timestamp":"12:15:29 PM"}
{"level":"error","message":"LOG REFERER YTD http://localhost:7000/ ::1 string","timestamp":"12:17:48 PM"}
{"level":"error","message":"LOG REFERER YTD http://localhost:7000/ ::1 string","timestamp":"12:22:08 PM"}
{"level":"error","message":"LOG REFERER YTD http://localhost:7000/ ::1 string","timestamp":"12:29:31 PM"}
{"level":"error","message":"LOG REFERER YTD http://localhost:7000/ ::1 string","timestamp":"12:30:10 PM"}
{"level":"error","message":"LOG REFERER YTD http://localhost:7000/ ::1 string","timestamp":"12:30:43 PM"}
{"level":"error","message":"(node:16672) UnhandledPromiseRejectionWarning: Unhandled promise rejection (rejection id: 1): Error: Trying to open unclosed connection.","timestamp":"12:32:12 PM"}
{"level":"error","message":"(node:16672) UnhandledPromiseRejectionWarning: Unhandled promise rejection (rejection id: 2): Error: Trying to open unclosed connection.","timestamp":"12:32:12 PM"}
{"level":"error","message":"(node:16672) UnhandledPromiseRejectionWarning: Unhandled promise rejection (rejection id: 3): Error: Trying to open unclosed connection.","timestamp":"12:32:12 PM"}
{"level":"error","message":"(node:16672) UnhandledPromiseRejectionWarning: Unhandled promise rejection (rejection id: 4): Error: Trying to open unclosed connection.","timestamp":"12:32:12 PM"}
{"level":"error","message":"(node:16672) UnhandledPromiseRejectionWarning: Unhandled promise rejection (rejection id: 5): Error: Trying to open unclosed connection.","timestamp":"12:32:12 PM"}
{"level":"error","message":"(node:16672) UnhandledPromiseRejectionWarning: Unhandled promise rejection (rejection id: 6): Error: Trying to open unclosed connection.","timestamp":"12:32:12 PM"}
{"level":"error","message":"(node:16672) UnhandledPromiseRejectionWarning: Unhandled promise rejection (rejection id: 7): Error: Trying to open unclosed connection.","timestamp":"12:32:12 PM"}
{"level":"error","message":"(node:16672) UnhandledPromiseRejectionWarning: Unhandled promise rejection (rejection id: 8): Error: Trying to open unclosed connection.","timestamp":"12:32:12 PM"}
{"level":"error","message":"(node:16672) UnhandledPromiseRejectionWarning: Unhandled promise rejection (rejection id: 9): Error: Trying to open unclosed connection.","timestamp":"12:32:12 PM"}
{"level":"error","message":"(node:16672) UnhandledPromiseRejectionWarning: Unhandled promise rejection (rejection id: 10): Error: Trying to open unclosed connection.","timestamp":"12:32:12 PM"}
{"level":"error","message":"(node:16672) UnhandledPromiseRejectionWarning: Unhandled promise rejection (rejection id: 11): Error: Trying to open unclosed connection.","timestamp":"12:32:12 PM"}
{"level":"error","message":"(node:16672) UnhandledPromiseRejectionWarning: Unhandled promise rejection (rejection id: 12): Error: Trying to open unclosed connection.","timestamp":"12:32:12 PM"}
{"level":"error","message":"(node:16672) UnhandledPromiseRejectionWarning: Unhandled promise rejection (rejection id: 13): Error: Trying to open unclosed connection.","timestamp":"12:32:12 PM"}
{"level":"error","message":"(node:16672) UnhandledPromiseRejectionWarning: Unhandled promise rejection (rejection id: 14): Error: Trying to open unclosed connection.","timestamp":"12:32:12 PM"}
{"level":"error","message":"(node:16672) UnhandledPromiseRejectionWarning: Unhandled promise rejection (rejection id: 15): Error: Trying to open unclosed connection.","timestamp":"12:32:12 PM"}
{"level":"error","message":"(node:16672) UnhandledPromiseRejectionWarning: Unhandled promise rejection (rejection id: 16): Error: Trying to open unclosed connection.","timestamp":"12:32:12 PM"}
{"level":"error","message":"(node:16672) UnhandledPromiseRejectionWarning: Unhandled promise rejection (rejection id: 17): Error: Trying to open unclosed connection.","timestamp":"12:32:12 PM"}
{"level":"error","message":"(node:16672) UnhandledPromiseRejectionWarning: Unhandled promise rejection (rejection id: 18): Error: Trying to open unclosed connection.","timestamp":"12:32:12 PM"}
{"level":"error","message":"(node:16672) UnhandledPromiseRejectionWarning: Unhandled promise rejection (rejection id: 19): Error: Trying to open unclosed connection.","timestamp":"12:32:12 PM"}
{"level":"error","message":"(node:16672) UnhandledPromiseRejectionWarning: Unhandled promise rejection (rejection id: 20): Error: Trying to open unclosed connection.","timestamp":"12:32:12 PM"}
{"level":"error","message":"(node:16672) UnhandledPromiseRejectionWarning: Unhandled promise rejection (rejection id: 21): Error: Trying to open unclosed connection.","timestamp":"12:32:12 PM"}
{"level":"error","message":"(node:16672) UnhandledPromiseRejectionWarning: Unhandled promise rejection (rejection id: 22): Error: Trying to open unclosed connection.","timestamp":"12:32:12 PM"}
{"level":"error","message":"(node:16672) UnhandledPromiseRejectionWarning: Unhandled promise rejection (rejection id: 23): Error: Trying to open unclosed connection.","timestamp":"12:32:12 PM"}
{"level":"error","message":"(node:16672) UnhandledPromiseRejectionWarning: Unhandled promise rejection (rejection id: 24): Error: Trying to open unclosed connection.","timestamp":"12:32:12 PM"}
{"level":"error","message":"(node:16672) UnhandledPromiseRejectionWarning: Unhandled promise rejection (rejection id: 25): Error: Trying to open unclosed connection.","timestamp":"12:32:12 PM"}
{"level":"error","message":"(node:16672) UnhandledPromiseRejectionWarning: Unhandled promise rejection (rejection id: 26): Error: Trying to open unclosed connection.","timestamp":"12:32:12 PM"}
{"level":"error","message":"(node:16672) UnhandledPromiseRejectionWarning: Unhandled promise rejection (rejection id: 27): Error: Trying to open unclosed connection.","timestamp":"12:32:12 PM"}
{"level":"error","message":"(node:16672) UnhandledPromiseRejectionWarning: Unhandled promise rejection (rejection id: 28): Error: Trying to open unclosed connection.","timestamp":"12:32:12 PM"}
{"level":"error","message":"(node:16672) UnhandledPromiseRejectionWarning: Unhandled promise rejection (rejection id: 29): Error: Trying to open unclosed connection.","timestamp":"12:32:12 PM"}
{"level":"error","message":"(node:16672) UnhandledPromiseRejectionWarning: Unhandled promise rejection (rejection id: 30): Error: Trying to open unclosed connection.","timestamp":"12:32:12 PM"}
{"level":"error","message":"(node:16672) UnhandledPromiseRejectionWarning: Unhandled promise rejection (rejection id: 31): Error: Trying to open unclosed connection.","timestamp":"12:32:12 PM"}
{"level":"error","message":"(node:16672) UnhandledPromiseRejectionWarning: Unhandled promise rejection (rejection id: 32): Error: Trying to open unclosed connection.","timestamp":"12:32:12 PM"}
{"level":"error","message":"(node:16672) UnhandledPromiseRejectionWarning: Unhandled promise rejection (rejection id: 33): Error: Trying to open unclosed connection.","timestamp":"12:32:12 PM"}
{"level":"error","message":"(node:16672) UnhandledPromiseRejectionWarning: Unhandled promise rejection (rejection id: 34): Error: Trying to open unclosed connection.","timestamp":"12:32:12 PM"}
{"level":"error","message":"(node:16672) UnhandledPromiseRejectionWarning: Unhandled promise rejection (rejection id: 35): Error: Trying to open unclosed connection.","timestamp":"12:32:12 PM"}
{"level":"error","message":"(node:16672) UnhandledPromiseRejectionWarning: Unhandled promise rejection (rejection id: 36): Error: Trying to open unclosed connection.","timestamp":"12:32:12 PM"}
{"level":"error","message":"(node:16672) UnhandledPromiseRejectionWarning: Unhandled promise rejection (rejection id: 37): Error: Trying to open unclosed connection.","timestamp":"12:32:12 PM"}
{"level":"error","message":"(node:16672) UnhandledPromiseRejectionWarning: Unhandled promise rejection (rejection id: 38): Error: Trying to open unclosed connection.","timestamp":"12:32:12 PM"}
{"level":"error","message":"(node:16672) UnhandledPromiseRejectionWarning: Unhandled promise rejection (rejection id: 39): Error: Trying to open unclosed connection.","timestamp":"12:32:12 PM"}
{"level":"error","message":"(node:16672) UnhandledPromiseRejectionWarning: Unhandled promise rejection (rejection id: 40): Error: Trying to open unclosed connection.","timestamp":"12:32:12 PM"}
{"level":"error","message":"(node:16672) UnhandledPromiseRejectionWarning: Unhandled promise rejection (rejection id: 41): Error: Trying to open unclosed connection.","timestamp":"12:32:12 PM"}
{"level":"error","message":"(node:16672) UnhandledPromiseRejectionWarning: Unhandled promise rejection (rejection id: 42): Error: Trying to open unclosed connection.","timestamp":"12:32:12 PM"}
{"level":"error","message":"(node:16672) UnhandledPromiseRejectionWarning: Unhandled promise rejection (rejection id: 43): Error: Trying to open unclosed connection.","timestamp":"12:32:12 PM"}
{"level":"error","message":"(node:16672) UnhandledPromiseRejectionWarning: Unhandled promise rejection (rejection id: 44): Error: Trying to open unclosed connection.","timestamp":"12:32:12 PM"}
{"level":"error","message":"(node:16672) UnhandledPromiseRejectionWarning: Unhandled promise rejection (rejection id: 45): Error: Trying to open unclosed connection.","timestamp":"12:32:12 PM"}
{"level":"error","message":"(node:16672) UnhandledPromiseRejectionWarning: Unhandled promise rejection (rejection id: 46): Error: Trying to open unclosed connection.","timestamp":"12:32:12 PM"}
{"level":"error","message":"(node:16672) UnhandledPromiseRejectionWarning: Unhandled promise rejection (rejection id: 47): Error: Trying to open unclosed connection.","timestamp":"12:32:12 PM"}
{"level":"error","message":"(node:16672) UnhandledPromiseRejectionWarning: Unhandled promise rejection (rejection id: 48): Error: Trying to open unclosed connection.","timestamp":"12:32:12 PM"}
{"level":"error","message":"(node:16672) UnhandledPromiseRejectionWarning: Unhandled promise rejection (rejection id: 49): Error: Trying to open unclosed connection.","timestamp":"12:32:12 PM"}
{"level":"error","message":"(node:16672) UnhandledPromiseRejectionWarning: Unhandled promise rejection (rejection id: 50): Error: Trying to open unclosed connection.","timestamp":"12:32:12 PM"}
{"level":"error","message":"(node:16672) UnhandledPromiseRejectionWarning: Unhandled promise rejection (rejection id: 51): Error: Trying to open unclosed connection.","timestamp":"12:32:12 PM"}
{"level":"error","message":"(node:16672) UnhandledPromiseRejectionWarning: Unhandled promise rejection (rejection id: 52): Error: Trying to open unclosed connection.","timestamp":"12:32:12 PM"}
{"level":"error","message":"(node:16672) UnhandledPromiseRejectionWarning: Unhandled promise rejection (rejection id: 53): Error: Trying to open unclosed connection.","timestamp":"12:32:12 PM"}
{"level":"error","message":"LOG REFERER YTD http://localhost:7000/ ::1 string","timestamp":"12:32:25 PM"}
{"level":"error","message":"LOG REFERER YTD http://localhost:7000/ ::1 string","timestamp":"12:35:44 PM"}
{"level":"error","message":"(node:10376) UnhandledPromiseRejectionWarning: Unhandled promise rejection (rejection id: 1): Error: Trying to open unclosed connection.","timestamp":"12:37:39 PM"}
{"level":"error","message":"(node:10376) UnhandledPromiseRejectionWarning: Unhandled promise rejection (rejection id: 2): Error: Trying to open unclosed connection.","timestamp":"12:37:39 PM"}
{"level":"error","message":"(node:10376) UnhandledPromiseRejectionWarning: Unhandled promise rejection (rejection id: 3): Error: Trying to open unclosed connection.","timestamp":"12:37:39 PM"}
{"level":"error","message":"(node:10376) UnhandledPromiseRejectionWarning: Unhandled promise rejection (rejection id: 4): Error: Trying to open unclosed connection.","timestamp":"12:37:39 PM"}
{"level":"error","message":"(node:10376) UnhandledPromiseRejectionWarning: Unhandled promise rejection (rejection id: 5): Error: Trying to open unclosed connection.","timestamp":"12:37:39 PM"}
{"level":"error","message":"(node:10376) UnhandledPromiseRejectionWarning: Unhandled promise rejection (rejection id: 6): Error: Trying to open unclosed connection.","timestamp":"12:37:39 PM"}
{"level":"error","message":"(node:10376) UnhandledPromiseRejectionWarning: Unhandled promise rejection (rejection id: 7): Error: Trying to open unclosed connection.","timestamp":"12:37:39 PM"}
{"level":"error","message":"(node:10376) UnhandledPromiseRejectionWarning: Unhandled promise rejection (rejection id: 8): Error: Trying to open unclosed connection.","timestamp":"12:37:39 PM"}
{"level":"error","message":"(node:10376) UnhandledPromiseRejectionWarning: Unhandled promise rejection (rejection id: 9): Error: Trying to open unclosed connection.","timestamp":"12:37:39 PM"}
{"level":"error","message":"(node:10376) UnhandledPromiseRejectionWarning: Unhandled promise rejection (rejection id: 10): Error: Trying to open unclosed connection.","timestamp":"12:37:39 PM"}
{"level":"error","message":"(node:10376) UnhandledPromiseRejectionWarning: Unhandled promise rejection (rejection id: 11): Error: Trying to open unclosed connection.","timestamp":"12:37:39 PM"}
{"level":"error","message":"(node:10376) UnhandledPromiseRejectionWarning: Unhandled promise rejection (rejection id: 12): Error: Trying to open unclosed connection.","timestamp":"12:37:39 PM"}
{"level":"error","message":"(node:10376) UnhandledPromiseRejectionWarning: Unhandled promise rejection (rejection id: 13): Error: Trying to open unclosed connection.","timestamp":"12:37:39 PM"}
{"level":"error","message":"(node:10376) UnhandledPromiseRejectionWarning: Unhandled promise rejection (rejection id: 14): Error: Trying to open unclosed connection.","timestamp":"12:37:39 PM"}
{"level":"error","message":"(node:10376) UnhandledPromiseRejectionWarning: Unhandled promise rejection (rejection id: 15): Error: Trying to open unclosed connection.","timestamp":"12:37:40 PM"}
{"level":"error","message":"(node:10376) UnhandledPromiseRejectionWarning: Unhandled promise rejection (rejection id: 16): Error: Trying to open unclosed connection.","timestamp":"12:37:40 PM"}
{"level":"error","message":"(node:10376) UnhandledPromiseRejectionWarning: Unhandled promise rejection (rejection id: 17): Error: Trying to open unclosed connection.","timestamp":"12:37:40 PM"}
{"level":"error","message":"(node:10376) UnhandledPromiseRejectionWarning: Unhandled promise rejection (rejection id: 18): Error: Trying to open unclosed connection.","timestamp":"12:37:40 PM"}
{"level":"error","message":"(node:10376) UnhandledPromiseRejectionWarning: Unhandled promise rejection (rejection id: 19): Error: Trying to open unclosed connection.","timestamp":"12:37:40 PM"}
{"level":"error","message":"(node:10376) UnhandledPromiseRejectionWarning: Unhandled promise rejection (rejection id: 20): Error: Trying to open unclosed connection.","timestamp":"12:37:40 PM"}
{"level":"error","message":"(node:10376) UnhandledPromiseRejectionWarning: Unhandled promise rejection (rejection id: 21): Error: Trying to open unclosed connection.","timestamp":"12:37:40 PM"}
{"level":"error","message":"(node:10376) UnhandledPromiseRejectionWarning: Unhandled promise rejection (rejection id: 22): Error: Trying to open unclosed connection.","timestamp":"12:37:40 PM"}
{"level":"error","message":"(node:10376) UnhandledPromiseRejectionWarning: Unhandled promise rejection (rejection id: 23): Error: Trying to open unclosed connection.","timestamp":"12:37:40 PM"}
{"level":"error","message":"(node:10376) UnhandledPromiseRejectionWarning: Unhandled promise rejection (rejection id: 24): Error: Trying to open unclosed connection.","timestamp":"12:37:40 PM"}
{"level":"error","message":"(node:10376) UnhandledPromiseRejectionWarning: Unhandled promise rejection (rejection id: 25): Error: Trying to open unclosed connection.","timestamp":"12:37:40 PM"}
{"level":"error","message":"(node:10376) UnhandledPromiseRejectionWarning: Unhandled promise rejection (rejection id: 26): Error: Trying to open unclosed connection.","timestamp":"12:37:40 PM"}
{"level":"error","message":"(node:10376) UnhandledPromiseRejectionWarning: Unhandled promise rejection (rejection id: 27): Error: Trying to open unclosed connection.","timestamp":"12:37:40 PM"}
{"level":"error","message":"(node:10376) UnhandledPromiseRejectionWarning: Unhandled promise rejection (rejection id: 28): Error: Trying to open unclosed connection.","timestamp":"12:37:40 PM"}
{"level":"error","message":"(node:10376) UnhandledPromiseRejectionWarning: Unhandled promise rejection (rejection id: 29): Error: Trying to open unclosed connection.","timestamp":"12:37:40 PM"}
{"level":"error","message":"(node:10376) UnhandledPromiseRejectionWarning: Unhandled promise rejection (rejection id: 30): Error: Trying to open unclosed connection.","timestamp":"12:37:40 PM"}
{"level":"error","message":"(node:10376) UnhandledPromiseRejectionWarning: Unhandled promise rejection (rejection id: 31): Error: Trying to open unclosed connection.","timestamp":"12:37:40 PM"}
{"level":"error","message":"(node:10376) UnhandledPromiseRejectionWarning: Unhandled promise rejection (rejection id: 32): Error: Trying to open unclosed connection.","timestamp":"12:37:40 PM"}
{"level":"error","message":"(node:10376) UnhandledPromiseRejectionWarning: Unhandled promise rejection (rejection id: 33): Error: Trying to open unclosed connection.","timestamp":"12:37:40 PM"}
{"level":"error","message":"(node:10376) UnhandledPromiseRejectionWarning: Unhandled promise rejection (rejection id: 34): Error: Trying to open unclosed connection.","timestamp":"12:37:40 PM"}
{"level":"error","message":"(node:10376) UnhandledPromiseRejectionWarning: Unhandled promise rejection (rejection id: 35): Error: Trying to open unclosed connection.","timestamp":"12:37:40 PM"}
{"level":"error","message":"(node:10376) UnhandledPromiseRejectionWarning: Unhandled promise rejection (rejection id: 36): Error: Trying to open unclosed connection.","timestamp":"12:37:40 PM"}
{"level":"error","message":"(node:10376) UnhandledPromiseRejectionWarning: Unhandled promise rejection (rejection id: 37): Error: Trying to open unclosed connection.","timestamp":"12:37:40 PM"}
{"level":"error","message":"(node:10376) UnhandledPromiseRejectionWarning: Unhandled promise rejection (rejection id: 38): Error: Trying to open unclosed connection.","timestamp":"12:37:40 PM"}
{"level":"error","message":"(node:10376) UnhandledPromiseRejectionWarning: Unhandled promise rejection (rejection id: 39): Error: Trying to open unclosed connection.","timestamp":"12:37:40 PM"}
{"level":"error","message":"(node:10376) UnhandledPromiseRejectionWarning: Unhandled promise rejection (rejection id: 40): Error: Trying to open unclosed connection.","timestamp":"12:37:40 PM"}
{"level":"error","message":"(node:10376) UnhandledPromiseRejectionWarning: Unhandled promise rejection (rejection id: 41): Error: Trying to open unclosed connection.","timestamp":"12:37:40 PM"}
{"level":"error","message":"(node:10376) UnhandledPromiseRejectionWarning: Unhandled promise rejection (rejection id: 42): Error: Trying to open unclosed connection.","timestamp":"12:37:40 PM"}
{"level":"error","message":"(node:10376) UnhandledPromiseRejectionWarning: Unhandled promise rejection (rejection id: 43): Error: Trying to open unclosed connection.","timestamp":"12:37:40 PM"}
{"level":"error","message":"(node:10376) UnhandledPromiseRejectionWarning: Unhandled promise rejection (rejection id: 44): Error: Trying to open unclosed connection.","timestamp":"12:37:40 PM"}
{"level":"error","message":"(node:10376) UnhandledPromiseRejectionWarning: Unhandled promise rejection (rejection id: 45): Error: Trying to open unclosed connection.","timestamp":"12:37:40 PM"}
{"level":"error","message":"(node:10376) UnhandledPromiseRejectionWarning: Unhandled promise rejection (rejection id: 46): Error: Trying to open unclosed connection.","timestamp":"12:37:40 PM"}
{"level":"error","message":"(node:10376) UnhandledPromiseRejectionWarning: Unhandled promise rejection (rejection id: 47): Error: Trying to open unclosed connection.","timestamp":"12:37:40 PM"}
{"level":"error","message":"(node:10376) UnhandledPromiseRejectionWarning: Unhandled promise rejection (rejection id: 48): Error: Trying to open unclosed connection.","timestamp":"12:37:40 PM"}
{"level":"error","message":"(node:10376) UnhandledPromiseRejectionWarning: Unhandled promise rejection (rejection id: 49): Error: Trying to open unclosed connection.","timestamp":"12:37:40 PM"}
{"level":"error","message":"(node:10376) UnhandledPromiseRejectionWarning: Unhandled promise rejection (rejection id: 50): Error: Trying to open unclosed connection.","timestamp":"12:37:40 PM"}
{"level":"error","message":"(node:10376) UnhandledPromiseRejectionWarning: Unhandled promise rejection (rejection id: 51): Error: Trying to open unclosed connection.","timestamp":"12:37:40 PM"}
{"level":"error","message":"(node:10376) UnhandledPromiseRejectionWarning: Unhandled promise rejection (rejection id: 52): Error: Trying to open unclosed connection.","timestamp":"12:37:40 PM"}
{"level":"error","message":"(node:10376) UnhandledPromiseRejectionWarning: Unhandled promise rejection (rejection id: 53): Error: Trying to open unclosed connection.","timestamp":"12:37:40 PM"}
{"level":"error","message":"LOG REFERER YTD http://localhost:7000/ ::1 string","timestamp":"12:38:01 PM"}
{"level":"error","message":"LOG REFERER YTD http://localhost:7000/ ::1 string","timestamp":"12:39:01 PM"}
{"level":"error","message":"LOG REFERER YTD http://localhost:7000/ ::1 string","timestamp":"12:39:35 PM"}
{"level":"error","message":"LOG REFERER YTD undefined ::ffff:127.0.0.1 undefined","timestamp":"3:00:32 PM"}
{"level":"error","message":"LOG REFERER YTD http://localhost:7000/ ::1 string","timestamp":"3:00:34 PM"}
{"level":"error","message":"LOG REFERER YTD http://localhost:7000/ ::1 string","timestamp":"3:01:15 PM"}
{"level":"error","message":"LOG REFERER YTD http://localhost:7000/ ::1 string","timestamp":"3:46:16 PM"}
