{"level":"info","message":"string","timestamp":"10:16:42 AM"}
{"level":"info","message":"string","timestamp":"10:16:42 AM"}
{"level":"info","message":"$$$$$$$$$$$$$$$$$$$$$$$$","timestamp":"11:36:12 AM"}
{"meta":"","level":"info","message":"","timestamp":"11:36:12 AM"}
{"level":"info","message":"Development Environment is Listening on port 3000","timestamp":"11:36:12 AM"}
{"level":"info","message":"Web URL : http://localhost:3000","timestamp":"11:36:12 AM"}
{"meta":"","level":"info","message":"","timestamp":"11:36:12 AM"}
{"level":"info","message":"$$$$$$$$$$$$$$$$$$$$$$$$","timestamp":"11:36:12 AM"}
{"meta":"","level":"info","message":"","timestamp":"11:36:12 AM"}
{"level":"info","message":"string","timestamp":"11:36:24 AM"}
{"level":"info","message":"string","timestamp":"11:36:24 AM"}
{"level":"info","message":"$$$$$$$$$$$$$$$$$$$$$$$$","timestamp":"11:49:43 AM"}
{"meta":"","level":"info","message":"","timestamp":"11:49:43 AM"}
{"level":"info","message":"Development Environment is Listening on port 3000","timestamp":"11:49:43 AM"}
{"level":"info","message":"Web URL : http://localhost:3000","timestamp":"11:49:43 AM"}
{"meta":"","level":"info","message":"","timestamp":"11:49:43 AM"}
{"level":"info","message":"$$$$$$$$$$$$$$$$$$$$$$$$","timestamp":"11:49:43 AM"}
{"meta":"","level":"info","message":"","timestamp":"11:49:43 AM"}
{"level":"info","message":"string","timestamp":"11:50:05 AM"}
{"level":"info","message":"string","timestamp":"11:50:05 AM"}
{"level":"info","message":"string","timestamp":"11:50:42 AM"}
{"level":"info","message":"old and new Chinese Hindi","timestamp":"11:51:57 AM"}
{"level":"info","message":"Write Working","timestamp":"11:51:57 AM"}
{"level":"info","message":"Success","timestamp":"11:51:57 AM"}
{"level":"info","message":"old and new undefined undefined","timestamp":"11:53:05 AM"}
{"level":"info","message":"Write Working","timestamp":"11:53:05 AM"}
{"level":"info","message":"Success","timestamp":"11:53:05 AM"}
{"level":"info","message":"string","timestamp":"11:53:15 AM"}
{"level":"info","message":"string","timestamp":"11:53:15 AM"}
{"level":"info","message":"string","timestamp":"11:53:19 AM"}
