{"level":"error","message":"LOG REFERER YTD undefined ::ffff:127.0.0.1 undefined","timestamp":"11:46:10 AM"}
{"level":"error","message":"LOG REFERER YTD http://localhost:7000/ ::1 string","timestamp":"11:46:11 AM"}
{"level":"error","message":"LOG REFERER YTD http://localhost:7000/ ::1 string","timestamp":"11:46:11 AM"}
{"level":"error","message":"(node:6092) UnhandledPromiseRejectionWarning: Unhandled promise rejection (rejection id: 1): Error: Trying to open unclosed connection.","timestamp":"12:09:07 PM"}
{"level":"error","message":"(node:6092) UnhandledPromiseRejectionWarning: Unhandled promise rejection (rejection id: 2): Error: Trying to open unclosed connection.","timestamp":"12:09:07 PM"}
{"level":"error","message":"(node:6092) UnhandledPromiseRejectionWarning: Unhandled promise rejection (rejection id: 3): Error: Trying to open unclosed connection.","timestamp":"12:09:07 PM"}
{"level":"error","message":"(node:6092) UnhandledPromiseRejectionWarning: Unhandled promise rejection (rejection id: 4): Error: Trying to open unclosed connection.","timestamp":"12:09:07 PM"}
{"level":"error","message":"(node:6092) UnhandledPromiseRejectionWarning: Unhandled promise rejection (rejection id: 5): Error: Trying to open unclosed connection.","timestamp":"12:09:07 PM"}
{"level":"error","message":"(node:6092) UnhandledPromiseRejectionWarning: Unhandled promise rejection (rejection id: 6): Error: Trying to open unclosed connection.","timestamp":"12:09:07 PM"}
{"level":"error","message":"(node:6092) UnhandledPromiseRejectionWarning: Unhandled promise rejection (rejection id: 7): Error: Trying to open unclosed connection.","timestamp":"12:09:07 PM"}
{"level":"error","message":"(node:6092) UnhandledPromiseRejectionWarning: Unhandled promise rejection (rejection id: 8): Error: Trying to open unclosed connection.","timestamp":"12:09:07 PM"}
{"level":"error","message":"(node:6092) UnhandledPromiseRejectionWarning: Unhandled promise rejection (rejection id: 9): Error: Trying to open unclosed connection.","timestamp":"12:09:07 PM"}
{"level":"error","message":"(node:6092) UnhandledPromiseRejectionWarning: Unhandled promise rejection (rejection id: 10): Error: Trying to open unclosed connection.","timestamp":"12:09:07 PM"}
{"level":"error","message":"(node:6092) UnhandledPromiseRejectionWarning: Unhandled promise rejection (rejection id: 11): Error: Trying to open unclosed connection.","timestamp":"12:09:07 PM"}
{"level":"error","message":"(node:6092) UnhandledPromiseRejectionWarning: Unhandled promise rejection (rejection id: 12): Error: Trying to open unclosed connection.","timestamp":"12:09:07 PM"}
{"level":"error","message":"(node:6092) UnhandledPromiseRejectionWarning: Unhandled promise rejection (rejection id: 13): Error: Trying to open unclosed connection.","timestamp":"12:09:07 PM"}
{"level":"error","message":"(node:6092) UnhandledPromiseRejectionWarning: Unhandled promise rejection (rejection id: 14): Error: Trying to open unclosed connection.","timestamp":"12:09:07 PM"}
{"level":"error","message":"(node:6092) UnhandledPromiseRejectionWarning: Unhandled promise rejection (rejection id: 15): Error: Trying to open unclosed connection.","timestamp":"12:09:07 PM"}
{"level":"error","message":"(node:6092) UnhandledPromiseRejectionWarning: Unhandled promise rejection (rejection id: 16): Error: Trying to open unclosed connection.","timestamp":"12:09:07 PM"}
{"level":"error","message":"(node:6092) UnhandledPromiseRejectionWarning: Unhandled promise rejection (rejection id: 17): Error: Trying to open unclosed connection.","timestamp":"12:09:07 PM"}
{"level":"error","message":"(node:6092) UnhandledPromiseRejectionWarning: Unhandled promise rejection (rejection id: 18): Error: Trying to open unclosed connection.","timestamp":"12:09:07 PM"}
{"level":"error","message":"(node:6092) UnhandledPromiseRejectionWarning: Unhandled promise rejection (rejection id: 19): Error: Trying to open unclosed connection.","timestamp":"12:09:07 PM"}
{"level":"error","message":"(node:6092) UnhandledPromiseRejectionWarning: Unhandled promise rejection (rejection id: 20): Error: Trying to open unclosed connection.","timestamp":"12:09:07 PM"}
{"level":"error","message":"(node:6092) UnhandledPromiseRejectionWarning: Unhandled promise rejection (rejection id: 21): Error: Trying to open unclosed connection.","timestamp":"12:09:07 PM"}
{"level":"error","message":"(node:6092) UnhandledPromiseRejectionWarning: Unhandled promise rejection (rejection id: 22): Error: Trying to open unclosed connection.","timestamp":"12:09:07 PM"}
{"level":"error","message":"(node:6092) UnhandledPromiseRejectionWarning: Unhandled promise rejection (rejection id: 23): Error: Trying to open unclosed connection.","timestamp":"12:09:07 PM"}
{"level":"error","message":"(node:6092) UnhandledPromiseRejectionWarning: Unhandled promise rejection (rejection id: 24): Error: Trying to open unclosed connection.","timestamp":"12:09:07 PM"}
{"level":"error","message":"(node:6092) UnhandledPromiseRejectionWarning: Unhandled promise rejection (rejection id: 25): Error: Trying to open unclosed connection.","timestamp":"12:09:07 PM"}
{"level":"error","message":"(node:6092) UnhandledPromiseRejectionWarning: Unhandled promise rejection (rejection id: 26): Error: Trying to open unclosed connection.","timestamp":"12:09:07 PM"}
{"level":"error","message":"(node:6092) UnhandledPromiseRejectionWarning: Unhandled promise rejection (rejection id: 27): Error: Trying to open unclosed connection.","timestamp":"12:09:07 PM"}
{"level":"error","message":"(node:6092) UnhandledPromiseRejectionWarning: Unhandled promise rejection (rejection id: 28): Error: Trying to open unclosed connection.","timestamp":"12:09:07 PM"}
{"level":"error","message":"(node:6092) UnhandledPromiseRejectionWarning: Unhandled promise rejection (rejection id: 29): Error: Trying to open unclosed connection.","timestamp":"12:09:07 PM"}
{"level":"error","message":"(node:6092) UnhandledPromiseRejectionWarning: Unhandled promise rejection (rejection id: 30): Error: Trying to open unclosed connection.","timestamp":"12:09:07 PM"}
{"level":"error","message":"(node:6092) UnhandledPromiseRejectionWarning: Unhandled promise rejection (rejection id: 31): Error: Trying to open unclosed connection.","timestamp":"12:09:07 PM"}
{"level":"error","message":"(node:6092) UnhandledPromiseRejectionWarning: Unhandled promise rejection (rejection id: 32): Error: Trying to open unclosed connection.","timestamp":"12:09:07 PM"}
{"level":"error","message":"(node:6092) UnhandledPromiseRejectionWarning: Unhandled promise rejection (rejection id: 33): Error: Trying to open unclosed connection.","timestamp":"12:09:07 PM"}
{"level":"error","message":"(node:6092) UnhandledPromiseRejectionWarning: Unhandled promise rejection (rejection id: 34): Error: Trying to open unclosed connection.","timestamp":"12:09:07 PM"}
{"level":"error","message":"(node:6092) UnhandledPromiseRejectionWarning: Unhandled promise rejection (rejection id: 35): Error: Trying to open unclosed connection.","timestamp":"12:09:07 PM"}
{"level":"error","message":"(node:6092) UnhandledPromiseRejectionWarning: Unhandled promise rejection (rejection id: 36): Error: Trying to open unclosed connection.","timestamp":"12:09:07 PM"}
{"level":"error","message":"(node:6092) UnhandledPromiseRejectionWarning: Unhandled promise rejection (rejection id: 37): Error: Trying to open unclosed connection.","timestamp":"12:09:07 PM"}
{"level":"error","message":"(node:6092) UnhandledPromiseRejectionWarning: Unhandled promise rejection (rejection id: 38): Error: Trying to open unclosed connection.","timestamp":"12:09:07 PM"}
{"level":"error","message":"(node:6092) UnhandledPromiseRejectionWarning: Unhandled promise rejection (rejection id: 39): Error: Trying to open unclosed connection.","timestamp":"12:09:07 PM"}
{"level":"error","message":"(node:6092) UnhandledPromiseRejectionWarning: Unhandled promise rejection (rejection id: 40): Error: Trying to open unclosed connection.","timestamp":"12:09:07 PM"}
{"level":"error","message":"(node:6092) UnhandledPromiseRejectionWarning: Unhandled promise rejection (rejection id: 41): Error: Trying to open unclosed connection.","timestamp":"12:09:07 PM"}
{"level":"error","message":"(node:6092) UnhandledPromiseRejectionWarning: Unhandled promise rejection (rejection id: 42): Error: Trying to open unclosed connection.","timestamp":"12:09:07 PM"}
{"level":"error","message":"(node:6092) UnhandledPromiseRejectionWarning: Unhandled promise rejection (rejection id: 43): Error: Trying to open unclosed connection.","timestamp":"12:09:07 PM"}
{"level":"error","message":"(node:6092) UnhandledPromiseRejectionWarning: Unhandled promise rejection (rejection id: 44): Error: Trying to open unclosed connection.","timestamp":"12:09:07 PM"}
{"level":"error","message":"(node:6092) UnhandledPromiseRejectionWarning: Unhandled promise rejection (rejection id: 45): Error: Trying to open unclosed connection.","timestamp":"12:09:07 PM"}
{"level":"error","message":"(node:6092) UnhandledPromiseRejectionWarning: Unhandled promise rejection (rejection id: 46): Error: Trying to open unclosed connection.","timestamp":"12:09:07 PM"}
{"level":"error","message":"(node:6092) UnhandledPromiseRejectionWarning: Unhandled promise rejection (rejection id: 47): Error: Trying to open unclosed connection.","timestamp":"12:09:07 PM"}
{"level":"error","message":"(node:6092) UnhandledPromiseRejectionWarning: Unhandled promise rejection (rejection id: 48): Error: Trying to open unclosed connection.","timestamp":"12:09:07 PM"}
{"level":"error","message":"(node:6092) UnhandledPromiseRejectionWarning: Unhandled promise rejection (rejection id: 49): Error: Trying to open unclosed connection.","timestamp":"12:09:07 PM"}
{"level":"error","message":"(node:6092) UnhandledPromiseRejectionWarning: Unhandled promise rejection (rejection id: 50): Error: Trying to open unclosed connection.","timestamp":"12:09:07 PM"}
{"level":"error","message":"(node:6092) UnhandledPromiseRejectionWarning: Unhandled promise rejection (rejection id: 51): Error: Trying to open unclosed connection.","timestamp":"12:09:07 PM"}
{"level":"error","message":"LOG REFERER YTD http://localhost:7000/ ::1 string","timestamp":"12:10:06 PM"}
{"level":"error","message":"LOG REFERER YTD http://localhost:7000/ ::1 string","timestamp":"12:24:40 PM"}
{"level":"error","message":"LOG REFERER YTD http://localhost:7000/ ::1 string","timestamp":"12:24:58 PM"}
{"level":"error","message":"LOG REFERER YTD http://localhost:7000/ ::1 string","timestamp":"12:25:05 PM"}
{"level":"warn","message":"uncaughtException { Error: socket hang up\n    at createHangUpError (_http_client.js:254:15)\n    at Socket.socketOnEnd (_http_client.js:346:23)\n    at emitNone (events.js:91:20)\n    at Socket.emit (events.js:185:7)\n    at endReadableNT (_stream_readable.js:974:12)\n    at _combinedTickCallback (internal/process/next_tick.js:74:11)\n    at process._tickCallback (internal/process/next_tick.js:98:9)\n  code: 'ECONNRESET',\n  request: \n   ClientRequest {\n     domain: null,\n     _events: {},\n     _eventsCount: 0,\n     _maxListeners: undefined,\n     href: 'http://qa-horizon.policyboss.com:3000/report/save_log?env=Development&type=ERR',\n     options: \n      { host: 'qa-horizon.policyboss.com',\n        port: '3000',\n        path: '/report/save_log?env=Development&type=ERR',\n        href: 'http://qa-horizon.policyboss.com:3000/report/save_log?env=Development&type=ERR',\n        method: 'POST',\n        headers: [Object],\n        data: '[\"LOG REFERER YTD http://localhost:7000/ ::1 string\"]' },\n     _httpRequest: \n      Writable {\n        _writableState: [Object],\n        writable: true,\n        domain: null,\n        _events: [Object],\n        _eventsCount: 2,\n        _maxListeners: undefined,\n        _options: [Object],\n        _ended: true,\n        _ending: true,\n        _redirectCount: 0,\n        _redirects: [],\n        _requestBodyLength: 53,\n        _requestBodyBuffers: [Object],\n        _onNativeResponse: [Function],\n        _currentRequest: [Object],\n        _currentUrl: 'http://qa-horizon.policyboss.com:3000/report/save_log?env=Development&type=ERR' } } }","timestamp":"12:25:40 PM"}
{"level":"warn","message":"uncaughtException { Error: socket hang up\n    at createHangUpError (_http_client.js:254:15)\n    at Socket.socketCloseListener (_http_client.js:286:23)\n    at emitOne (events.js:101:20)\n    at Socket.emit (events.js:188:7)\n    at TCP._handle.close [as _onclose] (net.js:498:12)\n  code: 'ECONNRESET',\n  request: \n   ClientRequest {\n     domain: null,\n     _events: {},\n     _eventsCount: 0,\n     _maxListeners: undefined,\n     href: 'http://qa-horizon.policyboss.com:3000/report/save_log?env=Development&type=ERR',\n     options: \n      { host: 'qa-horizon.policyboss.com',\n        port: '3000',\n        path: '/report/save_log?env=Development&type=ERR',\n        href: 'http://qa-horizon.policyboss.com:3000/report/save_log?env=Development&type=ERR',\n        method: 'POST',\n        headers: [Object],\n        data: '[\"LOG REFERER YTD http://localhost:7000/ ::1 string\"]' },\n     _httpRequest: \n      Writable {\n        _writableState: [Object],\n        writable: true,\n        domain: null,\n        _events: [Object],\n        _eventsCount: 2,\n        _maxListeners: undefined,\n        _options: [Object],\n        _ended: true,\n        _ending: true,\n        _redirectCount: 0,\n        _redirects: [],\n        _requestBodyLength: 53,\n        _requestBodyBuffers: [Object],\n        _onNativeResponse: [Function],\n        _currentRequest: [Object],\n        _currentUrl: 'http://qa-horizon.policyboss.com:3000/report/save_log?env=Development&type=ERR' } } }","timestamp":"12:25:40 PM"}
{"level":"warn","message":"uncaughtException { Error: socket hang up\n    at createHangUpError (_http_client.js:254:15)\n    at Socket.socketOnEnd (_http_client.js:346:23)\n    at emitNone (events.js:91:20)\n    at Socket.emit (events.js:185:7)\n    at endReadableNT (_stream_readable.js:974:12)\n    at _combinedTickCallback (internal/process/next_tick.js:74:11)\n    at process._tickCallback (internal/process/next_tick.js:98:9)\n  code: 'ECONNRESET',\n  request: \n   ClientRequest {\n     domain: null,\n     _events: {},\n     _eventsCount: 0,\n     _maxListeners: undefined,\n     href: 'http://qa-horizon.policyboss.com:3000/report/save_log?env=Development&type=ERR',\n     options: \n      { host: 'qa-horizon.policyboss.com',\n        port: '3000',\n        path: '/report/save_log?env=Development&type=ERR',\n        href: 'http://qa-horizon.policyboss.com:3000/report/save_log?env=Development&type=ERR',\n        method: 'POST',\n        headers: [Object],\n        data: '[\"LOG REFERER YTD http://localhost:7000/ ::1 string\"]' },\n     _httpRequest: \n      Writable {\n        _writableState: [Object],\n        writable: true,\n        domain: null,\n        _events: [Object],\n        _eventsCount: 2,\n        _maxListeners: undefined,\n        _options: [Object],\n        _ended: true,\n        _ending: true,\n        _redirectCount: 0,\n        _redirects: [],\n        _requestBodyLength: 53,\n        _requestBodyBuffers: [Object],\n        _onNativeResponse: [Function],\n        _currentRequest: [Object],\n        _currentUrl: 'http://qa-horizon.policyboss.com:3000/report/save_log?env=Development&type=ERR' } } }","timestamp":"12:25:58 PM"}
{"level":"warn","message":"uncaughtException { Error: socket hang up\n    at createHangUpError (_http_client.js:254:15)\n    at Socket.socketCloseListener (_http_client.js:286:23)\n    at emitOne (events.js:101:20)\n    at Socket.emit (events.js:188:7)\n    at TCP._handle.close [as _onclose] (net.js:498:12)\n  code: 'ECONNRESET',\n  request: \n   ClientRequest {\n     domain: null,\n     _events: {},\n     _eventsCount: 0,\n     _maxListeners: undefined,\n     href: 'http://qa-horizon.policyboss.com:3000/report/save_log?env=Development&type=ERR',\n     options: \n      { host: 'qa-horizon.policyboss.com',\n        port: '3000',\n        path: '/report/save_log?env=Development&type=ERR',\n        href: 'http://qa-horizon.policyboss.com:3000/report/save_log?env=Development&type=ERR',\n        method: 'POST',\n        headers: [Object],\n        data: '[\"LOG REFERER YTD http://localhost:7000/ ::1 string\"]' },\n     _httpRequest: \n      Writable {\n        _writableState: [Object],\n        writable: true,\n        domain: null,\n        _events: [Object],\n        _eventsCount: 2,\n        _maxListeners: undefined,\n        _options: [Object],\n        _ended: true,\n        _ending: true,\n        _redirectCount: 0,\n        _redirects: [],\n        _requestBodyLength: 53,\n        _requestBodyBuffers: [Object],\n        _onNativeResponse: [Function],\n        _currentRequest: [Object],\n        _currentUrl: 'http://qa-horizon.policyboss.com:3000/report/save_log?env=Development&type=ERR' } } }","timestamp":"12:25:58 PM"}
{"level":"error","message":"LOG REFERER YTD http://localhost:7000/ ::1 string","timestamp":"12:26:15 PM"}
{"level":"error","message":"LOG REFERER YTD http://localhost:7000/ ::1 string","timestamp":"12:27:02 PM"}
{"level":"error","message":"LOG REFERER YTD http://localhost:7000/ ::1 string","timestamp":"12:27:15 PM"}
{"level":"error","message":"LOG REFERER YTD http://localhost:7000/ ::1 string","timestamp":"12:27:40 PM"}
{"level":"error","message":"(node:29996) UnhandledPromiseRejectionWarning: Unhandled promise rejection (rejection id: 1): Error: Trying to open unclosed connection.","timestamp":"12:41:01 PM"}
{"level":"error","message":"(node:29996) UnhandledPromiseRejectionWarning: Unhandled promise rejection (rejection id: 2): Error: Trying to open unclosed connection.","timestamp":"12:41:01 PM"}
{"level":"error","message":"(node:29996) UnhandledPromiseRejectionWarning: Unhandled promise rejection (rejection id: 3): Error: Trying to open unclosed connection.","timestamp":"12:41:01 PM"}
{"level":"error","message":"(node:29996) UnhandledPromiseRejectionWarning: Unhandled promise rejection (rejection id: 4): Error: Trying to open unclosed connection.","timestamp":"12:41:01 PM"}
{"level":"error","message":"(node:29996) UnhandledPromiseRejectionWarning: Unhandled promise rejection (rejection id: 5): Error: Trying to open unclosed connection.","timestamp":"12:41:01 PM"}
{"level":"error","message":"(node:29996) UnhandledPromiseRejectionWarning: Unhandled promise rejection (rejection id: 6): Error: Trying to open unclosed connection.","timestamp":"12:41:01 PM"}
{"level":"error","message":"(node:29996) UnhandledPromiseRejectionWarning: Unhandled promise rejection (rejection id: 7): Error: Trying to open unclosed connection.","timestamp":"12:41:01 PM"}
{"level":"error","message":"(node:29996) UnhandledPromiseRejectionWarning: Unhandled promise rejection (rejection id: 8): Error: Trying to open unclosed connection.","timestamp":"12:41:01 PM"}
{"level":"error","message":"(node:29996) UnhandledPromiseRejectionWarning: Unhandled promise rejection (rejection id: 9): Error: Trying to open unclosed connection.","timestamp":"12:41:01 PM"}
{"level":"error","message":"(node:29996) UnhandledPromiseRejectionWarning: Unhandled promise rejection (rejection id: 10): Error: Trying to open unclosed connection.","timestamp":"12:41:01 PM"}
{"level":"error","message":"(node:29996) UnhandledPromiseRejectionWarning: Unhandled promise rejection (rejection id: 11): Error: Trying to open unclosed connection.","timestamp":"12:41:01 PM"}
{"level":"error","message":"(node:29996) UnhandledPromiseRejectionWarning: Unhandled promise rejection (rejection id: 12): Error: Trying to open unclosed connection.","timestamp":"12:41:01 PM"}
{"level":"error","message":"(node:29996) UnhandledPromiseRejectionWarning: Unhandled promise rejection (rejection id: 13): Error: Trying to open unclosed connection.","timestamp":"12:41:01 PM"}
{"level":"error","message":"(node:29996) UnhandledPromiseRejectionWarning: Unhandled promise rejection (rejection id: 14): Error: Trying to open unclosed connection.","timestamp":"12:41:01 PM"}
{"level":"error","message":"(node:29996) UnhandledPromiseRejectionWarning: Unhandled promise rejection (rejection id: 15): Error: Trying to open unclosed connection.","timestamp":"12:41:01 PM"}
{"level":"error","message":"(node:29996) UnhandledPromiseRejectionWarning: Unhandled promise rejection (rejection id: 16): Error: Trying to open unclosed connection.","timestamp":"12:41:01 PM"}
{"level":"error","message":"(node:29996) UnhandledPromiseRejectionWarning: Unhandled promise rejection (rejection id: 17): Error: Trying to open unclosed connection.","timestamp":"12:41:01 PM"}
{"level":"error","message":"(node:29996) UnhandledPromiseRejectionWarning: Unhandled promise rejection (rejection id: 18): Error: Trying to open unclosed connection.","timestamp":"12:41:01 PM"}
{"level":"error","message":"(node:29996) UnhandledPromiseRejectionWarning: Unhandled promise rejection (rejection id: 19): Error: Trying to open unclosed connection.","timestamp":"12:41:01 PM"}
{"level":"error","message":"(node:29996) UnhandledPromiseRejectionWarning: Unhandled promise rejection (rejection id: 20): Error: Trying to open unclosed connection.","timestamp":"12:41:01 PM"}
{"level":"error","message":"(node:29996) UnhandledPromiseRejectionWarning: Unhandled promise rejection (rejection id: 21): Error: Trying to open unclosed connection.","timestamp":"12:41:01 PM"}
{"level":"error","message":"(node:29996) UnhandledPromiseRejectionWarning: Unhandled promise rejection (rejection id: 22): Error: Trying to open unclosed connection.","timestamp":"12:41:01 PM"}
{"level":"error","message":"(node:29996) UnhandledPromiseRejectionWarning: Unhandled promise rejection (rejection id: 23): Error: Trying to open unclosed connection.","timestamp":"12:41:01 PM"}
{"level":"error","message":"(node:29996) UnhandledPromiseRejectionWarning: Unhandled promise rejection (rejection id: 24): Error: Trying to open unclosed connection.","timestamp":"12:41:01 PM"}
{"level":"error","message":"(node:29996) UnhandledPromiseRejectionWarning: Unhandled promise rejection (rejection id: 25): Error: Trying to open unclosed connection.","timestamp":"12:41:01 PM"}
{"level":"error","message":"(node:29996) UnhandledPromiseRejectionWarning: Unhandled promise rejection (rejection id: 26): Error: Trying to open unclosed connection.","timestamp":"12:41:01 PM"}
{"level":"error","message":"(node:29996) UnhandledPromiseRejectionWarning: Unhandled promise rejection (rejection id: 27): Error: Trying to open unclosed connection.","timestamp":"12:41:01 PM"}
{"level":"error","message":"(node:29996) UnhandledPromiseRejectionWarning: Unhandled promise rejection (rejection id: 28): Error: Trying to open unclosed connection.","timestamp":"12:41:01 PM"}
{"level":"error","message":"(node:29996) UnhandledPromiseRejectionWarning: Unhandled promise rejection (rejection id: 29): Error: Trying to open unclosed connection.","timestamp":"12:41:01 PM"}
{"level":"error","message":"(node:29996) UnhandledPromiseRejectionWarning: Unhandled promise rejection (rejection id: 30): Error: Trying to open unclosed connection.","timestamp":"12:41:01 PM"}
{"level":"error","message":"(node:29996) UnhandledPromiseRejectionWarning: Unhandled promise rejection (rejection id: 31): Error: Trying to open unclosed connection.","timestamp":"12:41:01 PM"}
{"level":"error","message":"(node:29996) UnhandledPromiseRejectionWarning: Unhandled promise rejection (rejection id: 32): Error: Trying to open unclosed connection.","timestamp":"12:41:01 PM"}
{"level":"error","message":"(node:29996) UnhandledPromiseRejectionWarning: Unhandled promise rejection (rejection id: 33): Error: Trying to open unclosed connection.","timestamp":"12:41:01 PM"}
{"level":"error","message":"(node:29996) UnhandledPromiseRejectionWarning: Unhandled promise rejection (rejection id: 34): Error: Trying to open unclosed connection.","timestamp":"12:41:01 PM"}
{"level":"error","message":"(node:29996) UnhandledPromiseRejectionWarning: Unhandled promise rejection (rejection id: 35): Error: Trying to open unclosed connection.","timestamp":"12:41:01 PM"}
{"level":"error","message":"(node:29996) UnhandledPromiseRejectionWarning: Unhandled promise rejection (rejection id: 36): Error: Trying to open unclosed connection.","timestamp":"12:41:01 PM"}
{"level":"error","message":"(node:29996) UnhandledPromiseRejectionWarning: Unhandled promise rejection (rejection id: 37): Error: Trying to open unclosed connection.","timestamp":"12:41:01 PM"}
{"level":"error","message":"(node:29996) UnhandledPromiseRejectionWarning: Unhandled promise rejection (rejection id: 38): Error: Trying to open unclosed connection.","timestamp":"12:41:01 PM"}
{"level":"error","message":"(node:29996) UnhandledPromiseRejectionWarning: Unhandled promise rejection (rejection id: 39): Error: Trying to open unclosed connection.","timestamp":"12:41:01 PM"}
{"level":"error","message":"(node:29996) UnhandledPromiseRejectionWarning: Unhandled promise rejection (rejection id: 40): Error: Trying to open unclosed connection.","timestamp":"12:41:01 PM"}
{"level":"error","message":"(node:29996) UnhandledPromiseRejectionWarning: Unhandled promise rejection (rejection id: 41): Error: Trying to open unclosed connection.","timestamp":"12:41:01 PM"}
{"level":"error","message":"(node:29996) UnhandledPromiseRejectionWarning: Unhandled promise rejection (rejection id: 42): Error: Trying to open unclosed connection.","timestamp":"12:41:01 PM"}
{"level":"error","message":"(node:29996) UnhandledPromiseRejectionWarning: Unhandled promise rejection (rejection id: 43): Error: Trying to open unclosed connection.","timestamp":"12:41:01 PM"}
{"level":"error","message":"(node:29996) UnhandledPromiseRejectionWarning: Unhandled promise rejection (rejection id: 44): Error: Trying to open unclosed connection.","timestamp":"12:41:01 PM"}
{"level":"error","message":"(node:29996) UnhandledPromiseRejectionWarning: Unhandled promise rejection (rejection id: 45): Error: Trying to open unclosed connection.","timestamp":"12:41:01 PM"}
{"level":"error","message":"(node:29996) UnhandledPromiseRejectionWarning: Unhandled promise rejection (rejection id: 46): Error: Trying to open unclosed connection.","timestamp":"12:41:01 PM"}
{"level":"error","message":"(node:29996) UnhandledPromiseRejectionWarning: Unhandled promise rejection (rejection id: 47): Error: Trying to open unclosed connection.","timestamp":"12:41:01 PM"}
{"level":"error","message":"(node:29996) UnhandledPromiseRejectionWarning: Unhandled promise rejection (rejection id: 48): Error: Trying to open unclosed connection.","timestamp":"12:41:01 PM"}
{"level":"error","message":"(node:29996) UnhandledPromiseRejectionWarning: Unhandled promise rejection (rejection id: 49): Error: Trying to open unclosed connection.","timestamp":"12:41:01 PM"}
{"level":"error","message":"(node:29996) UnhandledPromiseRejectionWarning: Unhandled promise rejection (rejection id: 50): Error: Trying to open unclosed connection.","timestamp":"12:41:01 PM"}
{"level":"error","message":"(node:29996) UnhandledPromiseRejectionWarning: Unhandled promise rejection (rejection id: 51): Error: Trying to open unclosed connection.","timestamp":"12:41:01 PM"}
{"level":"error","message":"LOG REFERER YTD http://localhost:7000/ ::1 string","timestamp":"12:41:04 PM"}
{"level":"error","message":"LOG REFERER YTD http://localhost:7000/ ::1 string","timestamp":"12:41:22 PM"}
{"level":"error","message":"LOG REFERER YTD http://localhost:7000/ ::1 string","timestamp":"12:44:53 PM"}
{"level":"error","message":"LOG REFERER YTD undefined ::ffff:127.0.0.1 undefined","timestamp":"1:56:03 PM"}
{"level":"error","message":"LOG REFERER YTD http://localhost:7000/ ::1 string","timestamp":"1:56:06 PM"}
{"level":"error","message":"LOG REFERER YTD http://localhost:7000/ ::1 string","timestamp":"1:59:45 PM"}
{"level":"error","message":"LOG REFERER YTD http://localhost:7000/ ::1 string","timestamp":"2:01:36 PM"}
{"level":"error","message":"LOG REFERER YTD http://localhost:7000/ ::1 string","timestamp":"2:02:11 PM"}
{"level":"error","message":"LOG REFERER YTD http://localhost:7000/ ::1 string","timestamp":"2:03:42 PM"}
{"level":"error","message":"LOG REFERER YTD http://localhost:7000/ ::1 string","timestamp":"2:05:40 PM"}
{"level":"error","message":"LOG REFERER YTD http://localhost:7000/ ::1 string","timestamp":"2:05:46 PM"}
{"level":"error","message":"LOG REFERER YTD http://localhost:7000/ ::1 string","timestamp":"2:05:48 PM"}
{"level":"error","message":"LOG REFERER YTD http://localhost:7000/ ::1 string","timestamp":"2:05:52 PM"}
{"level":"error","message":"LOG REFERER YTD http://localhost:7000/ ::1 string","timestamp":"2:06:33 PM"}
{"level":"error","message":"LOG REFERER YTD http://localhost:7000/ ::1 string","timestamp":"2:06:48 PM"}
{"level":"error","message":"LOG REFERER YTD http://localhost:7000/ ::1 string","timestamp":"2:06:48 PM"}
{"level":"error","message":"LOG REFERER YTD http://localhost:7000/ ::1 string","timestamp":"2:06:49 PM"}
{"level":"error","message":"LOG REFERER YTD http://localhost:7000/ ::1 string","timestamp":"2:06:54 PM"}
{"level":"error","message":"LOG REFERER YTD http://localhost:7000/ ::1 string","timestamp":"2:06:55 PM"}
{"level":"error","message":"LOG REFERER YTD http://localhost:7000/ ::1 string","timestamp":"2:07:46 PM"}
{"level":"warn","message":"uncaughtException { Error: ENOENT: no such file or directory, unlink 'C:\\Users\\LM\\AppData\\Local\\Temp\\upload_54bf0f7f38d41e523b9a6644253d60c8'\n    at Error (native)\n  errno: -4058,\n  code: 'ENOENT',\n  syscall: 'unlink',\n  path: 'C:\\\\Users\\\\LM\\\\AppData\\\\Local\\\\Temp\\\\upload_54bf0f7f38d41e523b9a6644253d60c8' }","timestamp":"2:07:46 PM"}
{"level":"warn","message":"uncaughtException Error: Can't set headers after they are sent.\n    at ServerResponse.OutgoingMessage.setHeader (_http_outgoing.js:356:11)\n    at ServerResponse.header (D:\\Admin\\SourceCode\\node_modules\\express\\lib\\response.js:719:10)\n    at ServerResponse.send (D:\\Admin\\SourceCode\\node_modules\\express\\lib\\response.js:164:12)\n    at ServerResponse.json (D:\\Admin\\SourceCode\\node_modules\\express\\lib\\response.js:250:15)\n    at D:\\Admin\\SourceCode\\routes\\postservicecall.js:14794:33\n    at D:\\Admin\\SourceCode\\node_modules\\graceful-fs\\graceful-fs.js:43:10\n    at FSReqWrap.oncomplete (fs.js:123:15)","timestamp":"2:07:46 PM"}
{"level":"error","message":"LOG REFERER YTD http://localhost:7000/ ::1 string","timestamp":"2:07:52 PM"}
{"level":"error","message":"LOG REFERER YTD http://localhost:7000/ ::1 string","timestamp":"2:08:12 PM"}
{"level":"error","message":"LOG REFERER YTD http://localhost:7000/ ::1 string","timestamp":"2:08:20 PM"}
{"level":"error","message":"LOG REFERER YTD http://localhost:7000/ ::1 string","timestamp":"2:08:26 PM"}
{"level":"error","message":"LOG REFERER YTD http://localhost:7000/ ::1 string","timestamp":"2:08:33 PM"}
{"level":"error","message":"LOG REFERER YTD http://localhost:7000/ ::1 string","timestamp":"2:09:02 PM"}
{"level":"error","message":"LOG REFERER YTD http://localhost:7000/ ::1 string","timestamp":"2:11:07 PM"}
{"level":"error","message":"LOG REFERER YTD http://localhost:7000/ ::1 string","timestamp":"2:16:37 PM"}
{"level":"error","message":"LOG REFERER YTD http://localhost:7000/ ::1 string","timestamp":"2:16:49 PM"}
{"level":"error","message":"LOG REFERER YTD http://localhost:7000/ ::1 string","timestamp":"2:17:29 PM"}
{"level":"error","message":"LOG REFERER YTD http://localhost:7000/ ::1 string","timestamp":"2:18:33 PM"}
{"level":"error","message":"LOG REFERER YTD http://localhost:7000/ ::1 string","timestamp":"2:21:19 PM"}
{"level":"error","message":"LOG REFERER YTD http://localhost:7000/ ::1 string","timestamp":"2:29:48 PM"}
{"level":"error","message":"LOG REFERER YTD http://localhost:7000/ ::1 string","timestamp":"2:33:33 PM"}
{"level":"error","message":"LOG REFERER YTD http://localhost:7000/ ::1 string","timestamp":"2:35:21 PM"}
{"level":"error","message":"(node:32964) UnhandledPromiseRejectionWarning: Unhandled promise rejection (rejection id: 1): Error: Trying to open unclosed connection.","timestamp":"2:38:33 PM"}
{"level":"error","message":"(node:32964) UnhandledPromiseRejectionWarning: Unhandled promise rejection (rejection id: 2): Error: Trying to open unclosed connection.","timestamp":"2:38:33 PM"}
{"level":"error","message":"(node:32964) UnhandledPromiseRejectionWarning: Unhandled promise rejection (rejection id: 3): Error: Trying to open unclosed connection.","timestamp":"2:38:33 PM"}
{"level":"error","message":"(node:32964) UnhandledPromiseRejectionWarning: Unhandled promise rejection (rejection id: 4): Error: Trying to open unclosed connection.","timestamp":"2:38:33 PM"}
{"level":"error","message":"(node:32964) UnhandledPromiseRejectionWarning: Unhandled promise rejection (rejection id: 5): Error: Trying to open unclosed connection.","timestamp":"2:38:33 PM"}
{"level":"error","message":"(node:32964) UnhandledPromiseRejectionWarning: Unhandled promise rejection (rejection id: 6): Error: Trying to open unclosed connection.","timestamp":"2:38:33 PM"}
{"level":"error","message":"(node:32964) UnhandledPromiseRejectionWarning: Unhandled promise rejection (rejection id: 7): Error: Trying to open unclosed connection.","timestamp":"2:38:33 PM"}
{"level":"error","message":"(node:32964) UnhandledPromiseRejectionWarning: Unhandled promise rejection (rejection id: 8): Error: Trying to open unclosed connection.","timestamp":"2:38:33 PM"}
{"level":"error","message":"(node:32964) UnhandledPromiseRejectionWarning: Unhandled promise rejection (rejection id: 9): Error: Trying to open unclosed connection.","timestamp":"2:38:33 PM"}
{"level":"error","message":"(node:32964) UnhandledPromiseRejectionWarning: Unhandled promise rejection (rejection id: 10): Error: Trying to open unclosed connection.","timestamp":"2:38:33 PM"}
{"level":"error","message":"(node:32964) UnhandledPromiseRejectionWarning: Unhandled promise rejection (rejection id: 11): Error: Trying to open unclosed connection.","timestamp":"2:38:33 PM"}
{"level":"error","message":"(node:32964) UnhandledPromiseRejectionWarning: Unhandled promise rejection (rejection id: 12): Error: Trying to open unclosed connection.","timestamp":"2:38:33 PM"}
{"level":"error","message":"(node:32964) UnhandledPromiseRejectionWarning: Unhandled promise rejection (rejection id: 13): Error: Trying to open unclosed connection.","timestamp":"2:38:33 PM"}
{"level":"error","message":"(node:32964) UnhandledPromiseRejectionWarning: Unhandled promise rejection (rejection id: 14): Error: Trying to open unclosed connection.","timestamp":"2:38:33 PM"}
{"level":"error","message":"(node:32964) UnhandledPromiseRejectionWarning: Unhandled promise rejection (rejection id: 15): Error: Trying to open unclosed connection.","timestamp":"2:38:33 PM"}
{"level":"error","message":"(node:32964) UnhandledPromiseRejectionWarning: Unhandled promise rejection (rejection id: 16): Error: Trying to open unclosed connection.","timestamp":"2:38:33 PM"}
{"level":"error","message":"(node:32964) UnhandledPromiseRejectionWarning: Unhandled promise rejection (rejection id: 17): Error: Trying to open unclosed connection.","timestamp":"2:38:33 PM"}
{"level":"error","message":"(node:32964) UnhandledPromiseRejectionWarning: Unhandled promise rejection (rejection id: 18): Error: Trying to open unclosed connection.","timestamp":"2:38:33 PM"}
{"level":"error","message":"(node:32964) UnhandledPromiseRejectionWarning: Unhandled promise rejection (rejection id: 19): Error: Trying to open unclosed connection.","timestamp":"2:38:33 PM"}
{"level":"error","message":"(node:32964) UnhandledPromiseRejectionWarning: Unhandled promise rejection (rejection id: 20): Error: Trying to open unclosed connection.","timestamp":"2:38:33 PM"}
{"level":"error","message":"(node:32964) UnhandledPromiseRejectionWarning: Unhandled promise rejection (rejection id: 21): Error: Trying to open unclosed connection.","timestamp":"2:38:33 PM"}
{"level":"error","message":"(node:32964) UnhandledPromiseRejectionWarning: Unhandled promise rejection (rejection id: 22): Error: Trying to open unclosed connection.","timestamp":"2:38:33 PM"}
{"level":"error","message":"(node:32964) UnhandledPromiseRejectionWarning: Unhandled promise rejection (rejection id: 23): Error: Trying to open unclosed connection.","timestamp":"2:38:33 PM"}
{"level":"error","message":"(node:32964) UnhandledPromiseRejectionWarning: Unhandled promise rejection (rejection id: 24): Error: Trying to open unclosed connection.","timestamp":"2:38:33 PM"}
{"level":"error","message":"(node:32964) UnhandledPromiseRejectionWarning: Unhandled promise rejection (rejection id: 25): Error: Trying to open unclosed connection.","timestamp":"2:38:33 PM"}
{"level":"error","message":"(node:32964) UnhandledPromiseRejectionWarning: Unhandled promise rejection (rejection id: 26): Error: Trying to open unclosed connection.","timestamp":"2:38:33 PM"}
{"level":"error","message":"(node:32964) UnhandledPromiseRejectionWarning: Unhandled promise rejection (rejection id: 27): Error: Trying to open unclosed connection.","timestamp":"2:38:33 PM"}
{"level":"error","message":"(node:32964) UnhandledPromiseRejectionWarning: Unhandled promise rejection (rejection id: 28): Error: Trying to open unclosed connection.","timestamp":"2:38:33 PM"}
{"level":"error","message":"(node:32964) UnhandledPromiseRejectionWarning: Unhandled promise rejection (rejection id: 29): Error: Trying to open unclosed connection.","timestamp":"2:38:33 PM"}
{"level":"error","message":"(node:32964) UnhandledPromiseRejectionWarning: Unhandled promise rejection (rejection id: 30): Error: Trying to open unclosed connection.","timestamp":"2:38:33 PM"}
{"level":"error","message":"(node:32964) UnhandledPromiseRejectionWarning: Unhandled promise rejection (rejection id: 31): Error: Trying to open unclosed connection.","timestamp":"2:38:33 PM"}
{"level":"error","message":"(node:32964) UnhandledPromiseRejectionWarning: Unhandled promise rejection (rejection id: 32): Error: Trying to open unclosed connection.","timestamp":"2:38:33 PM"}
{"level":"error","message":"(node:32964) UnhandledPromiseRejectionWarning: Unhandled promise rejection (rejection id: 33): Error: Trying to open unclosed connection.","timestamp":"2:38:33 PM"}
{"level":"error","message":"(node:32964) UnhandledPromiseRejectionWarning: Unhandled promise rejection (rejection id: 34): Error: Trying to open unclosed connection.","timestamp":"2:38:33 PM"}
{"level":"error","message":"(node:32964) UnhandledPromiseRejectionWarning: Unhandled promise rejection (rejection id: 35): Error: Trying to open unclosed connection.","timestamp":"2:38:33 PM"}
{"level":"error","message":"(node:32964) UnhandledPromiseRejectionWarning: Unhandled promise rejection (rejection id: 36): Error: Trying to open unclosed connection.","timestamp":"2:38:33 PM"}
{"level":"error","message":"(node:32964) UnhandledPromiseRejectionWarning: Unhandled promise rejection (rejection id: 37): Error: Trying to open unclosed connection.","timestamp":"2:38:33 PM"}
{"level":"error","message":"(node:32964) UnhandledPromiseRejectionWarning: Unhandled promise rejection (rejection id: 38): Error: Trying to open unclosed connection.","timestamp":"2:38:33 PM"}
{"level":"error","message":"(node:32964) UnhandledPromiseRejectionWarning: Unhandled promise rejection (rejection id: 39): Error: Trying to open unclosed connection.","timestamp":"2:38:33 PM"}
{"level":"error","message":"(node:32964) UnhandledPromiseRejectionWarning: Unhandled promise rejection (rejection id: 40): Error: Trying to open unclosed connection.","timestamp":"2:38:33 PM"}
{"level":"error","message":"(node:32964) UnhandledPromiseRejectionWarning: Unhandled promise rejection (rejection id: 41): Error: Trying to open unclosed connection.","timestamp":"2:38:33 PM"}
{"level":"error","message":"(node:32964) UnhandledPromiseRejectionWarning: Unhandled promise rejection (rejection id: 42): Error: Trying to open unclosed connection.","timestamp":"2:38:33 PM"}
{"level":"error","message":"(node:32964) UnhandledPromiseRejectionWarning: Unhandled promise rejection (rejection id: 43): Error: Trying to open unclosed connection.","timestamp":"2:38:33 PM"}
{"level":"error","message":"(node:32964) UnhandledPromiseRejectionWarning: Unhandled promise rejection (rejection id: 44): Error: Trying to open unclosed connection.","timestamp":"2:38:33 PM"}
{"level":"error","message":"(node:32964) UnhandledPromiseRejectionWarning: Unhandled promise rejection (rejection id: 45): Error: Trying to open unclosed connection.","timestamp":"2:38:33 PM"}
{"level":"error","message":"(node:32964) UnhandledPromiseRejectionWarning: Unhandled promise rejection (rejection id: 46): Error: Trying to open unclosed connection.","timestamp":"2:38:33 PM"}
{"level":"error","message":"(node:32964) UnhandledPromiseRejectionWarning: Unhandled promise rejection (rejection id: 47): Error: Trying to open unclosed connection.","timestamp":"2:38:33 PM"}
{"level":"error","message":"(node:32964) UnhandledPromiseRejectionWarning: Unhandled promise rejection (rejection id: 48): Error: Trying to open unclosed connection.","timestamp":"2:38:33 PM"}
{"level":"error","message":"(node:32964) UnhandledPromiseRejectionWarning: Unhandled promise rejection (rejection id: 49): Error: Trying to open unclosed connection.","timestamp":"2:38:33 PM"}
{"level":"error","message":"(node:32964) UnhandledPromiseRejectionWarning: Unhandled promise rejection (rejection id: 50): Error: Trying to open unclosed connection.","timestamp":"2:38:33 PM"}
{"level":"error","message":"(node:32964) UnhandledPromiseRejectionWarning: Unhandled promise rejection (rejection id: 51): Error: Trying to open unclosed connection.","timestamp":"2:38:33 PM"}
{"level":"error","message":"LOG REFERER YTD http://localhost:7000/ ::1 string","timestamp":"2:38:43 PM"}
{"level":"error","message":"LOG REFERER YTD http://localhost:7000/ ::1 string","timestamp":"2:39:41 PM"}
{"level":"error","message":"LOG REFERER YTD http://localhost:7000/ ::1 string","timestamp":"2:40:49 PM"}
{"level":"error","message":"LOG REFERER YTD http://localhost:7000/ ::1 string","timestamp":"2:41:35 PM"}
{"level":"error","message":"LOG REFERER YTD http://localhost:7000/ ::1 string","timestamp":"2:42:33 PM"}
{"level":"error","message":"LOG REFERER YTD http://localhost:7000/ ::1 string","timestamp":"2:47:33 PM"}
{"level":"error","message":"LOG REFERER YTD http://localhost:7000/ ::1 string","timestamp":"2:47:50 PM"}
{"level":"warn","message":"uncaughtException { Error: ENOENT: no such file or directory, unlink 'C:\\Users\\LM\\AppData\\Local\\Temp\\upload_eb69a3c0c26595dd430528dd89c0ac56'\n    at Error (native)\n  errno: -4058,\n  code: 'ENOENT',\n  syscall: 'unlink',\n  path: 'C:\\\\Users\\\\LM\\\\AppData\\\\Local\\\\Temp\\\\upload_eb69a3c0c26595dd430528dd89c0ac56' }","timestamp":"2:47:50 PM"}
{"level":"warn","message":"uncaughtException Error: Can't set headers after they are sent.\n    at ServerResponse.OutgoingMessage.setHeader (_http_outgoing.js:356:11)\n    at ServerResponse.header (D:\\Admin\\SourceCode\\node_modules\\express\\lib\\response.js:719:10)\n    at ServerResponse.send (D:\\Admin\\SourceCode\\node_modules\\express\\lib\\response.js:164:12)\n    at ServerResponse.json (D:\\Admin\\SourceCode\\node_modules\\express\\lib\\response.js:250:15)\n    at D:\\Admin\\SourceCode\\routes\\postservicecall.js:14794:33\n    at D:\\Admin\\SourceCode\\node_modules\\graceful-fs\\graceful-fs.js:43:10\n    at FSReqWrap.oncomplete (fs.js:123:15)","timestamp":"2:47:50 PM"}
{"level":"error","message":"LOG REFERER YTD http://localhost:7000/ ::1 string","timestamp":"2:48:58 PM"}
{"level":"error","message":"LOG REFERER YTD http://localhost:7000/ ::1 string","timestamp":"2:49:28 PM"}
{"level":"error","message":"LOG REFERER YTD http://localhost:7000/ ::1 string","timestamp":"2:50:00 PM"}
{"level":"error","message":"(node:9252) UnhandledPromiseRejectionWarning: Unhandled promise rejection (rejection id: 1): Error: Trying to open unclosed connection.","timestamp":"3:19:06 PM"}
{"level":"error","message":"(node:9252) UnhandledPromiseRejectionWarning: Unhandled promise rejection (rejection id: 2): Error: Trying to open unclosed connection.","timestamp":"3:19:06 PM"}
{"level":"error","message":"(node:9252) UnhandledPromiseRejectionWarning: Unhandled promise rejection (rejection id: 3): Error: Trying to open unclosed connection.","timestamp":"3:19:06 PM"}
{"level":"error","message":"(node:9252) UnhandledPromiseRejectionWarning: Unhandled promise rejection (rejection id: 4): Error: Trying to open unclosed connection.","timestamp":"3:19:06 PM"}
{"level":"error","message":"(node:9252) UnhandledPromiseRejectionWarning: Unhandled promise rejection (rejection id: 5): Error: Trying to open unclosed connection.","timestamp":"3:19:06 PM"}
{"level":"error","message":"(node:9252) UnhandledPromiseRejectionWarning: Unhandled promise rejection (rejection id: 6): Error: Trying to open unclosed connection.","timestamp":"3:19:06 PM"}
{"level":"error","message":"(node:9252) UnhandledPromiseRejectionWarning: Unhandled promise rejection (rejection id: 7): Error: Trying to open unclosed connection.","timestamp":"3:19:06 PM"}
{"level":"error","message":"(node:9252) UnhandledPromiseRejectionWarning: Unhandled promise rejection (rejection id: 8): Error: Trying to open unclosed connection.","timestamp":"3:19:06 PM"}
{"level":"error","message":"(node:9252) UnhandledPromiseRejectionWarning: Unhandled promise rejection (rejection id: 9): Error: Trying to open unclosed connection.","timestamp":"3:19:06 PM"}
{"level":"error","message":"(node:9252) UnhandledPromiseRejectionWarning: Unhandled promise rejection (rejection id: 10): Error: Trying to open unclosed connection.","timestamp":"3:19:06 PM"}
{"level":"error","message":"(node:9252) UnhandledPromiseRejectionWarning: Unhandled promise rejection (rejection id: 11): Error: Trying to open unclosed connection.","timestamp":"3:19:06 PM"}
{"level":"error","message":"(node:9252) UnhandledPromiseRejectionWarning: Unhandled promise rejection (rejection id: 12): Error: Trying to open unclosed connection.","timestamp":"3:19:06 PM"}
{"level":"error","message":"(node:9252) UnhandledPromiseRejectionWarning: Unhandled promise rejection (rejection id: 13): Error: Trying to open unclosed connection.","timestamp":"3:19:06 PM"}
{"level":"error","message":"(node:9252) UnhandledPromiseRejectionWarning: Unhandled promise rejection (rejection id: 14): Error: Trying to open unclosed connection.","timestamp":"3:19:06 PM"}
{"level":"error","message":"(node:9252) UnhandledPromiseRejectionWarning: Unhandled promise rejection (rejection id: 15): Error: Trying to open unclosed connection.","timestamp":"3:19:06 PM"}
{"level":"error","message":"(node:9252) UnhandledPromiseRejectionWarning: Unhandled promise rejection (rejection id: 16): Error: Trying to open unclosed connection.","timestamp":"3:19:06 PM"}
{"level":"error","message":"(node:9252) UnhandledPromiseRejectionWarning: Unhandled promise rejection (rejection id: 17): Error: Trying to open unclosed connection.","timestamp":"3:19:06 PM"}
{"level":"error","message":"(node:9252) UnhandledPromiseRejectionWarning: Unhandled promise rejection (rejection id: 18): Error: Trying to open unclosed connection.","timestamp":"3:19:06 PM"}
{"level":"error","message":"(node:9252) UnhandledPromiseRejectionWarning: Unhandled promise rejection (rejection id: 19): Error: Trying to open unclosed connection.","timestamp":"3:19:06 PM"}
{"level":"error","message":"(node:9252) UnhandledPromiseRejectionWarning: Unhandled promise rejection (rejection id: 20): Error: Trying to open unclosed connection.","timestamp":"3:19:06 PM"}
{"level":"error","message":"(node:9252) UnhandledPromiseRejectionWarning: Unhandled promise rejection (rejection id: 21): Error: Trying to open unclosed connection.","timestamp":"3:19:06 PM"}
{"level":"error","message":"(node:9252) UnhandledPromiseRejectionWarning: Unhandled promise rejection (rejection id: 22): Error: Trying to open unclosed connection.","timestamp":"3:19:06 PM"}
{"level":"error","message":"(node:9252) UnhandledPromiseRejectionWarning: Unhandled promise rejection (rejection id: 23): Error: Trying to open unclosed connection.","timestamp":"3:19:06 PM"}
{"level":"error","message":"(node:9252) UnhandledPromiseRejectionWarning: Unhandled promise rejection (rejection id: 24): Error: Trying to open unclosed connection.","timestamp":"3:19:06 PM"}
{"level":"error","message":"(node:9252) UnhandledPromiseRejectionWarning: Unhandled promise rejection (rejection id: 25): Error: Trying to open unclosed connection.","timestamp":"3:19:06 PM"}
{"level":"error","message":"(node:9252) UnhandledPromiseRejectionWarning: Unhandled promise rejection (rejection id: 26): Error: Trying to open unclosed connection.","timestamp":"3:19:06 PM"}
{"level":"error","message":"(node:9252) UnhandledPromiseRejectionWarning: Unhandled promise rejection (rejection id: 27): Error: Trying to open unclosed connection.","timestamp":"3:19:06 PM"}
{"level":"error","message":"(node:9252) UnhandledPromiseRejectionWarning: Unhandled promise rejection (rejection id: 28): Error: Trying to open unclosed connection.","timestamp":"3:19:06 PM"}
{"level":"error","message":"(node:9252) UnhandledPromiseRejectionWarning: Unhandled promise rejection (rejection id: 29): Error: Trying to open unclosed connection.","timestamp":"3:19:06 PM"}
{"level":"error","message":"(node:9252) UnhandledPromiseRejectionWarning: Unhandled promise rejection (rejection id: 30): Error: Trying to open unclosed connection.","timestamp":"3:19:06 PM"}
{"level":"error","message":"(node:9252) UnhandledPromiseRejectionWarning: Unhandled promise rejection (rejection id: 31): Error: Trying to open unclosed connection.","timestamp":"3:19:06 PM"}
{"level":"error","message":"(node:9252) UnhandledPromiseRejectionWarning: Unhandled promise rejection (rejection id: 32): Error: Trying to open unclosed connection.","timestamp":"3:19:06 PM"}
{"level":"error","message":"(node:9252) UnhandledPromiseRejectionWarning: Unhandled promise rejection (rejection id: 33): Error: Trying to open unclosed connection.","timestamp":"3:19:06 PM"}
{"level":"error","message":"(node:9252) UnhandledPromiseRejectionWarning: Unhandled promise rejection (rejection id: 34): Error: Trying to open unclosed connection.","timestamp":"3:19:06 PM"}
{"level":"error","message":"(node:9252) UnhandledPromiseRejectionWarning: Unhandled promise rejection (rejection id: 35): Error: Trying to open unclosed connection.","timestamp":"3:19:06 PM"}
{"level":"error","message":"(node:9252) UnhandledPromiseRejectionWarning: Unhandled promise rejection (rejection id: 36): Error: Trying to open unclosed connection.","timestamp":"3:19:06 PM"}
{"level":"error","message":"(node:9252) UnhandledPromiseRejectionWarning: Unhandled promise rejection (rejection id: 37): Error: Trying to open unclosed connection.","timestamp":"3:19:06 PM"}
{"level":"error","message":"(node:9252) UnhandledPromiseRejectionWarning: Unhandled promise rejection (rejection id: 38): Error: Trying to open unclosed connection.","timestamp":"3:19:06 PM"}
{"level":"error","message":"(node:9252) UnhandledPromiseRejectionWarning: Unhandled promise rejection (rejection id: 39): Error: Trying to open unclosed connection.","timestamp":"3:19:06 PM"}
{"level":"error","message":"(node:9252) UnhandledPromiseRejectionWarning: Unhandled promise rejection (rejection id: 40): Error: Trying to open unclosed connection.","timestamp":"3:19:06 PM"}
{"level":"error","message":"(node:9252) UnhandledPromiseRejectionWarning: Unhandled promise rejection (rejection id: 41): Error: Trying to open unclosed connection.","timestamp":"3:19:06 PM"}
{"level":"error","message":"(node:9252) UnhandledPromiseRejectionWarning: Unhandled promise rejection (rejection id: 42): Error: Trying to open unclosed connection.","timestamp":"3:19:06 PM"}
{"level":"error","message":"(node:9252) UnhandledPromiseRejectionWarning: Unhandled promise rejection (rejection id: 43): Error: Trying to open unclosed connection.","timestamp":"3:19:06 PM"}
{"level":"error","message":"(node:9252) UnhandledPromiseRejectionWarning: Unhandled promise rejection (rejection id: 44): Error: Trying to open unclosed connection.","timestamp":"3:19:06 PM"}
{"level":"error","message":"(node:9252) UnhandledPromiseRejectionWarning: Unhandled promise rejection (rejection id: 45): Error: Trying to open unclosed connection.","timestamp":"3:19:06 PM"}
{"level":"error","message":"(node:9252) UnhandledPromiseRejectionWarning: Unhandled promise rejection (rejection id: 46): Error: Trying to open unclosed connection.","timestamp":"3:19:06 PM"}
{"level":"error","message":"(node:9252) UnhandledPromiseRejectionWarning: Unhandled promise rejection (rejection id: 47): Error: Trying to open unclosed connection.","timestamp":"3:19:06 PM"}
{"level":"error","message":"(node:9252) UnhandledPromiseRejectionWarning: Unhandled promise rejection (rejection id: 48): Error: Trying to open unclosed connection.","timestamp":"3:19:06 PM"}
{"level":"error","message":"(node:9252) UnhandledPromiseRejectionWarning: Unhandled promise rejection (rejection id: 49): Error: Trying to open unclosed connection.","timestamp":"3:19:06 PM"}
{"level":"error","message":"(node:9252) UnhandledPromiseRejectionWarning: Unhandled promise rejection (rejection id: 50): Error: Trying to open unclosed connection.","timestamp":"3:19:06 PM"}
{"level":"error","message":"(node:9252) UnhandledPromiseRejectionWarning: Unhandled promise rejection (rejection id: 51): Error: Trying to open unclosed connection.","timestamp":"3:19:06 PM"}
{"level":"warn","message":"uncaughtException { MongoError: failed to connect to server [3.109.206.238:27017] on first connect [MongoError: connection 0 to 3.109.206.238:27017 timed out]\n    at Pool.<anonymous> (D:\\Admin\\SourceCode\\node_modules\\mongoose\\node_modules\\mongodb-core\\lib\\topologies\\server.js:328:35)\n    at emitOne (events.js:96:13)\n    at Pool.emit (events.js:188:7)\n    at Connection.<anonymous> (D:\\Admin\\SourceCode\\node_modules\\mongoose\\node_modules\\mongodb-core\\lib\\connection\\pool.js:274:12)\n    at Connection.g (events.js:291:16)\n    at emitTwo (events.js:106:13)\n    at Connection.emit (events.js:191:7)\n    at Socket.<anonymous> (D:\\Admin\\SourceCode\\node_modules\\mongoose\\node_modules\\mongodb-core\\lib\\connection\\connection.js:187:10)\n    at Socket.g (events.js:291:16)\n    at emitNone (events.js:86:13)\n    at Socket.emit (events.js:185:7)\n    at Socket._onTimeout (net.js:339:8)\n    at ontimeout (timers.js:365:14)\n    at tryOnTimeout (timers.js:237:5)\n    at Timer.listOnTimeout (timers.js:207:5)\n  name: 'MongoError',\n  message: 'failed to connect to server [3.109.206.238:27017] on first connect [MongoError: connection 0 to 3.109.206.238:27017 timed out]' }","timestamp":"3:19:06 PM"}
{"level":"warn","message":"uncaughtException { MongoError: failed to connect to server [3.109.206.238:27017] on first connect [MongoError: connection 1 to 3.109.206.238:27017 timed out]\n    at Pool.<anonymous> (D:\\Admin\\SourceCode\\node_modules\\mongoose\\node_modules\\mongodb-core\\lib\\topologies\\server.js:328:35)\n    at emitOne (events.js:96:13)\n    at Pool.emit (events.js:188:7)\n    at Connection.<anonymous> (D:\\Admin\\SourceCode\\node_modules\\mongoose\\node_modules\\mongodb-core\\lib\\connection\\pool.js:274:12)\n    at Connection.g (events.js:291:16)\n    at emitTwo (events.js:106:13)\n    at Connection.emit (events.js:191:7)\n    at Socket.<anonymous> (D:\\Admin\\SourceCode\\node_modules\\mongoose\\node_modules\\mongodb-core\\lib\\connection\\connection.js:187:10)\n    at Socket.g (events.js:291:16)\n    at emitNone (events.js:86:13)\n    at Socket.emit (events.js:185:7)\n    at Socket._onTimeout (net.js:339:8)\n    at ontimeout (timers.js:365:14)\n    at tryOnTimeout (timers.js:237:5)\n    at Timer.listOnTimeout (timers.js:207:5)\n  name: 'MongoError',\n  message: 'failed to connect to server [3.109.206.238:27017] on first connect [MongoError: connection 1 to 3.109.206.238:27017 timed out]' }","timestamp":"3:19:06 PM"}
{"level":"warn","message":"uncaughtException { MongoError: failed to connect to server [3.109.206.238:27017] on first connect [MongoError: connection 2 to 3.109.206.238:27017 timed out]\n    at Pool.<anonymous> (D:\\Admin\\SourceCode\\node_modules\\mongoose\\node_modules\\mongodb-core\\lib\\topologies\\server.js:328:35)\n    at emitOne (events.js:96:13)\n    at Pool.emit (events.js:188:7)\n    at Connection.<anonymous> (D:\\Admin\\SourceCode\\node_modules\\mongoose\\node_modules\\mongodb-core\\lib\\connection\\pool.js:274:12)\n    at Connection.g (events.js:291:16)\n    at emitTwo (events.js:106:13)\n    at Connection.emit (events.js:191:7)\n    at Socket.<anonymous> (D:\\Admin\\SourceCode\\node_modules\\mongoose\\node_modules\\mongodb-core\\lib\\connection\\connection.js:187:10)\n    at Socket.g (events.js:291:16)\n    at emitNone (events.js:86:13)\n    at Socket.emit (events.js:185:7)\n    at Socket._onTimeout (net.js:339:8)\n    at ontimeout (timers.js:365:14)\n    at tryOnTimeout (timers.js:237:5)\n    at Timer.listOnTimeout (timers.js:207:5)\n  name: 'MongoError',\n  message: 'failed to connect to server [3.109.206.238:27017] on first connect [MongoError: connection 2 to 3.109.206.238:27017 timed out]' }","timestamp":"3:19:06 PM"}
{"level":"error","message":"LOG REFERER YTD http://localhost:7000/ ::1 string","timestamp":"3:19:06 PM"}
{"level":"error","message":"LOG REFERER YTD http://localhost:7000/ ::1 string","timestamp":"3:20:13 PM"}
{"level":"error","message":"LOG REFERER YTD http://localhost:7000/ ::1 string","timestamp":"3:20:57 PM"}
{"level":"error","message":"LOG REFERER YTD http://localhost:7000/ ::1 string","timestamp":"3:21:10 PM"}
{"level":"error","message":"LOG REFERER YTD http://localhost:7000/ ::1 string","timestamp":"3:21:10 PM"}
{"level":"error","message":"LOG REFERER YTD http://localhost:7000/ ::1 string","timestamp":"3:21:15 PM"}
{"level":"error","message":"LOG REFERER YTD http://localhost:7000/ ::1 string","timestamp":"3:33:37 PM"}
{"level":"error","message":"LOG REFERER YTD http://localhost:7000/ ::1 string","timestamp":"3:33:40 PM"}
{"level":"error","message":"LOG REFERER YTD undefined ::ffff:127.0.0.1 undefined","timestamp":"3:36:35 PM"}
{"level":"error","message":"LOG REFERER YTD http://localhost:7000/ ::1 string","timestamp":"3:36:37 PM"}
{"level":"error","message":"LOG REFERER YTD http://localhost:7000/ ::1 string","timestamp":"3:37:13 PM"}
{"level":"error","message":"LOG REFERER YTD http://localhost:7000/ ::1 string","timestamp":"3:37:25 PM"}
{"level":"error","message":"LOG REFERER YTD http://localhost:7000/ ::1 string","timestamp":"3:38:04 PM"}
{"level":"warn","message":"uncaughtException { Error: ENOENT: no such file or directory, unlink 'C:\\Users\\LM\\AppData\\Local\\Temp\\upload_c77c65f0e2f9921f965f34782ea03ee1'\n    at Error (native)\n  errno: -4058,\n  code: 'ENOENT',\n  syscall: 'unlink',\n  path: 'C:\\\\Users\\\\LM\\\\AppData\\\\Local\\\\Temp\\\\upload_c77c65f0e2f9921f965f34782ea03ee1' }","timestamp":"3:38:04 PM"}
{"level":"warn","message":"uncaughtException Error: Can't set headers after they are sent.\n    at ServerResponse.OutgoingMessage.setHeader (_http_outgoing.js:356:11)\n    at ServerResponse.header (D:\\Admin\\SourceCode\\node_modules\\express\\lib\\response.js:719:10)\n    at ServerResponse.send (D:\\Admin\\SourceCode\\node_modules\\express\\lib\\response.js:164:12)\n    at ServerResponse.json (D:\\Admin\\SourceCode\\node_modules\\express\\lib\\response.js:250:15)\n    at D:\\Admin\\SourceCode\\routes\\postservicecall.js:14794:33\n    at D:\\Admin\\SourceCode\\node_modules\\graceful-fs\\graceful-fs.js:43:10\n    at FSReqWrap.oncomplete (fs.js:123:15)","timestamp":"3:38:04 PM"}
{"level":"error","message":"LOG REFERER YTD http://localhost:7000/ ::1 string","timestamp":"3:40:27 PM"}
{"level":"error","message":"LOG REFERER YTD http://localhost:7000/ ::1 string","timestamp":"3:43:25 PM"}
{"level":"error","message":"LOG REFERER YTD http://localhost:7000/ ::1 string","timestamp":"4:09:35 PM"}
{"level":"error","message":"LOG REFERER YTD http://localhost:7000/ ::1 string","timestamp":"4:46:42 PM"}
