{"level":"info","message":"$$$$$$$$$$$$$$$$$$$$$$$$","timestamp":"9:36:25 AM"}
{"meta":"","level":"info","message":"","timestamp":"9:36:25 AM"}
{"level":"info","message":"Development Environment is Listening on port 3000","timestamp":"9:36:25 AM"}
{"level":"info","message":"Web URL : http://localhost:3000","timestamp":"9:36:25 AM"}
{"meta":"","level":"info","message":"","timestamp":"9:36:25 AM"}
{"level":"info","message":"$$$$$$$$$$$$$$$$$$$$$$$$","timestamp":"9:36:25 AM"}
{"meta":"","level":"info","message":"","timestamp":"9:36:25 AM"}
{"level":"info","message":"/kyc_details/save_kyc_details - kyc_details document updated","timestamp":"9:37:41 AM"}
{"level":"info","message":"emailupdate null { n: 1, nModified: 1, ok: 1 }","timestamp":"9:38:19 AM"}
{"level":"info","message":"emailupdate null { n: 1, nModified: 1, ok: 1 }","timestamp":"9:40:52 AM"}
{"level":"info","message":"emailupdate null { n: 1, nModified: 1, ok: 1 }","timestamp":"9:53:44 AM"}
{"level":"info","message":"emailupdate null { n: 1, nModified: 1, ok: 1 }","timestamp":"10:09:59 AM"}
{"level":"info","message":"emailupdate null { n: 1, nModified: 1, ok: 1 }","timestamp":"10:11:14 AM"}
{"level":"info","message":"/kyc_details/save_kyc_details - kyc_details document updated","timestamp":"10:11:43 AM"}
{"level":"info","message":"/kyc_details/save_kyc_details - kyc_details document updated","timestamp":"10:12:20 AM"}
{"level":"info","message":"/kyc_details/save_kyc_details - kyc_details document updated","timestamp":"10:12:32 AM"}
{"level":"info","message":"emailupdate null { n: 1, nModified: 1, ok: 1 }","timestamp":"10:12:47 AM"}
{"level":"info","message":"emailupdate null { n: 1, nModified: 1, ok: 1 }","timestamp":"10:13:10 AM"}
{"level":"info","message":"emailupdate null { n: 1, nModified: 1, ok: 1 }","timestamp":"10:16:53 AM"}
{"level":"info","message":"emailupdate null { n: 1, nModified: 1, ok: 1 }","timestamp":"10:18:12 AM"}
{"level":"info","message":"emailupdate null { n: 1, nModified: 1, ok: 1 }","timestamp":"10:19:33 AM"}
{"level":"info","message":"emailupdate null { n: 1, nModified: 1, ok: 1 }","timestamp":"10:21:11 AM"}
{"level":"info","message":"emailupdate null { n: 1, nModified: 1, ok: 1 }","timestamp":"10:21:11 AM"}
{"level":"info","message":"/kyc_details/save_kyc_details - kyc_details document updated","timestamp":"10:21:37 AM"}
{"level":"info","message":"emailupdate null { n: 1, nModified: 1, ok: 1 }","timestamp":"10:48:44 AM"}
{"level":"info","message":"emailupdate null { n: 1, nModified: 1, ok: 1 }","timestamp":"1:25:06 PM"}
{"level":"info","message":"emailupdate null { n: 1, nModified: 1, ok: 1 }","timestamp":"1:26:06 PM"}
{"level":"info","message":"$$$$$$$$$$$$$$$$$$$$$$$$","timestamp":"2:00:11 PM"}
{"meta":"","level":"info","message":"","timestamp":"2:00:11 PM"}
{"level":"info","message":"Development Environment is Listening on port 3000","timestamp":"2:00:11 PM"}
{"level":"info","message":"Web URL : http://localhost:3000","timestamp":"2:00:11 PM"}
{"meta":"","level":"info","message":"","timestamp":"2:00:11 PM"}
{"level":"info","message":"$$$$$$$$$$$$$$$$$$$$$$$$","timestamp":"2:00:11 PM"}
{"meta":"","level":"info","message":"","timestamp":"2:00:11 PM"}
{"level":"info","message":"emailupdate null { n: 1, nModified: 1, ok: 1 }","timestamp":"2:01:41 PM"}
{"level":"info","message":"emailupdate null { n: 1, nModified: 1, ok: 1 }","timestamp":"2:01:54 PM"}
{"level":"info","message":"emailupdate null { n: 1, nModified: 1, ok: 1 }","timestamp":"2:02:09 PM"}
{"level":"info","message":"emailupdate null { n: 1, nModified: 1, ok: 1 }","timestamp":"2:06:43 PM"}
{"level":"info","message":"emailupdate null { n: 1, nModified: 1, ok: 1 }","timestamp":"2:08:17 PM"}
{"level":"info","message":"emailupdate null { n: 1, nModified: 1, ok: 1 }","timestamp":"2:08:17 PM"}
{"level":"info","message":"emailupdate null { n: 1, nModified: 1, ok: 1 }","timestamp":"2:22:18 PM"}
{"level":"info","message":"emailupdate null { n: 1, nModified: 1, ok: 1 }","timestamp":"2:24:07 PM"}
{"level":"info","message":"emailupdate null { n: 1, nModified: 1, ok: 1 }","timestamp":"2:28:03 PM"}
{"level":"info","message":"emailupdate null { n: 1, nModified: 1, ok: 1 }","timestamp":"2:28:03 PM"}
{"level":"info","message":"emailupdate null { n: 1, nModified: 1, ok: 1 }","timestamp":"2:37:05 PM"}
{"level":"info","message":"emailupdate null { n: 1, nModified: 1, ok: 1 }","timestamp":"2:37:40 PM"}
{"level":"info","message":"emailupdate null { n: 1, nModified: 1, ok: 1 }","timestamp":"2:46:41 PM"}
{"level":"info","message":"emailupdate null { n: 1, nModified: 1, ok: 1 }","timestamp":"2:47:11 PM"}
{"level":"info","message":"emailupdate null { n: 1, nModified: 1, ok: 1 }","timestamp":"2:58:17 PM"}
{"level":"info","message":"emailupdate null { n: 1, nModified: 1, ok: 1 }","timestamp":"2:58:22 PM"}
{"level":"info","message":"emailupdate null { n: 1, nModified: 1, ok: 1 }","timestamp":"2:59:14 PM"}
{"level":"info","message":"emailupdate null { n: 1, nModified: 1, ok: 1 }","timestamp":"3:01:50 PM"}
{"level":"info","message":"emailupdate null { n: 1, nModified: 1, ok: 1 }","timestamp":"3:03:05 PM"}
{"level":"info","message":"emailupdate null { n: 1, nModified: 1, ok: 1 }","timestamp":"3:03:36 PM"}
{"level":"info","message":"emailupdate null { n: 1, nModified: 1, ok: 1 }","timestamp":"3:04:36 PM"}
{"level":"info","message":"$$$$$$$$$$$$$$$$$$$$$$$$","timestamp":"5:08:34 PM"}
{"meta":"","level":"info","message":"","timestamp":"5:08:34 PM"}
{"level":"info","message":"Development Environment is Listening on port 3000","timestamp":"5:08:34 PM"}
{"level":"info","message":"Web URL : http://localhost:3000","timestamp":"5:08:34 PM"}
{"meta":"","level":"info","message":"","timestamp":"5:08:34 PM"}
{"level":"info","message":"$$$$$$$$$$$$$$$$$$$$$$$$","timestamp":"5:08:34 PM"}
{"meta":"","level":"info","message":"","timestamp":"5:08:34 PM"}
{"level":"info","message":"$$$$$$$$$$$$$$$$$$$$$$$$","timestamp":"5:09:00 PM"}
{"meta":"","level":"info","message":"","timestamp":"5:09:00 PM"}
{"level":"info","message":"Development Environment is Listening on port 3000","timestamp":"5:09:00 PM"}
{"level":"info","message":"Web URL : http://localhost:3000","timestamp":"5:09:00 PM"}
{"meta":"","level":"info","message":"","timestamp":"5:09:00 PM"}
{"level":"info","message":"$$$$$$$$$$$$$$$$$$$$$$$$","timestamp":"5:09:00 PM"}
{"meta":"","level":"info","message":"","timestamp":"5:09:00 PM"}
{"level":"info","message":"e2.stack","timestamp":"5:09:03 PM"}
{"level":"info","message":"$$$$$$$$$$$$$$$$$$$$$$$$","timestamp":"5:09:12 PM"}
{"meta":"","level":"info","message":"","timestamp":"5:09:12 PM"}
{"level":"info","message":"Development Environment is Listening on port 3000","timestamp":"5:09:12 PM"}
{"level":"info","message":"Web URL : http://localhost:3000","timestamp":"5:09:12 PM"}
{"meta":"","level":"info","message":"","timestamp":"5:09:12 PM"}
{"level":"info","message":"$$$$$$$$$$$$$$$$$$$$$$$$","timestamp":"5:09:12 PM"}
{"meta":"","level":"info","message":"","timestamp":"5:09:12 PM"}
{"level":"info","message":"e2.stack","timestamp":"5:33:59 PM"}
{"level":"info","message":"e2.stack","timestamp":"5:34:22 PM"}
{"level":"info","message":"e2.stack","timestamp":"5:41:13 PM"}
{"level":"info","message":"e2.stack","timestamp":"5:44:59 PM"}
{"level":"info","message":"e2.stack","timestamp":"5:51:21 PM"}
{"level":"info","message":"e2.stack","timestamp":"5:51:51 PM"}
{"level":"info","message":"e2.stack","timestamp":"5:54:47 PM"}
{"level":"info","message":"e2.stack","timestamp":"6:00:35 PM"}
{"level":"info","message":"emailupdate null { n: 1, nModified: 1, ok: 1 }","timestamp":"6:04:15 PM"}
