{"level":"info","message":"$$$$$$$$$$$$$$$$$$$$$$$$","timestamp":"9:29:01 AM"}
{"meta":"","level":"info","message":"","timestamp":"9:29:01 AM"}
{"level":"info","message":"Development Environment is Listening on port 3000","timestamp":"9:29:01 AM"}
{"level":"info","message":"Web URL : http://localhost:3000","timestamp":"9:29:01 AM"}
{"meta":"","level":"info","message":"","timestamp":"9:29:01 AM"}
{"level":"info","message":"$$$$$$$$$$$$$$$$$$$$$$$$","timestamp":"9:29:01 AM"}
{"meta":"","level":"info","message":"","timestamp":"9:29:01 AM"}
{"level":"info","message":"f_data object","timestamp":"3:30:36 PM"}
{"level":"info","message":"f_data object","timestamp":"3:31:35 PM"}
{"level":"info","message":"f_data object","timestamp":"3:36:08 PM"}
{"level":"info","message":"f_data object","timestamp":"3:36:17 PM"}
{"level":"info","message":"f_data object","timestamp":"3:36:44 PM"}
{"level":"info","message":"f_data object","timestamp":"3:38:25 PM"}
{"level":"info","message":"f_data object","timestamp":"3:38:37 PM"}
{"level":"info","message":"$$$$$$$$$$$$$$$$$$$$$$$$","timestamp":"3:39:30 PM"}
{"meta":"","level":"info","message":"","timestamp":"3:39:30 PM"}
{"level":"info","message":"Development Environment is Listening on port 3000","timestamp":"3:39:30 PM"}
{"level":"info","message":"Web URL : http://localhost:3000","timestamp":"3:39:30 PM"}
{"meta":"","level":"info","message":"","timestamp":"3:39:30 PM"}
{"level":"info","message":"$$$$$$$$$$$$$$$$$$$$$$$$","timestamp":"3:39:30 PM"}
{"meta":"","level":"info","message":"","timestamp":"3:39:30 PM"}
{"level":"info","message":"f_data object","timestamp":"3:42:28 PM"}
{"level":"info","message":"f_data object","timestamp":"3:44:02 PM"}
{"level":"info","message":"f_data object","timestamp":"3:44:09 PM"}
{"level":"info","message":"f_data object","timestamp":"3:44:14 PM"}
{"level":"info","message":"f_data object","timestamp":"3:44:18 PM"}
{"level":"info","message":"f_data object","timestamp":"3:47:13 PM"}
{"level":"info","message":"f_data object","timestamp":"3:49:05 PM"}
{"level":"info","message":"f_data object","timestamp":"3:56:55 PM"}
{"level":"info","message":"f_data object","timestamp":"3:58:59 PM"}
{"level":"info","message":"f_data object","timestamp":"3:59:47 PM"}
{"level":"info","message":"f_data object","timestamp":"4:03:17 PM"}
{"level":"info","message":"f_data object","timestamp":"4:04:11 PM"}
{"level":"info","message":"f_data object","timestamp":"4:04:47 PM"}
{"level":"info","message":"f_data object","timestamp":"4:05:13 PM"}
{"level":"info","message":"f_data object","timestamp":"4:07:10 PM"}
{"level":"info","message":"f_data object","timestamp":"4:07:50 PM"}
{"level":"info","message":"f_data object","timestamp":"4:09:04 PM"}
{"level":"info","message":"f_data object","timestamp":"4:09:23 PM"}
{"level":"info","message":"$$$$$$$$$$$$$$$$$$$$$$$$","timestamp":"4:21:28 PM"}
{"meta":"","level":"info","message":"","timestamp":"4:21:28 PM"}
{"level":"info","message":"Development Environment is Listening on port 3000","timestamp":"4:21:28 PM"}
{"level":"info","message":"Web URL : http://localhost:3000","timestamp":"4:21:28 PM"}
{"meta":"","level":"info","message":"","timestamp":"4:21:28 PM"}
{"level":"info","message":"$$$$$$$$$$$$$$$$$$$$$$$$","timestamp":"4:21:28 PM"}
{"meta":"","level":"info","message":"","timestamp":"4:21:28 PM"}
{"level":"info","message":"f_data object","timestamp":"4:46:44 PM"}
{"level":"info","message":"f_data object","timestamp":"4:46:46 PM"}
{"level":"info","message":"$$$$$$$$$$$$$$$$$$$$$$$$","timestamp":"5:08:09 PM"}
{"meta":"","level":"info","message":"","timestamp":"5:08:09 PM"}
{"level":"info","message":"Development Environment is Listening on port 3000","timestamp":"5:08:09 PM"}
{"level":"info","message":"Web URL : http://localhost:3000","timestamp":"5:08:09 PM"}
{"meta":"","level":"info","message":"","timestamp":"5:08:09 PM"}
{"level":"info","message":"$$$$$$$$$$$$$$$$$$$$$$$$","timestamp":"5:08:09 PM"}
{"meta":"","level":"info","message":"","timestamp":"5:08:09 PM"}
{"level":"info","message":"f_data object","timestamp":"6:14:13 PM"}
{"level":"info","message":"f_data object","timestamp":"6:16:22 PM"}
{"level":"info","message":"f_data object","timestamp":"6:16:32 PM"}
{"level":"info","message":"f_data object","timestamp":"6:16:40 PM"}
{"level":"info","message":"f_data object","timestamp":"6:20:47 PM"}
{"level":"info","message":"f_data object","timestamp":"6:20:59 PM"}
{"level":"info","message":"f_data object","timestamp":"6:21:05 PM"}
