{"level":"error","message":"LOG REFERER YTD http://localhost:7000/ ::1 string","timestamp":"11:57:23 AM"}
{"level":"error","message":"LOG REFERER YTD http://localhost:7000/ ::1 string","timestamp":"11:59:15 AM"}
{"level":"error","message":"LOG REFERER YTD http://localhost:7000/ ::1 string","timestamp":"11:59:16 AM"}
{"level":"error","message":"LOG REFERER YTD undefined ::ffff:127.0.0.1 undefined","timestamp":"11:59:25 AM"}
{"level":"error","message":"LOG REFERER YTD http://localhost:7000/ ::1 string","timestamp":"11:59:26 AM"}
{"level":"error","message":"LOG REFERER YTD http://localhost:7000/ ::1 string","timestamp":"11:59:34 AM"}
{"level":"error","message":"LOG REFERER YTD http://localhost:7000/ ::1 string","timestamp":"11:59:40 AM"}
{"level":"error","message":"LOG REFERER YTD http://localhost:7000/ ::1 string","timestamp":"12:00:19 PM"}
{"level":"error","message":"LOG REFERER YTD http://localhost:7000/ ::1 string","timestamp":"12:00:22 PM"}
{"level":"error","message":"LOG REFERER YTD undefined ::ffff:127.0.0.1 undefined","timestamp":"3:03:01 PM"}
{"level":"error","message":"LOG REFERER YTD http://localhost:7000/ ::1 string","timestamp":"3:03:04 PM"}
{"level":"error","message":"LOG REFERER YTD http://localhost:7000/ ::1 string","timestamp":"3:03:04 PM"}
{"level":"error","message":"LOG REFERER YTD http://localhost:7000/ ::1 string","timestamp":"3:03:14 PM"}
{"level":"error","message":"LOG REFERER YTD http://localhost:7000/ ::1 string","timestamp":"3:07:21 PM"}
{"level":"error","message":"LOG REFERER YTD http://localhost:7000/ ::1 string","timestamp":"3:07:21 PM"}
{"level":"error","message":"LOG REFERER YTD http://localhost:7000/ ::1 string","timestamp":"3:08:15 PM"}
{"level":"error","message":"LOG REFERER YTD http://localhost:7000/ ::1 string","timestamp":"3:08:15 PM"}
{"level":"error","message":"LOG REFERER YTD http://localhost:7000/ ::1 string","timestamp":"3:14:21 PM"}
{"level":"error","message":"LOG REFERER YTD http://localhost:7000/ ::1 string","timestamp":"3:14:21 PM"}
{"level":"error","message":"LOG REFERER YTD http://localhost:7000/ ::1 string","timestamp":"3:17:04 PM"}
{"level":"error","message":"LOG REFERER YTD http://localhost:7000/ ::1 string","timestamp":"3:17:04 PM"}
{"level":"error","message":"LOG REFERER YTD http://localhost:7000/ ::1 string","timestamp":"3:32:17 PM"}
{"level":"error","message":"LOG REFERER YTD http://localhost:7000/ ::1 string","timestamp":"3:32:17 PM"}
{"level":"error","message":"LOG REFERER YTD http://localhost:7000/ ::1 string","timestamp":"3:32:51 PM"}
{"level":"error","message":"LOG REFERER YTD http://localhost:7000/ ::1 string","timestamp":"3:32:51 PM"}
{"level":"error","message":"(node:18828) UnhandledPromiseRejectionWarning: Unhandled promise rejection (rejection id: 1): Error: Trying to open unclosed connection.","timestamp":"3:44:00 PM"}
{"level":"error","message":"(node:18828) UnhandledPromiseRejectionWarning: Unhandled promise rejection (rejection id: 2): Error: Trying to open unclosed connection.","timestamp":"3:44:00 PM"}
{"level":"error","message":"(node:18828) UnhandledPromiseRejectionWarning: Unhandled promise rejection (rejection id: 3): Error: Trying to open unclosed connection.","timestamp":"3:44:00 PM"}
{"level":"error","message":"(node:18828) UnhandledPromiseRejectionWarning: Unhandled promise rejection (rejection id: 4): Error: Trying to open unclosed connection.","timestamp":"3:44:00 PM"}
{"level":"error","message":"(node:18828) UnhandledPromiseRejectionWarning: Unhandled promise rejection (rejection id: 5): Error: Trying to open unclosed connection.","timestamp":"3:44:00 PM"}
{"level":"error","message":"(node:18828) UnhandledPromiseRejectionWarning: Unhandled promise rejection (rejection id: 6): Error: Trying to open unclosed connection.","timestamp":"3:44:00 PM"}
{"level":"error","message":"(node:18828) UnhandledPromiseRejectionWarning: Unhandled promise rejection (rejection id: 7): Error: Trying to open unclosed connection.","timestamp":"3:44:00 PM"}
{"level":"error","message":"(node:18828) UnhandledPromiseRejectionWarning: Unhandled promise rejection (rejection id: 8): Error: Trying to open unclosed connection.","timestamp":"3:44:00 PM"}
{"level":"error","message":"(node:18828) UnhandledPromiseRejectionWarning: Unhandled promise rejection (rejection id: 9): Error: Trying to open unclosed connection.","timestamp":"3:44:00 PM"}
{"level":"error","message":"(node:18828) UnhandledPromiseRejectionWarning: Unhandled promise rejection (rejection id: 10): Error: Trying to open unclosed connection.","timestamp":"3:44:00 PM"}
{"level":"error","message":"(node:18828) UnhandledPromiseRejectionWarning: Unhandled promise rejection (rejection id: 11): Error: Trying to open unclosed connection.","timestamp":"3:44:00 PM"}
{"level":"error","message":"(node:18828) UnhandledPromiseRejectionWarning: Unhandled promise rejection (rejection id: 12): Error: Trying to open unclosed connection.","timestamp":"3:44:00 PM"}
{"level":"error","message":"(node:18828) UnhandledPromiseRejectionWarning: Unhandled promise rejection (rejection id: 13): Error: Trying to open unclosed connection.","timestamp":"3:44:00 PM"}
{"level":"error","message":"(node:18828) UnhandledPromiseRejectionWarning: Unhandled promise rejection (rejection id: 14): Error: Trying to open unclosed connection.","timestamp":"3:44:00 PM"}
{"level":"error","message":"(node:18828) UnhandledPromiseRejectionWarning: Unhandled promise rejection (rejection id: 15): Error: Trying to open unclosed connection.","timestamp":"3:44:00 PM"}
{"level":"error","message":"(node:18828) UnhandledPromiseRejectionWarning: Unhandled promise rejection (rejection id: 16): Error: Trying to open unclosed connection.","timestamp":"3:44:00 PM"}
{"level":"error","message":"(node:18828) UnhandledPromiseRejectionWarning: Unhandled promise rejection (rejection id: 17): Error: Trying to open unclosed connection.","timestamp":"3:44:00 PM"}
{"level":"error","message":"(node:18828) UnhandledPromiseRejectionWarning: Unhandled promise rejection (rejection id: 18): Error: Trying to open unclosed connection.","timestamp":"3:44:00 PM"}
{"level":"error","message":"(node:18828) UnhandledPromiseRejectionWarning: Unhandled promise rejection (rejection id: 19): Error: Trying to open unclosed connection.","timestamp":"3:44:00 PM"}
{"level":"error","message":"(node:18828) UnhandledPromiseRejectionWarning: Unhandled promise rejection (rejection id: 20): Error: Trying to open unclosed connection.","timestamp":"3:44:00 PM"}
{"level":"error","message":"(node:18828) UnhandledPromiseRejectionWarning: Unhandled promise rejection (rejection id: 21): Error: Trying to open unclosed connection.","timestamp":"3:44:00 PM"}
{"level":"error","message":"(node:18828) UnhandledPromiseRejectionWarning: Unhandled promise rejection (rejection id: 22): Error: Trying to open unclosed connection.","timestamp":"3:44:00 PM"}
{"level":"error","message":"(node:18828) UnhandledPromiseRejectionWarning: Unhandled promise rejection (rejection id: 23): Error: Trying to open unclosed connection.","timestamp":"3:44:00 PM"}
{"level":"error","message":"(node:18828) UnhandledPromiseRejectionWarning: Unhandled promise rejection (rejection id: 24): Error: Trying to open unclosed connection.","timestamp":"3:44:00 PM"}
{"level":"error","message":"(node:18828) UnhandledPromiseRejectionWarning: Unhandled promise rejection (rejection id: 25): Error: Trying to open unclosed connection.","timestamp":"3:44:00 PM"}
{"level":"error","message":"(node:18828) UnhandledPromiseRejectionWarning: Unhandled promise rejection (rejection id: 26): Error: Trying to open unclosed connection.","timestamp":"3:44:00 PM"}
{"level":"error","message":"(node:18828) UnhandledPromiseRejectionWarning: Unhandled promise rejection (rejection id: 27): Error: Trying to open unclosed connection.","timestamp":"3:44:00 PM"}
{"level":"error","message":"(node:18828) UnhandledPromiseRejectionWarning: Unhandled promise rejection (rejection id: 28): Error: Trying to open unclosed connection.","timestamp":"3:44:00 PM"}
{"level":"error","message":"(node:18828) UnhandledPromiseRejectionWarning: Unhandled promise rejection (rejection id: 29): Error: Trying to open unclosed connection.","timestamp":"3:44:00 PM"}
{"level":"error","message":"(node:18828) UnhandledPromiseRejectionWarning: Unhandled promise rejection (rejection id: 30): Error: Trying to open unclosed connection.","timestamp":"3:44:00 PM"}
{"level":"error","message":"(node:18828) UnhandledPromiseRejectionWarning: Unhandled promise rejection (rejection id: 31): Error: Trying to open unclosed connection.","timestamp":"3:44:00 PM"}
{"level":"error","message":"(node:18828) UnhandledPromiseRejectionWarning: Unhandled promise rejection (rejection id: 32): Error: Trying to open unclosed connection.","timestamp":"3:44:00 PM"}
{"level":"error","message":"(node:18828) UnhandledPromiseRejectionWarning: Unhandled promise rejection (rejection id: 33): Error: Trying to open unclosed connection.","timestamp":"3:44:00 PM"}
{"level":"error","message":"(node:18828) UnhandledPromiseRejectionWarning: Unhandled promise rejection (rejection id: 34): Error: Trying to open unclosed connection.","timestamp":"3:44:00 PM"}
{"level":"error","message":"(node:18828) UnhandledPromiseRejectionWarning: Unhandled promise rejection (rejection id: 35): Error: Trying to open unclosed connection.","timestamp":"3:44:00 PM"}
{"level":"error","message":"(node:18828) UnhandledPromiseRejectionWarning: Unhandled promise rejection (rejection id: 36): Error: Trying to open unclosed connection.","timestamp":"3:44:00 PM"}
{"level":"error","message":"(node:18828) UnhandledPromiseRejectionWarning: Unhandled promise rejection (rejection id: 37): Error: Trying to open unclosed connection.","timestamp":"3:44:00 PM"}
{"level":"error","message":"(node:18828) UnhandledPromiseRejectionWarning: Unhandled promise rejection (rejection id: 38): Error: Trying to open unclosed connection.","timestamp":"3:44:00 PM"}
{"level":"error","message":"(node:18828) UnhandledPromiseRejectionWarning: Unhandled promise rejection (rejection id: 39): Error: Trying to open unclosed connection.","timestamp":"3:44:00 PM"}
{"level":"error","message":"(node:18828) UnhandledPromiseRejectionWarning: Unhandled promise rejection (rejection id: 40): Error: Trying to open unclosed connection.","timestamp":"3:44:00 PM"}
{"level":"error","message":"(node:18828) UnhandledPromiseRejectionWarning: Unhandled promise rejection (rejection id: 41): Error: Trying to open unclosed connection.","timestamp":"3:44:00 PM"}
{"level":"error","message":"(node:18828) UnhandledPromiseRejectionWarning: Unhandled promise rejection (rejection id: 42): Error: Trying to open unclosed connection.","timestamp":"3:44:00 PM"}
{"level":"error","message":"(node:18828) UnhandledPromiseRejectionWarning: Unhandled promise rejection (rejection id: 43): Error: Trying to open unclosed connection.","timestamp":"3:44:00 PM"}
{"level":"error","message":"(node:18828) UnhandledPromiseRejectionWarning: Unhandled promise rejection (rejection id: 44): Error: Trying to open unclosed connection.","timestamp":"3:44:00 PM"}
{"level":"error","message":"(node:18828) UnhandledPromiseRejectionWarning: Unhandled promise rejection (rejection id: 45): Error: Trying to open unclosed connection.","timestamp":"3:44:00 PM"}
{"level":"error","message":"(node:18828) UnhandledPromiseRejectionWarning: Unhandled promise rejection (rejection id: 46): Error: Trying to open unclosed connection.","timestamp":"3:44:00 PM"}
{"level":"error","message":"(node:18828) UnhandledPromiseRejectionWarning: Unhandled promise rejection (rejection id: 47): Error: Trying to open unclosed connection.","timestamp":"3:44:00 PM"}
{"level":"error","message":"(node:18828) UnhandledPromiseRejectionWarning: Unhandled promise rejection (rejection id: 48): Error: Trying to open unclosed connection.","timestamp":"3:44:00 PM"}
{"level":"error","message":"(node:18828) UnhandledPromiseRejectionWarning: Unhandled promise rejection (rejection id: 49): Error: Trying to open unclosed connection.","timestamp":"3:44:00 PM"}
{"level":"error","message":"(node:18828) UnhandledPromiseRejectionWarning: Unhandled promise rejection (rejection id: 50): Error: Trying to open unclosed connection.","timestamp":"3:44:00 PM"}
{"level":"error","message":"(node:18828) UnhandledPromiseRejectionWarning: Unhandled promise rejection (rejection id: 51): Error: Trying to open unclosed connection.","timestamp":"3:44:00 PM"}
{"level":"error","message":"LOG REFERER YTD http://localhost:7000/ ::1 string","timestamp":"3:48:58 PM"}
{"level":"error","message":"LOG REFERER YTD http://localhost:7000/ ::1 string","timestamp":"3:48:58 PM"}
{"level":"error","message":"LOG REFERER YTD http://localhost:7000/ ::1 string","timestamp":"3:50:29 PM"}
{"level":"error","message":"LOG REFERER YTD http://localhost:7000/ ::1 string","timestamp":"3:50:29 PM"}
{"level":"error","message":"LOG REFERER YTD http://localhost:7000/ ::1 string","timestamp":"3:50:29 PM"}
{"level":"error","message":"HorizonSaleSearch { Last_Status: { '$in': [ 'TRANS_SUCCESS_WO_POLICY', 'TRANS_SUCCESS_WITH_POLICY' ] } } { draw: '1',\n  columns: \n   [ { data: 'User_Data_Id',\n       name: '',\n       searchable: 'true',\n       orderable: 'true',\n       search: [Object] },\n     { data: 'Action',\n       name: '',\n       searchable: 'true',\n       orderable: 'true',\n       search: [Object] },\n     { data: 'Modified_On',\n       name: '',\n       searchable: 'true',\n       orderable: 'true',\n       search: [Object] },\n     { data: 'Product_Name',\n       name: '',\n       searchable: 'true',\n       orderable: 'true',\n       search: [Object] },\n     { data: 'Source',\n       name: '',\n       searchable: 'true',\n       orderable: 'true',\n       search: [Object] },\n     { data: 'PB_CRN',\n       name: '',\n       searchable: 'true',\n       orderable: 'true',\n       search: [Object] },\n     { data: 'ERP_CS',\n       name: '',\n       searchable: 'true',\n       orderable: 'true',\n       search: [Object] },\n     { data: 'ERP_ENTRY',\n       name: '',\n       searchable: 'true',\n       orderable: 'true',\n       search: [Object] },\n     { data: 'Premium',\n       name: '',\n       searchable: 'true',\n       orderable: 'true',\n       search: [Object] },\n     { data: 'Brokerage',\n       name: '',\n       searchable: 'true',\n       orderable: 'true',\n       search: [Object] },\n     { data: 'Insurer',\n       name: '',\n       searchable: 'true',\n       orderable: 'true',\n       search: [Object] },\n     { data: 'Customer',\n       name: '',\n       searchable: 'true',\n       orderable: 'true',\n       search: [Object] },\n     { data: 'Agent',\n       name: '',\n       searchable: 'true',\n       orderable: 'true',\n       search: [Object] },\n     { data: 'SubUser',\n       name: '',\n       searchable: 'true',\n       orderable: 'true',\n       search: [Object] },\n     { data: 'Reporting',\n       name: '',\n       searchable: 'true',\n       orderable: 'true',\n       search: [Object] },\n     { data: 'Ss_Id',\n       name: '',\n       searchable: 'true',\n       orderable: 'true',\n       search: [Object] },\n     { data: 'Fba_Id',\n       name: '',\n       searchable: 'true',\n       orderable: 'true',\n       search: [Object] },\n     { data: 'Sub_User_Id',\n       name: '',\n       searchable: 'true',\n       orderable: 'true',\n       search: [Object] } ],\n  order: [ { column: '0', dir: 'asc' } ],\n  start: '0',\n  length: '10',\n  search: { value: '', regex: 'false' },\n  Col_Transaction_Status: '',\n  Col_Name: '',\n  txtCol_Val: '',\n  Group_Status: 'SELL',\n  App_Version: '',\n  Source: '',\n  Product_Id: '',\n  Insurer_Id: '',\n  PB_CRN: '',\n  ss_id: '8067',\n  session_id: '2wmWk2Y6oXxezzCcT8jfZFzLh41agNq8',\n  uid: '110560',\n  page_action: 'all_transaction',\n  registration_number: '',\n  transaction_start_date: '',\n  transaction_end_date: '' }","timestamp":"3:50:34 PM"}
{"level":"error","message":"LOG REFERER YTD http://localhost:7000/ ::1 string","timestamp":"3:51:28 PM"}
{"level":"error","message":"LOG REFERER YTD http://localhost:7000/ ::1 string","timestamp":"3:51:28 PM"}
{"level":"error","message":"LOG REFERER YTD http://localhost:7000/ ::1 string","timestamp":"3:51:28 PM"}
{"level":"error","message":"HorizonSaleSearch { Last_Status: { '$in': [ 'TRANS_SUCCESS_WO_POLICY', 'TRANS_SUCCESS_WITH_POLICY' ] } } { draw: '1',\n  columns: \n   [ { data: 'User_Data_Id',\n       name: '',\n       searchable: 'true',\n       orderable: 'true',\n       search: [Object] },\n     { data: 'Action',\n       name: '',\n       searchable: 'true',\n       orderable: 'true',\n       search: [Object] },\n     { data: 'Modified_On',\n       name: '',\n       searchable: 'true',\n       orderable: 'true',\n       search: [Object] },\n     { data: 'Product_Name',\n       name: '',\n       searchable: 'true',\n       orderable: 'true',\n       search: [Object] },\n     { data: 'Source',\n       name: '',\n       searchable: 'true',\n       orderable: 'true',\n       search: [Object] },\n     { data: 'PB_CRN',\n       name: '',\n       searchable: 'true',\n       orderable: 'true',\n       search: [Object] },\n     { data: 'ERP_CS',\n       name: '',\n       searchable: 'true',\n       orderable: 'true',\n       search: [Object] },\n     { data: 'ERP_ENTRY',\n       name: '',\n       searchable: 'true',\n       orderable: 'true',\n       search: [Object] },\n     { data: 'Premium',\n       name: '',\n       searchable: 'true',\n       orderable: 'true',\n       search: [Object] },\n     { data: 'Brokerage',\n       name: '',\n       searchable: 'true',\n       orderable: 'true',\n       search: [Object] },\n     { data: 'Insurer',\n       name: '',\n       searchable: 'true',\n       orderable: 'true',\n       search: [Object] },\n     { data: 'Customer',\n       name: '',\n       searchable: 'true',\n       orderable: 'true',\n       search: [Object] },\n     { data: 'Agent',\n       name: '',\n       searchable: 'true',\n       orderable: 'true',\n       search: [Object] },\n     { data: 'SubUser',\n       name: '',\n       searchable: 'true',\n       orderable: 'true',\n       search: [Object] },\n     { data: 'Reporting',\n       name: '',\n       searchable: 'true',\n       orderable: 'true',\n       search: [Object] },\n     { data: 'Ss_Id',\n       name: '',\n       searchable: 'true',\n       orderable: 'true',\n       search: [Object] },\n     { data: 'Fba_Id',\n       name: '',\n       searchable: 'true',\n       orderable: 'true',\n       search: [Object] },\n     { data: 'Sub_User_Id',\n       name: '',\n       searchable: 'true',\n       orderable: 'true',\n       search: [Object] } ],\n  order: [ { column: '0', dir: 'asc' } ],\n  start: '0',\n  length: '10',\n  search: { value: '', regex: 'false' },\n  Col_Transaction_Status: '',\n  Col_Name: '',\n  txtCol_Val: '',\n  Group_Status: 'SELL',\n  App_Version: '',\n  Source: '',\n  Product_Id: '',\n  Insurer_Id: '',\n  PB_CRN: '',\n  ss_id: '8067',\n  session_id: '2wmWk2Y6oXxezzCcT8jfZFzLh41agNq8',\n  uid: '110560',\n  page_action: 'all_transaction',\n  registration_number: '',\n  transaction_start_date: '',\n  transaction_end_date: '' }","timestamp":"3:51:32 PM"}
{"level":"error","message":"LOG REFERER YTD http://localhost:7000/ ::1 string","timestamp":"3:59:43 PM"}
{"level":"error","message":"LOG REFERER YTD http://localhost:7000/ ::1 string","timestamp":"4:01:11 PM"}
{"level":"error","message":"LOG REFERER YTD http://localhost:7000/ ::1 string","timestamp":"4:01:11 PM"}
{"level":"error","message":"HorizonSaleSearch { Last_Status: { '$in': [ 'TRANS_SUCCESS_WO_POLICY', 'TRANS_SUCCESS_WITH_POLICY' ] } } { draw: '1',\n  columns: \n   [ { data: 'User_Data_Id',\n       name: '',\n       searchable: 'true',\n       orderable: 'true',\n       search: [Object] },\n     { data: 'Action',\n       name: '',\n       searchable: 'true',\n       orderable: 'true',\n       search: [Object] },\n     { data: 'Modified_On',\n       name: '',\n       searchable: 'true',\n       orderable: 'true',\n       search: [Object] },\n     { data: 'Product_Name',\n       name: '',\n       searchable: 'true',\n       orderable: 'true',\n       search: [Object] },\n     { data: 'Source',\n       name: '',\n       searchable: 'true',\n       orderable: 'true',\n       search: [Object] },\n     { data: 'PB_CRN',\n       name: '',\n       searchable: 'true',\n       orderable: 'true',\n       search: [Object] },\n     { data: 'ERP_CS',\n       name: '',\n       searchable: 'true',\n       orderable: 'true',\n       search: [Object] },\n     { data: 'ERP_ENTRY',\n       name: '',\n       searchable: 'true',\n       orderable: 'true',\n       search: [Object] },\n     { data: 'Premium',\n       name: '',\n       searchable: 'true',\n       orderable: 'true',\n       search: [Object] },\n     { data: 'Brokerage',\n       name: '',\n       searchable: 'true',\n       orderable: 'true',\n       search: [Object] },\n     { data: 'Insurer',\n       name: '',\n       searchable: 'true',\n       orderable: 'true',\n       search: [Object] },\n     { data: 'Customer',\n       name: '',\n       searchable: 'true',\n       orderable: 'true',\n       search: [Object] },\n     { data: 'Agent',\n       name: '',\n       searchable: 'true',\n       orderable: 'true',\n       search: [Object] },\n     { data: 'SubUser',\n       name: '',\n       searchable: 'true',\n       orderable: 'true',\n       search: [Object] },\n     { data: 'Reporting',\n       name: '',\n       searchable: 'true',\n       orderable: 'true',\n       search: [Object] },\n     { data: 'Ss_Id',\n       name: '',\n       searchable: 'true',\n       orderable: 'true',\n       search: [Object] },\n     { data: 'Fba_Id',\n       name: '',\n       searchable: 'true',\n       orderable: 'true',\n       search: [Object] },\n     { data: 'Sub_User_Id',\n       name: '',\n       searchable: 'true',\n       orderable: 'true',\n       search: [Object] } ],\n  order: [ { column: '0', dir: 'asc' } ],\n  start: '0',\n  length: '10',\n  search: { value: '', regex: 'false' },\n  Col_Transaction_Status: '',\n  Col_Name: '',\n  txtCol_Val: '',\n  Group_Status: 'SELL',\n  App_Version: '',\n  Source: '',\n  Product_Id: '',\n  Insurer_Id: '',\n  PB_CRN: '',\n  ss_id: '8067',\n  session_id: '2wmWk2Y6oXxezzCcT8jfZFzLh41agNq8',\n  uid: '110560',\n  page_action: 'all_transaction',\n  registration_number: '',\n  transaction_start_date: '',\n  transaction_end_date: '' }","timestamp":"4:10:14 PM"}
{"level":"warn","message":"uncaughtException { Error: socket hang up\n    at createHangUpError (_http_client.js:254:15)\n    at Socket.socketOnEnd (_http_client.js:346:23)\n    at emitNone (events.js:91:20)\n    at Socket.emit (events.js:185:7)\n    at endReadableNT (_stream_readable.js:974:12)\n    at _combinedTickCallback (internal/process/next_tick.js:74:11)\n    at process._tickCallback (internal/process/next_tick.js:98:9)\n  code: 'ECONNRESET',\n  request: \n   ClientRequest {\n     domain: null,\n     _events: {},\n     _eventsCount: 0,\n     _maxListeners: undefined,\n     href: 'http://qa-horizon.policyboss.com:3000/report/save_log?env=Development&type=ERR',\n     options: \n      { host: 'qa-horizon.policyboss.com',\n        port: '3000',\n        path: '/report/save_log?env=Development&type=ERR',\n        href: 'http://qa-horizon.policyboss.com:3000/report/save_log?env=Development&type=ERR',\n        method: 'POST',\n        headers: [Object],\n        data: '[\"LOG REFERER YTD http://localhost:7000/ ::1 string\"]' },\n     _httpRequest: \n      Writable {\n        _writableState: [Object],\n        writable: true,\n        domain: null,\n        _events: [Object],\n        _eventsCount: 2,\n        _maxListeners: undefined,\n        _options: [Object],\n        _ended: true,\n        _ending: true,\n        _redirectCount: 0,\n        _redirects: [],\n        _requestBodyLength: 53,\n        _requestBodyBuffers: [Object],\n        _onNativeResponse: [Function],\n        _currentRequest: [Object],\n        _currentUrl: 'http://qa-horizon.policyboss.com:3000/report/save_log?env=Development&type=ERR' } } }","timestamp":"4:10:14 PM"}
{"level":"warn","message":"uncaughtException { Error: socket hang up\n    at createHangUpError (_http_client.js:254:15)\n    at Socket.socketCloseListener (_http_client.js:286:23)\n    at emitOne (events.js:101:20)\n    at Socket.emit (events.js:188:7)\n    at TCP._handle.close [as _onclose] (net.js:498:12)\n  code: 'ECONNRESET',\n  request: \n   ClientRequest {\n     domain: null,\n     _events: {},\n     _eventsCount: 0,\n     _maxListeners: undefined,\n     href: 'http://qa-horizon.policyboss.com:3000/report/save_log?env=Development&type=ERR',\n     options: \n      { host: 'qa-horizon.policyboss.com',\n        port: '3000',\n        path: '/report/save_log?env=Development&type=ERR',\n        href: 'http://qa-horizon.policyboss.com:3000/report/save_log?env=Development&type=ERR',\n        method: 'POST',\n        headers: [Object],\n        data: '[\"LOG REFERER YTD http://localhost:7000/ ::1 string\"]' },\n     _httpRequest: \n      Writable {\n        _writableState: [Object],\n        writable: true,\n        domain: null,\n        _events: [Object],\n        _eventsCount: 2,\n        _maxListeners: undefined,\n        _options: [Object],\n        _ended: true,\n        _ending: true,\n        _redirectCount: 0,\n        _redirects: [],\n        _requestBodyLength: 53,\n        _requestBodyBuffers: [Object],\n        _onNativeResponse: [Function],\n        _currentRequest: [Object],\n        _currentUrl: 'http://qa-horizon.policyboss.com:3000/report/save_log?env=Development&type=ERR' } } }","timestamp":"4:10:14 PM"}
{"level":"error","message":"LOG REFERER YTD undefined ::ffff:127.0.0.1 undefined","timestamp":"4:37:08 PM"}
{"level":"error","message":"LOG REFERER YTD undefined ::ffff:127.0.0.1 undefined","timestamp":"4:37:15 PM"}
{"level":"error","message":"LOG REFERER YTD undefined ::ffff:127.0.0.1 undefined","timestamp":"4:37:45 PM"}
{"level":"error","message":"LOG REFERER YTD undefined ::ffff:127.0.0.1 undefined","timestamp":"4:38:05 PM"}
{"level":"error","message":"LOG REFERER YTD http://localhost:7000/ ::1 string","timestamp":"4:38:06 PM"}
{"level":"error","message":"LOG REFERER YTD http://localhost:7000/ ::1 string","timestamp":"4:48:29 PM"}
{"level":"error","message":"LOG REFERER YTD http://localhost:7000/ ::1 string","timestamp":"4:48:29 PM"}
{"level":"error","message":"HorizonSaleSearch { Last_Status: { '$in': [ 'TRANS_SUCCESS_WO_POLICY', 'TRANS_SUCCESS_WITH_POLICY' ] } } { draw: '1',\n  columns: \n   [ { data: 'User_Data_Id',\n       name: '',\n       searchable: 'true',\n       orderable: 'true',\n       search: [Object] },\n     { data: 'Action',\n       name: '',\n       searchable: 'true',\n       orderable: 'true',\n       search: [Object] },\n     { data: 'Modified_On',\n       name: '',\n       searchable: 'true',\n       orderable: 'true',\n       search: [Object] },\n     { data: 'Product_Name',\n       name: '',\n       searchable: 'true',\n       orderable: 'true',\n       search: [Object] },\n     { data: 'Source',\n       name: '',\n       searchable: 'true',\n       orderable: 'true',\n       search: [Object] },\n     { data: 'PB_CRN',\n       name: '',\n       searchable: 'true',\n       orderable: 'true',\n       search: [Object] },\n     { data: 'ERP_CS',\n       name: '',\n       searchable: 'true',\n       orderable: 'true',\n       search: [Object] },\n     { data: 'ERP_ENTRY',\n       name: '',\n       searchable: 'true',\n       orderable: 'true',\n       search: [Object] },\n     { data: 'Premium',\n       name: '',\n       searchable: 'true',\n       orderable: 'true',\n       search: [Object] },\n     { data: 'Brokerage',\n       name: '',\n       searchable: 'true',\n       orderable: 'true',\n       search: [Object] },\n     { data: 'Insurer',\n       name: '',\n       searchable: 'true',\n       orderable: 'true',\n       search: [Object] },\n     { data: 'Customer',\n       name: '',\n       searchable: 'true',\n       orderable: 'true',\n       search: [Object] },\n     { data: 'Agent',\n       name: '',\n       searchable: 'true',\n       orderable: 'true',\n       search: [Object] },\n     { data: 'SubUser',\n       name: '',\n       searchable: 'true',\n       orderable: 'true',\n       search: [Object] },\n     { data: 'Reporting',\n       name: '',\n       searchable: 'true',\n       orderable: 'true',\n       search: [Object] },\n     { data: 'Ss_Id',\n       name: '',\n       searchable: 'true',\n       orderable: 'true',\n       search: [Object] },\n     { data: 'Fba_Id',\n       name: '',\n       searchable: 'true',\n       orderable: 'true',\n       search: [Object] },\n     { data: 'Sub_User_Id',\n       name: '',\n       searchable: 'true',\n       orderable: 'true',\n       search: [Object] } ],\n  order: [ { column: '0', dir: 'asc' } ],\n  start: '0',\n  length: '10',\n  search: { value: '', regex: 'false' },\n  Col_Transaction_Status: '',\n  Col_Name: '',\n  txtCol_Val: '',\n  Group_Status: 'SELL',\n  App_Version: '',\n  Source: '',\n  Product_Id: '',\n  Insurer_Id: '',\n  PB_CRN: '',\n  ss_id: '8067',\n  session_id: 'rl6t5z9xNJ7tumjDc__CEsH_7WDg8tIx',\n  uid: '110560',\n  page_action: 'all_transaction',\n  registration_number: '',\n  transaction_start_date: '',\n  transaction_end_date: '' }","timestamp":"5:05:31 PM"}
{"level":"warn","message":"uncaughtException { Error: socket hang up\n    at createHangUpError (_http_client.js:254:15)\n    at Socket.socketOnEnd (_http_client.js:346:23)\n    at emitNone (events.js:91:20)\n    at Socket.emit (events.js:185:7)\n    at endReadableNT (_stream_readable.js:974:12)\n    at _combinedTickCallback (internal/process/next_tick.js:74:11)\n    at process._tickCallback (internal/process/next_tick.js:98:9)\n  code: 'ECONNRESET',\n  request: \n   ClientRequest {\n     domain: null,\n     _events: {},\n     _eventsCount: 0,\n     _maxListeners: undefined,\n     href: 'http://qa-horizon.policyboss.com:3000/report/save_log?env=Development&type=ERR',\n     options: \n      { host: 'qa-horizon.policyboss.com',\n        port: '3000',\n        path: '/report/save_log?env=Development&type=ERR',\n        href: 'http://qa-horizon.policyboss.com:3000/report/save_log?env=Development&type=ERR',\n        method: 'POST',\n        headers: [Object],\n        data: '[\"LOG REFERER YTD http://localhost:7000/ ::1 string\"]' },\n     _httpRequest: \n      Writable {\n        _writableState: [Object],\n        writable: true,\n        domain: null,\n        _events: [Object],\n        _eventsCount: 2,\n        _maxListeners: undefined,\n        _options: [Object],\n        _ended: true,\n        _ending: true,\n        _redirectCount: 0,\n        _redirects: [],\n        _requestBodyLength: 53,\n        _requestBodyBuffers: [Object],\n        _onNativeResponse: [Function],\n        _currentRequest: [Object],\n        _currentUrl: 'http://qa-horizon.policyboss.com:3000/report/save_log?env=Development&type=ERR' } } }","timestamp":"5:05:31 PM"}
{"level":"warn","message":"uncaughtException { Error: socket hang up\n    at createHangUpError (_http_client.js:254:15)\n    at Socket.socketCloseListener (_http_client.js:286:23)\n    at emitOne (events.js:101:20)\n    at Socket.emit (events.js:188:7)\n    at TCP._handle.close [as _onclose] (net.js:498:12)\n  code: 'ECONNRESET',\n  request: \n   ClientRequest {\n     domain: null,\n     _events: {},\n     _eventsCount: 0,\n     _maxListeners: undefined,\n     href: 'http://qa-horizon.policyboss.com:3000/report/save_log?env=Development&type=ERR',\n     options: \n      { host: 'qa-horizon.policyboss.com',\n        port: '3000',\n        path: '/report/save_log?env=Development&type=ERR',\n        href: 'http://qa-horizon.policyboss.com:3000/report/save_log?env=Development&type=ERR',\n        method: 'POST',\n        headers: [Object],\n        data: '[\"LOG REFERER YTD http://localhost:7000/ ::1 string\"]' },\n     _httpRequest: \n      Writable {\n        _writableState: [Object],\n        writable: true,\n        domain: null,\n        _events: [Object],\n        _eventsCount: 2,\n        _maxListeners: undefined,\n        _options: [Object],\n        _ended: true,\n        _ending: true,\n        _redirectCount: 0,\n        _redirects: [],\n        _requestBodyLength: 53,\n        _requestBodyBuffers: [Object],\n        _onNativeResponse: [Function],\n        _currentRequest: [Object],\n        _currentUrl: 'http://qa-horizon.policyboss.com:3000/report/save_log?env=Development&type=ERR' } } }","timestamp":"5:05:31 PM"}
{"level":"error","message":"LOG REFERER YTD http://localhost:7000/ ::1 string","timestamp":"5:05:50 PM"}
{"level":"error","message":"LOG REFERER YTD http://localhost:7000/ ::1 string","timestamp":"5:42:35 PM"}
{"level":"error","message":"LOG REFERER YTD http://localhost:7000/ ::1 string","timestamp":"5:42:35 PM"}
{"level":"error","message":"(node:11748) UnhandledPromiseRejectionWarning: Unhandled promise rejection (rejection id: 1): Error: Trying to open unclosed connection.","timestamp":"5:45:15 PM"}
{"level":"error","message":"(node:11748) UnhandledPromiseRejectionWarning: Unhandled promise rejection (rejection id: 2): Error: Trying to open unclosed connection.","timestamp":"5:45:15 PM"}
{"level":"error","message":"(node:11748) UnhandledPromiseRejectionWarning: Unhandled promise rejection (rejection id: 3): Error: Trying to open unclosed connection.","timestamp":"5:45:15 PM"}
{"level":"error","message":"(node:11748) UnhandledPromiseRejectionWarning: Unhandled promise rejection (rejection id: 4): Error: Trying to open unclosed connection.","timestamp":"5:45:15 PM"}
{"level":"error","message":"(node:11748) UnhandledPromiseRejectionWarning: Unhandled promise rejection (rejection id: 5): Error: Trying to open unclosed connection.","timestamp":"5:45:15 PM"}
{"level":"error","message":"(node:11748) UnhandledPromiseRejectionWarning: Unhandled promise rejection (rejection id: 6): Error: Trying to open unclosed connection.","timestamp":"5:45:15 PM"}
{"level":"error","message":"(node:11748) UnhandledPromiseRejectionWarning: Unhandled promise rejection (rejection id: 7): Error: Trying to open unclosed connection.","timestamp":"5:45:15 PM"}
{"level":"error","message":"(node:11748) UnhandledPromiseRejectionWarning: Unhandled promise rejection (rejection id: 8): Error: Trying to open unclosed connection.","timestamp":"5:45:15 PM"}
{"level":"error","message":"(node:11748) UnhandledPromiseRejectionWarning: Unhandled promise rejection (rejection id: 9): Error: Trying to open unclosed connection.","timestamp":"5:45:15 PM"}
{"level":"error","message":"(node:11748) UnhandledPromiseRejectionWarning: Unhandled promise rejection (rejection id: 10): Error: Trying to open unclosed connection.","timestamp":"5:45:15 PM"}
{"level":"error","message":"(node:11748) UnhandledPromiseRejectionWarning: Unhandled promise rejection (rejection id: 11): Error: Trying to open unclosed connection.","timestamp":"5:45:15 PM"}
{"level":"error","message":"(node:11748) UnhandledPromiseRejectionWarning: Unhandled promise rejection (rejection id: 12): Error: Trying to open unclosed connection.","timestamp":"5:45:15 PM"}
{"level":"error","message":"(node:11748) UnhandledPromiseRejectionWarning: Unhandled promise rejection (rejection id: 13): Error: Trying to open unclosed connection.","timestamp":"5:45:15 PM"}
{"level":"error","message":"(node:11748) UnhandledPromiseRejectionWarning: Unhandled promise rejection (rejection id: 14): Error: Trying to open unclosed connection.","timestamp":"5:45:15 PM"}
{"level":"error","message":"(node:11748) UnhandledPromiseRejectionWarning: Unhandled promise rejection (rejection id: 15): Error: Trying to open unclosed connection.","timestamp":"5:45:15 PM"}
{"level":"error","message":"(node:11748) UnhandledPromiseRejectionWarning: Unhandled promise rejection (rejection id: 16): Error: Trying to open unclosed connection.","timestamp":"5:45:15 PM"}
{"level":"error","message":"(node:11748) UnhandledPromiseRejectionWarning: Unhandled promise rejection (rejection id: 17): Error: Trying to open unclosed connection.","timestamp":"5:45:15 PM"}
{"level":"error","message":"(node:11748) UnhandledPromiseRejectionWarning: Unhandled promise rejection (rejection id: 18): Error: Trying to open unclosed connection.","timestamp":"5:45:15 PM"}
{"level":"error","message":"(node:11748) UnhandledPromiseRejectionWarning: Unhandled promise rejection (rejection id: 19): Error: Trying to open unclosed connection.","timestamp":"5:45:15 PM"}
{"level":"error","message":"(node:11748) UnhandledPromiseRejectionWarning: Unhandled promise rejection (rejection id: 20): Error: Trying to open unclosed connection.","timestamp":"5:45:15 PM"}
{"level":"error","message":"(node:11748) UnhandledPromiseRejectionWarning: Unhandled promise rejection (rejection id: 21): Error: Trying to open unclosed connection.","timestamp":"5:45:15 PM"}
{"level":"error","message":"(node:11748) UnhandledPromiseRejectionWarning: Unhandled promise rejection (rejection id: 22): Error: Trying to open unclosed connection.","timestamp":"5:45:15 PM"}
{"level":"error","message":"(node:11748) UnhandledPromiseRejectionWarning: Unhandled promise rejection (rejection id: 23): Error: Trying to open unclosed connection.","timestamp":"5:45:15 PM"}
{"level":"error","message":"(node:11748) UnhandledPromiseRejectionWarning: Unhandled promise rejection (rejection id: 24): Error: Trying to open unclosed connection.","timestamp":"5:45:15 PM"}
{"level":"error","message":"(node:11748) UnhandledPromiseRejectionWarning: Unhandled promise rejection (rejection id: 25): Error: Trying to open unclosed connection.","timestamp":"5:45:15 PM"}
{"level":"error","message":"(node:11748) UnhandledPromiseRejectionWarning: Unhandled promise rejection (rejection id: 26): Error: Trying to open unclosed connection.","timestamp":"5:45:15 PM"}
{"level":"error","message":"(node:11748) UnhandledPromiseRejectionWarning: Unhandled promise rejection (rejection id: 27): Error: Trying to open unclosed connection.","timestamp":"5:45:15 PM"}
{"level":"error","message":"(node:11748) UnhandledPromiseRejectionWarning: Unhandled promise rejection (rejection id: 28): Error: Trying to open unclosed connection.","timestamp":"5:45:15 PM"}
{"level":"error","message":"(node:11748) UnhandledPromiseRejectionWarning: Unhandled promise rejection (rejection id: 29): Error: Trying to open unclosed connection.","timestamp":"5:45:15 PM"}
{"level":"error","message":"(node:11748) UnhandledPromiseRejectionWarning: Unhandled promise rejection (rejection id: 30): Error: Trying to open unclosed connection.","timestamp":"5:45:15 PM"}
{"level":"error","message":"(node:11748) UnhandledPromiseRejectionWarning: Unhandled promise rejection (rejection id: 31): Error: Trying to open unclosed connection.","timestamp":"5:45:15 PM"}
{"level":"error","message":"(node:11748) UnhandledPromiseRejectionWarning: Unhandled promise rejection (rejection id: 32): Error: Trying to open unclosed connection.","timestamp":"5:45:15 PM"}
{"level":"error","message":"(node:11748) UnhandledPromiseRejectionWarning: Unhandled promise rejection (rejection id: 33): Error: Trying to open unclosed connection.","timestamp":"5:45:15 PM"}
{"level":"error","message":"(node:11748) UnhandledPromiseRejectionWarning: Unhandled promise rejection (rejection id: 34): Error: Trying to open unclosed connection.","timestamp":"5:45:15 PM"}
{"level":"error","message":"(node:11748) UnhandledPromiseRejectionWarning: Unhandled promise rejection (rejection id: 35): Error: Trying to open unclosed connection.","timestamp":"5:45:15 PM"}
{"level":"error","message":"(node:11748) UnhandledPromiseRejectionWarning: Unhandled promise rejection (rejection id: 36): Error: Trying to open unclosed connection.","timestamp":"5:45:15 PM"}
{"level":"error","message":"(node:11748) UnhandledPromiseRejectionWarning: Unhandled promise rejection (rejection id: 37): Error: Trying to open unclosed connection.","timestamp":"5:45:15 PM"}
{"level":"error","message":"(node:11748) UnhandledPromiseRejectionWarning: Unhandled promise rejection (rejection id: 38): Error: Trying to open unclosed connection.","timestamp":"5:45:15 PM"}
{"level":"error","message":"(node:11748) UnhandledPromiseRejectionWarning: Unhandled promise rejection (rejection id: 39): Error: Trying to open unclosed connection.","timestamp":"5:45:15 PM"}
{"level":"error","message":"(node:11748) UnhandledPromiseRejectionWarning: Unhandled promise rejection (rejection id: 40): Error: Trying to open unclosed connection.","timestamp":"5:45:15 PM"}
{"level":"error","message":"(node:11748) UnhandledPromiseRejectionWarning: Unhandled promise rejection (rejection id: 41): Error: Trying to open unclosed connection.","timestamp":"5:45:15 PM"}
{"level":"error","message":"(node:11748) UnhandledPromiseRejectionWarning: Unhandled promise rejection (rejection id: 42): Error: Trying to open unclosed connection.","timestamp":"5:45:15 PM"}
{"level":"error","message":"(node:11748) UnhandledPromiseRejectionWarning: Unhandled promise rejection (rejection id: 43): Error: Trying to open unclosed connection.","timestamp":"5:45:15 PM"}
{"level":"error","message":"(node:11748) UnhandledPromiseRejectionWarning: Unhandled promise rejection (rejection id: 44): Error: Trying to open unclosed connection.","timestamp":"5:45:15 PM"}
{"level":"error","message":"(node:11748) UnhandledPromiseRejectionWarning: Unhandled promise rejection (rejection id: 45): Error: Trying to open unclosed connection.","timestamp":"5:45:15 PM"}
{"level":"error","message":"(node:11748) UnhandledPromiseRejectionWarning: Unhandled promise rejection (rejection id: 46): Error: Trying to open unclosed connection.","timestamp":"5:45:15 PM"}
{"level":"error","message":"(node:11748) UnhandledPromiseRejectionWarning: Unhandled promise rejection (rejection id: 47): Error: Trying to open unclosed connection.","timestamp":"5:45:15 PM"}
{"level":"error","message":"(node:11748) UnhandledPromiseRejectionWarning: Unhandled promise rejection (rejection id: 48): Error: Trying to open unclosed connection.","timestamp":"5:45:15 PM"}
{"level":"error","message":"(node:11748) UnhandledPromiseRejectionWarning: Unhandled promise rejection (rejection id: 49): Error: Trying to open unclosed connection.","timestamp":"5:45:15 PM"}
{"level":"error","message":"(node:11748) UnhandledPromiseRejectionWarning: Unhandled promise rejection (rejection id: 50): Error: Trying to open unclosed connection.","timestamp":"5:45:15 PM"}
{"level":"error","message":"(node:11748) UnhandledPromiseRejectionWarning: Unhandled promise rejection (rejection id: 51): Error: Trying to open unclosed connection.","timestamp":"5:45:15 PM"}
{"level":"error","message":"LOG REFERER YTD http://localhost:7000/ ::1 string","timestamp":"5:46:52 PM"}
