{"level":"info","message":"$$$$$$$$$$$$$$$$$$$$$$$$","timestamp":"9:02:24 AM"}
{"meta":"","level":"info","message":"","timestamp":"9:02:24 AM"}
{"level":"info","message":"Development Environment is Listening on port 3000","timestamp":"9:02:24 AM"}
{"level":"info","message":"Web URL : http://localhost:3000","timestamp":"9:02:24 AM"}
{"meta":"","level":"info","message":"","timestamp":"9:02:24 AM"}
{"level":"info","message":"$$$$$$$$$$$$$$$$$$$$$$$$","timestamp":"9:02:24 AM"}
{"meta":"","level":"info","message":"","timestamp":"9:02:24 AM"}
{"level":"info","message":"2023-11-29T18:30:00.000Z 2023-11-30T18:30:00.000Z","timestamp":"9:02:39 AM"}
{"level":"info","message":"2023-10-31T18:30:00.000Z 2023-11-22T18:30:00.000Z","timestamp":"9:03:10 AM"}
{"level":"info","message":"2023-10-31T18:30:00.000Z 2023-11-22T18:30:00.000Z","timestamp":"9:03:20 AM"}
{"level":"info","message":"2023-10-31T18:30:00.000Z 2023-11-22T18:30:00.000Z","timestamp":"9:03:23 AM"}
{"level":"info","message":"2023-10-31T18:30:00.000Z 2023-11-22T18:30:00.000Z","timestamp":"9:03:26 AM"}
{"level":"info","message":"2023-10-31T18:30:00.000Z 2023-11-22T18:30:00.000Z","timestamp":"9:03:32 AM"}
{"level":"info","message":"2023-10-31T18:30:00.000Z 2023-11-22T18:30:00.000Z","timestamp":"9:07:51 AM"}
{"level":"info","message":"2023-11-29T18:30:00.000Z 2023-11-30T18:30:00.000Z","timestamp":"9:27:36 AM"}
{"level":"info","message":"2023-10-31T18:30:00.000Z 2023-11-22T18:30:00.000Z","timestamp":"9:27:55 AM"}
{"level":"info","message":"$$$$$$$$$$$$$$$$$$$$$$$$","timestamp":"9:35:17 AM"}
{"meta":"","level":"info","message":"","timestamp":"9:35:17 AM"}
{"level":"info","message":"Development Environment is Listening on port 3000","timestamp":"9:35:17 AM"}
{"level":"info","message":"Web URL : http://localhost:3000","timestamp":"9:35:17 AM"}
{"meta":"","level":"info","message":"","timestamp":"9:35:17 AM"}
{"level":"info","message":"$$$$$$$$$$$$$$$$$$$$$$$$","timestamp":"9:35:17 AM"}
{"meta":"","level":"info","message":"","timestamp":"9:35:17 AM"}
{"level":"info","message":"2023-11-29T18:30:00.000Z 2023-11-30T18:30:00.000Z","timestamp":"9:35:34 AM"}
{"level":"info","message":"$$$$$$$$$$$$$$$$$$$$$$$$","timestamp":"9:37:51 AM"}
{"meta":"","level":"info","message":"","timestamp":"9:37:51 AM"}
{"level":"info","message":"Development Environment is Listening on port 3000","timestamp":"9:37:51 AM"}
{"level":"info","message":"Web URL : http://localhost:3000","timestamp":"9:37:51 AM"}
{"meta":"","level":"info","message":"","timestamp":"9:37:51 AM"}
{"level":"info","message":"$$$$$$$$$$$$$$$$$$$$$$$$","timestamp":"9:37:51 AM"}
{"meta":"","level":"info","message":"","timestamp":"9:37:51 AM"}
{"level":"info","message":"2023-11-29T18:30:00.000Z 2023-11-30T18:30:00.000Z","timestamp":"9:39:39 AM"}
{"level":"info","message":"2023-11-29T18:30:00.000Z 2023-11-30T18:30:00.000Z","timestamp":"9:41:14 AM"}
{"level":"info","message":"2023-10-31T18:30:00.000Z 2023-11-22T18:30:00.000Z","timestamp":"9:41:35 AM"}
{"level":"info","message":"2023-10-31T18:30:00.000Z 2023-11-22T18:30:00.000Z","timestamp":"9:54:03 AM"}
{"level":"info","message":"2023-11-29T18:30:00.000Z 2023-11-30T18:30:00.000Z","timestamp":"9:54:08 AM"}
{"level":"info","message":"2023-10-31T18:30:00.000Z 2023-11-22T18:30:00.000Z","timestamp":"9:54:09 AM"}
{"level":"info","message":"2023-10-31T18:30:00.000Z 2023-11-20T18:30:00.000Z","timestamp":"9:54:09 AM"}
{"level":"info","message":"2023-11-29T18:30:00.000Z 2023-11-30T18:30:00.000Z","timestamp":"9:54:09 AM"}
{"level":"info","message":"$$$$$$$$$$$$$$$$$$$$$$$$","timestamp":"9:55:31 AM"}
{"meta":"","level":"info","message":"","timestamp":"9:55:31 AM"}
{"level":"info","message":"Development Environment is Listening on port 3000","timestamp":"9:55:31 AM"}
{"level":"info","message":"Web URL : http://localhost:3000","timestamp":"9:55:31 AM"}
{"meta":"","level":"info","message":"","timestamp":"9:55:31 AM"}
{"level":"info","message":"$$$$$$$$$$$$$$$$$$$$$$$$","timestamp":"9:55:31 AM"}
{"meta":"","level":"info","message":"","timestamp":"9:55:31 AM"}
{"level":"info","message":"2023-11-29T18:30:00.000Z 2023-11-30T18:30:00.000Z","timestamp":"9:55:41 AM"}
{"level":"info","message":"2023-10-31T18:30:00.000Z 2023-11-21T18:30:00.000Z","timestamp":"9:56:08 AM"}
{"level":"info","message":"2023-11-29T18:30:00.000Z 2023-11-30T18:30:00.000Z","timestamp":"10:08:29 AM"}
{"level":"info","message":"2023-10-31T18:30:00.000Z 2023-11-22T18:30:00.000Z","timestamp":"10:09:18 AM"}
{"level":"info","message":"$$$$$$$$$$$$$$$$$$$$$$$$","timestamp":"10:13:12 AM"}
{"meta":"","level":"info","message":"","timestamp":"10:13:12 AM"}
{"level":"info","message":"Development Environment is Listening on port 3000","timestamp":"10:13:12 AM"}
{"level":"info","message":"Web URL : http://localhost:3000","timestamp":"10:13:12 AM"}
{"meta":"","level":"info","message":"","timestamp":"10:13:12 AM"}
{"level":"info","message":"$$$$$$$$$$$$$$$$$$$$$$$$","timestamp":"10:13:12 AM"}
{"meta":"","level":"info","message":"","timestamp":"10:13:12 AM"}
{"level":"info","message":"2023-11-29T18:30:00.000Z 2023-11-30T18:30:00.000Z","timestamp":"10:13:26 AM"}
{"level":"info","message":"2023-10-31T18:30:00.000Z 2023-11-29T18:30:00.000Z","timestamp":"10:13:45 AM"}
{"level":"info","message":"2023-11-29T18:30:00.000Z 2023-11-30T18:30:00.000Z","timestamp":"10:23:19 AM"}
{"level":"info","message":"2023-10-31T18:30:00.000Z 2023-11-22T18:30:00.000Z","timestamp":"10:26:38 AM"}
{"level":"info","message":"$$$$$$$$$$$$$$$$$$$$$$$$","timestamp":"10:30:29 AM"}
{"meta":"","level":"info","message":"","timestamp":"10:30:29 AM"}
{"level":"info","message":"Development Environment is Listening on port 3000","timestamp":"10:30:29 AM"}
{"level":"info","message":"Web URL : http://localhost:3000","timestamp":"10:30:29 AM"}
{"meta":"","level":"info","message":"","timestamp":"10:30:29 AM"}
{"level":"info","message":"$$$$$$$$$$$$$$$$$$$$$$$$","timestamp":"10:30:29 AM"}
{"meta":"","level":"info","message":"","timestamp":"10:30:29 AM"}
{"level":"info","message":"$$$$$$$$$$$$$$$$$$$$$$$$","timestamp":"10:32:21 AM"}
{"meta":"","level":"info","message":"","timestamp":"10:32:21 AM"}
{"level":"info","message":"Development Environment is Listening on port 3000","timestamp":"10:32:21 AM"}
{"level":"info","message":"Web URL : http://localhost:3000","timestamp":"10:32:21 AM"}
{"meta":"","level":"info","message":"","timestamp":"10:32:21 AM"}
{"level":"info","message":"$$$$$$$$$$$$$$$$$$$$$$$$","timestamp":"10:32:21 AM"}
{"meta":"","level":"info","message":"","timestamp":"10:32:21 AM"}
{"level":"info","message":"2023-11-29T18:30:00.000Z 2023-11-30T18:30:00.000Z","timestamp":"10:32:29 AM"}
{"level":"info","message":"2023-10-31T18:30:00.000Z 2023-11-22T18:30:00.000Z","timestamp":"10:34:36 AM"}
{"level":"info","message":"$$$$$$$$$$$$$$$$$$$$$$$$","timestamp":"10:53:36 AM"}
{"meta":"","level":"info","message":"","timestamp":"10:53:36 AM"}
{"level":"info","message":"Development Environment is Listening on port 3000","timestamp":"10:53:36 AM"}
{"level":"info","message":"Web URL : http://localhost:3000","timestamp":"10:53:36 AM"}
{"meta":"","level":"info","message":"","timestamp":"10:53:36 AM"}
{"level":"info","message":"$$$$$$$$$$$$$$$$$$$$$$$$","timestamp":"10:53:36 AM"}
{"meta":"","level":"info","message":"","timestamp":"10:53:36 AM"}
{"level":"info","message":"2023-11-29T18:30:00.000Z 2023-11-30T18:30:00.000Z","timestamp":"10:53:48 AM"}
{"level":"info","message":"$$$$$$$$$$$$$$$$$$$$$$$$","timestamp":"11:06:23 AM"}
{"meta":"","level":"info","message":"","timestamp":"11:06:23 AM"}
{"level":"info","message":"Development Environment is Listening on port 3000","timestamp":"11:06:23 AM"}
{"level":"info","message":"Web URL : http://localhost:3000","timestamp":"11:06:23 AM"}
{"meta":"","level":"info","message":"","timestamp":"11:06:23 AM"}
{"level":"info","message":"$$$$$$$$$$$$$$$$$$$$$$$$","timestamp":"11:06:23 AM"}
{"meta":"","level":"info","message":"","timestamp":"11:06:23 AM"}
{"level":"info","message":"2023-11-29T18:30:00.000Z 2023-11-30T18:30:00.000Z","timestamp":"11:06:32 AM"}
{"level":"info","message":"2023-10-31T18:30:00.000Z 2023-11-22T18:30:00.000Z","timestamp":"11:09:14 AM"}
{"level":"info","message":"filter { name: /Dsf Sdfs/i }","timestamp":"11:09:14 AM"}
{"level":"info","message":"2023-11-29T18:30:00.000Z 2023-11-30T18:30:00.000Z","timestamp":"11:12:52 AM"}
{"level":"info","message":"2023-10-31T18:30:00.000Z 2023-11-22T18:30:00.000Z","timestamp":"11:13:13 AM"}
{"level":"info","message":"2023-10-31T18:30:00.000Z 2023-11-22T18:30:00.000Z","timestamp":"11:15:45 AM"}
{"level":"info","message":"filter { name: /Dsf Sdfs/i }","timestamp":"11:15:45 AM"}
{"level":"info","message":"2023-11-29T18:30:00.000Z 2023-11-30T18:30:00.000Z","timestamp":"11:20:28 AM"}
{"level":"info","message":"2023-10-31T18:30:00.000Z 2023-11-21T18:30:00.000Z","timestamp":"11:21:15 AM"}
{"level":"info","message":"filter { name: /Dsf Sdfs/i }","timestamp":"11:21:15 AM"}
{"level":"info","message":"$$$$$$$$$$$$$$$$$$$$$$$$","timestamp":"11:26:03 AM"}
{"meta":"","level":"info","message":"","timestamp":"11:26:03 AM"}
{"level":"info","message":"Development Environment is Listening on port 3000","timestamp":"11:26:03 AM"}
{"level":"info","message":"Web URL : http://localhost:3000","timestamp":"11:26:03 AM"}
{"meta":"","level":"info","message":"","timestamp":"11:26:03 AM"}
{"level":"info","message":"$$$$$$$$$$$$$$$$$$$$$$$$","timestamp":"11:26:03 AM"}
{"meta":"","level":"info","message":"","timestamp":"11:26:03 AM"}
{"level":"info","message":"2023-11-29T18:30:00.000Z 2023-11-30T18:30:00.000Z","timestamp":"11:26:28 AM"}
{"level":"info","message":"2023-11-29T18:30:00.000Z 2023-11-30T18:30:00.000Z","timestamp":"11:26:49 AM"}
{"level":"info","message":"2023-11-29T18:30:00.000Z 2023-11-30T18:30:00.000Z","timestamp":"11:27:52 AM"}
{"level":"info","message":"2023-10-31T18:30:00.000Z 2023-11-30T18:30:00.000Z","timestamp":"11:28:17 AM"}
{"level":"info","message":"2023-10-31T18:30:00.000Z 2023-11-30T18:30:00.000Z","timestamp":"11:28:42 AM"}
{"level":"info","message":"filter { name: /Rohit Verma5/i }","timestamp":"11:28:42 AM"}
{"level":"info","message":"2023-11-29T18:30:00.000Z 2023-11-30T18:30:00.000Z","timestamp":"11:31:08 AM"}
{"level":"info","message":"2023-11-29T18:30:00.000Z 2023-11-30T18:30:00.000Z","timestamp":"11:31:23 AM"}
{"level":"info","message":"2023-11-29T18:30:00.000Z 2023-11-30T18:30:00.000Z","timestamp":"11:31:34 AM"}
{"level":"info","message":"2023-11-29T18:30:00.000Z 2023-11-30T18:30:00.000Z","timestamp":"11:39:36 AM"}
{"level":"info","message":"2023-11-29T18:30:00.000Z 2023-11-30T18:30:00.000Z","timestamp":"11:40:16 AM"}
{"level":"info","message":"filter { name: /Rohit Verma5/i }","timestamp":"11:40:16 AM"}
{"level":"info","message":"2023-11-29T18:30:00.000Z 2023-11-30T18:30:00.000Z","timestamp":"11:41:35 AM"}
{"level":"info","message":"$$$$$$$$$$$$$$$$$$$$$$$$","timestamp":"11:46:12 AM"}
{"meta":"","level":"info","message":"","timestamp":"11:46:12 AM"}
{"level":"info","message":"Development Environment is Listening on port 3000","timestamp":"11:46:12 AM"}
{"level":"info","message":"Web URL : http://localhost:3000","timestamp":"11:46:12 AM"}
{"meta":"","level":"info","message":"","timestamp":"11:46:12 AM"}
{"level":"info","message":"$$$$$$$$$$$$$$$$$$$$$$$$","timestamp":"11:46:12 AM"}
{"meta":"","level":"info","message":"","timestamp":"11:46:12 AM"}
{"level":"info","message":"2023-11-29T18:30:00.000Z 2023-11-30T18:30:00.000Z","timestamp":"11:46:22 AM"}
{"level":"info","message":"2023-11-29T18:30:00.000Z 2023-11-30T18:30:00.000Z","timestamp":"11:46:44 AM"}
{"level":"info","message":"2023-11-29T18:30:00.000Z 2023-11-30T18:30:00.000Z","timestamp":"11:47:01 AM"}
{"level":"info","message":"2023-11-29T18:30:00.000Z 2023-11-30T18:30:00.000Z","timestamp":"11:48:10 AM"}
{"level":"info","message":"2023-11-29T18:30:00.000Z 2023-11-30T18:30:00.000Z","timestamp":"11:48:21 AM"}
{"level":"info","message":"2023-11-29T18:30:00.000Z 2023-11-30T18:30:00.000Z","timestamp":"11:48:28 AM"}
{"level":"info","message":"2023-11-29T18:30:00.000Z 2023-11-30T18:30:00.000Z","timestamp":"11:50:16 AM"}
{"level":"info","message":"2023-11-29T18:30:00.000Z 2023-11-30T18:30:00.000Z","timestamp":"11:50:33 AM"}
{"level":"info","message":"2023-11-29T18:30:00.000Z 2023-11-30T18:30:00.000Z","timestamp":"11:58:10 AM"}
{"level":"info","message":"2023-11-29T18:30:00.000Z 2023-11-30T18:30:00.000Z","timestamp":"11:59:13 AM"}
{"level":"info","message":"2023-11-29T18:30:00.000Z 2023-11-30T18:30:00.000Z","timestamp":"12:03:30 PM"}
{"level":"info","message":"2023-11-29T18:30:00.000Z 2023-11-30T18:30:00.000Z","timestamp":"12:05:59 PM"}
{"level":"info","message":"2023-11-29T18:30:00.000Z 2023-11-30T18:30:00.000Z","timestamp":"12:06:19 PM"}
{"level":"info","message":"2023-11-29T18:30:00.000Z 2023-11-30T18:30:00.000Z","timestamp":"12:06:46 PM"}
{"level":"info","message":"$$$$$$$$$$$$$$$$$$$$$$$$","timestamp":"12:12:13 PM"}
{"meta":"","level":"info","message":"","timestamp":"12:12:13 PM"}
{"level":"info","message":"Development Environment is Listening on port 3000","timestamp":"12:12:13 PM"}
{"level":"info","message":"Web URL : http://localhost:3000","timestamp":"12:12:13 PM"}
{"meta":"","level":"info","message":"","timestamp":"12:12:13 PM"}
{"level":"info","message":"$$$$$$$$$$$$$$$$$$$$$$$$","timestamp":"12:12:13 PM"}
{"meta":"","level":"info","message":"","timestamp":"12:12:13 PM"}
{"level":"info","message":"2023-09-30T18:30:00.000Z 2023-11-30T18:30:00.000Z","timestamp":"12:18:00 PM"}
{"level":"info","message":"$$$$$$$$$$$$$$$$$$$$$$$$","timestamp":"12:18:34 PM"}
{"meta":"","level":"info","message":"","timestamp":"12:18:34 PM"}
{"level":"info","message":"Development Environment is Listening on port 3000","timestamp":"12:18:34 PM"}
{"level":"info","message":"Web URL : http://localhost:3000","timestamp":"12:18:34 PM"}
{"meta":"","level":"info","message":"","timestamp":"12:18:34 PM"}
{"level":"info","message":"$$$$$$$$$$$$$$$$$$$$$$$$","timestamp":"12:18:34 PM"}
{"meta":"","level":"info","message":"","timestamp":"12:18:34 PM"}
{"level":"info","message":"2023-11-28T18:30:00.000Z 2023-11-29T18:30:00.000Z","timestamp":"12:23:16 PM"}
{"level":"info","message":"$$$$$$$$$$$$$$$$$$$$$$$$","timestamp":"12:26:53 PM"}
{"meta":"","level":"info","message":"","timestamp":"12:26:53 PM"}
{"level":"info","message":"Development Environment is Listening on port 3000","timestamp":"12:26:53 PM"}
{"level":"info","message":"Web URL : http://localhost:3000","timestamp":"12:26:53 PM"}
{"meta":"","level":"info","message":"","timestamp":"12:26:53 PM"}
{"level":"info","message":"$$$$$$$$$$$$$$$$$$$$$$$$","timestamp":"12:26:53 PM"}
{"meta":"","level":"info","message":"","timestamp":"12:26:53 PM"}
{"level":"info","message":"2023-11-28T18:30:00.000Z 2023-11-29T18:30:00.000Z","timestamp":"12:28:03 PM"}
{"level":"info","message":"2023-11-28T18:30:00.000Z 2023-11-29T18:30:00.000Z","timestamp":"12:30:12 PM"}
{"level":"info","message":"$$$$$$$$$$$$$$$$$$$$$$$$","timestamp":"12:32:46 PM"}
{"meta":"","level":"info","message":"","timestamp":"12:32:46 PM"}
{"level":"info","message":"Development Environment is Listening on port 3000","timestamp":"12:32:46 PM"}
{"level":"info","message":"Web URL : http://localhost:3000","timestamp":"12:32:46 PM"}
{"meta":"","level":"info","message":"","timestamp":"12:32:46 PM"}
{"level":"info","message":"$$$$$$$$$$$$$$$$$$$$$$$$","timestamp":"12:32:46 PM"}
{"meta":"","level":"info","message":"","timestamp":"12:32:46 PM"}
{"level":"info","message":"2023-11-29T18:30:00.000Z 2023-11-30T18:30:00.000Z","timestamp":"12:33:52 PM"}
{"level":"info","message":"2023-11-29T18:30:00.000Z 2023-11-30T18:30:00.000Z","timestamp":"12:34:09 PM"}
{"level":"info","message":"2023-11-28T18:30:00.000Z 2023-11-29T18:30:00.000Z","timestamp":"12:34:48 PM"}
{"level":"info","message":"2023-11-28T18:30:00.000Z 2023-11-29T18:30:00.000Z","timestamp":"12:35:22 PM"}
{"level":"info","message":"2023-11-01T18:30:00.000Z 2023-11-05T18:30:00.000Z","timestamp":"12:40:16 PM"}
{"level":"info","message":"2023-11-01T18:30:00.000Z 2023-11-05T18:30:00.000Z","timestamp":"12:40:45 PM"}
{"level":"info","message":"2023-11-01T18:30:00.000Z 2023-11-05T18:30:00.000Z","timestamp":"12:42:39 PM"}
{"level":"info","message":"filter { Created_On: \n   { '$gte': 2023-11-01T18:30:00.000Z,\n     '$lt': 2023-11-05T18:30:00.000Z } }","timestamp":"12:42:44 PM"}
{"level":"info","message":"2023-11-29T18:30:00.000Z 2023-11-30T18:30:00.000Z","timestamp":"1:23:22 PM"}
{"level":"info","message":"$$$$$$$$$$$$$$$$$$$$$$$$","timestamp":"1:50:50 PM"}
{"meta":"","level":"info","message":"","timestamp":"1:50:50 PM"}
{"level":"info","message":"Development Environment is Listening on port 3000","timestamp":"1:50:50 PM"}
{"level":"info","message":"Web URL : http://localhost:3000","timestamp":"1:50:50 PM"}
{"meta":"","level":"info","message":"","timestamp":"1:50:50 PM"}
{"level":"info","message":"$$$$$$$$$$$$$$$$$$$$$$$$","timestamp":"1:50:50 PM"}
{"meta":"","level":"info","message":"","timestamp":"1:50:50 PM"}
{"level":"info","message":"$$$$$$$$$$$$$$$$$$$$$$$$","timestamp":"1:51:34 PM"}
{"meta":"","level":"info","message":"","timestamp":"1:51:34 PM"}
{"level":"info","message":"Development Environment is Listening on port 3000","timestamp":"1:51:34 PM"}
{"level":"info","message":"Web URL : http://localhost:3000","timestamp":"1:51:34 PM"}
{"meta":"","level":"info","message":"","timestamp":"1:51:34 PM"}
{"level":"info","message":"$$$$$$$$$$$$$$$$$$$$$$$$","timestamp":"1:51:34 PM"}
{"meta":"","level":"info","message":"","timestamp":"1:51:34 PM"}
{"level":"info","message":"2023-11-29T18:30:00.000Z 2023-11-30T18:30:00.000Z","timestamp":"1:51:51 PM"}
{"level":"info","message":"2023-11-29T18:30:00.000Z 2023-11-30T18:30:00.000Z","timestamp":"1:55:43 PM"}
{"level":"info","message":"2023-11-29T18:30:00.000Z 2023-11-30T18:30:00.000Z","timestamp":"1:55:53 PM"}
{"level":"info","message":"2023-11-29T18:30:00.000Z 2023-11-30T18:30:00.000Z","timestamp":"1:56:54 PM"}
{"level":"info","message":"2023-11-29T18:30:00.000Z 2023-11-30T18:30:00.000Z","timestamp":"1:57:10 PM"}
{"level":"info","message":"filter { name: /Rohit Verma5/i }","timestamp":"1:57:11 PM"}
{"level":"info","message":"2023-11-29T18:30:00.000Z 2023-11-30T18:30:00.000Z","timestamp":"1:57:52 PM"}
{"level":"info","message":"2023-11-29T18:30:00.000Z 2023-11-30T18:30:00.000Z","timestamp":"1:58:07 PM"}
{"level":"info","message":"2023-11-29T18:30:00.000Z 2023-11-30T18:30:00.000Z","timestamp":"1:58:17 PM"}
{"level":"info","message":"filter { name: /Rohit Verma5/i,\n  Created_On: \n   { '$gte': 2023-11-29T18:30:00.000Z,\n     '$lt': 2023-11-30T18:30:00.000Z } }","timestamp":"1:58:17 PM"}
{"level":"info","message":"$$$$$$$$$$$$$$$$$$$$$$$$","timestamp":"1:59:23 PM"}
{"meta":"","level":"info","message":"","timestamp":"1:59:23 PM"}
{"level":"info","message":"Development Environment is Listening on port 3000","timestamp":"1:59:23 PM"}
{"level":"info","message":"Web URL : http://localhost:3000","timestamp":"1:59:23 PM"}
{"meta":"","level":"info","message":"","timestamp":"1:59:23 PM"}
{"level":"info","message":"$$$$$$$$$$$$$$$$$$$$$$$$","timestamp":"1:59:23 PM"}
{"meta":"","level":"info","message":"","timestamp":"1:59:23 PM"}
{"level":"info","message":"2023-11-29T18:30:00.000Z 2023-11-30T18:30:00.000Z","timestamp":"1:59:34 PM"}
{"level":"info","message":"2023-11-29T18:30:00.000Z 2023-11-30T18:30:00.000Z","timestamp":"1:59:51 PM"}
{"level":"info","message":"2023-11-29T18:30:00.000Z 2023-11-30T18:30:00.000Z","timestamp":"2:00:05 PM"}
{"level":"info","message":"filter { name: /Rohit Verma5/i,\n  Created_On: \n   { '$gte': 2023-11-29T18:30:00.000Z,\n     '$lt': 2023-11-30T18:30:00.000Z } }","timestamp":"2:00:07 PM"}
{"level":"info","message":"2023-10-29T18:30:00.000Z 2023-10-30T18:30:00.000Z","timestamp":"2:00:32 PM"}
{"level":"info","message":"2023-11-29T18:30:00.000Z 2023-11-30T18:30:00.000Z","timestamp":"3:05:53 PM"}
{"level":"info","message":"2023-11-29T18:30:00.000Z 2023-11-30T18:30:00.000Z","timestamp":"3:07:21 PM"}
{"level":"info","message":"2023-11-29T18:30:00.000Z 2023-11-30T18:30:00.000Z","timestamp":"3:07:31 PM"}
{"level":"info","message":"2023-11-29T18:30:00.000Z 2023-11-30T18:30:00.000Z","timestamp":"3:08:20 PM"}
{"level":"info","message":"2023-11-29T18:30:00.000Z 2023-11-30T18:30:00.000Z","timestamp":"3:08:39 PM"}
{"level":"info","message":"2023-11-29T18:30:00.000Z 2023-11-30T18:30:00.000Z","timestamp":"3:10:30 PM"}
{"level":"info","message":"2023-11-29T18:30:00.000Z 2023-11-30T18:30:00.000Z","timestamp":"3:10:49 PM"}
{"level":"info","message":"2023-11-29T18:30:00.000Z 2023-11-30T18:30:00.000Z","timestamp":"3:12:07 PM"}
{"level":"info","message":"2023-11-29T18:30:00.000Z 2023-11-30T18:30:00.000Z","timestamp":"3:12:24 PM"}
{"level":"info","message":"$$$$$$$$$$$$$$$$$$$$$$$$","timestamp":"3:13:45 PM"}
{"meta":"","level":"info","message":"","timestamp":"3:13:45 PM"}
{"level":"info","message":"Development Environment is Listening on port 3000","timestamp":"3:13:45 PM"}
{"level":"info","message":"Web URL : http://localhost:3000","timestamp":"3:13:45 PM"}
{"meta":"","level":"info","message":"","timestamp":"3:13:45 PM"}
{"level":"info","message":"$$$$$$$$$$$$$$$$$$$$$$$$","timestamp":"3:13:45 PM"}
{"meta":"","level":"info","message":"","timestamp":"3:13:45 PM"}
{"level":"info","message":"2023-11-29T18:30:00.000Z 2023-11-30T18:30:00.000Z","timestamp":"3:13:55 PM"}
{"level":"info","message":"2023-11-29T18:30:00.000Z 2023-11-30T18:30:00.000Z","timestamp":"3:14:51 PM"}
{"level":"info","message":"$$$$$$$$$$$$$$$$$$$$$$$$","timestamp":"3:30:45 PM"}
{"meta":"","level":"info","message":"","timestamp":"3:30:45 PM"}
{"level":"info","message":"Development Environment is Listening on port 3000","timestamp":"3:30:45 PM"}
{"level":"info","message":"Web URL : http://localhost:3000","timestamp":"3:30:45 PM"}
{"meta":"","level":"info","message":"","timestamp":"3:30:45 PM"}
{"level":"info","message":"$$$$$$$$$$$$$$$$$$$$$$$$","timestamp":"3:30:45 PM"}
{"meta":"","level":"info","message":"","timestamp":"3:30:45 PM"}
{"level":"info","message":"2023-11-29T18:30:00.000Z 2023-11-30T18:30:00.000Z","timestamp":"3:31:14 PM"}
{"level":"info","message":"2023-11-29T18:30:00.000Z 2023-11-30T18:30:00.000Z","timestamp":"3:32:06 PM"}
{"level":"info","message":"2023-10-29T18:30:00.000Z 2023-10-30T18:30:00.000Z","timestamp":"3:32:25 PM"}
{"level":"info","message":"2023-10-29T18:30:00.000Z 2023-10-30T18:30:00.000Z","timestamp":"3:32:43 PM"}
{"level":"info","message":"filter { Created_On: \n   { '$gte': 2023-10-29T18:30:00.000Z,\n     '$lt': 2023-10-30T18:30:00.000Z } }","timestamp":"3:32:43 PM"}
{"level":"info","message":"2023-10-29T18:30:00.000Z 2023-10-30T18:30:00.000Z","timestamp":"3:34:16 PM"}
{"level":"info","message":"2023-10-29T18:30:00.000Z 2023-10-30T18:30:00.000Z","timestamp":"3:34:22 PM"}
{"level":"info","message":"filter { name: /Rohit Verma5/i,\n  Created_On: \n   { '$gte': 2023-10-29T18:30:00.000Z,\n     '$lt': 2023-10-30T18:30:00.000Z } }","timestamp":"3:34:22 PM"}
{"level":"info","message":"2023-11-29T18:30:00.000Z 2023-11-30T18:30:00.000Z","timestamp":"3:34:34 PM"}
{"level":"info","message":"2023-10-29T18:30:00.000Z 2023-10-30T18:30:00.000Z","timestamp":"3:35:21 PM"}
{"level":"info","message":"2023-10-29T18:30:00.000Z 2023-10-30T18:30:00.000Z","timestamp":"4:03:00 PM"}
{"level":"info","message":"filter { name: /Rohit Verma5/i,\n  Created_On: \n   { '$gte': 2023-10-29T18:30:00.000Z,\n     '$lt': 2023-10-30T18:30:00.000Z } }","timestamp":"4:03:00 PM"}
{"level":"info","message":"2023-10-29T18:30:00.000Z 2023-10-30T18:30:00.000Z","timestamp":"4:03:25 PM"}
{"level":"info","message":"2023-10-29T18:30:00.000Z 2023-10-30T18:30:00.000Z","timestamp":"4:03:29 PM"}
{"level":"info","message":"2023-11-29T18:30:00.000Z 2023-11-30T18:30:00.000Z","timestamp":"4:03:33 PM"}
{"level":"info","message":"2023-11-29T18:30:00.000Z 2023-11-30T18:30:00.000Z","timestamp":"4:03:41 PM"}
{"level":"info","message":"2023-11-29T18:30:00.000Z 2023-11-30T18:30:00.000Z","timestamp":"4:03:47 PM"}
{"level":"info","message":"2023-11-29T18:30:00.000Z 2023-11-30T18:30:00.000Z","timestamp":"4:04:05 PM"}
{"level":"info","message":"2023-11-29T18:30:00.000Z 2023-11-30T18:30:00.000Z","timestamp":"4:04:14 PM"}
{"level":"info","message":"filter { name: /Rohit Verma5/i }","timestamp":"4:04:14 PM"}
