{"level":"info","message":"$$$$$$$$$$$$$$$$$$$$$$$$","timestamp":"9:28:42 AM"}
{"meta":"","level":"info","message":"","timestamp":"9:28:42 AM"}
{"level":"info","message":"Development Environment is Listening on port 3000","timestamp":"9:28:42 AM"}
{"level":"info","message":"Web URL : http://localhost:3000","timestamp":"9:28:42 AM"}
{"meta":"","level":"info","message":"","timestamp":"9:28:42 AM"}
{"level":"info","message":"$$$$$$$$$$$$$$$$$$$$$$$$","timestamp":"9:28:42 AM"}
{"meta":"","level":"info","message":"","timestamp":"9:28:42 AM"}
{"level":"info","message":"$$$$$$$$$$$$$$$$$$$$$$$$","timestamp":"9:35:41 AM"}
{"meta":"","level":"info","message":"","timestamp":"9:35:41 AM"}
{"level":"info","message":"Development Environment is Listening on port 3000","timestamp":"9:35:41 AM"}
{"level":"info","message":"Web URL : http://localhost:3000","timestamp":"9:35:41 AM"}
{"meta":"","level":"info","message":"","timestamp":"9:35:41 AM"}
{"level":"info","message":"$$$$$$$$$$$$$$$$$$$$$$$$","timestamp":"9:35:41 AM"}
{"meta":"","level":"info","message":"","timestamp":"9:35:41 AM"}
{"level":"info","message":"$$$$$$$$$$$$$$$$$$$$$$$$","timestamp":"10:18:08 AM"}
{"meta":"","level":"info","message":"","timestamp":"10:18:08 AM"}
{"level":"info","message":"Development Environment is Listening on port 3000","timestamp":"10:18:08 AM"}
{"level":"info","message":"Web URL : http://localhost:3000","timestamp":"10:18:08 AM"}
{"meta":"","level":"info","message":"","timestamp":"10:18:08 AM"}
{"level":"info","message":"$$$$$$$$$$$$$$$$$$$$$$$$","timestamp":"10:18:08 AM"}
{"meta":"","level":"info","message":"","timestamp":"10:18:08 AM"}
{"level":"info","message":"$$$$$$$$$$$$$$$$$$$$$$$$","timestamp":"10:29:49 AM"}
{"meta":"","level":"info","message":"","timestamp":"10:29:49 AM"}
{"level":"info","message":"Development Environment is Listening on port 3000","timestamp":"10:29:49 AM"}
{"level":"info","message":"Web URL : http://localhost:3000","timestamp":"10:29:49 AM"}
{"meta":"","level":"info","message":"","timestamp":"10:29:49 AM"}
{"level":"info","message":"$$$$$$$$$$$$$$$$$$$$$$$$","timestamp":"10:29:49 AM"}
{"meta":"","level":"info","message":"","timestamp":"10:29:49 AM"}
{"level":"info","message":"TypeError: Cannot read property 'indexOf' of undefined\n    at pre_vehicle_info (D:\\Admin\\SourceCode\\routes\\quote.js:6570:52)\n    at Layer.handle [as handle_request] (D:\\Admin\\SourceCode\\node_modules\\express\\lib\\router\\layer.js:95:5)\n    at next (D:\\Admin\\SourceCode\\node_modules\\express\\lib\\router\\route.js:131:13)\n    at Route.dispatch (D:\\Admin\\SourceCode\\node_modules\\express\\lib\\router\\route.js:112:3)\n    at Layer.handle [as handle_request] (D:\\Admin\\SourceCode\\node_modules\\express\\lib\\router\\layer.js:95:5)\n    at D:\\Admin\\SourceCode\\node_modules\\express\\lib\\router\\index.js:277:22\n    at Function.process_params (D:\\Admin\\SourceCode\\node_modules\\express\\lib\\router\\index.js:330:12)\n    at next (D:\\Admin\\SourceCode\\node_modules\\express\\lib\\router\\index.js:271:10)\n    at Function.handle (D:\\Admin\\SourceCode\\node_modules\\express\\lib\\router\\index.js:176:3)\n    at router (D:\\Admin\\SourceCode\\node_modules\\express\\lib\\router\\index.js:46:12)\n    at Layer.handle [as handle_request] (D:\\Admin\\SourceCode\\node_modules\\express\\lib\\router\\layer.js:95:5)\n    at trim_prefix (D:\\Admin\\SourceCode\\node_modules\\express\\lib\\router\\index.js:312:13)\n    at D:\\Admin\\SourceCode\\node_modules\\express\\lib\\router\\index.js:280:7\n    at Function.process_params (D:\\Admin\\SourceCode\\node_modules\\express\\lib\\router\\index.js:330:12)\n    at next (D:\\Admin\\SourceCode\\node_modules\\express\\lib\\router\\index.js:271:10)\n    at D:\\Admin\\SourceCode\\node_modules\\express\\lib\\router\\index.js:618:15\n    at next (D:\\Admin\\SourceCode\\node_modules\\express\\lib\\router\\index.js:256:14)\n    at Function.handle (D:\\Admin\\SourceCode\\node_modules\\express\\lib\\router\\index.js:176:3)\n    at router (D:\\Admin\\SourceCode\\node_modules\\express\\lib\\router\\index.js:46:12)\n    at Layer.handle [as handle_request] (D:\\Admin\\SourceCode\\node_modules\\express\\lib\\router\\layer.js:95:5)\n    at trim_prefix (D:\\Admin\\SourceCode\\node_modules\\express\\lib\\router\\index.js:312:13)\n    at D:\\Admin\\SourceCode\\node_modules\\express\\lib\\router\\index.js:280:7","timestamp":"10:30:09 AM"}
{"level":"info","message":"$$$$$$$$$$$$$$$$$$$$$$$$","timestamp":"10:39:12 AM"}
{"meta":"","level":"info","message":"","timestamp":"10:39:12 AM"}
{"level":"info","message":"Development Environment is Listening on port 3000","timestamp":"10:39:12 AM"}
{"level":"info","message":"Web URL : http://localhost:3000","timestamp":"10:39:12 AM"}
{"meta":"","level":"info","message":"","timestamp":"10:39:12 AM"}
{"level":"info","message":"$$$$$$$$$$$$$$$$$$$$$$$$","timestamp":"10:39:12 AM"}
{"meta":"","level":"info","message":"","timestamp":"10:39:12 AM"}
{"level":"info","message":"TypeError: Cannot read property 'indexOf' of undefined\n    at pre_vehicle_info (D:\\Admin\\SourceCode\\routes\\quote.js:6573:52)\n    at Layer.handle [as handle_request] (D:\\Admin\\SourceCode\\node_modules\\express\\lib\\router\\layer.js:95:5)\n    at next (D:\\Admin\\SourceCode\\node_modules\\express\\lib\\router\\route.js:131:13)\n    at Route.dispatch (D:\\Admin\\SourceCode\\node_modules\\express\\lib\\router\\route.js:112:3)\n    at Layer.handle [as handle_request] (D:\\Admin\\SourceCode\\node_modules\\express\\lib\\router\\layer.js:95:5)\n    at D:\\Admin\\SourceCode\\node_modules\\express\\lib\\router\\index.js:277:22\n    at Function.process_params (D:\\Admin\\SourceCode\\node_modules\\express\\lib\\router\\index.js:330:12)\n    at next (D:\\Admin\\SourceCode\\node_modules\\express\\lib\\router\\index.js:271:10)\n    at Function.handle (D:\\Admin\\SourceCode\\node_modules\\express\\lib\\router\\index.js:176:3)\n    at router (D:\\Admin\\SourceCode\\node_modules\\express\\lib\\router\\index.js:46:12)\n    at Layer.handle [as handle_request] (D:\\Admin\\SourceCode\\node_modules\\express\\lib\\router\\layer.js:95:5)\n    at trim_prefix (D:\\Admin\\SourceCode\\node_modules\\express\\lib\\router\\index.js:312:13)\n    at D:\\Admin\\SourceCode\\node_modules\\express\\lib\\router\\index.js:280:7\n    at Function.process_params (D:\\Admin\\SourceCode\\node_modules\\express\\lib\\router\\index.js:330:12)\n    at next (D:\\Admin\\SourceCode\\node_modules\\express\\lib\\router\\index.js:271:10)\n    at D:\\Admin\\SourceCode\\node_modules\\express\\lib\\router\\index.js:618:15\n    at next (D:\\Admin\\SourceCode\\node_modules\\express\\lib\\router\\index.js:256:14)\n    at Function.handle (D:\\Admin\\SourceCode\\node_modules\\express\\lib\\router\\index.js:176:3)\n    at router (D:\\Admin\\SourceCode\\node_modules\\express\\lib\\router\\index.js:46:12)\n    at Layer.handle [as handle_request] (D:\\Admin\\SourceCode\\node_modules\\express\\lib\\router\\layer.js:95:5)\n    at trim_prefix (D:\\Admin\\SourceCode\\node_modules\\express\\lib\\router\\index.js:312:13)\n    at D:\\Admin\\SourceCode\\node_modules\\express\\lib\\router\\index.js:280:7","timestamp":"10:40:21 AM"}
{"level":"info","message":"$$$$$$$$$$$$$$$$$$$$$$$$","timestamp":"10:43:15 AM"}
{"meta":"","level":"info","message":"","timestamp":"10:43:15 AM"}
{"level":"info","message":"Development Environment is Listening on port 3000","timestamp":"10:43:15 AM"}
{"level":"info","message":"Web URL : http://localhost:3000","timestamp":"10:43:15 AM"}
{"meta":"","level":"info","message":"","timestamp":"10:43:15 AM"}
{"level":"info","message":"$$$$$$$$$$$$$$$$$$$$$$$$","timestamp":"10:43:15 AM"}
{"meta":"","level":"info","message":"","timestamp":"10:43:15 AM"}
{"level":"info","message":"Start FastLane","timestamp":"10:44:01 AM"}
{"level":"info","message":"Waiting FastLane","timestamp":"10:44:01 AM"}
{"level":"info","message":"Client_Details { _id: 591c48321cc1042aec9ee6c9,\n  Client_Id: 2,\n  Modified_On: 2017-05-17T12:55:14.111Z,\n  Is_Active: true,\n  Created_On: 2017-05-17T12:55:14.111Z,\n  Secret_Key: 'SECRET-HZ07QRWY-JIBT-XRMQ-ZP95-J0RWP3DYRACW',\n  Client_Unique_Id: 'CLIENT-CNTP6NYE-CU9N-DUZW-CSPI-SH1IS4DOVHB9',\n  Client_Name: 'PolicyBoss',\n  Response_Type: 'QUOTE',\n  __v: 0,\n  Premium_Source: 'Real',\n  Integration_Type: 'NonPOSP',\n  Role: 'LMClient',\n  Platform: 'Website' }","timestamp":"10:44:01 AM"}
{"level":"info","message":"Finish FastLane","timestamp":"10:44:09 AM"}
{"level":"info","message":"Start FastLane","timestamp":"10:44:39 AM"}
{"level":"info","message":"Waiting FastLane","timestamp":"10:44:39 AM"}
{"level":"info","message":"Client_Details { _id: 591c48321cc1042aec9ee6c9,\n  Client_Id: 2,\n  Modified_On: 2017-05-17T12:55:14.111Z,\n  Is_Active: true,\n  Created_On: 2017-05-17T12:55:14.111Z,\n  Secret_Key: 'SECRET-HZ07QRWY-JIBT-XRMQ-ZP95-J0RWP3DYRACW',\n  Client_Unique_Id: 'CLIENT-CNTP6NYE-CU9N-DUZW-CSPI-SH1IS4DOVHB9',\n  Client_Name: 'PolicyBoss',\n  Response_Type: 'QUOTE',\n  __v: 0,\n  Premium_Source: 'Real',\n  Integration_Type: 'NonPOSP',\n  Role: 'LMClient',\n  Platform: 'Website' }","timestamp":"10:44:39 AM"}
{"level":"info","message":"Finish FastLane","timestamp":"10:44:49 AM"}
{"level":"info","message":"$$$$$$$$$$$$$$$$$$$$$$$$","timestamp":"11:13:31 AM"}
{"meta":"","level":"info","message":"","timestamp":"11:13:31 AM"}
{"level":"info","message":"Development Environment is Listening on port 3000","timestamp":"11:13:31 AM"}
{"level":"info","message":"Web URL : http://localhost:3000","timestamp":"11:13:31 AM"}
{"meta":"","level":"info","message":"","timestamp":"11:13:31 AM"}
{"level":"info","message":"$$$$$$$$$$$$$$$$$$$$$$$$","timestamp":"11:13:31 AM"}
{"meta":"","level":"info","message":"","timestamp":"11:13:31 AM"}
{"level":"info","message":"$$$$$$$$$$$$$$$$$$$$$$$$","timestamp":"11:14:40 AM"}
{"meta":"","level":"info","message":"","timestamp":"11:14:40 AM"}
{"level":"info","message":"Development Environment is Listening on port 3000","timestamp":"11:14:40 AM"}
{"level":"info","message":"Web URL : http://localhost:3000","timestamp":"11:14:40 AM"}
{"meta":"","level":"info","message":"","timestamp":"11:14:40 AM"}
{"level":"info","message":"$$$$$$$$$$$$$$$$$$$$$$$$","timestamp":"11:14:40 AM"}
{"meta":"","level":"info","message":"","timestamp":"11:14:40 AM"}
{"level":"info","message":"$$$$$$$$$$$$$$$$$$$$$$$$","timestamp":"11:34:49 AM"}
{"meta":"","level":"info","message":"","timestamp":"11:34:49 AM"}
{"level":"info","message":"Development Environment is Listening on port 3000","timestamp":"11:34:49 AM"}
{"level":"info","message":"Web URL : http://localhost:3000","timestamp":"11:34:49 AM"}
{"meta":"","level":"info","message":"","timestamp":"11:34:49 AM"}
{"level":"info","message":"$$$$$$$$$$$$$$$$$$$$$$$$","timestamp":"11:34:49 AM"}
{"meta":"","level":"info","message":"","timestamp":"11:34:49 AM"}
{"level":"info","message":"$$$$$$$$$$$$$$$$$$$$$$$$","timestamp":"11:37:27 AM"}
{"meta":"","level":"info","message":"","timestamp":"11:37:27 AM"}
{"level":"info","message":"Development Environment is Listening on port 3000","timestamp":"11:37:27 AM"}
{"level":"info","message":"Web URL : http://localhost:3000","timestamp":"11:37:27 AM"}
{"meta":"","level":"info","message":"","timestamp":"11:37:27 AM"}
{"level":"info","message":"$$$$$$$$$$$$$$$$$$$$$$$$","timestamp":"11:37:27 AM"}
{"meta":"","level":"info","message":"","timestamp":"11:37:27 AM"}
{"level":"info","message":"Start FastLane","timestamp":"11:39:18 AM"}
{"level":"info","message":"Waiting FastLane","timestamp":"11:39:18 AM"}
{"level":"info","message":"Client_Details { _id: 591c48321cc1042aec9ee6c9,\n  Client_Id: 2,\n  Modified_On: 2017-05-17T12:55:14.111Z,\n  Is_Active: true,\n  Created_On: 2017-05-17T12:55:14.111Z,\n  Secret_Key: 'SECRET-HZ07QRWY-JIBT-XRMQ-ZP95-J0RWP3DYRACW',\n  Client_Unique_Id: 'CLIENT-CNTP6NYE-CU9N-DUZW-CSPI-SH1IS4DOVHB9',\n  Client_Name: 'PolicyBoss',\n  Response_Type: 'QUOTE',\n  __v: 0,\n  Premium_Source: 'Real',\n  Integration_Type: 'NonPOSP',\n  Role: 'LMClient',\n  Platform: 'Website' }","timestamp":"11:39:18 AM"}
{"level":"info","message":"Finish FastLane","timestamp":"11:41:24 AM"}
{"level":"info","message":"Start FastLane","timestamp":"11:41:44 AM"}
{"level":"info","message":"Waiting FastLane","timestamp":"11:41:44 AM"}
{"level":"info","message":"Client_Details { _id: 591c48321cc1042aec9ee6c9,\n  Client_Id: 2,\n  Modified_On: 2017-05-17T12:55:14.111Z,\n  Is_Active: true,\n  Created_On: 2017-05-17T12:55:14.111Z,\n  Secret_Key: 'SECRET-HZ07QRWY-JIBT-XRMQ-ZP95-J0RWP3DYRACW',\n  Client_Unique_Id: 'CLIENT-CNTP6NYE-CU9N-DUZW-CSPI-SH1IS4DOVHB9',\n  Client_Name: 'PolicyBoss',\n  Response_Type: 'QUOTE',\n  __v: 0,\n  Premium_Source: 'Real',\n  Integration_Type: 'NonPOSP',\n  Role: 'LMClient',\n  Platform: 'Website' }","timestamp":"11:41:44 AM"}
{"level":"info","message":"Finish FastLane","timestamp":"11:41:47 AM"}
{"level":"info","message":"Start FastLane","timestamp":"12:06:40 PM"}
{"level":"info","message":"Waiting FastLane","timestamp":"12:06:40 PM"}
{"level":"info","message":"Client_Details { _id: 591c48321cc1042aec9ee6c9,\n  Client_Id: 2,\n  Modified_On: 2017-05-17T12:55:14.111Z,\n  Is_Active: true,\n  Created_On: 2017-05-17T12:55:14.111Z,\n  Secret_Key: 'SECRET-HZ07QRWY-JIBT-XRMQ-ZP95-J0RWP3DYRACW',\n  Client_Unique_Id: 'CLIENT-CNTP6NYE-CU9N-DUZW-CSPI-SH1IS4DOVHB9',\n  Client_Name: 'PolicyBoss',\n  Response_Type: 'QUOTE',\n  __v: 0,\n  Premium_Source: 'Real',\n  Integration_Type: 'NonPOSP',\n  Role: 'LMClient',\n  Platform: 'Website' }","timestamp":"12:06:40 PM"}
{"level":"info","message":"Finish FastLane","timestamp":"12:06:47 PM"}
{"level":"info","message":"Start FastLane","timestamp":"12:14:33 PM"}
{"level":"info","message":"Waiting FastLane","timestamp":"12:14:33 PM"}
{"level":"info","message":"Client_Details { _id: 591c48321cc1042aec9ee6c9,\n  Client_Id: 2,\n  Modified_On: 2017-05-17T12:55:14.111Z,\n  Is_Active: true,\n  Created_On: 2017-05-17T12:55:14.111Z,\n  Secret_Key: 'SECRET-HZ07QRWY-JIBT-XRMQ-ZP95-J0RWP3DYRACW',\n  Client_Unique_Id: 'CLIENT-CNTP6NYE-CU9N-DUZW-CSPI-SH1IS4DOVHB9',\n  Client_Name: 'PolicyBoss',\n  Response_Type: 'QUOTE',\n  __v: 0,\n  Premium_Source: 'Real',\n  Integration_Type: 'NonPOSP',\n  Role: 'LMClient',\n  Platform: 'Website' }","timestamp":"12:14:33 PM"}
{"level":"info","message":"Finish FastLane","timestamp":"12:14:43 PM"}
{"level":"info","message":"Start FastLane","timestamp":"12:16:00 PM"}
{"level":"info","message":"Waiting FastLane","timestamp":"12:16:00 PM"}
{"level":"info","message":"Client_Details { _id: 591c48321cc1042aec9ee6c9,\n  Client_Id: 2,\n  Modified_On: 2017-05-17T12:55:14.111Z,\n  Is_Active: true,\n  Created_On: 2017-05-17T12:55:14.111Z,\n  Secret_Key: 'SECRET-HZ07QRWY-JIBT-XRMQ-ZP95-J0RWP3DYRACW',\n  Client_Unique_Id: 'CLIENT-CNTP6NYE-CU9N-DUZW-CSPI-SH1IS4DOVHB9',\n  Client_Name: 'PolicyBoss',\n  Response_Type: 'QUOTE',\n  __v: 0,\n  Premium_Source: 'Real',\n  Integration_Type: 'NonPOSP',\n  Role: 'LMClient',\n  Platform: 'Website' }","timestamp":"12:16:00 PM"}
{"level":"info","message":"Finish FastLane","timestamp":"12:17:42 PM"}
{"level":"info","message":"Start FastLane","timestamp":"12:19:49 PM"}
{"level":"info","message":"Waiting FastLane","timestamp":"12:19:49 PM"}
{"level":"info","message":"Client_Details { _id: 591c48321cc1042aec9ee6c9,\n  Client_Id: 2,\n  Modified_On: 2017-05-17T12:55:14.111Z,\n  Is_Active: true,\n  Created_On: 2017-05-17T12:55:14.111Z,\n  Secret_Key: 'SECRET-HZ07QRWY-JIBT-XRMQ-ZP95-J0RWP3DYRACW',\n  Client_Unique_Id: 'CLIENT-CNTP6NYE-CU9N-DUZW-CSPI-SH1IS4DOVHB9',\n  Client_Name: 'PolicyBoss',\n  Response_Type: 'QUOTE',\n  __v: 0,\n  Premium_Source: 'Real',\n  Integration_Type: 'NonPOSP',\n  Role: 'LMClient',\n  Platform: 'Website' }","timestamp":"12:19:49 PM"}
{"level":"info","message":"Finish FastLane","timestamp":"12:19:52 PM"}
{"level":"info","message":"Start FastLane","timestamp":"12:27:55 PM"}
{"level":"info","message":"Waiting FastLane","timestamp":"12:27:55 PM"}
{"level":"info","message":"Client_Details { _id: 591c48321cc1042aec9ee6c9,\n  Client_Id: 2,\n  Modified_On: 2017-05-17T12:55:14.111Z,\n  Is_Active: true,\n  Created_On: 2017-05-17T12:55:14.111Z,\n  Secret_Key: 'SECRET-HZ07QRWY-JIBT-XRMQ-ZP95-J0RWP3DYRACW',\n  Client_Unique_Id: 'CLIENT-CNTP6NYE-CU9N-DUZW-CSPI-SH1IS4DOVHB9',\n  Client_Name: 'PolicyBoss',\n  Response_Type: 'QUOTE',\n  __v: 0,\n  Premium_Source: 'Real',\n  Integration_Type: 'NonPOSP',\n  Role: 'LMClient',\n  Platform: 'Website' }","timestamp":"12:27:55 PM"}
{"level":"info","message":"Finish FastLane","timestamp":"12:28:18 PM"}
{"level":"info","message":"Start FastLane","timestamp":"12:36:41 PM"}
{"level":"info","message":"Waiting FastLane","timestamp":"12:36:41 PM"}
{"level":"info","message":"Client_Details { _id: 591c48321cc1042aec9ee6c9,\n  Client_Id: 2,\n  Modified_On: 2017-05-17T12:55:14.111Z,\n  Is_Active: true,\n  Created_On: 2017-05-17T12:55:14.111Z,\n  Secret_Key: 'SECRET-HZ07QRWY-JIBT-XRMQ-ZP95-J0RWP3DYRACW',\n  Client_Unique_Id: 'CLIENT-CNTP6NYE-CU9N-DUZW-CSPI-SH1IS4DOVHB9',\n  Client_Name: 'PolicyBoss',\n  Response_Type: 'QUOTE',\n  __v: 0,\n  Premium_Source: 'Real',\n  Integration_Type: 'NonPOSP',\n  Role: 'LMClient',\n  Platform: 'Website' }","timestamp":"12:36:41 PM"}
{"level":"info","message":"Finish FastLane","timestamp":"12:37:01 PM"}
{"level":"info","message":"Start FastLane","timestamp":"1:15:39 PM"}
{"level":"info","message":"Waiting FastLane","timestamp":"1:15:39 PM"}
{"level":"info","message":"Client_Details { _id: 591c48321cc1042aec9ee6c9,\n  Client_Id: 2,\n  Modified_On: 2017-05-17T12:55:14.111Z,\n  Is_Active: true,\n  Created_On: 2017-05-17T12:55:14.111Z,\n  Secret_Key: 'SECRET-HZ07QRWY-JIBT-XRMQ-ZP95-J0RWP3DYRACW',\n  Client_Unique_Id: 'CLIENT-CNTP6NYE-CU9N-DUZW-CSPI-SH1IS4DOVHB9',\n  Client_Name: 'PolicyBoss',\n  Response_Type: 'QUOTE',\n  __v: 0,\n  Premium_Source: 'Real',\n  Integration_Type: 'NonPOSP',\n  Role: 'LMClient',\n  Platform: 'Website' }","timestamp":"1:15:39 PM"}
{"level":"info","message":"Finish FastLane","timestamp":"1:15:41 PM"}
{"level":"info","message":"Start FastLane","timestamp":"4:31:42 PM"}
{"level":"info","message":"Waiting FastLane","timestamp":"4:31:42 PM"}
{"level":"info","message":"Client_Details { _id: 591c48321cc1042aec9ee6c9,\n  Client_Id: 2,\n  Modified_On: 2017-05-17T12:55:14.111Z,\n  Is_Active: true,\n  Created_On: 2017-05-17T12:55:14.111Z,\n  Secret_Key: 'SECRET-HZ07QRWY-JIBT-XRMQ-ZP95-J0RWP3DYRACW',\n  Client_Unique_Id: 'CLIENT-CNTP6NYE-CU9N-DUZW-CSPI-SH1IS4DOVHB9',\n  Client_Name: 'PolicyBoss',\n  Response_Type: 'QUOTE',\n  __v: 0,\n  Premium_Source: 'Real',\n  Integration_Type: 'NonPOSP',\n  Role: 'LMClient',\n  Platform: 'Website' }","timestamp":"4:31:42 PM"}
{"level":"info","message":"Finish FastLane","timestamp":"4:31:52 PM"}
{"level":"info","message":"{\"product_id\":0,\"vehicle_id\":755,\"client_id\":2,\"rto_id\":1052,\"vehicle_insurance_type\":\"renew\",\"vehicle_registration_date\":\"2015-08-26\",\"vehicle_manf_date\":\"2015-08-01\",\"policy_expiry_date\":\"\",\"prev_insurer_id\":0,\"vehicle_registration_type\":\"individual\",\"vehicle_ncb_current\":\"50\",\"is_claim_exists\":\"no\",\"method_type\":\"Premium\",\"execution_async\":\"yes\",\"electrical_accessory\":\"0\",\"non_electrical_accessory\":\"0\",\"registration_no\":\"MH-48-AC-5505\",\"regno_rtocode\":\"MH-48\",\"is_llpd\":\"no\",\"is_antitheft_fit\":\"no\",\"is_external_bifuel\":\"no\",\"is_aai_member\":\"no\",\"fuel_type\":\"DIESEL\",\"external_bifuel_type\":\"\",\"external_bifuel_value\":\"0\",\"pa_owner_driver_si\":1500000,\"is_pa_od\":\"no\",\"is_having_valid_dl\":\"no\",\"is_opted_standalone_cpa\":\"yes\",\"pa_paid_driver_si\":\"0\",\"first_name\":\"\",\"middle_name\":\"\",\"mobile\":\"9999999999\",\"email\":\"abc@gmail.com\",\"crn\":0,\"ss_id\":0,\"fba_id\":0,\"sub_fba_id\":0,\"geo_lat\":\"\",\"geo_long\":\"\",\"ip_city_state\":\"\",\"agent_source\":\"\",\"app_version\":\"PolicyBoss.com\",\"vehicle_insurance_subtype\":\"\",\"secret_key\":\"SECRET-HZ07QRWY-JIBT-XRMQ-ZP95-J0RWP3DYRACW\",\"client_key\":\"CLIENT-CNTP6NYE-CU9N-DUZW-CSPI-SH1IS4DOVHB9\",\"is_breakin\":\"yes\",\"is_inspection_done\":\"no\",\"is_policy_exist\":\"no\",\"client_name\":\"PolicyBoss\",\"udid\":\"\",\"is_financed\":\"no\",\"is_fastlane_rto\":\"yes\",\"last_name\":\"\",\"ui_source\":\"UI22\",\"is_quick_quote\":\"no\",\"chassis_number\":\"WDD2050026L002377\",\"engin_number\":\"65192132678129\",\"customer_name\":\"\",\"permanent_pincode\":\"\",\"is_fastlane_manufacture\":\"yes\",\"is_fastlane_registration\":\"yes\",\"is_tp_policy_exists\":\"no\",\"visitor_id\":\"\",\"search_from\":\"diy\",\"addon_applied\":\"no\",\"engine_number\":\"65192132678129\"}","timestamp":"4:31:52 PM"}
{"level":"info","message":"Client_Details { Platform: 'Website',\n  Role: 'LMClient',\n  Integration_Type: 'NonPOSP',\n  Premium_Source: 'Real',\n  __v: 0,\n  Response_Type: 'QUOTE',\n  Client_Name: 'PolicyBoss',\n  Client_Unique_Id: 'CLIENT-CNTP6NYE-CU9N-DUZW-CSPI-SH1IS4DOVHB9',\n  Secret_Key: 'SECRET-HZ07QRWY-JIBT-XRMQ-ZP95-J0RWP3DYRACW',\n  Created_On: '2017-05-17T12:55:14.111Z',\n  Is_Active: true,\n  Modified_On: '2017-05-17T12:55:14.111Z',\n  Client_Id: 2,\n  _id: '591c48321cc1042aec9ee6c9' }","timestamp":"4:31:52 PM"}
{"level":"info","message":"Client_Id 2 2","timestamp":"4:31:52 PM"}
{"level":"info","message":"Start FastLane","timestamp":"4:33:07 PM"}
{"level":"info","message":"Waiting FastLane","timestamp":"4:33:07 PM"}
{"level":"info","message":"Client_Details { _id: 591c48321cc1042aec9ee6c9,\n  Client_Id: 2,\n  Modified_On: 2017-05-17T12:55:14.111Z,\n  Is_Active: true,\n  Created_On: 2017-05-17T12:55:14.111Z,\n  Secret_Key: 'SECRET-HZ07QRWY-JIBT-XRMQ-ZP95-J0RWP3DYRACW',\n  Client_Unique_Id: 'CLIENT-CNTP6NYE-CU9N-DUZW-CSPI-SH1IS4DOVHB9',\n  Client_Name: 'PolicyBoss',\n  Response_Type: 'QUOTE',\n  __v: 0,\n  Premium_Source: 'Real',\n  Integration_Type: 'NonPOSP',\n  Role: 'LMClient',\n  Platform: 'Website' }","timestamp":"4:33:07 PM"}
{"level":"info","message":"Finish FastLane","timestamp":"4:33:10 PM"}
{"level":"info","message":"{\"product_id\":0,\"vehicle_id\":755,\"client_id\":2,\"rto_id\":1052,\"vehicle_insurance_type\":\"renew\",\"vehicle_registration_date\":\"2015-08-26\",\"vehicle_manf_date\":\"2015-08-01\",\"policy_expiry_date\":\"\",\"prev_insurer_id\":0,\"vehicle_registration_type\":\"individual\",\"vehicle_ncb_current\":\"50\",\"is_claim_exists\":\"no\",\"method_type\":\"Premium\",\"execution_async\":\"yes\",\"electrical_accessory\":\"0\",\"non_electrical_accessory\":\"0\",\"registration_no\":\"MH-48-AC-5505\",\"regno_rtocode\":\"MH-48\",\"is_llpd\":\"no\",\"is_antitheft_fit\":\"no\",\"is_external_bifuel\":\"no\",\"is_aai_member\":\"no\",\"fuel_type\":\"DIESEL\",\"external_bifuel_type\":\"\",\"external_bifuel_value\":\"0\",\"pa_owner_driver_si\":1500000,\"is_pa_od\":\"no\",\"is_having_valid_dl\":\"no\",\"is_opted_standalone_cpa\":\"yes\",\"pa_paid_driver_si\":\"0\",\"first_name\":\"\",\"middle_name\":\"\",\"mobile\":\"9999999999\",\"email\":\"abc@gmail.com\",\"crn\":0,\"ss_id\":0,\"fba_id\":0,\"sub_fba_id\":0,\"geo_lat\":\"\",\"geo_long\":\"\",\"ip_city_state\":\"\",\"agent_source\":\"\",\"app_version\":\"PolicyBoss.com\",\"vehicle_insurance_subtype\":\"\",\"secret_key\":\"SECRET-HZ07QRWY-JIBT-XRMQ-ZP95-J0RWP3DYRACW\",\"client_key\":\"CLIENT-CNTP6NYE-CU9N-DUZW-CSPI-SH1IS4DOVHB9\",\"is_breakin\":\"yes\",\"is_inspection_done\":\"no\",\"is_policy_exist\":\"no\",\"client_name\":\"PolicyBoss\",\"udid\":\"\",\"is_financed\":\"no\",\"is_fastlane_rto\":\"yes\",\"last_name\":\"\",\"ui_source\":\"UI22\",\"is_quick_quote\":\"no\",\"chassis_number\":\"WDD2050026L002377\",\"engin_number\":\"65192132678129\",\"customer_name\":\"\",\"permanent_pincode\":\"\",\"is_fastlane_manufacture\":\"yes\",\"is_fastlane_registration\":\"yes\",\"is_tp_policy_exists\":\"no\",\"visitor_id\":\"\",\"search_from\":\"diy\",\"addon_applied\":\"no\",\"engine_number\":\"65192132678129\"}","timestamp":"4:33:10 PM"}
{"level":"info","message":"Client_Details { Platform: 'Website',\n  Role: 'LMClient',\n  Integration_Type: 'NonPOSP',\n  Premium_Source: 'Real',\n  __v: 0,\n  Response_Type: 'QUOTE',\n  Client_Name: 'PolicyBoss',\n  Client_Unique_Id: 'CLIENT-CNTP6NYE-CU9N-DUZW-CSPI-SH1IS4DOVHB9',\n  Secret_Key: 'SECRET-HZ07QRWY-JIBT-XRMQ-ZP95-J0RWP3DYRACW',\n  Created_On: '2017-05-17T12:55:14.111Z',\n  Is_Active: true,\n  Modified_On: '2017-05-17T12:55:14.111Z',\n  Client_Id: 2,\n  _id: '591c48321cc1042aec9ee6c9' }","timestamp":"4:33:10 PM"}
{"level":"info","message":"Client_Id 2 2","timestamp":"4:33:10 PM"}
{"level":"info","message":"Start FastLane","timestamp":"5:50:43 PM"}
{"level":"info","message":"Waiting FastLane","timestamp":"5:50:43 PM"}
{"level":"info","message":"Start FastLane","timestamp":"5:50:43 PM"}
{"level":"info","message":"Waiting FastLane","timestamp":"5:50:43 PM"}
{"level":"info","message":"Client_Details { _id: 591c48321cc1042aec9ee6c9,\n  Client_Id: 2,\n  Modified_On: 2017-05-17T12:55:14.111Z,\n  Is_Active: true,\n  Created_On: 2017-05-17T12:55:14.111Z,\n  Secret_Key: 'SECRET-HZ07QRWY-JIBT-XRMQ-ZP95-J0RWP3DYRACW',\n  Client_Unique_Id: 'CLIENT-CNTP6NYE-CU9N-DUZW-CSPI-SH1IS4DOVHB9',\n  Client_Name: 'PolicyBoss',\n  Response_Type: 'QUOTE',\n  __v: 0,\n  Premium_Source: 'Real',\n  Integration_Type: 'NonPOSP',\n  Role: 'LMClient',\n  Platform: 'Website' }","timestamp":"5:50:44 PM"}
{"level":"info","message":"Finish FastLane","timestamp":"5:50:46 PM"}
{"level":"info","message":"Client_Details { _id: 591c48321cc1042aec9ee6c9,\n  Client_Id: 2,\n  Modified_On: 2017-05-17T12:55:14.111Z,\n  Is_Active: true,\n  Created_On: 2017-05-17T12:55:14.111Z,\n  Secret_Key: 'SECRET-HZ07QRWY-JIBT-XRMQ-ZP95-J0RWP3DYRACW',\n  Client_Unique_Id: 'CLIENT-CNTP6NYE-CU9N-DUZW-CSPI-SH1IS4DOVHB9',\n  Client_Name: 'PolicyBoss',\n  Response_Type: 'QUOTE',\n  __v: 0,\n  Premium_Source: 'Real',\n  Integration_Type: 'NonPOSP',\n  Role: 'LMClient',\n  Platform: 'Website' }","timestamp":"5:50:46 PM"}
{"level":"info","message":"Finish FastLane","timestamp":"5:50:50 PM"}
{"level":"info","message":"{\"product_id\":1,\"vehicle_id\":3223,\"client_id\":2,\"rto_id\":1052,\"vehicle_insurance_type\":\"renew\",\"vehicle_registration_date\":\"2022-08-26\",\"vehicle_manf_date\":\"2022-08-01\",\"policy_expiry_date\":\"2023-08-24\",\"prev_insurer_id\":44,\"vehicle_registration_type\":\"individual\",\"vehicle_ncb_current\":\"0\",\"is_claim_exists\":\"no\",\"method_type\":\"Premium\",\"execution_async\":\"yes\",\"electrical_accessory\":\"0\",\"non_electrical_accessory\":\"0\",\"registration_no\":\"MH-48-AC-5505\",\"regno_rtocode\":\"MH-48\",\"is_llpd\":\"no\",\"is_antitheft_fit\":\"no\",\"is_external_bifuel\":\"no\",\"is_aai_member\":\"no\",\"fuel_type\":\"DIESEL\",\"external_bifuel_type\":\"\",\"external_bifuel_value\":\"0\",\"pa_owner_driver_si\":1500000,\"is_pa_od\":\"no\",\"is_having_valid_dl\":\"no\",\"is_opted_standalone_cpa\":\"yes\",\"pa_paid_driver_si\":\"0\",\"first_name\":\"SURENDRA\",\"middle_name\":\"\",\"mobile\":\"9999999999\",\"email\":\"abc@gmail.com\",\"crn\":0,\"ss_id\":0,\"fba_id\":0,\"sub_fba_id\":0,\"geo_lat\":\"\",\"geo_long\":\"\",\"ip_city_state\":\"\",\"agent_source\":\"\",\"app_version\":\"PolicyBoss.com\",\"vehicle_insurance_subtype\":\"1OD_0TP\",\"secret_key\":\"SECRET-HZ07QRWY-JIBT-XRMQ-ZP95-J0RWP3DYRACW\",\"client_key\":\"CLIENT-CNTP6NYE-CU9N-DUZW-CSPI-SH1IS4DOVHB9\",\"is_breakin\":\"yes\",\"is_inspection_done\":\"no\",\"is_policy_exist\":\"yes\",\"client_name\":\"PolicyBoss\",\"udid\":\"\",\"is_financed\":\"no\",\"is_fastlane_rto\":\"yes\",\"last_name\":\"SHETTY\",\"ui_source\":\"UI22\",\"is_quick_quote\":\"no\",\"chassis_number\":\"WDD2050026L002377\",\"engin_number\":\"65192132678129\",\"customer_name\":\"SURENDRA SHETTY\",\"permanent_pincode\":\"401201\",\"is_fastlane_manufacture\":\"yes\",\"is_fastlane_registration\":\"yes\",\"is_tp_policy_exists\":\"yes\",\"visitor_id\":\"\",\"search_from\":\"diy\",\"addon_applied\":\"no\",\"engine_number\":\"65192132678129\",\"vehicle_make_name\":\"MERCEDES-BENZ\",\"vehicle_full\":\"MERCEDES-BENZ|C-CLASS|C 220 CDI ELEGANCE AT |DIESEL|2148\",\"rto_full\":\"MH48|Virar|MAHARASHTRA|B\"}","timestamp":"5:50:50 PM"}
{"level":"info","message":"Client_Details { Platform: 'Website',\n  Role: 'LMClient',\n  Integration_Type: 'NonPOSP',\n  Premium_Source: 'Real',\n  __v: 0,\n  Response_Type: 'QUOTE',\n  Client_Name: 'PolicyBoss',\n  Client_Unique_Id: 'CLIENT-CNTP6NYE-CU9N-DUZW-CSPI-SH1IS4DOVHB9',\n  Secret_Key: 'SECRET-HZ07QRWY-JIBT-XRMQ-ZP95-J0RWP3DYRACW',\n  Created_On: '2017-05-17T12:55:14.111Z',\n  Is_Active: true,\n  Modified_On: '2017-05-17T12:55:14.111Z',\n  Client_Id: 2,\n  _id: '591c48321cc1042aec9ee6c9' }","timestamp":"5:50:50 PM"}
{"level":"info","message":"Client_Id 2 2","timestamp":"5:50:50 PM"}
{"level":"info","message":"{\"product_id\":1,\"vehicle_id\":3223,\"client_id\":2,\"rto_id\":1052,\"vehicle_insurance_type\":\"renew\",\"vehicle_registration_date\":\"2022-08-26\",\"vehicle_manf_date\":\"2022-08-01\",\"policy_expiry_date\":\"2023-08-24\",\"prev_insurer_id\":44,\"vehicle_registration_type\":\"individual\",\"vehicle_ncb_current\":\"0\",\"is_claim_exists\":\"no\",\"method_type\":\"Premium\",\"execution_async\":\"yes\",\"electrical_accessory\":\"0\",\"non_electrical_accessory\":\"0\",\"registration_no\":\"MH-48-AC-5505\",\"regno_rtocode\":\"MH-48\",\"is_llpd\":\"no\",\"is_antitheft_fit\":\"no\",\"is_external_bifuel\":\"no\",\"is_aai_member\":\"no\",\"fuel_type\":\"DIESEL\",\"external_bifuel_type\":\"\",\"external_bifuel_value\":\"0\",\"pa_owner_driver_si\":1500000,\"is_pa_od\":\"no\",\"is_having_valid_dl\":\"no\",\"is_opted_standalone_cpa\":\"yes\",\"pa_paid_driver_si\":\"0\",\"first_name\":\"SURENDRA\",\"middle_name\":\"\",\"mobile\":\"9999999999\",\"email\":\"abc@gmail.com\",\"crn\":0,\"ss_id\":0,\"fba_id\":0,\"sub_fba_id\":0,\"geo_lat\":\"\",\"geo_long\":\"\",\"ip_city_state\":\"\",\"agent_source\":\"\",\"app_version\":\"PolicyBoss.com\",\"vehicle_insurance_subtype\":\"1OD_0TP\",\"secret_key\":\"SECRET-HZ07QRWY-JIBT-XRMQ-ZP95-J0RWP3DYRACW\",\"client_key\":\"CLIENT-CNTP6NYE-CU9N-DUZW-CSPI-SH1IS4DOVHB9\",\"is_breakin\":\"yes\",\"is_inspection_done\":\"no\",\"is_policy_exist\":\"yes\",\"client_name\":\"PolicyBoss\",\"udid\":\"\",\"is_financed\":\"no\",\"is_fastlane_rto\":\"yes\",\"last_name\":\"SHETTY\",\"ui_source\":\"UI22\",\"is_quick_quote\":\"no\",\"chassis_number\":\"WDD2050026L002377\",\"engin_number\":\"65192132678129\",\"customer_name\":\"SURENDRA SHETTY\",\"permanent_pincode\":\"401201\",\"is_fastlane_manufacture\":\"yes\",\"is_fastlane_registration\":\"yes\",\"is_tp_policy_exists\":\"yes\",\"visitor_id\":\"\",\"search_from\":\"diy\",\"addon_applied\":\"no\",\"engine_number\":\"65192132678129\",\"vehicle_make_name\":\"MERCEDES-BENZ\",\"vehicle_full\":\"MERCEDES-BENZ|C-CLASS|C 220 CDI ELEGANCE AT |DIESEL|2148\",\"rto_full\":\"MH48|Virar|MAHARASHTRA|B\"}","timestamp":"5:50:50 PM"}
{"level":"info","message":"Client_Details { Platform: 'Website',\n  Role: 'LMClient',\n  Integration_Type: 'NonPOSP',\n  Premium_Source: 'Real',\n  __v: 0,\n  Response_Type: 'QUOTE',\n  Client_Name: 'PolicyBoss',\n  Client_Unique_Id: 'CLIENT-CNTP6NYE-CU9N-DUZW-CSPI-SH1IS4DOVHB9',\n  Secret_Key: 'SECRET-HZ07QRWY-JIBT-XRMQ-ZP95-J0RWP3DYRACW',\n  Created_On: '2017-05-17T12:55:14.111Z',\n  Is_Active: true,\n  Modified_On: '2017-05-17T12:55:14.111Z',\n  Client_Id: 2,\n  _id: '591c48321cc1042aec9ee6c9' }","timestamp":"5:50:50 PM"}
{"level":"info","message":"Client_Id 2 2","timestamp":"5:50:50 PM"}
{"level":"info","message":"Motor::product_api_pre::Start","timestamp":"5:50:52 PM"}
{"level":"info","message":"Motor::product_api_pre::Finish","timestamp":"5:50:52 PM"}
{"level":"info","message":"Motor::product_api_pre::Start","timestamp":"5:50:52 PM"}
{"level":"info","message":"Motor::product_api_pre::Finish","timestamp":"5:50:52 PM"}
{"level":"info","message":"Start Motor vehicle_manf_year","timestamp":"5:50:52 PM"}
{"level":"info","message":"Finish Motor vehicle_manf_year 2022","timestamp":"5:50:52 PM"}
{"level":"info","message":"Motor vehicle_ncb_next Start","timestamp":"5:50:52 PM"}
{"level":"info","message":"Motor vehicle_ncb_next Finish","timestamp":"5:50:52 PM"}
{"level":"info","message":"Motor vehicle_ncb_next Finish","timestamp":"5:50:52 PM"}
{"level":"info","message":"Start Motor vehicle_age_year","timestamp":"5:50:52 PM"}
{"level":"info","message":"Motor policy_start_date Start","timestamp":"5:50:52 PM"}
{"level":"info","message":"Motor policy_start_date Finish 2023-11-10","timestamp":"5:50:52 PM"}
{"level":"info","message":"Finish Motor vehicle_age_year 1","timestamp":"5:50:52 PM"}
{"level":"info","message":"Start Motor pre_policy_start_date","timestamp":"5:50:52 PM"}
{"level":"info","message":"Motor policy_start_date Start","timestamp":"5:50:52 PM"}
{"level":"info","message":"Motor policy_start_date Finish 2023-11-10","timestamp":"5:50:52 PM"}
{"level":"info","message":"Motor policy_start_date Start","timestamp":"5:50:52 PM"}
{"level":"info","message":"Motor policy_start_date Finish 2023-11-10","timestamp":"5:50:52 PM"}
{"level":"info","message":"Start Motor policy_end_date","timestamp":"5:50:52 PM"}
{"level":"info","message":"Finish Motor policy_end_date 2024-11-09","timestamp":"5:50:52 PM"}
{"level":"info","message":"Motor pre_policy_start_date Start","timestamp":"5:50:52 PM"}
{"level":"info","message":"Motor pre_policy_start_date Finish 2022-08-25","timestamp":"5:50:52 PM"}
{"level":"info","message":"Start Motor policy_end_date","timestamp":"5:50:52 PM"}
{"level":"info","message":"Finish Motor policy_end_date 2024-11-09","timestamp":"5:50:52 PM"}
{"level":"info","message":"Start Motor vehicle_manf_year","timestamp":"5:50:52 PM"}
{"level":"info","message":"Finish Motor vehicle_manf_year 2022","timestamp":"5:50:52 PM"}
{"level":"info","message":"Motor vehicle_ncb_next Start","timestamp":"5:50:52 PM"}
{"level":"info","message":"Motor vehicle_ncb_next Finish","timestamp":"5:50:52 PM"}
{"level":"info","message":"Motor vehicle_ncb_next Finish","timestamp":"5:50:52 PM"}
{"level":"info","message":"Start Motor vehicle_age_year","timestamp":"5:50:52 PM"}
{"level":"info","message":"Motor policy_start_date Start","timestamp":"5:50:52 PM"}
{"level":"info","message":"Motor policy_start_date Finish 2023-11-10","timestamp":"5:50:52 PM"}
{"level":"info","message":"Finish Motor vehicle_age_year 1","timestamp":"5:50:52 PM"}
{"level":"info","message":"Start Motor pre_policy_start_date","timestamp":"5:50:52 PM"}
{"level":"info","message":"Motor policy_start_date Start","timestamp":"5:50:52 PM"}
{"level":"info","message":"Motor policy_start_date Finish 2023-11-10","timestamp":"5:50:52 PM"}
{"level":"info","message":"Motor policy_start_date Start","timestamp":"5:50:52 PM"}
{"level":"info","message":"Motor policy_start_date Finish 2023-11-10","timestamp":"5:50:52 PM"}
{"level":"info","message":"Start Motor policy_end_date","timestamp":"5:50:52 PM"}
{"level":"info","message":"Finish Motor policy_end_date 2024-11-09","timestamp":"5:50:52 PM"}
{"level":"info","message":"Motor pre_policy_start_date Start","timestamp":"5:50:52 PM"}
{"level":"info","message":"Motor pre_policy_start_date Finish 2022-08-25","timestamp":"5:50:52 PM"}
{"level":"info","message":"Start Motor policy_end_date","timestamp":"5:50:52 PM"}
{"level":"info","message":"Finish Motor policy_end_date 2024-11-09","timestamp":"5:50:52 PM"}
