{"level":"info","message":"$$$$$$$$$$$$$$$$$$$$$$$$","timestamp":"8:43:32 AM"}
{"meta":"","level":"info","message":"","timestamp":"8:43:32 AM"}
{"level":"info","message":"Development Environment is Listening on port 3000","timestamp":"8:43:32 AM"}
{"level":"info","message":"Web URL : http://localhost:3000","timestamp":"8:43:32 AM"}
{"meta":"","level":"info","message":"","timestamp":"8:43:32 AM"}
{"level":"info","message":"$$$$$$$$$$$$$$$$$$$$$$$$","timestamp":"8:43:32 AM"}
{"meta":"","level":"info","message":"","timestamp":"8:43:32 AM"}
{"level":"info","message":"f_data object","timestamp":"2:09:39 PM"}
{"level":"info","message":"f_data object","timestamp":"2:14:08 PM"}
{"level":"info","message":"$$$$$$$$$$$$$$$$$$$$$$$$","timestamp":"2:20:13 PM"}
{"meta":"","level":"info","message":"","timestamp":"2:20:13 PM"}
{"level":"info","message":"Development Environment is Listening on port 3000","timestamp":"2:20:13 PM"}
{"level":"info","message":"Web URL : http://localhost:3000","timestamp":"2:20:13 PM"}
{"meta":"","level":"info","message":"","timestamp":"2:20:13 PM"}
{"level":"info","message":"$$$$$$$$$$$$$$$$$$$$$$$$","timestamp":"2:20:13 PM"}
{"meta":"","level":"info","message":"","timestamp":"2:20:13 PM"}
{"level":"info","message":"$$$$$$$$$$$$$$$$$$$$$$$$","timestamp":"2:21:29 PM"}
{"meta":"","level":"info","message":"","timestamp":"2:21:29 PM"}
{"level":"info","message":"Development Environment is Listening on port 3000","timestamp":"2:21:29 PM"}
{"level":"info","message":"Web URL : http://localhost:3000","timestamp":"2:21:29 PM"}
{"meta":"","level":"info","message":"","timestamp":"2:21:29 PM"}
{"level":"info","message":"$$$$$$$$$$$$$$$$$$$$$$$$","timestamp":"2:21:29 PM"}
{"meta":"","level":"info","message":"","timestamp":"2:21:29 PM"}
{"level":"info","message":"$$$$$$$$$$$$$$$$$$$$$$$$","timestamp":"2:22:46 PM"}
{"meta":"","level":"info","message":"","timestamp":"2:22:46 PM"}
{"level":"info","message":"Development Environment is Listening on port 3000","timestamp":"2:22:46 PM"}
{"level":"info","message":"Web URL : http://localhost:3000","timestamp":"2:22:46 PM"}
{"meta":"","level":"info","message":"","timestamp":"2:22:46 PM"}
{"level":"info","message":"$$$$$$$$$$$$$$$$$$$$$$$$","timestamp":"2:22:46 PM"}
{"meta":"","level":"info","message":"","timestamp":"2:22:46 PM"}
{"level":"info","message":"f_data object","timestamp":"2:29:42 PM"}
{"level":"info","message":"f_data object","timestamp":"2:30:12 PM"}
{"level":"info","message":"f_data object","timestamp":"2:30:23 PM"}
{"level":"info","message":"$$$$$$$$$$$$$$$$$$$$$$$$","timestamp":"2:38:30 PM"}
{"meta":"","level":"info","message":"","timestamp":"2:38:30 PM"}
{"level":"info","message":"Development Environment is Listening on port 3000","timestamp":"2:38:30 PM"}
{"level":"info","message":"Web URL : http://localhost:3000","timestamp":"2:38:30 PM"}
{"meta":"","level":"info","message":"","timestamp":"2:38:30 PM"}
{"level":"info","message":"$$$$$$$$$$$$$$$$$$$$$$$$","timestamp":"2:38:30 PM"}
{"meta":"","level":"info","message":"","timestamp":"2:38:30 PM"}
{"level":"info","message":"req.params.state  Chinese [ 'English', 'Chinese' ]","timestamp":"2:39:02 PM"}
{"level":"info","message":"$$$$$$$$$$$$$$$$$$$$$$$$","timestamp":"2:43:09 PM"}
{"meta":"","level":"info","message":"","timestamp":"2:43:09 PM"}
{"level":"info","message":"Development Environment is Listening on port 3000","timestamp":"2:43:09 PM"}
{"level":"info","message":"Web URL : http://localhost:3000","timestamp":"2:43:09 PM"}
{"meta":"","level":"info","message":"","timestamp":"2:43:09 PM"}
{"level":"info","message":"$$$$$$$$$$$$$$$$$$$$$$$$","timestamp":"2:43:09 PM"}
{"meta":"","level":"info","message":"","timestamp":"2:43:09 PM"}
{"level":"info","message":"req.params.state  Chinese [ 'English', 'Chinese' ]","timestamp":"2:43:22 PM"}
{"level":"info","message":"$$$$$$$$$$$$$$$$$$$$$$$$","timestamp":"2:46:09 PM"}
{"meta":"","level":"info","message":"","timestamp":"2:46:09 PM"}
{"level":"info","message":"Development Environment is Listening on port 3000","timestamp":"2:46:09 PM"}
{"level":"info","message":"Web URL : http://localhost:3000","timestamp":"2:46:09 PM"}
{"meta":"","level":"info","message":"","timestamp":"2:46:09 PM"}
{"level":"info","message":"$$$$$$$$$$$$$$$$$$$$$$$$","timestamp":"2:46:09 PM"}
{"meta":"","level":"info","message":"","timestamp":"2:46:09 PM"}
{"level":"info","message":"req.params.state  Chinese [ 'English', 'Chinese' ] false","timestamp":"2:46:36 PM"}
{"level":"info","message":"$$$$$$$$$$$$$$$$$$$$$$$$","timestamp":"2:49:43 PM"}
{"meta":"","level":"info","message":"","timestamp":"2:49:43 PM"}
{"level":"info","message":"Development Environment is Listening on port 3000","timestamp":"2:49:43 PM"}
{"level":"info","message":"Web URL : http://localhost:3000","timestamp":"2:49:43 PM"}
{"meta":"","level":"info","message":"","timestamp":"2:49:43 PM"}
{"level":"info","message":"$$$$$$$$$$$$$$$$$$$$$$$$","timestamp":"2:49:43 PM"}
{"meta":"","level":"info","message":"","timestamp":"2:49:43 PM"}
{"level":"info","message":"$$$$$$$$$$$$$$$$$$$$$$$$","timestamp":"2:49:58 PM"}
{"meta":"","level":"info","message":"","timestamp":"2:49:58 PM"}
{"level":"info","message":"Development Environment is Listening on port 3000","timestamp":"2:49:58 PM"}
{"level":"info","message":"Web URL : http://localhost:3000","timestamp":"2:49:58 PM"}
{"meta":"","level":"info","message":"","timestamp":"2:49:58 PM"}
{"level":"info","message":"$$$$$$$$$$$$$$$$$$$$$$$$","timestamp":"2:49:58 PM"}
{"meta":"","level":"info","message":"","timestamp":"2:49:58 PM"}
{"level":"info","message":"req.params.state  Chinese [ 'English', 'Chinese' ] false","timestamp":"2:50:32 PM"}
{"level":"info","message":"$$$$$$$$$$$$$$$$$$$$$$$$","timestamp":"2:53:09 PM"}
{"meta":"","level":"info","message":"","timestamp":"2:53:09 PM"}
{"level":"info","message":"Development Environment is Listening on port 3000","timestamp":"2:53:09 PM"}
{"level":"info","message":"Web URL : http://localhost:3000","timestamp":"2:53:09 PM"}
{"meta":"","level":"info","message":"","timestamp":"2:53:09 PM"}
{"level":"info","message":"$$$$$$$$$$$$$$$$$$$$$$$$","timestamp":"2:53:09 PM"}
{"meta":"","level":"info","message":"","timestamp":"2:53:09 PM"}
{"level":"info","message":"req.params.state  Chinese [ 'English', 'Chinese' ] false","timestamp":"2:53:17 PM"}
{"level":"info","message":"$$$$$$$$$$$$$$$$$$$$$$$$","timestamp":"2:54:31 PM"}
{"meta":"","level":"info","message":"","timestamp":"2:54:31 PM"}
{"level":"info","message":"Development Environment is Listening on port 3000","timestamp":"2:54:31 PM"}
{"level":"info","message":"Web URL : http://localhost:3000","timestamp":"2:54:31 PM"}
{"meta":"","level":"info","message":"","timestamp":"2:54:31 PM"}
{"level":"info","message":"$$$$$$$$$$$$$$$$$$$$$$$$","timestamp":"2:54:31 PM"}
{"meta":"","level":"info","message":"","timestamp":"2:54:31 PM"}
{"level":"info","message":"req.params.state  Chinese [ 'English', 'Chinese' ] false","timestamp":"2:54:56 PM"}
{"level":"info","message":"req.params.state MH [ 'MH' ] true","timestamp":"2:56:45 PM"}
{"level":"info","message":"req.params.state English [ 'English', 'Chinese' ] true","timestamp":"2:57:14 PM"}
{"level":"info","message":"req.params.state Chinese [ 'Chinese' ] true","timestamp":"2:57:23 PM"}
{"level":"info","message":"req.params.state  TN [ 'MH', 'GJ', 'KL', 'KA', 'TN' ] false","timestamp":"2:58:52 PM"}
{"level":"info","message":"req.params.state  GJ [ 'MH', 'GJ', 'KL', 'KA', 'TN' ] false","timestamp":"2:59:08 PM"}
{"level":"info","message":"req.params.state  TN [ 'MH', 'GJ', 'KL', 'KA', 'TN' ] false","timestamp":"2:59:27 PM"}
{"level":"info","message":"req.params.state MH [ 'MH', 'GJ', 'KL', 'KA', 'TN' ] true","timestamp":"2:59:53 PM"}
{"level":"info","message":"req.params.state KL [ 'GJ', 'KL', 'KA', 'TN' ] true","timestamp":"3:00:04 PM"}
{"level":"info","message":"req.params.state  KA [ 'GJ', 'KA', 'TN' ] false","timestamp":"3:00:23 PM"}
{"level":"info","message":"req.params.state  MH [ 'GJ', 'KA', 'TN', 'MH' ] false","timestamp":"3:00:51 PM"}
{"level":"info","message":"req.params.state GJ [ 'GJ', 'KA', 'TN', 'MH' ] true","timestamp":"3:01:27 PM"}
{"level":"info","message":"req.params.state TN [ 'KA', 'TN', 'MH' ] true","timestamp":"3:01:36 PM"}
{"level":"info","message":"req.params.state MH [ 'KA', 'MH' ] true","timestamp":"3:01:44 PM"}
{"level":"info","message":"req.params.state KA [ 'KA' ] true","timestamp":"3:01:51 PM"}
{"level":"info","message":"req.params.state  TN [ 'MH', 'KA', 'KL', 'TN' ] false","timestamp":"3:02:29 PM"}
{"level":"info","message":"req.params.state MH [ 'MH', 'KA', 'KL', 'TN' ] true","timestamp":"3:02:41 PM"}
{"level":"info","message":"req.params.state TN [ 'KA', 'KL', 'TN' ] true","timestamp":"3:03:13 PM"}
{"level":"info","message":"f_data object","timestamp":"3:03:23 PM"}
{"level":"info","message":"f_data object","timestamp":"3:03:30 PM"}
{"level":"info","message":"f_data object","timestamp":"3:03:32 PM"}
{"level":"info","message":"f_data object","timestamp":"3:03:39 PM"}
{"level":"info","message":"f_data object","timestamp":"3:03:41 PM"}
{"level":"info","message":"req.params.state  KL [ 'KA', 'KL' ] false","timestamp":"3:04:54 PM"}
{"level":"info","message":"$$$$$$$$$$$$$$$$$$$$$$$$","timestamp":"3:11:40 PM"}
{"meta":"","level":"info","message":"","timestamp":"3:11:40 PM"}
{"level":"info","message":"Development Environment is Listening on port 3000","timestamp":"3:11:40 PM"}
{"level":"info","message":"Web URL : http://localhost:3000","timestamp":"3:11:40 PM"}
{"meta":"","level":"info","message":"","timestamp":"3:11:40 PM"}
{"level":"info","message":"$$$$$$$$$$$$$$$$$$$$$$$$","timestamp":"3:11:40 PM"}
{"meta":"","level":"info","message":"","timestamp":"3:11:40 PM"}
{"level":"info","message":"req.params.state  KL [ 'KA', 'KL' ] false","timestamp":"3:12:01 PM"}
{"level":"info","message":"$$$$$$$$$$$$$$$$$$$$$$$$","timestamp":"3:12:50 PM"}
{"meta":"","level":"info","message":"","timestamp":"3:12:50 PM"}
{"level":"info","message":"Development Environment is Listening on port 3000","timestamp":"3:12:50 PM"}
{"level":"info","message":"Web URL : http://localhost:3000","timestamp":"3:12:50 PM"}
{"meta":"","level":"info","message":"","timestamp":"3:12:50 PM"}
{"level":"info","message":"$$$$$$$$$$$$$$$$$$$$$$$$","timestamp":"3:12:50 PM"}
{"meta":"","level":"info","message":"","timestamp":"3:12:50 PM"}
{"level":"info","message":"req.params.state  KL [ 'KA', 'KL' ] false","timestamp":"3:13:06 PM"}
{"level":"info","message":"req.params.state KA [ 'KA', 'KL' ] true","timestamp":"3:13:15 PM"}
{"level":"info","message":"$$$$$$$$$$$$$$$$$$$$$$$$","timestamp":"3:13:54 PM"}
{"meta":"","level":"info","message":"","timestamp":"3:13:54 PM"}
{"level":"info","message":"Development Environment is Listening on port 3000","timestamp":"3:13:54 PM"}
{"level":"info","message":"Web URL : http://localhost:3000","timestamp":"3:13:54 PM"}
{"meta":"","level":"info","message":"","timestamp":"3:13:54 PM"}
{"level":"info","message":"$$$$$$$$$$$$$$$$$$$$$$$$","timestamp":"3:13:54 PM"}
{"meta":"","level":"info","message":"","timestamp":"3:13:54 PM"}
{"level":"info","message":"req.params.state  KL [ 'KA', 'KL' ] false","timestamp":"3:14:02 PM"}
{"level":"info","message":"req.params.state KA [ 'KA', 'KL' ] true","timestamp":"3:14:08 PM"}
{"level":"info","message":"req.params.state KL [ 'KL' ] true","timestamp":"3:20:15 PM"}
{"level":"info","message":"f_data object","timestamp":"5:16:46 PM"}
{"level":"info","message":"f_data object","timestamp":"5:16:52 PM"}
{"level":"info","message":"f_data object","timestamp":"5:17:09 PM"}
{"level":"info","message":"f_data object","timestamp":"5:17:12 PM"}
{"level":"info","message":"f_data object","timestamp":"5:18:13 PM"}
{"level":"info","message":"f_data object","timestamp":"5:59:52 PM"}
{"level":"info","message":"f_data object","timestamp":"6:00:17 PM"}
{"level":"info","message":"f_data object","timestamp":"6:00:30 PM"}
{"level":"info","message":"req.params.state  MH [ 'cxid', 'MH', 'sa' ] false","timestamp":"6:03:09 PM"}
{"level":"info","message":"req.params.state cxid [ 'cxid', 'MH', 'sa' ] true","timestamp":"6:03:17 PM"}
{"level":"info","message":"f_data object","timestamp":"6:08:58 PM"}
{"level":"info","message":"f_data object","timestamp":"6:09:02 PM"}
{"level":"info","message":"f_data object","timestamp":"6:09:41 PM"}
{"level":"info","message":"f_data object","timestamp":"6:09:43 PM"}
{"level":"info","message":"$$$$$$$$$$$$$$$$$$$$$$$$","timestamp":"6:25:10 PM"}
{"meta":"","level":"info","message":"","timestamp":"6:25:10 PM"}
{"level":"info","message":"Development Environment is Listening on port 3000","timestamp":"6:25:10 PM"}
{"level":"info","message":"Web URL : http://localhost:3000","timestamp":"6:25:10 PM"}
{"meta":"","level":"info","message":"","timestamp":"6:25:10 PM"}
{"level":"info","message":"$$$$$$$$$$$$$$$$$$$$$$$$","timestamp":"6:25:10 PM"}
{"meta":"","level":"info","message":"","timestamp":"6:25:10 PM"}
{"level":"info","message":"f_data object","timestamp":"6:25:20 PM"}
{"level":"info","message":"f_data object","timestamp":"6:25:23 PM"}
{"level":"info","message":"f_data object","timestamp":"6:25:26 PM"}
