{"level":"info","message":"**************************","timestamp":"10:11:45 AM"}
{"level":"info","message":"Main_Error { Error: listen EADDRINUSE :::3000\n    at Object.exports._errnoException (util.js:1022:11)\n    at exports._exceptionWithHostPort (util.js:1045:20)\n    at Server._listen2 (net.js:1259:14)\n    at listen (net.js:1295:10)\n    at Server.listen (net.js:1391:5)\n    at Object.<anonymous> (D:\\Admin\\SourceCode\\bin\\www:35:8)\n    at Module._compile (module.js:570:32)\n    at Object.Module._extensions..js (module.js:579:10)\n    at Module.load (module.js:487:32)\n    at tryModuleLoad (module.js:446:12)\n    at Function.Module._load (module.js:438:3)\n    at Timeout.Module.runMain [as _onTimeout] (module.js:604:10)\n    at ontimeout (timers.js:365:14)\n    at tryOnTimeout (timers.js:237:5)\n    at Timer.listOnTimeout (timers.js:207:5)\n  code: 'EADDRINUSE',\n  errno: 'EADDRINUSE',\n  syscall: 'listen',\n  address: '::',\n  port: 3000 }","timestamp":"10:11:45 AM"}
{"level":"info","message":"**************************","timestamp":"10:11:45 AM"}
{"level":"info","message":"{ Status: 'Publish' }","timestamp":"10:36:12 AM"}
{"level":"info","message":"{ Status: 'Publish' }","timestamp":"10:37:15 AM"}
{"level":"info","message":"$$$$$$$$$$$$$$$$$$$$$$$$","timestamp":"11:07:09 AM"}
{"meta":"","level":"info","message":"","timestamp":"11:07:09 AM"}
{"level":"info","message":"Development Environment is Listening on port 3000","timestamp":"11:07:09 AM"}
{"level":"info","message":"Web URL : http://localhost:3000","timestamp":"11:07:09 AM"}
{"meta":"","level":"info","message":"","timestamp":"11:07:09 AM"}
{"level":"info","message":"$$$$$$$$$$$$$$$$$$$$$$$$","timestamp":"11:07:09 AM"}
{"meta":"","level":"info","message":"","timestamp":"11:07:09 AM"}
{"level":"info","message":"$$$$$$$$$$$$$$$$$$$$$$$$","timestamp":"11:09:49 AM"}
{"meta":"","level":"info","message":"","timestamp":"11:09:49 AM"}
{"level":"info","message":"Development Environment is Listening on port 3000","timestamp":"11:09:49 AM"}
{"level":"info","message":"Web URL : http://localhost:3000","timestamp":"11:09:49 AM"}
{"meta":"","level":"info","message":"","timestamp":"11:09:49 AM"}
{"level":"info","message":"$$$$$$$$$$$$$$$$$$$$$$$$","timestamp":"11:09:49 AM"}
{"meta":"","level":"info","message":"","timestamp":"11:09:49 AM"}
{"level":"info","message":"$$$$$$$$$$$$$$$$$$$$$$$$","timestamp":"11:14:28 AM"}
{"meta":"","level":"info","message":"","timestamp":"11:14:28 AM"}
{"level":"info","message":"Development Environment is Listening on port 3000","timestamp":"11:14:28 AM"}
{"level":"info","message":"Web URL : http://localhost:3000","timestamp":"11:14:28 AM"}
{"meta":"","level":"info","message":"","timestamp":"11:14:28 AM"}
{"level":"info","message":"$$$$$$$$$$$$$$$$$$$$$$$$","timestamp":"11:14:28 AM"}
{"meta":"","level":"info","message":"","timestamp":"11:14:28 AM"}
{"level":"info","message":"$$$$$$$$$$$$$$$$$$$$$$$$","timestamp":"11:16:31 AM"}
{"meta":"","level":"info","message":"","timestamp":"11:16:31 AM"}
{"level":"info","message":"Development Environment is Listening on port 3000","timestamp":"11:16:31 AM"}
{"level":"info","message":"Web URL : http://localhost:3000","timestamp":"11:16:31 AM"}
{"meta":"","level":"info","message":"","timestamp":"11:16:31 AM"}
{"level":"info","message":"$$$$$$$$$$$$$$$$$$$$$$$$","timestamp":"11:16:31 AM"}
{"meta":"","level":"info","message":"","timestamp":"11:16:31 AM"}
{"level":"info","message":"$$$$$$$$$$$$$$$$$$$$$$$$","timestamp":"11:19:40 AM"}
{"meta":"","level":"info","message":"","timestamp":"11:19:40 AM"}
{"level":"info","message":"Development Environment is Listening on port 3000","timestamp":"11:19:40 AM"}
{"level":"info","message":"Web URL : http://localhost:3000","timestamp":"11:19:40 AM"}
{"meta":"","level":"info","message":"","timestamp":"11:19:40 AM"}
{"level":"info","message":"$$$$$$$$$$$$$$$$$$$$$$$$","timestamp":"11:19:40 AM"}
{"meta":"","level":"info","message":"","timestamp":"11:19:40 AM"}
{"level":"info","message":"{ Status: 'Publish' }","timestamp":"11:26:15 AM"}
{"level":"info","message":"{ Status: 'Publish' }","timestamp":"11:33:25 AM"}
{"level":"info","message":"{ Status: 'Publish' }","timestamp":"11:35:56 AM"}
{"level":"info","message":"{ Status: 'Publish' }","timestamp":"11:37:06 AM"}
{"level":"info","message":"{ Status: 'Publish' }","timestamp":"11:38:47 AM"}
{"level":"info","message":"{ Status: 'Publish' }","timestamp":"11:39:10 AM"}
{"level":"info","message":"{ Status: 'Publish' }","timestamp":"11:40:15 AM"}
{"level":"info","message":"{ Status: 'Publish' }","timestamp":"11:40:53 AM"}
{"level":"info","message":"{ Status: 'Publish' }","timestamp":"11:41:15 AM"}
{"level":"info","message":"{ Status: 'Publish' }","timestamp":"11:41:33 AM"}
{"level":"info","message":"$$$$$$$$$$$$$$$$$$$$$$$$","timestamp":"5:07:33 PM"}
{"meta":"","level":"info","message":"","timestamp":"5:07:33 PM"}
{"level":"info","message":"Development Environment is Listening on port 3000","timestamp":"5:07:33 PM"}
{"level":"info","message":"Web URL : http://localhost:3000","timestamp":"5:07:33 PM"}
{"meta":"","level":"info","message":"","timestamp":"5:07:33 PM"}
{"level":"info","message":"$$$$$$$$$$$$$$$$$$$$$$$$","timestamp":"5:07:33 PM"}
{"meta":"","level":"info","message":"","timestamp":"5:07:33 PM"}
{"level":"info","message":"$$$$$$$$$$$$$$$$$$$$$$$$","timestamp":"5:28:26 PM"}
{"meta":"","level":"info","message":"","timestamp":"5:28:26 PM"}
{"level":"info","message":"Development Environment is Listening on port 3000","timestamp":"5:28:26 PM"}
{"level":"info","message":"Web URL : http://localhost:3000","timestamp":"5:28:26 PM"}
{"meta":"","level":"info","message":"","timestamp":"5:28:26 PM"}
{"level":"info","message":"$$$$$$$$$$$$$$$$$$$$$$$$","timestamp":"5:28:26 PM"}
{"meta":"","level":"info","message":"","timestamp":"5:28:26 PM"}
{"level":"info","message":"$$$$$$$$$$$$$$$$$$$$$$$$","timestamp":"5:37:18 PM"}
{"meta":"","level":"info","message":"","timestamp":"5:37:18 PM"}
{"level":"info","message":"Development Environment is Listening on port 3000","timestamp":"5:37:18 PM"}
{"level":"info","message":"Web URL : http://localhost:3000","timestamp":"5:37:18 PM"}
{"meta":"","level":"info","message":"","timestamp":"5:37:18 PM"}
{"level":"info","message":"$$$$$$$$$$$$$$$$$$$$$$$$","timestamp":"5:37:18 PM"}
{"meta":"","level":"info","message":"","timestamp":"5:37:18 PM"}
