{"level":"info","message":"{ Status: 'Publish' }","timestamp":"10:11:42 AM"}
{"level":"info","message":"{ Status: 'Publish' }","timestamp":"10:12:32 AM"}
{"level":"info","message":"$$$$$$$$$$$$$$$$$$$$$$$$","timestamp":"12:45:09 PM"}
{"meta":"","level":"info","message":"","timestamp":"12:45:09 PM"}
{"level":"info","message":"Development Environment is Listening on port 3000","timestamp":"12:45:09 PM"}
{"level":"info","message":"Web URL : http://localhost:3000","timestamp":"12:45:09 PM"}
{"meta":"","level":"info","message":"","timestamp":"12:45:09 PM"}
{"level":"info","message":"$$$$$$$$$$$$$$$$$$$$$$$$","timestamp":"12:45:09 PM"}
{"meta":"","level":"info","message":"","timestamp":"12:45:09 PM"}
{"level":"info","message":"$$$$$$$$$$$$$$$$$$$$$$$$","timestamp":"1:55:32 PM"}
{"meta":"","level":"info","message":"","timestamp":"1:55:32 PM"}
{"level":"info","message":"Development Environment is Listening on port 3000","timestamp":"1:55:32 PM"}
{"level":"info","message":"Web URL : http://localhost:3000","timestamp":"1:55:32 PM"}
{"meta":"","level":"info","message":"","timestamp":"1:55:32 PM"}
{"level":"info","message":"$$$$$$$$$$$$$$$$$$$$$$$$","timestamp":"1:55:32 PM"}
{"meta":"","level":"info","message":"","timestamp":"1:55:32 PM"}
{"level":"info","message":"$$$$$$$$$$$$$$$$$$$$$$$$","timestamp":"2:20:26 PM"}
{"meta":"","level":"info","message":"","timestamp":"2:20:26 PM"}
{"level":"info","message":"Development Environment is Listening on port 3000","timestamp":"2:20:26 PM"}
{"level":"info","message":"Web URL : http://localhost:3000","timestamp":"2:20:26 PM"}
{"meta":"","level":"info","message":"","timestamp":"2:20:26 PM"}
{"level":"info","message":"$$$$$$$$$$$$$$$$$$$$$$$$","timestamp":"2:20:26 PM"}
{"meta":"","level":"info","message":"","timestamp":"2:20:26 PM"}
{"level":"info","message":"DateRange from 2023-12-07T18:30:00.000Z to 2023-12-08T18:30:00.000Z","timestamp":"2:25:46 PM"}
{"level":"info","message":"$$$$$$$$$$$$$$$$$$$$$$$$","timestamp":"4:52:46 PM"}
{"meta":"","level":"info","message":"","timestamp":"4:52:46 PM"}
{"level":"info","message":"Development Environment is Listening on port 3000","timestamp":"4:52:46 PM"}
{"level":"info","message":"Web URL : http://localhost:3000","timestamp":"4:52:46 PM"}
{"meta":"","level":"info","message":"","timestamp":"4:52:46 PM"}
{"level":"info","message":"$$$$$$$$$$$$$$$$$$$$$$$$","timestamp":"4:52:46 PM"}
{"meta":"","level":"info","message":"","timestamp":"4:52:46 PM"}
{"level":"info","message":"$$$$$$$$$$$$$$$$$$$$$$$$","timestamp":"4:54:28 PM"}
{"meta":"","level":"info","message":"","timestamp":"4:54:28 PM"}
{"level":"info","message":"Development Environment is Listening on port 3000","timestamp":"4:54:28 PM"}
{"level":"info","message":"Web URL : http://localhost:3000","timestamp":"4:54:28 PM"}
{"meta":"","level":"info","message":"","timestamp":"4:54:28 PM"}
{"level":"info","message":"$$$$$$$$$$$$$$$$$$$$$$$$","timestamp":"4:54:28 PM"}
{"meta":"","level":"info","message":"","timestamp":"4:54:28 PM"}
{"level":"info","message":"$$$$$$$$$$$$$$$$$$$$$$$$","timestamp":"4:58:58 PM"}
{"meta":"","level":"info","message":"","timestamp":"4:58:58 PM"}
{"level":"info","message":"Development Environment is Listening on port 3000","timestamp":"4:58:58 PM"}
{"level":"info","message":"Web URL : http://localhost:3000","timestamp":"4:58:58 PM"}
{"meta":"","level":"info","message":"","timestamp":"4:58:58 PM"}
{"level":"info","message":"$$$$$$$$$$$$$$$$$$$$$$$$","timestamp":"4:58:58 PM"}
{"meta":"","level":"info","message":"","timestamp":"4:58:58 PM"}
{"level":"info","message":"$$$$$$$$$$$$$$$$$$$$$$$$","timestamp":"5:11:02 PM"}
{"meta":"","level":"info","message":"","timestamp":"5:11:02 PM"}
{"level":"info","message":"Development Environment is Listening on port 3000","timestamp":"5:11:02 PM"}
{"level":"info","message":"Web URL : http://localhost:3000","timestamp":"5:11:02 PM"}
{"meta":"","level":"info","message":"","timestamp":"5:11:02 PM"}
{"level":"info","message":"$$$$$$$$$$$$$$$$$$$$$$$$","timestamp":"5:11:02 PM"}
{"meta":"","level":"info","message":"","timestamp":"5:11:02 PM"}
{"level":"info","message":"$$$$$$$$$$$$$$$$$$$$$$$$","timestamp":"5:45:37 PM"}
{"meta":"","level":"info","message":"","timestamp":"5:45:37 PM"}
{"level":"info","message":"Development Environment is Listening on port 3000","timestamp":"5:45:37 PM"}
{"level":"info","message":"Web URL : http://localhost:3000","timestamp":"5:45:37 PM"}
{"meta":"","level":"info","message":"","timestamp":"5:45:37 PM"}
{"level":"info","message":"$$$$$$$$$$$$$$$$$$$$$$$$","timestamp":"5:45:37 PM"}
{"meta":"","level":"info","message":"","timestamp":"5:45:37 PM"}
{"level":"info","message":"$$$$$$$$$$$$$$$$$$$$$$$$","timestamp":"6:13:19 PM"}
{"meta":"","level":"info","message":"","timestamp":"6:13:19 PM"}
{"level":"info","message":"Development Environment is Listening on port 3000","timestamp":"6:13:19 PM"}
{"level":"info","message":"Web URL : http://localhost:3000","timestamp":"6:13:19 PM"}
{"meta":"","level":"info","message":"","timestamp":"6:13:19 PM"}
{"level":"info","message":"$$$$$$$$$$$$$$$$$$$$$$$$","timestamp":"6:13:19 PM"}
{"meta":"","level":"info","message":"","timestamp":"6:13:19 PM"}
