{"level":"info","message":"$$$$$$$$$$$$$$$$$$$$$$$$","timestamp":"2:46:02 PM"}
{"meta":"","level":"info","message":"","timestamp":"2:46:02 PM"}
{"level":"info","message":"Development Environment is Listening on port 3000","timestamp":"2:46:02 PM"}
{"level":"info","message":"Web URL : http://localhost:3000","timestamp":"2:46:02 PM"}
{"meta":"","level":"info","message":"","timestamp":"2:46:02 PM"}
{"level":"info","message":"$$$$$$$$$$$$$$$$$$$$$$$$","timestamp":"2:46:02 PM"}
{"meta":"","level":"info","message":"","timestamp":"2:46:02 PM"}
{"level":"info","message":"$$$$$$$$$$$$$$$$$$$$$$$$","timestamp":"2:52:14 PM"}
{"meta":"","level":"info","message":"","timestamp":"2:52:14 PM"}
{"level":"info","message":"Development Environment is Listening on port 3000","timestamp":"2:52:14 PM"}
{"level":"info","message":"Web URL : http://localhost:3000","timestamp":"2:52:14 PM"}
{"meta":"","level":"info","message":"","timestamp":"2:52:14 PM"}
{"level":"info","message":"$$$$$$$$$$$$$$$$$$$$$$$$","timestamp":"2:52:14 PM"}
{"meta":"","level":"info","message":"","timestamp":"2:52:14 PM"}
{"level":"info","message":"$$$$$$$$$$$$$$$$$$$$$$$$","timestamp":"3:01:22 PM"}
{"meta":"","level":"info","message":"","timestamp":"3:01:22 PM"}
{"level":"info","message":"Development Environment is Listening on port 3000","timestamp":"3:01:22 PM"}
{"level":"info","message":"Web URL : http://localhost:3000","timestamp":"3:01:22 PM"}
{"meta":"","level":"info","message":"","timestamp":"3:01:22 PM"}
{"level":"info","message":"$$$$$$$$$$$$$$$$$$$$$$$$","timestamp":"3:01:22 PM"}
{"meta":"","level":"info","message":"","timestamp":"3:01:22 PM"}
{"level":"info","message":"$$$$$$$$$$$$$$$$$$$$$$$$","timestamp":"3:01:35 PM"}
{"meta":"","level":"info","message":"","timestamp":"3:01:35 PM"}
{"level":"info","message":"Development Environment is Listening on port 3000","timestamp":"3:01:35 PM"}
{"level":"info","message":"Web URL : http://localhost:3000","timestamp":"3:01:35 PM"}
{"meta":"","level":"info","message":"","timestamp":"3:01:35 PM"}
{"level":"info","message":"$$$$$$$$$$$$$$$$$$$$$$$$","timestamp":"3:01:35 PM"}
{"meta":"","level":"info","message":"","timestamp":"3:01:35 PM"}
{"level":"info","message":"[ { _id: 5ec65934370b6d7152853a6e,\n    Product_Id: [ '1', '2', '10', '12' ],\n    Category_Id: 1,\n    Category: 'Product Input Page',\n    Level_1: '110462,112835,112826,106154,111548,110646,110513,107602,104449,102572,102571,103595,109745',\n    Level_2: '110513,110646,107602',\n    Level_3: '104449,107602',\n    Display_Source: [ 'policyboss', 'horizon', 'app' ] },\n  { _id: 5ec65934370b6d7152853a6f,\n    Product_Id: [ '1', '2', '10', '12', '3' ],\n    Category_Id: 2,\n    Category: 'Quotation',\n    Level_1: '110560,111221,110847,111100,111162,111548,110646,110513,107602,104449,102572,102571,103595,109745,106154',\n    Level_2: '110646,107602',\n    Level_3: '104449,107602',\n    Display_Source: [ 'policyboss', 'horizon', 'app' ] },\n  { _id: 5ec65934370b6d7152853a70,\n    Product_Id: [ '1', '2', '10', '12' ],\n    Category_Id: 3,\n    Category: 'Proposal',\n    Level_1: '110560,111221,110847,111100,111162,111548,110646,110513,107602,104449,102572,102571,103595,109745',\n    Level_2: '104449,107602',\n    Level_3: '104449,107602',\n    Display_Source: [ 'policyboss', 'horizon', 'app' ] },\n  { _id: 5ec65934370b6d7152853a71,\n    Product_Id: [ '1', '2', '10', '12' ],\n    Category_Id: 4,\n    Category: 'Policy not received',\n    Level_1: '110560,111221,110847,111100,111162,111548,110646,110513,107602,104449,102572,102571,103595,109745',\n    Level_2: '104449,107602',\n    Level_3: '104449,107602',\n    Display_Source: [ 'policyboss', 'horizon', 'app' ] },\n  { _id: 5ec65934370b6d7152853a72,\n    Product_Id: [ '1', '2', '10', '12' ],\n    Category_Id: 5,\n    Category: 'Post Sale Query',\n    Level_1: '110560,111221,110847,111100,111162,111548,110646,110513,107602,104449,102572,102571,103595',\n    Level_2: '104449,107602',\n    Level_3: '104449,107602',\n    Display_Source: [ 'policyboss', 'horizon', 'app' ] },\n  { _id: 5ec65934370b6d7152853a73,\n    Product_Id: [ '1', '2', '10', '12' ],\n    Category_Id: 6,\n    Category: 'Endorsement',\n    Level_1: '110560,109745,109740,102571,111548,100004,111162,107602,104449',\n    Level_2: '104449,107602',\n    Level_3: '104449,107602',\n    Display_Source: [ 'policyboss', 'horizon', 'app' ] },\n  { _id: 5ec65934370b6d7152853a74,\n    Product_Id: [ '1', '2', '10', '12' ],\n    Category_Id: 7,\n    Category: 'Claim Related',\n    Level_1: '110560,109745,109740,102571,111548,100004,111162,107602,104449',\n    Level_2: '104449,107602',\n    Level_3: '104449,107602',\n    Display_Source: [ 'policyboss', 'horizon', 'app' ] },\n  { _id: 5ec65934370b6d7152853a76,\n    Product_Id: [ '1', '2', '10', '12' ],\n    Category_Id: 9,\n    Category: 'Received policy copy, CRN is not marked as sell',\n    Level_1: '111548,109740,109745,111162,110560,107602,104449',\n    Level_2: '110513,110646,107602',\n    Level_3: '104449,107602',\n    Display_Source: [ 'policyboss', 'horizon', 'app' ] },\n  { _id: 5ec65934370b6d7152853a77,\n    Product_Id: [ '1', '2', '10', '12' ],\n    Category_Id: 10,\n    Category: 'Done payment but not received policy copy',\n    Level_1: '111548,109740,109745,111162,110560,107602,104449',\n    Level_2: '110513,110646,107602',\n    Level_3: '104449,107602',\n    Display_Source: [ 'policyboss', 'horizon', 'app' ] },\n  { _id: 60e4175bce97a8d70db845f3,\n    Product_Id: [ '1', '2', '10', '12' ],\n    Category_Id: 15,\n    Category: 'Send to selles team',\n    Level_1: '110560,111221,110847,111100,111162,111548,110646,110513,107602,104449,102572,102571,103595,109745,106154',\n    Level_2: '110513,110646,107602',\n    Level_3: '104449,107602',\n    Display_Source: [ 'policyboss', 'horizon', 'app' ] },\n  { _id: 60e417b3ce97a8d70db8981a,\n    Product_Id: [ '1', '2', '10', '12' ],\n    Category_Id: 14,\n    Category: 'Send to IT',\n    Level_1: '110560,111221,110847,111100,111162,111548,110646,110513,107602,104449,102572,102571,103595,109745,106154',\n    Level_2: '110513,110646,107602',\n    Level_3: '104449,107602',\n    Display_Source: [ 'policyboss', 'horizon', 'app' ] },\n  { _id: 61ea6f6b6b43f4261e0b9103,\n    Product_Id: [ '3' ],\n    Category_Id: 16,\n    Category: 'Error',\n    Level_1: '110462,112835,112826,106154,111548,110646,110513,107602,104449,102572,102571,103595,109745',\n    Level_2: '110513,110646,107602',\n    Level_3: '104449,107602',\n    Display_Source: [ 'policyboss', 'horizon', 'app' ] },\n  { _id: 6246946e88f461f725bf79f5,\n    Product_Id: [ '2' ],\n    Category_Id: 17,\n    Category: 'Health Claims',\n    Level_1: '119801,14726,110560',\n    Level_2: '119801,14726,110560',\n    Level_3: '119801,14726,110560',\n    Display_Source: [ 'policyboss', 'horizon', 'app' ] },\n  { _id: 6278d52288f461f72592d6a1,\n    Product_Id: [ '1', '2', '10', '12' ],\n    Category_Id: 18,\n    Category: 'POSP',\n    Level_1: '110560,114118',\n    Level_2: '110560,114118',\n    Level_3: '110560,114118',\n    Display_Source: [ 'policyboss', 'horizon', 'app' ] },\n  { _id: 6278d64788f461f725944c2a,\n    Product_Id: [ '1', '10', '12' ],\n    Category_Id: 19,\n    Category: 'Policy not updated in Parivahan',\n    Level_1: '110560,114118',\n    Level_2: '110560,114118',\n    Level_3: '110560,114118',\n    Display_Source: [ 'policyboss', 'horizon', 'app' ] },\n  { _id: 627f38ed88f461f72551e830,\n    Product_Id: [ '1', '10', '12', '2' ],\n    Category_Id: 20,\n    Category: 'Wallet',\n    Level_1: '110560,114118',\n    Level_2: '110560,114118',\n    Level_3: '110560,114118',\n    Display_Source: [ 'policyboss', 'horizon', 'app' ] },\n  { _id: 63c79dfab9d55d22598cee55,\n    Product_Id: [ '1', '2', '10', '12' ],\n    Category_Id: 21,\n    Category: 'KYC',\n    Level_1: '110560,111221,110847,111100,111162,111548,110646,110513,107602,104449,102572,102571,103595,109745',\n    Level_2: '104449,107602',\n    Level_3: '104449,107602',\n    Display_Source: [ 'policyboss', 'horizon', 'app' ] } ]","timestamp":"3:02:34 PM"}
{"level":"info","message":"[ { _id: 5f9cff83a4f34ee58f8bd9ae,\n    Product_Id: [ 1, 2, 10, 12 ],\n    Category_Id: 3,\n    SubCategory: 'Premium mismatch on payment gateway and proposal page',\n    SubCategory_Id: 22,\n    Error_Code: '' },\n  { _id: 5f9cff83a4f34ee58f8bd9af,\n    Product_Id: [ 1, 2, 10, 12 ],\n    Category_Id: 3,\n    SubCategory: 'Technical error on online payment',\n    SubCategory_Id: 21,\n    Error_Code: '' },\n  { _id: 5f9cff83a4f34ee58f8bd9b0,\n    Product_Id: [ 1, 2, 10, 12 ],\n    Category_Id: 3,\n    SubCategory: 'Premium mismatch error on online payment',\n    SubCategory_Id: 20,\n    Error_Code: '' },\n  { _id: 5f9cff83a4f34ee58f8bd9b1,\n    Product_Id: [ 1, 2, 10, 12 ],\n    Category_Id: 3,\n    SubCategory: 'Proposal page taking too much time to load when customer click payment link',\n    SubCategory_Id: 19,\n    Error_Code: '' },\n  { _id: 5f9cff83a4f34ee58f8bd9b2,\n    Product_Id: [ 1, 2, 10, 12 ],\n    Category_Id: 3,\n    SubCategory: 'Error on sent payment link(Email not received by customer)',\n    SubCategory_Id: 18,\n    Error_Code: '' },\n  { _id: 5f9cff83a4f34ee58f8bd9b3,\n    Product_Id: [ 1, 2, 10, 12 ],\n    Category_Id: 3,\n    SubCategory: 'Employee name not available in list',\n    SubCategory_Id: 17,\n    Error_Code: '' },\n  { _id: 5f9cff83a4f34ee58f8bd9b4,\n    Product_Id: [ 1, 10, null, 12 ],\n    Category_Id: 3,\n    SubCategory: 'Financial institute not available',\n    SubCategory_Id: 16,\n    Error_Code: '' },\n  { _id: 5f9cff83a4f34ee58f8bd9b5,\n    Product_Id: [ 1, 2, 10, 12 ],\n    Category_Id: 3,\n    SubCategory: 'Pincode not available',\n    SubCategory_Id: 15,\n    Error_Code: 'LM255' },\n  { _id: 5f9cff83a4f34ee58f8bd9b6,\n    Product_Id: [ 1, 2, 10, 12 ],\n    Category_Id: 3,\n    SubCategory: 'Premium mismatch (Premium available on quotation page and on proposal page is different )',\n    SubCategory_Id: 14,\n    Error_Code: 'LM284' } ]","timestamp":"3:02:42 PM"}
{"level":"info","message":"[ { _id: 5f9cff83a4f34ee58f8bd9ac,\n    Product_Id: [ 1, 2, 10, 12 ],\n    Category_Id: 4,\n    SubCategory: 'PG Dropoff - Amount deducted but customer does not redirected to PolicyBoss',\n    SubCategory_Id: 24,\n    Error_Code: '' },\n  { _id: 5f9cff83a4f34ee58f8bd9ad,\n    Product_Id: [ 1, 2, 10, 12 ],\n    Category_Id: 4,\n    SubCategory: 'PayPass - Payment done but Policyboss thank you page show Error',\n    SubCategory_Id: 23,\n    Error_Code: '' },\n  { _id: 5f9cff83a4f34ee58f8bd9c7,\n    Product_Id: [ 1, 10, 12, 2 ],\n    Category_Id: 4,\n    SubCategory: 'Success Transaction - My Transaction is marked as sale but I dont have policy copy',\n    SubCategory_Id: 74,\n    Error_Code: '' } ]","timestamp":"3:10:50 PM"}
{"level":"info","message":"$$$$$$$$$$$$$$$$$$$$$$$$","timestamp":"3:16:46 PM"}
{"meta":"","level":"info","message":"","timestamp":"3:16:46 PM"}
{"level":"info","message":"Development Environment is Listening on port 3000","timestamp":"3:16:46 PM"}
{"level":"info","message":"Web URL : http://localhost:3000","timestamp":"3:16:46 PM"}
{"meta":"","level":"info","message":"","timestamp":"3:16:46 PM"}
{"level":"info","message":"$$$$$$$$$$$$$$$$$$$$$$$$","timestamp":"3:16:46 PM"}
{"meta":"","level":"info","message":"","timestamp":"3:16:46 PM"}
{"level":"info","message":"$$$$$$$$$$$$$$$$$$$$$$$$","timestamp":"3:18:58 PM"}
{"meta":"","level":"info","message":"","timestamp":"3:18:58 PM"}
{"level":"info","message":"Development Environment is Listening on port 3000","timestamp":"3:18:58 PM"}
{"level":"info","message":"Web URL : http://localhost:3000","timestamp":"3:18:58 PM"}
{"meta":"","level":"info","message":"","timestamp":"3:18:58 PM"}
{"level":"info","message":"$$$$$$$$$$$$$$$$$$$$$$$$","timestamp":"3:18:58 PM"}
{"meta":"","level":"info","message":"","timestamp":"3:18:58 PM"}
{"level":"info","message":"$$$$$$$$$$$$$$$$$$$$$$$$","timestamp":"3:40:24 PM"}
{"meta":"","level":"info","message":"","timestamp":"3:40:24 PM"}
{"level":"info","message":"Development Environment is Listening on port 3000","timestamp":"3:40:24 PM"}
{"level":"info","message":"Web URL : http://localhost:3000","timestamp":"3:40:24 PM"}
{"meta":"","level":"info","message":"","timestamp":"3:40:24 PM"}
{"level":"info","message":"$$$$$$$$$$$$$$$$$$$$$$$$","timestamp":"3:40:24 PM"}
{"meta":"","level":"info","message":"","timestamp":"3:40:24 PM"}
{"level":"info","message":"$$$$$$$$$$$$$$$$$$$$$$$$","timestamp":"3:42:46 PM"}
{"meta":"","level":"info","message":"","timestamp":"3:42:46 PM"}
{"level":"info","message":"Development Environment is Listening on port 3000","timestamp":"3:42:46 PM"}
{"level":"info","message":"Web URL : http://localhost:3000","timestamp":"3:42:46 PM"}
{"meta":"","level":"info","message":"","timestamp":"3:42:46 PM"}
{"level":"info","message":"$$$$$$$$$$$$$$$$$$$$$$$$","timestamp":"3:42:46 PM"}
{"meta":"","level":"info","message":"","timestamp":"3:42:46 PM"}
{"level":"info","message":"$$$$$$$$$$$$$$$$$$$$$$$$","timestamp":"3:52:37 PM"}
{"meta":"","level":"info","message":"","timestamp":"3:52:37 PM"}
{"level":"info","message":"Development Environment is Listening on port 3000","timestamp":"3:52:37 PM"}
{"level":"info","message":"Web URL : http://localhost:3000","timestamp":"3:52:37 PM"}
{"meta":"","level":"info","message":"","timestamp":"3:52:37 PM"}
{"level":"info","message":"$$$$$$$$$$$$$$$$$$$$$$$$","timestamp":"3:52:37 PM"}
{"meta":"","level":"info","message":"","timestamp":"3:52:37 PM"}
{"level":"info","message":"In catch","timestamp":"3:53:19 PM"}
{"level":"info","message":"In catch","timestamp":"3:53:19 PM"}
{"level":"info","message":"In catch","timestamp":"4:00:36 PM"}
{"level":"info","message":"In catch","timestamp":"4:00:36 PM"}
{"level":"info","message":"$$$$$$$$$$$$$$$$$$$$$$$$","timestamp":"4:05:06 PM"}
{"meta":"","level":"info","message":"","timestamp":"4:05:06 PM"}
{"level":"info","message":"Development Environment is Listening on port 3000","timestamp":"4:05:06 PM"}
{"level":"info","message":"Web URL : http://localhost:3000","timestamp":"4:05:06 PM"}
{"meta":"","level":"info","message":"","timestamp":"4:05:06 PM"}
{"level":"info","message":"$$$$$$$$$$$$$$$$$$$$$$$$","timestamp":"4:05:06 PM"}
{"meta":"","level":"info","message":"","timestamp":"4:05:06 PM"}
{"level":"info","message":"In catch","timestamp":"4:05:22 PM"}
{"level":"info","message":"In catch","timestamp":"4:05:22 PM"}
{"level":"info","message":"$$$$$$$$$$$$$$$$$$$$$$$$","timestamp":"4:06:20 PM"}
{"meta":"","level":"info","message":"","timestamp":"4:06:20 PM"}
{"level":"info","message":"Development Environment is Listening on port 3000","timestamp":"4:06:20 PM"}
{"level":"info","message":"Web URL : http://localhost:3000","timestamp":"4:06:20 PM"}
{"meta":"","level":"info","message":"","timestamp":"4:06:20 PM"}
{"level":"info","message":"$$$$$$$$$$$$$$$$$$$$$$$$","timestamp":"4:06:20 PM"}
{"meta":"","level":"info","message":"","timestamp":"4:06:20 PM"}
{"level":"info","message":"In catch","timestamp":"4:07:53 PM"}
{"level":"info","message":"In catch","timestamp":"4:07:53 PM"}
{"level":"info","message":"In catch","timestamp":"4:11:57 PM"}
{"level":"info","message":"In catch","timestamp":"4:11:57 PM"}
{"level":"info","message":"$$$$$$$$$$$$$$$$$$$$$$$$","timestamp":"4:45:13 PM"}
{"meta":"","level":"info","message":"","timestamp":"4:45:13 PM"}
{"level":"info","message":"Development Environment is Listening on port 3000","timestamp":"4:45:13 PM"}
{"level":"info","message":"Web URL : http://localhost:3000","timestamp":"4:45:13 PM"}
{"meta":"","level":"info","message":"","timestamp":"4:45:13 PM"}
{"level":"info","message":"$$$$$$$$$$$$$$$$$$$$$$$$","timestamp":"4:45:13 PM"}
{"meta":"","level":"info","message":"","timestamp":"4:45:13 PM"}
{"level":"info","message":"$$$$$$$$$$$$$$$$$$$$$$$$","timestamp":"4:49:10 PM"}
{"meta":"","level":"info","message":"","timestamp":"4:49:10 PM"}
{"level":"info","message":"Development Environment is Listening on port 3000","timestamp":"4:49:10 PM"}
{"level":"info","message":"Web URL : http://localhost:3000","timestamp":"4:49:10 PM"}
{"meta":"","level":"info","message":"","timestamp":"4:49:10 PM"}
{"level":"info","message":"$$$$$$$$$$$$$$$$$$$$$$$$","timestamp":"4:49:10 PM"}
{"meta":"","level":"info","message":"","timestamp":"4:49:10 PM"}
{"level":"info","message":"$$$$$$$$$$$$$$$$$$$$$$$$","timestamp":"4:51:06 PM"}
{"meta":"","level":"info","message":"","timestamp":"4:51:06 PM"}
{"level":"info","message":"Development Environment is Listening on port 3000","timestamp":"4:51:06 PM"}
{"level":"info","message":"Web URL : http://localhost:3000","timestamp":"4:51:06 PM"}
{"meta":"","level":"info","message":"","timestamp":"4:51:06 PM"}
{"level":"info","message":"$$$$$$$$$$$$$$$$$$$$$$$$","timestamp":"4:51:06 PM"}
{"meta":"","level":"info","message":"","timestamp":"4:51:06 PM"}
{"level":"info","message":"$$$$$$$$$$$$$$$$$$$$$$$$","timestamp":"5:00:28 PM"}
{"meta":"","level":"info","message":"","timestamp":"5:00:28 PM"}
{"level":"info","message":"Development Environment is Listening on port 3000","timestamp":"5:00:28 PM"}
{"level":"info","message":"Web URL : http://localhost:3000","timestamp":"5:00:28 PM"}
{"meta":"","level":"info","message":"","timestamp":"5:00:28 PM"}
{"level":"info","message":"$$$$$$$$$$$$$$$$$$$$$$$$","timestamp":"5:00:28 PM"}
{"meta":"","level":"info","message":"","timestamp":"5:00:28 PM"}
{"level":"info","message":"$$$$$$$$$$$$$$$$$$$$$$$$","timestamp":"5:10:54 PM"}
{"meta":"","level":"info","message":"","timestamp":"5:10:54 PM"}
{"level":"info","message":"Development Environment is Listening on port 3000","timestamp":"5:10:54 PM"}
{"level":"info","message":"Web URL : http://localhost:3000","timestamp":"5:10:54 PM"}
{"meta":"","level":"info","message":"","timestamp":"5:10:54 PM"}
{"level":"info","message":"$$$$$$$$$$$$$$$$$$$$$$$$","timestamp":"5:10:54 PM"}
{"meta":"","level":"info","message":"","timestamp":"5:10:54 PM"}
{"level":"info","message":"$$$$$$$$$$$$$$$$$$$$$$$$","timestamp":"5:11:54 PM"}
{"meta":"","level":"info","message":"","timestamp":"5:11:54 PM"}
{"level":"info","message":"Development Environment is Listening on port 3000","timestamp":"5:11:54 PM"}
{"level":"info","message":"Web URL : http://localhost:3000","timestamp":"5:11:54 PM"}
{"meta":"","level":"info","message":"","timestamp":"5:11:54 PM"}
{"level":"info","message":"$$$$$$$$$$$$$$$$$$$$$$$$","timestamp":"5:11:54 PM"}
{"meta":"","level":"info","message":"","timestamp":"5:11:54 PM"}
{"level":"info","message":"$$$$$$$$$$$$$$$$$$$$$$$$","timestamp":"5:16:49 PM"}
{"meta":"","level":"info","message":"","timestamp":"5:16:49 PM"}
{"level":"info","message":"Development Environment is Listening on port 3000","timestamp":"5:16:49 PM"}
{"level":"info","message":"Web URL : http://localhost:3000","timestamp":"5:16:49 PM"}
{"meta":"","level":"info","message":"","timestamp":"5:16:49 PM"}
{"level":"info","message":"$$$$$$$$$$$$$$$$$$$$$$$$","timestamp":"5:16:49 PM"}
{"meta":"","level":"info","message":"","timestamp":"5:16:49 PM"}
{"level":"info","message":"$$$$$$$$$$$$$$$$$$$$$$$$","timestamp":"5:19:23 PM"}
{"meta":"","level":"info","message":"","timestamp":"5:19:23 PM"}
{"level":"info","message":"Development Environment is Listening on port 3000","timestamp":"5:19:23 PM"}
{"level":"info","message":"Web URL : http://localhost:3000","timestamp":"5:19:23 PM"}
{"meta":"","level":"info","message":"","timestamp":"5:19:23 PM"}
{"level":"info","message":"$$$$$$$$$$$$$$$$$$$$$$$$","timestamp":"5:19:23 PM"}
{"meta":"","level":"info","message":"","timestamp":"5:19:23 PM"}
{"level":"info","message":"$$$$$$$$$$$$$$$$$$$$$$$$","timestamp":"5:27:41 PM"}
{"meta":"","level":"info","message":"","timestamp":"5:27:41 PM"}
{"level":"info","message":"Development Environment is Listening on port 3000","timestamp":"5:27:41 PM"}
{"level":"info","message":"Web URL : http://localhost:3000","timestamp":"5:27:41 PM"}
{"meta":"","level":"info","message":"","timestamp":"5:27:41 PM"}
{"level":"info","message":"$$$$$$$$$$$$$$$$$$$$$$$$","timestamp":"5:27:41 PM"}
{"meta":"","level":"info","message":"","timestamp":"5:27:41 PM"}
{"level":"info","message":"[ { _id: 5f9cff83a4f34ee58f8bd9a6,\n    Product_Id: [ 2, null, null, null ],\n    Category_Id: 1,\n    SubCategory: 'Pincode not found',\n    SubCategory_Id: 30,\n    Error_Code: '' },\n  { _id: 5f9cff83a4f34ee58f8bd9c0,\n    Product_Id: [ 1, 10, null, 12 ],\n    Category_Id: 1,\n    SubCategory: 'Company owned vehicle functionality not available',\n    SubCategory_Id: 4,\n    Error_Code: '' },\n  { _id: 5f9cff83a4f34ee58f8bd9c1,\n    Product_Id: [ 1, 10, null, 12 ],\n    Category_Id: 1,\n    SubCategory: 'RTO not available',\n    SubCategory_Id: 3,\n    Error_Code: '' },\n  { _id: 5f9cff83a4f34ee58f8bd9c2,\n    Product_Id: [ 1, 10, null, 12 ],\n    Category_Id: 1,\n    SubCategory: 'Make Model Variant not available',\n    SubCategory_Id: 2,\n    Error_Code: '' },\n  { _id: 5f9cff83a4f34ee58f8bd9c3,\n    Product_Id: [ 1, 10, null, 12 ],\n    Category_Id: 1,\n    SubCategory: 'Invalid registration number',\n    SubCategory_Id: 1,\n    Error_Code: 'LM227' } ]","timestamp":"5:36:19 PM"}
{"level":"info","message":"$$$$$$$$$$$$$$$$$$$$$$$$","timestamp":"5:37:26 PM"}
{"meta":"","level":"info","message":"","timestamp":"5:37:26 PM"}
{"level":"info","message":"Development Environment is Listening on port 3000","timestamp":"5:37:26 PM"}
{"level":"info","message":"Web URL : http://localhost:3000","timestamp":"5:37:26 PM"}
{"meta":"","level":"info","message":"","timestamp":"5:37:26 PM"}
{"level":"info","message":"$$$$$$$$$$$$$$$$$$$$$$$$","timestamp":"5:37:26 PM"}
{"meta":"","level":"info","message":"","timestamp":"5:37:26 PM"}
{"level":"info","message":"$$$$$$$$$$$$$$$$$$$$$$$$","timestamp":"5:41:47 PM"}
{"meta":"","level":"info","message":"","timestamp":"5:41:47 PM"}
{"level":"info","message":"Development Environment is Listening on port 3000","timestamp":"5:41:47 PM"}
{"level":"info","message":"Web URL : http://localhost:3000","timestamp":"5:41:47 PM"}
{"meta":"","level":"info","message":"","timestamp":"5:41:47 PM"}
{"level":"info","message":"$$$$$$$$$$$$$$$$$$$$$$$$","timestamp":"5:41:47 PM"}
{"meta":"","level":"info","message":"","timestamp":"5:41:47 PM"}
{"level":"info","message":"TicketUpdated null CommandResult {\n  result: { n: 1, nModified: 1, ok: 1 },\n  connection: \n   Connection {\n     domain: null,\n     _events: \n      { close: [Object],\n        error: [Object],\n        timeout: [Object],\n        parseError: [Object] },\n     _eventsCount: 4,\n     _maxListeners: undefined,\n     options: \n      { host: '3.109.206.238',\n        port: 27017,\n        size: 5,\n        connectionTimeout: 30000,\n        socketTimeout: 30000,\n        keepAlive: true,\n        keepAliveInitialDelay: 0,\n        noDelay: true,\n        ssl: false,\n        checkServerIdentity: true,\n        ca: null,\n        cert: null,\n        key: null,\n        passPhrase: null,\n        rejectUnauthorized: false,\n        promoteLongs: true,\n        promoteValues: true,\n        promoteBuffers: false,\n        reconnect: true,\n        reconnectInterval: 1000,\n        reconnectTries: 30,\n        domainsEnabled: false,\n        disconnectHandler: [Object],\n        cursorFactory: [Object],\n        emitError: true,\n        socketOptions: {},\n        clientInfo: [Object],\n        readPreference: [Object],\n        promiseLibrary: [Function: Promise],\n        bson: BSON {} },\n     id: 3,\n     logger: Logger { className: 'Connection' },\n     bson: BSON {},\n     tag: undefined,\n     messageHandler: [Function],\n     maxBsonMessageSize: 67108864,\n     port: 27017,\n     host: '3.109.206.238',\n     keepAlive: true,\n     keepAliveInitialDelay: 0,\n     noDelay: true,\n     connectionTimeout: 30000,\n     socketTimeout: 30000,\n     destroyed: false,\n     domainSocket: false,\n     singleBufferSerializtion: true,\n     serializationFunction: 'toBinUnified',\n     ca: null,\n     cert: null,\n     key: null,\n     passphrase: null,\n     ssl: false,\n     rejectUnauthorized: false,\n     checkServerIdentity: true,\n     responseOptions: \n      { promoteLongs: true,\n        promoteValues: true,\n        promoteBuffers: false },\n     flushing: false,\n     queue: [],\n     connection: \n      Socket {\n        connecting: false,\n        _hadError: false,\n        _handle: [Object],\n        _parent: null,\n        _host: null,\n        _readableState: [Object],\n        readable: true,\n        domain: null,\n        _events: [Object],\n        _eventsCount: 8,\n        _maxListeners: undefined,\n        _writableState: [Object],\n        writable: true,\n        allowHalfOpen: false,\n        destroyed: false,\n        _bytesDispatched: 1618,\n        _sockname: null,\n        _pendingData: null,\n        _pendingEncoding: '',\n        server: null,\n        _server: null,\n        _idleTimeout: 30000,\n        _idleNext: [Object],\n        _idlePrev: [Object],\n        _idleStart: 184007,\n        read: [Function],\n        _consuming: true },\n     writeStream: null,\n     hashedName: '96dd4d9c88ab69c21ac25168d575190f0e651e4a',\n     workItems: [],\n     buffer: null,\n     sizeOfMessage: 0,\n     bytesRead: 0,\n     stubBuffer: null },\n  message: \n   Response {\n     parsed: true,\n     index: 75,\n     raw: <Buffer 4b 00 00 00 f9 1e cc 0e 25 00 00 00 01 00 00 00 08 00 00 00 00 00 00 00 00 00 00 00 00 00 00 00 01 00 00 00 27 00 00 00 10 6e 00 01 00 00 00 10 6e 4d ... >,\n     data: <Buffer 4b 00 00 00 f9 1e cc 0e 25 00 00 00 01 00 00 00 08 00 00 00 00 00 00 00 00 00 00 00 00 00 00 00 01 00 00 00 27 00 00 00 10 6e 00 01 00 00 00 10 6e 4d ... >,\n     bson: BSON {},\n     opts: \n      { promoteLongs: true,\n        promoteValues: true,\n        promoteBuffers: false },\n     length: 75,\n     requestId: 248258297,\n     responseTo: 37,\n     responseFlags: 8,\n     cursorId: Long { _bsontype: 'Long', low_: 0, high_: 0 },\n     startingFrom: 0,\n     numberReturned: 1,\n     documents: [ [Object] ],\n     cursorNotFound: false,\n     queryFailure: false,\n     shardConfigStale: false,\n     awaitCapable: true,\n     promoteLongs: true,\n     promoteValues: true,\n     promoteBuffers: false,\n     hashedName: '96dd4d9c88ab69c21ac25168d575190f0e651e4a' } }","timestamp":"5:44:31 PM"}
{"level":"info","message":"user_detailsInsert null { result: { ok: 1, n: 1 },\n  ops: \n   [ { Ticket_Id: 2208,\n       Ticket_code: 'CAPR6323',\n       Product: 1,\n       Category: 'Proposal',\n       SubCategory: 'Proposal page taking too much time to load when customer click payment link',\n       From: 'Chirag Modi(107602)',\n       To: 'Chirag Modi(107602)',\n       Status: 'Open',\n       Created_By: 'Chirag Modi',\n       Created_On: 2023-09-29T12:14:04.559Z,\n       Modified_By: 7582,\n       Modified_On: 2023-09-29T12:14:04.559Z,\n       CRN: 0,\n       Mobile_No: '9999999999',\n       Vehicle_No: 'MH-04-AA-1234',\n       Remark: 're',\n       ss_id: 7582,\n       CRN_owner: '',\n       fba_id: 54063,\n       CRN_fba_id: '',\n       channel: '',\n       subchannel: '',\n       Agent_Email_Id: 'chirag.modi@policyboss.com',\n       Transaction_On: '',\n       Source: 'horizon',\n       RM_Email_Id: '',\n       RM_Agent_Name: '',\n       Insurer_Id: '',\n       _id: 6516bfa77225cd5bf0dcbde6 } ],\n  insertedCount: 1,\n  insertedIds: [ 6516bfa77225cd5bf0dcbde6 ] }","timestamp":"5:44:31 PM"}
{"level":"info","message":"emailupdate null { n: 1, nModified: 1, ok: 1 }","timestamp":"5:44:32 PM"}
{"level":"info","message":"Inside service","timestamp":"5:45:11 PM"}
{"level":"info","message":"API working","timestamp":"5:45:11 PM"}
{"level":"info","message":"TypeError: Cannot read property 'user' of undefined\n    at D:\\Admin\\SourceCode\\controllers\\tickets.js:1790:32\n    at Layer.handle [as handle_request] (D:\\Admin\\SourceCode\\node_modules\\express\\lib\\router\\layer.js:95:5)\n    at next (D:\\Admin\\SourceCode\\node_modules\\express\\lib\\router\\route.js:131:13)\n    at Route.dispatch (D:\\Admin\\SourceCode\\node_modules\\express\\lib\\router\\route.js:112:3)\n    at Layer.handle [as handle_request] (D:\\Admin\\SourceCode\\node_modules\\express\\lib\\router\\layer.js:95:5)\n    at D:\\Admin\\SourceCode\\node_modules\\express\\lib\\router\\index.js:277:22\n    at Function.process_params (D:\\Admin\\SourceCode\\node_modules\\express\\lib\\router\\index.js:330:12)\n    at next (D:\\Admin\\SourceCode\\node_modules\\express\\lib\\router\\index.js:271:10)\n    at D:\\Admin\\SourceCode\\node_modules\\express\\lib\\router\\index.js:618:15\n    at next (D:\\Admin\\SourceCode\\node_modules\\express\\lib\\router\\index.js:256:14)\n    at Function.handle (D:\\Admin\\SourceCode\\node_modules\\express\\lib\\router\\index.js:176:3)\n    at router (D:\\Admin\\SourceCode\\node_modules\\express\\lib\\router\\index.js:46:12)\n    at Layer.handle [as handle_request] (D:\\Admin\\SourceCode\\node_modules\\express\\lib\\router\\layer.js:95:5)\n    at trim_prefix (D:\\Admin\\SourceCode\\node_modules\\express\\lib\\router\\index.js:312:13)\n    at D:\\Admin\\SourceCode\\node_modules\\express\\lib\\router\\index.js:280:7\n    at Function.process_params (D:\\Admin\\SourceCode\\node_modules\\express\\lib\\router\\index.js:330:12)\n    at next (D:\\Admin\\SourceCode\\node_modules\\express\\lib\\router\\index.js:271:10)\n    at serveStatic (D:\\Admin\\SourceCode\\node_modules\\serve-static\\index.js:75:16)\n    at Layer.handle [as handle_request] (D:\\Admin\\SourceCode\\node_modules\\express\\lib\\router\\layer.js:95:5)\n    at trim_prefix (D:\\Admin\\SourceCode\\node_modules\\express\\lib\\router\\index.js:312:13)\n    at D:\\Admin\\SourceCode\\node_modules\\express\\lib\\router\\index.js:280:7\n    at Function.process_params (D:\\Admin\\SourceCode\\node_modules\\express\\lib\\router\\index.js:330:12)","timestamp":"5:45:11 PM"}
{"level":"info","message":"Inside service","timestamp":"5:45:37 PM"}
{"level":"info","message":"$$$$$$$$$$$$$$$$$$$$$$$$","timestamp":"5:46:35 PM"}
{"meta":"","level":"info","message":"","timestamp":"5:46:35 PM"}
{"level":"info","message":"Development Environment is Listening on port 3000","timestamp":"5:46:35 PM"}
{"level":"info","message":"Web URL : http://localhost:3000","timestamp":"5:46:35 PM"}
{"meta":"","level":"info","message":"","timestamp":"5:46:35 PM"}
{"level":"info","message":"$$$$$$$$$$$$$$$$$$$$$$$$","timestamp":"5:46:35 PM"}
{"meta":"","level":"info","message":"","timestamp":"5:46:35 PM"}
{"level":"info","message":"TicketUpdated null CommandResult {\n  result: { n: 1, nModified: 1, ok: 1 },\n  connection: \n   Connection {\n     domain: null,\n     _events: \n      { close: [Object],\n        error: [Object],\n        timeout: [Object],\n        parseError: [Object] },\n     _eventsCount: 4,\n     _maxListeners: undefined,\n     options: \n      { host: '3.109.206.238',\n        port: 27017,\n        size: 5,\n        connectionTimeout: 30000,\n        socketTimeout: 30000,\n        keepAlive: true,\n        keepAliveInitialDelay: 0,\n        noDelay: true,\n        ssl: false,\n        checkServerIdentity: true,\n        ca: null,\n        cert: null,\n        key: null,\n        passPhrase: null,\n        rejectUnauthorized: false,\n        promoteLongs: true,\n        promoteValues: true,\n        promoteBuffers: false,\n        reconnect: true,\n        reconnectInterval: 1000,\n        reconnectTries: 30,\n        domainsEnabled: false,\n        disconnectHandler: [Object],\n        cursorFactory: [Object],\n        emitError: true,\n        socketOptions: {},\n        clientInfo: [Object],\n        readPreference: [Object],\n        promiseLibrary: [Function: Promise],\n        bson: BSON {} },\n     id: 3,\n     logger: Logger { className: 'Connection' },\n     bson: BSON {},\n     tag: undefined,\n     messageHandler: [Function],\n     maxBsonMessageSize: 67108864,\n     port: 27017,\n     host: '3.109.206.238',\n     keepAlive: true,\n     keepAliveInitialDelay: 0,\n     noDelay: true,\n     connectionTimeout: 30000,\n     socketTimeout: 30000,\n     destroyed: false,\n     domainSocket: false,\n     singleBufferSerializtion: true,\n     serializationFunction: 'toBinUnified',\n     ca: null,\n     cert: null,\n     key: null,\n     passphrase: null,\n     ssl: false,\n     rejectUnauthorized: false,\n     checkServerIdentity: true,\n     responseOptions: \n      { promoteLongs: true,\n        promoteValues: true,\n        promoteBuffers: false },\n     flushing: false,\n     queue: [],\n     connection: \n      Socket {\n        connecting: false,\n        _hadError: false,\n        _handle: [Object],\n        _parent: null,\n        _host: null,\n        _readableState: [Object],\n        readable: true,\n        domain: null,\n        _events: [Object],\n        _eventsCount: 8,\n        _maxListeners: undefined,\n        _writableState: [Object],\n        writable: true,\n        allowHalfOpen: false,\n        destroyed: false,\n        _bytesDispatched: 1654,\n        _sockname: null,\n        _pendingData: null,\n        _pendingEncoding: '',\n        server: null,\n        _server: null,\n        _idleTimeout: 30000,\n        _idleNext: [Object],\n        _idlePrev: [Object],\n        _idleStart: 789662,\n        read: [Function],\n        _consuming: true },\n     writeStream: null,\n     hashedName: '96dd4d9c88ab69c21ac25168d575190f0e651e4a',\n     workItems: [],\n     buffer: null,\n     sizeOfMessage: 0,\n     bytesRead: 0,\n     stubBuffer: null },\n  message: \n   Response {\n     parsed: true,\n     index: 75,\n     raw: <Buffer 4b 00 00 00 27 78 d1 0e 28 00 00 00 01 00 00 00 08 00 00 00 00 00 00 00 00 00 00 00 00 00 00 00 01 00 00 00 27 00 00 00 10 6e 00 01 00 00 00 10 6e 4d ... >,\n     data: <Buffer 4b 00 00 00 27 78 d1 0e 28 00 00 00 01 00 00 00 08 00 00 00 00 00 00 00 00 00 00 00 00 00 00 00 01 00 00 00 27 00 00 00 10 6e 00 01 00 00 00 10 6e 4d ... >,\n     bson: BSON {},\n     opts: \n      { promoteLongs: true,\n        promoteValues: true,\n        promoteBuffers: false },\n     length: 75,\n     requestId: 248608807,\n     responseTo: 40,\n     responseFlags: 8,\n     cursorId: Long { _bsontype: 'Long', low_: 0, high_: 0 },\n     startingFrom: 0,\n     numberReturned: 1,\n     documents: [ [Object] ],\n     cursorNotFound: false,\n     queryFailure: false,\n     shardConfigStale: false,\n     awaitCapable: true,\n     promoteLongs: true,\n     promoteValues: true,\n     promoteBuffers: false,\n     hashedName: '96dd4d9c88ab69c21ac25168d575190f0e651e4a' } }","timestamp":"5:59:37 PM"}
{"level":"info","message":"user_detailsInsert null { result: { ok: 1, n: 1 },\n  ops: \n   [ { Ticket_Id: 2211,\n       Ticket_code: 'CAPR6328',\n       Product: 1,\n       Category: 'Proposal',\n       SubCategory: 'Technical error on online payment',\n       From: 'Chirag Modi(107602)',\n       To: 'Chirag Modi(107602)',\n       Status: 'Open',\n       Created_By: 'Chirag Modi',\n       Created_On: 2023-09-29T12:29:35.550Z,\n       Modified_By: 7582,\n       Modified_On: 2023-09-29T12:29:35.550Z,\n       CRN: 0,\n       Mobile_No: '9999999999',\n       Vehicle_No: 'MH-04-AA-1234',\n       Remark: 're',\n       ss_id: 7582,\n       CRN_owner: '',\n       fba_id: 54063,\n       CRN_fba_id: '',\n       channel: '',\n       subchannel: '',\n       Agent_Email_Id: 'chirag.modi@policyboss.com',\n       Transaction_On: '',\n       Source: 'horizon',\n       RM_Email_Id: '',\n       RM_Agent_Name: '',\n       Insurer_Id: '',\n       _id: 6516c331e62eba244c8e825c } ],\n  insertedCount: 1,\n  insertedIds: [ 6516c331e62eba244c8e825c ] }","timestamp":"5:59:37 PM"}
{"level":"info","message":"emailupdate null { n: 1, nModified: 1, ok: 1 }","timestamp":"5:59:38 PM"}
{"level":"info","message":"TicketUpdated { MongoError: connection 10 to 3.109.206.238:27017 timed out\n    at Function.MongoError.create (D:\\Admin\\SourceCode\\node_modules\\mongodb-core\\lib\\error.js:29:11)\n    at Socket.<anonymous> (D:\\Admin\\SourceCode\\node_modules\\mongodb-core\\lib\\connection\\connection.js:186:20)\n    at Socket.g (events.js:291:16)\n    at emitNone (events.js:86:13)\n    at Socket.emit (events.js:185:7)\n    at Socket._onTimeout (net.js:339:8)\n    at ontimeout (timers.js:365:14)\n    at tryOnTimeout (timers.js:237:5)\n    at Timer.listOnTimeout (timers.js:207:5)\n  name: 'MongoError',\n  message: 'connection 10 to 3.109.206.238:27017 timed out' } null","timestamp":"6:07:24 PM"}
{"level":"info","message":"user_detailsInsert null { result: { ok: 1, n: 1 },\n  ops: \n   [ { Ticket_Id: 2212,\n       Ticket_code: 'CAPR6330',\n       Product: 1,\n       Category: 'Proposal',\n       SubCategory: 'Premium mismatch error on online payment',\n       From: 'Chirag Modi(107602)',\n       To: 'Chirag Modi(107602)',\n       Status: 'Open',\n       Created_By: 'Chirag Modi',\n       Created_On: 2023-09-29T12:31:32.781Z,\n       Modified_By: 7582,\n       Modified_On: 2023-09-29T12:31:32.781Z,\n       CRN: 0,\n       Mobile_No: '9999999999',\n       Vehicle_No: 'MH-04-AA-1234',\n       Remark: 're',\n       ss_id: 7582,\n       CRN_owner: '',\n       fba_id: 54063,\n       CRN_fba_id: '',\n       channel: '',\n       subchannel: '',\n       Agent_Email_Id: 'chirag.modi@policyboss.com',\n       Transaction_On: '',\n       Source: 'horizon',\n       RM_Email_Id: '',\n       RM_Agent_Name: '',\n       Insurer_Id: '',\n       _id: 6516c504e62eba244c8e8260 } ],\n  insertedCount: 1,\n  insertedIds: [ 6516c504e62eba244c8e8260 ] }","timestamp":"6:16:08 PM"}
