{"level":"error","message":"(node:16532) UnhandledPromiseRejectionWarning: Unhandled promise rejection (rejection id: 1): Error: Trying to open unclosed connection.","timestamp":"10:07:43 AM"}
{"level":"error","message":"(node:16532) UnhandledPromiseRejectionWarning: Unhandled promise rejection (rejection id: 2): Error: Trying to open unclosed connection.","timestamp":"10:07:43 AM"}
{"level":"error","message":"(node:16532) UnhandledPromiseRejectionWarning: Unhandled promise rejection (rejection id: 3): Error: Trying to open unclosed connection.","timestamp":"10:07:43 AM"}
{"level":"error","message":"(node:16532) UnhandledPromiseRejectionWarning: Unhandled promise rejection (rejection id: 4): Error: Trying to open unclosed connection.","timestamp":"10:07:43 AM"}
{"level":"error","message":"(node:16532) UnhandledPromiseRejectionWarning: Unhandled promise rejection (rejection id: 5): Error: Trying to open unclosed connection.","timestamp":"10:07:43 AM"}
{"level":"error","message":"(node:16532) UnhandledPromiseRejectionWarning: Unhandled promise rejection (rejection id: 6): Error: Trying to open unclosed connection.","timestamp":"10:07:43 AM"}
{"level":"error","message":"(node:16532) UnhandledPromiseRejectionWarning: Unhandled promise rejection (rejection id: 7): Error: Trying to open unclosed connection.","timestamp":"10:07:43 AM"}
{"level":"error","message":"(node:16532) UnhandledPromiseRejectionWarning: Unhandled promise rejection (rejection id: 8): Error: Trying to open unclosed connection.","timestamp":"10:07:43 AM"}
{"level":"error","message":"(node:16532) UnhandledPromiseRejectionWarning: Unhandled promise rejection (rejection id: 9): Error: Trying to open unclosed connection.","timestamp":"10:07:43 AM"}
{"level":"error","message":"(node:16532) UnhandledPromiseRejectionWarning: Unhandled promise rejection (rejection id: 10): Error: Trying to open unclosed connection.","timestamp":"10:07:43 AM"}
{"level":"error","message":"(node:16532) UnhandledPromiseRejectionWarning: Unhandled promise rejection (rejection id: 11): Error: Trying to open unclosed connection.","timestamp":"10:07:43 AM"}
{"level":"error","message":"(node:16532) UnhandledPromiseRejectionWarning: Unhandled promise rejection (rejection id: 12): Error: Trying to open unclosed connection.","timestamp":"10:07:43 AM"}
{"level":"error","message":"(node:16532) UnhandledPromiseRejectionWarning: Unhandled promise rejection (rejection id: 13): Error: Trying to open unclosed connection.","timestamp":"10:07:43 AM"}
{"level":"error","message":"(node:16532) UnhandledPromiseRejectionWarning: Unhandled promise rejection (rejection id: 14): Error: Trying to open unclosed connection.","timestamp":"10:07:43 AM"}
{"level":"error","message":"(node:16532) UnhandledPromiseRejectionWarning: Unhandled promise rejection (rejection id: 15): Error: Trying to open unclosed connection.","timestamp":"10:07:43 AM"}
{"level":"error","message":"(node:16532) UnhandledPromiseRejectionWarning: Unhandled promise rejection (rejection id: 16): Error: Trying to open unclosed connection.","timestamp":"10:07:43 AM"}
{"level":"error","message":"(node:16532) UnhandledPromiseRejectionWarning: Unhandled promise rejection (rejection id: 17): Error: Trying to open unclosed connection.","timestamp":"10:07:43 AM"}
{"level":"error","message":"(node:16532) UnhandledPromiseRejectionWarning: Unhandled promise rejection (rejection id: 18): Error: Trying to open unclosed connection.","timestamp":"10:07:43 AM"}
{"level":"error","message":"(node:16532) UnhandledPromiseRejectionWarning: Unhandled promise rejection (rejection id: 19): Error: Trying to open unclosed connection.","timestamp":"10:07:43 AM"}
{"level":"error","message":"(node:16532) UnhandledPromiseRejectionWarning: Unhandled promise rejection (rejection id: 20): Error: Trying to open unclosed connection.","timestamp":"10:07:43 AM"}
{"level":"error","message":"(node:16532) UnhandledPromiseRejectionWarning: Unhandled promise rejection (rejection id: 21): Error: Trying to open unclosed connection.","timestamp":"10:07:43 AM"}
{"level":"error","message":"(node:16532) UnhandledPromiseRejectionWarning: Unhandled promise rejection (rejection id: 22): Error: Trying to open unclosed connection.","timestamp":"10:07:43 AM"}
{"level":"error","message":"(node:16532) UnhandledPromiseRejectionWarning: Unhandled promise rejection (rejection id: 23): Error: Trying to open unclosed connection.","timestamp":"10:07:43 AM"}
{"level":"error","message":"(node:16532) UnhandledPromiseRejectionWarning: Unhandled promise rejection (rejection id: 24): Error: Trying to open unclosed connection.","timestamp":"10:07:43 AM"}
{"level":"error","message":"(node:16532) UnhandledPromiseRejectionWarning: Unhandled promise rejection (rejection id: 25): Error: Trying to open unclosed connection.","timestamp":"10:07:43 AM"}
{"level":"error","message":"(node:16532) UnhandledPromiseRejectionWarning: Unhandled promise rejection (rejection id: 26): Error: Trying to open unclosed connection.","timestamp":"10:07:43 AM"}
{"level":"error","message":"(node:16532) UnhandledPromiseRejectionWarning: Unhandled promise rejection (rejection id: 27): Error: Trying to open unclosed connection.","timestamp":"10:07:43 AM"}
{"level":"error","message":"(node:16532) UnhandledPromiseRejectionWarning: Unhandled promise rejection (rejection id: 28): Error: Trying to open unclosed connection.","timestamp":"10:07:43 AM"}
{"level":"error","message":"(node:16532) UnhandledPromiseRejectionWarning: Unhandled promise rejection (rejection id: 29): Error: Trying to open unclosed connection.","timestamp":"10:07:43 AM"}
{"level":"error","message":"(node:16532) UnhandledPromiseRejectionWarning: Unhandled promise rejection (rejection id: 30): Error: Trying to open unclosed connection.","timestamp":"10:07:43 AM"}
{"level":"error","message":"(node:16532) UnhandledPromiseRejectionWarning: Unhandled promise rejection (rejection id: 31): Error: Trying to open unclosed connection.","timestamp":"10:07:43 AM"}
{"level":"error","message":"(node:16532) UnhandledPromiseRejectionWarning: Unhandled promise rejection (rejection id: 32): Error: Trying to open unclosed connection.","timestamp":"10:07:43 AM"}
{"level":"error","message":"(node:16532) UnhandledPromiseRejectionWarning: Unhandled promise rejection (rejection id: 33): Error: Trying to open unclosed connection.","timestamp":"10:07:43 AM"}
{"level":"error","message":"(node:16532) UnhandledPromiseRejectionWarning: Unhandled promise rejection (rejection id: 34): Error: Trying to open unclosed connection.","timestamp":"10:07:43 AM"}
{"level":"error","message":"(node:16532) UnhandledPromiseRejectionWarning: Unhandled promise rejection (rejection id: 35): Error: Trying to open unclosed connection.","timestamp":"10:07:43 AM"}
{"level":"error","message":"(node:16532) UnhandledPromiseRejectionWarning: Unhandled promise rejection (rejection id: 36): Error: Trying to open unclosed connection.","timestamp":"10:07:43 AM"}
{"level":"error","message":"(node:16532) UnhandledPromiseRejectionWarning: Unhandled promise rejection (rejection id: 37): Error: Trying to open unclosed connection.","timestamp":"10:07:43 AM"}
{"level":"error","message":"(node:16532) UnhandledPromiseRejectionWarning: Unhandled promise rejection (rejection id: 38): Error: Trying to open unclosed connection.","timestamp":"10:07:43 AM"}
{"level":"error","message":"(node:16532) UnhandledPromiseRejectionWarning: Unhandled promise rejection (rejection id: 39): Error: Trying to open unclosed connection.","timestamp":"10:07:43 AM"}
{"level":"error","message":"(node:16532) UnhandledPromiseRejectionWarning: Unhandled promise rejection (rejection id: 40): Error: Trying to open unclosed connection.","timestamp":"10:07:43 AM"}
{"level":"error","message":"(node:16532) UnhandledPromiseRejectionWarning: Unhandled promise rejection (rejection id: 41): Error: Trying to open unclosed connection.","timestamp":"10:07:43 AM"}
{"level":"error","message":"(node:16532) UnhandledPromiseRejectionWarning: Unhandled promise rejection (rejection id: 42): Error: Trying to open unclosed connection.","timestamp":"10:07:43 AM"}
{"level":"error","message":"(node:16532) UnhandledPromiseRejectionWarning: Unhandled promise rejection (rejection id: 43): Error: Trying to open unclosed connection.","timestamp":"10:07:43 AM"}
{"level":"error","message":"(node:16532) UnhandledPromiseRejectionWarning: Unhandled promise rejection (rejection id: 44): Error: Trying to open unclosed connection.","timestamp":"10:07:43 AM"}
{"level":"error","message":"(node:16532) UnhandledPromiseRejectionWarning: Unhandled promise rejection (rejection id: 45): Error: Trying to open unclosed connection.","timestamp":"10:07:43 AM"}
{"level":"error","message":"(node:16532) UnhandledPromiseRejectionWarning: Unhandled promise rejection (rejection id: 46): Error: Trying to open unclosed connection.","timestamp":"10:07:43 AM"}
{"level":"error","message":"(node:16532) UnhandledPromiseRejectionWarning: Unhandled promise rejection (rejection id: 47): Error: Trying to open unclosed connection.","timestamp":"10:07:43 AM"}
{"level":"error","message":"(node:16532) UnhandledPromiseRejectionWarning: Unhandled promise rejection (rejection id: 48): Error: Trying to open unclosed connection.","timestamp":"10:07:43 AM"}
{"level":"error","message":"(node:16532) UnhandledPromiseRejectionWarning: Unhandled promise rejection (rejection id: 49): Error: Trying to open unclosed connection.","timestamp":"10:07:43 AM"}
{"level":"error","message":"(node:16532) UnhandledPromiseRejectionWarning: Unhandled promise rejection (rejection id: 50): Error: Trying to open unclosed connection.","timestamp":"10:07:43 AM"}
{"level":"error","message":"(node:16532) UnhandledPromiseRejectionWarning: Unhandled promise rejection (rejection id: 51): Error: Trying to open unclosed connection.","timestamp":"10:07:43 AM"}
{"level":"error","message":"(node:16532) UnhandledPromiseRejectionWarning: Unhandled promise rejection (rejection id: 52): Error: Trying to open unclosed connection.","timestamp":"10:07:43 AM"}
{"level":"error","message":"(node:16532) UnhandledPromiseRejectionWarning: Unhandled promise rejection (rejection id: 53): Error: Trying to open unclosed connection.","timestamp":"10:07:43 AM"}
{"level":"error","message":"LOG REFERER YTD undefined ::ffff:127.0.0.1 undefined","timestamp":"10:57:05 AM"}
{"level":"error","message":"LOG REFERER YTD http://localhost:7000/ ::1 string","timestamp":"10:57:07 AM"}
{"level":"error","message":"LOG REFERER YTD undefined ::ffff:127.0.0.1 undefined","timestamp":"12:35:33 PM"}
{"level":"error","message":"LOG REFERER YTD undefined ::ffff:127.0.0.1 undefined","timestamp":"12:35:41 PM"}
{"level":"error","message":"LOG REFERER YTD undefined ::ffff:127.0.0.1 undefined","timestamp":"12:35:46 PM"}
{"level":"error","message":"LOG REFERER YTD undefined ::ffff:127.0.0.1 undefined","timestamp":"12:35:49 PM"}
{"level":"error","message":"LOG REFERER YTD undefined ::ffff:127.0.0.1 undefined","timestamp":"12:36:10 PM"}
{"level":"error","message":"LOG REFERER YTD undefined ::ffff:127.0.0.1 undefined","timestamp":"12:36:16 PM"}
{"level":"error","message":"LOG REFERER YTD undefined ::ffff:127.0.0.1 undefined","timestamp":"12:36:21 PM"}
{"level":"error","message":"LOG REFERER YTD http://localhost:7000/ ::1 string","timestamp":"1:55:04 PM"}
{"level":"error","message":"LOG REFERER YTD http://localhost:7000/ ::1 string","timestamp":"1:55:12 PM"}
{"level":"error","message":"LOG REFERER YTD http://localhost:7000/ ::1 string","timestamp":"1:55:21 PM"}
{"level":"error","message":"LOG REFERER YTD http://localhost:7000/ ::1 string","timestamp":"1:55:21 PM"}
{"level":"error","message":"LOG REFERER YTD http://localhost:7000/ ::1 string","timestamp":"1:55:21 PM"}
{"level":"error","message":"HorizonSaleSearch { 'Premium_Request.ss_id': 114118,\n  Last_Status: { '$in': [ 'TRANS_SUCCESS_WO_POLICY', 'TRANS_SUCCESS_WITH_POLICY' ] } } { draw: '1',\n  columns: \n   [ { data: 'User_Data_Id',\n       name: '',\n       searchable: 'true',\n       orderable: 'true',\n       search: [Object] },\n     { data: 'Action',\n       name: '',\n       searchable: 'true',\n       orderable: 'true',\n       search: [Object] },\n     { data: 'Modified_On',\n       name: '',\n       searchable: 'true',\n       orderable: 'true',\n       search: [Object] },\n     { data: 'Product_Name',\n       name: '',\n       searchable: 'true',\n       orderable: 'true',\n       search: [Object] },\n     { data: 'Source',\n       name: '',\n       searchable: 'true',\n       orderable: 'true',\n       search: [Object] },\n     { data: 'PB_CRN',\n       name: '',\n       searchable: 'true',\n       orderable: 'true',\n       search: [Object] },\n     { data: 'ERP_CS',\n       name: '',\n       searchable: 'true',\n       orderable: 'true',\n       search: [Object] },\n     { data: 'ERP_ENTRY',\n       name: '',\n       searchable: 'true',\n       orderable: 'true',\n       search: [Object] },\n     { data: 'Premium',\n       name: '',\n       searchable: 'true',\n       orderable: 'true',\n       search: [Object] },\n     { data: 'Brokerage',\n       name: '',\n       searchable: 'true',\n       orderable: 'true',\n       search: [Object] },\n     { data: 'Insurer',\n       name: '',\n       searchable: 'true',\n       orderable: 'true',\n       search: [Object] },\n     { data: 'Customer',\n       name: '',\n       searchable: 'true',\n       orderable: 'true',\n       search: [Object] },\n     { data: 'Agent',\n       name: '',\n       searchable: 'true',\n       orderable: 'true',\n       search: [Object] },\n     { data: 'SubUser',\n       name: '',\n       searchable: 'true',\n       orderable: 'true',\n       search: [Object] },\n     { data: 'Reporting',\n       name: '',\n       searchable: 'true',\n       orderable: 'true',\n       search: [Object] },\n     { data: 'Ss_Id',\n       name: '',\n       searchable: 'true',\n       orderable: 'true',\n       search: [Object] },\n     { data: 'Fba_Id',\n       name: '',\n       searchable: 'true',\n       orderable: 'true',\n       search: [Object] },\n     { data: 'Sub_User_Id',\n       name: '',\n       searchable: 'true',\n       orderable: 'true',\n       search: [Object] } ],\n  order: [ { column: '0', dir: 'asc' } ],\n  start: '0',\n  length: '10',\n  search: { value: '', regex: 'false' },\n  Col_Transaction_Status: '',\n  Col_Name: '',\n  txtCol_Val: '',\n  Group_Status: 'SELL',\n  App_Version: '',\n  Source: '',\n  Product_Id: '',\n  Insurer_Id: '',\n  PB_CRN: '',\n  ss_id: '114118',\n  session_id: 'Bydg3kyyDj9Lp9_vgk8Ea8Qce599Mq-k',\n  uid: '115440',\n  page_action: 'my_transaction',\n  registration_number: '',\n  transaction_start_date: '',\n  transaction_end_date: '' }","timestamp":"1:55:24 PM"}
{"level":"warn","message":"uncaughtException Error: Can't set headers after they are sent.\n    at ServerResponse.OutgoingMessage.setHeader (_http_outgoing.js:356:11)\n    at ServerResponse.header (D:\\Admin\\SourceCode\\node_modules\\express\\lib\\response.js:719:10)\n    at ServerResponse.send (D:\\Admin\\SourceCode\\node_modules\\express\\lib\\response.js:164:12)\n    at ServerResponse.json (D:\\Admin\\SourceCode\\node_modules\\express\\lib\\response.js:250:15)\n    at ServerResponse.send (D:\\Admin\\SourceCode\\node_modules\\express\\lib\\response.js:152:21)\n    at D:\\Admin\\SourceCode\\routes\\report.js:18138:40\n    at D:\\Admin\\SourceCode\\node_modules\\mongoose\\lib\\query.js:2749:9\n    at process._tickCallback (internal/process/next_tick.js:103:7)","timestamp":"1:56:21 PM"}
{"level":"warn","message":"uncaughtException Error: Can't set headers after they are sent.\n    at ServerResponse.OutgoingMessage.setHeader (_http_outgoing.js:356:11)\n    at ServerResponse.header (D:\\Admin\\SourceCode\\node_modules\\express\\lib\\response.js:719:10)\n    at ServerResponse.send (D:\\Admin\\SourceCode\\node_modules\\express\\lib\\response.js:164:12)\n    at ServerResponse.json (D:\\Admin\\SourceCode\\node_modules\\express\\lib\\response.js:250:15)\n    at ServerResponse.send (D:\\Admin\\SourceCode\\node_modules\\express\\lib\\response.js:152:21)\n    at D:\\Admin\\SourceCode\\routes\\report.js:18138:40\n    at D:\\Admin\\SourceCode\\node_modules\\mongoose\\lib\\query.js:2749:9\n    at process._tickCallback (internal/process/next_tick.js:103:7)","timestamp":"1:56:21 PM"}
{"level":"warn","message":"uncaughtException Error: Can't set headers after they are sent.\n    at ServerResponse.OutgoingMessage.setHeader (_http_outgoing.js:356:11)\n    at ServerResponse.header (D:\\Admin\\SourceCode\\node_modules\\express\\lib\\response.js:719:10)\n    at ServerResponse.send (D:\\Admin\\SourceCode\\node_modules\\express\\lib\\response.js:164:12)\n    at ServerResponse.json (D:\\Admin\\SourceCode\\node_modules\\express\\lib\\response.js:250:15)\n    at ServerResponse.send (D:\\Admin\\SourceCode\\node_modules\\express\\lib\\response.js:152:21)\n    at D:\\Admin\\SourceCode\\routes\\report.js:18138:40\n    at D:\\Admin\\SourceCode\\node_modules\\mongoose\\lib\\query.js:2749:9\n    at process._tickCallback (internal/process/next_tick.js:103:7)","timestamp":"1:56:21 PM"}
{"level":"warn","message":"uncaughtException Error: Can't set headers after they are sent.\n    at ServerResponse.OutgoingMessage.setHeader (_http_outgoing.js:356:11)\n    at ServerResponse.header (D:\\Admin\\SourceCode\\node_modules\\express\\lib\\response.js:719:10)\n    at ServerResponse.send (D:\\Admin\\SourceCode\\node_modules\\express\\lib\\response.js:164:12)\n    at ServerResponse.json (D:\\Admin\\SourceCode\\node_modules\\express\\lib\\response.js:250:15)\n    at ServerResponse.send (D:\\Admin\\SourceCode\\node_modules\\express\\lib\\response.js:152:21)\n    at D:\\Admin\\SourceCode\\routes\\report.js:18138:40\n    at D:\\Admin\\SourceCode\\node_modules\\mongoose\\lib\\query.js:2749:9\n    at process._tickCallback (internal/process/next_tick.js:103:7)","timestamp":"1:56:21 PM"}
{"level":"warn","message":"uncaughtException Error: Can't set headers after they are sent.\n    at ServerResponse.OutgoingMessage.setHeader (_http_outgoing.js:356:11)\n    at ServerResponse.header (D:\\Admin\\SourceCode\\node_modules\\express\\lib\\response.js:719:10)\n    at ServerResponse.send (D:\\Admin\\SourceCode\\node_modules\\express\\lib\\response.js:164:12)\n    at ServerResponse.json (D:\\Admin\\SourceCode\\node_modules\\express\\lib\\response.js:250:15)\n    at ServerResponse.send (D:\\Admin\\SourceCode\\node_modules\\express\\lib\\response.js:152:21)\n    at D:\\Admin\\SourceCode\\routes\\report.js:18138:40\n    at D:\\Admin\\SourceCode\\node_modules\\mongoose\\lib\\query.js:2749:9\n    at process._tickCallback (internal/process/next_tick.js:103:7)","timestamp":"1:56:21 PM"}
{"level":"warn","message":"uncaughtException Error: Can't set headers after they are sent.\n    at ServerResponse.OutgoingMessage.setHeader (_http_outgoing.js:356:11)\n    at ServerResponse.header (D:\\Admin\\SourceCode\\node_modules\\express\\lib\\response.js:719:10)\n    at ServerResponse.send (D:\\Admin\\SourceCode\\node_modules\\express\\lib\\response.js:164:12)\n    at ServerResponse.json (D:\\Admin\\SourceCode\\node_modules\\express\\lib\\response.js:250:15)\n    at ServerResponse.send (D:\\Admin\\SourceCode\\node_modules\\express\\lib\\response.js:152:21)\n    at D:\\Admin\\SourceCode\\routes\\report.js:18138:40\n    at D:\\Admin\\SourceCode\\node_modules\\mongoose\\lib\\query.js:2749:9\n    at process._tickCallback (internal/process/next_tick.js:103:7)","timestamp":"1:56:21 PM"}
{"level":"warn","message":"uncaughtException Error: Can't set headers after they are sent.\n    at ServerResponse.OutgoingMessage.setHeader (_http_outgoing.js:356:11)\n    at ServerResponse.header (D:\\Admin\\SourceCode\\node_modules\\express\\lib\\response.js:719:10)\n    at ServerResponse.send (D:\\Admin\\SourceCode\\node_modules\\express\\lib\\response.js:164:12)\n    at ServerResponse.json (D:\\Admin\\SourceCode\\node_modules\\express\\lib\\response.js:250:15)\n    at ServerResponse.send (D:\\Admin\\SourceCode\\node_modules\\express\\lib\\response.js:152:21)\n    at D:\\Admin\\SourceCode\\routes\\report.js:18138:40\n    at D:\\Admin\\SourceCode\\node_modules\\mongoose\\lib\\query.js:2749:9\n    at process._tickCallback (internal/process/next_tick.js:103:7)","timestamp":"1:56:21 PM"}
{"level":"warn","message":"uncaughtException Error: Can't set headers after they are sent.\n    at ServerResponse.OutgoingMessage.setHeader (_http_outgoing.js:356:11)\n    at ServerResponse.header (D:\\Admin\\SourceCode\\node_modules\\express\\lib\\response.js:719:10)\n    at ServerResponse.send (D:\\Admin\\SourceCode\\node_modules\\express\\lib\\response.js:164:12)\n    at ServerResponse.json (D:\\Admin\\SourceCode\\node_modules\\express\\lib\\response.js:250:15)\n    at ServerResponse.send (D:\\Admin\\SourceCode\\node_modules\\express\\lib\\response.js:152:21)\n    at D:\\Admin\\SourceCode\\routes\\report.js:18138:40\n    at D:\\Admin\\SourceCode\\node_modules\\mongoose\\lib\\query.js:2749:9\n    at process._tickCallback (internal/process/next_tick.js:103:7)","timestamp":"1:56:21 PM"}
{"level":"warn","message":"uncaughtException Error: Can't set headers after they are sent.\n    at ServerResponse.OutgoingMessage.setHeader (_http_outgoing.js:356:11)\n    at ServerResponse.header (D:\\Admin\\SourceCode\\node_modules\\express\\lib\\response.js:719:10)\n    at ServerResponse.send (D:\\Admin\\SourceCode\\node_modules\\express\\lib\\response.js:164:12)\n    at ServerResponse.json (D:\\Admin\\SourceCode\\node_modules\\express\\lib\\response.js:250:15)\n    at ServerResponse.send (D:\\Admin\\SourceCode\\node_modules\\express\\lib\\response.js:152:21)\n    at D:\\Admin\\SourceCode\\routes\\report.js:18138:40\n    at D:\\Admin\\SourceCode\\node_modules\\mongoose\\lib\\query.js:2749:9\n    at process._tickCallback (internal/process/next_tick.js:103:7)","timestamp":"1:56:21 PM"}
{"level":"warn","message":"uncaughtException Error: Can't set headers after they are sent.\n    at ServerResponse.OutgoingMessage.setHeader (_http_outgoing.js:356:11)\n    at ServerResponse.header (D:\\Admin\\SourceCode\\node_modules\\express\\lib\\response.js:719:10)\n    at ServerResponse.send (D:\\Admin\\SourceCode\\node_modules\\express\\lib\\response.js:164:12)\n    at ServerResponse.json (D:\\Admin\\SourceCode\\node_modules\\express\\lib\\response.js:250:15)\n    at ServerResponse.send (D:\\Admin\\SourceCode\\node_modules\\express\\lib\\response.js:152:21)\n    at D:\\Admin\\SourceCode\\routes\\report.js:18138:40\n    at D:\\Admin\\SourceCode\\node_modules\\mongoose\\lib\\query.js:2749:9\n    at process._tickCallback (internal/process/next_tick.js:103:7)","timestamp":"1:56:21 PM"}
{"level":"warn","message":"uncaughtException Error: Can't set headers after they are sent.\n    at ServerResponse.OutgoingMessage.setHeader (_http_outgoing.js:356:11)\n    at ServerResponse.header (D:\\Admin\\SourceCode\\node_modules\\express\\lib\\response.js:719:10)\n    at ServerResponse.send (D:\\Admin\\SourceCode\\node_modules\\express\\lib\\response.js:164:12)\n    at ServerResponse.json (D:\\Admin\\SourceCode\\node_modules\\express\\lib\\response.js:250:15)\n    at ServerResponse.send (D:\\Admin\\SourceCode\\node_modules\\express\\lib\\response.js:152:21)\n    at D:\\Admin\\SourceCode\\routes\\report.js:18138:40\n    at D:\\Admin\\SourceCode\\node_modules\\mongoose\\lib\\query.js:2749:9\n    at process._tickCallback (internal/process/next_tick.js:103:7)","timestamp":"1:56:21 PM"}
{"level":"error","message":"LOG REFERER YTD http://localhost:7000/ ::1 string","timestamp":"2:12:13 PM"}
{"level":"error","message":"LOG REFERER YTD http://localhost:7000/ ::1 string","timestamp":"2:17:15 PM"}
{"level":"error","message":"LOG REFERER YTD http://localhost:7000/ ::1 string","timestamp":"2:17:15 PM"}
{"level":"error","message":"LOG REFERER YTD http://localhost:7000/ ::1 string","timestamp":"2:48:22 PM"}
{"level":"error","message":"LOG REFERER YTD http://localhost:7000/ ::1 string","timestamp":"2:48:23 PM"}
{"level":"error","message":"LOG REFERER YTD undefined ::ffff:127.0.0.1 undefined","timestamp":"2:56:42 PM"}
{"level":"error","message":"LOG REFERER YTD http://localhost:7000/ ::1 string","timestamp":"2:56:43 PM"}
{"level":"error","message":"LOG REFERER YTD http://localhost:7000/ ::1 string","timestamp":"3:02:23 PM"}
{"level":"error","message":"LOG REFERER YTD http://localhost:7000/ ::1 string","timestamp":"3:02:23 PM"}
{"level":"error","message":"(node:23168) UnhandledPromiseRejectionWarning: Unhandled promise rejection (rejection id: 1): Error: Trying to open unclosed connection.","timestamp":"3:50:54 PM"}
{"level":"error","message":"(node:23168) UnhandledPromiseRejectionWarning: Unhandled promise rejection (rejection id: 2): Error: Trying to open unclosed connection.","timestamp":"3:50:54 PM"}
{"level":"error","message":"(node:23168) UnhandledPromiseRejectionWarning: Unhandled promise rejection (rejection id: 3): Error: Trying to open unclosed connection.","timestamp":"3:50:54 PM"}
{"level":"error","message":"(node:23168) UnhandledPromiseRejectionWarning: Unhandled promise rejection (rejection id: 4): Error: Trying to open unclosed connection.","timestamp":"3:50:54 PM"}
{"level":"error","message":"(node:23168) UnhandledPromiseRejectionWarning: Unhandled promise rejection (rejection id: 5): Error: Trying to open unclosed connection.","timestamp":"3:50:54 PM"}
{"level":"error","message":"(node:23168) UnhandledPromiseRejectionWarning: Unhandled promise rejection (rejection id: 6): Error: Trying to open unclosed connection.","timestamp":"3:50:54 PM"}
{"level":"error","message":"(node:23168) UnhandledPromiseRejectionWarning: Unhandled promise rejection (rejection id: 7): Error: Trying to open unclosed connection.","timestamp":"3:50:54 PM"}
{"level":"error","message":"(node:23168) UnhandledPromiseRejectionWarning: Unhandled promise rejection (rejection id: 8): Error: Trying to open unclosed connection.","timestamp":"3:50:54 PM"}
{"level":"error","message":"(node:23168) UnhandledPromiseRejectionWarning: Unhandled promise rejection (rejection id: 9): Error: Trying to open unclosed connection.","timestamp":"3:50:54 PM"}
{"level":"error","message":"(node:23168) UnhandledPromiseRejectionWarning: Unhandled promise rejection (rejection id: 10): Error: Trying to open unclosed connection.","timestamp":"3:50:54 PM"}
{"level":"error","message":"(node:23168) UnhandledPromiseRejectionWarning: Unhandled promise rejection (rejection id: 11): Error: Trying to open unclosed connection.","timestamp":"3:50:54 PM"}
{"level":"error","message":"(node:23168) UnhandledPromiseRejectionWarning: Unhandled promise rejection (rejection id: 12): Error: Trying to open unclosed connection.","timestamp":"3:50:54 PM"}
{"level":"error","message":"(node:23168) UnhandledPromiseRejectionWarning: Unhandled promise rejection (rejection id: 13): Error: Trying to open unclosed connection.","timestamp":"3:50:54 PM"}
{"level":"error","message":"(node:23168) UnhandledPromiseRejectionWarning: Unhandled promise rejection (rejection id: 14): Error: Trying to open unclosed connection.","timestamp":"3:50:54 PM"}
{"level":"error","message":"(node:23168) UnhandledPromiseRejectionWarning: Unhandled promise rejection (rejection id: 15): Error: Trying to open unclosed connection.","timestamp":"3:50:54 PM"}
{"level":"error","message":"(node:23168) UnhandledPromiseRejectionWarning: Unhandled promise rejection (rejection id: 16): Error: Trying to open unclosed connection.","timestamp":"3:50:54 PM"}
{"level":"error","message":"(node:23168) UnhandledPromiseRejectionWarning: Unhandled promise rejection (rejection id: 17): Error: Trying to open unclosed connection.","timestamp":"3:50:54 PM"}
{"level":"error","message":"(node:23168) UnhandledPromiseRejectionWarning: Unhandled promise rejection (rejection id: 18): Error: Trying to open unclosed connection.","timestamp":"3:50:54 PM"}
{"level":"error","message":"(node:23168) UnhandledPromiseRejectionWarning: Unhandled promise rejection (rejection id: 19): Error: Trying to open unclosed connection.","timestamp":"3:50:54 PM"}
{"level":"error","message":"(node:23168) UnhandledPromiseRejectionWarning: Unhandled promise rejection (rejection id: 20): Error: Trying to open unclosed connection.","timestamp":"3:50:54 PM"}
{"level":"error","message":"(node:23168) UnhandledPromiseRejectionWarning: Unhandled promise rejection (rejection id: 21): Error: Trying to open unclosed connection.","timestamp":"3:50:54 PM"}
{"level":"error","message":"(node:23168) UnhandledPromiseRejectionWarning: Unhandled promise rejection (rejection id: 22): Error: Trying to open unclosed connection.","timestamp":"3:50:55 PM"}
{"level":"error","message":"(node:23168) UnhandledPromiseRejectionWarning: Unhandled promise rejection (rejection id: 23): Error: Trying to open unclosed connection.","timestamp":"3:50:55 PM"}
{"level":"error","message":"(node:23168) UnhandledPromiseRejectionWarning: Unhandled promise rejection (rejection id: 24): Error: Trying to open unclosed connection.","timestamp":"3:50:55 PM"}
{"level":"error","message":"(node:23168) UnhandledPromiseRejectionWarning: Unhandled promise rejection (rejection id: 25): Error: Trying to open unclosed connection.","timestamp":"3:50:55 PM"}
{"level":"error","message":"(node:23168) UnhandledPromiseRejectionWarning: Unhandled promise rejection (rejection id: 26): Error: Trying to open unclosed connection.","timestamp":"3:50:55 PM"}
{"level":"error","message":"(node:23168) UnhandledPromiseRejectionWarning: Unhandled promise rejection (rejection id: 27): Error: Trying to open unclosed connection.","timestamp":"3:50:55 PM"}
{"level":"error","message":"(node:23168) UnhandledPromiseRejectionWarning: Unhandled promise rejection (rejection id: 28): Error: Trying to open unclosed connection.","timestamp":"3:50:55 PM"}
{"level":"error","message":"(node:23168) UnhandledPromiseRejectionWarning: Unhandled promise rejection (rejection id: 29): Error: Trying to open unclosed connection.","timestamp":"3:50:55 PM"}
{"level":"error","message":"(node:23168) UnhandledPromiseRejectionWarning: Unhandled promise rejection (rejection id: 30): Error: Trying to open unclosed connection.","timestamp":"3:50:55 PM"}
{"level":"error","message":"(node:23168) UnhandledPromiseRejectionWarning: Unhandled promise rejection (rejection id: 31): Error: Trying to open unclosed connection.","timestamp":"3:50:55 PM"}
{"level":"error","message":"(node:23168) UnhandledPromiseRejectionWarning: Unhandled promise rejection (rejection id: 32): Error: Trying to open unclosed connection.","timestamp":"3:50:55 PM"}
{"level":"error","message":"(node:23168) UnhandledPromiseRejectionWarning: Unhandled promise rejection (rejection id: 33): Error: Trying to open unclosed connection.","timestamp":"3:50:55 PM"}
{"level":"error","message":"(node:23168) UnhandledPromiseRejectionWarning: Unhandled promise rejection (rejection id: 34): Error: Trying to open unclosed connection.","timestamp":"3:50:55 PM"}
{"level":"error","message":"(node:23168) UnhandledPromiseRejectionWarning: Unhandled promise rejection (rejection id: 35): Error: Trying to open unclosed connection.","timestamp":"3:50:55 PM"}
{"level":"error","message":"(node:23168) UnhandledPromiseRejectionWarning: Unhandled promise rejection (rejection id: 36): Error: Trying to open unclosed connection.","timestamp":"3:50:55 PM"}
{"level":"error","message":"(node:23168) UnhandledPromiseRejectionWarning: Unhandled promise rejection (rejection id: 37): Error: Trying to open unclosed connection.","timestamp":"3:50:55 PM"}
{"level":"error","message":"(node:23168) UnhandledPromiseRejectionWarning: Unhandled promise rejection (rejection id: 38): Error: Trying to open unclosed connection.","timestamp":"3:50:55 PM"}
{"level":"error","message":"(node:23168) UnhandledPromiseRejectionWarning: Unhandled promise rejection (rejection id: 39): Error: Trying to open unclosed connection.","timestamp":"3:50:55 PM"}
{"level":"error","message":"(node:23168) UnhandledPromiseRejectionWarning: Unhandled promise rejection (rejection id: 40): Error: Trying to open unclosed connection.","timestamp":"3:50:55 PM"}
{"level":"error","message":"(node:23168) UnhandledPromiseRejectionWarning: Unhandled promise rejection (rejection id: 41): Error: Trying to open unclosed connection.","timestamp":"3:50:55 PM"}
{"level":"error","message":"(node:23168) UnhandledPromiseRejectionWarning: Unhandled promise rejection (rejection id: 42): Error: Trying to open unclosed connection.","timestamp":"3:50:55 PM"}
{"level":"error","message":"(node:23168) UnhandledPromiseRejectionWarning: Unhandled promise rejection (rejection id: 43): Error: Trying to open unclosed connection.","timestamp":"3:50:55 PM"}
{"level":"error","message":"(node:23168) UnhandledPromiseRejectionWarning: Unhandled promise rejection (rejection id: 44): Error: Trying to open unclosed connection.","timestamp":"3:50:55 PM"}
{"level":"error","message":"(node:23168) UnhandledPromiseRejectionWarning: Unhandled promise rejection (rejection id: 45): Error: Trying to open unclosed connection.","timestamp":"3:50:55 PM"}
{"level":"error","message":"(node:23168) UnhandledPromiseRejectionWarning: Unhandled promise rejection (rejection id: 46): Error: Trying to open unclosed connection.","timestamp":"3:50:55 PM"}
{"level":"error","message":"(node:23168) UnhandledPromiseRejectionWarning: Unhandled promise rejection (rejection id: 47): Error: Trying to open unclosed connection.","timestamp":"3:50:55 PM"}
{"level":"error","message":"(node:23168) UnhandledPromiseRejectionWarning: Unhandled promise rejection (rejection id: 48): Error: Trying to open unclosed connection.","timestamp":"3:50:55 PM"}
{"level":"error","message":"(node:23168) UnhandledPromiseRejectionWarning: Unhandled promise rejection (rejection id: 49): Error: Trying to open unclosed connection.","timestamp":"3:50:55 PM"}
{"level":"error","message":"(node:23168) UnhandledPromiseRejectionWarning: Unhandled promise rejection (rejection id: 50): Error: Trying to open unclosed connection.","timestamp":"3:50:55 PM"}
{"level":"error","message":"(node:23168) UnhandledPromiseRejectionWarning: Unhandled promise rejection (rejection id: 51): Error: Trying to open unclosed connection.","timestamp":"3:50:55 PM"}
{"level":"error","message":"(node:23168) UnhandledPromiseRejectionWarning: Unhandled promise rejection (rejection id: 52): Error: Trying to open unclosed connection.","timestamp":"3:50:55 PM"}
{"level":"error","message":"(node:23168) UnhandledPromiseRejectionWarning: Unhandled promise rejection (rejection id: 53): Error: Trying to open unclosed connection.","timestamp":"3:50:55 PM"}
{"level":"error","message":"LOG REFERER YTD undefined ::ffff:127.0.0.1 undefined","timestamp":"4:49:50 PM"}
{"level":"error","message":"LOG REFERER YTD http://localhost:7000/ ::1 string","timestamp":"4:49:51 PM"}
{"level":"error","message":"LOG REFERER YTD http://localhost:7000/ ::1 string","timestamp":"4:49:53 PM"}
{"level":"error","message":"LOG REFERER YTD http://localhost:7000/ ::1 string","timestamp":"4:50:45 PM"}
{"level":"error","message":"LOG REFERER YTD http://localhost:7000/ ::1 string","timestamp":"4:52:10 PM"}
{"level":"error","message":"LOG REFERER YTD http://localhost:7000/ ::1 string","timestamp":"4:54:56 PM"}
{"level":"error","message":"LOG REFERER YTD http://localhost:7000/ ::1 string","timestamp":"5:13:02 PM"}
{"level":"error","message":"LOG REFERER YTD http://localhost:7000/ ::1 string","timestamp":"5:13:05 PM"}
{"level":"error","message":"LOG REFERER YTD http://localhost:7000/ ::1 string","timestamp":"5:13:05 PM"}
{"level":"error","message":"LOG REFERER YTD http://localhost:7000/ ::1 string","timestamp":"5:13:08 PM"}
{"level":"error","message":"LOG REFERER YTD http://localhost:7000/ ::1 string","timestamp":"5:13:10 PM"}
{"level":"error","message":"LOG REFERER YTD http://localhost:7000/ ::1 string","timestamp":"5:13:15 PM"}
{"level":"error","message":"LOG REFERER YTD http://localhost:7000/ ::1 string","timestamp":"5:13:18 PM"}
