{"level":"error","message":"LOG REFERER YTD undefined ::ffff:127.0.0.1 undefined","timestamp":"9:00:35 AM"}
{"level":"error","message":"LOG REFERER YTD undefined ::ffff:127.0.0.1 undefined","timestamp":"9:00:35 AM"}
{"level":"error","message":"LOG REFERER YTD http://localhost:7000/ ::1 string","timestamp":"9:00:36 AM"}
{"level":"error","message":"LOG REFERER YTD http://localhost:7000/ ::1 string","timestamp":"9:40:54 AM"}
{"level":"error","message":"LOG REFERER YTD http://localhost:7000/ ::1 string","timestamp":"9:42:41 AM"}
{"level":"error","message":"LOG REFERER YTD http://localhost:7000/ ::1 string","timestamp":"9:42:44 AM"}
{"level":"error","message":"LOG REFERER YTD http://localhost:7000/ ::1 string","timestamp":"9:44:05 AM"}
{"level":"error","message":"LOG REFERER YTD http://localhost:7000/ ::1 string","timestamp":"9:44:05 AM"}
{"level":"error","message":"LOG REFERER YTD http://localhost:7000/ ::1 string","timestamp":"9:44:42 AM"}
{"level":"error","message":"LOG REFERER YTD http://localhost:7000/ ::1 string","timestamp":"9:44:46 AM"}
{"level":"error","message":"LOG REFERER YTD http://localhost:7000/ ::1 string","timestamp":"9:45:16 AM"}
{"level":"error","message":"LOG REFERER YTD http://localhost:7000/ ::1 string","timestamp":"9:45:19 AM"}
{"level":"error","message":"LOG REFERER YTD http://localhost:7000/ ::1 string","timestamp":"9:45:22 AM"}
{"level":"error","message":"LOG REFERER YTD http://localhost:7000/ ::1 string","timestamp":"10:00:00 AM"}
{"level":"error","message":"LOG REFERER YTD http://localhost:7000/ ::1 string","timestamp":"10:00:05 AM"}
{"level":"error","message":"LOG REFERER YTD http://localhost:7000/ ::1 string","timestamp":"10:01:38 AM"}
{"level":"error","message":"LOG REFERER YTD http://localhost:7000/ ::1 string","timestamp":"10:01:38 AM"}
{"level":"error","message":"LOG REFERER YTD http://localhost:7000/ ::1 string","timestamp":"10:01:49 AM"}
{"level":"error","message":"LOG REFERER YTD http://localhost:7000/ ::1 string","timestamp":"10:01:53 AM"}
{"level":"error","message":"LOG REFERER YTD http://localhost:7000/ ::1 string","timestamp":"10:02:13 AM"}
{"level":"error","message":"LOG REFERER YTD http://localhost:7000/ ::1 string","timestamp":"10:02:17 AM"}
{"level":"error","message":"LOG REFERER YTD http://localhost:7000/ ::1 string","timestamp":"10:10:08 AM"}
{"level":"error","message":"LOG REFERER YTD http://localhost:7000/ ::1 string","timestamp":"10:10:12 AM"}
{"level":"error","message":"LOG REFERER YTD http://localhost:7000/ ::1 string","timestamp":"10:10:38 AM"}
{"level":"error","message":"LOG REFERER YTD http://localhost:7000/ ::1 string","timestamp":"10:10:39 AM"}
{"level":"error","message":"LOG REFERER YTD http://localhost:7000/ ::1 string","timestamp":"10:18:38 AM"}
{"level":"error","message":"LOG REFERER YTD http://localhost:7000/ ::1 string","timestamp":"10:18:43 AM"}
{"level":"warn","message":"uncaughtException { MongoError: failed to connect to server [65.0.176.149:27017] on first connect [MongoError: connection 0 to 65.0.176.149:27017 timed out]\n    at Pool.<anonymous> (D:\\Suyash Files\\SourceCode\\node_modules\\mongoose\\node_modules\\mongodb-core\\lib\\topologies\\server.js:336:35)\n    at emitOne (events.js:96:13)\n    at Pool.emit (events.js:188:7)\n    at Connection.<anonymous> (D:\\Suyash Files\\SourceCode\\node_modules\\mongoose\\node_modules\\mongodb-core\\lib\\connection\\pool.js:280:12)\n    at Connection.g (events.js:291:16)\n    at emitTwo (events.js:106:13)\n    at Connection.emit (events.js:191:7)\n    at Socket.<anonymous> (D:\\Suyash Files\\SourceCode\\node_modules\\mongoose\\node_modules\\mongodb-core\\lib\\connection\\connection.js:197:10)\n    at Socket.g (events.js:291:16)\n    at emitNone (events.js:86:13)\n    at Socket.emit (events.js:185:7)\n    at Socket._onTimeout (net.js:339:8)\n    at ontimeout (timers.js:365:14)\n    at tryOnTimeout (timers.js:237:5)\n    at Timer.listOnTimeout (timers.js:207:5)\n  name: 'MongoError',\n  message: 'failed to connect to server [65.0.176.149:27017] on first connect [MongoError: connection 0 to 65.0.176.149:27017 timed out]' }","timestamp":"10:49:17 AM"}
{"level":"warn","message":"uncaughtException { MongoError: failed to connect to server [65.0.176.149:27017] on first connect [MongoError: connection 1 to 65.0.176.149:27017 timed out]\n    at Pool.<anonymous> (D:\\Suyash Files\\SourceCode\\node_modules\\mongoose\\node_modules\\mongodb-core\\lib\\topologies\\server.js:336:35)\n    at emitOne (events.js:96:13)\n    at Pool.emit (events.js:188:7)\n    at Connection.<anonymous> (D:\\Suyash Files\\SourceCode\\node_modules\\mongoose\\node_modules\\mongodb-core\\lib\\connection\\pool.js:280:12)\n    at Connection.g (events.js:291:16)\n    at emitTwo (events.js:106:13)\n    at Connection.emit (events.js:191:7)\n    at Socket.<anonymous> (D:\\Suyash Files\\SourceCode\\node_modules\\mongoose\\node_modules\\mongodb-core\\lib\\connection\\connection.js:197:10)\n    at Socket.g (events.js:291:16)\n    at emitNone (events.js:86:13)\n    at Socket.emit (events.js:185:7)\n    at Socket._onTimeout (net.js:339:8)\n    at ontimeout (timers.js:365:14)\n    at tryOnTimeout (timers.js:237:5)\n    at Timer.listOnTimeout (timers.js:207:5)\n  name: 'MongoError',\n  message: 'failed to connect to server [65.0.176.149:27017] on first connect [MongoError: connection 1 to 65.0.176.149:27017 timed out]' }","timestamp":"10:49:18 AM"}
{"level":"warn","message":"Db.prototype.authenticate method will no longer be available in the next major release 3.x as MongoDB 3.6 will only allow auth against users in the admin db and will no longer allow multiple credentials on a socket. Please authenticate using MongoClient.connect with auth credentials.","timestamp":"10:49:18 AM"}
{"level":"warn","message":"uncaughtException { MongoError: failed to connect to server [65.0.176.149:27017] on first connect [MongoError: connection 2 to 65.0.176.149:27017 timed out]\n    at Pool.<anonymous> (D:\\Suyash Files\\SourceCode\\node_modules\\mongoose\\node_modules\\mongodb-core\\lib\\topologies\\server.js:336:35)\n    at emitOne (events.js:96:13)\n    at Pool.emit (events.js:188:7)\n    at Connection.<anonymous> (D:\\Suyash Files\\SourceCode\\node_modules\\mongoose\\node_modules\\mongodb-core\\lib\\connection\\pool.js:280:12)\n    at Connection.g (events.js:291:16)\n    at emitTwo (events.js:106:13)\n    at Connection.emit (events.js:191:7)\n    at Socket.<anonymous> (D:\\Suyash Files\\SourceCode\\node_modules\\mongoose\\node_modules\\mongodb-core\\lib\\connection\\connection.js:197:10)\n    at Socket.g (events.js:291:16)\n    at emitNone (events.js:86:13)\n    at Socket.emit (events.js:185:7)\n    at Socket._onTimeout (net.js:339:8)\n    at ontimeout (timers.js:365:14)\n    at tryOnTimeout (timers.js:237:5)\n    at Timer.listOnTimeout (timers.js:207:5)\n  name: 'MongoError',\n  message: 'failed to connect to server [65.0.176.149:27017] on first connect [MongoError: connection 2 to 65.0.176.149:27017 timed out]' }","timestamp":"10:49:18 AM"}
{"level":"warn","message":"Db.prototype.authenticate method will no longer be available in the next major release 3.x as MongoDB 3.6 will only allow auth against users in the admin db and will no longer allow multiple credentials on a socket. Please authenticate using MongoClient.connect with auth credentials.","timestamp":"10:49:18 AM"}
{"level":"warn","message":"Db.prototype.authenticate method will no longer be available in the next major release 3.x as MongoDB 3.6 will only allow auth against users in the admin db and will no longer allow multiple credentials on a socket. Please authenticate using MongoClient.connect with auth credentials.","timestamp":"10:49:18 AM"}
{"level":"warn","message":"Db.prototype.authenticate method will no longer be available in the next major release 3.x as MongoDB 3.6 will only allow auth against users in the admin db and will no longer allow multiple credentials on a socket. Please authenticate using MongoClient.connect with auth credentials.","timestamp":"10:49:18 AM"}
{"level":"warn","message":"Db.prototype.authenticate method will no longer be available in the next major release 3.x as MongoDB 3.6 will only allow auth against users in the admin db and will no longer allow multiple credentials on a socket. Please authenticate using MongoClient.connect with auth credentials.","timestamp":"10:49:18 AM"}
{"level":"warn","message":"Db.prototype.authenticate method will no longer be available in the next major release 3.x as MongoDB 3.6 will only allow auth against users in the admin db and will no longer allow multiple credentials on a socket. Please authenticate using MongoClient.connect with auth credentials.","timestamp":"10:49:18 AM"}
{"level":"warn","message":"Db.prototype.authenticate method will no longer be available in the next major release 3.x as MongoDB 3.6 will only allow auth against users in the admin db and will no longer allow multiple credentials on a socket. Please authenticate using MongoClient.connect with auth credentials.","timestamp":"10:49:18 AM"}
{"level":"warn","message":"Db.prototype.authenticate method will no longer be available in the next major release 3.x as MongoDB 3.6 will only allow auth against users in the admin db and will no longer allow multiple credentials on a socket. Please authenticate using MongoClient.connect with auth credentials.","timestamp":"10:49:18 AM"}
{"level":"warn","message":"Db.prototype.authenticate method will no longer be available in the next major release 3.x as MongoDB 3.6 will only allow auth against users in the admin db and will no longer allow multiple credentials on a socket. Please authenticate using MongoClient.connect with auth credentials.","timestamp":"10:49:18 AM"}
{"level":"warn","message":"Db.prototype.authenticate method will no longer be available in the next major release 3.x as MongoDB 3.6 will only allow auth against users in the admin db and will no longer allow multiple credentials on a socket. Please authenticate using MongoClient.connect with auth credentials.","timestamp":"10:49:18 AM"}
{"level":"warn","message":"Db.prototype.authenticate method will no longer be available in the next major release 3.x as MongoDB 3.6 will only allow auth against users in the admin db and will no longer allow multiple credentials on a socket. Please authenticate using MongoClient.connect with auth credentials.","timestamp":"10:49:18 AM"}
{"level":"warn","message":"Db.prototype.authenticate method will no longer be available in the next major release 3.x as MongoDB 3.6 will only allow auth against users in the admin db and will no longer allow multiple credentials on a socket. Please authenticate using MongoClient.connect with auth credentials.","timestamp":"10:49:18 AM"}
{"level":"warn","message":"Db.prototype.authenticate method will no longer be available in the next major release 3.x as MongoDB 3.6 will only allow auth against users in the admin db and will no longer allow multiple credentials on a socket. Please authenticate using MongoClient.connect with auth credentials.","timestamp":"10:49:18 AM"}
{"level":"warn","message":"Db.prototype.authenticate method will no longer be available in the next major release 3.x as MongoDB 3.6 will only allow auth against users in the admin db and will no longer allow multiple credentials on a socket. Please authenticate using MongoClient.connect with auth credentials.","timestamp":"10:49:18 AM"}
{"level":"warn","message":"Db.prototype.authenticate method will no longer be available in the next major release 3.x as MongoDB 3.6 will only allow auth against users in the admin db and will no longer allow multiple credentials on a socket. Please authenticate using MongoClient.connect with auth credentials.","timestamp":"10:49:18 AM"}
{"level":"warn","message":"Db.prototype.authenticate method will no longer be available in the next major release 3.x as MongoDB 3.6 will only allow auth against users in the admin db and will no longer allow multiple credentials on a socket. Please authenticate using MongoClient.connect with auth credentials.","timestamp":"10:49:18 AM"}
{"level":"warn","message":"Db.prototype.authenticate method will no longer be available in the next major release 3.x as MongoDB 3.6 will only allow auth against users in the admin db and will no longer allow multiple credentials on a socket. Please authenticate using MongoClient.connect with auth credentials.","timestamp":"10:49:18 AM"}
{"level":"warn","message":"Db.prototype.authenticate method will no longer be available in the next major release 3.x as MongoDB 3.6 will only allow auth against users in the admin db and will no longer allow multiple credentials on a socket. Please authenticate using MongoClient.connect with auth credentials.","timestamp":"10:49:18 AM"}
{"level":"warn","message":"Db.prototype.authenticate method will no longer be available in the next major release 3.x as MongoDB 3.6 will only allow auth against users in the admin db and will no longer allow multiple credentials on a socket. Please authenticate using MongoClient.connect with auth credentials.","timestamp":"10:49:18 AM"}
{"level":"warn","message":"Db.prototype.authenticate method will no longer be available in the next major release 3.x as MongoDB 3.6 will only allow auth against users in the admin db and will no longer allow multiple credentials on a socket. Please authenticate using MongoClient.connect with auth credentials.","timestamp":"10:49:18 AM"}
{"level":"warn","message":"Db.prototype.authenticate method will no longer be available in the next major release 3.x as MongoDB 3.6 will only allow auth against users in the admin db and will no longer allow multiple credentials on a socket. Please authenticate using MongoClient.connect with auth credentials.","timestamp":"10:49:18 AM"}
{"level":"warn","message":"Db.prototype.authenticate method will no longer be available in the next major release 3.x as MongoDB 3.6 will only allow auth against users in the admin db and will no longer allow multiple credentials on a socket. Please authenticate using MongoClient.connect with auth credentials.","timestamp":"10:49:18 AM"}
{"level":"warn","message":"Db.prototype.authenticate method will no longer be available in the next major release 3.x as MongoDB 3.6 will only allow auth against users in the admin db and will no longer allow multiple credentials on a socket. Please authenticate using MongoClient.connect with auth credentials.","timestamp":"10:49:18 AM"}
{"level":"warn","message":"Db.prototype.authenticate method will no longer be available in the next major release 3.x as MongoDB 3.6 will only allow auth against users in the admin db and will no longer allow multiple credentials on a socket. Please authenticate using MongoClient.connect with auth credentials.","timestamp":"10:49:18 AM"}
{"level":"warn","message":"Db.prototype.authenticate method will no longer be available in the next major release 3.x as MongoDB 3.6 will only allow auth against users in the admin db and will no longer allow multiple credentials on a socket. Please authenticate using MongoClient.connect with auth credentials.","timestamp":"10:49:18 AM"}
{"level":"error","message":"(node:12648) UnhandledPromiseRejectionWarning: Unhandled promise rejection (rejection id: 1): MongoError: E11000 duplicate key error collection: lm-api-qa.sync_contacts index: Sync_Contact_Id_1 dup key: { : null }","timestamp":"10:49:18 AM"}
{"level":"error","message":"(node:12648) UnhandledPromiseRejectionWarning: Unhandled promise rejection (rejection id: 2): MongoError: Index with name: Posp_Id_1 already exists with different options","timestamp":"10:49:19 AM"}
{"level":"error","message":"LOG REFERER YTD undefined ::1 undefined","timestamp":"10:50:05 AM"}
{"level":"warn","message":"Db.prototype.authenticate method will no longer be available in the next major release 3.x as MongoDB 3.6 will only allow auth against users in the admin db and will no longer allow multiple credentials on a socket. Please authenticate using MongoClient.connect with auth credentials.","timestamp":"10:52:12 AM"}
{"level":"warn","message":"Db.prototype.authenticate method will no longer be available in the next major release 3.x as MongoDB 3.6 will only allow auth against users in the admin db and will no longer allow multiple credentials on a socket. Please authenticate using MongoClient.connect with auth credentials.","timestamp":"10:52:12 AM"}
{"level":"warn","message":"Db.prototype.authenticate method will no longer be available in the next major release 3.x as MongoDB 3.6 will only allow auth against users in the admin db and will no longer allow multiple credentials on a socket. Please authenticate using MongoClient.connect with auth credentials.","timestamp":"10:52:12 AM"}
{"level":"warn","message":"Db.prototype.authenticate method will no longer be available in the next major release 3.x as MongoDB 3.6 will only allow auth against users in the admin db and will no longer allow multiple credentials on a socket. Please authenticate using MongoClient.connect with auth credentials.","timestamp":"10:52:12 AM"}
{"level":"warn","message":"Db.prototype.authenticate method will no longer be available in the next major release 3.x as MongoDB 3.6 will only allow auth against users in the admin db and will no longer allow multiple credentials on a socket. Please authenticate using MongoClient.connect with auth credentials.","timestamp":"10:52:12 AM"}
{"level":"warn","message":"Db.prototype.authenticate method will no longer be available in the next major release 3.x as MongoDB 3.6 will only allow auth against users in the admin db and will no longer allow multiple credentials on a socket. Please authenticate using MongoClient.connect with auth credentials.","timestamp":"10:52:12 AM"}
{"level":"warn","message":"Db.prototype.authenticate method will no longer be available in the next major release 3.x as MongoDB 3.6 will only allow auth against users in the admin db and will no longer allow multiple credentials on a socket. Please authenticate using MongoClient.connect with auth credentials.","timestamp":"10:52:12 AM"}
{"level":"warn","message":"Db.prototype.authenticate method will no longer be available in the next major release 3.x as MongoDB 3.6 will only allow auth against users in the admin db and will no longer allow multiple credentials on a socket. Please authenticate using MongoClient.connect with auth credentials.","timestamp":"10:52:12 AM"}
{"level":"warn","message":"Db.prototype.authenticate method will no longer be available in the next major release 3.x as MongoDB 3.6 will only allow auth against users in the admin db and will no longer allow multiple credentials on a socket. Please authenticate using MongoClient.connect with auth credentials.","timestamp":"10:52:12 AM"}
{"level":"warn","message":"Db.prototype.authenticate method will no longer be available in the next major release 3.x as MongoDB 3.6 will only allow auth against users in the admin db and will no longer allow multiple credentials on a socket. Please authenticate using MongoClient.connect with auth credentials.","timestamp":"10:52:12 AM"}
{"level":"warn","message":"Db.prototype.authenticate method will no longer be available in the next major release 3.x as MongoDB 3.6 will only allow auth against users in the admin db and will no longer allow multiple credentials on a socket. Please authenticate using MongoClient.connect with auth credentials.","timestamp":"10:52:12 AM"}
{"level":"warn","message":"Db.prototype.authenticate method will no longer be available in the next major release 3.x as MongoDB 3.6 will only allow auth against users in the admin db and will no longer allow multiple credentials on a socket. Please authenticate using MongoClient.connect with auth credentials.","timestamp":"10:52:12 AM"}
{"level":"warn","message":"Db.prototype.authenticate method will no longer be available in the next major release 3.x as MongoDB 3.6 will only allow auth against users in the admin db and will no longer allow multiple credentials on a socket. Please authenticate using MongoClient.connect with auth credentials.","timestamp":"10:52:12 AM"}
{"level":"warn","message":"Db.prototype.authenticate method will no longer be available in the next major release 3.x as MongoDB 3.6 will only allow auth against users in the admin db and will no longer allow multiple credentials on a socket. Please authenticate using MongoClient.connect with auth credentials.","timestamp":"10:52:12 AM"}
{"level":"warn","message":"Db.prototype.authenticate method will no longer be available in the next major release 3.x as MongoDB 3.6 will only allow auth against users in the admin db and will no longer allow multiple credentials on a socket. Please authenticate using MongoClient.connect with auth credentials.","timestamp":"10:52:12 AM"}
{"level":"warn","message":"Db.prototype.authenticate method will no longer be available in the next major release 3.x as MongoDB 3.6 will only allow auth against users in the admin db and will no longer allow multiple credentials on a socket. Please authenticate using MongoClient.connect with auth credentials.","timestamp":"10:52:13 AM"}
{"level":"warn","message":"Db.prototype.authenticate method will no longer be available in the next major release 3.x as MongoDB 3.6 will only allow auth against users in the admin db and will no longer allow multiple credentials on a socket. Please authenticate using MongoClient.connect with auth credentials.","timestamp":"10:52:13 AM"}
{"level":"warn","message":"Db.prototype.authenticate method will no longer be available in the next major release 3.x as MongoDB 3.6 will only allow auth against users in the admin db and will no longer allow multiple credentials on a socket. Please authenticate using MongoClient.connect with auth credentials.","timestamp":"10:52:13 AM"}
{"level":"warn","message":"Db.prototype.authenticate method will no longer be available in the next major release 3.x as MongoDB 3.6 will only allow auth against users in the admin db and will no longer allow multiple credentials on a socket. Please authenticate using MongoClient.connect with auth credentials.","timestamp":"10:52:13 AM"}
{"level":"warn","message":"Db.prototype.authenticate method will no longer be available in the next major release 3.x as MongoDB 3.6 will only allow auth against users in the admin db and will no longer allow multiple credentials on a socket. Please authenticate using MongoClient.connect with auth credentials.","timestamp":"10:52:13 AM"}
{"level":"warn","message":"Db.prototype.authenticate method will no longer be available in the next major release 3.x as MongoDB 3.6 will only allow auth against users in the admin db and will no longer allow multiple credentials on a socket. Please authenticate using MongoClient.connect with auth credentials.","timestamp":"10:52:13 AM"}
{"level":"warn","message":"Db.prototype.authenticate method will no longer be available in the next major release 3.x as MongoDB 3.6 will only allow auth against users in the admin db and will no longer allow multiple credentials on a socket. Please authenticate using MongoClient.connect with auth credentials.","timestamp":"10:52:13 AM"}
{"level":"warn","message":"Db.prototype.authenticate method will no longer be available in the next major release 3.x as MongoDB 3.6 will only allow auth against users in the admin db and will no longer allow multiple credentials on a socket. Please authenticate using MongoClient.connect with auth credentials.","timestamp":"10:52:13 AM"}
{"level":"warn","message":"Db.prototype.authenticate method will no longer be available in the next major release 3.x as MongoDB 3.6 will only allow auth against users in the admin db and will no longer allow multiple credentials on a socket. Please authenticate using MongoClient.connect with auth credentials.","timestamp":"10:52:13 AM"}
{"level":"warn","message":"Db.prototype.authenticate method will no longer be available in the next major release 3.x as MongoDB 3.6 will only allow auth against users in the admin db and will no longer allow multiple credentials on a socket. Please authenticate using MongoClient.connect with auth credentials.","timestamp":"10:52:13 AM"}
{"level":"warn","message":"Db.prototype.authenticate method will no longer be available in the next major release 3.x as MongoDB 3.6 will only allow auth against users in the admin db and will no longer allow multiple credentials on a socket. Please authenticate using MongoClient.connect with auth credentials.","timestamp":"10:52:13 AM"}
{"level":"warn","message":"Db.prototype.authenticate method will no longer be available in the next major release 3.x as MongoDB 3.6 will only allow auth against users in the admin db and will no longer allow multiple credentials on a socket. Please authenticate using MongoClient.connect with auth credentials.","timestamp":"10:52:13 AM"}
{"level":"warn","message":"Db.prototype.authenticate method will no longer be available in the next major release 3.x as MongoDB 3.6 will only allow auth against users in the admin db and will no longer allow multiple credentials on a socket. Please authenticate using MongoClient.connect with auth credentials.","timestamp":"10:52:13 AM"}
{"level":"error","message":"(node:15772) UnhandledPromiseRejectionWarning: Unhandled promise rejection (rejection id: 1): MongoError: E11000 duplicate key error collection: lm-api-qa.sync_contacts index: Sync_Contact_Id_1 dup key: { : null }","timestamp":"10:52:13 AM"}
{"level":"error","message":"(node:15772) UnhandledPromiseRejectionWarning: Unhandled promise rejection (rejection id: 2): MongoError: Index with name: Posp_Id_1 already exists with different options","timestamp":"10:52:14 AM"}
{"level":"error","message":"LOG REFERER YTD undefined ::1 undefined","timestamp":"10:52:22 AM"}
{"level":"error","message":"LOG REFERER YTD undefined ::1 undefined","timestamp":"10:56:25 AM"}
{"level":"error","message":"LOG REFERER YTD undefined ::1 undefined","timestamp":"10:57:14 AM"}
{"level":"warn","message":"Db.prototype.authenticate method will no longer be available in the next major release 3.x as MongoDB 3.6 will only allow auth against users in the admin db and will no longer allow multiple credentials on a socket. Please authenticate using MongoClient.connect with auth credentials.","timestamp":"2:27:20 PM"}
{"level":"warn","message":"Db.prototype.authenticate method will no longer be available in the next major release 3.x as MongoDB 3.6 will only allow auth against users in the admin db and will no longer allow multiple credentials on a socket. Please authenticate using MongoClient.connect with auth credentials.","timestamp":"2:27:20 PM"}
{"level":"warn","message":"Db.prototype.authenticate method will no longer be available in the next major release 3.x as MongoDB 3.6 will only allow auth against users in the admin db and will no longer allow multiple credentials on a socket. Please authenticate using MongoClient.connect with auth credentials.","timestamp":"2:27:20 PM"}
{"level":"warn","message":"Db.prototype.authenticate method will no longer be available in the next major release 3.x as MongoDB 3.6 will only allow auth against users in the admin db and will no longer allow multiple credentials on a socket. Please authenticate using MongoClient.connect with auth credentials.","timestamp":"2:27:20 PM"}
{"level":"warn","message":"Db.prototype.authenticate method will no longer be available in the next major release 3.x as MongoDB 3.6 will only allow auth against users in the admin db and will no longer allow multiple credentials on a socket. Please authenticate using MongoClient.connect with auth credentials.","timestamp":"2:27:20 PM"}
{"level":"warn","message":"Db.prototype.authenticate method will no longer be available in the next major release 3.x as MongoDB 3.6 will only allow auth against users in the admin db and will no longer allow multiple credentials on a socket. Please authenticate using MongoClient.connect with auth credentials.","timestamp":"2:27:20 PM"}
{"level":"warn","message":"Db.prototype.authenticate method will no longer be available in the next major release 3.x as MongoDB 3.6 will only allow auth against users in the admin db and will no longer allow multiple credentials on a socket. Please authenticate using MongoClient.connect with auth credentials.","timestamp":"2:27:20 PM"}
{"level":"warn","message":"Db.prototype.authenticate method will no longer be available in the next major release 3.x as MongoDB 3.6 will only allow auth against users in the admin db and will no longer allow multiple credentials on a socket. Please authenticate using MongoClient.connect with auth credentials.","timestamp":"2:27:20 PM"}
{"level":"warn","message":"Db.prototype.authenticate method will no longer be available in the next major release 3.x as MongoDB 3.6 will only allow auth against users in the admin db and will no longer allow multiple credentials on a socket. Please authenticate using MongoClient.connect with auth credentials.","timestamp":"2:27:20 PM"}
{"level":"warn","message":"Db.prototype.authenticate method will no longer be available in the next major release 3.x as MongoDB 3.6 will only allow auth against users in the admin db and will no longer allow multiple credentials on a socket. Please authenticate using MongoClient.connect with auth credentials.","timestamp":"2:27:20 PM"}
{"level":"warn","message":"Db.prototype.authenticate method will no longer be available in the next major release 3.x as MongoDB 3.6 will only allow auth against users in the admin db and will no longer allow multiple credentials on a socket. Please authenticate using MongoClient.connect with auth credentials.","timestamp":"2:27:20 PM"}
{"level":"warn","message":"Db.prototype.authenticate method will no longer be available in the next major release 3.x as MongoDB 3.6 will only allow auth against users in the admin db and will no longer allow multiple credentials on a socket. Please authenticate using MongoClient.connect with auth credentials.","timestamp":"2:27:20 PM"}
{"level":"warn","message":"Db.prototype.authenticate method will no longer be available in the next major release 3.x as MongoDB 3.6 will only allow auth against users in the admin db and will no longer allow multiple credentials on a socket. Please authenticate using MongoClient.connect with auth credentials.","timestamp":"2:27:20 PM"}
{"level":"warn","message":"Db.prototype.authenticate method will no longer be available in the next major release 3.x as MongoDB 3.6 will only allow auth against users in the admin db and will no longer allow multiple credentials on a socket. Please authenticate using MongoClient.connect with auth credentials.","timestamp":"2:27:21 PM"}
{"level":"warn","message":"Db.prototype.authenticate method will no longer be available in the next major release 3.x as MongoDB 3.6 will only allow auth against users in the admin db and will no longer allow multiple credentials on a socket. Please authenticate using MongoClient.connect with auth credentials.","timestamp":"2:27:21 PM"}
{"level":"warn","message":"Db.prototype.authenticate method will no longer be available in the next major release 3.x as MongoDB 3.6 will only allow auth against users in the admin db and will no longer allow multiple credentials on a socket. Please authenticate using MongoClient.connect with auth credentials.","timestamp":"2:27:21 PM"}
{"level":"warn","message":"Db.prototype.authenticate method will no longer be available in the next major release 3.x as MongoDB 3.6 will only allow auth against users in the admin db and will no longer allow multiple credentials on a socket. Please authenticate using MongoClient.connect with auth credentials.","timestamp":"2:27:21 PM"}
{"level":"warn","message":"Db.prototype.authenticate method will no longer be available in the next major release 3.x as MongoDB 3.6 will only allow auth against users in the admin db and will no longer allow multiple credentials on a socket. Please authenticate using MongoClient.connect with auth credentials.","timestamp":"2:27:21 PM"}
{"level":"warn","message":"Db.prototype.authenticate method will no longer be available in the next major release 3.x as MongoDB 3.6 will only allow auth against users in the admin db and will no longer allow multiple credentials on a socket. Please authenticate using MongoClient.connect with auth credentials.","timestamp":"2:27:21 PM"}
{"level":"warn","message":"Db.prototype.authenticate method will no longer be available in the next major release 3.x as MongoDB 3.6 will only allow auth against users in the admin db and will no longer allow multiple credentials on a socket. Please authenticate using MongoClient.connect with auth credentials.","timestamp":"2:27:21 PM"}
{"level":"warn","message":"Db.prototype.authenticate method will no longer be available in the next major release 3.x as MongoDB 3.6 will only allow auth against users in the admin db and will no longer allow multiple credentials on a socket. Please authenticate using MongoClient.connect with auth credentials.","timestamp":"2:27:21 PM"}
{"level":"warn","message":"Db.prototype.authenticate method will no longer be available in the next major release 3.x as MongoDB 3.6 will only allow auth against users in the admin db and will no longer allow multiple credentials on a socket. Please authenticate using MongoClient.connect with auth credentials.","timestamp":"2:27:21 PM"}
{"level":"warn","message":"Db.prototype.authenticate method will no longer be available in the next major release 3.x as MongoDB 3.6 will only allow auth against users in the admin db and will no longer allow multiple credentials on a socket. Please authenticate using MongoClient.connect with auth credentials.","timestamp":"2:27:21 PM"}
{"level":"warn","message":"Db.prototype.authenticate method will no longer be available in the next major release 3.x as MongoDB 3.6 will only allow auth against users in the admin db and will no longer allow multiple credentials on a socket. Please authenticate using MongoClient.connect with auth credentials.","timestamp":"2:27:21 PM"}
{"level":"warn","message":"Db.prototype.authenticate method will no longer be available in the next major release 3.x as MongoDB 3.6 will only allow auth against users in the admin db and will no longer allow multiple credentials on a socket. Please authenticate using MongoClient.connect with auth credentials.","timestamp":"2:27:21 PM"}
{"level":"warn","message":"Db.prototype.authenticate method will no longer be available in the next major release 3.x as MongoDB 3.6 will only allow auth against users in the admin db and will no longer allow multiple credentials on a socket. Please authenticate using MongoClient.connect with auth credentials.","timestamp":"2:27:21 PM"}
{"level":"warn","message":"Db.prototype.authenticate method will no longer be available in the next major release 3.x as MongoDB 3.6 will only allow auth against users in the admin db and will no longer allow multiple credentials on a socket. Please authenticate using MongoClient.connect with auth credentials.","timestamp":"2:27:21 PM"}
{"level":"warn","message":"Db.prototype.authenticate method will no longer be available in the next major release 3.x as MongoDB 3.6 will only allow auth against users in the admin db and will no longer allow multiple credentials on a socket. Please authenticate using MongoClient.connect with auth credentials.","timestamp":"2:27:21 PM"}
{"level":"error","message":"(node:2036) UnhandledPromiseRejectionWarning: Unhandled promise rejection (rejection id: 1): MongoError: E11000 duplicate key error collection: lm-api-qa.sync_contacts index: Sync_Contact_Id_1 dup key: { : null }","timestamp":"2:27:21 PM"}
{"level":"error","message":"(node:2036) UnhandledPromiseRejectionWarning: Unhandled promise rejection (rejection id: 2): MongoError: Index with name: Posp_Id_1 already exists with different options","timestamp":"2:27:21 PM"}
{"level":"error","message":"LOG REFERER YTD http://localhost:7000/ ::1 string","timestamp":"2:27:45 PM"}
{"level":"error","message":"LOG REFERER YTD http://localhost:7000/ ::1 string","timestamp":"2:27:45 PM"}
{"level":"error","message":"LOG REFERER YTD undefined ::ffff:127.0.0.1 undefined","timestamp":"2:41:38 PM"}
{"level":"error","message":"LOG REFERER YTD undefined ::ffff:127.0.0.1 undefined","timestamp":"2:41:38 PM"}
{"level":"error","message":"LOG REFERER YTD http://localhost:7000/ ::1 string","timestamp":"2:41:40 PM"}
{"level":"error","message":"LOG REFERER YTD http://localhost:7000/ ::1 string","timestamp":"2:41:49 PM"}
{"level":"error","message":"LOG REFERER YTD http://localhost:7000/ ::1 string","timestamp":"2:41:52 PM"}
{"level":"error","message":"LOG REFERER YTD http://localhost:7000/ ::1 string","timestamp":"2:41:58 PM"}
{"level":"error","message":"LOG REFERER YTD http://localhost:7000/ ::1 string","timestamp":"2:42:00 PM"}
{"level":"error","message":"LOG REFERER YTD http://localhost:7000/ ::1 string","timestamp":"2:42:49 PM"}
{"level":"error","message":"LOG REFERER YTD http://localhost:7000/ ::1 string","timestamp":"2:42:49 PM"}
{"level":"error","message":"LOG REFERER YTD http://localhost:7000/ ::1 string","timestamp":"2:51:18 PM"}
{"level":"error","message":"LOG REFERER YTD http://localhost:7000/ ::1 string","timestamp":"2:51:19 PM"}
{"level":"error","message":"LOG REFERER YTD http://localhost:7000/ ::1 string","timestamp":"2:52:26 PM"}
{"level":"error","message":"LOG REFERER YTD http://localhost:7000/ ::1 string","timestamp":"2:52:27 PM"}
{"level":"error","message":"LOG REFERER YTD http://localhost:7000/ ::1 string","timestamp":"2:52:43 PM"}
{"level":"error","message":"LOG REFERER YTD http://localhost:7000/ ::1 string","timestamp":"2:52:51 PM"}
{"level":"error","message":"LOG REFERER YTD http://localhost:7000/ ::1 string","timestamp":"2:53:08 PM"}
{"level":"error","message":"LOG REFERER YTD http://localhost:7000/ ::1 string","timestamp":"2:53:15 PM"}
{"level":"error","message":"LOG REFERER YTD http://localhost:7000/ ::1 string","timestamp":"2:53:21 PM"}
{"level":"error","message":"LOG REFERER YTD http://localhost:7000/ ::1 string","timestamp":"2:53:23 PM"}
{"level":"error","message":"LOG REFERER YTD http://localhost:7000/ ::1 string","timestamp":"2:53:24 PM"}
{"level":"error","message":"LOG REFERER YTD http://localhost:7000/ ::1 string","timestamp":"2:53:26 PM"}
{"level":"error","message":"LOG REFERER YTD http://localhost:7000/ ::1 string","timestamp":"2:53:30 PM"}
{"level":"error","message":"LOG REFERER YTD http://localhost:7000/ ::1 string","timestamp":"2:53:30 PM"}
{"level":"error","message":"LOG REFERER YTD http://localhost:7000/ ::1 string","timestamp":"3:03:23 PM"}
{"level":"error","message":"LOG REFERER YTD http://localhost:7000/ ::1 string","timestamp":"3:03:23 PM"}
{"level":"error","message":"LOG REFERER YTD http://localhost:7000/ ::1 string","timestamp":"3:17:15 PM"}
{"level":"error","message":"LOG REFERER YTD http://localhost:7000/ ::1 string","timestamp":"3:17:15 PM"}
{"level":"error","message":"LOG REFERER YTD http://localhost:7000/ ::1 string","timestamp":"3:34:31 PM"}
{"level":"error","message":"LOG REFERER YTD http://localhost:7000/ ::1 string","timestamp":"3:34:31 PM"}
{"level":"warn","message":"Db.prototype.authenticate method will no longer be available in the next major release 3.x as MongoDB 3.6 will only allow auth against users in the admin db and will no longer allow multiple credentials on a socket. Please authenticate using MongoClient.connect with auth credentials.","timestamp":"4:39:33 PM"}
{"level":"warn","message":"Db.prototype.authenticate method will no longer be available in the next major release 3.x as MongoDB 3.6 will only allow auth against users in the admin db and will no longer allow multiple credentials on a socket. Please authenticate using MongoClient.connect with auth credentials.","timestamp":"4:39:33 PM"}
{"level":"warn","message":"Db.prototype.authenticate method will no longer be available in the next major release 3.x as MongoDB 3.6 will only allow auth against users in the admin db and will no longer allow multiple credentials on a socket. Please authenticate using MongoClient.connect with auth credentials.","timestamp":"4:39:33 PM"}
{"level":"warn","message":"Db.prototype.authenticate method will no longer be available in the next major release 3.x as MongoDB 3.6 will only allow auth against users in the admin db and will no longer allow multiple credentials on a socket. Please authenticate using MongoClient.connect with auth credentials.","timestamp":"4:39:33 PM"}
{"level":"warn","message":"Db.prototype.authenticate method will no longer be available in the next major release 3.x as MongoDB 3.6 will only allow auth against users in the admin db and will no longer allow multiple credentials on a socket. Please authenticate using MongoClient.connect with auth credentials.","timestamp":"4:39:33 PM"}
{"level":"warn","message":"Db.prototype.authenticate method will no longer be available in the next major release 3.x as MongoDB 3.6 will only allow auth against users in the admin db and will no longer allow multiple credentials on a socket. Please authenticate using MongoClient.connect with auth credentials.","timestamp":"4:39:33 PM"}
{"level":"warn","message":"Db.prototype.authenticate method will no longer be available in the next major release 3.x as MongoDB 3.6 will only allow auth against users in the admin db and will no longer allow multiple credentials on a socket. Please authenticate using MongoClient.connect with auth credentials.","timestamp":"4:39:33 PM"}
{"level":"warn","message":"Db.prototype.authenticate method will no longer be available in the next major release 3.x as MongoDB 3.6 will only allow auth against users in the admin db and will no longer allow multiple credentials on a socket. Please authenticate using MongoClient.connect with auth credentials.","timestamp":"4:39:33 PM"}
{"level":"warn","message":"Db.prototype.authenticate method will no longer be available in the next major release 3.x as MongoDB 3.6 will only allow auth against users in the admin db and will no longer allow multiple credentials on a socket. Please authenticate using MongoClient.connect with auth credentials.","timestamp":"4:39:33 PM"}
{"level":"warn","message":"Db.prototype.authenticate method will no longer be available in the next major release 3.x as MongoDB 3.6 will only allow auth against users in the admin db and will no longer allow multiple credentials on a socket. Please authenticate using MongoClient.connect with auth credentials.","timestamp":"4:39:33 PM"}
{"level":"warn","message":"Db.prototype.authenticate method will no longer be available in the next major release 3.x as MongoDB 3.6 will only allow auth against users in the admin db and will no longer allow multiple credentials on a socket. Please authenticate using MongoClient.connect with auth credentials.","timestamp":"4:39:33 PM"}
{"level":"warn","message":"Db.prototype.authenticate method will no longer be available in the next major release 3.x as MongoDB 3.6 will only allow auth against users in the admin db and will no longer allow multiple credentials on a socket. Please authenticate using MongoClient.connect with auth credentials.","timestamp":"4:39:33 PM"}
{"level":"warn","message":"Db.prototype.authenticate method will no longer be available in the next major release 3.x as MongoDB 3.6 will only allow auth against users in the admin db and will no longer allow multiple credentials on a socket. Please authenticate using MongoClient.connect with auth credentials.","timestamp":"4:39:33 PM"}
{"level":"warn","message":"Db.prototype.authenticate method will no longer be available in the next major release 3.x as MongoDB 3.6 will only allow auth against users in the admin db and will no longer allow multiple credentials on a socket. Please authenticate using MongoClient.connect with auth credentials.","timestamp":"4:39:33 PM"}
{"level":"warn","message":"Db.prototype.authenticate method will no longer be available in the next major release 3.x as MongoDB 3.6 will only allow auth against users in the admin db and will no longer allow multiple credentials on a socket. Please authenticate using MongoClient.connect with auth credentials.","timestamp":"4:39:33 PM"}
{"level":"warn","message":"Db.prototype.authenticate method will no longer be available in the next major release 3.x as MongoDB 3.6 will only allow auth against users in the admin db and will no longer allow multiple credentials on a socket. Please authenticate using MongoClient.connect with auth credentials.","timestamp":"4:39:33 PM"}
{"level":"warn","message":"Db.prototype.authenticate method will no longer be available in the next major release 3.x as MongoDB 3.6 will only allow auth against users in the admin db and will no longer allow multiple credentials on a socket. Please authenticate using MongoClient.connect with auth credentials.","timestamp":"4:39:33 PM"}
{"level":"warn","message":"Db.prototype.authenticate method will no longer be available in the next major release 3.x as MongoDB 3.6 will only allow auth against users in the admin db and will no longer allow multiple credentials on a socket. Please authenticate using MongoClient.connect with auth credentials.","timestamp":"4:39:33 PM"}
{"level":"warn","message":"Db.prototype.authenticate method will no longer be available in the next major release 3.x as MongoDB 3.6 will only allow auth against users in the admin db and will no longer allow multiple credentials on a socket. Please authenticate using MongoClient.connect with auth credentials.","timestamp":"4:39:33 PM"}
{"level":"warn","message":"Db.prototype.authenticate method will no longer be available in the next major release 3.x as MongoDB 3.6 will only allow auth against users in the admin db and will no longer allow multiple credentials on a socket. Please authenticate using MongoClient.connect with auth credentials.","timestamp":"4:39:33 PM"}
{"level":"warn","message":"Db.prototype.authenticate method will no longer be available in the next major release 3.x as MongoDB 3.6 will only allow auth against users in the admin db and will no longer allow multiple credentials on a socket. Please authenticate using MongoClient.connect with auth credentials.","timestamp":"4:39:33 PM"}
{"level":"warn","message":"Db.prototype.authenticate method will no longer be available in the next major release 3.x as MongoDB 3.6 will only allow auth against users in the admin db and will no longer allow multiple credentials on a socket. Please authenticate using MongoClient.connect with auth credentials.","timestamp":"4:39:33 PM"}
{"level":"warn","message":"Db.prototype.authenticate method will no longer be available in the next major release 3.x as MongoDB 3.6 will only allow auth against users in the admin db and will no longer allow multiple credentials on a socket. Please authenticate using MongoClient.connect with auth credentials.","timestamp":"4:39:33 PM"}
{"level":"warn","message":"Db.prototype.authenticate method will no longer be available in the next major release 3.x as MongoDB 3.6 will only allow auth against users in the admin db and will no longer allow multiple credentials on a socket. Please authenticate using MongoClient.connect with auth credentials.","timestamp":"4:39:33 PM"}
{"level":"warn","message":"Db.prototype.authenticate method will no longer be available in the next major release 3.x as MongoDB 3.6 will only allow auth against users in the admin db and will no longer allow multiple credentials on a socket. Please authenticate using MongoClient.connect with auth credentials.","timestamp":"4:39:33 PM"}
{"level":"warn","message":"Db.prototype.authenticate method will no longer be available in the next major release 3.x as MongoDB 3.6 will only allow auth against users in the admin db and will no longer allow multiple credentials on a socket. Please authenticate using MongoClient.connect with auth credentials.","timestamp":"4:39:33 PM"}
{"level":"warn","message":"Db.prototype.authenticate method will no longer be available in the next major release 3.x as MongoDB 3.6 will only allow auth against users in the admin db and will no longer allow multiple credentials on a socket. Please authenticate using MongoClient.connect with auth credentials.","timestamp":"4:39:33 PM"}
{"level":"warn","message":"Db.prototype.authenticate method will no longer be available in the next major release 3.x as MongoDB 3.6 will only allow auth against users in the admin db and will no longer allow multiple credentials on a socket. Please authenticate using MongoClient.connect with auth credentials.","timestamp":"4:39:33 PM"}
{"level":"error","message":"(node:15224) UnhandledPromiseRejectionWarning: Unhandled promise rejection (rejection id: 1): MongoError: E11000 duplicate key error collection: lm-api-qa.sync_contacts index: Sync_Contact_Id_1 dup key: { : null }","timestamp":"4:39:34 PM"}
{"level":"error","message":"(node:15224) UnhandledPromiseRejectionWarning: Unhandled promise rejection (rejection id: 2): MongoError: Index with name: Posp_Id_1 already exists with different options","timestamp":"4:39:34 PM"}
{"level":"error","message":"LOG REFERER YTD undefined ::ffff:127.0.0.1 undefined","timestamp":"4:39:50 PM"}
{"level":"error","message":"LOG REFERER YTD undefined ::ffff:127.0.0.1 undefined","timestamp":"4:39:50 PM"}
{"level":"error","message":"LOG REFERER YTD http://localhost:7000/ ::1 string","timestamp":"4:47:53 PM"}
{"level":"error","message":"LOG REFERER YTD http://localhost:7000/ ::1 string","timestamp":"4:53:16 PM"}
{"level":"error","message":"LOG REFERER YTD http://localhost:7000/ ::1 string","timestamp":"4:53:30 PM"}
{"level":"warn","message":"Db.prototype.authenticate method will no longer be available in the next major release 3.x as MongoDB 3.6 will only allow auth against users in the admin db and will no longer allow multiple credentials on a socket. Please authenticate using MongoClient.connect with auth credentials.","timestamp":"4:56:26 PM"}
{"level":"warn","message":"Db.prototype.authenticate method will no longer be available in the next major release 3.x as MongoDB 3.6 will only allow auth against users in the admin db and will no longer allow multiple credentials on a socket. Please authenticate using MongoClient.connect with auth credentials.","timestamp":"4:56:26 PM"}
{"level":"warn","message":"Db.prototype.authenticate method will no longer be available in the next major release 3.x as MongoDB 3.6 will only allow auth against users in the admin db and will no longer allow multiple credentials on a socket. Please authenticate using MongoClient.connect with auth credentials.","timestamp":"4:56:26 PM"}
{"level":"warn","message":"Db.prototype.authenticate method will no longer be available in the next major release 3.x as MongoDB 3.6 will only allow auth against users in the admin db and will no longer allow multiple credentials on a socket. Please authenticate using MongoClient.connect with auth credentials.","timestamp":"4:56:26 PM"}
{"level":"warn","message":"Db.prototype.authenticate method will no longer be available in the next major release 3.x as MongoDB 3.6 will only allow auth against users in the admin db and will no longer allow multiple credentials on a socket. Please authenticate using MongoClient.connect with auth credentials.","timestamp":"4:56:26 PM"}
{"level":"warn","message":"Db.prototype.authenticate method will no longer be available in the next major release 3.x as MongoDB 3.6 will only allow auth against users in the admin db and will no longer allow multiple credentials on a socket. Please authenticate using MongoClient.connect with auth credentials.","timestamp":"4:56:26 PM"}
{"level":"warn","message":"Db.prototype.authenticate method will no longer be available in the next major release 3.x as MongoDB 3.6 will only allow auth against users in the admin db and will no longer allow multiple credentials on a socket. Please authenticate using MongoClient.connect with auth credentials.","timestamp":"4:56:26 PM"}
{"level":"warn","message":"Db.prototype.authenticate method will no longer be available in the next major release 3.x as MongoDB 3.6 will only allow auth against users in the admin db and will no longer allow multiple credentials on a socket. Please authenticate using MongoClient.connect with auth credentials.","timestamp":"4:56:26 PM"}
{"level":"warn","message":"Db.prototype.authenticate method will no longer be available in the next major release 3.x as MongoDB 3.6 will only allow auth against users in the admin db and will no longer allow multiple credentials on a socket. Please authenticate using MongoClient.connect with auth credentials.","timestamp":"4:56:26 PM"}
{"level":"warn","message":"Db.prototype.authenticate method will no longer be available in the next major release 3.x as MongoDB 3.6 will only allow auth against users in the admin db and will no longer allow multiple credentials on a socket. Please authenticate using MongoClient.connect with auth credentials.","timestamp":"4:56:26 PM"}
{"level":"warn","message":"Db.prototype.authenticate method will no longer be available in the next major release 3.x as MongoDB 3.6 will only allow auth against users in the admin db and will no longer allow multiple credentials on a socket. Please authenticate using MongoClient.connect with auth credentials.","timestamp":"4:56:27 PM"}
{"level":"warn","message":"Db.prototype.authenticate method will no longer be available in the next major release 3.x as MongoDB 3.6 will only allow auth against users in the admin db and will no longer allow multiple credentials on a socket. Please authenticate using MongoClient.connect with auth credentials.","timestamp":"4:56:27 PM"}
{"level":"warn","message":"Db.prototype.authenticate method will no longer be available in the next major release 3.x as MongoDB 3.6 will only allow auth against users in the admin db and will no longer allow multiple credentials on a socket. Please authenticate using MongoClient.connect with auth credentials.","timestamp":"4:56:27 PM"}
{"level":"warn","message":"Db.prototype.authenticate method will no longer be available in the next major release 3.x as MongoDB 3.6 will only allow auth against users in the admin db and will no longer allow multiple credentials on a socket. Please authenticate using MongoClient.connect with auth credentials.","timestamp":"4:56:27 PM"}
{"level":"warn","message":"Db.prototype.authenticate method will no longer be available in the next major release 3.x as MongoDB 3.6 will only allow auth against users in the admin db and will no longer allow multiple credentials on a socket. Please authenticate using MongoClient.connect with auth credentials.","timestamp":"4:56:27 PM"}
{"level":"warn","message":"Db.prototype.authenticate method will no longer be available in the next major release 3.x as MongoDB 3.6 will only allow auth against users in the admin db and will no longer allow multiple credentials on a socket. Please authenticate using MongoClient.connect with auth credentials.","timestamp":"4:56:27 PM"}
{"level":"warn","message":"Db.prototype.authenticate method will no longer be available in the next major release 3.x as MongoDB 3.6 will only allow auth against users in the admin db and will no longer allow multiple credentials on a socket. Please authenticate using MongoClient.connect with auth credentials.","timestamp":"4:56:27 PM"}
{"level":"warn","message":"Db.prototype.authenticate method will no longer be available in the next major release 3.x as MongoDB 3.6 will only allow auth against users in the admin db and will no longer allow multiple credentials on a socket. Please authenticate using MongoClient.connect with auth credentials.","timestamp":"4:56:27 PM"}
{"level":"warn","message":"Db.prototype.authenticate method will no longer be available in the next major release 3.x as MongoDB 3.6 will only allow auth against users in the admin db and will no longer allow multiple credentials on a socket. Please authenticate using MongoClient.connect with auth credentials.","timestamp":"4:56:27 PM"}
{"level":"warn","message":"Db.prototype.authenticate method will no longer be available in the next major release 3.x as MongoDB 3.6 will only allow auth against users in the admin db and will no longer allow multiple credentials on a socket. Please authenticate using MongoClient.connect with auth credentials.","timestamp":"4:56:27 PM"}
{"level":"warn","message":"Db.prototype.authenticate method will no longer be available in the next major release 3.x as MongoDB 3.6 will only allow auth against users in the admin db and will no longer allow multiple credentials on a socket. Please authenticate using MongoClient.connect with auth credentials.","timestamp":"4:56:27 PM"}
{"level":"warn","message":"Db.prototype.authenticate method will no longer be available in the next major release 3.x as MongoDB 3.6 will only allow auth against users in the admin db and will no longer allow multiple credentials on a socket. Please authenticate using MongoClient.connect with auth credentials.","timestamp":"4:56:27 PM"}
{"level":"warn","message":"Db.prototype.authenticate method will no longer be available in the next major release 3.x as MongoDB 3.6 will only allow auth against users in the admin db and will no longer allow multiple credentials on a socket. Please authenticate using MongoClient.connect with auth credentials.","timestamp":"4:56:27 PM"}
{"level":"warn","message":"Db.prototype.authenticate method will no longer be available in the next major release 3.x as MongoDB 3.6 will only allow auth against users in the admin db and will no longer allow multiple credentials on a socket. Please authenticate using MongoClient.connect with auth credentials.","timestamp":"4:56:27 PM"}
{"level":"warn","message":"Db.prototype.authenticate method will no longer be available in the next major release 3.x as MongoDB 3.6 will only allow auth against users in the admin db and will no longer allow multiple credentials on a socket. Please authenticate using MongoClient.connect with auth credentials.","timestamp":"4:56:27 PM"}
{"level":"warn","message":"Db.prototype.authenticate method will no longer be available in the next major release 3.x as MongoDB 3.6 will only allow auth against users in the admin db and will no longer allow multiple credentials on a socket. Please authenticate using MongoClient.connect with auth credentials.","timestamp":"4:56:27 PM"}
{"level":"warn","message":"Db.prototype.authenticate method will no longer be available in the next major release 3.x as MongoDB 3.6 will only allow auth against users in the admin db and will no longer allow multiple credentials on a socket. Please authenticate using MongoClient.connect with auth credentials.","timestamp":"4:56:27 PM"}
{"level":"warn","message":"Db.prototype.authenticate method will no longer be available in the next major release 3.x as MongoDB 3.6 will only allow auth against users in the admin db and will no longer allow multiple credentials on a socket. Please authenticate using MongoClient.connect with auth credentials.","timestamp":"4:56:27 PM"}
{"level":"error","message":"(node:1940) UnhandledPromiseRejectionWarning: Unhandled promise rejection (rejection id: 1): MongoError: E11000 duplicate key error collection: lm-api-qa.sync_contacts index: Sync_Contact_Id_1 dup key: { : null }","timestamp":"4:56:27 PM"}
{"level":"error","message":"(node:1940) UnhandledPromiseRejectionWarning: Unhandled promise rejection (rejection id: 2): MongoError: Index with name: Posp_Id_1 already exists with different options","timestamp":"4:56:27 PM"}
{"level":"error","message":"LOG REFERER YTD http://localhost:7000/ ::1 string","timestamp":"4:56:43 PM"}
{"level":"error","message":"LOG REFERER YTD http://localhost:7000/ ::1 string","timestamp":"4:56:43 PM"}
{"level":"error","message":"{ Error: Cannot find module 'xlsx'\n    at Function.Module._resolveFilename (module.js:469:15)\n    at Function.Module._load (module.js:417:25)\n    at Module.require (module.js:497:17)\n    at require (internal/module.js:20:19)\n    at D:\\Suyash Files\\SourceCode\\routes\\postservicecall.js:16301:20\n    at Layer.handle [as handle_request] (D:\\Suyash Files\\SourceCode\\node_modules\\express\\lib\\router\\layer.js:95:5)\n    at next (D:\\Suyash Files\\SourceCode\\node_modules\\express\\lib\\router\\route.js:131:13)\n    at Route.dispatch (D:\\Suyash Files\\SourceCode\\node_modules\\express\\lib\\router\\route.js:112:3)\n    at Layer.handle [as handle_request] (D:\\Suyash Files\\SourceCode\\node_modules\\express\\lib\\router\\layer.js:95:5)\n    at D:\\Suyash Files\\SourceCode\\node_modules\\express\\lib\\router\\index.js:277:22\n    at Function.process_params (D:\\Suyash Files\\SourceCode\\node_modules\\express\\lib\\router\\index.js:330:12)\n    at next (D:\\Suyash Files\\SourceCode\\node_modules\\express\\lib\\router\\index.js:271:10)\n    at Function.handle (D:\\Suyash Files\\SourceCode\\node_modules\\express\\lib\\router\\index.js:176:3)\n    at router (D:\\Suyash Files\\SourceCode\\node_modules\\express\\lib\\router\\index.js:46:12)\n    at Layer.handle [as handle_request] (D:\\Suyash Files\\SourceCode\\node_modules\\express\\lib\\router\\layer.js:95:5)\n    at trim_prefix (D:\\Suyash Files\\SourceCode\\node_modules\\express\\lib\\router\\index.js:312:13)\n    at D:\\Suyash Files\\SourceCode\\node_modules\\express\\lib\\router\\index.js:280:7\n    at Function.process_params (D:\\Suyash Files\\SourceCode\\node_modules\\express\\lib\\router\\index.js:330:12)\n    at next (D:\\Suyash Files\\SourceCode\\node_modules\\express\\lib\\router\\index.js:271:10)\n    at D:\\Suyash Files\\SourceCode\\node_modules\\express\\lib\\router\\index.js:618:15\n    at next (D:\\Suyash Files\\SourceCode\\node_modules\\express\\lib\\router\\index.js:256:14)\n    at Function.handle (D:\\Suyash Files\\SourceCode\\node_modules\\express\\lib\\router\\index.js:176:3) code: 'MODULE_NOT_FOUND' }","timestamp":"4:56:43 PM"}
{"level":"error","message":"LOG REFERER YTD http://localhost:7000/ ::1 string","timestamp":"5:00:12 PM"}
{"level":"error","message":"LOG REFERER YTD http://localhost:7000/ ::1 string","timestamp":"5:00:12 PM"}
{"level":"error","message":"{ Error: Cannot find module 'xlsx'\n    at Function.Module._resolveFilename (module.js:469:15)\n    at Function.Module._load (module.js:417:25)\n    at Module.require (module.js:497:17)\n    at require (internal/module.js:20:19)\n    at D:\\Suyash Files\\SourceCode\\routes\\postservicecall.js:16301:20\n    at Layer.handle [as handle_request] (D:\\Suyash Files\\SourceCode\\node_modules\\express\\lib\\router\\layer.js:95:5)\n    at next (D:\\Suyash Files\\SourceCode\\node_modules\\express\\lib\\router\\route.js:131:13)\n    at Route.dispatch (D:\\Suyash Files\\SourceCode\\node_modules\\express\\lib\\router\\route.js:112:3)\n    at Layer.handle [as handle_request] (D:\\Suyash Files\\SourceCode\\node_modules\\express\\lib\\router\\layer.js:95:5)\n    at D:\\Suyash Files\\SourceCode\\node_modules\\express\\lib\\router\\index.js:277:22\n    at Function.process_params (D:\\Suyash Files\\SourceCode\\node_modules\\express\\lib\\router\\index.js:330:12)\n    at next (D:\\Suyash Files\\SourceCode\\node_modules\\express\\lib\\router\\index.js:271:10)\n    at Function.handle (D:\\Suyash Files\\SourceCode\\node_modules\\express\\lib\\router\\index.js:176:3)\n    at router (D:\\Suyash Files\\SourceCode\\node_modules\\express\\lib\\router\\index.js:46:12)\n    at Layer.handle [as handle_request] (D:\\Suyash Files\\SourceCode\\node_modules\\express\\lib\\router\\layer.js:95:5)\n    at trim_prefix (D:\\Suyash Files\\SourceCode\\node_modules\\express\\lib\\router\\index.js:312:13)\n    at D:\\Suyash Files\\SourceCode\\node_modules\\express\\lib\\router\\index.js:280:7\n    at Function.process_params (D:\\Suyash Files\\SourceCode\\node_modules\\express\\lib\\router\\index.js:330:12)\n    at next (D:\\Suyash Files\\SourceCode\\node_modules\\express\\lib\\router\\index.js:271:10)\n    at D:\\Suyash Files\\SourceCode\\node_modules\\express\\lib\\router\\index.js:618:15\n    at next (D:\\Suyash Files\\SourceCode\\node_modules\\express\\lib\\router\\index.js:256:14)\n    at Function.handle (D:\\Suyash Files\\SourceCode\\node_modules\\express\\lib\\router\\index.js:176:3) code: 'MODULE_NOT_FOUND' }","timestamp":"5:00:12 PM"}
{"level":"warn","message":"Db.prototype.authenticate method will no longer be available in the next major release 3.x as MongoDB 3.6 will only allow auth against users in the admin db and will no longer allow multiple credentials on a socket. Please authenticate using MongoClient.connect with auth credentials.","timestamp":"5:01:59 PM"}
{"level":"warn","message":"Db.prototype.authenticate method will no longer be available in the next major release 3.x as MongoDB 3.6 will only allow auth against users in the admin db and will no longer allow multiple credentials on a socket. Please authenticate using MongoClient.connect with auth credentials.","timestamp":"5:01:59 PM"}
{"level":"warn","message":"Db.prototype.authenticate method will no longer be available in the next major release 3.x as MongoDB 3.6 will only allow auth against users in the admin db and will no longer allow multiple credentials on a socket. Please authenticate using MongoClient.connect with auth credentials.","timestamp":"5:01:59 PM"}
{"level":"warn","message":"Db.prototype.authenticate method will no longer be available in the next major release 3.x as MongoDB 3.6 will only allow auth against users in the admin db and will no longer allow multiple credentials on a socket. Please authenticate using MongoClient.connect with auth credentials.","timestamp":"5:01:59 PM"}
{"level":"warn","message":"Db.prototype.authenticate method will no longer be available in the next major release 3.x as MongoDB 3.6 will only allow auth against users in the admin db and will no longer allow multiple credentials on a socket. Please authenticate using MongoClient.connect with auth credentials.","timestamp":"5:01:59 PM"}
{"level":"warn","message":"Db.prototype.authenticate method will no longer be available in the next major release 3.x as MongoDB 3.6 will only allow auth against users in the admin db and will no longer allow multiple credentials on a socket. Please authenticate using MongoClient.connect with auth credentials.","timestamp":"5:01:59 PM"}
{"level":"warn","message":"Db.prototype.authenticate method will no longer be available in the next major release 3.x as MongoDB 3.6 will only allow auth against users in the admin db and will no longer allow multiple credentials on a socket. Please authenticate using MongoClient.connect with auth credentials.","timestamp":"5:01:59 PM"}
{"level":"warn","message":"Db.prototype.authenticate method will no longer be available in the next major release 3.x as MongoDB 3.6 will only allow auth against users in the admin db and will no longer allow multiple credentials on a socket. Please authenticate using MongoClient.connect with auth credentials.","timestamp":"5:01:59 PM"}
{"level":"warn","message":"Db.prototype.authenticate method will no longer be available in the next major release 3.x as MongoDB 3.6 will only allow auth against users in the admin db and will no longer allow multiple credentials on a socket. Please authenticate using MongoClient.connect with auth credentials.","timestamp":"5:01:59 PM"}
{"level":"warn","message":"Db.prototype.authenticate method will no longer be available in the next major release 3.x as MongoDB 3.6 will only allow auth against users in the admin db and will no longer allow multiple credentials on a socket. Please authenticate using MongoClient.connect with auth credentials.","timestamp":"5:01:59 PM"}
{"level":"warn","message":"Db.prototype.authenticate method will no longer be available in the next major release 3.x as MongoDB 3.6 will only allow auth against users in the admin db and will no longer allow multiple credentials on a socket. Please authenticate using MongoClient.connect with auth credentials.","timestamp":"5:01:59 PM"}
{"level":"warn","message":"Db.prototype.authenticate method will no longer be available in the next major release 3.x as MongoDB 3.6 will only allow auth against users in the admin db and will no longer allow multiple credentials on a socket. Please authenticate using MongoClient.connect with auth credentials.","timestamp":"5:01:59 PM"}
{"level":"warn","message":"Db.prototype.authenticate method will no longer be available in the next major release 3.x as MongoDB 3.6 will only allow auth against users in the admin db and will no longer allow multiple credentials on a socket. Please authenticate using MongoClient.connect with auth credentials.","timestamp":"5:01:59 PM"}
{"level":"warn","message":"Db.prototype.authenticate method will no longer be available in the next major release 3.x as MongoDB 3.6 will only allow auth against users in the admin db and will no longer allow multiple credentials on a socket. Please authenticate using MongoClient.connect with auth credentials.","timestamp":"5:01:59 PM"}
{"level":"warn","message":"Db.prototype.authenticate method will no longer be available in the next major release 3.x as MongoDB 3.6 will only allow auth against users in the admin db and will no longer allow multiple credentials on a socket. Please authenticate using MongoClient.connect with auth credentials.","timestamp":"5:01:59 PM"}
{"level":"warn","message":"Db.prototype.authenticate method will no longer be available in the next major release 3.x as MongoDB 3.6 will only allow auth against users in the admin db and will no longer allow multiple credentials on a socket. Please authenticate using MongoClient.connect with auth credentials.","timestamp":"5:01:59 PM"}
{"level":"warn","message":"Db.prototype.authenticate method will no longer be available in the next major release 3.x as MongoDB 3.6 will only allow auth against users in the admin db and will no longer allow multiple credentials on a socket. Please authenticate using MongoClient.connect with auth credentials.","timestamp":"5:01:59 PM"}
{"level":"warn","message":"Db.prototype.authenticate method will no longer be available in the next major release 3.x as MongoDB 3.6 will only allow auth against users in the admin db and will no longer allow multiple credentials on a socket. Please authenticate using MongoClient.connect with auth credentials.","timestamp":"5:01:59 PM"}
{"level":"warn","message":"Db.prototype.authenticate method will no longer be available in the next major release 3.x as MongoDB 3.6 will only allow auth against users in the admin db and will no longer allow multiple credentials on a socket. Please authenticate using MongoClient.connect with auth credentials.","timestamp":"5:01:59 PM"}
{"level":"warn","message":"Db.prototype.authenticate method will no longer be available in the next major release 3.x as MongoDB 3.6 will only allow auth against users in the admin db and will no longer allow multiple credentials on a socket. Please authenticate using MongoClient.connect with auth credentials.","timestamp":"5:01:59 PM"}
{"level":"warn","message":"Db.prototype.authenticate method will no longer be available in the next major release 3.x as MongoDB 3.6 will only allow auth against users in the admin db and will no longer allow multiple credentials on a socket. Please authenticate using MongoClient.connect with auth credentials.","timestamp":"5:01:59 PM"}
{"level":"warn","message":"Db.prototype.authenticate method will no longer be available in the next major release 3.x as MongoDB 3.6 will only allow auth against users in the admin db and will no longer allow multiple credentials on a socket. Please authenticate using MongoClient.connect with auth credentials.","timestamp":"5:01:59 PM"}
{"level":"warn","message":"Db.prototype.authenticate method will no longer be available in the next major release 3.x as MongoDB 3.6 will only allow auth against users in the admin db and will no longer allow multiple credentials on a socket. Please authenticate using MongoClient.connect with auth credentials.","timestamp":"5:01:59 PM"}
{"level":"warn","message":"Db.prototype.authenticate method will no longer be available in the next major release 3.x as MongoDB 3.6 will only allow auth against users in the admin db and will no longer allow multiple credentials on a socket. Please authenticate using MongoClient.connect with auth credentials.","timestamp":"5:01:59 PM"}
{"level":"warn","message":"Db.prototype.authenticate method will no longer be available in the next major release 3.x as MongoDB 3.6 will only allow auth against users in the admin db and will no longer allow multiple credentials on a socket. Please authenticate using MongoClient.connect with auth credentials.","timestamp":"5:01:59 PM"}
{"level":"warn","message":"Db.prototype.authenticate method will no longer be available in the next major release 3.x as MongoDB 3.6 will only allow auth against users in the admin db and will no longer allow multiple credentials on a socket. Please authenticate using MongoClient.connect with auth credentials.","timestamp":"5:01:59 PM"}
{"level":"warn","message":"Db.prototype.authenticate method will no longer be available in the next major release 3.x as MongoDB 3.6 will only allow auth against users in the admin db and will no longer allow multiple credentials on a socket. Please authenticate using MongoClient.connect with auth credentials.","timestamp":"5:01:59 PM"}
{"level":"warn","message":"Db.prototype.authenticate method will no longer be available in the next major release 3.x as MongoDB 3.6 will only allow auth against users in the admin db and will no longer allow multiple credentials on a socket. Please authenticate using MongoClient.connect with auth credentials.","timestamp":"5:01:59 PM"}
{"level":"error","message":"(node:13200) UnhandledPromiseRejectionWarning: Unhandled promise rejection (rejection id: 1): MongoError: E11000 duplicate key error collection: lm-api-qa.sync_contacts index: Sync_Contact_Id_1 dup key: { : null }","timestamp":"5:02:00 PM"}
{"level":"error","message":"(node:13200) UnhandledPromiseRejectionWarning: Unhandled promise rejection (rejection id: 2): MongoError: Index with name: Posp_Id_1 already exists with different options","timestamp":"5:02:00 PM"}
{"level":"error","message":"LOG REFERER YTD http://localhost:7000/ ::1 string","timestamp":"5:02:12 PM"}
{"level":"error","message":"LOG REFERER YTD http://localhost:7000/ ::1 string","timestamp":"5:02:12 PM"}
{"level":"error","message":"{ Error: ENOENT: no such file or directory, open 'D:\\Suyash Files\\SourceCode\\tmp\\protest_npos_assign_caller.json'\n    at Error (native)\n    at Object.fs.openSync (fs.js:640:18)\n    at Object.fs.readFileSync (fs.js:508:33)\n    at D:\\Suyash Files\\SourceCode\\routes\\postservicecall.js:16305:34\n    at Layer.handle [as handle_request] (D:\\Suyash Files\\SourceCode\\node_modules\\express\\lib\\router\\layer.js:95:5)\n    at next (D:\\Suyash Files\\SourceCode\\node_modules\\express\\lib\\router\\route.js:131:13)\n    at Route.dispatch (D:\\Suyash Files\\SourceCode\\node_modules\\express\\lib\\router\\route.js:112:3)\n    at Layer.handle [as handle_request] (D:\\Suyash Files\\SourceCode\\node_modules\\express\\lib\\router\\layer.js:95:5)\n    at D:\\Suyash Files\\SourceCode\\node_modules\\express\\lib\\router\\index.js:277:22\n    at Function.process_params (D:\\Suyash Files\\SourceCode\\node_modules\\express\\lib\\router\\index.js:330:12)\n    at next (D:\\Suyash Files\\SourceCode\\node_modules\\express\\lib\\router\\index.js:271:10)\n    at Function.handle (D:\\Suyash Files\\SourceCode\\node_modules\\express\\lib\\router\\index.js:176:3)\n    at router (D:\\Suyash Files\\SourceCode\\node_modules\\express\\lib\\router\\index.js:46:12)\n    at Layer.handle [as handle_request] (D:\\Suyash Files\\SourceCode\\node_modules\\express\\lib\\router\\layer.js:95:5)\n    at trim_prefix (D:\\Suyash Files\\SourceCode\\node_modules\\express\\lib\\router\\index.js:312:13)\n    at D:\\Suyash Files\\SourceCode\\node_modules\\express\\lib\\router\\index.js:280:7\n    at Function.process_params (D:\\Suyash Files\\SourceCode\\node_modules\\express\\lib\\router\\index.js:330:12)\n    at next (D:\\Suyash Files\\SourceCode\\node_modules\\express\\lib\\router\\index.js:271:10)\n    at D:\\Suyash Files\\SourceCode\\node_modules\\express\\lib\\router\\index.js:618:15\n    at next (D:\\Suyash Files\\SourceCode\\node_modules\\express\\lib\\router\\index.js:256:14)\n    at Function.handle (D:\\Suyash Files\\SourceCode\\node_modules\\express\\lib\\router\\index.js:176:3)\n    at router (D:\\Suyash Files\\SourceCode\\node_modules\\express\\lib\\router\\index.js:46:12)\n  errno: -4058,\n  code: 'ENOENT',\n  syscall: 'open',\n  path: 'D:\\\\Suyash Files\\\\SourceCode\\\\tmp\\\\protest_npos_assign_caller.json' }","timestamp":"5:02:13 PM"}
