{"level":"info","message":"$$$$$$$$$$$$$$$$$$$$$$$$","timestamp":"9:11:47 AM"}
{"meta":"","level":"info","message":"","timestamp":"9:11:47 AM"}
{"level":"info","message":"Development Environment is Listening on port 3000","timestamp":"9:11:47 AM"}
{"level":"info","message":"Web URL : http://localhost:3000","timestamp":"9:11:47 AM"}
{"meta":"","level":"info","message":"","timestamp":"9:11:47 AM"}
{"level":"info","message":"$$$$$$$$$$$$$$$$$$$$$$$$","timestamp":"9:11:47 AM"}
{"meta":"","level":"info","message":"","timestamp":"9:11:47 AM"}
{"level":"info","message":"Connected to Database","timestamp":"9:11:48 AM"}
{"level":"info","message":"$$$$$$$$$$$$$$$$$$$$$$$$","timestamp":"9:44:36 AM"}
{"meta":"","level":"info","message":"","timestamp":"9:44:36 AM"}
{"level":"info","message":"Development Environment is Listening on port 3000","timestamp":"9:44:36 AM"}
{"level":"info","message":"Web URL : http://localhost:3000","timestamp":"9:44:36 AM"}
{"meta":"","level":"info","message":"","timestamp":"9:44:36 AM"}
{"level":"info","message":"$$$$$$$$$$$$$$$$$$$$$$$$","timestamp":"9:44:36 AM"}
{"meta":"","level":"info","message":"","timestamp":"9:44:36 AM"}
{"level":"info","message":"Connected to Database","timestamp":"9:44:36 AM"}
{"level":"info","message":"req.body.Sub_Type : undefined","timestamp":"9:50:50 AM"}
{"level":"info","message":"Sub_Type : ","timestamp":"9:50:50 AM"}
{"level":"info","message":"req.body.Sub_Type : undefined","timestamp":"9:52:12 AM"}
{"level":"info","message":"Sub_Type : ","timestamp":"9:52:12 AM"}
{"level":"info","message":"doc type : PROFILE","timestamp":"9:53:12 AM"}
{"level":"info","message":"req.body.Sub_Type : undefined","timestamp":"9:53:14 AM"}
{"level":"info","message":"Sub_Type : ","timestamp":"9:53:14 AM"}
{"level":"info","message":"doc type : PROFILE","timestamp":"9:53:40 AM"}
{"level":"info","message":"req.body.Sub_Type : undefined","timestamp":"9:53:42 AM"}
{"level":"info","message":"Sub_Type : ","timestamp":"9:53:42 AM"}
{"level":"info","message":"req.body.Sub_Type : undefined","timestamp":"9:54:10 AM"}
{"level":"info","message":"Sub_Type : ","timestamp":"9:54:10 AM"}
{"level":"info","message":"req.body.Sub_Type : undefined","timestamp":"9:57:35 AM"}
{"level":"info","message":"Sub_Type : ","timestamp":"9:57:35 AM"}
{"level":"info","message":"Initial : GIRIJ - Updated : GIRIJ","timestamp":"9:57:36 AM"}
{"level":"info","message":"Initial : KAULAR BK - Updated : KAULAR BK","timestamp":"9:57:36 AM"}
{"level":"info","message":"Initial : KIRAVALI - Updated : KIRAVALI","timestamp":"9:57:36 AM"}
{"level":"info","message":"Initial : PATILGAON - Updated : PATILGAON","timestamp":"9:57:36 AM"}
{"level":"info","message":"Initial : SALOLI - Updated : SALOLI","timestamp":"9:57:36 AM"}
{"level":"info","message":"Initial : TARKHAD - Updated : TARKHAD","timestamp":"9:57:36 AM"}
{"level":"info","message":"Initial : VASLAI - Updated : VASLAI","timestamp":"9:57:36 AM"}
{"level":"info","message":"Initial : CHIMANE - Updated : CHIMANE","timestamp":"9:57:36 AM"}
{"level":"info","message":"Initial : KARADI - Updated : KARADI","timestamp":"9:57:36 AM"}
{"level":"info","message":"Initial : RANGAON - Updated : RANGAON","timestamp":"9:57:36 AM"}
{"level":"info","message":"Initial : BHUIGAON BK - Updated : BHUIGAON BK","timestamp":"9:57:36 AM"}
{"level":"info","message":"Initial : BHUIGAON KH - Updated : BHUIGAON KH","timestamp":"9:57:36 AM"}
{"level":"info","message":"Initial : VADAVALI - Updated : VADAVALI","timestamp":"9:57:36 AM"}
{"level":"info","message":"Initial : VASAI - Updated : VASAI","timestamp":"9:57:36 AM"}
{"level":"info","message":"Initial : ACTAN - Updated : ACTAN","timestamp":"9:57:36 AM"}
{"level":"info","message":"Initial : KAULAR KH - Updated : KAULAR KH","timestamp":"9:57:36 AM"}
{"level":"info","message":"Initial : KHOCHIVADE - Updated : KHOCHIVADE","timestamp":"9:57:36 AM"}
{"level":"info","message":"Initial : MULGAON - Updated : MULGAON","timestamp":"9:57:36 AM"}
{"level":"info","message":"doc type : POSP-BANK-ACC","timestamp":"9:58:40 AM"}
{"level":"info","message":"req.body.Sub_Type : OCR","timestamp":"9:58:43 AM"}
{"level":"info","message":"Sub_Type : OCR","timestamp":"9:58:43 AM"}
{"level":"info","message":"doc type : POSP-BANK-ACC","timestamp":"9:58:43 AM"}
{"level":"info","message":"req.body.Sub_Type : undefined","timestamp":"9:58:44 AM"}
{"level":"info","message":"Sub_Type : ","timestamp":"9:58:44 AM"}
{"level":"info","message":"Initial : GIRIJ - Updated : GIRIJ","timestamp":"10:16:20 AM"}
{"level":"info","message":"Initial : KAULAR BK - Updated : KAULAR BK","timestamp":"10:16:20 AM"}
{"level":"info","message":"Initial : KIRAVALI - Updated : KIRAVALI","timestamp":"10:16:20 AM"}
{"level":"info","message":"Initial : PATILGAON - Updated : PATILGAON","timestamp":"10:16:20 AM"}
{"level":"info","message":"Initial : SALOLI - Updated : SALOLI","timestamp":"10:16:20 AM"}
{"level":"info","message":"Initial : TARKHAD - Updated : TARKHAD","timestamp":"10:16:20 AM"}
{"level":"info","message":"Initial : VASLAI - Updated : VASLAI","timestamp":"10:16:20 AM"}
{"level":"info","message":"Initial : CHIMANE - Updated : CHIMANE","timestamp":"10:16:20 AM"}
{"level":"info","message":"Initial : KARADI - Updated : KARADI","timestamp":"10:16:20 AM"}
{"level":"info","message":"Initial : RANGAON - Updated : RANGAON","timestamp":"10:16:20 AM"}
{"level":"info","message":"Initial : BHUIGAON BK - Updated : BHUIGAON BK","timestamp":"10:16:20 AM"}
{"level":"info","message":"Initial : BHUIGAON KH - Updated : BHUIGAON KH","timestamp":"10:16:20 AM"}
{"level":"info","message":"Initial : VADAVALI - Updated : VADAVALI","timestamp":"10:16:20 AM"}
{"level":"info","message":"Initial : VASAI - Updated : VASAI","timestamp":"10:16:20 AM"}
{"level":"info","message":"Initial : ACTAN - Updated : ACTAN","timestamp":"10:16:20 AM"}
{"level":"info","message":"Initial : KAULAR KH - Updated : KAULAR KH","timestamp":"10:16:20 AM"}
{"level":"info","message":"Initial : KHOCHIVADE - Updated : KHOCHIVADE","timestamp":"10:16:20 AM"}
{"level":"info","message":"Initial : MULGAON - Updated : MULGAON","timestamp":"10:16:20 AM"}
{"level":"info","message":"Initial : MUMBAI - Updated : MUMBAI","timestamp":"10:16:39 AM"}
{"level":"info","message":"1919 is the OTP for your  on Policyboss.com. Validity 5 minutes. PolicyBoss.com","timestamp":"10:20:17 AM"}
{"level":"info","message":"==============","timestamp":"10:20:18 AM"}
{"level":"info","message":"SendSmS Bad Request\r\nThis combination of host and port requires TLS.\r\n","timestamp":"10:20:18 AM"}
{"level":"info","message":"sms_logupdate null { n: 1, nModified: 1, ok: 1 }","timestamp":"10:20:18 AM"}
{"level":"info","message":"Error response received","timestamp":"10:20:19 AM"}
{"level":"info","message":"emailupdate null { n: 1, nModified: 1, ok: 1 }","timestamp":"10:20:19 AM"}
{"level":"info","message":"9232 is the OTP for your  on Policyboss.com. Validity 5 minutes. PolicyBoss.com","timestamp":"10:20:27 AM"}
{"level":"info","message":"==============","timestamp":"10:20:28 AM"}
{"level":"info","message":"SendSmS Bad Request\r\nThis combination of host and port requires TLS.\r\n","timestamp":"10:20:28 AM"}
{"level":"info","message":"sms_logupdate null { n: 1, nModified: 1, ok: 1 }","timestamp":"10:20:28 AM"}
{"level":"info","message":"Error response received","timestamp":"10:20:28 AM"}
{"level":"info","message":"emailupdate null { n: 1, nModified: 1, ok: 1 }","timestamp":"10:20:28 AM"}
{"level":"info","message":"8314 is the OTP for your  on Policyboss.com. Validity 5 minutes. PolicyBoss.com","timestamp":"10:20:31 AM"}
{"level":"info","message":"==============","timestamp":"10:20:31 AM"}
{"level":"info","message":"SendSmS Bad Request\r\nThis combination of host and port requires TLS.\r\n","timestamp":"10:20:31 AM"}
{"level":"info","message":"sms_logupdate null { n: 1, nModified: 1, ok: 1 }","timestamp":"10:20:31 AM"}
{"level":"info","message":"Error response received","timestamp":"10:20:31 AM"}
{"level":"info","message":"emailupdate null { n: 1, nModified: 1, ok: 1 }","timestamp":"10:20:31 AM"}
{"level":"info","message":"html_web_path_portal : http://localhost:3000/onboarding_docs/158963/Summary_158963.html","timestamp":"10:21:08 AM"}
{"level":"info","message":"get_pdf_url : undefinedhttp://localhost:3000/onboarding_docs/158963/Summary_158963.html","timestamp":"10:21:08 AM"}
{"level":"info","message":"html_web_path_portal : http://localhost:3000/onboarding_docs/158963/Summary_158963.html","timestamp":"10:23:08 AM"}
{"level":"info","message":"get_pdf_url : undefinedhttp://localhost:3000/onboarding_docs/158963/Summary_158963.html","timestamp":"10:23:08 AM"}
{"level":"info","message":"$$$$$$$$$$$$$$$$$$$$$$$$","timestamp":"10:24:51 AM"}
{"meta":"","level":"info","message":"","timestamp":"10:24:51 AM"}
{"level":"info","message":"Development Environment is Listening on port 3000","timestamp":"10:24:51 AM"}
{"level":"info","message":"Web URL : http://localhost:3000","timestamp":"10:24:51 AM"}
{"meta":"","level":"info","message":"","timestamp":"10:24:51 AM"}
{"level":"info","message":"$$$$$$$$$$$$$$$$$$$$$$$$","timestamp":"10:24:51 AM"}
{"meta":"","level":"info","message":"","timestamp":"10:24:51 AM"}
{"level":"info","message":"Connected to Database","timestamp":"10:24:51 AM"}
{"level":"info","message":"8489 is the OTP for your  on Policyboss.com. Validity 5 minutes. PolicyBoss.com","timestamp":"10:26:57 AM"}
{"level":"info","message":"==============","timestamp":"10:26:58 AM"}
{"level":"info","message":"SendSmS Bad Request\r\nThis combination of host and port requires TLS.\r\n","timestamp":"10:26:58 AM"}
{"level":"info","message":"sms_logupdate null { n: 1, nModified: 1, ok: 1 }","timestamp":"10:26:58 AM"}
{"level":"info","message":"Error response received","timestamp":"10:26:58 AM"}
{"level":"info","message":"emailupdate null { n: 1, nModified: 1, ok: 1 }","timestamp":"10:26:58 AM"}
{"level":"info","message":"html_web_path_portal : http://localhost:3000/onboarding_docs/158963/Summary_158963.html","timestamp":"10:27:01 AM"}
{"level":"info","message":"get_pdf_url : undefinedhttp://localhost:3000/onboarding_docs/158963/Summary_158963.html","timestamp":"10:27:01 AM"}
{"level":"info","message":"5951 is the OTP for your  on Policyboss.com. Validity 5 minutes. PolicyBoss.com","timestamp":"10:28:49 AM"}
{"level":"info","message":"Error response received","timestamp":"10:28:49 AM"}
{"level":"info","message":"==============","timestamp":"10:28:49 AM"}
{"level":"info","message":"SendSmS Bad Request\r\nThis combination of host and port requires TLS.\r\n","timestamp":"10:28:49 AM"}
{"level":"info","message":"emailupdate null { n: 1, nModified: 1, ok: 1 }","timestamp":"10:28:49 AM"}
{"level":"info","message":"sms_logupdate null { n: 1, nModified: 1, ok: 1 }","timestamp":"10:28:49 AM"}
{"level":"info","message":"html_web_path_portal : http://localhost:3000/onboarding_docs/158963/Summary_158963.html","timestamp":"10:28:52 AM"}
{"level":"info","message":"$$$$$$$$$$$$$$$$$$$$$$$$","timestamp":"10:35:08 AM"}
{"meta":"","level":"info","message":"","timestamp":"10:35:08 AM"}
{"level":"info","message":"Production Environment is Listening on port 3000","timestamp":"10:35:08 AM"}
{"level":"info","message":"Web URL : http://localhost:3000","timestamp":"10:35:08 AM"}
{"meta":"","level":"info","message":"","timestamp":"10:35:08 AM"}
{"level":"info","message":"$$$$$$$$$$$$$$$$$$$$$$$$","timestamp":"10:35:08 AM"}
{"meta":"","level":"info","message":"","timestamp":"10:35:08 AM"}
{"level":"info","message":"Connected to Database","timestamp":"10:35:09 AM"}
{"level":"info","message":"2998 is the OTP for your  on Policyboss.com. Validity 5 minutes. PolicyBoss.com","timestamp":"10:35:28 AM"}
{"level":"info","message":"==============","timestamp":"10:35:29 AM"}
{"level":"info","message":"SendSmS Bad Request\r\nThis combination of host and port requires TLS.\r\n","timestamp":"10:35:29 AM"}
{"level":"info","message":"sms_logupdate null { n: 1, nModified: 1, ok: 1 }","timestamp":"10:35:29 AM"}
{"level":"info","message":"Error response received","timestamp":"10:35:29 AM"}
{"level":"info","message":"emailupdate null { n: 1, nModified: 1, ok: 1 }","timestamp":"10:35:29 AM"}
{"level":"info","message":"html_web_path_portal : http://localhost:3000/onboarding_docs/158963/Summary_158963.html","timestamp":"10:35:35 AM"}
{"level":"info","message":"get_pdf_url : https://pdftool.policyboss.com/html2pdf.php?o=download&u=http://localhost:3000/onboarding_docs/158963/Summary_158963.html","timestamp":"10:35:35 AM"}
{"level":"info","message":"emailupdate null { n: 1, nModified: 1, ok: 1 }","timestamp":"10:35:46 AM"}
{"level":"info","message":"6853 is the OTP for your  on Policyboss.com. Validity 5 minutes. PolicyBoss.com","timestamp":"10:37:30 AM"}
{"level":"info","message":"==============","timestamp":"10:37:31 AM"}
{"level":"info","message":"SendSmS Bad Request\r\nThis combination of host and port requires TLS.\r\n","timestamp":"10:37:31 AM"}
{"level":"info","message":"sms_logupdate null { n: 1, nModified: 1, ok: 1 }","timestamp":"10:37:31 AM"}
{"level":"info","message":"Error response received","timestamp":"10:37:31 AM"}
{"level":"info","message":"emailupdate null { n: 1, nModified: 1, ok: 1 }","timestamp":"10:37:31 AM"}
{"level":"info","message":"html_web_path_portal : http://localhost:3000/onboarding_docs/158963/Summary_158963.html","timestamp":"10:37:33 AM"}
{"level":"info","message":"get_pdf_url : https://pdftool.policyboss.com/html2pdf.php?o=download&u=http://localhost:3000/onboarding_docs/158963/Summary_158963.html","timestamp":"10:37:33 AM"}
{"level":"info","message":"emailupdate null { n: 1, nModified: 1, ok: 1 }","timestamp":"10:37:37 AM"}
{"level":"info","message":"6339 is the OTP for your  on Policyboss.com. Validity 5 minutes. PolicyBoss.com","timestamp":"10:45:44 AM"}
{"level":"info","message":"==============","timestamp":"10:45:45 AM"}
{"level":"info","message":"SendSmS Bad Request\r\nThis combination of host and port requires TLS.\r\n","timestamp":"10:45:45 AM"}
{"level":"info","message":"sms_logupdate null { n: 1, nModified: 1, ok: 1 }","timestamp":"10:45:45 AM"}
{"level":"info","message":"Error response received","timestamp":"10:45:46 AM"}
{"level":"info","message":"emailupdate null { n: 1, nModified: 1, ok: 1 }","timestamp":"10:45:46 AM"}
{"level":"info","message":"html_web_path_portal : http://localhost:3000/onboarding_docs/158963/Summary_158963.html","timestamp":"10:45:47 AM"}
{"level":"info","message":"get_pdf_url : https://pdftool.policyboss.com/html2pdf.php?o=download&u=http://localhost:3000/onboarding_docs/158963/Summary_158963.html","timestamp":"10:45:47 AM"}
{"level":"info","message":"emailupdate null { n: 1, nModified: 1, ok: 1 }","timestamp":"10:46:02 AM"}
{"level":"info","message":"7223 is the OTP for your  on Policyboss.com. Validity 5 minutes. PolicyBoss.com","timestamp":"11:06:15 AM"}
{"level":"info","message":"==============","timestamp":"11:06:15 AM"}
{"level":"info","message":"SendSmS Bad Request\r\nThis combination of host and port requires TLS.\r\n","timestamp":"11:06:15 AM"}
{"level":"info","message":"sms_logupdate null { n: 1, nModified: 1, ok: 1 }","timestamp":"11:06:15 AM"}
{"level":"info","message":"Error response received","timestamp":"11:06:16 AM"}
{"level":"info","message":"emailupdate null { n: 1, nModified: 1, ok: 1 }","timestamp":"11:06:16 AM"}
{"level":"info","message":"3672 is the OTP for your  on Policyboss.com. Validity 5 minutes. PolicyBoss.com","timestamp":"11:08:48 AM"}
{"level":"info","message":"==============","timestamp":"11:08:48 AM"}
{"level":"info","message":"SendSmS Bad Request\r\nThis combination of host and port requires TLS.\r\n","timestamp":"11:08:48 AM"}
{"level":"info","message":"sms_logupdate null { n: 1, nModified: 1, ok: 1 }","timestamp":"11:08:48 AM"}
{"level":"info","message":"Error response received","timestamp":"11:08:49 AM"}
{"level":"info","message":"emailupdate null { n: 1, nModified: 1, ok: 1 }","timestamp":"11:08:49 AM"}
{"level":"info","message":"$$$$$$$$$$$$$$$$$$$$$$$$","timestamp":"1:36:04 PM"}
{"meta":"","level":"info","message":"","timestamp":"1:36:04 PM"}
{"level":"info","message":"Production Environment is Listening on port 3000","timestamp":"1:36:04 PM"}
{"level":"info","message":"Web URL : http://localhost:3000","timestamp":"1:36:04 PM"}
{"meta":"","level":"info","message":"","timestamp":"1:36:04 PM"}
{"level":"info","message":"$$$$$$$$$$$$$$$$$$$$$$$$","timestamp":"1:36:04 PM"}
{"meta":"","level":"info","message":"","timestamp":"1:36:04 PM"}
{"level":"info","message":"Connected to Database","timestamp":"1:36:05 PM"}
{"level":"info","message":"9449 is the OTP for your  on Policyboss.com. Validity 5 minutes. PolicyBoss.com","timestamp":"1:36:46 PM"}
{"level":"info","message":"==============","timestamp":"1:36:46 PM"}
{"level":"info","message":"SendSmS Bad Request\r\nThis combination of host and port requires TLS.\r\n","timestamp":"1:36:46 PM"}
{"level":"info","message":"sms_logupdate null { n: 1, nModified: 1, ok: 1 }","timestamp":"1:36:46 PM"}
{"level":"info","message":"Error response received","timestamp":"1:36:47 PM"}
{"level":"info","message":"emailupdate null { n: 1, nModified: 1, ok: 1 }","timestamp":"1:36:47 PM"}
{"level":"info","message":"7356 is the OTP for your  on Policyboss.com. Validity 5 minutes. PolicyBoss.com","timestamp":"1:36:51 PM"}
{"level":"info","message":"==============","timestamp":"1:36:51 PM"}
{"level":"info","message":"SendSmS Bad Request\r\nThis combination of host and port requires TLS.\r\n","timestamp":"1:36:51 PM"}
{"level":"info","message":"sms_logupdate null { n: 1, nModified: 1, ok: 1 }","timestamp":"1:36:51 PM"}
{"level":"info","message":"html_web_path_portal : https://download.policyboss.com/onboarding/download/onboarding_docs/156354/Summary_156354.html","timestamp":"1:37:06 PM"}
{"level":"info","message":"$$$$$$$$$$$$$$$$$$$$$$$$","timestamp":"1:44:26 PM"}
{"meta":"","level":"info","message":"","timestamp":"1:44:26 PM"}
{"level":"info","message":"Production Environment is Listening on port 3000","timestamp":"1:44:26 PM"}
{"level":"info","message":"Web URL : http://localhost:3000","timestamp":"1:44:26 PM"}
{"meta":"","level":"info","message":"","timestamp":"1:44:26 PM"}
{"level":"info","message":"$$$$$$$$$$$$$$$$$$$$$$$$","timestamp":"1:44:26 PM"}
{"meta":"","level":"info","message":"","timestamp":"1:44:26 PM"}
{"level":"info","message":"Connected to Database","timestamp":"1:44:27 PM"}
{"level":"info","message":"9366 is the OTP for your  on Policyboss.com. Validity 5 minutes. PolicyBoss.com","timestamp":"1:44:51 PM"}
{"level":"info","message":"==============","timestamp":"1:44:52 PM"}
{"level":"info","message":"SendSmS Bad Request\r\nThis combination of host and port requires TLS.\r\n","timestamp":"1:44:52 PM"}
{"level":"info","message":"sms_logupdate null { n: 1, nModified: 1, ok: 1 }","timestamp":"1:44:52 PM"}
{"level":"info","message":"Error response received","timestamp":"1:44:52 PM"}
{"level":"info","message":"emailupdate null { n: 1, nModified: 1, ok: 1 }","timestamp":"1:44:52 PM"}
{"level":"info","message":"html_web_path_portal : https://download.policyboss.com/onboarding/download/onboarding_docs/156354/Summary_156354.html","timestamp":"1:47:10 PM"}
{"level":"info","message":"get_pdf_url : https://pdftool.policyboss.com/html2pdf.php?o=download&u=https://download.policyboss.com/onboarding/download/onboarding_docs/156354/Summary_156354.html","timestamp":"1:47:10 PM"}
{"level":"info","message":"html_web_path_portal : https://download.policyboss.com/onboarding/download/onboarding_docs/156354/Summary_156354.html","timestamp":"1:47:37 PM"}
{"level":"info","message":"get_pdf_url : https://pdftool.policyboss.com/html2pdf.php?o=download&u=https://download.policyboss.com/onboarding/download/onboarding_docs/156354/Summary_156354.html","timestamp":"1:47:37 PM"}
{"level":"info","message":"Error response received","timestamp":"1:47:52 PM"}
{"level":"info","message":"Error response received","timestamp":"1:47:52 PM"}
{"level":"info","message":"emailupdate null { n: 1, nModified: 1, ok: 1 }","timestamp":"1:47:52 PM"}
{"level":"info","message":"emailupdate null { n: 1, nModified: 1, ok: 1 }","timestamp":"1:47:52 PM"}
{"level":"info","message":"$$$$$$$$$$$$$$$$$$$$$$$$","timestamp":"4:28:46 PM"}
{"meta":"","level":"info","message":"","timestamp":"4:28:46 PM"}
{"level":"info","message":"Production Environment is Listening on port 3000","timestamp":"4:28:46 PM"}
{"level":"info","message":"Web URL : http://localhost:3000","timestamp":"4:28:46 PM"}
{"meta":"","level":"info","message":"","timestamp":"4:28:46 PM"}
{"level":"info","message":"$$$$$$$$$$$$$$$$$$$$$$$$","timestamp":"4:28:46 PM"}
{"meta":"","level":"info","message":"","timestamp":"4:28:46 PM"}
{"level":"info","message":"Connected to Database","timestamp":"4:28:46 PM"}
{"level":"info","message":"emailupdate null { n: 1, nModified: 1, ok: 1 }","timestamp":"4:32:05 PM"}
{"level":"info","message":"emailupdate null { n: 1, nModified: 1, ok: 1 }","timestamp":"4:45:06 PM"}
{"level":"info","message":"DateRange from 2024-08-11T18:30:00.000Z to 2024-08-12T18:30:00.000Z","timestamp":"4:55:31 PM"}
{"level":"info","message":"DateRange from 2024-08-11T18:30:00.000Z to 2024-08-12T18:30:00.000Z","timestamp":"4:55:37 PM"}
{"level":"info","message":"DateRange from 2024-08-11T18:30:00.000Z to 2024-08-12T18:30:00.000Z","timestamp":"4:55:38 PM"}
{"level":"info","message":"DateRange from 2024-08-11T18:30:00.000Z to 2024-08-12T18:30:00.000Z","timestamp":"4:55:39 PM"}
{"level":"info","message":"DateRange from 2024-08-11T18:30:00.000Z to 2024-08-12T18:30:00.000Z","timestamp":"4:55:40 PM"}
{"level":"info","message":"emailsendgrid","timestamp":"4:56:09 PM"}
{"level":"info","message":"emailsendgrid","timestamp":"4:56:13 PM"}
{"level":"info","message":"$$$$$$$$$$$$$$$$$$$$$$$$","timestamp":"4:57:30 PM"}
{"meta":"","level":"info","message":"","timestamp":"4:57:30 PM"}
{"level":"info","message":"Production Environment is Listening on port 3000","timestamp":"4:57:30 PM"}
{"level":"info","message":"Web URL : http://localhost:3000","timestamp":"4:57:30 PM"}
{"meta":"","level":"info","message":"","timestamp":"4:57:30 PM"}
{"level":"info","message":"$$$$$$$$$$$$$$$$$$$$$$$$","timestamp":"4:57:30 PM"}
{"meta":"","level":"info","message":"","timestamp":"4:57:30 PM"}
{"level":"info","message":"Connected to Database","timestamp":"4:57:30 PM"}
{"level":"info","message":"emailsendgrid","timestamp":"5:25:35 PM"}
{"level":"info","message":"emailsendgrid","timestamp":"5:25:44 PM"}
{"level":"info","message":"$$$$$$$$$$$$$$$$$$$$$$$$","timestamp":"5:26:05 PM"}
{"meta":"","level":"info","message":"","timestamp":"5:26:05 PM"}
{"level":"info","message":"Production Environment is Listening on port 3000","timestamp":"5:26:05 PM"}
{"level":"info","message":"Web URL : http://localhost:3000","timestamp":"5:26:05 PM"}
{"meta":"","level":"info","message":"","timestamp":"5:26:05 PM"}
{"level":"info","message":"$$$$$$$$$$$$$$$$$$$$$$$$","timestamp":"5:26:05 PM"}
{"meta":"","level":"info","message":"","timestamp":"5:26:05 PM"}
{"level":"info","message":"Connected to Database","timestamp":"5:26:05 PM"}
{"level":"info","message":"emailsendgrid","timestamp":"5:26:17 PM"}
{"level":"info","message":"DateRange from 2024-08-11T18:30:00.000Z to 2024-08-12T18:30:00.000Z","timestamp":"5:26:23 PM"}
{"level":"info","message":"$$$$$$$$$$$$$$$$$$$$$$$$","timestamp":"5:33:07 PM"}
{"meta":"","level":"info","message":"","timestamp":"5:33:07 PM"}
{"level":"info","message":"Production Environment is Listening on port 3000","timestamp":"5:33:07 PM"}
{"level":"info","message":"Web URL : http://localhost:3000","timestamp":"5:33:07 PM"}
{"meta":"","level":"info","message":"","timestamp":"5:33:07 PM"}
{"level":"info","message":"$$$$$$$$$$$$$$$$$$$$$$$$","timestamp":"5:33:07 PM"}
{"meta":"","level":"info","message":"","timestamp":"5:33:07 PM"}
{"level":"info","message":"Connected to Database","timestamp":"5:33:07 PM"}
{"level":"info","message":"DateRange from 2024-08-11T18:30:00.000Z to 2024-08-12T18:30:00.000Z","timestamp":"5:45:11 PM"}
