{"level":"info","message":"$$$$$$$$$$$$$$$$$$$$$$$$","timestamp":"9:31:33 AM"}
{"meta":"","level":"info","message":"","timestamp":"9:31:33 AM"}
{"level":"info","message":"Development Environment is Listening on port 3000","timestamp":"9:31:33 AM"}
{"level":"info","message":"Web URL : http://localhost:3000","timestamp":"9:31:33 AM"}
{"meta":"","level":"info","message":"","timestamp":"9:31:33 AM"}
{"level":"info","message":"$$$$$$$$$$$$$$$$$$$$$$$$","timestamp":"9:31:33 AM"}
{"meta":"","level":"info","message":"","timestamp":"9:31:33 AM"}
{"level":"info","message":"$$$$$$$$$$$$$$$$$$$$$$$$","timestamp":"9:55:49 AM"}
{"meta":"","level":"info","message":"","timestamp":"9:55:49 AM"}
{"level":"info","message":"Development Environment is Listening on port 3000","timestamp":"9:55:49 AM"}
{"level":"info","message":"Web URL : http://localhost:3000","timestamp":"9:55:49 AM"}
{"meta":"","level":"info","message":"","timestamp":"9:55:49 AM"}
{"level":"info","message":"$$$$$$$$$$$$$$$$$$$$$$$$","timestamp":"9:55:49 AM"}
{"meta":"","level":"info","message":"","timestamp":"9:55:49 AM"}
{"level":"info","message":"$$$$$$$$$$$$$$$$$$$$$$$$","timestamp":"9:57:28 AM"}
{"meta":"","level":"info","message":"","timestamp":"9:57:28 AM"}
{"level":"info","message":"Development Environment is Listening on port 3000","timestamp":"9:57:28 AM"}
{"level":"info","message":"Web URL : http://localhost:3000","timestamp":"9:57:28 AM"}
{"meta":"","level":"info","message":"","timestamp":"9:57:28 AM"}
{"level":"info","message":"$$$$$$$$$$$$$$$$$$$$$$$$","timestamp":"9:57:28 AM"}
{"meta":"","level":"info","message":"","timestamp":"9:57:28 AM"}
{"level":"info","message":"$$$$$$$$$$$$$$$$$$$$$$$$","timestamp":"10:02:52 AM"}
{"meta":"","level":"info","message":"","timestamp":"10:02:52 AM"}
{"level":"info","message":"Development Environment is Listening on port 3000","timestamp":"10:02:52 AM"}
{"level":"info","message":"Web URL : http://localhost:3000","timestamp":"10:02:52 AM"}
{"meta":"","level":"info","message":"","timestamp":"10:02:52 AM"}
{"level":"info","message":"$$$$$$$$$$$$$$$$$$$$$$$$","timestamp":"10:02:52 AM"}
{"meta":"","level":"info","message":"","timestamp":"10:02:52 AM"}
{"level":"info","message":"Success","timestamp":"10:58:54 AM"}
{"level":"info","message":"Success","timestamp":"11:00:28 AM"}
{"level":"info","message":"Success","timestamp":"11:00:36 AM"}
{"level":"info","message":"Success","timestamp":"11:01:18 AM"}
{"level":"info","message":"Success","timestamp":"11:01:19 AM"}
{"level":"info","message":"Success","timestamp":"11:01:41 AM"}
{"level":"info","message":"Success","timestamp":"11:02:12 AM"}
{"level":"info","message":"Success","timestamp":"11:02:20 AM"}
{"level":"info","message":"Success","timestamp":"11:02:22 AM"}
{"level":"info","message":"Success","timestamp":"11:02:30 AM"}
{"level":"info","message":"Success","timestamp":"11:05:01 AM"}
{"level":"info","message":"Success","timestamp":"11:05:22 AM"}
{"level":"info","message":"Success","timestamp":"11:08:15 AM"}
{"level":"info","message":"Success","timestamp":"11:32:10 AM"}
{"level":"info","message":"Success","timestamp":"11:32:21 AM"}
{"level":"info","message":"Success","timestamp":"11:34:25 AM"}
{"level":"info","message":"Success","timestamp":"11:43:13 AM"}
{"level":"info","message":"Success","timestamp":"11:47:01 AM"}
{"level":"info","message":"Success","timestamp":"11:48:55 AM"}
{"level":"info","message":"Success","timestamp":"11:48:56 AM"}
{"level":"info","message":"Success","timestamp":"11:49:16 AM"}
{"level":"info","message":"Success","timestamp":"11:49:27 AM"}
{"level":"info","message":"Success","timestamp":"11:50:31 AM"}
{"level":"info","message":"Success","timestamp":"11:51:10 AM"}
{"level":"info","message":"Success","timestamp":"11:51:13 AM"}
{"level":"info","message":"Success","timestamp":"11:51:47 AM"}
{"level":"info","message":"Success","timestamp":"11:52:50 AM"}
{"level":"info","message":"Success","timestamp":"11:52:55 AM"}
{"level":"info","message":"$$$$$$$$$$$$$$$$$$$$$$$$","timestamp":"2:37:35 PM"}
{"meta":"","level":"info","message":"","timestamp":"2:37:35 PM"}
{"level":"info","message":"Development Environment is Listening on port 3000","timestamp":"2:37:35 PM"}
{"level":"info","message":"Web URL : http://localhost:3000","timestamp":"2:37:35 PM"}
{"meta":"","level":"info","message":"","timestamp":"2:37:35 PM"}
{"level":"info","message":"$$$$$$$$$$$$$$$$$$$$$$$$","timestamp":"2:37:35 PM"}
{"meta":"","level":"info","message":"","timestamp":"2:37:35 PM"}
{"level":"info","message":"$$$$$$$$$$$$$$$$$$$$$$$$","timestamp":"4:50:08 PM"}
{"meta":"","level":"info","message":"","timestamp":"4:50:08 PM"}
{"level":"info","message":"Development Environment is Listening on port 3000","timestamp":"4:50:08 PM"}
{"level":"info","message":"Web URL : http://localhost:3000","timestamp":"4:50:08 PM"}
{"meta":"","level":"info","message":"","timestamp":"4:50:08 PM"}
{"level":"info","message":"$$$$$$$$$$$$$$$$$$$$$$$$","timestamp":"4:50:08 PM"}
{"meta":"","level":"info","message":"","timestamp":"4:50:08 PM"}
{"level":"info","message":"Success","timestamp":"4:58:57 PM"}
{"level":"info","message":"Success","timestamp":"5:23:56 PM"}
{"level":"info","message":"Success","timestamp":"5:26:20 PM"}
{"level":"info","message":"Success","timestamp":"5:27:59 PM"}
{"level":"info","message":"Success","timestamp":"5:28:23 PM"}
{"level":"info","message":"{ ___mobile___: '7884563495' }","timestamp":"5:35:28 PM"}
{"level":"info","message":"https://preprod-digitpolicyissuance.godigit.com/endo/v1/g91/endorsement/D600012508?source=CD","timestamp":"5:35:28 PM"}
{"level":"info","message":"{ person: [ { communications: [Object] } ] }","timestamp":"5:35:28 PM"}
{"level":"info","message":"[ { _id: 5ec65934370b6d7152853a6f,\n    Product_Id: [ '1', '2', '10', '12', '3' ],\n    Category_Id: 2,\n    Category: 'Quotation',\n    Level_1: '110560,111221,110847,111100,111162,111548,110646,110513,107602,104449,102572,102571,103595,109745,106154',\n    Level_2: '110646,107602',\n    Level_3: '104449,107602',\n    Display_Source: [ 'policyboss', 'horizon', 'app' ] },\n  { _id: 5ec65934370b6d7152853a70,\n    Product_Id: [ '1', '2', '10', '12' ],\n    Category_Id: 3,\n    Category: 'Proposal',\n    Level_1: '110560,111221,110847,111100,111162,111548,110646,110513,107602,104449,102572,102571,103595,109745',\n    Level_2: '104449,107602',\n    Level_3: '104449,107602',\n    Display_Source: [ 'policyboss', 'horizon', 'app' ] },\n  { _id: 5ec65934370b6d7152853a71,\n    Product_Id: [ '1', '2', '10', '12' ],\n    Category_Id: 4,\n    Category: 'Policy not received',\n    Level_1: '110560,111221,110847,111100,111162,111548,110646,110513,107602,104449,102572,102571,103595,109745',\n    Level_2: '104449,107602',\n    Level_3: '104449,107602',\n    Display_Source: [ 'policyboss', 'horizon', 'app' ] },\n  { _id: 5ec65934370b6d7152853a72,\n    Product_Id: [ '1', '2', '10', '12' ],\n    Category_Id: 5,\n    Category: 'Post Sale Query',\n    Level_1: '110560,111221,110847,111100,111162,111548,110646,110513,107602,104449,102572,102571,103595',\n    Level_2: '104449,107602',\n    Level_3: '104449,107602',\n    Display_Source: [ 'policyboss', 'horizon', 'app' ] },\n  { _id: 5ec65934370b6d7152853a73,\n    Product_Id: [ '1', '2', '10', '12' ],\n    Category_Id: 6,\n    Category: 'Endorsement',\n    Level_1: '110560,109745,109740,102571,111548,100004,111162,107602,104449',\n    Level_2: '104449,107602',\n    Level_3: '104449,107602',\n    Display_Source: [ 'policyboss', 'horizon', 'app' ] },\n  { _id: 5ec65934370b6d7152853a74,\n    Product_Id: [ '1', '2', '10', '12' ],\n    Category_Id: 7,\n    Category: 'Claim Related',\n    Level_1: '110560,109745,109740,102571,111548,100004,111162,107602,104449',\n    Level_2: '104449,107602',\n    Level_3: '104449,107602',\n    Display_Source: [ 'policyboss', 'horizon', 'app' ] },\n  { _id: 5ec65934370b6d7152853a75,\n    Product_Id: [ '1', '2', '10', '12' ],\n    Category_Id: 8,\n    Category: 'Finmart',\n    Level_1: '111548,109740,109745,111162,110560,107602,104449,104450',\n    Level_2: '110513,110646,107602',\n    Level_3: '104449,107602',\n    Display_Source: [ 'app' ] },\n  { _id: 5ec65934370b6d7152853a76,\n    Product_Id: [ '1', '2', '10', '12' ],\n    Category_Id: 9,\n    Category: 'Received policy copy, CRN is not marked as sell',\n    Level_1: '111548,109740,109745,111162,110560,107602,104449',\n    Level_2: '110513,110646,107602',\n    Level_3: '104449,107602',\n    Display_Source: [ 'policyboss', 'horizon', 'app' ] },\n  { _id: 5ec65934370b6d7152853a77,\n    Product_Id: [ '1', '2', '10', '12' ],\n    Category_Id: 10,\n    Category: 'Done payment but not received policy copy',\n    Level_1: '111548,109740,109745,111162,110560,107602,104449',\n    Level_2: '110513,110646,107602',\n    Level_3: '104449,107602',\n    Display_Source: [ 'policyboss', 'horizon', 'app' ] },\n  { _id: 5ec6666760ce99ede9f05f99,\n    Product_Id: [ '1', '2', '10', '12' ],\n    Category_Id: 11,\n    Category: 'Sign up issue',\n    Level_1: '111548,109740,109745,111162,110560,107602,104449',\n    Level_2: '110513,110646,107602',\n    Level_3: '104449,107602',\n    Display_Source: [ 'app' ] },\n  { _id: 5ec6666760ce99ede9f05f9b,\n    Product_Id: [ '1', '2', '10', '12' ],\n    Category_Id: 12,\n    Category: 'Login issue',\n    Level_1: '111548,109740,109745,111162,110560,107602,104449',\n    Level_2: '110513,110646,107602',\n    Level_3: '104449,107602',\n    Display_Source: [ 'app' ] },\n  { _id: 60e4175bce97a8d70db845f3,\n    Product_Id: [ '1', '2', '10', '12' ],\n    Category_Id: 15,\n    Category: 'Send to selles team',\n    Level_1: '110560,111221,110847,111100,111162,111548,110646,110513,107602,104449,102572,102571,103595,109745,106154',\n    Level_2: '110513,110646,107602',\n    Level_3: '104449,107602',\n    Display_Source: [ 'policyboss', 'horizon', 'app' ] },\n  { _id: 60e417b3ce97a8d70db8981a,\n    Product_Id: [ '1', '2', '10', '12' ],\n    Category_Id: 14,\n    Category: 'Send to IT',\n    Level_1: '110560,111221,110847,111100,111162,111548,110646,110513,107602,104449,102572,102571,103595,109745,106154',\n    Level_2: '110513,110646,107602',\n    Level_3: '104449,107602',\n    Display_Source: [ 'policyboss', 'horizon', 'app' ] },\n  { _id: 6246946e88f461f725bf79f5,\n    Product_Id: [ '2' ],\n    Category_Id: 17,\n    Category: 'Health Claims',\n    Level_1: '119801,14726,110560',\n    Level_2: '119801,14726,110560',\n    Level_3: '119801,14726,110560',\n    Display_Source: [ 'policyboss', 'horizon', 'app' ] },\n  { _id: 6278d52288f461f72592d6a1,\n    Product_Id: [ '1', '2', '10', '12' ],\n    Category_Id: 18,\n    Category: 'POSP',\n    Level_1: '110560,114118',\n    Level_2: '110560,114118',\n    Level_3: '110560,114118',\n    Display_Source: [ 'policyboss', 'horizon', 'app' ] },\n  { _id: 6278d64788f461f725944c2a,\n    Product_Id: [ '1', '10', '12' ],\n    Category_Id: 19,\n    Category: 'Policy not updated in Parivahan',\n    Level_1: '110560,114118',\n    Level_2: '110560,114118',\n    Level_3: '110560,114118',\n    Display_Source: [ 'policyboss', 'horizon', 'app' ] },\n  { _id: 627f38ed88f461f72551e830,\n    Product_Id: [ '1', '10', '12', '2' ],\n    Category_Id: 20,\n    Category: 'Wallet',\n    Level_1: '110560,114118',\n    Level_2: '110560,114118',\n    Level_3: '110560,114118',\n    Display_Source: [ 'policyboss', 'horizon', 'app' ] },\n  { _id: 63c79dfab9d55d22598cee55,\n    Product_Id: [ '1', '2', '10', '12' ],\n    Category_Id: 21,\n    Category: 'KYC',\n    Level_1: '110560,111221,110847,111100,111162,111548,110646,110513,107602,104449,102572,102571,103595,109745',\n    Level_2: '104449,107602',\n    Level_3: '104449,107602',\n    Display_Source: [ 'policyboss', 'horizon', 'app' ] } ]","timestamp":"5:40:06 PM"}
{"level":"info","message":"user_detailsInsert null { result: { ok: 1, n: 1 },\n  ops: \n   [ { Ticket_Id: 2765,\n       Ticket_code: 'CAEN7295',\n       Product: 1,\n       Category: 'Endorsement',\n       SubCategory: 'Contact Number',\n       From: 'Anuj Baliram Singh(110560)',\n       To: 'Anuj Baliram Singh(110560)',\n       Status: 'Open',\n       Created_By: 'Anuj Baliram Singh',\n       Created_On: 2024-01-22T12:11:11.913Z,\n       Modified_By: 8067,\n       Modified_On: 2024-01-22T12:11:11.913Z,\n       CRN: 1060957,\n       Mobile_No: '9878545612',\n       Vehicle_No: 'MH-02-AA-1234',\n       Remark: 'Number',\n       ss_id: 8067,\n       CRN_owner: '813',\n       fba_id: 56265,\n       CRN_fba_id: '813',\n       channel: 'CC',\n       subchannel: 'PBS',\n       Agent_Email_Id: 'anuj.singh@policyboss.com',\n       Transaction_On: '2022-07-29T09:10:01.871Z',\n       Source: 'horizon',\n       RM_Email_Id: 'chirag.modi@policyboss.com',\n       RM_Agent_Name: 'Khushbu Gite',\n       Insurer_Id: '',\n       _id: 65ae5b61c72fee7774b79af4 } ],\n  insertedCount: 1,\n  insertedIds: [ 65ae5b61c72fee7774b79af4 ] }","timestamp":"5:41:13 PM"}
{"level":"info","message":"TicketUpdated null CommandResult {\n  result: { n: 1, nModified: 1, ok: 1 },\n  connection: \n   Connection {\n     domain: null,\n     _events: \n      { close: [Object],\n        error: [Object],\n        timeout: [Object],\n        parseError: [Object] },\n     _eventsCount: 4,\n     _maxListeners: undefined,\n     options: \n      { host: '65.0.176.149',\n        port: 27017,\n        size: 5,\n        connectionTimeout: 30000,\n        socketTimeout: 30000,\n        keepAlive: true,\n        keepAliveInitialDelay: 0,\n        noDelay: true,\n        ssl: false,\n        checkServerIdentity: true,\n        ca: null,\n        cert: null,\n        key: null,\n        passPhrase: null,\n        rejectUnauthorized: false,\n        promoteLongs: true,\n        promoteValues: true,\n        promoteBuffers: false,\n        reconnect: true,\n        reconnectInterval: 1000,\n        reconnectTries: 30,\n        domainsEnabled: false,\n        disconnectHandler: [Object],\n        cursorFactory: [Object],\n        emitError: true,\n        socketOptions: {},\n        clientInfo: [Object],\n        readPreference: [Object],\n        promiseLibrary: [Function: Promise],\n        bson: BSON {} },\n     id: 4,\n     logger: Logger { className: 'Connection' },\n     bson: BSON {},\n     tag: undefined,\n     messageHandler: [Function],\n     maxBsonMessageSize: 67108864,\n     port: 27017,\n     host: '65.0.176.149',\n     keepAlive: true,\n     keepAliveInitialDelay: 0,\n     noDelay: true,\n     connectionTimeout: 30000,\n     socketTimeout: 30000,\n     destroyed: false,\n     domainSocket: false,\n     singleBufferSerializtion: true,\n     serializationFunction: 'toBinUnified',\n     ca: null,\n     cert: null,\n     key: null,\n     passphrase: null,\n     ssl: false,\n     rejectUnauthorized: false,\n     checkServerIdentity: true,\n     responseOptions: \n      { promoteLongs: true,\n        promoteValues: true,\n        promoteBuffers: false },\n     flushing: false,\n     queue: [],\n     connection: \n      Socket {\n        connecting: false,\n        _hadError: false,\n        _handle: [Object],\n        _parent: null,\n        _host: null,\n        _readableState: [Object],\n        readable: true,\n        domain: null,\n        _events: [Object],\n        _eventsCount: 8,\n        _maxListeners: undefined,\n        _writableState: [Object],\n        writable: true,\n        allowHalfOpen: false,\n        destroyed: false,\n        _bytesDispatched: 697,\n        _sockname: null,\n        _pendingData: null,\n        _pendingEncoding: '',\n        server: null,\n        _server: null,\n        _idleTimeout: 30000,\n        _idleNext: [Object],\n        _idlePrev: [Object],\n        _idleStart: 3097522,\n        read: [Function],\n        _consuming: true },\n     writeStream: null,\n     hashedName: '7dcd4ef3ecd47c37fdf12446987419743124214f',\n     workItems: [],\n     buffer: null,\n     sizeOfMessage: 0,\n     bytesRead: 0,\n     stubBuffer: null },\n  message: \n   Response {\n     parsed: true,\n     index: 75,\n     raw: <Buffer 4b 00 00 00 45 a8 a6 37 7a 02 00 00 01 00 00 00 08 00 00 00 00 00 00 00 00 00 00 00 00 00 00 00 01 00 00 00 27 00 00 00 10 6e 00 01 00 00 00 10 6e 4d ... >,\n     data: <Buffer 4b 00 00 00 45 a8 a6 37 7a 02 00 00 01 00 00 00 08 00 00 00 00 00 00 00 00 00 00 00 00 00 00 00 01 00 00 00 27 00 00 00 10 6e 00 01 00 00 00 10 6e 4d ... >,\n     bson: BSON {},\n     opts: \n      { promoteLongs: true,\n        promoteValues: true,\n        promoteBuffers: false },\n     length: 75,\n     requestId: 933668933,\n     responseTo: 634,\n     responseFlags: 8,\n     cursorId: Long { _bsontype: 'Long', low_: 0, high_: 0 },\n     startingFrom: 0,\n     numberReturned: 1,\n     documents: [ [Object] ],\n     cursorNotFound: false,\n     queryFailure: false,\n     shardConfigStale: false,\n     awaitCapable: true,\n     promoteLongs: true,\n     promoteValues: true,\n     promoteBuffers: false,\n     hashedName: '7dcd4ef3ecd47c37fdf12446987419743124214f' } }","timestamp":"5:41:13 PM"}
{"level":"info","message":"Error response received","timestamp":"5:41:14 PM"}
{"level":"info","message":"emailupdate null { n: 1, nModified: 1, ok: 1 }","timestamp":"5:41:14 PM"}
{"level":"info","message":"$$$$$$$$$$$$$$$$$$$$$$$$","timestamp":"5:44:20 PM"}
{"meta":"","level":"info","message":"","timestamp":"5:44:20 PM"}
{"level":"info","message":"Development Environment is Listening on port 3000","timestamp":"5:44:20 PM"}
{"level":"info","message":"Web URL : http://localhost:3000","timestamp":"5:44:20 PM"}
{"meta":"","level":"info","message":"","timestamp":"5:44:20 PM"}
{"level":"info","message":"$$$$$$$$$$$$$$$$$$$$$$$$","timestamp":"5:44:20 PM"}
{"meta":"","level":"info","message":"","timestamp":"5:44:20 PM"}
{"level":"info","message":"TicketUpdated null CommandResult {\n  result: { n: 1, nModified: 1, ok: 1 },\n  connection: \n   Connection {\n     domain: null,\n     _events: \n      { close: [Object],\n        error: [Object],\n        timeout: [Object],\n        parseError: [Object] },\n     _eventsCount: 4,\n     _maxListeners: undefined,\n     options: \n      { host: '65.0.176.149',\n        port: 27017,\n        size: 5,\n        connectionTimeout: 30000,\n        socketTimeout: 30000,\n        keepAlive: true,\n        keepAliveInitialDelay: 0,\n        noDelay: true,\n        ssl: false,\n        checkServerIdentity: true,\n        ca: null,\n        cert: null,\n        key: null,\n        passPhrase: null,\n        rejectUnauthorized: false,\n        promoteLongs: true,\n        promoteValues: true,\n        promoteBuffers: false,\n        reconnect: true,\n        reconnectInterval: 1000,\n        reconnectTries: 30,\n        domainsEnabled: false,\n        disconnectHandler: [Object],\n        cursorFactory: [Object],\n        emitError: true,\n        socketOptions: {},\n        clientInfo: [Object],\n        readPreference: [Object],\n        promiseLibrary: [Function: Promise],\n        bson: BSON {} },\n     id: 2,\n     logger: Logger { className: 'Connection' },\n     bson: BSON {},\n     tag: undefined,\n     messageHandler: [Function],\n     maxBsonMessageSize: 67108864,\n     port: 27017,\n     host: '65.0.176.149',\n     keepAlive: true,\n     keepAliveInitialDelay: 0,\n     noDelay: true,\n     connectionTimeout: 30000,\n     socketTimeout: 30000,\n     destroyed: false,\n     domainSocket: false,\n     singleBufferSerializtion: true,\n     serializationFunction: 'toBinUnified',\n     ca: null,\n     cert: null,\n     key: null,\n     passphrase: null,\n     ssl: false,\n     rejectUnauthorized: false,\n     checkServerIdentity: true,\n     responseOptions: \n      { promoteLongs: true,\n        promoteValues: true,\n        promoteBuffers: false },\n     flushing: false,\n     queue: [],\n     connection: \n      Socket {\n        connecting: false,\n        _hadError: false,\n        _handle: [Object],\n        _parent: null,\n        _host: null,\n        _readableState: [Object],\n        readable: true,\n        domain: null,\n        _events: [Object],\n        _eventsCount: 8,\n        _maxListeners: undefined,\n        _writableState: [Object],\n        writable: true,\n        allowHalfOpen: false,\n        destroyed: false,\n        _bytesDispatched: 697,\n        _sockname: null,\n        _pendingData: null,\n        _pendingEncoding: '',\n        server: null,\n        _server: null,\n        _idleTimeout: 30000,\n        _idleNext: [Object],\n        _idlePrev: [Object],\n        _idleStart: 1578158,\n        read: [Function],\n        _consuming: true },\n     writeStream: null,\n     hashedName: '7dcd4ef3ecd47c37fdf12446987419743124214f',\n     workItems: [],\n     buffer: null,\n     sizeOfMessage: 0,\n     bytesRead: 0,\n     stubBuffer: null },\n  message: \n   Response {\n     parsed: true,\n     index: 75,\n     raw: <Buffer 4b 00 00 00 6f 9f af 37 42 01 00 00 01 00 00 00 08 00 00 00 00 00 00 00 00 00 00 00 00 00 00 00 01 00 00 00 27 00 00 00 10 6e 00 01 00 00 00 10 6e 4d ... >,\n     data: <Buffer 4b 00 00 00 6f 9f af 37 42 01 00 00 01 00 00 00 08 00 00 00 00 00 00 00 00 00 00 00 00 00 00 00 01 00 00 00 27 00 00 00 10 6e 00 01 00 00 00 10 6e 4d ... >,\n     bson: BSON {},\n     opts: \n      { promoteLongs: true,\n        promoteValues: true,\n        promoteBuffers: false },\n     length: 75,\n     requestId: 934256495,\n     responseTo: 322,\n     responseFlags: 8,\n     cursorId: Long { _bsontype: 'Long', low_: 0, high_: 0 },\n     startingFrom: 0,\n     numberReturned: 1,\n     documents: [ [Object] ],\n     cursorNotFound: false,\n     queryFailure: false,\n     shardConfigStale: false,\n     awaitCapable: true,\n     promoteLongs: true,\n     promoteValues: true,\n     promoteBuffers: false,\n     hashedName: '7dcd4ef3ecd47c37fdf12446987419743124214f' } }","timestamp":"6:10:14 PM"}
{"level":"info","message":"user_detailsInsert null { result: { ok: 1, n: 1 },\n  ops: \n   [ { Ticket_Id: 2766,\n       Ticket_code: 'CAEN7296',\n       Product: 1,\n       Category: 'Endorsement',\n       SubCategory: 'Correction In Email Id',\n       From: 'Anuj Baliram Singh(110560)',\n       To: 'Anuj Baliram Singh(110560)',\n       Status: 'Open',\n       Created_By: 'Anuj Baliram Singh',\n       Created_On: 2024-01-22T12:40:14.065Z,\n       Modified_By: 8067,\n       Modified_On: 2024-01-22T12:40:14.065Z,\n       CRN: 1060953,\n       Mobile_No: '9874654132',\n       Vehicle_No: 'MH-02-AA-1234',\n       Remark: 'number',\n       ss_id: 8067,\n       CRN_owner: '813',\n       fba_id: 56265,\n       CRN_fba_id: '813',\n       channel: 'CC',\n       subchannel: 'PBS',\n       Agent_Email_Id: 'anuj.singh@policyboss.com',\n       Transaction_On: '2022-07-29T08:45:01.932Z',\n       Source: 'horizon',\n       RM_Email_Id: 'chirag.modi@policyboss.com',\n       RM_Agent_Name: 'Khushbu Gite',\n       Insurer_Id: '',\n       _id: 65ae622efe05bb06f81d42b8 } ],\n  insertedCount: 1,\n  insertedIds: [ 65ae622efe05bb06f81d42b8 ] }","timestamp":"6:10:14 PM"}
{"level":"info","message":"Error response received","timestamp":"6:10:15 PM"}
{"level":"info","message":"emailupdate null { n: 1, nModified: 1, ok: 1 }","timestamp":"6:10:15 PM"}
{"level":"info","message":"{ ___mobile___: '9320208175' }","timestamp":"6:14:49 PM"}
{"level":"info","message":"https://preprod-digitpolicyissuance.godigit.com/endo/v1/g91/endorsement/D600354417?source=CD","timestamp":"6:14:49 PM"}
{"level":"info","message":"{ ___mobile___: '7349218787' }","timestamp":"6:23:14 PM"}
{"level":"info","message":"https://preprod-digitpolicyissuance.godigit.com/endo/v1/g91/endorsement/D600354417?source=CD","timestamp":"6:23:14 PM"}
{"level":"info","message":"{ ___mobile___: '7349218787' }","timestamp":"6:23:21 PM"}
{"level":"info","message":"https://preprod-digitpolicyissuance.godigit.com/endo/v1/g91/endorsement/D600354417?source=CD","timestamp":"6:23:21 PM"}
{"level":"info","message":"{ ___mobile___: '7349218787' }","timestamp":"6:25:38 PM"}
{"level":"info","message":"https://preprod-digitpolicyissuance.godigit.com/endo/v1/g91/endorsement/D600354417?source=CD","timestamp":"6:25:38 PM"}
{"level":"info","message":"$$$$$$$$$$$$$$$$$$$$$$$$","timestamp":"6:27:23 PM"}
{"meta":"","level":"info","message":"","timestamp":"6:27:23 PM"}
{"level":"info","message":"Development Environment is Listening on port 3000","timestamp":"6:27:23 PM"}
{"level":"info","message":"Web URL : http://localhost:3000","timestamp":"6:27:23 PM"}
{"meta":"","level":"info","message":"","timestamp":"6:27:23 PM"}
{"level":"info","message":"$$$$$$$$$$$$$$$$$$$$$$$$","timestamp":"6:27:23 PM"}
{"meta":"","level":"info","message":"","timestamp":"6:27:23 PM"}
{"level":"info","message":"{ ___mobile___: '7349218787' }","timestamp":"6:29:00 PM"}
{"level":"info","message":"https://preprod-digitpolicyissuance.godigit.com/endo/v1/g91/endorsement/D600354417?source=CD","timestamp":"6:29:00 PM"}
{"level":"info","message":"{ person: [ { communications: [Object] } ] }","timestamp":"6:29:00 PM"}
{"level":"info","message":"{ ___mobile___: '7349218787' }","timestamp":"6:30:43 PM"}
{"level":"info","message":"https://preprod-digitpolicyissuance.godigit.com/endo/v1/g91/endorsement/D600354417?source=CD","timestamp":"6:30:43 PM"}
{"level":"info","message":"{ person: [ { communications: [Object] } ] }","timestamp":"6:34:03 PM"}
{"level":"info","message":"{ ___mobile___: '7349218787' }","timestamp":"6:37:05 PM"}
{"level":"info","message":"https://preprod-digitpolicyissuance.godigit.com/endo/v1/g91/endorsement/D600354417?source=CD","timestamp":"6:37:05 PM"}
{"level":"info","message":"{ person: [ { communications: [Object] } ] }","timestamp":"6:37:11 PM"}
