{"level":"info","message":"$$$$$$$$$$$$$$$$$$$$$$$$","timestamp":"10:35:20 AM"}
{"meta":"","level":"info","message":"","timestamp":"10:35:20 AM"}
{"level":"info","message":"Development Environment is Listening on port 3000","timestamp":"10:35:20 AM"}
{"level":"info","message":"Web URL : http://localhost:3000","timestamp":"10:35:20 AM"}
{"meta":"","level":"info","message":"","timestamp":"10:35:20 AM"}
{"level":"info","message":"$$$$$$$$$$$$$$$$$$$$$$$$","timestamp":"10:35:20 AM"}
{"meta":"","level":"info","message":"","timestamp":"10:35:20 AM"}
{"level":"info","message":"Connected to Database","timestamp":"10:35:20 AM"}
{"level":"info","message":"$$$$$$$$$$$$$$$$$$$$$$$$","timestamp":"10:58:27 AM"}
{"meta":"","level":"info","message":"","timestamp":"10:58:27 AM"}
{"level":"info","message":"Development Environment is Listening on port 3000","timestamp":"10:58:27 AM"}
{"level":"info","message":"Web URL : http://localhost:3000","timestamp":"10:58:27 AM"}
{"meta":"","level":"info","message":"","timestamp":"10:58:27 AM"}
{"level":"info","message":"$$$$$$$$$$$$$$$$$$$$$$$$","timestamp":"10:58:27 AM"}
{"meta":"","level":"info","message":"","timestamp":"10:58:27 AM"}
{"level":"info","message":"Connected to Database","timestamp":"10:58:27 AM"}
{"level":"info","message":"$$$$$$$$$$$$$$$$$$$$$$$$","timestamp":"11:05:06 AM"}
{"meta":"","level":"info","message":"","timestamp":"11:05:06 AM"}
{"level":"info","message":"Development Environment is Listening on port 3000","timestamp":"11:05:06 AM"}
{"level":"info","message":"Web URL : http://localhost:3000","timestamp":"11:05:06 AM"}
{"meta":"","level":"info","message":"","timestamp":"11:05:06 AM"}
{"level":"info","message":"$$$$$$$$$$$$$$$$$$$$$$$$","timestamp":"11:05:06 AM"}
{"meta":"","level":"info","message":"","timestamp":"11:05:06 AM"}
{"level":"info","message":"Connected to Database","timestamp":"11:05:07 AM"}
{"level":"info","message":"emailsendgrid","timestamp":"11:06:10 AM"}
{"level":"info","message":"emailsendgrid","timestamp":"11:07:04 AM"}
{"level":"info","message":"emailsendgrid","timestamp":"11:07:41 AM"}
{"level":"info","message":"$$$$$$$$$$$$$$$$$$$$$$$$","timestamp":"11:10:20 AM"}
{"meta":"","level":"info","message":"","timestamp":"11:10:20 AM"}
{"level":"info","message":"Development Environment is Listening on port 3000","timestamp":"11:10:20 AM"}
{"level":"info","message":"Web URL : http://localhost:3000","timestamp":"11:10:20 AM"}
{"meta":"","level":"info","message":"","timestamp":"11:10:20 AM"}
{"level":"info","message":"$$$$$$$$$$$$$$$$$$$$$$$$","timestamp":"11:10:20 AM"}
{"meta":"","level":"info","message":"","timestamp":"11:10:20 AM"}
{"level":"info","message":"Connected to Database","timestamp":"11:10:21 AM"}
{"level":"info","message":"$$$$$$$$$$$$$$$$$$$$$$$$","timestamp":"11:26:50 AM"}
{"meta":"","level":"info","message":"","timestamp":"11:26:50 AM"}
{"level":"info","message":"Development Environment is Listening on port 3000","timestamp":"11:26:50 AM"}
{"level":"info","message":"Web URL : http://localhost:3000","timestamp":"11:26:50 AM"}
{"meta":"","level":"info","message":"","timestamp":"11:26:50 AM"}
{"level":"info","message":"$$$$$$$$$$$$$$$$$$$$$$$$","timestamp":"11:26:50 AM"}
{"meta":"","level":"info","message":"","timestamp":"11:26:50 AM"}
{"level":"info","message":"Connected to Database","timestamp":"11:26:51 AM"}
{"level":"info","message":"$$$$$$$$$$$$$$$$$$$$$$$$","timestamp":"11:28:08 AM"}
{"meta":"","level":"info","message":"","timestamp":"11:28:08 AM"}
{"level":"info","message":"Development Environment is Listening on port 3000","timestamp":"11:28:08 AM"}
{"level":"info","message":"Web URL : http://localhost:3000","timestamp":"11:28:08 AM"}
{"meta":"","level":"info","message":"","timestamp":"11:28:08 AM"}
{"level":"info","message":"$$$$$$$$$$$$$$$$$$$$$$$$","timestamp":"11:28:08 AM"}
{"meta":"","level":"info","message":"","timestamp":"11:28:08 AM"}
{"level":"info","message":"Connected to Database","timestamp":"11:28:09 AM"}
{"level":"info","message":"emailsendgrid","timestamp":"11:55:34 AM"}
