{"level":"info","message":"$$$$$$$$$$$$$$$$$$$$$$$$","timestamp":"11:33:20 AM"}
{"meta":"","level":"info","message":"","timestamp":"11:33:20 AM"}
{"level":"info","message":"Development Environment is Listening on port 3000","timestamp":"11:33:20 AM"}
{"level":"info","message":"Web URL : http://localhost:3000","timestamp":"11:33:20 AM"}
{"meta":"","level":"info","message":"","timestamp":"11:33:20 AM"}
{"level":"info","message":"$$$$$$$$$$$$$$$$$$$$$$$$","timestamp":"11:33:20 AM"}
{"meta":"","level":"info","message":"","timestamp":"11:33:20 AM"}
{"level":"info","message":"Connected to Database","timestamp":"11:33:20 AM"}
{"level":"info","message":"$$$$$$$$$$$$$$$$$$$$$$$$","timestamp":"11:39:22 AM"}
{"meta":"","level":"info","message":"","timestamp":"11:39:22 AM"}
{"level":"info","message":"Development Environment is Listening on port 3000","timestamp":"11:39:22 AM"}
{"level":"info","message":"Web URL : http://localhost:3000","timestamp":"11:39:22 AM"}
{"meta":"","level":"info","message":"","timestamp":"11:39:22 AM"}
{"level":"info","message":"$$$$$$$$$$$$$$$$$$$$$$$$","timestamp":"11:39:22 AM"}
{"meta":"","level":"info","message":"","timestamp":"11:39:22 AM"}
{"level":"info","message":"Connected to Database","timestamp":"11:39:22 AM"}
{"level":"info","message":"$$$$$$$$$$$$$$$$$$$$$$$$","timestamp":"11:48:12 AM"}
{"meta":"","level":"info","message":"","timestamp":"11:48:12 AM"}
{"level":"info","message":"Development Environment is Listening on port 3000","timestamp":"11:48:12 AM"}
{"level":"info","message":"Web URL : http://localhost:3000","timestamp":"11:48:12 AM"}
{"meta":"","level":"info","message":"","timestamp":"11:48:12 AM"}
{"level":"info","message":"$$$$$$$$$$$$$$$$$$$$$$$$","timestamp":"11:48:12 AM"}
{"meta":"","level":"info","message":"","timestamp":"11:48:12 AM"}
{"level":"info","message":"Connected to Database","timestamp":"11:48:12 AM"}
{"level":"info","message":"$$$$$$$$$$$$$$$$$$$$$$$$","timestamp":"11:52:45 AM"}
{"meta":"","level":"info","message":"","timestamp":"11:52:45 AM"}
{"level":"info","message":"Development Environment is Listening on port 3000","timestamp":"11:52:45 AM"}
{"level":"info","message":"Web URL : http://localhost:3000","timestamp":"11:52:45 AM"}
{"meta":"","level":"info","message":"","timestamp":"11:52:45 AM"}
{"level":"info","message":"$$$$$$$$$$$$$$$$$$$$$$$$","timestamp":"11:52:45 AM"}
{"meta":"","level":"info","message":"","timestamp":"11:52:45 AM"}
{"level":"info","message":"Connected to Database","timestamp":"11:52:46 AM"}
{"level":"info","message":"$$$$$$$$$$$$$$$$$$$$$$$$","timestamp":"11:54:38 AM"}
{"meta":"","level":"info","message":"","timestamp":"11:54:38 AM"}
{"level":"info","message":"Development Environment is Listening on port 3000","timestamp":"11:54:38 AM"}
{"level":"info","message":"Web URL : http://localhost:3000","timestamp":"11:54:38 AM"}
{"meta":"","level":"info","message":"","timestamp":"11:54:38 AM"}
{"level":"info","message":"$$$$$$$$$$$$$$$$$$$$$$$$","timestamp":"11:54:38 AM"}
{"meta":"","level":"info","message":"","timestamp":"11:54:38 AM"}
{"level":"info","message":"Connected to Database","timestamp":"11:54:39 AM"}
{"level":"info","message":"emailupdate null { n: 1, nModified: 1, ok: 1 }","timestamp":"11:55:22 AM"}
{"level":"info","message":"$$$$$$$$$$$$$$$$$$$$$$$$","timestamp":"12:01:45 PM"}
{"meta":"","level":"info","message":"","timestamp":"12:01:45 PM"}
{"level":"info","message":"Development Environment is Listening on port 3000","timestamp":"12:01:45 PM"}
{"level":"info","message":"Web URL : http://localhost:3000","timestamp":"12:01:45 PM"}
{"meta":"","level":"info","message":"","timestamp":"12:01:45 PM"}
{"level":"info","message":"$$$$$$$$$$$$$$$$$$$$$$$$","timestamp":"12:01:45 PM"}
{"meta":"","level":"info","message":"","timestamp":"12:01:45 PM"}
{"level":"info","message":"Connected to Database","timestamp":"12:01:46 PM"}
{"level":"info","message":"emailupdate null { n: 1, nModified: 1, ok: 1 }","timestamp":"12:03:09 PM"}
{"level":"info","message":"emailupdate null { n: 1, nModified: 1, ok: 1 }","timestamp":"12:06:15 PM"}
{"level":"info","message":"$$$$$$$$$$$$$$$$$$$$$$$$","timestamp":"12:14:33 PM"}
{"meta":"","level":"info","message":"","timestamp":"12:14:33 PM"}
{"level":"info","message":"Development Environment is Listening on port 3000","timestamp":"12:14:33 PM"}
{"level":"info","message":"Web URL : http://localhost:3000","timestamp":"12:14:33 PM"}
{"meta":"","level":"info","message":"","timestamp":"12:14:33 PM"}
{"level":"info","message":"$$$$$$$$$$$$$$$$$$$$$$$$","timestamp":"12:14:33 PM"}
{"meta":"","level":"info","message":"","timestamp":"12:14:33 PM"}
{"level":"info","message":"Connected to Database","timestamp":"12:14:35 PM"}
{"level":"info","message":"$$$$$$$$$$$$$$$$$$$$$$$$","timestamp":"12:16:11 PM"}
{"meta":"","level":"info","message":"","timestamp":"12:16:11 PM"}
{"level":"info","message":"Development Environment is Listening on port 3000","timestamp":"12:16:11 PM"}
{"level":"info","message":"Web URL : http://localhost:3000","timestamp":"12:16:11 PM"}
{"meta":"","level":"info","message":"","timestamp":"12:16:11 PM"}
{"level":"info","message":"$$$$$$$$$$$$$$$$$$$$$$$$","timestamp":"12:16:11 PM"}
{"meta":"","level":"info","message":"","timestamp":"12:16:11 PM"}
{"level":"info","message":"Connected to Database","timestamp":"12:16:11 PM"}
{"level":"info","message":"emailupdate null { n: 1, nModified: 1, ok: 1 }","timestamp":"12:16:43 PM"}
{"level":"info","message":"$$$$$$$$$$$$$$$$$$$$$$$$","timestamp":"4:21:27 PM"}
{"meta":"","level":"info","message":"","timestamp":"4:21:27 PM"}
{"level":"info","message":"Development Environment is Listening on port 3000","timestamp":"4:21:27 PM"}
{"level":"info","message":"Web URL : http://localhost:3000","timestamp":"4:21:27 PM"}
{"meta":"","level":"info","message":"","timestamp":"4:21:27 PM"}
{"level":"info","message":"$$$$$$$$$$$$$$$$$$$$$$$$","timestamp":"4:21:27 PM"}
{"meta":"","level":"info","message":"","timestamp":"4:21:27 PM"}
{"level":"info","message":"Connected to Database","timestamp":"4:21:28 PM"}
{"level":"info","message":"$$$$$$$$$$$$$$$$$$$$$$$$","timestamp":"4:26:02 PM"}
{"meta":"","level":"info","message":"","timestamp":"4:26:02 PM"}
{"level":"info","message":"Development Environment is Listening on port 3000","timestamp":"4:26:02 PM"}
{"level":"info","message":"Web URL : http://localhost:3000","timestamp":"4:26:02 PM"}
{"meta":"","level":"info","message":"","timestamp":"4:26:02 PM"}
{"level":"info","message":"$$$$$$$$$$$$$$$$$$$$$$$$","timestamp":"4:26:02 PM"}
{"meta":"","level":"info","message":"","timestamp":"4:26:02 PM"}
{"level":"info","message":"Connected to Database","timestamp":"4:26:04 PM"}
{"level":"info","message":"$$$$$$$$$$$$$$$$$$$$$$$$","timestamp":"4:34:00 PM"}
{"meta":"","level":"info","message":"","timestamp":"4:34:00 PM"}
{"level":"info","message":"Development Environment is Listening on port 3000","timestamp":"4:34:00 PM"}
{"level":"info","message":"Web URL : http://localhost:3000","timestamp":"4:34:00 PM"}
{"meta":"","level":"info","message":"","timestamp":"4:34:00 PM"}
{"level":"info","message":"$$$$$$$$$$$$$$$$$$$$$$$$","timestamp":"4:34:00 PM"}
{"meta":"","level":"info","message":"","timestamp":"4:34:00 PM"}
{"level":"info","message":"Connected to Database","timestamp":"4:34:00 PM"}
{"level":"info","message":"$$$$$$$$$$$$$$$$$$$$$$$$","timestamp":"4:34:53 PM"}
{"meta":"","level":"info","message":"","timestamp":"4:34:53 PM"}
{"level":"info","message":"Development Environment is Listening on port 3000","timestamp":"4:34:53 PM"}
{"level":"info","message":"Web URL : http://localhost:3000","timestamp":"4:34:53 PM"}
{"meta":"","level":"info","message":"","timestamp":"4:34:53 PM"}
{"level":"info","message":"$$$$$$$$$$$$$$$$$$$$$$$$","timestamp":"4:34:53 PM"}
{"meta":"","level":"info","message":"","timestamp":"4:34:53 PM"}
{"level":"info","message":"Connected to Database","timestamp":"4:34:53 PM"}
{"level":"info","message":"$$$$$$$$$$$$$$$$$$$$$$$$","timestamp":"4:40:25 PM"}
{"meta":"","level":"info","message":"","timestamp":"4:40:25 PM"}
{"level":"info","message":"Development Environment is Listening on port 3000","timestamp":"4:40:25 PM"}
{"level":"info","message":"Web URL : http://localhost:3000","timestamp":"4:40:25 PM"}
{"meta":"","level":"info","message":"","timestamp":"4:40:25 PM"}
{"level":"info","message":"$$$$$$$$$$$$$$$$$$$$$$$$","timestamp":"4:40:25 PM"}
{"meta":"","level":"info","message":"","timestamp":"4:40:25 PM"}
{"level":"info","message":"Connected to Database","timestamp":"4:40:25 PM"}
{"level":"info","message":"$$$$$$$$$$$$$$$$$$$$$$$$","timestamp":"4:42:36 PM"}
{"meta":"","level":"info","message":"","timestamp":"4:42:36 PM"}
{"level":"info","message":"Development Environment is Listening on port 3000","timestamp":"4:42:36 PM"}
{"level":"info","message":"Web URL : http://localhost:3000","timestamp":"4:42:36 PM"}
{"meta":"","level":"info","message":"","timestamp":"4:42:36 PM"}
{"level":"info","message":"$$$$$$$$$$$$$$$$$$$$$$$$","timestamp":"4:42:36 PM"}
{"meta":"","level":"info","message":"","timestamp":"4:42:36 PM"}
{"level":"info","message":"Connected to Database","timestamp":"4:42:36 PM"}
{"level":"info","message":"$$$$$$$$$$$$$$$$$$$$$$$$","timestamp":"4:45:40 PM"}
{"meta":"","level":"info","message":"","timestamp":"4:45:40 PM"}
{"level":"info","message":"Development Environment is Listening on port 3000","timestamp":"4:45:40 PM"}
{"level":"info","message":"Web URL : http://localhost:3000","timestamp":"4:45:40 PM"}
{"meta":"","level":"info","message":"","timestamp":"4:45:40 PM"}
{"level":"info","message":"$$$$$$$$$$$$$$$$$$$$$$$$","timestamp":"4:45:40 PM"}
{"meta":"","level":"info","message":"","timestamp":"4:45:40 PM"}
{"level":"info","message":"Connected to Database","timestamp":"4:45:41 PM"}
{"level":"info","message":"$$$$$$$$$$$$$$$$$$$$$$$$","timestamp":"4:47:02 PM"}
{"meta":"","level":"info","message":"","timestamp":"4:47:02 PM"}
{"level":"info","message":"Development Environment is Listening on port 3000","timestamp":"4:47:02 PM"}
{"level":"info","message":"Web URL : http://localhost:3000","timestamp":"4:47:02 PM"}
{"meta":"","level":"info","message":"","timestamp":"4:47:02 PM"}
{"level":"info","message":"$$$$$$$$$$$$$$$$$$$$$$$$","timestamp":"4:47:02 PM"}
{"meta":"","level":"info","message":"","timestamp":"4:47:02 PM"}
{"level":"info","message":"Connected to Database","timestamp":"4:47:02 PM"}
{"level":"info","message":"$$$$$$$$$$$$$$$$$$$$$$$$","timestamp":"4:51:51 PM"}
{"meta":"","level":"info","message":"","timestamp":"4:51:51 PM"}
{"level":"info","message":"Development Environment is Listening on port 3000","timestamp":"4:51:51 PM"}
{"level":"info","message":"Web URL : http://localhost:3000","timestamp":"4:51:51 PM"}
{"meta":"","level":"info","message":"","timestamp":"4:51:51 PM"}
{"level":"info","message":"$$$$$$$$$$$$$$$$$$$$$$$$","timestamp":"4:51:51 PM"}
{"meta":"","level":"info","message":"","timestamp":"4:51:51 PM"}
{"level":"info","message":"Connected to Database","timestamp":"4:51:51 PM"}
