{"level":"info","message":"$$$$$$$$$$$$$$$$$$$$$$$$","timestamp":"12:03:35 PM"}
{"meta":"","level":"info","message":"","timestamp":"12:03:35 PM"}
{"level":"info","message":"Development Environment is Listening on port 3000","timestamp":"12:03:35 PM"}
{"level":"info","message":"Web URL : http://localhost:3000","timestamp":"12:03:35 PM"}
{"meta":"","level":"info","message":"","timestamp":"12:03:35 PM"}
{"level":"info","message":"$$$$$$$$$$$$$$$$$$$$$$$$","timestamp":"12:03:35 PM"}
{"meta":"","level":"info","message":"","timestamp":"12:03:35 PM"}
{"level":"info","message":"DateRange from 2024-02-18T18:30:00.000Z to 2024-02-19T18:30:00.000Z","timestamp":"12:04:02 PM"}
{"level":"info","message":"DateRange from 2024-02-18T18:30:00.000Z to 2024-02-19T18:30:00.000Z","timestamp":"12:04:26 PM"}
{"level":"info","message":"DateRange from 2024-02-04T18:30:00.000Z to 2024-02-07T18:30:00.000Z","timestamp":"12:04:41 PM"}
{"level":"info","message":"DateRange from 2024-02-04T18:30:00.000Z to 2024-02-07T18:30:00.000Z","timestamp":"12:04:45 PM"}
{"level":"info","message":"DateRange from 2024-02-04T18:30:00.000Z to 2024-02-07T18:30:00.000Z","timestamp":"12:04:46 PM"}
{"level":"info","message":"DateRange from 2024-02-04T18:30:00.000Z to 2024-02-07T18:30:00.000Z","timestamp":"12:04:46 PM"}
{"level":"info","message":"DateRange from 2024-02-04T18:30:00.000Z to 2024-02-07T18:30:00.000Z","timestamp":"12:04:47 PM"}
{"level":"info","message":"DateRange from 2024-02-04T18:30:00.000Z to 2024-02-07T18:30:00.000Z","timestamp":"12:04:47 PM"}
{"level":"info","message":"DateRange from 2024-02-04T18:30:00.000Z to 2024-02-07T18:30:00.000Z","timestamp":"12:04:48 PM"}
{"level":"info","message":"DateRange from 2024-02-04T18:30:00.000Z to 2024-02-07T18:30:00.000Z","timestamp":"12:04:48 PM"}
{"level":"info","message":"DateRange from 2024-02-04T18:30:00.000Z to 2024-02-07T18:30:00.000Z","timestamp":"12:04:48 PM"}
{"level":"info","message":"DateRange from 2024-02-04T18:30:00.000Z to 2024-02-07T18:30:00.000Z","timestamp":"12:04:48 PM"}
{"level":"info","message":"DateRange from 2024-02-04T18:30:00.000Z to 2024-02-07T18:30:00.000Z","timestamp":"12:04:49 PM"}
{"level":"info","message":"DateRange from 2024-02-04T18:30:00.000Z to 2024-02-07T18:30:00.000Z","timestamp":"12:04:49 PM"}
{"level":"info","message":"DateRange from 2024-02-04T18:30:00.000Z to 2024-02-07T18:30:00.000Z","timestamp":"12:04:50 PM"}
{"level":"info","message":"DateRange from 2024-02-04T18:30:00.000Z to 2024-02-07T18:30:00.000Z","timestamp":"12:04:50 PM"}
{"level":"info","message":"DateRange from 2024-02-04T18:30:00.000Z to 2024-02-07T18:30:00.000Z","timestamp":"12:04:50 PM"}
{"level":"info","message":"DateRange from 2024-02-04T18:30:00.000Z to 2024-02-07T18:30:00.000Z","timestamp":"12:04:50 PM"}
{"level":"info","message":"DateRange from 2024-02-04T18:30:00.000Z to 2024-02-07T18:30:00.000Z","timestamp":"12:04:50 PM"}
{"level":"info","message":"DateRange from 2024-02-04T18:30:00.000Z to 2024-02-07T18:30:00.000Z","timestamp":"12:04:50 PM"}
{"level":"info","message":"$$$$$$$$$$$$$$$$$$$$$$$$","timestamp":"2:14:33 PM"}
{"meta":"","level":"info","message":"","timestamp":"2:14:33 PM"}
{"level":"info","message":"Development Environment is Listening on port 3000","timestamp":"2:14:33 PM"}
{"level":"info","message":"Web URL : http://localhost:3000","timestamp":"2:14:33 PM"}
{"meta":"","level":"info","message":"","timestamp":"2:14:33 PM"}
{"level":"info","message":"$$$$$$$$$$$$$$$$$$$$$$$$","timestamp":"2:14:33 PM"}
{"meta":"","level":"info","message":"","timestamp":"2:14:33 PM"}
{"level":"info","message":"$$$$$$$$$$$$$$$$$$$$$$$$","timestamp":"2:29:42 PM"}
{"meta":"","level":"info","message":"","timestamp":"2:29:42 PM"}
{"level":"info","message":"Development Environment is Listening on port 3000","timestamp":"2:29:42 PM"}
{"level":"info","message":"Web URL : http://localhost:3000","timestamp":"2:29:42 PM"}
{"meta":"","level":"info","message":"","timestamp":"2:29:42 PM"}
{"level":"info","message":"$$$$$$$$$$$$$$$$$$$$$$$$","timestamp":"2:29:42 PM"}
{"meta":"","level":"info","message":"","timestamp":"2:29:42 PM"}
{"level":"info","message":"$$$$$$$$$$$$$$$$$$$$$$$$","timestamp":"2:59:51 PM"}
{"meta":"","level":"info","message":"","timestamp":"2:59:51 PM"}
{"level":"info","message":"Development Environment is Listening on port 3000","timestamp":"2:59:51 PM"}
{"level":"info","message":"Web URL : http://localhost:3000","timestamp":"2:59:51 PM"}
{"meta":"","level":"info","message":"","timestamp":"2:59:51 PM"}
{"level":"info","message":"$$$$$$$$$$$$$$$$$$$$$$$$","timestamp":"2:59:51 PM"}
{"meta":"","level":"info","message":"","timestamp":"2:59:51 PM"}
{"level":"info","message":"DateRange from 2024-02-18T18:30:00.000Z to 2024-02-19T18:30:00.000Z","timestamp":"3:10:24 PM"}
{"level":"info","message":"DateRange from 2024-02-18T18:30:00.000Z to 2024-02-19T18:30:00.000Z","timestamp":"3:58:45 PM"}
{"level":"info","message":"DateRange from 2024-02-18T18:30:00.000Z to 2024-02-19T18:30:00.000Z","timestamp":"5:24:55 PM"}
{"level":"info","message":"$$$$$$$$$$$$$$$$$$$$$$$$","timestamp":"5:35:21 PM"}
{"meta":"","level":"info","message":"","timestamp":"5:35:21 PM"}
{"level":"info","message":"Development Environment is Listening on port 3000","timestamp":"5:35:21 PM"}
{"level":"info","message":"Web URL : http://localhost:3000","timestamp":"5:35:21 PM"}
{"meta":"","level":"info","message":"","timestamp":"5:35:21 PM"}
{"level":"info","message":"$$$$$$$$$$$$$$$$$$$$$$$$","timestamp":"5:35:21 PM"}
{"meta":"","level":"info","message":"","timestamp":"5:35:21 PM"}
{"level":"info","message":"$$$$$$$$$$$$$$$$$$$$$$$$","timestamp":"5:44:39 PM"}
{"meta":"","level":"info","message":"","timestamp":"5:44:39 PM"}
{"level":"info","message":"Development Environment is Listening on port 3000","timestamp":"5:44:39 PM"}
{"level":"info","message":"Web URL : http://localhost:3000","timestamp":"5:44:39 PM"}
{"meta":"","level":"info","message":"","timestamp":"5:44:39 PM"}
{"level":"info","message":"$$$$$$$$$$$$$$$$$$$$$$$$","timestamp":"5:44:39 PM"}
{"meta":"","level":"info","message":"","timestamp":"5:44:39 PM"}
