{"level":"info","message":"$$$$$$$$$$$$$$$$$$$$$$$$","timestamp":"10:23:33 AM"}
{"meta":"","level":"info","message":"","timestamp":"10:23:33 AM"}
{"level":"info","message":"Production Environment is Listening on port 3000","timestamp":"10:23:33 AM"}
{"level":"info","message":"Web URL : http://localhost:3000","timestamp":"10:23:33 AM"}
{"meta":"","level":"info","message":"","timestamp":"10:23:33 AM"}
{"level":"info","message":"$$$$$$$$$$$$$$$$$$$$$$$$","timestamp":"10:23:33 AM"}
{"meta":"","level":"info","message":"","timestamp":"10:23:33 AM"}
{"level":"info","message":"$$$$$$$$$$$$$$$$$$$$$$$$","timestamp":"1:56:02 PM"}
{"meta":"","level":"info","message":"","timestamp":"1:56:02 PM"}
{"level":"info","message":"Production Environment is Listening on port 3000","timestamp":"1:56:02 PM"}
{"level":"info","message":"Web URL : http://localhost:3000","timestamp":"1:56:02 PM"}
{"meta":"","level":"info","message":"","timestamp":"1:56:02 PM"}
{"level":"info","message":"$$$$$$$$$$$$$$$$$$$$$$$$","timestamp":"1:56:02 PM"}
{"meta":"","level":"info","message":"","timestamp":"1:56:02 PM"}
{"level":"info","message":"$$$$$$$$$$$$$$$$$$$$$$$$","timestamp":"2:06:05 PM"}
{"meta":"","level":"info","message":"","timestamp":"2:06:05 PM"}
{"level":"info","message":"Production Environment is Listening on port 3000","timestamp":"2:06:05 PM"}
{"level":"info","message":"Web URL : http://localhost:3000","timestamp":"2:06:05 PM"}
{"meta":"","level":"info","message":"","timestamp":"2:06:05 PM"}
{"level":"info","message":"$$$$$$$$$$$$$$$$$$$$$$$$","timestamp":"2:06:05 PM"}
{"meta":"","level":"info","message":"","timestamp":"2:06:05 PM"}
{"level":"info","message":"$$$$$$$$$$$$$$$$$$$$$$$$","timestamp":"5:35:12 PM"}
{"meta":"","level":"info","message":"","timestamp":"5:35:12 PM"}
{"level":"info","message":"Production Environment is Listening on port 3000","timestamp":"5:35:12 PM"}
{"level":"info","message":"Web URL : http://localhost:3000","timestamp":"5:35:12 PM"}
{"meta":"","level":"info","message":"","timestamp":"5:35:12 PM"}
{"level":"info","message":"$$$$$$$$$$$$$$$$$$$$$$$$","timestamp":"5:35:12 PM"}
{"meta":"","level":"info","message":"","timestamp":"5:35:12 PM"}
