{"level":"info","message":"$$$$$$$$$$$$$$$$$$$$$$$$","timestamp":"9:00:28 AM"}
{"meta":"","level":"info","message":"","timestamp":"9:00:28 AM"}
{"level":"info","message":"Production Environment is Listening on port 3000","timestamp":"9:00:28 AM"}
{"level":"info","message":"Web URL : http://localhost:3000","timestamp":"9:00:28 AM"}
{"meta":"","level":"info","message":"","timestamp":"9:00:28 AM"}
{"level":"info","message":"$$$$$$$$$$$$$$$$$$$$$$$$","timestamp":"9:00:28 AM"}
{"meta":"","level":"info","message":"","timestamp":"9:00:28 AM"}
{"level":"info","message":"$$$$$$$$$$$$$$$$$$$$$$$$","timestamp":"12:16:26 PM"}
{"meta":"","level":"info","message":"","timestamp":"12:16:26 PM"}
{"level":"info","message":"Production Environment is Listening on port 3000","timestamp":"12:16:26 PM"}
{"level":"info","message":"Web URL : http://localhost:3000","timestamp":"12:16:26 PM"}
{"meta":"","level":"info","message":"","timestamp":"12:16:26 PM"}
{"level":"info","message":"$$$$$$$$$$$$$$$$$$$$$$$$","timestamp":"12:16:26 PM"}
{"meta":"","level":"info","message":"","timestamp":"12:16:26 PM"}
{"level":"info","message":"$$$$$$$$$$$$$$$$$$$$$$$$","timestamp":"2:05:34 PM"}
{"meta":"","level":"info","message":"","timestamp":"2:05:34 PM"}
{"level":"info","message":"Production Environment is Listening on port 3000","timestamp":"2:05:34 PM"}
{"level":"info","message":"Web URL : http://localhost:3000","timestamp":"2:05:34 PM"}
{"meta":"","level":"info","message":"","timestamp":"2:05:34 PM"}
{"level":"info","message":"$$$$$$$$$$$$$$$$$$$$$$$$","timestamp":"2:05:34 PM"}
{"meta":"","level":"info","message":"","timestamp":"2:05:34 PM"}
{"level":"info","message":"$$$$$$$$$$$$$$$$$$$$$$$$","timestamp":"3:34:36 PM"}
{"meta":"","level":"info","message":"","timestamp":"3:34:36 PM"}
{"level":"info","message":"Production Environment is Listening on port 3000","timestamp":"3:34:36 PM"}
{"level":"info","message":"Web URL : http://localhost:3000","timestamp":"3:34:36 PM"}
{"meta":"","level":"info","message":"","timestamp":"3:34:36 PM"}
{"level":"info","message":"$$$$$$$$$$$$$$$$$$$$$$$$","timestamp":"3:34:36 PM"}
{"meta":"","level":"info","message":"","timestamp":"3:34:36 PM"}
{"level":"info","message":"$$$$$$$$$$$$$$$$$$$$$$$$","timestamp":"3:39:19 PM"}
{"meta":"","level":"info","message":"","timestamp":"3:39:19 PM"}
{"level":"info","message":"Production Environment is Listening on port 3000","timestamp":"3:39:19 PM"}
{"level":"info","message":"Web URL : http://localhost:3000","timestamp":"3:39:19 PM"}
{"meta":"","level":"info","message":"","timestamp":"3:39:19 PM"}
{"level":"info","message":"$$$$$$$$$$$$$$$$$$$$$$$$","timestamp":"3:39:19 PM"}
{"meta":"","level":"info","message":"","timestamp":"3:39:19 PM"}
