{"level":"info","message":"DateRange from 2024-05-23T18:30:00.000Z to 2024-05-24T18:30:00.000Z","timestamp":"9:07:39 AM"}
{"level":"info","message":"{ '$or': [ { lead_assigned_ssid: [Object] }, { ss_id: [Object] } ] }","timestamp":"9:07:39 AM"}
{"level":"info","message":"[]","timestamp":"9:09:00 AM"}
{"level":"info","message":"[]","timestamp":"9:40:37 AM"}
{"level":"info","message":"DateRange from 2024-05-23T18:30:00.000Z to 2024-05-24T18:30:00.000Z","timestamp":"9:40:42 AM"}
{"level":"info","message":"{ '$or': [ { lead_assigned_ssid: [Object] }, { ss_id: [Object] } ] }","timestamp":"9:40:42 AM"}
{"level":"info","message":"[]","timestamp":"9:43:14 AM"}
{"level":"info","message":"File read!","timestamp":"9:44:22 AM"}
{"level":"info","message":"File deleted!","timestamp":"9:44:22 AM"}
{"level":"info","message":"File read!","timestamp":"9:44:26 AM"}
{"level":"info","message":"File deleted!","timestamp":"9:44:26 AM"}
{"level":"info","message":"TicketUpdated null CommandResult {\n  result: { n: 1, nModified: 1, ok: 1 },\n  connection: \n   Connection {\n     domain: null,\n     _events: \n      { close: [Object],\n        error: [Object],\n        timeout: [Object],\n        parseError: [Object] },\n     _eventsCount: 4,\n     _maxListeners: undefined,\n     options: \n      { host: '65.0.176.149',\n        port: 27017,\n        size: 5,\n        connectionTimeout: 30000,\n        socketTimeout: 30000,\n        keepAlive: true,\n        keepAliveInitialDelay: 0,\n        noDelay: true,\n        ssl: false,\n        checkServerIdentity: true,\n        ca: null,\n        cert: null,\n        key: null,\n        passPhrase: null,\n        rejectUnauthorized: false,\n        promoteLongs: true,\n        promoteValues: true,\n        promoteBuffers: false,\n        reconnect: true,\n        reconnectInterval: 1000,\n        reconnectTries: 30,\n        domainsEnabled: false,\n        disconnectHandler: [Object],\n        cursorFactory: [Object],\n        emitError: true,\n        socketOptions: {},\n        clientInfo: [Object],\n        readPreference: [Object],\n        promiseLibrary: [Function: Promise],\n        bson: BSON {} },\n     id: 29,\n     logger: Logger { className: 'Connection' },\n     bson: BSON {},\n     tag: undefined,\n     messageHandler: [Function],\n     maxBsonMessageSize: 67108864,\n     port: 27017,\n     host: '65.0.176.149',\n     keepAlive: true,\n     keepAliveInitialDelay: 0,\n     noDelay: true,\n     connectionTimeout: 30000,\n     socketTimeout: 30000,\n     destroyed: false,\n     domainSocket: false,\n     singleBufferSerializtion: true,\n     serializationFunction: 'toBinUnified',\n     ca: null,\n     cert: null,\n     key: null,\n     passphrase: null,\n     ssl: false,\n     rejectUnauthorized: false,\n     checkServerIdentity: true,\n     responseOptions: \n      { promoteLongs: true,\n        promoteValues: true,\n        promoteBuffers: false },\n     flushing: false,\n     queue: [],\n     connection: \n      Socket {\n        connecting: false,\n        _hadError: false,\n        _handle: [Object],\n        _parent: null,\n        _host: null,\n        _readableState: [Object],\n        readable: true,\n        domain: null,\n        _events: [Object],\n        _eventsCount: 8,\n        _maxListeners: undefined,\n        _writableState: [Object],\n        writable: true,\n        allowHalfOpen: false,\n        destroyed: false,\n        _bytesDispatched: 845,\n        _sockname: null,\n        _pendingData: null,\n        _pendingEncoding: '',\n        server: null,\n        _server: null,\n        _idleTimeout: 30000,\n        _idleNext: [Object],\n        _idlePrev: [Object],\n        _idleStart: 84590399,\n        read: [Function],\n        _consuming: true },\n     writeStream: null,\n     hashedName: '7dcd4ef3ecd47c37fdf12446987419743124214f',\n     workItems: [],\n     buffer: null,\n     sizeOfMessage: 0,\n     bytesRead: 0,\n     stubBuffer: null },\n  message: \n   Response {\n     parsed: true,\n     index: 75,\n     raw: <Buffer 4b 00 00 00 52 25 f6 11 40 78 01 00 01 00 00 00 08 00 00 00 00 00 00 00 00 00 00 00 00 00 00 00 01 00 00 00 27 00 00 00 10 6e 00 01 00 00 00 10 6e 4d ... >,\n     data: <Buffer 4b 00 00 00 52 25 f6 11 40 78 01 00 01 00 00 00 08 00 00 00 00 00 00 00 00 00 00 00 00 00 00 00 01 00 00 00 27 00 00 00 10 6e 00 01 00 00 00 10 6e 4d ... >,\n     bson: BSON {},\n     opts: \n      { promoteLongs: true,\n        promoteValues: true,\n        promoteBuffers: false },\n     length: 75,\n     requestId: 301344082,\n     responseTo: 96320,\n     responseFlags: 8,\n     cursorId: Long { _bsontype: 'Long', low_: 0, high_: 0 },\n     startingFrom: 0,\n     numberReturned: 1,\n     documents: [ [Object] ],\n     cursorNotFound: false,\n     queryFailure: false,\n     shardConfigStale: false,\n     awaitCapable: true,\n     promoteLongs: true,\n     promoteValues: true,\n     promoteBuffers: false,\n     hashedName: '7dcd4ef3ecd47c37fdf12446987419743124214f' } }","timestamp":"9:44:27 AM"}
{"level":"info","message":"user_detailsInsert null { result: { ok: 1, n: 1 },\n  ops: \n   [ { Ticket_Id: 3470,\n       Ticket_code: 'CAPR8562',\n       Product: 1,\n       Category: 'Proposal',\n       SubCategory: 'Premium mismatch on payment gateway and proposal page',\n       From: 'Piyush Kumar Singh (115440)',\n       To: 'Piyush Kumar Singh (115440)',\n       Status: 'Open',\n       Created_By: 'Piyush Kumar Singh ',\n       Created_On: 2024-05-24T04:14:14.070Z,\n       Modified_By: 114118,\n       Modified_On: 2024-05-24T04:14:14.070Z,\n       CRN: 0,\n       Mobile_No: '7356984587',\n       Vehicle_No: 'MH-01-AA-1234',\n       Remark: 'ssss',\n       ss_id: 114118,\n       CRN_owner: '',\n       fba_id: 86240,\n       CRN_fba_id: '',\n       channel: '',\n       subchannel: '',\n       Agent_Email_Id: 'piyush.singh@policyboss.com',\n       Transaction_On: '',\n       Source: 'horizon',\n       RM_Email_Id: '',\n       RM_Agent_Name: '',\n       Insurer_Id: '',\n       _id: 665014230412db0f9016e5d8 } ],\n  insertedCount: 1,\n  insertedIds: [ 665014230412db0f9016e5d8 ] }","timestamp":"9:44:27 AM"}
{"level":"info","message":"emailupdate null { n: 1, nModified: 1, ok: 1 }","timestamp":"9:44:28 AM"}
{"level":"info","message":"[]","timestamp":"9:44:36 AM"}
{"level":"info","message":"DateRange from 2024-05-23T18:30:00.000Z to 2024-05-24T18:30:00.000Z","timestamp":"9:44:39 AM"}
{"level":"info","message":"{ '$or': [ { lead_assigned_ssid: [Object] }, { ss_id: [Object] } ] }","timestamp":"9:44:39 AM"}
{"level":"info","message":"{ Ticket_Id: 'CAPR8562' }","timestamp":"9:45:52 AM"}
{"level":"info","message":"1","timestamp":"9:45:52 AM"}
{"level":"info","message":"{ Ticket_Id: 'CAPR8562' }","timestamp":"9:46:06 AM"}
{"level":"info","message":"1","timestamp":"9:46:08 AM"}
{"level":"info","message":"DateRange from 2024-05-23T18:30:00.000Z to 2024-05-24T18:30:00.000Z","timestamp":"9:46:41 AM"}
{"level":"info","message":"{ '$or': [ { lead_assigned_ssid: [Object] }, { ss_id: [Object] } ] }","timestamp":"9:46:41 AM"}
{"level":"info","message":"{ Ticket_Id: 'CAPR8562' }","timestamp":"9:46:43 AM"}
{"level":"info","message":"1","timestamp":"9:46:43 AM"}
{"level":"info","message":"DateRange from 2024-05-23T18:30:00.000Z to 2024-05-24T18:30:00.000Z","timestamp":"9:46:46 AM"}
{"level":"info","message":"{ '$or': [ { lead_assigned_ssid: [Object] }, { ss_id: [Object] } ] }","timestamp":"9:46:46 AM"}
{"level":"info","message":"{ Ticket_Id: 'BIPR8545' }","timestamp":"9:46:47 AM"}
{"level":"info","message":"1","timestamp":"9:46:47 AM"}
{"level":"info","message":"DateRange from 2024-05-23T18:30:00.000Z to 2024-05-24T18:30:00.000Z","timestamp":"9:46:57 AM"}
{"level":"info","message":"{ '$or': [ { lead_assigned_ssid: [Object] }, { ss_id: [Object] } ] }","timestamp":"9:46:57 AM"}
{"level":"info","message":"DateRange from 2024-05-23T18:30:00.000Z to 2024-05-24T18:30:00.000Z","timestamp":"9:47:01 AM"}
{"level":"info","message":"{ '$or': [ { lead_assigned_ssid: [Object] }, { ss_id: [Object] } ] }","timestamp":"9:47:01 AM"}
{"level":"info","message":"{ Ticket_Id: 'CAPR8562' }","timestamp":"9:47:02 AM"}
{"level":"info","message":"1","timestamp":"9:47:02 AM"}
{"level":"info","message":"DateRange from 2024-05-23T18:30:00.000Z to 2024-05-24T18:30:00.000Z","timestamp":"9:47:04 AM"}
{"level":"info","message":"{ '$or': [ { lead_assigned_ssid: [Object] }, { ss_id: [Object] } ] }","timestamp":"9:47:04 AM"}
{"level":"info","message":"DateRange from 2024-05-23T18:30:00.000Z to 2024-05-24T18:30:00.000Z","timestamp":"12:38:41 PM"}
{"level":"info","message":"{ '$or': [ { lead_assigned_ssid: [Object] }, { ss_id: [Object] } ] }","timestamp":"12:38:41 PM"}
