{"level":"info","message":"$$$$$$$$$$$$$$$$$$$$$$$$","timestamp":"9:28:41 AM"}
{"meta":"","level":"info","message":"","timestamp":"9:28:41 AM"}
{"level":"info","message":"Development Environment is Listening on port 3000","timestamp":"9:28:41 AM"}
{"level":"info","message":"Web URL : http://localhost:3000","timestamp":"9:28:41 AM"}
{"meta":"","level":"info","message":"","timestamp":"9:28:41 AM"}
{"level":"info","message":"$$$$$$$$$$$$$$$$$$$$$$$$","timestamp":"9:28:41 AM"}
{"meta":"","level":"info","message":"","timestamp":"9:28:41 AM"}
{"level":"info","message":"DateRange from 2024-01-07T18:30:00.000Z to 2024-01-08T18:30:00.000Z","timestamp":"10:06:14 AM"}
{"level":"info","message":"$$$$$$$$$$$$$$$$$$$$$$$$","timestamp":"10:28:51 AM"}
{"meta":"","level":"info","message":"","timestamp":"10:28:51 AM"}
{"level":"info","message":"Development Environment is Listening on port 3000","timestamp":"10:28:51 AM"}
{"level":"info","message":"Web URL : http://localhost:3000","timestamp":"10:28:51 AM"}
{"meta":"","level":"info","message":"","timestamp":"10:28:51 AM"}
{"level":"info","message":"$$$$$$$$$$$$$$$$$$$$$$$$","timestamp":"10:28:51 AM"}
{"meta":"","level":"info","message":"","timestamp":"10:28:51 AM"}
{"level":"info","message":"$$$$$$$$$$$$$$$$$$$$$$$$","timestamp":"11:21:01 AM"}
{"meta":"","level":"info","message":"","timestamp":"11:21:01 AM"}
{"level":"info","message":"Development Environment is Listening on port 3000","timestamp":"11:21:01 AM"}
{"level":"info","message":"Web URL : http://localhost:3000","timestamp":"11:21:01 AM"}
{"meta":"","level":"info","message":"","timestamp":"11:21:01 AM"}
{"level":"info","message":"$$$$$$$$$$$$$$$$$$$$$$$$","timestamp":"11:21:01 AM"}
{"meta":"","level":"info","message":"","timestamp":"11:21:01 AM"}
{"level":"info","message":"$$$$$$$$$$$$$$$$$$$$$$$$","timestamp":"2:03:54 PM"}
{"meta":"","level":"info","message":"","timestamp":"2:03:54 PM"}
{"level":"info","message":"Development Environment is Listening on port 3000","timestamp":"2:03:54 PM"}
{"level":"info","message":"Web URL : http://localhost:3000","timestamp":"2:03:54 PM"}
{"meta":"","level":"info","message":"","timestamp":"2:03:54 PM"}
{"level":"info","message":"$$$$$$$$$$$$$$$$$$$$$$$$","timestamp":"2:03:54 PM"}
{"meta":"","level":"info","message":"","timestamp":"2:03:54 PM"}
{"level":"info","message":"$$$$$$$$$$$$$$$$$$$$$$$$","timestamp":"2:16:51 PM"}
{"meta":"","level":"info","message":"","timestamp":"2:16:51 PM"}
{"level":"info","message":"Development Environment is Listening on port 3000","timestamp":"2:16:51 PM"}
{"level":"info","message":"Web URL : http://localhost:3000","timestamp":"2:16:51 PM"}
{"meta":"","level":"info","message":"","timestamp":"2:16:51 PM"}
{"level":"info","message":"$$$$$$$$$$$$$$$$$$$$$$$$","timestamp":"2:16:51 PM"}
{"meta":"","level":"info","message":"","timestamp":"2:16:51 PM"}
{"level":"info","message":"$$$$$$$$$$$$$$$$$$$$$$$$","timestamp":"2:20:22 PM"}
{"meta":"","level":"info","message":"","timestamp":"2:20:22 PM"}
{"level":"info","message":"Development Environment is Listening on port 3000","timestamp":"2:20:22 PM"}
{"level":"info","message":"Web URL : http://localhost:3000","timestamp":"2:20:22 PM"}
{"meta":"","level":"info","message":"","timestamp":"2:20:22 PM"}
{"level":"info","message":"$$$$$$$$$$$$$$$$$$$$$$$$","timestamp":"2:20:22 PM"}
{"meta":"","level":"info","message":"","timestamp":"2:20:22 PM"}
{"level":"info","message":"$$$$$$$$$$$$$$$$$$$$$$$$","timestamp":"2:22:47 PM"}
{"meta":"","level":"info","message":"","timestamp":"2:22:47 PM"}
{"level":"info","message":"Development Environment is Listening on port 3000","timestamp":"2:22:47 PM"}
{"level":"info","message":"Web URL : http://localhost:3000","timestamp":"2:22:47 PM"}
{"meta":"","level":"info","message":"","timestamp":"2:22:47 PM"}
{"level":"info","message":"$$$$$$$$$$$$$$$$$$$$$$$$","timestamp":"2:22:47 PM"}
{"meta":"","level":"info","message":"","timestamp":"2:22:47 PM"}
{"level":"info","message":"$$$$$$$$$$$$$$$$$$$$$$$$","timestamp":"2:26:39 PM"}
{"meta":"","level":"info","message":"","timestamp":"2:26:39 PM"}
{"level":"info","message":"Development Environment is Listening on port 3000","timestamp":"2:26:39 PM"}
{"level":"info","message":"Web URL : http://localhost:3000","timestamp":"2:26:39 PM"}
{"meta":"","level":"info","message":"","timestamp":"2:26:39 PM"}
{"level":"info","message":"$$$$$$$$$$$$$$$$$$$$$$$$","timestamp":"2:26:39 PM"}
{"meta":"","level":"info","message":"","timestamp":"2:26:39 PM"}
{"level":"info","message":"$$$$$$$$$$$$$$$$$$$$$$$$","timestamp":"2:50:41 PM"}
{"meta":"","level":"info","message":"","timestamp":"2:50:41 PM"}
{"level":"info","message":"Development Environment is Listening on port 3000","timestamp":"2:50:41 PM"}
{"level":"info","message":"Web URL : http://localhost:3000","timestamp":"2:50:41 PM"}
{"meta":"","level":"info","message":"","timestamp":"2:50:41 PM"}
{"level":"info","message":"$$$$$$$$$$$$$$$$$$$$$$$$","timestamp":"2:50:41 PM"}
{"meta":"","level":"info","message":"","timestamp":"2:50:41 PM"}
{"level":"info","message":"$$$$$$$$$$$$$$$$$$$$$$$$","timestamp":"2:58:46 PM"}
{"meta":"","level":"info","message":"","timestamp":"2:58:46 PM"}
{"level":"info","message":"Development Environment is Listening on port 3000","timestamp":"2:58:46 PM"}
{"level":"info","message":"Web URL : http://localhost:3000","timestamp":"2:58:46 PM"}
{"meta":"","level":"info","message":"","timestamp":"2:58:46 PM"}
{"level":"info","message":"$$$$$$$$$$$$$$$$$$$$$$$$","timestamp":"2:58:46 PM"}
{"meta":"","level":"info","message":"","timestamp":"2:58:46 PM"}
{"level":"info","message":"$$$$$$$$$$$$$$$$$$$$$$$$","timestamp":"3:02:48 PM"}
{"meta":"","level":"info","message":"","timestamp":"3:02:48 PM"}
{"level":"info","message":"Development Environment is Listening on port 3000","timestamp":"3:02:48 PM"}
{"level":"info","message":"Web URL : http://localhost:3000","timestamp":"3:02:48 PM"}
{"meta":"","level":"info","message":"","timestamp":"3:02:48 PM"}
{"level":"info","message":"$$$$$$$$$$$$$$$$$$$$$$$$","timestamp":"3:02:48 PM"}
{"meta":"","level":"info","message":"","timestamp":"3:02:48 PM"}
{"level":"info","message":"$$$$$$$$$$$$$$$$$$$$$$$$","timestamp":"3:16:25 PM"}
{"meta":"","level":"info","message":"","timestamp":"3:16:25 PM"}
{"level":"info","message":"Development Environment is Listening on port 3000","timestamp":"3:16:25 PM"}
{"level":"info","message":"Web URL : http://localhost:3000","timestamp":"3:16:25 PM"}
{"meta":"","level":"info","message":"","timestamp":"3:16:25 PM"}
{"level":"info","message":"$$$$$$$$$$$$$$$$$$$$$$$$","timestamp":"3:16:25 PM"}
{"meta":"","level":"info","message":"","timestamp":"3:16:25 PM"}
{"level":"info","message":"$$$$$$$$$$$$$$$$$$$$$$$$","timestamp":"5:37:51 PM"}
{"meta":"","level":"info","message":"","timestamp":"5:37:51 PM"}
{"level":"info","message":"Development Environment is Listening on port 3000","timestamp":"5:37:51 PM"}
{"level":"info","message":"Web URL : http://localhost:3000","timestamp":"5:37:51 PM"}
{"meta":"","level":"info","message":"","timestamp":"5:37:51 PM"}
{"level":"info","message":"$$$$$$$$$$$$$$$$$$$$$$$$","timestamp":"5:37:51 PM"}
{"meta":"","level":"info","message":"","timestamp":"5:37:51 PM"}
{"level":"info","message":"{ Status: 'Publish' }","timestamp":"5:38:54 PM"}
{"level":"info","message":"{ Status: 'Publish', Type: /CMS/i }","timestamp":"5:39:20 PM"}
{"level":"info","message":"{ Status: 'Publish', Type: /BLOG/i }","timestamp":"5:39:27 PM"}
{"level":"info","message":"{ Status: 'Publish', Type: /BLOG/i }","timestamp":"5:39:29 PM"}
{"level":"info","message":"{ Status: 'Publish', Type: /BLOG/i }","timestamp":"5:39:34 PM"}
{"level":"info","message":"{ Status: 'Publish', Type: /BLOG/i }","timestamp":"5:39:36 PM"}
{"level":"info","message":"{ Status: 'Publish', Type: /BLOG/i }","timestamp":"5:39:36 PM"}
{"level":"info","message":"{ Status: 'Publish' }","timestamp":"5:39:38 PM"}
{"level":"info","message":"{ Status: 'Publish' }","timestamp":"5:39:41 PM"}
{"level":"info","message":"{ Status: 'Publish' }","timestamp":"5:39:43 PM"}
{"level":"info","message":"{ Status: 'Publish' }","timestamp":"5:39:46 PM"}
{"level":"info","message":"{ Status: 'Publish' }","timestamp":"5:39:46 PM"}
{"level":"info","message":"{ Status: 'Publish' }","timestamp":"5:39:49 PM"}
{"level":"info","message":"{ Status: 'Publish', Category: /personal-accident/i }","timestamp":"5:40:18 PM"}
{"level":"info","message":"{ Status: 'Publish' }","timestamp":"5:40:23 PM"}
{"level":"info","message":"{ Status: 'Publish', Category: /insurance/i }","timestamp":"5:40:38 PM"}
{"level":"info","message":"{ Status: 'Publish', Category: /insurance/i }","timestamp":"5:40:44 PM"}
{"level":"info","message":"{ Status: 'Publish', Category: /insurance/i }","timestamp":"5:40:48 PM"}
{"level":"info","message":"{ Status: 'Publish', Category: /insurance/i }","timestamp":"5:40:49 PM"}
{"level":"info","message":"{ Status: 'Publish', Title: /What is No/i }","timestamp":"5:41:00 PM"}
{"level":"info","message":"{ Status: 'Publish' }","timestamp":"5:41:04 PM"}
{"level":"info","message":"{ Status: 'Publish', Title: /The /i }","timestamp":"5:41:16 PM"}
{"level":"info","message":"{ Status: 'Publish', URL: /UI22\\//i }","timestamp":"5:41:29 PM"}
{"level":"info","message":"{ Status: 'Publish' }","timestamp":"5:41:40 PM"}
{"level":"info","message":"{ Status: 'Publish' }","timestamp":"5:41:46 PM"}
{"level":"info","message":"{ Status: 'Publish' }","timestamp":"5:41:48 PM"}
{"level":"info","message":"{ Status: 'Publish' }","timestamp":"5:41:51 PM"}
{"level":"info","message":"{ Status: 'Publish' }","timestamp":"5:41:52 PM"}
{"level":"info","message":"{ Status: 'Publish' }","timestamp":"5:41:54 PM"}
{"level":"info","message":"{ Status: 'Publish' }","timestamp":"5:41:55 PM"}
{"level":"info","message":"{ Status: 'Publish' }","timestamp":"5:41:57 PM"}
{"level":"info","message":"{ Status: 'Publish' }","timestamp":"5:41:59 PM"}
{"level":"info","message":"{ Status: 'Publish' }","timestamp":"5:42:01 PM"}
{"level":"info","message":"{ Status: 'Publish' }","timestamp":"5:42:03 PM"}
{"level":"info","message":"{ Status: 'Publish' }","timestamp":"5:42:05 PM"}
{"level":"info","message":"{ Status: 'Publish' }","timestamp":"5:42:14 PM"}
