{"level":"warn","message":"Db.prototype.authenticate method will no longer be available in the next major release 3.x as MongoDB 3.6 will only allow auth against users in the admin db and will no longer allow multiple credentials on a socket. Please authenticate using MongoClient.connect with auth credentials.","timestamp":"9:41:47 AM"}
{"level":"warn","message":"Db.prototype.authenticate method will no longer be available in the next major release 3.x as MongoDB 3.6 will only allow auth against users in the admin db and will no longer allow multiple credentials on a socket. Please authenticate using MongoClient.connect with auth credentials.","timestamp":"9:41:47 AM"}
{"level":"warn","message":"Db.prototype.authenticate method will no longer be available in the next major release 3.x as MongoDB 3.6 will only allow auth against users in the admin db and will no longer allow multiple credentials on a socket. Please authenticate using MongoClient.connect with auth credentials.","timestamp":"9:41:47 AM"}
{"level":"warn","message":"Db.prototype.authenticate method will no longer be available in the next major release 3.x as MongoDB 3.6 will only allow auth against users in the admin db and will no longer allow multiple credentials on a socket. Please authenticate using MongoClient.connect with auth credentials.","timestamp":"9:41:47 AM"}
{"level":"warn","message":"Db.prototype.authenticate method will no longer be available in the next major release 3.x as MongoDB 3.6 will only allow auth against users in the admin db and will no longer allow multiple credentials on a socket. Please authenticate using MongoClient.connect with auth credentials.","timestamp":"9:41:47 AM"}
{"level":"warn","message":"Db.prototype.authenticate method will no longer be available in the next major release 3.x as MongoDB 3.6 will only allow auth against users in the admin db and will no longer allow multiple credentials on a socket. Please authenticate using MongoClient.connect with auth credentials.","timestamp":"9:41:47 AM"}
{"level":"warn","message":"Db.prototype.authenticate method will no longer be available in the next major release 3.x as MongoDB 3.6 will only allow auth against users in the admin db and will no longer allow multiple credentials on a socket. Please authenticate using MongoClient.connect with auth credentials.","timestamp":"9:41:47 AM"}
{"level":"warn","message":"Db.prototype.authenticate method will no longer be available in the next major release 3.x as MongoDB 3.6 will only allow auth against users in the admin db and will no longer allow multiple credentials on a socket. Please authenticate using MongoClient.connect with auth credentials.","timestamp":"9:41:47 AM"}
{"level":"warn","message":"Db.prototype.authenticate method will no longer be available in the next major release 3.x as MongoDB 3.6 will only allow auth against users in the admin db and will no longer allow multiple credentials on a socket. Please authenticate using MongoClient.connect with auth credentials.","timestamp":"9:41:47 AM"}
{"level":"warn","message":"Db.prototype.authenticate method will no longer be available in the next major release 3.x as MongoDB 3.6 will only allow auth against users in the admin db and will no longer allow multiple credentials on a socket. Please authenticate using MongoClient.connect with auth credentials.","timestamp":"9:41:47 AM"}
{"level":"warn","message":"Db.prototype.authenticate method will no longer be available in the next major release 3.x as MongoDB 3.6 will only allow auth against users in the admin db and will no longer allow multiple credentials on a socket. Please authenticate using MongoClient.connect with auth credentials.","timestamp":"9:41:47 AM"}
{"level":"warn","message":"Db.prototype.authenticate method will no longer be available in the next major release 3.x as MongoDB 3.6 will only allow auth against users in the admin db and will no longer allow multiple credentials on a socket. Please authenticate using MongoClient.connect with auth credentials.","timestamp":"9:41:47 AM"}
{"level":"warn","message":"Db.prototype.authenticate method will no longer be available in the next major release 3.x as MongoDB 3.6 will only allow auth against users in the admin db and will no longer allow multiple credentials on a socket. Please authenticate using MongoClient.connect with auth credentials.","timestamp":"9:41:47 AM"}
{"level":"warn","message":"Db.prototype.authenticate method will no longer be available in the next major release 3.x as MongoDB 3.6 will only allow auth against users in the admin db and will no longer allow multiple credentials on a socket. Please authenticate using MongoClient.connect with auth credentials.","timestamp":"9:41:47 AM"}
{"level":"warn","message":"Db.prototype.authenticate method will no longer be available in the next major release 3.x as MongoDB 3.6 will only allow auth against users in the admin db and will no longer allow multiple credentials on a socket. Please authenticate using MongoClient.connect with auth credentials.","timestamp":"9:41:47 AM"}
{"level":"warn","message":"Db.prototype.authenticate method will no longer be available in the next major release 3.x as MongoDB 3.6 will only allow auth against users in the admin db and will no longer allow multiple credentials on a socket. Please authenticate using MongoClient.connect with auth credentials.","timestamp":"9:41:47 AM"}
{"level":"warn","message":"Db.prototype.authenticate method will no longer be available in the next major release 3.x as MongoDB 3.6 will only allow auth against users in the admin db and will no longer allow multiple credentials on a socket. Please authenticate using MongoClient.connect with auth credentials.","timestamp":"9:41:47 AM"}
{"level":"warn","message":"Db.prototype.authenticate method will no longer be available in the next major release 3.x as MongoDB 3.6 will only allow auth against users in the admin db and will no longer allow multiple credentials on a socket. Please authenticate using MongoClient.connect with auth credentials.","timestamp":"9:41:47 AM"}
{"level":"warn","message":"Db.prototype.authenticate method will no longer be available in the next major release 3.x as MongoDB 3.6 will only allow auth against users in the admin db and will no longer allow multiple credentials on a socket. Please authenticate using MongoClient.connect with auth credentials.","timestamp":"9:41:47 AM"}
{"level":"warn","message":"Db.prototype.authenticate method will no longer be available in the next major release 3.x as MongoDB 3.6 will only allow auth against users in the admin db and will no longer allow multiple credentials on a socket. Please authenticate using MongoClient.connect with auth credentials.","timestamp":"9:41:47 AM"}
{"level":"warn","message":"Db.prototype.authenticate method will no longer be available in the next major release 3.x as MongoDB 3.6 will only allow auth against users in the admin db and will no longer allow multiple credentials on a socket. Please authenticate using MongoClient.connect with auth credentials.","timestamp":"9:41:47 AM"}
{"level":"warn","message":"Db.prototype.authenticate method will no longer be available in the next major release 3.x as MongoDB 3.6 will only allow auth against users in the admin db and will no longer allow multiple credentials on a socket. Please authenticate using MongoClient.connect with auth credentials.","timestamp":"9:41:47 AM"}
{"level":"warn","message":"Db.prototype.authenticate method will no longer be available in the next major release 3.x as MongoDB 3.6 will only allow auth against users in the admin db and will no longer allow multiple credentials on a socket. Please authenticate using MongoClient.connect with auth credentials.","timestamp":"9:41:47 AM"}
{"level":"warn","message":"Db.prototype.authenticate method will no longer be available in the next major release 3.x as MongoDB 3.6 will only allow auth against users in the admin db and will no longer allow multiple credentials on a socket. Please authenticate using MongoClient.connect with auth credentials.","timestamp":"9:41:47 AM"}
{"level":"warn","message":"Db.prototype.authenticate method will no longer be available in the next major release 3.x as MongoDB 3.6 will only allow auth against users in the admin db and will no longer allow multiple credentials on a socket. Please authenticate using MongoClient.connect with auth credentials.","timestamp":"9:41:47 AM"}
{"level":"warn","message":"Db.prototype.authenticate method will no longer be available in the next major release 3.x as MongoDB 3.6 will only allow auth against users in the admin db and will no longer allow multiple credentials on a socket. Please authenticate using MongoClient.connect with auth credentials.","timestamp":"9:41:47 AM"}
{"level":"warn","message":"Db.prototype.authenticate method will no longer be available in the next major release 3.x as MongoDB 3.6 will only allow auth against users in the admin db and will no longer allow multiple credentials on a socket. Please authenticate using MongoClient.connect with auth credentials.","timestamp":"9:41:47 AM"}
{"level":"warn","message":"Db.prototype.authenticate method will no longer be available in the next major release 3.x as MongoDB 3.6 will only allow auth against users in the admin db and will no longer allow multiple credentials on a socket. Please authenticate using MongoClient.connect with auth credentials.","timestamp":"9:41:47 AM"}
{"level":"error","message":"(node:11892) UnhandledPromiseRejectionWarning: Unhandled promise rejection (rejection id: 1): MongoError: E11000 duplicate key error collection: lm-api-qa.sync_contacts index: Sync_Contact_Id_1 dup key: { : null }","timestamp":"9:41:47 AM"}
{"level":"error","message":"(node:11892) UnhandledPromiseRejectionWarning: Unhandled promise rejection (rejection id: 2): MongoError: Index with name: Posp_Id_1 already exists with different options","timestamp":"9:41:47 AM"}
{"level":"error","message":"(node:11892) UnhandledPromiseRejectionWarning: Unhandled promise rejection (rejection id: 3): MongoError: Index: { v: 2, unique: true, key: { Doc_Log_Id: 1 }, name: \"Doc_Log_Id_1\", ns: \"lm-api-qa.posp_doc_logs\", background: true } already exists with different options: { v: 2, key: { Doc_Log_Id: 1 }, name: \"Doc_Log_Id\", ns: \"lm-api-qa.posp_doc_logs\" }","timestamp":"9:41:47 AM"}
{"level":"error","message":"(node:11892) UnhandledPromiseRejectionWarning: Unhandled promise rejection (rejection id: 4): MongoError: E11000 duplicate key error collection: lm-api-qa.credentials index: Credential_Id_1 dup key: { : null }","timestamp":"9:41:47 AM"}
{"level":"error","message":"(node:11892) UnhandledPromiseRejectionWarning: Unhandled promise rejection (rejection id: 5): MongoError: E11000 duplicate key error collection: lm-api-qa.offline_transactions index: Transaction_Id_1 dup key: { : null }","timestamp":"9:41:47 AM"}
{"level":"error","message":"LOG REFERER YTD undefined ::ffff:127.0.0.1 undefined","timestamp":"10:02:16 AM"}
{"level":"error","message":"LOG REFERER YTD undefined ::ffff:127.0.0.1 undefined","timestamp":"10:02:16 AM"}
{"level":"warn","message":"Db.prototype.authenticate method will no longer be available in the next major release 3.x as MongoDB 3.6 will only allow auth against users in the admin db and will no longer allow multiple credentials on a socket. Please authenticate using MongoClient.connect with auth credentials.","timestamp":"10:02:16 AM"}
{"level":"error","message":"LOG REFERER YTD undefined ::ffff:127.0.0.1 undefined","timestamp":"10:02:17 AM"}
{"level":"error","message":"DBG-1 8067 4784156","timestamp":"10:02:23 AM"}
{"level":"error","message":"DBG-4 8067 NO_IPM","timestamp":"10:02:24 AM"}
{"level":"error","message":"LOG REFERER YTD undefined ::ffff:127.0.0.1 undefined","timestamp":"10:02:24 AM"}
{"level":"error","message":"LOG REFERER YTD http://localhost:7000/ ::1 string","timestamp":"10:04:18 AM"}
{"level":"error","message":"LOG REFERER YTD http://localhost:7000/ ::1 string","timestamp":"10:04:18 AM"}
{"level":"error","message":"(node:11892) UnhandledPromiseRejectionWarning: Unhandled promise rejection (rejection id: 6): MongoError: E11000 duplicate key error collection: lm-api-qa.identitycounters index: field_1_groupingField_1_model_1 dup key: { : \"Email_Event_Id\", : null, : \"Email_Event\" }","timestamp":"10:04:18 AM"}
{"level":"warn","message":"Db.prototype.authenticate method will no longer be available in the next major release 3.x as MongoDB 3.6 will only allow auth against users in the admin db and will no longer allow multiple credentials on a socket. Please authenticate using MongoClient.connect with auth credentials.","timestamp":"10:20:22 AM"}
{"level":"warn","message":"Db.prototype.authenticate method will no longer be available in the next major release 3.x as MongoDB 3.6 will only allow auth against users in the admin db and will no longer allow multiple credentials on a socket. Please authenticate using MongoClient.connect with auth credentials.","timestamp":"10:20:22 AM"}
{"level":"warn","message":"Db.prototype.authenticate method will no longer be available in the next major release 3.x as MongoDB 3.6 will only allow auth against users in the admin db and will no longer allow multiple credentials on a socket. Please authenticate using MongoClient.connect with auth credentials.","timestamp":"10:20:22 AM"}
{"level":"warn","message":"Db.prototype.authenticate method will no longer be available in the next major release 3.x as MongoDB 3.6 will only allow auth against users in the admin db and will no longer allow multiple credentials on a socket. Please authenticate using MongoClient.connect with auth credentials.","timestamp":"10:20:22 AM"}
{"level":"warn","message":"Db.prototype.authenticate method will no longer be available in the next major release 3.x as MongoDB 3.6 will only allow auth against users in the admin db and will no longer allow multiple credentials on a socket. Please authenticate using MongoClient.connect with auth credentials.","timestamp":"10:20:22 AM"}
{"level":"warn","message":"Db.prototype.authenticate method will no longer be available in the next major release 3.x as MongoDB 3.6 will only allow auth against users in the admin db and will no longer allow multiple credentials on a socket. Please authenticate using MongoClient.connect with auth credentials.","timestamp":"10:20:22 AM"}
{"level":"warn","message":"Db.prototype.authenticate method will no longer be available in the next major release 3.x as MongoDB 3.6 will only allow auth against users in the admin db and will no longer allow multiple credentials on a socket. Please authenticate using MongoClient.connect with auth credentials.","timestamp":"10:20:22 AM"}
{"level":"warn","message":"Db.prototype.authenticate method will no longer be available in the next major release 3.x as MongoDB 3.6 will only allow auth against users in the admin db and will no longer allow multiple credentials on a socket. Please authenticate using MongoClient.connect with auth credentials.","timestamp":"10:20:22 AM"}
{"level":"warn","message":"Db.prototype.authenticate method will no longer be available in the next major release 3.x as MongoDB 3.6 will only allow auth against users in the admin db and will no longer allow multiple credentials on a socket. Please authenticate using MongoClient.connect with auth credentials.","timestamp":"10:20:22 AM"}
{"level":"warn","message":"Db.prototype.authenticate method will no longer be available in the next major release 3.x as MongoDB 3.6 will only allow auth against users in the admin db and will no longer allow multiple credentials on a socket. Please authenticate using MongoClient.connect with auth credentials.","timestamp":"10:20:22 AM"}
{"level":"warn","message":"Db.prototype.authenticate method will no longer be available in the next major release 3.x as MongoDB 3.6 will only allow auth against users in the admin db and will no longer allow multiple credentials on a socket. Please authenticate using MongoClient.connect with auth credentials.","timestamp":"10:20:22 AM"}
{"level":"warn","message":"Db.prototype.authenticate method will no longer be available in the next major release 3.x as MongoDB 3.6 will only allow auth against users in the admin db and will no longer allow multiple credentials on a socket. Please authenticate using MongoClient.connect with auth credentials.","timestamp":"10:20:22 AM"}
{"level":"warn","message":"Db.prototype.authenticate method will no longer be available in the next major release 3.x as MongoDB 3.6 will only allow auth against users in the admin db and will no longer allow multiple credentials on a socket. Please authenticate using MongoClient.connect with auth credentials.","timestamp":"10:20:22 AM"}
{"level":"warn","message":"Db.prototype.authenticate method will no longer be available in the next major release 3.x as MongoDB 3.6 will only allow auth against users in the admin db and will no longer allow multiple credentials on a socket. Please authenticate using MongoClient.connect with auth credentials.","timestamp":"10:20:22 AM"}
{"level":"warn","message":"Db.prototype.authenticate method will no longer be available in the next major release 3.x as MongoDB 3.6 will only allow auth against users in the admin db and will no longer allow multiple credentials on a socket. Please authenticate using MongoClient.connect with auth credentials.","timestamp":"10:20:22 AM"}
{"level":"warn","message":"Db.prototype.authenticate method will no longer be available in the next major release 3.x as MongoDB 3.6 will only allow auth against users in the admin db and will no longer allow multiple credentials on a socket. Please authenticate using MongoClient.connect with auth credentials.","timestamp":"10:20:22 AM"}
{"level":"warn","message":"Db.prototype.authenticate method will no longer be available in the next major release 3.x as MongoDB 3.6 will only allow auth against users in the admin db and will no longer allow multiple credentials on a socket. Please authenticate using MongoClient.connect with auth credentials.","timestamp":"10:20:22 AM"}
{"level":"warn","message":"Db.prototype.authenticate method will no longer be available in the next major release 3.x as MongoDB 3.6 will only allow auth against users in the admin db and will no longer allow multiple credentials on a socket. Please authenticate using MongoClient.connect with auth credentials.","timestamp":"10:20:22 AM"}
{"level":"warn","message":"Db.prototype.authenticate method will no longer be available in the next major release 3.x as MongoDB 3.6 will only allow auth against users in the admin db and will no longer allow multiple credentials on a socket. Please authenticate using MongoClient.connect with auth credentials.","timestamp":"10:20:22 AM"}
{"level":"warn","message":"Db.prototype.authenticate method will no longer be available in the next major release 3.x as MongoDB 3.6 will only allow auth against users in the admin db and will no longer allow multiple credentials on a socket. Please authenticate using MongoClient.connect with auth credentials.","timestamp":"10:20:22 AM"}
{"level":"warn","message":"Db.prototype.authenticate method will no longer be available in the next major release 3.x as MongoDB 3.6 will only allow auth against users in the admin db and will no longer allow multiple credentials on a socket. Please authenticate using MongoClient.connect with auth credentials.","timestamp":"10:20:22 AM"}
{"level":"warn","message":"Db.prototype.authenticate method will no longer be available in the next major release 3.x as MongoDB 3.6 will only allow auth against users in the admin db and will no longer allow multiple credentials on a socket. Please authenticate using MongoClient.connect with auth credentials.","timestamp":"10:20:22 AM"}
{"level":"warn","message":"Db.prototype.authenticate method will no longer be available in the next major release 3.x as MongoDB 3.6 will only allow auth against users in the admin db and will no longer allow multiple credentials on a socket. Please authenticate using MongoClient.connect with auth credentials.","timestamp":"10:20:22 AM"}
{"level":"warn","message":"Db.prototype.authenticate method will no longer be available in the next major release 3.x as MongoDB 3.6 will only allow auth against users in the admin db and will no longer allow multiple credentials on a socket. Please authenticate using MongoClient.connect with auth credentials.","timestamp":"10:20:22 AM"}
{"level":"warn","message":"Db.prototype.authenticate method will no longer be available in the next major release 3.x as MongoDB 3.6 will only allow auth against users in the admin db and will no longer allow multiple credentials on a socket. Please authenticate using MongoClient.connect with auth credentials.","timestamp":"10:20:22 AM"}
{"level":"warn","message":"Db.prototype.authenticate method will no longer be available in the next major release 3.x as MongoDB 3.6 will only allow auth against users in the admin db and will no longer allow multiple credentials on a socket. Please authenticate using MongoClient.connect with auth credentials.","timestamp":"10:20:22 AM"}
{"level":"warn","message":"Db.prototype.authenticate method will no longer be available in the next major release 3.x as MongoDB 3.6 will only allow auth against users in the admin db and will no longer allow multiple credentials on a socket. Please authenticate using MongoClient.connect with auth credentials.","timestamp":"10:20:22 AM"}
{"level":"warn","message":"Db.prototype.authenticate method will no longer be available in the next major release 3.x as MongoDB 3.6 will only allow auth against users in the admin db and will no longer allow multiple credentials on a socket. Please authenticate using MongoClient.connect with auth credentials.","timestamp":"10:20:22 AM"}
{"level":"error","message":"(node:5320) UnhandledPromiseRejectionWarning: Unhandled promise rejection (rejection id: 1): MongoError: E11000 duplicate key error collection: lm-api-qa.sync_contacts index: Sync_Contact_Id_1 dup key: { : null }","timestamp":"10:20:22 AM"}
{"level":"error","message":"(node:5320) UnhandledPromiseRejectionWarning: Unhandled promise rejection (rejection id: 2): MongoError: Index: { v: 2, unique: true, key: { Doc_Log_Id: 1 }, name: \"Doc_Log_Id_1\", ns: \"lm-api-qa.posp_doc_logs\", background: true } already exists with different options: { v: 2, key: { Doc_Log_Id: 1 }, name: \"Doc_Log_Id\", ns: \"lm-api-qa.posp_doc_logs\" }","timestamp":"10:20:22 AM"}
{"level":"error","message":"(node:5320) UnhandledPromiseRejectionWarning: Unhandled promise rejection (rejection id: 3): MongoError: Index with name: Posp_Id_1 already exists with different options","timestamp":"10:20:22 AM"}
{"level":"error","message":"(node:5320) UnhandledPromiseRejectionWarning: Unhandled promise rejection (rejection id: 4): MongoError: E11000 duplicate key error collection: lm-api-qa.credentials index: Credential_Id_1 dup key: { : null }","timestamp":"10:20:22 AM"}
{"level":"error","message":"(node:5320) UnhandledPromiseRejectionWarning: Unhandled promise rejection (rejection id: 5): MongoError: E11000 duplicate key error collection: lm-api-qa.offline_transactions index: Transaction_Id_1 dup key: { : null }","timestamp":"10:20:22 AM"}
{"level":"error","message":"LOG REFERER YTD undefined ::1 undefined","timestamp":"10:20:46 AM"}
{"level":"error","message":"ReferenceError: filter is not defined\n    at D:\\Suyash Files\\SourceCode\\controllers\\onboarding.js:15469:44\n    at Layer.handle [as handle_request] (D:\\Suyash Files\\SourceCode\\node_modules\\express\\lib\\router\\layer.js:95:5)\n    at next (D:\\Suyash Files\\SourceCode\\node_modules\\express\\lib\\router\\route.js:131:13)\n    at Route.dispatch (D:\\Suyash Files\\SourceCode\\node_modules\\express\\lib\\router\\route.js:112:3)\n    at Layer.handle [as handle_request] (D:\\Suyash Files\\SourceCode\\node_modules\\express\\lib\\router\\layer.js:95:5)\n    at D:\\Suyash Files\\SourceCode\\node_modules\\express\\lib\\router\\index.js:277:22\n    at Function.process_params (D:\\Suyash Files\\SourceCode\\node_modules\\express\\lib\\router\\index.js:330:12)\n    at next (D:\\Suyash Files\\SourceCode\\node_modules\\express\\lib\\router\\index.js:271:10)\n    at cors (D:\\Suyash Files\\SourceCode\\node_modules\\cors\\lib\\index.js:188:7)\n    at D:\\Suyash Files\\SourceCode\\node_modules\\cors\\lib\\index.js:224:17\n    at originCallback (D:\\Suyash Files\\SourceCode\\node_modules\\cors\\lib\\index.js:214:15)\n    at D:\\Suyash Files\\SourceCode\\node_modules\\cors\\lib\\index.js:219:13\n    at optionsCallback (D:\\Suyash Files\\SourceCode\\node_modules\\cors\\lib\\index.js:199:9)\n    at corsMiddleware (D:\\Suyash Files\\SourceCode\\node_modules\\cors\\lib\\index.js:204:7)\n    at Layer.handle [as handle_request] (D:\\Suyash Files\\SourceCode\\node_modules\\express\\lib\\router\\layer.js:95:5)\n    at trim_prefix (D:\\Suyash Files\\SourceCode\\node_modules\\express\\lib\\router\\index.js:312:13)\n    at D:\\Suyash Files\\SourceCode\\node_modules\\express\\lib\\router\\index.js:280:7\n    at Function.process_params (D:\\Suyash Files\\SourceCode\\node_modules\\express\\lib\\router\\index.js:330:12)\n    at next (D:\\Suyash Files\\SourceCode\\node_modules\\express\\lib\\router\\index.js:271:10)\n    at D:\\Suyash Files\\SourceCode\\node_modules\\express\\lib\\router\\index.js:618:15\n    at next (D:\\Suyash Files\\SourceCode\\node_modules\\express\\lib\\router\\index.js:256:14)\n    at Function.handle (D:\\Suyash Files\\SourceCode\\node_modules\\express\\lib\\router\\index.js:176:3)","timestamp":"10:20:46 AM"}
{"level":"error","message":"LOG REFERER YTD undefined ::ffff:127.0.0.1 undefined","timestamp":"10:24:26 AM"}
{"level":"error","message":"LOG REFERER YTD http://localhost:7000/ ::1 string","timestamp":"10:24:27 AM"}
{"level":"error","message":"LOG REFERER YTD http://localhost:7000/ ::1 string","timestamp":"10:24:27 AM"}
{"level":"error","message":"LOG REFERER YTD http://localhost:7000/ ::1 string","timestamp":"10:24:45 AM"}
{"level":"error","message":"LOG REFERER YTD http://localhost:7000/ ::1 string","timestamp":"10:24:45 AM"}
{"level":"error","message":"LOG REFERER YTD http://localhost:7000/ ::1 string","timestamp":"10:24:45 AM"}
{"level":"error","message":"LOG REFERER YTD http://localhost:7000/ ::1 string","timestamp":"10:24:45 AM"}
{"level":"warn","message":"Db.prototype.authenticate method will no longer be available in the next major release 3.x as MongoDB 3.6 will only allow auth against users in the admin db and will no longer allow multiple credentials on a socket. Please authenticate using MongoClient.connect with auth credentials.","timestamp":"10:27:04 AM"}
{"level":"warn","message":"Db.prototype.authenticate method will no longer be available in the next major release 3.x as MongoDB 3.6 will only allow auth against users in the admin db and will no longer allow multiple credentials on a socket. Please authenticate using MongoClient.connect with auth credentials.","timestamp":"10:27:04 AM"}
{"level":"warn","message":"Db.prototype.authenticate method will no longer be available in the next major release 3.x as MongoDB 3.6 will only allow auth against users in the admin db and will no longer allow multiple credentials on a socket. Please authenticate using MongoClient.connect with auth credentials.","timestamp":"10:27:04 AM"}
{"level":"warn","message":"Db.prototype.authenticate method will no longer be available in the next major release 3.x as MongoDB 3.6 will only allow auth against users in the admin db and will no longer allow multiple credentials on a socket. Please authenticate using MongoClient.connect with auth credentials.","timestamp":"10:27:04 AM"}
{"level":"warn","message":"Db.prototype.authenticate method will no longer be available in the next major release 3.x as MongoDB 3.6 will only allow auth against users in the admin db and will no longer allow multiple credentials on a socket. Please authenticate using MongoClient.connect with auth credentials.","timestamp":"10:27:04 AM"}
{"level":"warn","message":"Db.prototype.authenticate method will no longer be available in the next major release 3.x as MongoDB 3.6 will only allow auth against users in the admin db and will no longer allow multiple credentials on a socket. Please authenticate using MongoClient.connect with auth credentials.","timestamp":"10:27:04 AM"}
{"level":"warn","message":"Db.prototype.authenticate method will no longer be available in the next major release 3.x as MongoDB 3.6 will only allow auth against users in the admin db and will no longer allow multiple credentials on a socket. Please authenticate using MongoClient.connect with auth credentials.","timestamp":"10:27:04 AM"}
{"level":"warn","message":"Db.prototype.authenticate method will no longer be available in the next major release 3.x as MongoDB 3.6 will only allow auth against users in the admin db and will no longer allow multiple credentials on a socket. Please authenticate using MongoClient.connect with auth credentials.","timestamp":"10:27:04 AM"}
{"level":"warn","message":"Db.prototype.authenticate method will no longer be available in the next major release 3.x as MongoDB 3.6 will only allow auth against users in the admin db and will no longer allow multiple credentials on a socket. Please authenticate using MongoClient.connect with auth credentials.","timestamp":"10:27:04 AM"}
{"level":"warn","message":"Db.prototype.authenticate method will no longer be available in the next major release 3.x as MongoDB 3.6 will only allow auth against users in the admin db and will no longer allow multiple credentials on a socket. Please authenticate using MongoClient.connect with auth credentials.","timestamp":"10:27:04 AM"}
{"level":"warn","message":"Db.prototype.authenticate method will no longer be available in the next major release 3.x as MongoDB 3.6 will only allow auth against users in the admin db and will no longer allow multiple credentials on a socket. Please authenticate using MongoClient.connect with auth credentials.","timestamp":"10:27:04 AM"}
{"level":"warn","message":"Db.prototype.authenticate method will no longer be available in the next major release 3.x as MongoDB 3.6 will only allow auth against users in the admin db and will no longer allow multiple credentials on a socket. Please authenticate using MongoClient.connect with auth credentials.","timestamp":"10:27:04 AM"}
{"level":"warn","message":"Db.prototype.authenticate method will no longer be available in the next major release 3.x as MongoDB 3.6 will only allow auth against users in the admin db and will no longer allow multiple credentials on a socket. Please authenticate using MongoClient.connect with auth credentials.","timestamp":"10:27:04 AM"}
{"level":"warn","message":"Db.prototype.authenticate method will no longer be available in the next major release 3.x as MongoDB 3.6 will only allow auth against users in the admin db and will no longer allow multiple credentials on a socket. Please authenticate using MongoClient.connect with auth credentials.","timestamp":"10:27:04 AM"}
{"level":"warn","message":"Db.prototype.authenticate method will no longer be available in the next major release 3.x as MongoDB 3.6 will only allow auth against users in the admin db and will no longer allow multiple credentials on a socket. Please authenticate using MongoClient.connect with auth credentials.","timestamp":"10:27:04 AM"}
{"level":"warn","message":"Db.prototype.authenticate method will no longer be available in the next major release 3.x as MongoDB 3.6 will only allow auth against users in the admin db and will no longer allow multiple credentials on a socket. Please authenticate using MongoClient.connect with auth credentials.","timestamp":"10:27:04 AM"}
{"level":"warn","message":"Db.prototype.authenticate method will no longer be available in the next major release 3.x as MongoDB 3.6 will only allow auth against users in the admin db and will no longer allow multiple credentials on a socket. Please authenticate using MongoClient.connect with auth credentials.","timestamp":"10:27:04 AM"}
{"level":"warn","message":"Db.prototype.authenticate method will no longer be available in the next major release 3.x as MongoDB 3.6 will only allow auth against users in the admin db and will no longer allow multiple credentials on a socket. Please authenticate using MongoClient.connect with auth credentials.","timestamp":"10:27:04 AM"}
{"level":"warn","message":"Db.prototype.authenticate method will no longer be available in the next major release 3.x as MongoDB 3.6 will only allow auth against users in the admin db and will no longer allow multiple credentials on a socket. Please authenticate using MongoClient.connect with auth credentials.","timestamp":"10:27:04 AM"}
{"level":"warn","message":"Db.prototype.authenticate method will no longer be available in the next major release 3.x as MongoDB 3.6 will only allow auth against users in the admin db and will no longer allow multiple credentials on a socket. Please authenticate using MongoClient.connect with auth credentials.","timestamp":"10:27:04 AM"}
{"level":"warn","message":"Db.prototype.authenticate method will no longer be available in the next major release 3.x as MongoDB 3.6 will only allow auth against users in the admin db and will no longer allow multiple credentials on a socket. Please authenticate using MongoClient.connect with auth credentials.","timestamp":"10:27:04 AM"}
{"level":"warn","message":"Db.prototype.authenticate method will no longer be available in the next major release 3.x as MongoDB 3.6 will only allow auth against users in the admin db and will no longer allow multiple credentials on a socket. Please authenticate using MongoClient.connect with auth credentials.","timestamp":"10:27:04 AM"}
{"level":"warn","message":"Db.prototype.authenticate method will no longer be available in the next major release 3.x as MongoDB 3.6 will only allow auth against users in the admin db and will no longer allow multiple credentials on a socket. Please authenticate using MongoClient.connect with auth credentials.","timestamp":"10:27:04 AM"}
{"level":"warn","message":"Db.prototype.authenticate method will no longer be available in the next major release 3.x as MongoDB 3.6 will only allow auth against users in the admin db and will no longer allow multiple credentials on a socket. Please authenticate using MongoClient.connect with auth credentials.","timestamp":"10:27:04 AM"}
{"level":"warn","message":"Db.prototype.authenticate method will no longer be available in the next major release 3.x as MongoDB 3.6 will only allow auth against users in the admin db and will no longer allow multiple credentials on a socket. Please authenticate using MongoClient.connect with auth credentials.","timestamp":"10:27:04 AM"}
{"level":"warn","message":"Db.prototype.authenticate method will no longer be available in the next major release 3.x as MongoDB 3.6 will only allow auth against users in the admin db and will no longer allow multiple credentials on a socket. Please authenticate using MongoClient.connect with auth credentials.","timestamp":"10:27:04 AM"}
{"level":"warn","message":"Db.prototype.authenticate method will no longer be available in the next major release 3.x as MongoDB 3.6 will only allow auth against users in the admin db and will no longer allow multiple credentials on a socket. Please authenticate using MongoClient.connect with auth credentials.","timestamp":"10:27:04 AM"}
{"level":"warn","message":"Db.prototype.authenticate method will no longer be available in the next major release 3.x as MongoDB 3.6 will only allow auth against users in the admin db and will no longer allow multiple credentials on a socket. Please authenticate using MongoClient.connect with auth credentials.","timestamp":"10:27:04 AM"}
{"level":"error","message":"(node:18904) UnhandledPromiseRejectionWarning: Unhandled promise rejection (rejection id: 1): MongoError: E11000 duplicate key error collection: lm-api-qa.sync_contacts index: Sync_Contact_Id_1 dup key: { : null }","timestamp":"10:27:04 AM"}
{"level":"error","message":"(node:18904) UnhandledPromiseRejectionWarning: Unhandled promise rejection (rejection id: 2): MongoError: Index with name: Posp_Id_1 already exists with different options","timestamp":"10:27:04 AM"}
{"level":"error","message":"(node:18904) UnhandledPromiseRejectionWarning: Unhandled promise rejection (rejection id: 3): MongoError: Index: { v: 2, unique: true, key: { Doc_Log_Id: 1 }, name: \"Doc_Log_Id_1\", ns: \"lm-api-qa.posp_doc_logs\", background: true } already exists with different options: { v: 2, key: { Doc_Log_Id: 1 }, name: \"Doc_Log_Id\", ns: \"lm-api-qa.posp_doc_logs\" }","timestamp":"10:27:04 AM"}
{"level":"error","message":"(node:18904) UnhandledPromiseRejectionWarning: Unhandled promise rejection (rejection id: 4): MongoError: E11000 duplicate key error collection: lm-api-qa.credentials index: Credential_Id_1 dup key: { : null }","timestamp":"10:27:05 AM"}
{"level":"error","message":"(node:18904) UnhandledPromiseRejectionWarning: Unhandled promise rejection (rejection id: 5): MongoError: E11000 duplicate key error collection: lm-api-qa.offline_transactions index: Transaction_Id_1 dup key: { : null }","timestamp":"10:27:05 AM"}
{"level":"error","message":"LOG REFERER YTD undefined ::1 undefined","timestamp":"10:27:10 AM"}
{"level":"error","message":"LOG REFERER YTD http://localhost:7000/ ::1 string","timestamp":"10:34:48 AM"}
{"level":"error","message":"LOG REFERER YTD http://localhost:7000/ ::1 string","timestamp":"10:35:42 AM"}
{"level":"error","message":"LOG REFERER YTD http://localhost:7000/ ::1 string","timestamp":"10:37:55 AM"}
{"level":"error","message":"LOG REFERER YTD http://localhost:7000/ ::1 string","timestamp":"10:41:06 AM"}
{"level":"error","message":"LOG REFERER YTD http://localhost:7000/ ::1 string","timestamp":"10:41:33 AM"}
{"level":"error","message":"LOG REFERER YTD http://localhost:7000/ ::1 string","timestamp":"10:41:52 AM"}
{"level":"error","message":"LOG REFERER YTD http://localhost:7000/ ::1 string","timestamp":"10:42:14 AM"}
{"level":"error","message":"LOG REFERER YTD http://localhost:7000/ ::1 string","timestamp":"10:42:54 AM"}
{"level":"error","message":"LOG REFERER YTD http://localhost:7000/ ::1 string","timestamp":"10:43:05 AM"}
{"level":"error","message":"LOG REFERER YTD http://localhost:7000/ ::1 string","timestamp":"10:45:04 AM"}
{"level":"error","message":"LOG REFERER YTD http://localhost:7000/ ::1 string","timestamp":"10:47:57 AM"}
{"level":"error","message":"LOG REFERER YTD http://localhost:7000/ ::1 string","timestamp":"10:48:19 AM"}
{"level":"error","message":"LOG REFERER YTD http://localhost:7000/ ::1 string","timestamp":"10:48:25 AM"}
{"level":"error","message":"LOG REFERER YTD http://localhost:7000/ ::1 string","timestamp":"11:09:33 AM"}
{"level":"error","message":"LOG REFERER YTD http://localhost:7000/ ::1 string","timestamp":"11:09:47 AM"}
{"level":"error","message":"LOG REFERER YTD http://localhost:7000/ ::1 string","timestamp":"11:10:25 AM"}
{"level":"error","message":"LOG REFERER YTD http://localhost:7000/ ::1 string","timestamp":"11:12:26 AM"}
{"level":"error","message":"LOG REFERER YTD http://localhost:7000/ ::1 string","timestamp":"11:12:36 AM"}
{"level":"error","message":"LOG REFERER YTD http://localhost:7000/ ::1 string","timestamp":"11:14:08 AM"}
{"level":"error","message":"LOG REFERER YTD http://localhost:7000/ ::1 string","timestamp":"11:15:32 AM"}
{"level":"error","message":"LOG REFERER YTD http://localhost:7000/ ::1 string","timestamp":"11:17:20 AM"}
{"level":"error","message":"LOG REFERER YTD http://localhost:7000/ ::1 string","timestamp":"11:19:07 AM"}
{"level":"error","message":"LOG REFERER YTD http://localhost:7000/ ::1 string","timestamp":"11:19:50 AM"}
{"level":"error","message":"LOG REFERER YTD http://localhost:7000/ ::1 string","timestamp":"11:20:54 AM"}
{"level":"error","message":"LOG REFERER YTD http://localhost:7000/ ::1 string","timestamp":"11:29:13 AM"}
{"level":"error","message":"LOG REFERER YTD http://localhost:7000/ ::1 string","timestamp":"11:30:35 AM"}
{"level":"error","message":"LOG REFERER YTD http://localhost:7000/ ::1 string","timestamp":"11:31:57 AM"}
{"level":"error","message":"LOG REFERER YTD http://localhost:7000/ ::1 string","timestamp":"11:34:03 AM"}
{"level":"error","message":"LOG REFERER YTD http://localhost:7000/ ::1 string","timestamp":"11:34:28 AM"}
{"level":"error","message":"LOG REFERER YTD http://localhost:7000/ ::1 string","timestamp":"11:38:26 AM"}
{"level":"error","message":"LOG REFERER YTD undefined ::ffff:127.0.0.1 undefined","timestamp":"11:38:51 AM"}
{"level":"error","message":"LOG REFERER YTD http://localhost:7000/ ::1 string","timestamp":"11:38:52 AM"}
{"level":"error","message":"LOG REFERER YTD http://localhost:7000/ ::1 string","timestamp":"11:38:52 AM"}
{"level":"error","message":"LOG REFERER YTD http://localhost:7000/ ::1 string","timestamp":"11:38:58 AM"}
{"level":"error","message":"LOG REFERER YTD http://localhost:7000/ ::1 string","timestamp":"11:38:58 AM"}
{"level":"error","message":"LOG REFERER YTD http://localhost:7000/ ::1 string","timestamp":"11:44:27 AM"}
{"level":"error","message":"LOG REFERER YTD http://localhost:7000/ ::1 string","timestamp":"11:44:27 AM"}
{"level":"error","message":"LOG REFERER YTD http://localhost:7000/ ::1 string","timestamp":"11:44:30 AM"}
{"level":"error","message":"LOG REFERER YTD http://localhost:7000/ ::1 string","timestamp":"11:44:57 AM"}
