{"level":"info","message":"$$$$$$$$$$$$$$$$$$$$$$$$","timestamp":"10:54:56 AM"}
{"meta":"","level":"info","message":"","timestamp":"10:54:56 AM"}
{"level":"info","message":"Development Environment is Listening on port 3000","timestamp":"10:54:56 AM"}
{"level":"info","message":"Web URL : http://localhost:3000","timestamp":"10:54:56 AM"}
{"meta":"","level":"info","message":"","timestamp":"10:54:56 AM"}
{"level":"info","message":"$$$$$$$$$$$$$$$$$$$$$$$$","timestamp":"10:54:56 AM"}
{"meta":"","level":"info","message":"","timestamp":"10:54:56 AM"}
{"level":"info","message":"$$$$$$$$$$$$$$$$$$$$$$$$","timestamp":"10:57:56 AM"}
{"meta":"","level":"info","message":"","timestamp":"10:57:56 AM"}
{"level":"info","message":"Development Environment is Listening on port 3000","timestamp":"10:57:56 AM"}
{"level":"info","message":"Web URL : http://localhost:3000","timestamp":"10:57:56 AM"}
{"meta":"","level":"info","message":"","timestamp":"10:57:56 AM"}
{"level":"info","message":"$$$$$$$$$$$$$$$$$$$$$$$$","timestamp":"10:57:56 AM"}
{"meta":"","level":"info","message":"","timestamp":"10:57:56 AM"}
{"level":"info","message":"{ ___permanent_address_1___: 'Mumbai',\n  ___permanent_address_2___: 'KJHKJHKJH',\n  ___permanent_address_3___: 'JKHJKHKJH',\n  ___permanent_city___: 'HYDERABAD',\n  ___permanent_pincode___: '500001',\n  ___is_reg_addr_comm_addr_same___: 'yes',\n  ___communication_address_1___: 'RFVCD',\n  ___communication_address_2___: 'KJHKJHKJH',\n  ___communication_address_3___: 'JKHJKHKJH',\n  ___communication_city___: 'HYDERABAD',\n  ___communication_pincode___: '500001' }","timestamp":"11:03:50 AM"}
{"level":"info","message":"https://preprod-digitpolicyissuance.godigit.com/endo/v1/g91/endorsement/?source=CD","timestamp":"11:03:50 AM"}
{"level":"info","message":"{ person: [ { addresses: [Object] } ] }","timestamp":"11:03:50 AM"}
{"level":"info","message":"{ ___permanent_address_1___: 'RFVSSD',\n  ___permanent_address_2___: 'KJHKJHKJH',\n  ___permanent_address_3___: 'JKHJKHKJH',\n  ___permanent_city___: 'HYDERABAD',\n  ___permanent_pincode___: '500001',\n  ___is_reg_addr_comm_addr_same___: 'yes',\n  ___communication_address_1___: 'RFVCD',\n  ___communication_address_2___: 'KJHKJHKJH',\n  ___communication_address_3___: 'JKHJKHKJH',\n  ___communication_city___: 'HYDERABAD',\n  ___communication_pincode___: '500001' }","timestamp":"11:06:59 AM"}
{"level":"info","message":"https://preprod-digitpolicyissuance.godigit.com/endo/v1/g91/endorsement/?source=CD","timestamp":"11:06:59 AM"}
{"level":"info","message":"{ person: [ { addresses: [Object] } ] }","timestamp":"11:06:59 AM"}
{"level":"info","message":"{ ___permanent_address_1___: 'RFVCDA',\n  ___permanent_address_2___: 'KJHKJHKJH',\n  ___permanent_address_3___: 'JKHJKHKJH',\n  ___permanent_city___: 'HYDERABAD',\n  ___permanent_pincode___: '500001',\n  ___is_reg_addr_comm_addr_same___: 'yes',\n  ___communication_address_1___: 'RFVCD',\n  ___communication_address_2___: 'KJHKJHKJH',\n  ___communication_address_3___: 'JKHJKHKJH',\n  ___communication_city___: 'HYDERABAD',\n  ___communication_pincode___: '500001' }","timestamp":"11:08:47 AM"}
{"level":"info","message":"https://preprod-digitpolicyissuance.godigit.com/endo/v1/g91/endorsement/?source=CD","timestamp":"11:08:47 AM"}
{"level":"info","message":"{ person: [ { addresses: [Object] } ] }","timestamp":"11:08:47 AM"}
{"level":"info","message":"$$$$$$$$$$$$$$$$$$$$$$$$","timestamp":"11:18:49 AM"}
{"meta":"","level":"info","message":"","timestamp":"11:18:49 AM"}
{"level":"info","message":"Development Environment is Listening on port 3000","timestamp":"11:18:49 AM"}
{"level":"info","message":"Web URL : http://localhost:3000","timestamp":"11:18:49 AM"}
{"meta":"","level":"info","message":"","timestamp":"11:18:49 AM"}
{"level":"info","message":"$$$$$$$$$$$$$$$$$$$$$$$$","timestamp":"11:18:49 AM"}
{"meta":"","level":"info","message":"","timestamp":"11:18:49 AM"}
{"level":"info","message":"{ ___permanent_address_1___: 'RFVCDa',\n  ___permanent_address_2___: 'KJHKJHKJH',\n  ___permanent_address_3___: 'JKHJKHKJH',\n  ___permanent_city___: 'HYDERABAD',\n  ___permanent_pincode___: '500001',\n  ___is_reg_addr_comm_addr_same___: 'yes',\n  ___communication_address_1___: 'RFVCD',\n  ___communication_address_2___: 'KJHKJHKJH',\n  ___communication_address_3___: 'JKHJKHKJH',\n  ___communication_city___: 'HYDERABAD',\n  ___communication_pincode___: '500001' }","timestamp":"11:20:26 AM"}
{"level":"info","message":"https://preprod-digitpolicyissuance.godigit.com/endo/v1/g91/endorsement/?source=CD","timestamp":"11:20:26 AM"}
{"level":"info","message":"{ person: [ { addresses: [Object] } ] }","timestamp":"11:20:26 AM"}
{"level":"info","message":"$$$$$$$$$$$$$$$$$$$$$$$$","timestamp":"11:25:13 AM"}
{"meta":"","level":"info","message":"","timestamp":"11:25:13 AM"}
{"level":"info","message":"Development Environment is Listening on port 3000","timestamp":"11:25:13 AM"}
{"level":"info","message":"Web URL : http://localhost:3000","timestamp":"11:25:13 AM"}
{"meta":"","level":"info","message":"","timestamp":"11:25:13 AM"}
{"level":"info","message":"$$$$$$$$$$$$$$$$$$$$$$$$","timestamp":"11:25:13 AM"}
{"meta":"","level":"info","message":"","timestamp":"11:25:13 AM"}
{"level":"info","message":"{ ___permanent_address_1___: 'RFVCD',\n  ___permanent_address_2___: 'KJHKJHKJH',\n  ___permanent_address_3___: 'JKHJKHKJH',\n  ___permanent_city___: 'HYDERABAD',\n  ___permanent_pincode___: '500001',\n  ___is_reg_addr_comm_addr_same___: 'yes',\n  ___communication_address_1___: 'RFVCD',\n  ___communication_address_2___: 'KJHKJHKJH',\n  ___communication_address_3___: 'JKHJKHKJH',\n  ___communication_city___: 'HYDERABAD',\n  ___communication_pincode___: '500001' }","timestamp":"11:27:13 AM"}
{"level":"info","message":"https://preprod-digitpolicyissuance.godigit.com/endo/v1/g91/endorsement/?source=CD","timestamp":"11:27:13 AM"}
{"level":"info","message":"{ person: [ { addresses: [Object] } ] }","timestamp":"11:27:13 AM"}
{"level":"info","message":"{ ___mobile___: '788456348' }","timestamp":"11:30:58 AM"}
{"level":"info","message":"https://preprod-digitpolicyissuance.godigit.com/endo/v1/g91/endorsement/?source=CD","timestamp":"11:30:58 AM"}
{"level":"info","message":"{ person: [ { communications: [Object] } ] }","timestamp":"11:30:58 AM"}
{"level":"info","message":"{ ___email___: 'test@test' }","timestamp":"11:32:37 AM"}
{"level":"info","message":"https://preprod-digitpolicyissuance.godigit.com/endo/v1/g91/endorsement/?source=CD","timestamp":"11:32:37 AM"}
{"level":"info","message":"{ person: [ { communications: [Object] } ] }","timestamp":"11:32:37 AM"}
{"level":"info","message":"{ ___email___: 'test@test' }","timestamp":"11:37:30 AM"}
{"level":"info","message":"https://preprod-digitpolicyissuance.godigit.com/endo/v1/g91/endorsement/?source=CD","timestamp":"11:37:30 AM"}
{"level":"info","message":"{ person: [ { communications: [Object] } ] }","timestamp":"11:37:30 AM"}
{"level":"info","message":"{ ___email___: 'test@test.com' }","timestamp":"11:39:53 AM"}
{"level":"info","message":"https://preprod-digitpolicyissuance.godigit.com/endo/v1/g91/endorsement/?source=CD","timestamp":"11:39:53 AM"}
{"level":"info","message":"{ person: [ { communications: [Object] } ] }","timestamp":"11:39:53 AM"}
{"level":"info","message":"{ ___email___: 'test@test' }","timestamp":"11:42:17 AM"}
{"level":"info","message":"https://preprod-digitpolicyissuance.godigit.com/endo/v1/g91/endorsement/?source=CD","timestamp":"11:42:17 AM"}
{"level":"info","message":"{ person: [ { communications: [Object] } ] }","timestamp":"11:42:17 AM"}
{"level":"info","message":"{ ___permanent_address_1___: 'RFVCD',\n  ___permanent_address_2___: 'KJHKJHKJ@H',\n  ___permanent_address_3___: 'JKHJKHKJH',\n  ___permanent_city___: 'HYDERABAD',\n  ___permanent_pincode___: '500001',\n  ___is_reg_addr_comm_addr_same___: 'no',\n  ___communication_address_1___: 'RFVCD',\n  ___communication_address_2___: 'KJHKJHKJH',\n  ___communication_address_3___: 'JKHJKHKJH',\n  ___communication_city___: 'HYDERABAD',\n  ___communication_pincode___: '500001' }","timestamp":"1:56:17 PM"}
{"level":"info","message":"https://preprod-digitpolicyissuance.godigit.com/endo/v1/g91/endorsement/?source=CD","timestamp":"1:56:17 PM"}
{"level":"info","message":"{ person: [ { addresses: [Object] } ] }","timestamp":"1:56:17 PM"}
{"level":"info","message":"{ ___permanent_address_1___: 'RFVCD',\n  ___permanent_address_2___: 'KJHKJHKJH',\n  ___permanent_address_3___: 'JKHJKHKJH',\n  ___permanent_city___: 'HYDERAB@AD',\n  ___permanent_pincode___: '500001',\n  ___is_reg_addr_comm_addr_same___: 'yes',\n  ___communication_address_1___: 'RFVCD',\n  ___communication_address_2___: 'KJHKJHKJH',\n  ___communication_address_3___: 'JKHJKHKJH',\n  ___communication_city___: 'HYDERABAD',\n  ___communication_pincode___: '500001' }","timestamp":"1:57:26 PM"}
{"level":"info","message":"https://preprod-digitpolicyissuance.godigit.com/endo/v1/g91/endorsement/?source=CD","timestamp":"1:57:26 PM"}
{"level":"info","message":"{ person: [ { addresses: [Object] } ] }","timestamp":"1:57:26 PM"}
{"level":"info","message":"{ ___permanent_address_1___: 'RFVCD',\n  ___permanent_address_2___: 'KJHKJHKJH',\n  ___permanent_address_3___: 'JKHJKHKJH',\n  ___permanent_city___: 'HYDER@ABAD',\n  ___permanent_pincode___: '500001',\n  ___is_reg_addr_comm_addr_same___: 'yes',\n  ___communication_address_1___: 'RFVCD',\n  ___communication_address_2___: 'KJHKJHKJH',\n  ___communication_address_3___: 'JKHJKHKJH',\n  ___communication_city___: 'HYDERABAD',\n  ___communication_pincode___: '500001' }","timestamp":"2:02:16 PM"}
{"level":"info","message":"https://preprod-digitpolicyissuance.godigit.com/endo/v1/g91/endorsement/?source=CD","timestamp":"2:02:16 PM"}
{"level":"info","message":"{ person: [ { addresses: [Object] } ] }","timestamp":"2:02:16 PM"}
{"level":"info","message":"{ ___permanent_address_1___: 'RFVCD',\n  ___permanent_address_2___: 'KJHKJHKJH',\n  ___permanent_address_3___: 'JKHJKHKJH',\n  ___permanent_city___: 'HYDE@RABAD',\n  ___permanent_pincode___: '500001',\n  ___is_reg_addr_comm_addr_same___: 'yes',\n  ___communication_address_1___: 'RFVCD',\n  ___communication_address_2___: 'KJHKJHKJH',\n  ___communication_address_3___: 'JKHJKHKJH',\n  ___communication_city___: 'HYDERABAD',\n  ___communication_pincode___: '500001' }","timestamp":"2:05:19 PM"}
{"level":"info","message":"https://preprod-digitpolicyissuance.godigit.com/endo/v1/g91/endorsement/?source=CD","timestamp":"2:05:19 PM"}
{"level":"info","message":"{ person: [ { addresses: [Object] } ] }","timestamp":"2:05:19 PM"}
{"level":"info","message":"{ ___permanent_address_1___: 'RFVCD',\n  ___permanent_address_2___: 'KJHKJHKJH',\n  ___permanent_address_3___: 'JKHJKHKJH',\n  ___permanent_city___: 'HYDERABAD',\n  ___permanent_pincode___: '500001',\n  ___is_reg_addr_comm_addr_same___: 'no',\n  ___communication_address_1___: 'RFVCD',\n  ___communication_address_2___: 'KJHKJHKJH',\n  ___communication_address_3___: 'JKHJKHKJH',\n  ___communication_city___: 'HYDERABAD',\n  ___communication_pincode___: '500001' }","timestamp":"2:11:18 PM"}
{"level":"info","message":"https://preprod-digitpolicyissuance.godigit.com/endo/v1/g91/endorsement/?source=CD","timestamp":"2:11:18 PM"}
{"level":"info","message":"{ person: [ { addresses: [Object] } ] }","timestamp":"2:11:18 PM"}
{"level":"info","message":"{ ___mobile___: '7884563455' }","timestamp":"2:12:57 PM"}
{"level":"info","message":"https://preprod-digitpolicyissuance.godigit.com/endo/v1/g91/endorsement/?source=CD","timestamp":"2:12:57 PM"}
{"level":"info","message":"{ person: [ { communications: [Object] } ] }","timestamp":"2:12:57 PM"}
{"level":"info","message":"{ ___email___: 'test@test.com' }","timestamp":"2:18:05 PM"}
{"level":"info","message":"https://preprod-digitpolicyissuance.godigit.com/endo/v1/g91/endorsement/?source=CD","timestamp":"2:18:05 PM"}
{"level":"info","message":"{ person: [ { communications: [Object] } ] }","timestamp":"2:18:05 PM"}
{"level":"info","message":"{ ___email___: 'test@test.com' }","timestamp":"2:19:34 PM"}
{"level":"info","message":"https://preprod-digitpolicyissuance.godigit.com/endo/v1/g91/endorsement/?source=CD","timestamp":"2:19:34 PM"}
{"level":"info","message":"{ person: [ { communications: [Object] } ] }","timestamp":"2:19:34 PM"}
{"level":"info","message":"{ ___permanent_address_1___: 'RFVSSD',\n  ___permanent_address_2___: 'KJHKJHKJH',\n  ___permanent_address_3___: '',\n  ___permanent_city___: 'HYDERABAD',\n  ___permanent_pincode___: '500001',\n  ___is_reg_addr_comm_addr_same___: 'yes',\n  ___communication_address_1___: 'RFVCD',\n  ___communication_address_2___: 'KJHKJHKJH',\n  ___communication_address_3___: 'JKHJKHKJH',\n  ___communication_city___: 'HYDERABAD',\n  ___communication_pincode___: '500001' }","timestamp":"3:04:47 PM"}
{"level":"info","message":"https://preprod-digitpolicyissuance.godigit.com/endo/v1/g91/endorsement/?source=CD","timestamp":"3:04:47 PM"}
{"level":"info","message":"{ person: [ { addresses: [Object] } ] }","timestamp":"3:04:47 PM"}
{"level":"info","message":"user_detailsInsert null { result: { ok: 1, n: 1 },\n  ops: \n   [ { Ticket_Id: 2751,\n       Ticket_code: 'CAEN7268',\n       Product: 1,\n       Category: 'Endorsement',\n       SubCategory: 'Correction In Email Id',\n       From: 'Anuj Baliram Singh(110560)',\n       To: 'Anuj Baliram Singh(110560)',\n       Status: 'Open',\n       Created_By: 'Anuj Baliram Singh',\n       Created_On: 2024-01-19T09:49:18.537Z,\n       Modified_By: 8067,\n       Modified_On: 2024-01-19T09:49:18.537Z,\n       CRN: 1059707,\n       Mobile_No: '7687687687',\n       Vehicle_No: 'MH-02-AA-1234',\n       Remark: 'Email changes',\n       ss_id: 8067,\n       CRN_owner: '0',\n       fba_id: 56265,\n       CRN_fba_id: '0',\n       channel: 'DIRECT',\n       subchannel: 'DIRECT',\n       Agent_Email_Id: 'anuj.singh@policyboss.com',\n       Transaction_On: '2022-06-23T12:15:23.823Z',\n       Source: 'horizon',\n       RM_Email_Id: '',\n       RM_Agent_Name: 'POLICY BOSS WEBSITE',\n       Insurer_Id: 44,\n       _id: 65aa45a0a16f41315cc4502e } ],\n  insertedCount: 1,\n  insertedIds: [ 65aa45a0a16f41315cc4502e ] }","timestamp":"3:19:20 PM"}
{"level":"info","message":"TicketUpdated null CommandResult {\n  result: { n: 1, nModified: 1, ok: 1 },\n  connection: \n   Connection {\n     domain: null,\n     _events: \n      { close: [Object],\n        error: [Object],\n        timeout: [Object],\n        parseError: [Object] },\n     _eventsCount: 4,\n     _maxListeners: undefined,\n     options: \n      { host: '65.0.176.149',\n        port: 27017,\n        size: 5,\n        connectionTimeout: 30000,\n        socketTimeout: 30000,\n        keepAlive: true,\n        keepAliveInitialDelay: 0,\n        noDelay: true,\n        ssl: false,\n        checkServerIdentity: true,\n        ca: null,\n        cert: null,\n        key: null,\n        passPhrase: null,\n        rejectUnauthorized: false,\n        promoteLongs: true,\n        promoteValues: true,\n        promoteBuffers: false,\n        reconnect: true,\n        reconnectInterval: 1000,\n        reconnectTries: 30,\n        domainsEnabled: false,\n        disconnectHandler: [Object],\n        cursorFactory: [Object],\n        emitError: true,\n        socketOptions: {},\n        clientInfo: [Object],\n        readPreference: [Object],\n        promiseLibrary: [Function: Promise],\n        bson: BSON {} },\n     id: 2,\n     logger: Logger { className: 'Connection' },\n     bson: BSON {},\n     tag: undefined,\n     messageHandler: [Function],\n     maxBsonMessageSize: 67108864,\n     port: 27017,\n     host: '65.0.176.149',\n     keepAlive: true,\n     keepAliveInitialDelay: 0,\n     noDelay: true,\n     connectionTimeout: 30000,\n     socketTimeout: 30000,\n     destroyed: false,\n     domainSocket: false,\n     singleBufferSerializtion: true,\n     serializationFunction: 'toBinUnified',\n     ca: null,\n     cert: null,\n     key: null,\n     passphrase: null,\n     ssl: false,\n     rejectUnauthorized: false,\n     checkServerIdentity: true,\n     responseOptions: \n      { promoteLongs: true,\n        promoteValues: true,\n        promoteBuffers: false },\n     flushing: false,\n     queue: [],\n     connection: \n      Socket {\n        connecting: false,\n        _hadError: false,\n        _handle: [Object],\n        _parent: null,\n        _host: null,\n        _readableState: [Object],\n        readable: true,\n        domain: null,\n        _events: [Object],\n        _eventsCount: 8,\n        _maxListeners: undefined,\n        _writableState: [Object],\n        writable: true,\n        allowHalfOpen: false,\n        destroyed: false,\n        _bytesDispatched: 697,\n        _sockname: null,\n        _pendingData: null,\n        _pendingEncoding: '',\n        server: null,\n        _server: null,\n        _idleTimeout: 30000,\n        _idleNext: [Object],\n        _idlePrev: [Object],\n        _idleStart: 14070165,\n        read: [Function],\n        _consuming: true },\n     writeStream: null,\n     hashedName: '7dcd4ef3ecd47c37fdf12446987419743124214f',\n     workItems: [],\n     buffer: null,\n     sizeOfMessage: 0,\n     bytesRead: 0,\n     stubBuffer: null },\n  message: \n   Response {\n     parsed: true,\n     index: 75,\n     raw: <Buffer 4b 00 00 00 ab 88 c9 35 dc 0a 00 00 01 00 00 00 08 00 00 00 00 00 00 00 00 00 00 00 00 00 00 00 01 00 00 00 27 00 00 00 10 6e 00 01 00 00 00 10 6e 4d ... >,\n     data: <Buffer 4b 00 00 00 ab 88 c9 35 dc 0a 00 00 01 00 00 00 08 00 00 00 00 00 00 00 00 00 00 00 00 00 00 00 01 00 00 00 27 00 00 00 10 6e 00 01 00 00 00 10 6e 4d ... >,\n     bson: BSON {},\n     opts: \n      { promoteLongs: true,\n        promoteValues: true,\n        promoteBuffers: false },\n     length: 75,\n     requestId: 902400171,\n     responseTo: 2780,\n     responseFlags: 8,\n     cursorId: Long { _bsontype: 'Long', low_: 0, high_: 0 },\n     startingFrom: 0,\n     numberReturned: 1,\n     documents: [ [Object] ],\n     cursorNotFound: false,\n     queryFailure: false,\n     shardConfigStale: false,\n     awaitCapable: true,\n     promoteLongs: true,\n     promoteValues: true,\n     promoteBuffers: false,\n     hashedName: '7dcd4ef3ecd47c37fdf12446987419743124214f' } }","timestamp":"3:19:20 PM"}
{"level":"info","message":"emailupdate null { n: 1, nModified: 1, ok: 1 }","timestamp":"3:19:20 PM"}
{"level":"info","message":"$$$$$$$$$$$$$$$$$$$$$$$$","timestamp":"4:22:26 PM"}
{"meta":"","level":"info","message":"","timestamp":"4:22:26 PM"}
{"level":"info","message":"Development Environment is Listening on port 3000","timestamp":"4:22:26 PM"}
{"level":"info","message":"Web URL : http://localhost:3000","timestamp":"4:22:26 PM"}
{"meta":"","level":"info","message":"","timestamp":"4:22:26 PM"}
{"level":"info","message":"$$$$$$$$$$$$$$$$$$$$$$$$","timestamp":"4:22:26 PM"}
{"meta":"","level":"info","message":"","timestamp":"4:22:26 PM"}
