{"level":"info","message":"$$$$$$$$$$$$$$$$$$$$$$$$","timestamp":"10:10:06 AM"}
{"meta":"","level":"info","message":"","timestamp":"10:10:06 AM"}
{"level":"info","message":"Production_l Environment is Listening on port 3000","timestamp":"10:10:06 AM"}
{"level":"info","message":"Web URL : http://localhost:3000","timestamp":"10:10:06 AM"}
{"meta":"","level":"info","message":"","timestamp":"10:10:06 AM"}
{"level":"info","message":"$$$$$$$$$$$$$$$$$$$$$$$$","timestamp":"10:10:06 AM"}
{"meta":"","level":"info","message":"","timestamp":"10:10:06 AM"}
{"level":"info","message":"$$$$$$$$$$$$$$$$$$$$$$$$","timestamp":"3:18:35 PM"}
{"meta":"","level":"info","message":"","timestamp":"3:18:35 PM"}
{"level":"info","message":"Production Environment is Listening on port 3000","timestamp":"3:18:35 PM"}
{"level":"info","message":"Web URL : http://localhost:3000","timestamp":"3:18:35 PM"}
{"meta":"","level":"info","message":"","timestamp":"3:18:35 PM"}
{"level":"info","message":"$$$$$$$$$$$$$$$$$$$$$$$$","timestamp":"3:18:35 PM"}
{"meta":"","level":"info","message":"","timestamp":"3:18:35 PM"}
{"level":"info","message":"$$$$$$$$$$$$$$$$$$$$$$$$","timestamp":"3:40:50 PM"}
{"meta":"","level":"info","message":"","timestamp":"3:40:50 PM"}
{"level":"info","message":"Production Environment is Listening on port 3000","timestamp":"3:40:50 PM"}
{"level":"info","message":"Web URL : http://localhost:3000","timestamp":"3:40:50 PM"}
{"meta":"","level":"info","message":"","timestamp":"3:40:50 PM"}
{"level":"info","message":"$$$$$$$$$$$$$$$$$$$$$$$$","timestamp":"3:40:50 PM"}
{"meta":"","level":"info","message":"","timestamp":"3:40:50 PM"}
{"level":"info","message":"$$$$$$$$$$$$$$$$$$$$$$$$","timestamp":"3:44:02 PM"}
{"meta":"","level":"info","message":"","timestamp":"3:44:02 PM"}
{"level":"info","message":"Production Environment is Listening on port 3000","timestamp":"3:44:02 PM"}
{"level":"info","message":"Web URL : http://localhost:3000","timestamp":"3:44:02 PM"}
{"meta":"","level":"info","message":"","timestamp":"3:44:02 PM"}
{"level":"info","message":"$$$$$$$$$$$$$$$$$$$$$$$$","timestamp":"3:44:02 PM"}
{"meta":"","level":"info","message":"","timestamp":"3:44:02 PM"}
{"level":"info","message":"$$$$$$$$$$$$$$$$$$$$$$$$","timestamp":"3:45:32 PM"}
{"meta":"","level":"info","message":"","timestamp":"3:45:32 PM"}
{"level":"info","message":"Production Environment is Listening on port 3000","timestamp":"3:45:32 PM"}
{"level":"info","message":"Web URL : http://localhost:3000","timestamp":"3:45:32 PM"}
{"meta":"","level":"info","message":"","timestamp":"3:45:32 PM"}
{"level":"info","message":"$$$$$$$$$$$$$$$$$$$$$$$$","timestamp":"3:45:32 PM"}
{"meta":"","level":"info","message":"","timestamp":"3:45:32 PM"}
{"level":"info","message":"$$$$$$$$$$$$$$$$$$$$$$$$","timestamp":"3:46:33 PM"}
{"meta":"","level":"info","message":"","timestamp":"3:46:33 PM"}
{"level":"info","message":"Production Environment is Listening on port 3000","timestamp":"3:46:33 PM"}
{"level":"info","message":"Web URL : http://localhost:3000","timestamp":"3:46:33 PM"}
{"meta":"","level":"info","message":"","timestamp":"3:46:33 PM"}
{"level":"info","message":"$$$$$$$$$$$$$$$$$$$$$$$$","timestamp":"3:46:33 PM"}
{"meta":"","level":"info","message":"","timestamp":"3:46:33 PM"}
{"level":"info","message":"$$$$$$$$$$$$$$$$$$$$$$$$","timestamp":"3:54:33 PM"}
{"meta":"","level":"info","message":"","timestamp":"3:54:33 PM"}
{"level":"info","message":"Production Environment is Listening on port 3000","timestamp":"3:54:33 PM"}
{"level":"info","message":"Web URL : http://localhost:3000","timestamp":"3:54:33 PM"}
{"meta":"","level":"info","message":"","timestamp":"3:54:33 PM"}
{"level":"info","message":"$$$$$$$$$$$$$$$$$$$$$$$$","timestamp":"3:54:33 PM"}
{"meta":"","level":"info","message":"","timestamp":"3:54:33 PM"}
{"level":"info","message":"$$$$$$$$$$$$$$$$$$$$$$$$","timestamp":"3:57:48 PM"}
{"meta":"","level":"info","message":"","timestamp":"3:57:48 PM"}
{"level":"info","message":"Production Environment is Listening on port 3000","timestamp":"3:57:48 PM"}
{"level":"info","message":"Web URL : http://localhost:3000","timestamp":"3:57:48 PM"}
{"meta":"","level":"info","message":"","timestamp":"3:57:48 PM"}
{"level":"info","message":"$$$$$$$$$$$$$$$$$$$$$$$$","timestamp":"3:57:48 PM"}
{"meta":"","level":"info","message":"","timestamp":"3:57:48 PM"}
{"level":"info","message":"$$$$$$$$$$$$$$$$$$$$$$$$","timestamp":"3:58:44 PM"}
{"meta":"","level":"info","message":"","timestamp":"3:58:44 PM"}
{"level":"info","message":"Production Environment is Listening on port 3000","timestamp":"3:58:44 PM"}
{"level":"info","message":"Web URL : http://localhost:3000","timestamp":"3:58:44 PM"}
{"meta":"","level":"info","message":"","timestamp":"3:58:44 PM"}
{"level":"info","message":"$$$$$$$$$$$$$$$$$$$$$$$$","timestamp":"3:58:44 PM"}
{"meta":"","level":"info","message":"","timestamp":"3:58:44 PM"}
{"level":"info","message":"$$$$$$$$$$$$$$$$$$$$$$$$","timestamp":"4:20:17 PM"}
{"meta":"","level":"info","message":"","timestamp":"4:20:17 PM"}
{"level":"info","message":"Production Environment is Listening on port 3000","timestamp":"4:20:17 PM"}
{"level":"info","message":"Web URL : http://localhost:3000","timestamp":"4:20:17 PM"}
{"meta":"","level":"info","message":"","timestamp":"4:20:17 PM"}
{"level":"info","message":"$$$$$$$$$$$$$$$$$$$$$$$$","timestamp":"4:20:17 PM"}
{"meta":"","level":"info","message":"","timestamp":"4:20:17 PM"}
{"level":"info","message":"$$$$$$$$$$$$$$$$$$$$$$$$","timestamp":"4:21:29 PM"}
{"meta":"","level":"info","message":"","timestamp":"4:21:29 PM"}
{"level":"info","message":"Production Environment is Listening on port 3000","timestamp":"4:21:29 PM"}
{"level":"info","message":"Web URL : http://localhost:3000","timestamp":"4:21:29 PM"}
{"meta":"","level":"info","message":"","timestamp":"4:21:29 PM"}
{"level":"info","message":"$$$$$$$$$$$$$$$$$$$$$$$$","timestamp":"4:21:29 PM"}
{"meta":"","level":"info","message":"","timestamp":"4:21:29 PM"}
