{"level":"info","message":"$$$$$$$$$$$$$$$$$$$$$$$$","timestamp":"9:52:04 AM"}
{"meta":"","level":"info","message":"","timestamp":"9:52:04 AM"}
{"level":"info","message":"Production Environment is Listening on port 3000","timestamp":"9:52:04 AM"}
{"level":"info","message":"Web URL : http://localhost:3000","timestamp":"9:52:04 AM"}
{"meta":"","level":"info","message":"","timestamp":"9:52:04 AM"}
{"level":"info","message":"$$$$$$$$$$$$$$$$$$$$$$$$","timestamp":"9:52:04 AM"}
{"meta":"","level":"info","message":"","timestamp":"9:52:04 AM"}
{"level":"info","message":"$$$$$$$$$$$$$$$$$$$$$$$$","timestamp":"9:58:35 AM"}
{"meta":"","level":"info","message":"","timestamp":"9:58:35 AM"}
{"level":"info","message":"Production Environment is Listening on port 3000","timestamp":"9:58:35 AM"}
{"level":"info","message":"Web URL : http://localhost:3000","timestamp":"9:58:35 AM"}
{"meta":"","level":"info","message":"","timestamp":"9:58:35 AM"}
{"level":"info","message":"$$$$$$$$$$$$$$$$$$$$$$$$","timestamp":"9:58:35 AM"}
{"meta":"","level":"info","message":"","timestamp":"9:58:35 AM"}
{"level":"info","message":"$$$$$$$$$$$$$$$$$$$$$$$$","timestamp":"10:03:11 AM"}
{"meta":"","level":"info","message":"","timestamp":"10:03:11 AM"}
{"level":"info","message":"Production Environment is Listening on port 3000","timestamp":"10:03:11 AM"}
{"level":"info","message":"Web URL : http://localhost:3000","timestamp":"10:03:11 AM"}
{"meta":"","level":"info","message":"","timestamp":"10:03:11 AM"}
{"level":"info","message":"$$$$$$$$$$$$$$$$$$$$$$$$","timestamp":"10:03:11 AM"}
{"meta":"","level":"info","message":"","timestamp":"10:03:11 AM"}
{"level":"info","message":"$$$$$$$$$$$$$$$$$$$$$$$$","timestamp":"10:32:12 AM"}
{"meta":"","level":"info","message":"","timestamp":"10:32:12 AM"}
{"level":"info","message":"Production Environment is Listening on port 3000","timestamp":"10:32:12 AM"}
{"level":"info","message":"Web URL : http://localhost:3000","timestamp":"10:32:12 AM"}
{"meta":"","level":"info","message":"","timestamp":"10:32:12 AM"}
{"level":"info","message":"$$$$$$$$$$$$$$$$$$$$$$$$","timestamp":"10:32:12 AM"}
{"meta":"","level":"info","message":"","timestamp":"10:32:12 AM"}
{"level":"info","message":"$$$$$$$$$$$$$$$$$$$$$$$$","timestamp":"10:40:45 AM"}
{"meta":"","level":"info","message":"","timestamp":"10:40:45 AM"}
{"level":"info","message":"Production Environment is Listening on port 3000","timestamp":"10:40:45 AM"}
{"level":"info","message":"Web URL : http://localhost:3000","timestamp":"10:40:45 AM"}
{"meta":"","level":"info","message":"","timestamp":"10:40:45 AM"}
{"level":"info","message":"$$$$$$$$$$$$$$$$$$$$$$$$","timestamp":"10:40:45 AM"}
{"meta":"","level":"info","message":"","timestamp":"10:40:45 AM"}
{"level":"info","message":"$$$$$$$$$$$$$$$$$$$$$$$$","timestamp":"10:42:01 AM"}
{"meta":"","level":"info","message":"","timestamp":"10:42:01 AM"}
{"level":"info","message":"Production Environment is Listening on port 3000","timestamp":"10:42:01 AM"}
{"level":"info","message":"Web URL : http://localhost:3000","timestamp":"10:42:01 AM"}
{"meta":"","level":"info","message":"","timestamp":"10:42:01 AM"}
{"level":"info","message":"$$$$$$$$$$$$$$$$$$$$$$$$","timestamp":"10:42:01 AM"}
{"meta":"","level":"info","message":"","timestamp":"10:42:01 AM"}
{"level":"info","message":"$$$$$$$$$$$$$$$$$$$$$$$$","timestamp":"10:48:04 AM"}
{"meta":"","level":"info","message":"","timestamp":"10:48:04 AM"}
{"level":"info","message":"Production Environment is Listening on port 3000","timestamp":"10:48:04 AM"}
{"level":"info","message":"Web URL : http://localhost:3000","timestamp":"10:48:04 AM"}
{"meta":"","level":"info","message":"","timestamp":"10:48:04 AM"}
{"level":"info","message":"$$$$$$$$$$$$$$$$$$$$$$$$","timestamp":"10:48:04 AM"}
{"meta":"","level":"info","message":"","timestamp":"10:48:04 AM"}
{"level":"info","message":"$$$$$$$$$$$$$$$$$$$$$$$$","timestamp":"10:57:47 AM"}
{"meta":"","level":"info","message":"","timestamp":"10:57:47 AM"}
{"level":"info","message":"Production Environment is Listening on port 3000","timestamp":"10:57:47 AM"}
{"level":"info","message":"Web URL : http://localhost:3000","timestamp":"10:57:47 AM"}
{"meta":"","level":"info","message":"","timestamp":"10:57:47 AM"}
{"level":"info","message":"$$$$$$$$$$$$$$$$$$$$$$$$","timestamp":"10:57:47 AM"}
{"meta":"","level":"info","message":"","timestamp":"10:57:47 AM"}
{"level":"info","message":"**************************","timestamp":"11:07:51 AM"}
{"level":"info","message":"Main_Error { Error: listen EADDRINUSE :::3000\n    at Object.exports._errnoException (util.js:1022:11)\n    at exports._exceptionWithHostPort (util.js:1045:20)\n    at Server._listen2 (net.js:1259:14)\n    at listen (net.js:1295:10)\n    at Server.listen (net.js:1391:5)\n    at Object.<anonymous> (D:\\Suyash Files\\SourceCode\\bin\\www:35:8)\n    at Module._compile (module.js:570:32)\n    at Object.Module._extensions..js (module.js:579:10)\n    at Module.load (module.js:487:32)\n    at tryModuleLoad (module.js:446:12)\n    at Function.Module._load (module.js:438:3)\n    at Timeout.Module.runMain [as _onTimeout] (module.js:604:10)\n    at ontimeout (timers.js:365:14)\n    at tryOnTimeout (timers.js:237:5)\n    at Timer.listOnTimeout (timers.js:207:5)\n  code: 'EADDRINUSE',\n  errno: 'EADDRINUSE',\n  syscall: 'listen',\n  address: '::',\n  port: 3000 }","timestamp":"11:07:51 AM"}
{"level":"info","message":"**************************","timestamp":"11:07:51 AM"}
{"level":"info","message":"emp_data : ","timestamp":"2:13:13 PM"}
{"level":"info","message":"emp_data : ","timestamp":"2:13:14 PM"}
{"level":"info","message":"emp_data : ","timestamp":"2:13:14 PM"}
{"level":"info","message":"emp_data : ","timestamp":"2:13:15 PM"}
