{"level":"info","message":"$$$$$$$$$$$$$$$$$$$$$$$$","timestamp":"8:52:17 AM"}
{"meta":"","level":"info","message":"","timestamp":"8:52:17 AM"}
{"level":"info","message":"Development Environment is Listening on port 3000","timestamp":"8:52:17 AM"}
{"level":"info","message":"Web URL : http://localhost:3000","timestamp":"8:52:17 AM"}
{"meta":"","level":"info","message":"","timestamp":"8:52:17 AM"}
{"level":"info","message":"$$$$$$$$$$$$$$$$$$$$$$$$","timestamp":"8:52:17 AM"}
{"meta":"","level":"info","message":"","timestamp":"8:52:17 AM"}
{"level":"info","message":"$$$$$$$$$$$$$$$$$$$$$$$$","timestamp":"3:06:06 PM"}
{"meta":"","level":"info","message":"","timestamp":"3:06:06 PM"}
{"level":"info","message":"Development Environment is Listening on port 3000","timestamp":"3:06:06 PM"}
{"level":"info","message":"Web URL : http://localhost:3000","timestamp":"3:06:06 PM"}
{"meta":"","level":"info","message":"","timestamp":"3:06:06 PM"}
{"level":"info","message":"$$$$$$$$$$$$$$$$$$$$$$$$","timestamp":"3:06:06 PM"}
{"meta":"","level":"info","message":"","timestamp":"3:06:06 PM"}
{"level":"info","message":"$$$$$$$$$$$$$$$$$$$$$$$$","timestamp":"3:06:43 PM"}
{"meta":"","level":"info","message":"","timestamp":"3:06:43 PM"}
{"level":"info","message":"Development Environment is Listening on port 3000","timestamp":"3:06:43 PM"}
{"level":"info","message":"Web URL : http://localhost:3000","timestamp":"3:06:43 PM"}
{"meta":"","level":"info","message":"","timestamp":"3:06:43 PM"}
{"level":"info","message":"$$$$$$$$$$$$$$$$$$$$$$$$","timestamp":"3:06:43 PM"}
{"meta":"","level":"info","message":"","timestamp":"3:06:43 PM"}
{"level":"info","message":"$$$$$$$$$$$$$$$$$$$$$$$$","timestamp":"3:21:57 PM"}
{"meta":"","level":"info","message":"","timestamp":"3:21:57 PM"}
{"level":"info","message":"Development Environment is Listening on port 3000","timestamp":"3:21:57 PM"}
{"level":"info","message":"Web URL : http://localhost:3000","timestamp":"3:21:57 PM"}
{"meta":"","level":"info","message":"","timestamp":"3:21:57 PM"}
{"level":"info","message":"$$$$$$$$$$$$$$$$$$$$$$$$","timestamp":"3:21:57 PM"}
{"meta":"","level":"info","message":"","timestamp":"3:21:57 PM"}
{"level":"info","message":"$$$$$$$$$$$$$$$$$$$$$$$$","timestamp":"3:35:51 PM"}
{"meta":"","level":"info","message":"","timestamp":"3:35:51 PM"}
{"level":"info","message":"Development Environment is Listening on port 3000","timestamp":"3:35:51 PM"}
{"level":"info","message":"Web URL : http://localhost:3000","timestamp":"3:35:51 PM"}
{"meta":"","level":"info","message":"","timestamp":"3:35:51 PM"}
{"level":"info","message":"$$$$$$$$$$$$$$$$$$$$$$$$","timestamp":"3:35:51 PM"}
{"meta":"","level":"info","message":"","timestamp":"3:35:51 PM"}
