{"level":"info","message":"$$$$$$$$$$$$$$$$$$$$$$$$","timestamp":"9:11:20 AM"}
{"meta":"","level":"info","message":"","timestamp":"9:11:20 AM"}
{"level":"info","message":"Production Environment is Listening on port 3000","timestamp":"9:11:20 AM"}
{"level":"info","message":"Web URL : http://localhost:3000","timestamp":"9:11:20 AM"}
{"meta":"","level":"info","message":"","timestamp":"9:11:20 AM"}
{"level":"info","message":"$$$$$$$$$$$$$$$$$$$$$$$$","timestamp":"9:11:20 AM"}
{"meta":"","level":"info","message":"","timestamp":"9:11:20 AM"}
{"level":"info","message":"Connected to Database","timestamp":"9:11:20 AM"}
{"level":"info","message":"$$$$$$$$$$$$$$$$$$$$$$$$","timestamp":"9:21:56 AM"}
{"meta":"","level":"info","message":"","timestamp":"9:21:56 AM"}
{"level":"info","message":"Production Environment is Listening on port 3000","timestamp":"9:21:56 AM"}
{"level":"info","message":"Web URL : http://localhost:3000","timestamp":"9:21:56 AM"}
{"meta":"","level":"info","message":"","timestamp":"9:21:56 AM"}
{"level":"info","message":"$$$$$$$$$$$$$$$$$$$$$$$$","timestamp":"9:21:56 AM"}
{"meta":"","level":"info","message":"","timestamp":"9:21:56 AM"}
{"level":"info","message":"Connected to Database","timestamp":"9:21:57 AM"}
{"level":"info","message":"accessUserSsid [8067]","timestamp":"9:22:28 AM"}
{"level":"info","message":"$$$$$$$$$$$$$$$$$$$$$$$$","timestamp":"9:26:23 AM"}
{"meta":"","level":"info","message":"","timestamp":"9:26:23 AM"}
{"level":"info","message":"Production Environment is Listening on port 3000","timestamp":"9:26:23 AM"}
{"level":"info","message":"Web URL : http://localhost:3000","timestamp":"9:26:23 AM"}
{"meta":"","level":"info","message":"","timestamp":"9:26:23 AM"}
{"level":"info","message":"$$$$$$$$$$$$$$$$$$$$$$$$","timestamp":"9:26:23 AM"}
{"meta":"","level":"info","message":"","timestamp":"9:26:23 AM"}
{"level":"info","message":"Connected to Database","timestamp":"9:26:23 AM"}
{"level":"info","message":"accessUserSsid [8067]","timestamp":"9:26:39 AM"}
{"level":"info","message":"$$$$$$$$$$$$$$$$$$$$$$$$","timestamp":"9:30:24 AM"}
{"meta":"","level":"info","message":"","timestamp":"9:30:24 AM"}
{"level":"info","message":"Production Environment is Listening on port 3000","timestamp":"9:30:24 AM"}
{"level":"info","message":"Web URL : http://localhost:3000","timestamp":"9:30:24 AM"}
{"meta":"","level":"info","message":"","timestamp":"9:30:24 AM"}
{"level":"info","message":"$$$$$$$$$$$$$$$$$$$$$$$$","timestamp":"9:30:24 AM"}
{"meta":"","level":"info","message":"","timestamp":"9:30:24 AM"}
{"level":"info","message":"Connected to Database","timestamp":"9:30:24 AM"}
{"level":"info","message":"$$$$$$$$$$$$$$$$$$$$$$$$","timestamp":"9:31:11 AM"}
{"meta":"","level":"info","message":"","timestamp":"9:31:11 AM"}
{"level":"info","message":"Production Environment is Listening on port 3000","timestamp":"9:31:11 AM"}
{"level":"info","message":"Web URL : http://localhost:3000","timestamp":"9:31:11 AM"}
{"meta":"","level":"info","message":"","timestamp":"9:31:11 AM"}
{"level":"info","message":"$$$$$$$$$$$$$$$$$$$$$$$$","timestamp":"9:31:11 AM"}
{"meta":"","level":"info","message":"","timestamp":"9:31:11 AM"}
{"level":"info","message":"Connected to Database","timestamp":"9:31:12 AM"}
{"level":"info","message":"accessUserSsid [8067]","timestamp":"9:31:28 AM"}
{"level":"info","message":"$$$$$$$$$$$$$$$$$$$$$$$$","timestamp":"9:33:14 AM"}
{"meta":"","level":"info","message":"","timestamp":"9:33:14 AM"}
{"level":"info","message":"Production Environment is Listening on port 3000","timestamp":"9:33:14 AM"}
{"level":"info","message":"Web URL : http://localhost:3000","timestamp":"9:33:14 AM"}
{"meta":"","level":"info","message":"","timestamp":"9:33:14 AM"}
{"level":"info","message":"$$$$$$$$$$$$$$$$$$$$$$$$","timestamp":"9:33:14 AM"}
{"meta":"","level":"info","message":"","timestamp":"9:33:14 AM"}
{"level":"info","message":"Connected to Database","timestamp":"9:33:14 AM"}
{"level":"info","message":"$$$$$$$$$$$$$$$$$$$$$$$$","timestamp":"9:33:33 AM"}
{"meta":"","level":"info","message":"","timestamp":"9:33:33 AM"}
{"level":"info","message":"Production Environment is Listening on port 3000","timestamp":"9:33:33 AM"}
{"level":"info","message":"Web URL : http://localhost:3000","timestamp":"9:33:33 AM"}
{"meta":"","level":"info","message":"","timestamp":"9:33:33 AM"}
{"level":"info","message":"$$$$$$$$$$$$$$$$$$$$$$$$","timestamp":"9:33:33 AM"}
{"meta":"","level":"info","message":"","timestamp":"9:33:33 AM"}
{"level":"info","message":"Connected to Database","timestamp":"9:33:33 AM"}
{"level":"info","message":"accessUserSsid [8067]","timestamp":"9:33:49 AM"}
{"level":"info","message":"$$$$$$$$$$$$$$$$$$$$$$$$","timestamp":"9:54:29 AM"}
{"meta":"","level":"info","message":"","timestamp":"9:54:29 AM"}
{"level":"info","message":"Production Environment is Listening on port 3000","timestamp":"9:54:29 AM"}
{"level":"info","message":"Web URL : http://localhost:3000","timestamp":"9:54:29 AM"}
{"meta":"","level":"info","message":"","timestamp":"9:54:29 AM"}
{"level":"info","message":"$$$$$$$$$$$$$$$$$$$$$$$$","timestamp":"9:54:29 AM"}
{"meta":"","level":"info","message":"","timestamp":"9:54:29 AM"}
{"level":"info","message":"Connected to Database","timestamp":"9:54:29 AM"}
{"level":"info","message":"$$$$$$$$$$$$$$$$$$$$$$$$","timestamp":"10:05:42 AM"}
{"meta":"","level":"info","message":"","timestamp":"10:05:42 AM"}
{"level":"info","message":"Production Environment is Listening on port 3000","timestamp":"10:05:42 AM"}
{"level":"info","message":"Web URL : http://localhost:3000","timestamp":"10:05:42 AM"}
{"meta":"","level":"info","message":"","timestamp":"10:05:42 AM"}
{"level":"info","message":"$$$$$$$$$$$$$$$$$$$$$$$$","timestamp":"10:05:42 AM"}
{"meta":"","level":"info","message":"","timestamp":"10:05:42 AM"}
{"level":"info","message":"Connected to Database","timestamp":"10:05:42 AM"}
{"level":"info","message":"$$$$$$$$$$$$$$$$$$$$$$$$","timestamp":"12:05:17 PM"}
{"meta":"","level":"info","message":"","timestamp":"12:05:17 PM"}
{"level":"info","message":"Production Environment is Listening on port 3000","timestamp":"12:05:17 PM"}
{"level":"info","message":"Web URL : http://localhost:3000","timestamp":"12:05:17 PM"}
{"meta":"","level":"info","message":"","timestamp":"12:05:17 PM"}
{"level":"info","message":"$$$$$$$$$$$$$$$$$$$$$$$$","timestamp":"12:05:17 PM"}
{"meta":"","level":"info","message":"","timestamp":"12:05:17 PM"}
{"level":"info","message":"Connected to Database","timestamp":"12:05:17 PM"}
{"level":"info","message":"accessUserSsid [8067]","timestamp":"12:05:31 PM"}
{"level":"info","message":"Some required columns are missing","timestamp":"12:05:31 PM"}
{"level":"info","message":"accessUserSsid [8067]","timestamp":"12:06:12 PM"}
{"level":"info","message":"Some required columns are missing","timestamp":"12:06:12 PM"}
{"level":"info","message":"$$$$$$$$$$$$$$$$$$$$$$$$","timestamp":"12:07:26 PM"}
{"meta":"","level":"info","message":"","timestamp":"12:07:26 PM"}
{"level":"info","message":"Production Environment is Listening on port 3000","timestamp":"12:07:26 PM"}
{"level":"info","message":"Web URL : http://localhost:3000","timestamp":"12:07:26 PM"}
{"meta":"","level":"info","message":"","timestamp":"12:07:26 PM"}
{"level":"info","message":"$$$$$$$$$$$$$$$$$$$$$$$$","timestamp":"12:07:26 PM"}
{"meta":"","level":"info","message":"","timestamp":"12:07:26 PM"}
{"level":"info","message":"Connected to Database","timestamp":"12:07:26 PM"}
{"level":"info","message":"accessUserSsid [8067]","timestamp":"12:07:40 PM"}
{"level":"info","message":"Some required columns are missing","timestamp":"12:07:40 PM"}
{"level":"info","message":"$$$$$$$$$$$$$$$$$$$$$$$$","timestamp":"12:08:41 PM"}
{"meta":"","level":"info","message":"","timestamp":"12:08:41 PM"}
{"level":"info","message":"Production Environment is Listening on port 3000","timestamp":"12:08:41 PM"}
{"level":"info","message":"Web URL : http://localhost:3000","timestamp":"12:08:41 PM"}
{"meta":"","level":"info","message":"","timestamp":"12:08:41 PM"}
{"level":"info","message":"$$$$$$$$$$$$$$$$$$$$$$$$","timestamp":"12:08:41 PM"}
{"meta":"","level":"info","message":"","timestamp":"12:08:41 PM"}
{"level":"info","message":"Connected to Database","timestamp":"12:08:41 PM"}
{"level":"info","message":"accessUserSsid [8067]","timestamp":"12:08:55 PM"}
{"level":"info","message":"Some required columns are missing","timestamp":"12:08:55 PM"}
{"level":"info","message":"accessUserSsid [8067]","timestamp":"12:12:34 PM"}
{"level":"info","message":"Some required columns are missing","timestamp":"12:12:34 PM"}
{"level":"info","message":"accessUserSsid [8067]","timestamp":"12:15:57 PM"}
{"level":"info","message":"Some required columns are missing","timestamp":"12:15:57 PM"}
{"level":"info","message":"accessUserSsid [8067]","timestamp":"12:17:39 PM"}
{"level":"info","message":"Some required columns are missing","timestamp":"12:17:39 PM"}
{"level":"info","message":"accessUserSsid [8067]","timestamp":"1:48:13 PM"}
{"level":"info","message":"$$$$$$$$$$$$$$$$$$$$$$$$","timestamp":"2:06:01 PM"}
{"meta":"","level":"info","message":"","timestamp":"2:06:01 PM"}
{"level":"info","message":"Production Environment is Listening on port 3000","timestamp":"2:06:01 PM"}
{"level":"info","message":"Web URL : http://localhost:3000","timestamp":"2:06:01 PM"}
{"meta":"","level":"info","message":"","timestamp":"2:06:01 PM"}
{"level":"info","message":"$$$$$$$$$$$$$$$$$$$$$$$$","timestamp":"2:06:01 PM"}
{"meta":"","level":"info","message":"","timestamp":"2:06:01 PM"}
{"level":"info","message":"Connected to Database","timestamp":"2:06:01 PM"}
{"level":"info","message":"$$$$$$$$$$$$$$$$$$$$$$$$","timestamp":"2:07:07 PM"}
{"meta":"","level":"info","message":"","timestamp":"2:07:07 PM"}
{"level":"info","message":"Production Environment is Listening on port 3000","timestamp":"2:07:07 PM"}
{"level":"info","message":"Web URL : http://localhost:3000","timestamp":"2:07:07 PM"}
{"meta":"","level":"info","message":"","timestamp":"2:07:07 PM"}
{"level":"info","message":"$$$$$$$$$$$$$$$$$$$$$$$$","timestamp":"2:07:07 PM"}
{"meta":"","level":"info","message":"","timestamp":"2:07:07 PM"}
{"level":"info","message":"Connected to Database","timestamp":"2:07:08 PM"}
{"level":"info","message":"$$$$$$$$$$$$$$$$$$$$$$$$","timestamp":"2:13:01 PM"}
{"meta":"","level":"info","message":"","timestamp":"2:13:01 PM"}
{"level":"info","message":"Production Environment is Listening on port 3000","timestamp":"2:13:01 PM"}
{"level":"info","message":"Web URL : http://localhost:3000","timestamp":"2:13:01 PM"}
{"meta":"","level":"info","message":"","timestamp":"2:13:01 PM"}
{"level":"info","message":"$$$$$$$$$$$$$$$$$$$$$$$$","timestamp":"2:13:01 PM"}
{"meta":"","level":"info","message":"","timestamp":"2:13:01 PM"}
{"level":"info","message":"Connected to Database","timestamp":"2:13:01 PM"}
{"level":"info","message":"$$$$$$$$$$$$$$$$$$$$$$$$","timestamp":"2:39:06 PM"}
{"meta":"","level":"info","message":"","timestamp":"2:39:06 PM"}
{"level":"info","message":"Production Environment is Listening on port 3000","timestamp":"2:39:06 PM"}
{"level":"info","message":"Web URL : http://localhost:3000","timestamp":"2:39:06 PM"}
{"meta":"","level":"info","message":"","timestamp":"2:39:06 PM"}
{"level":"info","message":"$$$$$$$$$$$$$$$$$$$$$$$$","timestamp":"2:39:06 PM"}
{"meta":"","level":"info","message":"","timestamp":"2:39:06 PM"}
{"level":"info","message":"Connected to Database","timestamp":"2:39:07 PM"}
{"level":"info","message":"$$$$$$$$$$$$$$$$$$$$$$$$","timestamp":"2:49:40 PM"}
{"meta":"","level":"info","message":"","timestamp":"2:49:40 PM"}
{"level":"info","message":"Production Environment is Listening on port 3000","timestamp":"2:49:40 PM"}
{"level":"info","message":"Web URL : http://localhost:3000","timestamp":"2:49:40 PM"}
{"meta":"","level":"info","message":"","timestamp":"2:49:40 PM"}
{"level":"info","message":"$$$$$$$$$$$$$$$$$$$$$$$$","timestamp":"2:49:40 PM"}
{"meta":"","level":"info","message":"","timestamp":"2:49:40 PM"}
{"level":"info","message":"Connected to Database","timestamp":"2:49:41 PM"}
{"level":"info","message":"$$$$$$$$$$$$$$$$$$$$$$$$","timestamp":"2:50:32 PM"}
{"meta":"","level":"info","message":"","timestamp":"2:50:32 PM"}
{"level":"info","message":"Production Environment is Listening on port 3000","timestamp":"2:50:32 PM"}
{"level":"info","message":"Web URL : http://localhost:3000","timestamp":"2:50:32 PM"}
{"meta":"","level":"info","message":"","timestamp":"2:50:32 PM"}
{"level":"info","message":"$$$$$$$$$$$$$$$$$$$$$$$$","timestamp":"2:50:32 PM"}
{"meta":"","level":"info","message":"","timestamp":"2:50:32 PM"}
{"level":"info","message":"Connected to Database","timestamp":"2:50:32 PM"}
{"level":"info","message":"DateRange from 2024-08-21T18:30:00.000Z to 2024-08-22T18:30:00.000Z","timestamp":"3:27:51 PM"}
