{"level":"info","message":"$$$$$$$$$$$$$$$$$$$$$$$$","timestamp":"8:54:05 AM"}
{"meta":"","level":"info","message":"","timestamp":"8:54:05 AM"}
{"level":"info","message":"Production Environment is Listening on port 3000","timestamp":"8:54:05 AM"}
{"level":"info","message":"Web URL : http://localhost:3000","timestamp":"8:54:05 AM"}
{"meta":"","level":"info","message":"","timestamp":"8:54:05 AM"}
{"level":"info","message":"$$$$$$$$$$$$$$$$$$$$$$$$","timestamp":"8:54:05 AM"}
{"meta":"","level":"info","message":"","timestamp":"8:54:05 AM"}
{"level":"info","message":"2024-03-15T18:30:00.000Z 2024-03-16T18:30:00.000Z","timestamp":"8:54:57 AM"}
{"level":"info","message":"2024-03-15T18:30:00.000Z 2024-03-16T18:30:00.000Z","timestamp":"9:09:11 AM"}
{"level":"info","message":"2024-03-15T18:30:00.000Z 2024-03-16T18:30:00.000Z","timestamp":"9:42:56 AM"}
{"level":"info","message":"2024-03-15T18:30:00.000Z 2024-03-16T18:30:00.000Z","timestamp":"9:43:42 AM"}
{"level":"info","message":"2024-03-15T18:30:00.000Z 2024-03-16T18:30:00.000Z","timestamp":"9:58:08 AM"}
{"level":"info","message":"2024-03-15T18:30:00.000Z 2024-03-16T18:30:00.000Z","timestamp":"10:02:56 AM"}
{"level":"info","message":"2024-03-15T18:30:00.000Z 2024-03-16T18:30:00.000Z","timestamp":"10:07:39 AM"}
{"level":"info","message":"2024-03-15T18:30:00.000Z 2024-03-16T18:30:00.000Z","timestamp":"10:07:58 AM"}
{"level":"info","message":"$$$$$$$$$$$$$$$$$$$$$$$$","timestamp":"10:10:33 AM"}
{"meta":"","level":"info","message":"","timestamp":"10:10:33 AM"}
{"level":"info","message":"Production Environment is Listening on port 3000","timestamp":"10:10:33 AM"}
{"level":"info","message":"Web URL : http://localhost:3000","timestamp":"10:10:33 AM"}
{"meta":"","level":"info","message":"","timestamp":"10:10:33 AM"}
{"level":"info","message":"$$$$$$$$$$$$$$$$$$$$$$$$","timestamp":"10:10:33 AM"}
{"meta":"","level":"info","message":"","timestamp":"10:10:33 AM"}
{"level":"info","message":"$$$$$$$$$$$$$$$$$$$$$$$$","timestamp":"10:13:53 AM"}
{"meta":"","level":"info","message":"","timestamp":"10:13:53 AM"}
{"level":"info","message":"Production Environment is Listening on port 3000","timestamp":"10:13:53 AM"}
{"level":"info","message":"Web URL : http://localhost:3000","timestamp":"10:13:53 AM"}
{"meta":"","level":"info","message":"","timestamp":"10:13:53 AM"}
{"level":"info","message":"$$$$$$$$$$$$$$$$$$$$$$$$","timestamp":"10:13:53 AM"}
{"meta":"","level":"info","message":"","timestamp":"10:13:53 AM"}
{"level":"info","message":"$$$$$$$$$$$$$$$$$$$$$$$$","timestamp":"10:15:52 AM"}
{"meta":"","level":"info","message":"","timestamp":"10:15:52 AM"}
{"level":"info","message":"Production Environment is Listening on port 3000","timestamp":"10:15:52 AM"}
{"level":"info","message":"Web URL : http://localhost:3000","timestamp":"10:15:52 AM"}
{"meta":"","level":"info","message":"","timestamp":"10:15:52 AM"}
{"level":"info","message":"$$$$$$$$$$$$$$$$$$$$$$$$","timestamp":"10:15:52 AM"}
{"meta":"","level":"info","message":"","timestamp":"10:15:52 AM"}
