{"level":"info","message":"$$$$$$$$$$$$$$$$$$$$$$$$","timestamp":"9:12:16 AM"}
{"meta":"","level":"info","message":"","timestamp":"9:12:16 AM"}
{"level":"info","message":"Production Environment is Listening on port 3000","timestamp":"9:12:16 AM"}
{"level":"info","message":"Web URL : http://localhost:3000","timestamp":"9:12:16 AM"}
{"meta":"","level":"info","message":"","timestamp":"9:12:16 AM"}
{"level":"info","message":"$$$$$$$$$$$$$$$$$$$$$$$$","timestamp":"9:12:16 AM"}
{"meta":"","level":"info","message":"","timestamp":"9:12:16 AM"}
{"level":"info","message":"Connected to Database","timestamp":"9:12:16 AM"}
{"level":"info","message":"$$$$$$$$$$$$$$$$$$$$$$$$","timestamp":"10:59:15 AM"}
{"meta":"","level":"info","message":"","timestamp":"10:59:15 AM"}
{"level":"info","message":"Production Environment is Listening on port 3000","timestamp":"10:59:15 AM"}
{"level":"info","message":"Web URL : http://localhost:3000","timestamp":"10:59:15 AM"}
{"meta":"","level":"info","message":"","timestamp":"10:59:15 AM"}
{"level":"info","message":"$$$$$$$$$$$$$$$$$$$$$$$$","timestamp":"10:59:15 AM"}
{"meta":"","level":"info","message":"","timestamp":"10:59:15 AM"}
{"level":"info","message":"Connected to Database","timestamp":"10:59:15 AM"}
{"level":"info","message":"$$$$$$$$$$$$$$$$$$$$$$$$","timestamp":"11:05:38 AM"}
{"meta":"","level":"info","message":"","timestamp":"11:05:38 AM"}
{"level":"info","message":"Production Environment is Listening on port 3000","timestamp":"11:05:38 AM"}
{"level":"info","message":"Web URL : http://localhost:3000","timestamp":"11:05:38 AM"}
{"meta":"","level":"info","message":"","timestamp":"11:05:38 AM"}
{"level":"info","message":"$$$$$$$$$$$$$$$$$$$$$$$$","timestamp":"11:05:38 AM"}
{"meta":"","level":"info","message":"","timestamp":"11:05:38 AM"}
{"level":"info","message":"Connected to Database","timestamp":"11:05:39 AM"}
{"level":"info","message":"emailsendgrid","timestamp":"11:10:44 AM"}
{"level":"info","message":"$$$$$$$$$$$$$$$$$$$$$$$$","timestamp":"11:15:41 AM"}
{"meta":"","level":"info","message":"","timestamp":"11:15:41 AM"}
{"level":"info","message":"Production Environment is Listening on port 3000","timestamp":"11:15:41 AM"}
{"level":"info","message":"Web URL : http://localhost:3000","timestamp":"11:15:41 AM"}
{"meta":"","level":"info","message":"","timestamp":"11:15:41 AM"}
{"level":"info","message":"$$$$$$$$$$$$$$$$$$$$$$$$","timestamp":"11:15:41 AM"}
{"meta":"","level":"info","message":"","timestamp":"11:15:41 AM"}
{"level":"info","message":"Connected to Database","timestamp":"11:15:42 AM"}
{"level":"info","message":"$$$$$$$$$$$$$$$$$$$$$$$$","timestamp":"11:27:11 AM"}
{"meta":"","level":"info","message":"","timestamp":"11:27:11 AM"}
{"level":"info","message":"Production Environment is Listening on port 3000","timestamp":"11:27:11 AM"}
{"level":"info","message":"Web URL : http://localhost:3000","timestamp":"11:27:11 AM"}
{"meta":"","level":"info","message":"","timestamp":"11:27:11 AM"}
{"level":"info","message":"$$$$$$$$$$$$$$$$$$$$$$$$","timestamp":"11:27:11 AM"}
{"meta":"","level":"info","message":"","timestamp":"11:27:11 AM"}
{"level":"info","message":"Connected to Database","timestamp":"11:27:11 AM"}
{"level":"info","message":"$$$$$$$$$$$$$$$$$$$$$$$$","timestamp":"11:29:54 AM"}
{"meta":"","level":"info","message":"","timestamp":"11:29:54 AM"}
{"level":"info","message":"Production Environment is Listening on port 3000","timestamp":"11:29:54 AM"}
{"level":"info","message":"Web URL : http://localhost:3000","timestamp":"11:29:54 AM"}
{"meta":"","level":"info","message":"","timestamp":"11:29:54 AM"}
{"level":"info","message":"$$$$$$$$$$$$$$$$$$$$$$$$","timestamp":"11:29:54 AM"}
{"meta":"","level":"info","message":"","timestamp":"11:29:54 AM"}
{"level":"info","message":"Connected to Database","timestamp":"11:29:55 AM"}
{"level":"info","message":"$$$$$$$$$$$$$$$$$$$$$$$$","timestamp":"11:32:00 AM"}
{"meta":"","level":"info","message":"","timestamp":"11:32:00 AM"}
{"level":"info","message":"Production Environment is Listening on port 3000","timestamp":"11:32:00 AM"}
{"level":"info","message":"Web URL : http://localhost:3000","timestamp":"11:32:00 AM"}
{"meta":"","level":"info","message":"","timestamp":"11:32:00 AM"}
{"level":"info","message":"$$$$$$$$$$$$$$$$$$$$$$$$","timestamp":"11:32:00 AM"}
{"meta":"","level":"info","message":"","timestamp":"11:32:00 AM"}
{"level":"info","message":"Connected to Database","timestamp":"11:32:00 AM"}
{"level":"info","message":"$$$$$$$$$$$$$$$$$$$$$$$$","timestamp":"11:34:02 AM"}
{"meta":"","level":"info","message":"","timestamp":"11:34:02 AM"}
{"level":"info","message":"Production Environment is Listening on port 3000","timestamp":"11:34:02 AM"}
{"level":"info","message":"Web URL : http://localhost:3000","timestamp":"11:34:02 AM"}
{"meta":"","level":"info","message":"","timestamp":"11:34:02 AM"}
{"level":"info","message":"$$$$$$$$$$$$$$$$$$$$$$$$","timestamp":"11:34:02 AM"}
{"meta":"","level":"info","message":"","timestamp":"11:34:02 AM"}
{"level":"info","message":"Connected to Database","timestamp":"11:34:02 AM"}
{"level":"info","message":"emailsendgrid","timestamp":"11:48:37 AM"}
{"level":"info","message":"emailsendgrid","timestamp":"11:48:43 AM"}
{"level":"info","message":"$$$$$$$$$$$$$$$$$$$$$$$$","timestamp":"1:36:38 PM"}
{"meta":"","level":"info","message":"","timestamp":"1:36:38 PM"}
{"level":"info","message":"Production Environment is Listening on port 3000","timestamp":"1:36:38 PM"}
{"level":"info","message":"Web URL : http://localhost:3000","timestamp":"1:36:38 PM"}
{"meta":"","level":"info","message":"","timestamp":"1:36:38 PM"}
{"level":"info","message":"$$$$$$$$$$$$$$$$$$$$$$$$","timestamp":"1:36:38 PM"}
{"meta":"","level":"info","message":"","timestamp":"1:36:38 PM"}
{"level":"info","message":"Connected to Database","timestamp":"1:36:38 PM"}
{"level":"info","message":"$$$$$$$$$$$$$$$$$$$$$$$$","timestamp":"2:21:47 PM"}
{"meta":"","level":"info","message":"","timestamp":"2:21:47 PM"}
{"level":"info","message":"Production Environment is Listening on port 3000","timestamp":"2:21:47 PM"}
{"level":"info","message":"Web URL : http://localhost:3000","timestamp":"2:21:47 PM"}
{"meta":"","level":"info","message":"","timestamp":"2:21:47 PM"}
{"level":"info","message":"$$$$$$$$$$$$$$$$$$$$$$$$","timestamp":"2:21:47 PM"}
{"meta":"","level":"info","message":"","timestamp":"2:21:47 PM"}
{"level":"info","message":"Connected to Database","timestamp":"2:21:47 PM"}
{"level":"info","message":"$$$$$$$$$$$$$$$$$$$$$$$$","timestamp":"3:08:40 PM"}
{"meta":"","level":"info","message":"","timestamp":"3:08:40 PM"}
{"level":"info","message":"Production Environment is Listening on port 3000","timestamp":"3:08:40 PM"}
{"level":"info","message":"Web URL : http://localhost:3000","timestamp":"3:08:40 PM"}
{"meta":"","level":"info","message":"","timestamp":"3:08:40 PM"}
{"level":"info","message":"$$$$$$$$$$$$$$$$$$$$$$$$","timestamp":"3:08:40 PM"}
{"meta":"","level":"info","message":"","timestamp":"3:08:40 PM"}
{"level":"info","message":"Connected to Database","timestamp":"3:08:40 PM"}
{"level":"info","message":"$$$$$$$$$$$$$$$$$$$$$$$$","timestamp":"3:11:32 PM"}
{"meta":"","level":"info","message":"","timestamp":"3:11:32 PM"}
{"level":"info","message":"Production Environment is Listening on port 3000","timestamp":"3:11:32 PM"}
{"level":"info","message":"Web URL : http://localhost:3000","timestamp":"3:11:32 PM"}
{"meta":"","level":"info","message":"","timestamp":"3:11:32 PM"}
{"level":"info","message":"$$$$$$$$$$$$$$$$$$$$$$$$","timestamp":"3:11:32 PM"}
{"meta":"","level":"info","message":"","timestamp":"3:11:32 PM"}
{"level":"info","message":"Connected to Database","timestamp":"3:11:32 PM"}
{"level":"info","message":"$$$$$$$$$$$$$$$$$$$$$$$$","timestamp":"3:18:03 PM"}
{"meta":"","level":"info","message":"","timestamp":"3:18:03 PM"}
{"level":"info","message":"Production Environment is Listening on port 3000","timestamp":"3:18:03 PM"}
{"level":"info","message":"Web URL : http://localhost:3000","timestamp":"3:18:03 PM"}
{"meta":"","level":"info","message":"","timestamp":"3:18:03 PM"}
{"level":"info","message":"$$$$$$$$$$$$$$$$$$$$$$$$","timestamp":"3:18:03 PM"}
{"meta":"","level":"info","message":"","timestamp":"3:18:03 PM"}
{"level":"info","message":"Connected to Database","timestamp":"3:18:03 PM"}
{"level":"info","message":"$$$$$$$$$$$$$$$$$$$$$$$$","timestamp":"3:24:23 PM"}
{"meta":"","level":"info","message":"","timestamp":"3:24:23 PM"}
{"level":"info","message":"Production Environment is Listening on port 3000","timestamp":"3:24:23 PM"}
{"level":"info","message":"Web URL : http://localhost:3000","timestamp":"3:24:23 PM"}
{"meta":"","level":"info","message":"","timestamp":"3:24:23 PM"}
{"level":"info","message":"$$$$$$$$$$$$$$$$$$$$$$$$","timestamp":"3:24:23 PM"}
{"meta":"","level":"info","message":"","timestamp":"3:24:23 PM"}
{"level":"info","message":"Connected to Database","timestamp":"3:24:23 PM"}
{"level":"info","message":"$$$$$$$$$$$$$$$$$$$$$$$$","timestamp":"4:27:51 PM"}
{"meta":"","level":"info","message":"","timestamp":"4:27:51 PM"}
{"level":"info","message":"Production Environment is Listening on port 3000","timestamp":"4:27:51 PM"}
{"level":"info","message":"Web URL : http://localhost:3000","timestamp":"4:27:51 PM"}
{"meta":"","level":"info","message":"","timestamp":"4:27:51 PM"}
{"level":"info","message":"$$$$$$$$$$$$$$$$$$$$$$$$","timestamp":"4:27:51 PM"}
{"meta":"","level":"info","message":"","timestamp":"4:27:51 PM"}
{"level":"info","message":"Connected to Database","timestamp":"4:27:51 PM"}
{"level":"info","message":"$$$$$$$$$$$$$$$$$$$$$$$$","timestamp":"4:35:14 PM"}
{"meta":"","level":"info","message":"","timestamp":"4:35:14 PM"}
{"level":"info","message":"Production Environment is Listening on port 3000","timestamp":"4:35:14 PM"}
{"level":"info","message":"Web URL : http://localhost:3000","timestamp":"4:35:14 PM"}
{"meta":"","level":"info","message":"","timestamp":"4:35:14 PM"}
{"level":"info","message":"$$$$$$$$$$$$$$$$$$$$$$$$","timestamp":"4:35:14 PM"}
{"meta":"","level":"info","message":"","timestamp":"4:35:14 PM"}
{"level":"info","message":"Connected to Database","timestamp":"4:35:14 PM"}
{"level":"info","message":"$$$$$$$$$$$$$$$$$$$$$$$$","timestamp":"4:36:28 PM"}
{"meta":"","level":"info","message":"","timestamp":"4:36:28 PM"}
{"level":"info","message":"Production Environment is Listening on port 3000","timestamp":"4:36:28 PM"}
{"level":"info","message":"Web URL : http://localhost:3000","timestamp":"4:36:28 PM"}
{"meta":"","level":"info","message":"","timestamp":"4:36:28 PM"}
{"level":"info","message":"$$$$$$$$$$$$$$$$$$$$$$$$","timestamp":"4:36:28 PM"}
{"meta":"","level":"info","message":"","timestamp":"4:36:28 PM"}
{"level":"info","message":"Connected to Database","timestamp":"4:36:28 PM"}
{"level":"info","message":"$$$$$$$$$$$$$$$$$$$$$$$$","timestamp":"4:54:52 PM"}
{"meta":"","level":"info","message":"","timestamp":"4:54:52 PM"}
{"level":"info","message":"Production Environment is Listening on port 3000","timestamp":"4:54:52 PM"}
{"level":"info","message":"Web URL : http://localhost:3000","timestamp":"4:54:52 PM"}
{"meta":"","level":"info","message":"","timestamp":"4:54:52 PM"}
{"level":"info","message":"$$$$$$$$$$$$$$$$$$$$$$$$","timestamp":"4:54:52 PM"}
{"meta":"","level":"info","message":"","timestamp":"4:54:52 PM"}
{"level":"info","message":"Connected to Database","timestamp":"4:54:52 PM"}
{"level":"info","message":"$$$$$$$$$$$$$$$$$$$$$$$$","timestamp":"5:15:04 PM"}
{"meta":"","level":"info","message":"","timestamp":"5:15:04 PM"}
{"level":"info","message":"Production Environment is Listening on port 3000","timestamp":"5:15:04 PM"}
{"level":"info","message":"Web URL : http://localhost:3000","timestamp":"5:15:04 PM"}
{"meta":"","level":"info","message":"","timestamp":"5:15:04 PM"}
{"level":"info","message":"$$$$$$$$$$$$$$$$$$$$$$$$","timestamp":"5:15:04 PM"}
{"meta":"","level":"info","message":"","timestamp":"5:15:04 PM"}
{"level":"info","message":"Connected to Database","timestamp":"5:15:05 PM"}
{"level":"info","message":"$$$$$$$$$$$$$$$$$$$$$$$$","timestamp":"5:17:07 PM"}
{"meta":"","level":"info","message":"","timestamp":"5:17:07 PM"}
{"level":"info","message":"Production Environment is Listening on port 3000","timestamp":"5:17:07 PM"}
{"level":"info","message":"Web URL : http://localhost:3000","timestamp":"5:17:07 PM"}
{"meta":"","level":"info","message":"","timestamp":"5:17:07 PM"}
{"level":"info","message":"$$$$$$$$$$$$$$$$$$$$$$$$","timestamp":"5:17:07 PM"}
{"meta":"","level":"info","message":"","timestamp":"5:17:07 PM"}
{"level":"info","message":"Connected to Database","timestamp":"5:17:08 PM"}
{"level":"info","message":"$$$$$$$$$$$$$$$$$$$$$$$$","timestamp":"5:22:06 PM"}
{"meta":"","level":"info","message":"","timestamp":"5:22:06 PM"}
{"level":"info","message":"Production Environment is Listening on port 3000","timestamp":"5:22:06 PM"}
{"level":"info","message":"Web URL : http://localhost:3000","timestamp":"5:22:06 PM"}
{"meta":"","level":"info","message":"","timestamp":"5:22:06 PM"}
{"level":"info","message":"$$$$$$$$$$$$$$$$$$$$$$$$","timestamp":"5:22:06 PM"}
{"meta":"","level":"info","message":"","timestamp":"5:22:06 PM"}
{"level":"info","message":"Connected to Database","timestamp":"5:22:06 PM"}
{"level":"info","message":"$$$$$$$$$$$$$$$$$$$$$$$$","timestamp":"5:25:53 PM"}
{"meta":"","level":"info","message":"","timestamp":"5:25:53 PM"}
{"level":"info","message":"Production Environment is Listening on port 3000","timestamp":"5:25:53 PM"}
{"level":"info","message":"Web URL : http://localhost:3000","timestamp":"5:25:53 PM"}
{"meta":"","level":"info","message":"","timestamp":"5:25:53 PM"}
{"level":"info","message":"$$$$$$$$$$$$$$$$$$$$$$$$","timestamp":"5:25:53 PM"}
{"meta":"","level":"info","message":"","timestamp":"5:25:53 PM"}
{"level":"info","message":"Connected to Database","timestamp":"5:25:53 PM"}
{"level":"info","message":"$$$$$$$$$$$$$$$$$$$$$$$$","timestamp":"5:28:39 PM"}
{"meta":"","level":"info","message":"","timestamp":"5:28:39 PM"}
{"level":"info","message":"Production Environment is Listening on port 3000","timestamp":"5:28:39 PM"}
{"level":"info","message":"Web URL : http://localhost:3000","timestamp":"5:28:39 PM"}
{"meta":"","level":"info","message":"","timestamp":"5:28:39 PM"}
{"level":"info","message":"$$$$$$$$$$$$$$$$$$$$$$$$","timestamp":"5:28:39 PM"}
{"meta":"","level":"info","message":"","timestamp":"5:28:39 PM"}
{"level":"info","message":"Connected to Database","timestamp":"5:28:40 PM"}
{"level":"info","message":"$$$$$$$$$$$$$$$$$$$$$$$$","timestamp":"5:30:20 PM"}
{"meta":"","level":"info","message":"","timestamp":"5:30:20 PM"}
{"level":"info","message":"Production Environment is Listening on port 3000","timestamp":"5:30:20 PM"}
{"level":"info","message":"Web URL : http://localhost:3000","timestamp":"5:30:20 PM"}
{"meta":"","level":"info","message":"","timestamp":"5:30:20 PM"}
{"level":"info","message":"$$$$$$$$$$$$$$$$$$$$$$$$","timestamp":"5:30:20 PM"}
{"meta":"","level":"info","message":"","timestamp":"5:30:20 PM"}
{"level":"info","message":"Connected to Database","timestamp":"5:30:21 PM"}
{"level":"info","message":"$$$$$$$$$$$$$$$$$$$$$$$$","timestamp":"5:30:38 PM"}
{"meta":"","level":"info","message":"","timestamp":"5:30:38 PM"}
{"level":"info","message":"Production Environment is Listening on port 3000","timestamp":"5:30:38 PM"}
{"level":"info","message":"Web URL : http://localhost:3000","timestamp":"5:30:38 PM"}
{"meta":"","level":"info","message":"","timestamp":"5:30:38 PM"}
{"level":"info","message":"$$$$$$$$$$$$$$$$$$$$$$$$","timestamp":"5:30:38 PM"}
{"meta":"","level":"info","message":"","timestamp":"5:30:38 PM"}
{"level":"info","message":"Connected to Database","timestamp":"5:30:38 PM"}
{"level":"info","message":"$$$$$$$$$$$$$$$$$$$$$$$$","timestamp":"5:31:58 PM"}
{"meta":"","level":"info","message":"","timestamp":"5:31:58 PM"}
{"level":"info","message":"Production Environment is Listening on port 3000","timestamp":"5:31:58 PM"}
{"level":"info","message":"Web URL : http://localhost:3000","timestamp":"5:31:58 PM"}
{"meta":"","level":"info","message":"","timestamp":"5:31:58 PM"}
{"level":"info","message":"$$$$$$$$$$$$$$$$$$$$$$$$","timestamp":"5:31:58 PM"}
{"meta":"","level":"info","message":"","timestamp":"5:31:58 PM"}
{"level":"info","message":"Connected to Database","timestamp":"5:31:58 PM"}
{"level":"info","message":"$$$$$$$$$$$$$$$$$$$$$$$$","timestamp":"5:32:56 PM"}
{"meta":"","level":"info","message":"","timestamp":"5:32:56 PM"}
{"level":"info","message":"Production Environment is Listening on port 3000","timestamp":"5:32:56 PM"}
{"level":"info","message":"Web URL : http://localhost:3000","timestamp":"5:32:56 PM"}
{"meta":"","level":"info","message":"","timestamp":"5:32:56 PM"}
{"level":"info","message":"$$$$$$$$$$$$$$$$$$$$$$$$","timestamp":"5:32:56 PM"}
{"meta":"","level":"info","message":"","timestamp":"5:32:56 PM"}
{"level":"info","message":"Connected to Database","timestamp":"5:32:57 PM"}
{"level":"info","message":"$$$$$$$$$$$$$$$$$$$$$$$$","timestamp":"5:34:03 PM"}
{"meta":"","level":"info","message":"","timestamp":"5:34:03 PM"}
{"level":"info","message":"Production Environment is Listening on port 3000","timestamp":"5:34:03 PM"}
{"level":"info","message":"Web URL : http://localhost:3000","timestamp":"5:34:03 PM"}
{"meta":"","level":"info","message":"","timestamp":"5:34:03 PM"}
{"level":"info","message":"$$$$$$$$$$$$$$$$$$$$$$$$","timestamp":"5:34:03 PM"}
{"meta":"","level":"info","message":"","timestamp":"5:34:03 PM"}
{"level":"info","message":"Connected to Database","timestamp":"5:34:04 PM"}
{"level":"info","message":"$$$$$$$$$$$$$$$$$$$$$$$$","timestamp":"5:35:48 PM"}
{"meta":"","level":"info","message":"","timestamp":"5:35:48 PM"}
{"level":"info","message":"Production Environment is Listening on port 3000","timestamp":"5:35:48 PM"}
{"level":"info","message":"Web URL : http://localhost:3000","timestamp":"5:35:48 PM"}
{"meta":"","level":"info","message":"","timestamp":"5:35:48 PM"}
{"level":"info","message":"$$$$$$$$$$$$$$$$$$$$$$$$","timestamp":"5:35:48 PM"}
{"meta":"","level":"info","message":"","timestamp":"5:35:48 PM"}
{"level":"info","message":"Connected to Database","timestamp":"5:35:48 PM"}
{"level":"info","message":"$$$$$$$$$$$$$$$$$$$$$$$$","timestamp":"5:37:58 PM"}
{"meta":"","level":"info","message":"","timestamp":"5:37:58 PM"}
{"level":"info","message":"Production Environment is Listening on port 3000","timestamp":"5:37:58 PM"}
{"level":"info","message":"Web URL : http://localhost:3000","timestamp":"5:37:58 PM"}
{"meta":"","level":"info","message":"","timestamp":"5:37:58 PM"}
{"level":"info","message":"$$$$$$$$$$$$$$$$$$$$$$$$","timestamp":"5:37:58 PM"}
{"meta":"","level":"info","message":"","timestamp":"5:37:58 PM"}
{"level":"info","message":"Connected to Database","timestamp":"5:37:59 PM"}
{"level":"info","message":"$$$$$$$$$$$$$$$$$$$$$$$$","timestamp":"5:39:21 PM"}
{"meta":"","level":"info","message":"","timestamp":"5:39:21 PM"}
{"level":"info","message":"Production Environment is Listening on port 3000","timestamp":"5:39:21 PM"}
{"level":"info","message":"Web URL : http://localhost:3000","timestamp":"5:39:21 PM"}
{"meta":"","level":"info","message":"","timestamp":"5:39:21 PM"}
{"level":"info","message":"$$$$$$$$$$$$$$$$$$$$$$$$","timestamp":"5:39:21 PM"}
{"meta":"","level":"info","message":"","timestamp":"5:39:21 PM"}
{"level":"info","message":"Connected to Database","timestamp":"5:39:23 PM"}
{"level":"info","message":"$$$$$$$$$$$$$$$$$$$$$$$$","timestamp":"5:44:03 PM"}
{"meta":"","level":"info","message":"","timestamp":"5:44:03 PM"}
{"level":"info","message":"Production Environment is Listening on port 3000","timestamp":"5:44:03 PM"}
{"level":"info","message":"Web URL : http://localhost:3000","timestamp":"5:44:03 PM"}
{"meta":"","level":"info","message":"","timestamp":"5:44:03 PM"}
{"level":"info","message":"$$$$$$$$$$$$$$$$$$$$$$$$","timestamp":"5:44:03 PM"}
{"meta":"","level":"info","message":"","timestamp":"5:44:03 PM"}
{"level":"info","message":"Connected to Database","timestamp":"5:44:04 PM"}
{"level":"info","message":"$$$$$$$$$$$$$$$$$$$$$$$$","timestamp":"5:50:06 PM"}
{"meta":"","level":"info","message":"","timestamp":"5:50:06 PM"}
{"level":"info","message":"Production Environment is Listening on port 3000","timestamp":"5:50:06 PM"}
{"level":"info","message":"Web URL : http://localhost:3000","timestamp":"5:50:06 PM"}
{"meta":"","level":"info","message":"","timestamp":"5:50:06 PM"}
{"level":"info","message":"$$$$$$$$$$$$$$$$$$$$$$$$","timestamp":"5:50:06 PM"}
{"meta":"","level":"info","message":"","timestamp":"5:50:06 PM"}
{"level":"info","message":"Connected to Database","timestamp":"5:50:07 PM"}
{"level":"info","message":"$$$$$$$$$$$$$$$$$$$$$$$$","timestamp":"5:52:15 PM"}
{"meta":"","level":"info","message":"","timestamp":"5:52:15 PM"}
{"level":"info","message":"Production Environment is Listening on port 3000","timestamp":"5:52:15 PM"}
{"level":"info","message":"Web URL : http://localhost:3000","timestamp":"5:52:15 PM"}
{"meta":"","level":"info","message":"","timestamp":"5:52:15 PM"}
{"level":"info","message":"$$$$$$$$$$$$$$$$$$$$$$$$","timestamp":"5:52:15 PM"}
{"meta":"","level":"info","message":"","timestamp":"5:52:15 PM"}
{"level":"info","message":"Connected to Database","timestamp":"5:52:15 PM"}
