{"level":"info","message":"$$$$$$$$$$$$$$$$$$$$$$$$","timestamp":"10:01:43 AM"}
{"meta":"","level":"info","message":"","timestamp":"10:01:43 AM"}
{"level":"info","message":"Development Environment is Listening on port 3000","timestamp":"10:01:43 AM"}
{"level":"info","message":"Web URL : http://localhost:3000","timestamp":"10:01:43 AM"}
{"meta":"","level":"info","message":"","timestamp":"10:01:43 AM"}
{"level":"info","message":"$$$$$$$$$$$$$$$$$$$$$$$$","timestamp":"10:01:43 AM"}
{"meta":"","level":"info","message":"","timestamp":"10:01:43 AM"}
{"level":"info","message":"Connected to Database","timestamp":"10:01:43 AM"}
{"level":"info","message":"Error in Connecting to Database","timestamp":"10:02:04 AM"}
{"level":"info","message":"Error in Connecting to Database","timestamp":"10:02:04 AM"}
{"level":"info","message":"$$$$$$$$$$$$$$$$$$$$$$$$","timestamp":"10:06:13 AM"}
{"meta":"","level":"info","message":"","timestamp":"10:06:13 AM"}
{"level":"info","message":"Development Environment is Listening on port 3000","timestamp":"10:06:13 AM"}
{"level":"info","message":"Web URL : http://localhost:3000","timestamp":"10:06:13 AM"}
{"meta":"","level":"info","message":"","timestamp":"10:06:13 AM"}
{"level":"info","message":"$$$$$$$$$$$$$$$$$$$$$$$$","timestamp":"10:06:13 AM"}
{"meta":"","level":"info","message":"","timestamp":"10:06:13 AM"}
{"level":"info","message":"Connected to Database","timestamp":"10:06:13 AM"}
{"level":"info","message":"$$$$$$$$$$$$$$$$$$$$$$$$","timestamp":"10:22:49 AM"}
{"meta":"","level":"info","message":"","timestamp":"10:22:49 AM"}
{"level":"info","message":"Development Environment is Listening on port 3000","timestamp":"10:22:49 AM"}
{"level":"info","message":"Web URL : http://localhost:3000","timestamp":"10:22:49 AM"}
{"meta":"","level":"info","message":"","timestamp":"10:22:49 AM"}
{"level":"info","message":"$$$$$$$$$$$$$$$$$$$$$$$$","timestamp":"10:22:49 AM"}
{"meta":"","level":"info","message":"","timestamp":"10:22:49 AM"}
{"level":"info","message":"Connected to Database","timestamp":"10:22:50 AM"}
{"level":"info","message":"$$$$$$$$$$$$$$$$$$$$$$$$","timestamp":"10:46:10 AM"}
{"meta":"","level":"info","message":"","timestamp":"10:46:10 AM"}
{"level":"info","message":"Development Environment is Listening on port 3000","timestamp":"10:46:10 AM"}
{"level":"info","message":"Web URL : http://localhost:3000","timestamp":"10:46:10 AM"}
{"meta":"","level":"info","message":"","timestamp":"10:46:10 AM"}
{"level":"info","message":"$$$$$$$$$$$$$$$$$$$$$$$$","timestamp":"10:46:10 AM"}
{"meta":"","level":"info","message":"","timestamp":"10:46:10 AM"}
{"level":"info","message":"Connected to Database","timestamp":"10:46:11 AM"}
{"level":"info","message":"$$$$$$$$$$$$$$$$$$$$$$$$","timestamp":"10:50:41 AM"}
{"meta":"","level":"info","message":"","timestamp":"10:50:41 AM"}
{"level":"info","message":"Development Environment is Listening on port 3000","timestamp":"10:50:41 AM"}
{"level":"info","message":"Web URL : http://localhost:3000","timestamp":"10:50:41 AM"}
{"meta":"","level":"info","message":"","timestamp":"10:50:41 AM"}
{"level":"info","message":"$$$$$$$$$$$$$$$$$$$$$$$$","timestamp":"10:50:41 AM"}
{"meta":"","level":"info","message":"","timestamp":"10:50:41 AM"}
{"level":"info","message":"Connected to Database","timestamp":"10:50:41 AM"}
{"level":"info","message":"$$$$$$$$$$$$$$$$$$$$$$$$","timestamp":"11:09:20 AM"}
{"meta":"","level":"info","message":"","timestamp":"11:09:20 AM"}
{"level":"info","message":"Development Environment is Listening on port 3000","timestamp":"11:09:20 AM"}
{"level":"info","message":"Web URL : http://localhost:3000","timestamp":"11:09:20 AM"}
{"meta":"","level":"info","message":"","timestamp":"11:09:20 AM"}
{"level":"info","message":"$$$$$$$$$$$$$$$$$$$$$$$$","timestamp":"11:09:20 AM"}
{"meta":"","level":"info","message":"","timestamp":"11:09:20 AM"}
{"level":"info","message":"Connected to Database","timestamp":"11:09:20 AM"}
{"level":"info","message":"$$$$$$$$$$$$$$$$$$$$$$$$","timestamp":"11:10:09 AM"}
{"meta":"","level":"info","message":"","timestamp":"11:10:09 AM"}
{"level":"info","message":"Development Environment is Listening on port 3000","timestamp":"11:10:09 AM"}
{"level":"info","message":"Web URL : http://localhost:3000","timestamp":"11:10:09 AM"}
{"meta":"","level":"info","message":"","timestamp":"11:10:09 AM"}
{"level":"info","message":"$$$$$$$$$$$$$$$$$$$$$$$$","timestamp":"11:10:09 AM"}
{"meta":"","level":"info","message":"","timestamp":"11:10:09 AM"}
{"level":"info","message":"Connected to Database","timestamp":"11:10:09 AM"}
{"level":"info","message":"$$$$$$$$$$$$$$$$$$$$$$$$","timestamp":"11:21:18 AM"}
{"meta":"","level":"info","message":"","timestamp":"11:21:18 AM"}
{"level":"info","message":"Development Environment is Listening on port 3000","timestamp":"11:21:18 AM"}
{"level":"info","message":"Web URL : http://localhost:3000","timestamp":"11:21:18 AM"}
{"meta":"","level":"info","message":"","timestamp":"11:21:18 AM"}
{"level":"info","message":"$$$$$$$$$$$$$$$$$$$$$$$$","timestamp":"11:21:18 AM"}
{"meta":"","level":"info","message":"","timestamp":"11:21:18 AM"}
{"level":"info","message":"Connected to Database","timestamp":"11:21:19 AM"}
{"level":"info","message":"$$$$$$$$$$$$$$$$$$$$$$$$","timestamp":"11:29:06 AM"}
{"meta":"","level":"info","message":"","timestamp":"11:29:06 AM"}
{"level":"info","message":"Development Environment is Listening on port 3000","timestamp":"11:29:06 AM"}
{"level":"info","message":"Web URL : http://localhost:3000","timestamp":"11:29:06 AM"}
{"meta":"","level":"info","message":"","timestamp":"11:29:06 AM"}
{"level":"info","message":"$$$$$$$$$$$$$$$$$$$$$$$$","timestamp":"11:29:06 AM"}
{"meta":"","level":"info","message":"","timestamp":"11:29:06 AM"}
{"level":"info","message":"Connected to Database","timestamp":"11:29:06 AM"}
{"level":"info","message":"$$$$$$$$$$$$$$$$$$$$$$$$","timestamp":"11:36:05 AM"}
{"meta":"","level":"info","message":"","timestamp":"11:36:05 AM"}
{"level":"info","message":"Development Environment is Listening on port 3000","timestamp":"11:36:05 AM"}
{"level":"info","message":"Web URL : http://localhost:3000","timestamp":"11:36:05 AM"}
{"meta":"","level":"info","message":"","timestamp":"11:36:05 AM"}
{"level":"info","message":"$$$$$$$$$$$$$$$$$$$$$$$$","timestamp":"11:36:05 AM"}
{"meta":"","level":"info","message":"","timestamp":"11:36:05 AM"}
{"level":"info","message":"Connected to Database","timestamp":"11:36:06 AM"}
{"level":"info","message":"$$$$$$$$$$$$$$$$$$$$$$$$","timestamp":"11:41:47 AM"}
{"meta":"","level":"info","message":"","timestamp":"11:41:47 AM"}
{"level":"info","message":"Development Environment is Listening on port 3000","timestamp":"11:41:47 AM"}
{"level":"info","message":"Web URL : http://localhost:3000","timestamp":"11:41:47 AM"}
{"meta":"","level":"info","message":"","timestamp":"11:41:47 AM"}
{"level":"info","message":"$$$$$$$$$$$$$$$$$$$$$$$$","timestamp":"11:41:47 AM"}
{"meta":"","level":"info","message":"","timestamp":"11:41:47 AM"}
{"level":"info","message":"Connected to Database","timestamp":"11:41:47 AM"}
{"level":"info","message":"$$$$$$$$$$$$$$$$$$$$$$$$","timestamp":"11:44:25 AM"}
{"meta":"","level":"info","message":"","timestamp":"11:44:25 AM"}
{"level":"info","message":"Development Environment is Listening on port 3000","timestamp":"11:44:25 AM"}
{"level":"info","message":"Web URL : http://localhost:3000","timestamp":"11:44:25 AM"}
{"meta":"","level":"info","message":"","timestamp":"11:44:25 AM"}
{"level":"info","message":"$$$$$$$$$$$$$$$$$$$$$$$$","timestamp":"11:44:25 AM"}
{"meta":"","level":"info","message":"","timestamp":"11:44:25 AM"}
{"level":"info","message":"Connected to Database","timestamp":"11:44:25 AM"}
{"level":"info","message":"$$$$$$$$$$$$$$$$$$$$$$$$","timestamp":"11:49:19 AM"}
{"meta":"","level":"info","message":"","timestamp":"11:49:19 AM"}
{"level":"info","message":"Development Environment is Listening on port 3000","timestamp":"11:49:19 AM"}
{"level":"info","message":"Web URL : http://localhost:3000","timestamp":"11:49:19 AM"}
{"meta":"","level":"info","message":"","timestamp":"11:49:19 AM"}
{"level":"info","message":"$$$$$$$$$$$$$$$$$$$$$$$$","timestamp":"11:49:19 AM"}
{"meta":"","level":"info","message":"","timestamp":"11:49:19 AM"}
{"level":"info","message":"Connected to Database","timestamp":"11:49:19 AM"}
{"level":"info","message":"$$$$$$$$$$$$$$$$$$$$$$$$","timestamp":"12:08:48 PM"}
{"meta":"","level":"info","message":"","timestamp":"12:08:48 PM"}
{"level":"info","message":"Development Environment is Listening on port 3000","timestamp":"12:08:48 PM"}
{"level":"info","message":"Web URL : http://localhost:3000","timestamp":"12:08:48 PM"}
{"meta":"","level":"info","message":"","timestamp":"12:08:48 PM"}
{"level":"info","message":"$$$$$$$$$$$$$$$$$$$$$$$$","timestamp":"12:08:48 PM"}
{"meta":"","level":"info","message":"","timestamp":"12:08:48 PM"}
{"level":"info","message":"Connected to Database","timestamp":"12:08:48 PM"}
