{"level":"info","message":"$$$$$$$$$$$$$$$$$$$$$$$$","timestamp":"9:39:26 AM"}
{"meta":"","level":"info","message":"","timestamp":"9:39:26 AM"}
{"level":"info","message":"Production Environment is Listening on port 3000","timestamp":"9:39:26 AM"}
{"level":"info","message":"Web URL : http://localhost:3000","timestamp":"9:39:26 AM"}
{"meta":"","level":"info","message":"","timestamp":"9:39:26 AM"}
{"level":"info","message":"$$$$$$$$$$$$$$$$$$$$$$$$","timestamp":"9:39:26 AM"}
{"meta":"","level":"info","message":"","timestamp":"9:39:26 AM"}
{"level":"info","message":"$$$$$$$$$$$$$$$$$$$$$$$$","timestamp":"11:35:08 AM"}
{"meta":"","level":"info","message":"","timestamp":"11:35:08 AM"}
{"level":"info","message":"Production Environment is Listening on port 3000","timestamp":"11:35:08 AM"}
{"level":"info","message":"Web URL : http://localhost:3000","timestamp":"11:35:08 AM"}
{"meta":"","level":"info","message":"","timestamp":"11:35:08 AM"}
{"level":"info","message":"$$$$$$$$$$$$$$$$$$$$$$$$","timestamp":"11:35:08 AM"}
{"meta":"","level":"info","message":"","timestamp":"11:35:08 AM"}
{"level":"info","message":"$$$$$$$$$$$$$$$$$$$$$$$$","timestamp":"11:36:43 AM"}
{"meta":"","level":"info","message":"","timestamp":"11:36:43 AM"}
{"level":"info","message":"Production Environment is Listening on port 3000","timestamp":"11:36:43 AM"}
{"level":"info","message":"Web URL : http://localhost:3000","timestamp":"11:36:43 AM"}
{"meta":"","level":"info","message":"","timestamp":"11:36:43 AM"}
{"level":"info","message":"$$$$$$$$$$$$$$$$$$$$$$$$","timestamp":"11:36:43 AM"}
{"meta":"","level":"info","message":"","timestamp":"11:36:43 AM"}
{"level":"info","message":"emp_data : { _id: 6389e409ced61923483f3d39,\n  __v: 0,\n  Sync_Contact_Id: 1766369,\n  mobileno: '9920648449',\n  name: 'Anuj Baliram Singh',\n  ss_id: 8067,\n  fba_id: 0,\n  channel: 'PBS',\n  Created_On: 2022-12-02T11:39:53.021Z,\n  Modified_On: 2022-12-02T12:26:42.620Z,\n  Short_Code: 'fEFhhjUpT6',\n  raw_data: \n   { fullname: 'Anuj Baliram Singh',\n     bday: '',\n     note: '',\n     addr: [],\n     phone: [ [Object] ],\n     email: [] },\n  source: 'horizon' },{ _id: 6389ef034c61c022307b3a4d,\n  __v: 0,\n  Sync_Contact_Id: 1766370,\n  mobileno: '9930973987',\n  name: 'Abhay Singh',\n  ss_id: 8067,\n  fba_id: 0,\n  channel: 'PBS',\n  Created_On: 2022-12-02T12:26:41.133Z,\n  Modified_On: 2022-12-02T12:26:41.133Z,\n  Short_Code: 'wJRPDkyZzk',\n  raw_data: \n   { fullname: 'Abhay Singh',\n     bday: '',\n     note: '',\n     addr: [],\n     phone: [ [Object] ],\n     email: [] },\n  source: 'horizon' }","timestamp":"11:58:54 AM"}
{"level":"info","message":"emailupdate null { n: 1, nModified: 1, ok: 1 }","timestamp":"11:58:56 AM"}
{"level":"info","message":"emp_data : ","timestamp":"11:58:58 AM"}
{"level":"info","message":"emp_data : ","timestamp":"11:59:19 AM"}
{"level":"info","message":"emp_data : ","timestamp":"11:59:20 AM"}
{"level":"info","message":"emp_data : ","timestamp":"11:59:22 AM"}
{"level":"info","message":"emp_data : ","timestamp":"11:59:23 AM"}
{"level":"info","message":"emp_data : ","timestamp":"11:59:24 AM"}
{"level":"info","message":"emp_data : ","timestamp":"11:59:25 AM"}
{"level":"info","message":"emp_data : ","timestamp":"11:59:26 AM"}
{"level":"info","message":"emp_data : ","timestamp":"12:00:57 PM"}
{"level":"info","message":"emp_data : ","timestamp":"12:00:58 PM"}
{"level":"info","message":"emp_data : ","timestamp":"12:01:27 PM"}
{"level":"info","message":"emp_data : ","timestamp":"12:01:28 PM"}
{"level":"info","message":"emp_data : ","timestamp":"12:07:14 PM"}
{"level":"info","message":"emp_data : ","timestamp":"12:07:15 PM"}
{"level":"info","message":"emp_data : ","timestamp":"12:12:34 PM"}
{"level":"info","message":"emp_data : ","timestamp":"12:12:34 PM"}
{"level":"info","message":"emp_data : ","timestamp":"12:12:58 PM"}
{"level":"info","message":"emp_data : ","timestamp":"12:12:58 PM"}
{"level":"info","message":"emp_data : ","timestamp":"12:15:01 PM"}
{"level":"info","message":"emp_data : ","timestamp":"12:15:02 PM"}
{"level":"info","message":"emp_data : ","timestamp":"12:17:09 PM"}
{"level":"info","message":"emp_data : ","timestamp":"12:17:09 PM"}
{"level":"info","message":"emp_data : ","timestamp":"12:17:10 PM"}
{"level":"info","message":"emp_data : ","timestamp":"12:17:10 PM"}
{"level":"info","message":"emp_data : ","timestamp":"12:17:11 PM"}
{"level":"info","message":"emp_data : ","timestamp":"12:17:11 PM"}
{"level":"info","message":"emp_data : ","timestamp":"12:17:12 PM"}
{"level":"info","message":"emp_data : ","timestamp":"12:17:12 PM"}
{"level":"info","message":"emp_data : ","timestamp":"12:17:13 PM"}
{"level":"info","message":"emp_data : ","timestamp":"12:17:13 PM"}
{"level":"info","message":"emp_data : ","timestamp":"12:17:14 PM"}
{"level":"info","message":"emp_data : ","timestamp":"12:17:14 PM"}
{"level":"info","message":"emp_data : ","timestamp":"12:17:15 PM"}
{"level":"info","message":"emp_data : ","timestamp":"12:17:15 PM"}
{"level":"info","message":"emp_data : ","timestamp":"12:17:16 PM"}
{"level":"info","message":"emp_data : ","timestamp":"12:17:16 PM"}
{"level":"info","message":"emp_data : ","timestamp":"12:17:17 PM"}
{"level":"info","message":"emp_data : ","timestamp":"12:17:17 PM"}
{"level":"info","message":"emp_data : ","timestamp":"12:17:18 PM"}
{"level":"info","message":"emp_data : ","timestamp":"12:17:18 PM"}
{"level":"info","message":"emp_data : ","timestamp":"12:17:19 PM"}
{"level":"info","message":"emp_data : ","timestamp":"12:17:19 PM"}
{"level":"info","message":"emp_data : ","timestamp":"12:17:20 PM"}
{"level":"info","message":"emp_data : ","timestamp":"12:17:20 PM"}
{"level":"info","message":"emp_data : ","timestamp":"12:17:21 PM"}
{"level":"info","message":"emp_data : ","timestamp":"12:17:21 PM"}
{"level":"info","message":"emp_data : ","timestamp":"12:17:22 PM"}
{"level":"info","message":"emp_data : ","timestamp":"12:17:22 PM"}
{"level":"info","message":"emp_data : ","timestamp":"12:17:23 PM"}
{"level":"info","message":"emp_data : ","timestamp":"12:17:23 PM"}
{"level":"info","message":"emp_data : ","timestamp":"12:17:24 PM"}
{"level":"info","message":"emp_data : ","timestamp":"12:17:24 PM"}
{"level":"info","message":"emp_data : ","timestamp":"12:17:25 PM"}
{"level":"info","message":"emp_data : ","timestamp":"12:17:25 PM"}
{"level":"info","message":"emp_data : ","timestamp":"12:17:26 PM"}
{"level":"info","message":"emp_data : ","timestamp":"12:17:26 PM"}
{"level":"info","message":"emp_data : ","timestamp":"12:17:27 PM"}
{"level":"info","message":"emp_data : ","timestamp":"12:17:27 PM"}
{"level":"info","message":"emp_data : ","timestamp":"12:17:28 PM"}
{"level":"info","message":"emp_data : ","timestamp":"12:17:28 PM"}
{"level":"info","message":"emp_data : ","timestamp":"12:17:29 PM"}
{"level":"info","message":"emp_data : ","timestamp":"12:17:29 PM"}
{"level":"info","message":"emp_data : ","timestamp":"12:17:30 PM"}
{"level":"info","message":"emp_data : ","timestamp":"12:20:28 PM"}
{"level":"info","message":"emp_data : ","timestamp":"12:20:28 PM"}
{"level":"info","message":"emp_data : ","timestamp":"12:20:29 PM"}
{"level":"info","message":"emp_data : ","timestamp":"12:20:29 PM"}
{"level":"info","message":"emp_data : ","timestamp":"12:20:30 PM"}
{"level":"info","message":"emp_data : ","timestamp":"12:20:30 PM"}
{"level":"info","message":"emp_data : ","timestamp":"12:20:31 PM"}
{"level":"info","message":"emp_data : ","timestamp":"12:20:31 PM"}
{"level":"info","message":"emp_data : ","timestamp":"12:20:32 PM"}
{"level":"info","message":"emp_data : ","timestamp":"12:20:32 PM"}
{"level":"info","message":"emp_data : ","timestamp":"12:20:33 PM"}
{"level":"info","message":"emp_data : ","timestamp":"12:20:33 PM"}
{"level":"info","message":"emp_data : ","timestamp":"12:20:34 PM"}
{"level":"info","message":"emp_data : ","timestamp":"12:20:34 PM"}
{"level":"info","message":"emp_data : ","timestamp":"12:20:35 PM"}
{"level":"info","message":"emp_data : ","timestamp":"12:20:35 PM"}
{"level":"info","message":"emp_data : ","timestamp":"12:20:36 PM"}
{"level":"info","message":"emp_data : ","timestamp":"12:20:36 PM"}
{"level":"info","message":"emp_data : ","timestamp":"12:20:37 PM"}
{"level":"info","message":"emp_data : ","timestamp":"12:20:37 PM"}
{"level":"info","message":"emp_data : ","timestamp":"12:20:38 PM"}
{"level":"info","message":"emp_data : ","timestamp":"12:20:38 PM"}
{"level":"info","message":"emp_data : ","timestamp":"12:20:39 PM"}
{"level":"info","message":"emp_data : ","timestamp":"12:20:39 PM"}
{"level":"info","message":"emp_data : ","timestamp":"12:20:40 PM"}
{"level":"info","message":"emp_data : ","timestamp":"12:20:40 PM"}
{"level":"info","message":"emp_data : ","timestamp":"12:20:41 PM"}
{"level":"info","message":"emp_data : ","timestamp":"12:20:41 PM"}
{"level":"info","message":"emp_data : ","timestamp":"12:20:42 PM"}
{"level":"info","message":"emp_data : ","timestamp":"12:20:42 PM"}
{"level":"info","message":"emp_data : ","timestamp":"12:20:43 PM"}
{"level":"info","message":"emp_data : ","timestamp":"12:20:43 PM"}
{"level":"info","message":"emp_data : ","timestamp":"12:20:44 PM"}
{"level":"info","message":"emp_data : ","timestamp":"12:20:44 PM"}
{"level":"info","message":"emp_data : ","timestamp":"12:20:45 PM"}
{"level":"info","message":"emp_data : ","timestamp":"12:20:45 PM"}
{"level":"info","message":"emp_data : ","timestamp":"12:20:46 PM"}
{"level":"info","message":"emp_data : ","timestamp":"12:20:46 PM"}
{"level":"info","message":"emp_data : ","timestamp":"12:20:47 PM"}
{"level":"info","message":"emp_data : ","timestamp":"12:20:47 PM"}
{"level":"info","message":"emp_data : ","timestamp":"12:20:48 PM"}
{"level":"info","message":"emp_data : ","timestamp":"12:20:48 PM"}
{"level":"info","message":"emp_data : ","timestamp":"12:20:49 PM"}
{"level":"info","message":"emp_data : ","timestamp":"12:20:56 PM"}
{"level":"info","message":"emp_data : ","timestamp":"12:20:56 PM"}
{"level":"info","message":"emp_data : ","timestamp":"12:20:57 PM"}
{"level":"info","message":"emp_data : ","timestamp":"12:20:57 PM"}
{"level":"info","message":"emp_data : ","timestamp":"12:20:58 PM"}
{"level":"info","message":"emp_data : ","timestamp":"12:20:58 PM"}
{"level":"info","message":"emp_data : ","timestamp":"12:20:59 PM"}
{"level":"info","message":"emp_data : ","timestamp":"12:20:59 PM"}
{"level":"info","message":"emp_data : ","timestamp":"12:21:00 PM"}
{"level":"info","message":"emp_data : ","timestamp":"12:21:00 PM"}
{"level":"info","message":"emp_data : ","timestamp":"12:21:01 PM"}
{"level":"info","message":"emp_data : ","timestamp":"12:21:01 PM"}
{"level":"info","message":"emp_data : ","timestamp":"12:21:02 PM"}
{"level":"info","message":"emp_data : ","timestamp":"12:21:02 PM"}
{"level":"info","message":"emp_data : ","timestamp":"12:21:03 PM"}
{"level":"info","message":"emp_data : ","timestamp":"12:21:03 PM"}
{"level":"info","message":"emp_data : ","timestamp":"12:21:04 PM"}
{"level":"info","message":"emp_data : ","timestamp":"12:21:04 PM"}
{"level":"info","message":"emp_data : ","timestamp":"12:21:05 PM"}
{"level":"info","message":"emp_data : ","timestamp":"12:21:05 PM"}
{"level":"info","message":"emp_data : ","timestamp":"12:21:06 PM"}
{"level":"info","message":"emp_data : ","timestamp":"12:21:06 PM"}
{"level":"info","message":"emp_data : ","timestamp":"12:21:07 PM"}
{"level":"info","message":"emp_data : ","timestamp":"12:21:07 PM"}
{"level":"info","message":"emp_data : ","timestamp":"12:21:08 PM"}
{"level":"info","message":"emp_data : ","timestamp":"12:21:08 PM"}
{"level":"info","message":"emp_data : ","timestamp":"12:21:09 PM"}
{"level":"info","message":"emp_data : ","timestamp":"12:21:09 PM"}
{"level":"info","message":"emp_data : ","timestamp":"12:21:10 PM"}
{"level":"info","message":"emp_data : ","timestamp":"12:21:10 PM"}
{"level":"info","message":"emp_data : ","timestamp":"12:21:11 PM"}
{"level":"info","message":"emp_data : ","timestamp":"12:21:11 PM"}
{"level":"info","message":"emp_data : ","timestamp":"12:21:12 PM"}
{"level":"info","message":"emp_data : ","timestamp":"12:21:12 PM"}
{"level":"info","message":"emp_data : ","timestamp":"12:21:13 PM"}
{"level":"info","message":"emp_data : ","timestamp":"12:21:13 PM"}
{"level":"info","message":"emp_data : ","timestamp":"12:21:14 PM"}
{"level":"info","message":"emp_data : ","timestamp":"12:21:14 PM"}
{"level":"info","message":"emp_data : ","timestamp":"12:21:15 PM"}
{"level":"info","message":"emp_data : ","timestamp":"12:21:15 PM"}
{"level":"info","message":"emp_data : ","timestamp":"12:21:16 PM"}
{"level":"info","message":"emp_data : ","timestamp":"12:21:16 PM"}
{"level":"info","message":"emp_data : ","timestamp":"12:21:17 PM"}
{"level":"info","message":"emp_data : ","timestamp":"12:23:06 PM"}
{"level":"info","message":"emp_data : ","timestamp":"12:23:07 PM"}
{"level":"info","message":"emp_data : ","timestamp":"12:23:07 PM"}
{"level":"info","message":"emp_data : ","timestamp":"12:23:08 PM"}
{"level":"info","message":"emp_data : ","timestamp":"12:23:09 PM"}
{"level":"info","message":"emp_data : ","timestamp":"12:23:10 PM"}
{"level":"info","message":"emp_data : ","timestamp":"12:23:11 PM"}
{"level":"info","message":"emp_data : ","timestamp":"12:23:12 PM"}
{"level":"info","message":"emp_data : ","timestamp":"12:23:13 PM"}
{"level":"info","message":"emp_data : ","timestamp":"12:23:14 PM"}
{"level":"info","message":"emp_data : ","timestamp":"12:23:15 PM"}
{"level":"info","message":"emp_data : ","timestamp":"12:23:15 PM"}
{"level":"info","message":"emp_data : ","timestamp":"12:23:16 PM"}
{"level":"info","message":"emp_data : ","timestamp":"12:23:16 PM"}
{"level":"info","message":"emp_data : ","timestamp":"12:23:17 PM"}
{"level":"info","message":"emp_data : ","timestamp":"12:23:17 PM"}
{"level":"info","message":"emp_data : ","timestamp":"12:23:18 PM"}
{"level":"info","message":"emp_data : ","timestamp":"12:23:18 PM"}
{"level":"info","message":"emp_data : ","timestamp":"12:23:19 PM"}
{"level":"info","message":"emp_data : ","timestamp":"12:23:19 PM"}
{"level":"info","message":"emp_data : ","timestamp":"12:23:20 PM"}
{"level":"info","message":"emp_data : ","timestamp":"12:23:20 PM"}
{"level":"info","message":"emp_data : ","timestamp":"12:23:21 PM"}
{"level":"info","message":"emp_data : ","timestamp":"12:23:21 PM"}
{"level":"info","message":"emp_data : ","timestamp":"12:23:22 PM"}
{"level":"info","message":"emp_data : ","timestamp":"12:23:22 PM"}
{"level":"info","message":"emp_data : ","timestamp":"12:23:23 PM"}
{"level":"info","message":"emp_data : ","timestamp":"12:23:23 PM"}
{"level":"info","message":"emp_data : ","timestamp":"12:23:24 PM"}
{"level":"info","message":"emp_data : ","timestamp":"12:23:24 PM"}
{"level":"info","message":"emp_data : ","timestamp":"12:23:25 PM"}
{"level":"info","message":"emp_data : ","timestamp":"12:23:25 PM"}
{"level":"info","message":"emp_data : ","timestamp":"12:23:26 PM"}
{"level":"info","message":"emp_data : ","timestamp":"12:23:26 PM"}
{"level":"info","message":"emp_data : ","timestamp":"12:23:27 PM"}
{"level":"info","message":"emp_data : ","timestamp":"12:23:27 PM"}
{"level":"info","message":"emp_data : ","timestamp":"12:23:28 PM"}
{"level":"info","message":"emp_data : ","timestamp":"12:23:28 PM"}
{"level":"info","message":"emp_data : ","timestamp":"12:23:29 PM"}
{"level":"info","message":"emp_data : ","timestamp":"12:23:29 PM"}
{"level":"info","message":"emp_data : ","timestamp":"12:23:30 PM"}
{"level":"info","message":"emp_data : ","timestamp":"12:23:30 PM"}
{"level":"info","message":"emp_data : ","timestamp":"12:23:31 PM"}
{"level":"info","message":"emp_data : ","timestamp":"12:25:52 PM"}
{"level":"info","message":"emp_data : ","timestamp":"12:25:53 PM"}
{"level":"info","message":"emp_data : ","timestamp":"12:25:53 PM"}
{"level":"info","message":"emp_data : ","timestamp":"12:25:54 PM"}
{"level":"info","message":"emp_data : ","timestamp":"12:25:54 PM"}
{"level":"info","message":"emp_data : ","timestamp":"12:25:55 PM"}
{"level":"info","message":"emp_data : ","timestamp":"12:25:55 PM"}
{"level":"info","message":"emp_data : ","timestamp":"12:25:56 PM"}
{"level":"info","message":"emp_data : ","timestamp":"12:25:56 PM"}
{"level":"info","message":"emp_data : ","timestamp":"12:25:57 PM"}
{"level":"info","message":"emp_data : ","timestamp":"12:25:57 PM"}
{"level":"info","message":"emp_data : ","timestamp":"12:25:58 PM"}
{"level":"info","message":"emp_data : ","timestamp":"12:25:58 PM"}
{"level":"info","message":"emp_data : ","timestamp":"12:25:59 PM"}
{"level":"info","message":"emp_data : ","timestamp":"12:25:59 PM"}
{"level":"info","message":"emp_data : ","timestamp":"12:26:00 PM"}
{"level":"info","message":"emp_data : ","timestamp":"12:26:00 PM"}
{"level":"info","message":"emp_data : ","timestamp":"12:26:01 PM"}
{"level":"info","message":"emp_data : ","timestamp":"12:26:01 PM"}
{"level":"info","message":"emp_data : ","timestamp":"12:26:02 PM"}
{"level":"info","message":"emp_data : ","timestamp":"12:26:02 PM"}
{"level":"info","message":"emp_data : ","timestamp":"12:26:03 PM"}
{"level":"info","message":"emp_data : ","timestamp":"12:26:03 PM"}
{"level":"info","message":"emp_data : ","timestamp":"12:26:04 PM"}
{"level":"info","message":"emp_data : ","timestamp":"12:26:04 PM"}
{"level":"info","message":"emp_data : ","timestamp":"12:26:05 PM"}
{"level":"info","message":"emp_data : ","timestamp":"12:26:05 PM"}
{"level":"info","message":"emp_data : ","timestamp":"12:26:06 PM"}
{"level":"info","message":"emp_data : ","timestamp":"12:26:06 PM"}
{"level":"info","message":"emp_data : ","timestamp":"12:26:07 PM"}
{"level":"info","message":"emp_data : ","timestamp":"12:26:07 PM"}
{"level":"info","message":"emp_data : ","timestamp":"12:26:08 PM"}
{"level":"info","message":"emp_data : ","timestamp":"12:26:08 PM"}
{"level":"info","message":"emp_data : ","timestamp":"12:26:09 PM"}
{"level":"info","message":"emp_data : ","timestamp":"12:26:09 PM"}
{"level":"info","message":"emp_data : ","timestamp":"12:26:10 PM"}
{"level":"info","message":"emp_data : ","timestamp":"12:26:10 PM"}
{"level":"info","message":"emp_data : ","timestamp":"12:26:11 PM"}
{"level":"info","message":"emp_data : ","timestamp":"12:26:11 PM"}
{"level":"info","message":"emp_data : ","timestamp":"12:26:12 PM"}
{"level":"info","message":"emp_data : ","timestamp":"12:26:13 PM"}
{"level":"info","message":"emp_data : ","timestamp":"12:26:14 PM"}
{"level":"info","message":"emp_data : ","timestamp":"12:26:15 PM"}
{"level":"info","message":"emp_data : ","timestamp":"12:29:05 PM"}
{"level":"info","message":"emp_data : ","timestamp":"12:29:06 PM"}
{"level":"info","message":"emp_data : ","timestamp":"12:29:06 PM"}
{"level":"info","message":"emp_data : ","timestamp":"12:29:07 PM"}
{"level":"info","message":"emp_data : ","timestamp":"12:29:07 PM"}
{"level":"info","message":"emp_data : ","timestamp":"12:29:08 PM"}
{"level":"info","message":"emp_data : ","timestamp":"12:30:15 PM"}
{"level":"info","message":"emp_data : ","timestamp":"12:30:15 PM"}
{"level":"info","message":"emp_data : ","timestamp":"12:30:16 PM"}
{"level":"info","message":"emp_data : ","timestamp":"12:30:16 PM"}
{"level":"info","message":"emp_data : ","timestamp":"12:30:17 PM"}
{"level":"info","message":"emp_data : ","timestamp":"12:30:17 PM"}
{"level":"info","message":"emp_data : ","timestamp":"12:39:12 PM"}
{"level":"info","message":"emp_data : ","timestamp":"12:39:13 PM"}
{"level":"info","message":"emp_data : ","timestamp":"12:39:14 PM"}
{"level":"info","message":"emp_data : ","timestamp":"12:39:15 PM"}
{"level":"info","message":"emp_data : ","timestamp":"12:39:16 PM"}
{"level":"info","message":"emp_data : ","timestamp":"12:39:17 PM"}
{"level":"info","message":"Start premium_list_db","timestamp":"1:25:53 PM"}
{"level":"info","message":"Waiting premium_list_db","timestamp":"1:25:53 PM"}
{"level":"info","message":"Start premium_summary","timestamp":"1:25:53 PM"}
{"level":"info","message":"Waiting premium_summary","timestamp":"1:25:53 PM"}
{"level":"info","message":"Finish premium_list_db","timestamp":"1:25:53 PM"}
{"level":"info","message":"Finish premium_summary","timestamp":"1:25:53 PM"}
{"level":"info","message":"Success","timestamp":"1:25:54 PM"}
{"level":"info","message":"/kyc_details/save_kyc_details - kyc_details document updated","timestamp":"1:25:54 PM"}
{"level":"info","message":"Waiting api_log_summary","timestamp":"1:26:03 PM"}
{"level":"info","message":"Client_Details { Platform: 'Website',\n  Role: 'LMClient',\n  Integration_Type: 'NonPOSP',\n  Premium_Source: 'Real',\n  __v: 0,\n  Response_Type: 'QUOTE',\n  Client_Name: 'PolicyBoss',\n  Client_Unique_Id: 'CLIENT-CNTP6NYE-CU9N-DUZW-CSPI-SH1IS4DOVHB9',\n  Secret_Key: 'SECRET-HZ07QRWY-JIBT-XRMQ-ZP95-J0RWP3DYRACW',\n  Created_On: '2017-05-17T12:55:14.111Z',\n  Is_Active: true,\n  Modified_On: '2017-05-17T12:55:14.111Z',\n  Client_Id: 2,\n  _id: '591c48321cc1042aec9ee6c9' }","timestamp":"1:26:03 PM"}
{"level":"info","message":"Finish api_log_summary","timestamp":"1:26:03 PM"}
{"level":"info","message":"Success","timestamp":"1:26:04 PM"}
{"level":"info","message":"Start save_user_data","timestamp":"1:26:04 PM"}
{"level":"info","message":"Waiting api_log_summary","timestamp":"1:26:04 PM"}
{"level":"info","message":"Client_Details { Platform: 'Website',\n  Role: 'LMClient',\n  Integration_Type: 'NonPOSP',\n  Premium_Source: 'Real',\n  __v: 0,\n  Response_Type: 'QUOTE',\n  Client_Name: 'PolicyBoss',\n  Client_Unique_Id: 'CLIENT-CNTP6NYE-CU9N-DUZW-CSPI-SH1IS4DOVHB9',\n  Secret_Key: 'SECRET-HZ07QRWY-JIBT-XRMQ-ZP95-J0RWP3DYRACW',\n  Created_On: '2017-05-17T12:55:14.111Z',\n  Is_Active: true,\n  Modified_On: '2017-05-17T12:55:14.111Z',\n  Client_Id: 2,\n  _id: '591c48321cc1042aec9ee6c9' }","timestamp":"1:26:05 PM"}
{"level":"info","message":"Finish api_log_summary","timestamp":"1:26:05 PM"}
{"level":"info","message":"UserDataUpdated null { n: 1, nModified: 1, ok: 1 }","timestamp":"1:26:05 PM"}
{"level":"info","message":"Start save_user_data","timestamp":"1:29:39 PM"}
{"level":"info","message":"Waiting api_log_summary","timestamp":"1:29:39 PM"}
{"level":"info","message":"Client_Details { Platform: 'Website',\n  Role: 'LMClient',\n  Integration_Type: 'NonPOSP',\n  Premium_Source: 'Real',\n  __v: 0,\n  Response_Type: 'QUOTE',\n  Client_Name: 'PolicyBoss',\n  Client_Unique_Id: 'CLIENT-CNTP6NYE-CU9N-DUZW-CSPI-SH1IS4DOVHB9',\n  Secret_Key: 'SECRET-HZ07QRWY-JIBT-XRMQ-ZP95-J0RWP3DYRACW',\n  Created_On: '2017-05-17T12:55:14.111Z',\n  Is_Active: true,\n  Modified_On: '2017-05-17T12:55:14.111Z',\n  Client_Id: 2,\n  _id: '591c48321cc1042aec9ee6c9' }","timestamp":"1:29:39 PM"}
{"level":"info","message":"Finish api_log_summary","timestamp":"1:29:39 PM"}
{"level":"info","message":"UserDataUpdated null { n: 1, nModified: 1, ok: 1 }","timestamp":"1:29:39 PM"}
{"level":"info","message":"emailupdate null { n: 1, nModified: 1, ok: 1 }","timestamp":"1:29:46 PM"}
{"level":"info","message":"Start save_user_data","timestamp":"1:30:04 PM"}
{"level":"info","message":"Waiting api_log_summary","timestamp":"1:30:04 PM"}
{"level":"info","message":"Client_Details { Platform: 'Website',\n  Role: 'LMClient',\n  Integration_Type: 'NonPOSP',\n  Premium_Source: 'Real',\n  __v: 0,\n  Response_Type: 'QUOTE',\n  Client_Name: 'PolicyBoss',\n  Client_Unique_Id: 'CLIENT-CNTP6NYE-CU9N-DUZW-CSPI-SH1IS4DOVHB9',\n  Secret_Key: 'SECRET-HZ07QRWY-JIBT-XRMQ-ZP95-J0RWP3DYRACW',\n  Created_On: '2017-05-17T12:55:14.111Z',\n  Is_Active: true,\n  Modified_On: '2017-05-17T12:55:14.111Z',\n  Client_Id: 2,\n  _id: '591c48321cc1042aec9ee6c9' }","timestamp":"1:30:04 PM"}
{"level":"info","message":"Finish api_log_summary","timestamp":"1:30:04 PM"}
{"level":"info","message":"UserDataUpdated null { n: 1, nModified: 1, ok: 1 }","timestamp":"1:30:04 PM"}
{"level":"info","message":"Start save_user_data","timestamp":"1:30:42 PM"}
{"level":"info","message":"Waiting api_log_summary","timestamp":"1:30:42 PM"}
{"level":"info","message":"Client_Details { Platform: 'Website',\n  Role: 'LMClient',\n  Integration_Type: 'NonPOSP',\n  Premium_Source: 'Real',\n  __v: 0,\n  Response_Type: 'QUOTE',\n  Client_Name: 'PolicyBoss',\n  Client_Unique_Id: 'CLIENT-CNTP6NYE-CU9N-DUZW-CSPI-SH1IS4DOVHB9',\n  Secret_Key: 'SECRET-HZ07QRWY-JIBT-XRMQ-ZP95-J0RWP3DYRACW',\n  Created_On: '2017-05-17T12:55:14.111Z',\n  Is_Active: true,\n  Modified_On: '2017-05-17T12:55:14.111Z',\n  Client_Id: 2,\n  _id: '591c48321cc1042aec9ee6c9' }","timestamp":"1:30:42 PM"}
{"level":"info","message":"Finish api_log_summary","timestamp":"1:30:42 PM"}
{"level":"info","message":"UserDataUpdated null { n: 1, nModified: 1, ok: 1 }","timestamp":"1:30:42 PM"}
{"level":"info","message":"Start save_user_data","timestamp":"1:30:44 PM"}
{"level":"info","message":"Waiting api_log_summary","timestamp":"1:30:44 PM"}
{"level":"info","message":"Client_Details { Platform: 'Website',\n  Role: 'LMClient',\n  Integration_Type: 'NonPOSP',\n  Premium_Source: 'Real',\n  __v: 0,\n  Response_Type: 'QUOTE',\n  Client_Name: 'PolicyBoss',\n  Client_Unique_Id: 'CLIENT-CNTP6NYE-CU9N-DUZW-CSPI-SH1IS4DOVHB9',\n  Secret_Key: 'SECRET-HZ07QRWY-JIBT-XRMQ-ZP95-J0RWP3DYRACW',\n  Created_On: '2017-05-17T12:55:14.111Z',\n  Is_Active: true,\n  Modified_On: '2017-05-17T12:55:14.111Z',\n  Client_Id: 2,\n  _id: '591c48321cc1042aec9ee6c9' }","timestamp":"1:30:44 PM"}
{"level":"info","message":"Finish api_log_summary","timestamp":"1:30:44 PM"}
{"level":"info","message":"UserDataUpdated null { n: 1, nModified: 1, ok: 1 }","timestamp":"1:30:44 PM"}
{"level":"info","message":"Waiting api_log_summary","timestamp":"1:30:49 PM"}
{"level":"info","message":"Client_Details { Platform: 'Website',\n  Role: 'LMClient',\n  Integration_Type: 'NonPOSP',\n  Premium_Source: 'Real',\n  __v: 0,\n  Response_Type: 'QUOTE',\n  Client_Name: 'PolicyBoss',\n  Client_Unique_Id: 'CLIENT-CNTP6NYE-CU9N-DUZW-CSPI-SH1IS4DOVHB9',\n  Secret_Key: 'SECRET-HZ07QRWY-JIBT-XRMQ-ZP95-J0RWP3DYRACW',\n  Created_On: '2017-05-17T12:55:14.111Z',\n  Is_Active: true,\n  Modified_On: '2017-05-17T12:55:14.111Z',\n  Client_Id: 2,\n  _id: '591c48321cc1042aec9ee6c9' }","timestamp":"1:30:49 PM"}
{"level":"info","message":"Finish api_log_summary","timestamp":"1:30:49 PM"}
{"level":"info","message":"Start save_user_data","timestamp":"1:30:50 PM"}
{"level":"info","message":"Waiting api_log_summary","timestamp":"1:30:50 PM"}
{"level":"info","message":"Client_Details { Platform: 'Website',\n  Role: 'LMClient',\n  Integration_Type: 'NonPOSP',\n  Premium_Source: 'Real',\n  __v: 0,\n  Response_Type: 'QUOTE',\n  Client_Name: 'PolicyBoss',\n  Client_Unique_Id: 'CLIENT-CNTP6NYE-CU9N-DUZW-CSPI-SH1IS4DOVHB9',\n  Secret_Key: 'SECRET-HZ07QRWY-JIBT-XRMQ-ZP95-J0RWP3DYRACW',\n  Created_On: '2017-05-17T12:55:14.111Z',\n  Is_Active: true,\n  Modified_On: '2017-05-17T12:55:14.111Z',\n  Client_Id: 2,\n  _id: '591c48321cc1042aec9ee6c9' }","timestamp":"1:30:50 PM"}
{"level":"info","message":"Finish api_log_summary","timestamp":"1:30:50 PM"}
{"level":"info","message":"UserDataUpdated null { n: 1, nModified: 1, ok: 1 }","timestamp":"1:30:50 PM"}
{"level":"info","message":"Success","timestamp":"1:30:50 PM"}
{"level":"info","message":"emailupdate null { n: 1, nModified: 1, ok: 1 }","timestamp":"1:30:57 PM"}
{"level":"info","message":"emailupdate null { n: 1, nModified: 1, ok: 1 }","timestamp":"1:32:20 PM"}
{"level":"info","message":"$$$$$$$$$$$$$$$$$$$$$$$$","timestamp":"1:35:41 PM"}
{"meta":"","level":"info","message":"","timestamp":"1:35:41 PM"}
{"level":"info","message":"Production Environment is Listening on port 3000","timestamp":"1:35:41 PM"}
{"level":"info","message":"Web URL : http://localhost:3000","timestamp":"1:35:41 PM"}
{"meta":"","level":"info","message":"","timestamp":"1:35:41 PM"}
{"level":"info","message":"$$$$$$$$$$$$$$$$$$$$$$$$","timestamp":"1:35:41 PM"}
{"meta":"","level":"info","message":"","timestamp":"1:35:41 PM"}
{"level":"info","message":"$$$$$$$$$$$$$$$$$$$$$$$$","timestamp":"1:40:32 PM"}
{"meta":"","level":"info","message":"","timestamp":"1:40:32 PM"}
{"level":"info","message":"Production Environment is Listening on port 3000","timestamp":"1:40:32 PM"}
{"level":"info","message":"Web URL : http://localhost:3000","timestamp":"1:40:32 PM"}
{"meta":"","level":"info","message":"","timestamp":"1:40:32 PM"}
{"level":"info","message":"$$$$$$$$$$$$$$$$$$$$$$$$","timestamp":"1:40:32 PM"}
{"meta":"","level":"info","message":"","timestamp":"1:40:32 PM"}
{"level":"info","message":"Waiting api_log_summary","timestamp":"1:40:49 PM"}
{"level":"info","message":"Client_Details { Platform: 'Website',\n  Role: 'LMClient',\n  Integration_Type: 'NonPOSP',\n  Premium_Source: 'Real',\n  __v: 0,\n  Response_Type: 'QUOTE',\n  Client_Name: 'PolicyBoss',\n  Client_Unique_Id: 'CLIENT-CNTP6NYE-CU9N-DUZW-CSPI-SH1IS4DOVHB9',\n  Secret_Key: 'SECRET-HZ07QRWY-JIBT-XRMQ-ZP95-J0RWP3DYRACW',\n  Created_On: '2017-05-17T12:55:14.111Z',\n  Is_Active: true,\n  Modified_On: '2017-05-17T12:55:14.111Z',\n  Client_Id: 2,\n  _id: '591c48321cc1042aec9ee6c9' }","timestamp":"1:40:49 PM"}
{"level":"info","message":"Finish api_log_summary","timestamp":"1:40:49 PM"}
{"level":"info","message":"Start save_user_data","timestamp":"1:40:50 PM"}
{"level":"info","message":"Waiting api_log_summary","timestamp":"1:40:50 PM"}
{"level":"info","message":"Client_Details { Platform: 'Website',\n  Role: 'LMClient',\n  Integration_Type: 'NonPOSP',\n  Premium_Source: 'Real',\n  __v: 0,\n  Response_Type: 'QUOTE',\n  Client_Name: 'PolicyBoss',\n  Client_Unique_Id: 'CLIENT-CNTP6NYE-CU9N-DUZW-CSPI-SH1IS4DOVHB9',\n  Secret_Key: 'SECRET-HZ07QRWY-JIBT-XRMQ-ZP95-J0RWP3DYRACW',\n  Created_On: '2017-05-17T12:55:14.111Z',\n  Is_Active: true,\n  Modified_On: '2017-05-17T12:55:14.111Z',\n  Client_Id: 2,\n  _id: '591c48321cc1042aec9ee6c9' }","timestamp":"1:40:50 PM"}
{"level":"info","message":"Finish api_log_summary","timestamp":"1:40:50 PM"}
{"level":"info","message":"Success","timestamp":"1:40:50 PM"}
{"level":"info","message":"UserDataUpdated null { n: 1, nModified: 1, ok: 1 }","timestamp":"1:40:51 PM"}
{"level":"info","message":"emailupdate null { n: 1, nModified: 1, ok: 1 }","timestamp":"1:40:58 PM"}
{"level":"info","message":"emailupdate null { n: 1, nModified: 1, ok: 1 }","timestamp":"1:41:22 PM"}
{"level":"info","message":"emailupdate null { n: 1, nModified: 1, ok: 1 }","timestamp":"1:42:05 PM"}
{"level":"info","message":"emp_data : ","timestamp":"2:09:30 PM"}
{"level":"info","message":"emp_data : ","timestamp":"2:09:30 PM"}
{"level":"info","message":"emp_data : ","timestamp":"2:09:31 PM"}
{"level":"info","message":"emp_data : ","timestamp":"2:09:31 PM"}
{"level":"info","message":"emp_data : ","timestamp":"2:09:32 PM"}
{"level":"info","message":"emp_data : ","timestamp":"2:09:32 PM"}
{"level":"info","message":"emp_data : ","timestamp":"2:09:33 PM"}
{"level":"info","message":"emp_data : ","timestamp":"2:09:33 PM"}
{"level":"info","message":"emp_data : ","timestamp":"2:09:34 PM"}
{"level":"info","message":"emp_data : ","timestamp":"2:09:34 PM"}
{"level":"info","message":"emp_data : ","timestamp":"2:09:35 PM"}
{"level":"info","message":"emp_data : ","timestamp":"2:09:35 PM"}
{"level":"info","message":"emp_data : ","timestamp":"2:09:36 PM"}
{"level":"info","message":"emp_data : ","timestamp":"2:09:36 PM"}
{"level":"info","message":"emp_data : ","timestamp":"2:09:37 PM"}
{"level":"info","message":"emp_data : ","timestamp":"2:09:37 PM"}
{"level":"info","message":"emp_data : ","timestamp":"2:09:38 PM"}
{"level":"info","message":"emp_data : ","timestamp":"2:09:38 PM"}
{"level":"info","message":"emp_data : ","timestamp":"2:09:39 PM"}
{"level":"info","message":"emp_data : ","timestamp":"2:09:39 PM"}
{"level":"info","message":"emp_data : ","timestamp":"2:09:40 PM"}
{"level":"info","message":"emp_data : ","timestamp":"2:09:40 PM"}
{"level":"info","message":"emp_data : ","timestamp":"2:09:41 PM"}
{"level":"info","message":"emp_data : ","timestamp":"2:09:41 PM"}
{"level":"info","message":"emp_data : ","timestamp":"2:09:42 PM"}
{"level":"info","message":"emp_data : ","timestamp":"2:09:42 PM"}
{"level":"info","message":"emp_data : ","timestamp":"2:09:43 PM"}
{"level":"info","message":"emp_data : ","timestamp":"2:09:43 PM"}
{"level":"info","message":"emp_data : ","timestamp":"2:09:44 PM"}
{"level":"info","message":"emp_data : ","timestamp":"2:09:44 PM"}
{"level":"info","message":"emp_data : ","timestamp":"2:09:45 PM"}
{"level":"info","message":"emp_data : ","timestamp":"2:09:46 PM"}
{"level":"info","message":"emp_data : ","timestamp":"2:09:46 PM"}
{"level":"info","message":"emp_data : ","timestamp":"2:09:46 PM"}
{"level":"info","message":"emp_data : ","timestamp":"2:09:47 PM"}
{"level":"info","message":"emp_data : ","timestamp":"2:09:48 PM"}
{"level":"info","message":"emp_data : ","timestamp":"2:09:48 PM"}
{"level":"info","message":"emp_data : ","timestamp":"2:09:48 PM"}
{"level":"info","message":"emp_data : ","timestamp":"2:09:49 PM"}
{"level":"info","message":"emp_data : ","timestamp":"2:09:49 PM"}
{"level":"info","message":"emp_data : ","timestamp":"2:09:50 PM"}
{"level":"info","message":"emp_data : ","timestamp":"2:09:51 PM"}
{"level":"info","message":"emp_data : ","timestamp":"2:09:52 PM"}
{"level":"info","message":"emp_data : ","timestamp":"2:09:52 PM"}
{"level":"info","message":"emp_data : ","timestamp":"2:09:53 PM"}
{"level":"info","message":"emp_data : ","timestamp":"2:09:53 PM"}
{"level":"info","message":"emp_data : ","timestamp":"2:09:54 PM"}
{"level":"info","message":"emp_data : ","timestamp":"2:09:54 PM"}
{"level":"info","message":"emp_data : ","timestamp":"2:09:55 PM"}
{"level":"info","message":"emp_data : ","timestamp":"2:09:55 PM"}
{"level":"info","message":"emp_data : ","timestamp":"2:09:56 PM"}
{"level":"info","message":"emp_data : ","timestamp":"2:09:56 PM"}
{"level":"info","message":"emp_data : ","timestamp":"2:09:57 PM"}
{"level":"info","message":"emp_data : ","timestamp":"2:09:57 PM"}
{"level":"info","message":"emp_data : ","timestamp":"2:09:58 PM"}
{"level":"info","message":"emp_data : ","timestamp":"2:09:59 PM"}
{"level":"info","message":"emp_data : ","timestamp":"2:10:00 PM"}
{"level":"info","message":"emp_data : ","timestamp":"2:10:01 PM"}
{"level":"info","message":"emp_data : ","timestamp":"2:10:02 PM"}
{"level":"info","message":"emp_data : ","timestamp":"2:10:03 PM"}
{"level":"info","message":"emp_data : ","timestamp":"2:10:04 PM"}
{"level":"info","message":"emp_data : ","timestamp":"2:10:05 PM"}
{"level":"info","message":"emp_data : ","timestamp":"2:10:06 PM"}
{"level":"info","message":"emp_data : ","timestamp":"2:10:07 PM"}
{"level":"info","message":"emp_data : ","timestamp":"2:10:08 PM"}
{"level":"info","message":"emp_data : ","timestamp":"2:10:08 PM"}
{"level":"info","message":"emp_data : ","timestamp":"2:10:09 PM"}
{"level":"info","message":"emp_data : ","timestamp":"2:10:09 PM"}
{"level":"info","message":"emp_data : ","timestamp":"2:10:10 PM"}
{"level":"info","message":"emp_data : ","timestamp":"2:10:10 PM"}
{"level":"info","message":"emp_data : ","timestamp":"2:10:11 PM"}
{"level":"info","message":"emp_data : ","timestamp":"2:10:11 PM"}
{"level":"info","message":"emp_data : ","timestamp":"2:10:12 PM"}
{"level":"info","message":"emp_data : ","timestamp":"2:10:12 PM"}
{"level":"info","message":"emp_data : ","timestamp":"2:10:13 PM"}
{"level":"info","message":"emp_data : ","timestamp":"2:10:14 PM"}
{"level":"info","message":"emp_data : ","timestamp":"2:10:15 PM"}
{"level":"info","message":"emp_data : ","timestamp":"2:10:16 PM"}
{"level":"info","message":"emp_data : ","timestamp":"2:10:17 PM"}
{"level":"info","message":"emp_data : ","timestamp":"2:10:18 PM"}
{"level":"info","message":"emp_data : ","timestamp":"2:10:19 PM"}
{"level":"info","message":"emp_data : ","timestamp":"2:10:20 PM"}
{"level":"info","message":"emp_data : ","timestamp":"2:10:21 PM"}
{"level":"info","message":"emp_data : ","timestamp":"2:10:22 PM"}
{"level":"info","message":"emp_data : ","timestamp":"2:10:23 PM"}
{"level":"info","message":"emp_data : ","timestamp":"2:10:24 PM"}
{"level":"info","message":"emp_data : ","timestamp":"2:10:25 PM"}
{"level":"info","message":"emp_data : ","timestamp":"2:10:26 PM"}
{"level":"info","message":"emp_data : ","timestamp":"2:10:27 PM"}
{"level":"info","message":"emp_data : ","timestamp":"2:10:28 PM"}
{"level":"info","message":"emp_data : ","timestamp":"2:10:29 PM"}
{"level":"info","message":"emp_data : ","timestamp":"2:10:30 PM"}
{"level":"info","message":"emp_data : ","timestamp":"2:10:31 PM"}
{"level":"info","message":"emp_data : ","timestamp":"2:10:32 PM"}
{"level":"info","message":"emp_data : ","timestamp":"2:10:33 PM"}
{"level":"info","message":"emp_data : ","timestamp":"2:10:34 PM"}
{"level":"info","message":"emp_data : ","timestamp":"2:10:35 PM"}
{"level":"info","message":"emp_data : ","timestamp":"2:10:36 PM"}
{"level":"info","message":"emp_data : ","timestamp":"2:10:37 PM"}
{"level":"info","message":"emp_data : ","timestamp":"2:10:38 PM"}
{"level":"info","message":"emp_data : ","timestamp":"2:10:39 PM"}
{"level":"info","message":"emp_data : ","timestamp":"2:10:40 PM"}
{"level":"info","message":"emp_data : ","timestamp":"2:10:41 PM"}
{"level":"info","message":"emp_data : ","timestamp":"2:10:42 PM"}
{"level":"info","message":"emp_data : ","timestamp":"2:10:43 PM"}
{"level":"info","message":"emp_data : ","timestamp":"2:10:44 PM"}
{"level":"info","message":"emp_data : ","timestamp":"2:10:45 PM"}
{"level":"info","message":"emp_data : ","timestamp":"2:10:46 PM"}
{"level":"info","message":"emp_data : ","timestamp":"2:10:47 PM"}
{"level":"info","message":"emp_data : ","timestamp":"2:10:48 PM"}
{"level":"info","message":"emp_data : ","timestamp":"2:10:49 PM"}
{"level":"info","message":"emp_data : ","timestamp":"2:10:50 PM"}
{"level":"info","message":"emp_data : ","timestamp":"2:10:51 PM"}
{"level":"info","message":"emp_data : ","timestamp":"2:10:52 PM"}
{"level":"info","message":"emp_data : ","timestamp":"2:10:53 PM"}
{"level":"info","message":"emp_data : ","timestamp":"2:10:54 PM"}
{"level":"info","message":"emp_data : ","timestamp":"2:10:55 PM"}
{"level":"info","message":"emp_data : ","timestamp":"2:10:56 PM"}
{"level":"info","message":"emp_data : ","timestamp":"2:10:57 PM"}
{"level":"info","message":"emp_data : ","timestamp":"2:10:58 PM"}
{"level":"info","message":"emp_data : ","timestamp":"2:10:59 PM"}
{"level":"info","message":"emp_data : ","timestamp":"2:11:00 PM"}
{"level":"info","message":"emp_data : ","timestamp":"2:11:01 PM"}
{"level":"info","message":"emp_data : ","timestamp":"2:11:02 PM"}
{"level":"info","message":"emp_data : ","timestamp":"2:11:03 PM"}
{"level":"info","message":"emp_data : ","timestamp":"2:11:04 PM"}
{"level":"info","message":"emp_data : ","timestamp":"2:11:05 PM"}
{"level":"info","message":"emp_data : ","timestamp":"2:11:06 PM"}
{"level":"info","message":"emp_data : ","timestamp":"2:11:07 PM"}
{"level":"info","message":"emp_data : ","timestamp":"2:11:08 PM"}
{"level":"info","message":"emp_data : ","timestamp":"2:11:09 PM"}
{"level":"info","message":"emp_data : ","timestamp":"2:11:10 PM"}
{"level":"info","message":"emp_data : ","timestamp":"2:11:11 PM"}
{"level":"info","message":"emp_data : ","timestamp":"2:11:12 PM"}
{"level":"info","message":"emp_data : ","timestamp":"2:11:18 PM"}
{"level":"info","message":"emp_data : ","timestamp":"2:11:50 PM"}
{"level":"info","message":"emp_data : ","timestamp":"2:11:50 PM"}
{"level":"info","message":"emp_data : ","timestamp":"2:11:51 PM"}
{"level":"info","message":"emp_data : ","timestamp":"2:11:52 PM"}
{"level":"info","message":"emp_data : ","timestamp":"2:11:53 PM"}
{"level":"info","message":"$$$$$$$$$$$$$$$$$$$$$$$$","timestamp":"2:12:08 PM"}
{"meta":"","level":"info","message":"","timestamp":"2:12:08 PM"}
{"level":"info","message":"Production Environment is Listening on port 3000","timestamp":"2:12:08 PM"}
{"level":"info","message":"Web URL : http://localhost:3000","timestamp":"2:12:08 PM"}
{"meta":"","level":"info","message":"","timestamp":"2:12:08 PM"}
{"level":"info","message":"$$$$$$$$$$$$$$$$$$$$$$$$","timestamp":"2:12:08 PM"}
{"meta":"","level":"info","message":"","timestamp":"2:12:08 PM"}
{"level":"info","message":"emp_data : ","timestamp":"2:12:09 PM"}
{"level":"info","message":"emp_data : ","timestamp":"2:12:09 PM"}
{"level":"info","message":"emp_data : ","timestamp":"2:12:09 PM"}
{"level":"info","message":"emp_data : ","timestamp":"2:12:09 PM"}
{"level":"info","message":"emp_data : ","timestamp":"2:12:10 PM"}
{"level":"info","message":"emp_data : ","timestamp":"2:12:11 PM"}
{"level":"info","message":"emp_data : ","timestamp":"2:12:12 PM"}
{"level":"info","message":"emp_data : ","timestamp":"2:12:13 PM"}
{"level":"info","message":"emp_data : ","timestamp":"2:12:14 PM"}
{"level":"info","message":"emp_data : ","timestamp":"2:12:15 PM"}
{"level":"info","message":"emp_data : ","timestamp":"2:12:16 PM"}
{"level":"info","message":"emp_data : ","timestamp":"2:12:17 PM"}
{"level":"info","message":"emp_data : ","timestamp":"2:12:18 PM"}
{"level":"info","message":"emp_data : ","timestamp":"2:12:19 PM"}
{"level":"info","message":"emp_data : ","timestamp":"2:12:20 PM"}
{"level":"info","message":"emp_data : ","timestamp":"2:12:21 PM"}
{"level":"info","message":"emp_data : ","timestamp":"2:12:22 PM"}
{"level":"info","message":"emp_data : ","timestamp":"2:12:23 PM"}
{"level":"info","message":"emp_data : ","timestamp":"2:12:24 PM"}
{"level":"info","message":"emp_data : ","timestamp":"2:12:25 PM"}
{"level":"info","message":"emp_data : ","timestamp":"2:12:25 PM"}
{"level":"info","message":"emp_data : ","timestamp":"2:12:25 PM"}
{"level":"info","message":"emp_data : ","timestamp":"2:12:26 PM"}
{"level":"info","message":"emp_data : ","timestamp":"2:12:26 PM"}
{"level":"info","message":"emp_data : ","timestamp":"2:12:27 PM"}
{"level":"info","message":"emp_data : ","timestamp":"2:12:28 PM"}
{"level":"info","message":"emp_data : ","timestamp":"2:12:29 PM"}
{"level":"info","message":"emp_data : ","timestamp":"2:12:30 PM"}
{"level":"info","message":"emp_data : ","timestamp":"2:12:31 PM"}
{"level":"info","message":"emp_data : ","timestamp":"2:12:32 PM"}
{"level":"info","message":"emp_data : ","timestamp":"2:12:33 PM"}
{"level":"info","message":"emp_data : ","timestamp":"2:12:34 PM"}
{"level":"info","message":"emp_data : ","timestamp":"2:12:35 PM"}
{"level":"info","message":"emp_data : ","timestamp":"2:12:35 PM"}
{"level":"info","message":"emp_data : ","timestamp":"2:12:36 PM"}
{"level":"info","message":"emp_data : ","timestamp":"2:12:37 PM"}
{"level":"info","message":"emp_data : ","timestamp":"2:12:38 PM"}
{"level":"info","message":"emp_data : ","timestamp":"2:12:39 PM"}
{"level":"info","message":"emp_data : ","timestamp":"2:12:40 PM"}
{"level":"info","message":"emp_data : ","timestamp":"2:12:41 PM"}
{"level":"info","message":"emp_data : ","timestamp":"2:12:42 PM"}
{"level":"info","message":"emp_data : ","timestamp":"2:12:43 PM"}
{"level":"info","message":"emp_data : ","timestamp":"2:12:44 PM"}
{"level":"info","message":"emp_data : ","timestamp":"2:12:45 PM"}
{"level":"info","message":"emp_data : ","timestamp":"2:12:45 PM"}
{"level":"info","message":"emp_data : ","timestamp":"2:12:46 PM"}
{"level":"info","message":"emp_data : ","timestamp":"2:12:47 PM"}
{"level":"info","message":"emp_data : ","timestamp":"2:12:47 PM"}
{"level":"info","message":"emp_data : ","timestamp":"2:12:48 PM"}
{"level":"info","message":"emp_data : ","timestamp":"2:12:49 PM"}
{"level":"info","message":"emp_data : ","timestamp":"2:12:50 PM"}
{"level":"info","message":"emp_data : ","timestamp":"2:12:51 PM"}
{"level":"info","message":"emp_data : ","timestamp":"2:12:52 PM"}
{"level":"info","message":"emp_data : ","timestamp":"2:12:53 PM"}
{"level":"info","message":"emp_data : ","timestamp":"2:12:54 PM"}
{"level":"info","message":"emp_data : ","timestamp":"2:12:55 PM"}
{"level":"info","message":"emp_data : ","timestamp":"2:12:56 PM"}
{"level":"info","message":"emp_data : ","timestamp":"2:12:56 PM"}
{"level":"info","message":"emp_data : ","timestamp":"2:12:57 PM"}
{"level":"info","message":"emp_data : ","timestamp":"2:12:57 PM"}
{"level":"info","message":"emp_data : ","timestamp":"2:12:58 PM"}
{"level":"info","message":"emp_data : ","timestamp":"2:12:58 PM"}
{"level":"info","message":"emp_data : ","timestamp":"2:12:59 PM"}
{"level":"info","message":"emp_data : ","timestamp":"2:12:59 PM"}
{"level":"info","message":"Waiting api_log_summary","timestamp":"2:13:23 PM"}
{"level":"info","message":"Client_Details { Platform: 'Website',\n  Role: 'LMClient',\n  Integration_Type: 'NonPOSP',\n  Premium_Source: 'Real',\n  __v: 0,\n  Response_Type: 'QUOTE',\n  Client_Name: 'PolicyBoss',\n  Client_Unique_Id: 'CLIENT-CNTP6NYE-CU9N-DUZW-CSPI-SH1IS4DOVHB9',\n  Secret_Key: 'SECRET-HZ07QRWY-JIBT-XRMQ-ZP95-J0RWP3DYRACW',\n  Created_On: '2017-05-17T12:55:14.111Z',\n  Is_Active: true,\n  Modified_On: '2017-05-17T12:55:14.111Z',\n  Client_Id: 2,\n  _id: '591c48321cc1042aec9ee6c9' }","timestamp":"2:13:23 PM"}
{"level":"info","message":"Finish api_log_summary","timestamp":"2:13:23 PM"}
{"level":"info","message":"Start save_user_data","timestamp":"2:13:24 PM"}
{"level":"info","message":"Waiting api_log_summary","timestamp":"2:13:24 PM"}
{"level":"info","message":"Success","timestamp":"2:13:24 PM"}
{"level":"info","message":"Client_Details { Platform: 'Website',\n  Role: 'LMClient',\n  Integration_Type: 'NonPOSP',\n  Premium_Source: 'Real',\n  __v: 0,\n  Response_Type: 'QUOTE',\n  Client_Name: 'PolicyBoss',\n  Client_Unique_Id: 'CLIENT-CNTP6NYE-CU9N-DUZW-CSPI-SH1IS4DOVHB9',\n  Secret_Key: 'SECRET-HZ07QRWY-JIBT-XRMQ-ZP95-J0RWP3DYRACW',\n  Created_On: '2017-05-17T12:55:14.111Z',\n  Is_Active: true,\n  Modified_On: '2017-05-17T12:55:14.111Z',\n  Client_Id: 2,\n  _id: '591c48321cc1042aec9ee6c9' }","timestamp":"2:13:24 PM"}
{"level":"info","message":"Finish api_log_summary","timestamp":"2:13:24 PM"}
{"level":"info","message":"UserDataUpdated null { n: 1, nModified: 1, ok: 1 }","timestamp":"2:13:24 PM"}
{"level":"info","message":"emp_data : ","timestamp":"2:14:13 PM"}
{"level":"info","message":"emp_data : ","timestamp":"2:14:13 PM"}
{"level":"info","message":"emp_data : ","timestamp":"2:14:14 PM"}
{"level":"info","message":"emp_data : ","timestamp":"2:14:14 PM"}
{"level":"info","message":"emp_data : ","timestamp":"2:14:15 PM"}
{"level":"info","message":"emp_data : ","timestamp":"2:14:15 PM"}
{"level":"info","message":"emp_data : ","timestamp":"2:14:16 PM"}
{"level":"info","message":"emp_data : ","timestamp":"2:14:16 PM"}
{"level":"info","message":"emp_data : ","timestamp":"2:14:17 PM"}
{"level":"info","message":"emp_data : ","timestamp":"2:14:17 PM"}
{"level":"info","message":"emp_data : ","timestamp":"2:14:18 PM"}
{"level":"info","message":"emp_data : ","timestamp":"2:14:18 PM"}
{"level":"info","message":"emp_data : ","timestamp":"2:14:19 PM"}
{"level":"info","message":"emp_data : ","timestamp":"2:14:19 PM"}
{"level":"info","message":"emp_data : ","timestamp":"2:14:20 PM"}
{"level":"info","message":"emp_data : ","timestamp":"2:14:20 PM"}
{"level":"info","message":"emp_data : ","timestamp":"2:14:21 PM"}
{"level":"info","message":"emp_data : ","timestamp":"2:14:21 PM"}
{"level":"info","message":"emp_data : ","timestamp":"2:14:22 PM"}
{"level":"info","message":"emp_data : ","timestamp":"2:14:22 PM"}
{"level":"info","message":"emp_data : ","timestamp":"2:14:23 PM"}
{"level":"info","message":"emp_data : ","timestamp":"2:14:23 PM"}
{"level":"info","message":"emp_data : ","timestamp":"2:15:57 PM"}
{"level":"info","message":"emp_data : ","timestamp":"2:15:57 PM"}
{"level":"info","message":"emp_data : ","timestamp":"2:15:58 PM"}
{"level":"info","message":"emp_data : ","timestamp":"2:15:58 PM"}
{"level":"info","message":"emp_data : ","timestamp":"2:15:59 PM"}
{"level":"info","message":"emp_data : ","timestamp":"2:15:59 PM"}
{"level":"info","message":"emp_data : ","timestamp":"2:16:00 PM"}
{"level":"info","message":"emp_data : ","timestamp":"2:16:00 PM"}
{"level":"info","message":"emp_data : ","timestamp":"2:16:01 PM"}
{"level":"info","message":"emp_data : ","timestamp":"2:16:01 PM"}
{"level":"info","message":"emp_data : ","timestamp":"2:16:02 PM"}
{"level":"info","message":"emp_data : ","timestamp":"2:16:02 PM"}
{"level":"info","message":"emp_data : ","timestamp":"2:16:03 PM"}
{"level":"info","message":"emp_data : ","timestamp":"2:16:03 PM"}
{"level":"info","message":"emp_data : ","timestamp":"2:16:04 PM"}
{"level":"info","message":"emp_data : ","timestamp":"2:16:04 PM"}
{"level":"info","message":"emp_data : ","timestamp":"2:16:05 PM"}
{"level":"info","message":"emp_data : ","timestamp":"2:16:05 PM"}
{"level":"info","message":"emp_data : ","timestamp":"2:16:06 PM"}
{"level":"info","message":"emp_data : ","timestamp":"2:16:06 PM"}
{"level":"info","message":"emp_data : ","timestamp":"2:16:07 PM"}
{"level":"info","message":"emp_data : ","timestamp":"2:16:07 PM"}
{"level":"info","message":"emp_data : ","timestamp":"2:16:08 PM"}
{"level":"info","message":"emp_data : ","timestamp":"2:16:08 PM"}
{"level":"info","message":"emp_data : ","timestamp":"2:16:09 PM"}
{"level":"info","message":"emp_data : ","timestamp":"2:16:09 PM"}
{"level":"info","message":"emp_data : ","timestamp":"2:16:10 PM"}
{"level":"info","message":"emp_data : ","timestamp":"2:16:10 PM"}
{"level":"info","message":"emp_data : ","timestamp":"2:16:11 PM"}
{"level":"info","message":"emp_data : ","timestamp":"2:16:12 PM"}
{"level":"info","message":"emp_data : ","timestamp":"2:16:13 PM"}
{"level":"info","message":"emp_data : ","timestamp":"2:16:14 PM"}
{"level":"info","message":"emp_data : ","timestamp":"2:16:15 PM"}
{"level":"info","message":"emp_data : ","timestamp":"2:16:16 PM"}
{"level":"info","message":"emp_data : ","timestamp":"2:16:17 PM"}
{"level":"info","message":"emp_data : ","timestamp":"2:16:18 PM"}
{"level":"info","message":"emp_data : ","timestamp":"2:16:19 PM"}
{"level":"info","message":"emp_data : ","timestamp":"2:16:20 PM"}
{"level":"info","message":"emp_data : ","timestamp":"2:16:21 PM"}
{"level":"info","message":"emp_data : ","timestamp":"2:16:22 PM"}
{"level":"info","message":"emp_data : ","timestamp":"2:16:23 PM"}
{"level":"info","message":"emp_data : ","timestamp":"2:16:24 PM"}
{"level":"info","message":"emp_data : ","timestamp":"2:16:25 PM"}
{"level":"info","message":"emp_data : ","timestamp":"2:16:26 PM"}
{"level":"info","message":"emp_data : ","timestamp":"2:16:27 PM"}
{"level":"info","message":"emp_data : ","timestamp":"2:16:28 PM"}
{"level":"info","message":"emp_data : ","timestamp":"2:16:29 PM"}
{"level":"info","message":"emp_data : ","timestamp":"2:16:30 PM"}
{"level":"info","message":"emp_data : ","timestamp":"2:16:31 PM"}
{"level":"info","message":"emp_data : ","timestamp":"2:16:32 PM"}
{"level":"info","message":"emp_data : ","timestamp":"2:16:33 PM"}
{"level":"info","message":"emp_data : ","timestamp":"2:16:34 PM"}
{"level":"info","message":"emp_data : ","timestamp":"2:16:35 PM"}
{"level":"info","message":"emp_data : ","timestamp":"2:16:36 PM"}
{"level":"info","message":"emp_data : ","timestamp":"2:16:37 PM"}
{"level":"info","message":"emp_data : ","timestamp":"2:16:38 PM"}
{"level":"info","message":"emp_data : ","timestamp":"2:16:39 PM"}
{"level":"info","message":"emp_data : ","timestamp":"2:16:40 PM"}
{"level":"info","message":"emp_data : ","timestamp":"2:16:41 PM"}
{"level":"info","message":"emp_data : ","timestamp":"2:16:42 PM"}
{"level":"info","message":"emp_data : ","timestamp":"2:16:43 PM"}
{"level":"info","message":"emp_data : ","timestamp":"2:16:44 PM"}
{"level":"info","message":"emp_data : ","timestamp":"2:16:45 PM"}
{"level":"info","message":"emp_data : ","timestamp":"2:16:46 PM"}
{"level":"info","message":"emp_data : ","timestamp":"2:16:47 PM"}
{"level":"info","message":"emp_data : ","timestamp":"2:16:48 PM"}
{"level":"info","message":"emp_data : ","timestamp":"2:16:49 PM"}
{"level":"info","message":"emp_data : ","timestamp":"2:16:50 PM"}
{"level":"info","message":"emp_data : ","timestamp":"2:16:51 PM"}
{"level":"info","message":"emp_data : ","timestamp":"2:16:52 PM"}
{"level":"info","message":"emp_data : ","timestamp":"2:16:53 PM"}
{"level":"info","message":"emp_data : ","timestamp":"2:16:54 PM"}
{"level":"info","message":"emp_data : ","timestamp":"2:16:55 PM"}
{"level":"info","message":"emp_data : ","timestamp":"2:16:56 PM"}
{"level":"info","message":"emp_data : ","timestamp":"2:16:57 PM"}
{"level":"info","message":"emp_data : ","timestamp":"2:16:58 PM"}
{"level":"info","message":"emp_data : ","timestamp":"2:16:59 PM"}
{"level":"info","message":"emp_data : ","timestamp":"2:17:00 PM"}
{"level":"info","message":"emp_data : ","timestamp":"2:17:01 PM"}
{"level":"info","message":"emp_data : ","timestamp":"2:17:02 PM"}
{"level":"info","message":"emp_data : ","timestamp":"2:17:03 PM"}
{"level":"info","message":"emp_data : ","timestamp":"2:17:04 PM"}
{"level":"info","message":"emp_data : ","timestamp":"2:17:05 PM"}
{"level":"info","message":"emp_data : ","timestamp":"2:17:06 PM"}
{"level":"info","message":"emp_data : ","timestamp":"2:17:07 PM"}
{"level":"info","message":"emp_data : ","timestamp":"2:17:08 PM"}
{"level":"info","message":"emp_data : ","timestamp":"2:17:09 PM"}
{"level":"info","message":"emp_data : ","timestamp":"2:17:10 PM"}
{"level":"info","message":"emp_data : ","timestamp":"2:17:18 PM"}
{"level":"info","message":"emp_data : ","timestamp":"2:17:41 PM"}
{"level":"info","message":"emp_data : ","timestamp":"2:17:41 PM"}
{"level":"info","message":"emp_data : ","timestamp":"2:17:42 PM"}
{"level":"info","message":"emp_data : ","timestamp":"2:17:42 PM"}
{"level":"info","message":"emp_data : ","timestamp":"2:17:50 PM"}
{"level":"info","message":"emp_data : ","timestamp":"2:17:51 PM"}
{"level":"info","message":"emp_data : ","timestamp":"2:17:51 PM"}
{"level":"info","message":"emp_data : ","timestamp":"2:17:52 PM"}
{"level":"info","message":"emp_data : ","timestamp":"2:17:52 PM"}
{"level":"info","message":"emp_data : ","timestamp":"2:17:53 PM"}
{"level":"info","message":"emp_data : ","timestamp":"2:17:58 PM"}
{"level":"info","message":"emp_data : ","timestamp":"2:17:58 PM"}
{"level":"info","message":"emp_data : ","timestamp":"2:17:59 PM"}
{"level":"info","message":"emp_data : ","timestamp":"2:17:59 PM"}
{"level":"info","message":"emp_data : ","timestamp":"2:18:00 PM"}
{"level":"info","message":"emp_data : ","timestamp":"2:18:00 PM"}
{"level":"info","message":"emp_data : ","timestamp":"2:23:30 PM"}
{"level":"info","message":"emp_data : ","timestamp":"2:23:31 PM"}
{"level":"info","message":"emp_data : ","timestamp":"2:23:31 PM"}
{"level":"info","message":"emp_data : ","timestamp":"2:23:32 PM"}
{"level":"info","message":"emp_data : ","timestamp":"2:23:32 PM"}
{"level":"info","message":"emp_data : ","timestamp":"2:23:33 PM"}
{"level":"info","message":"emp_data : ","timestamp":"2:23:40 PM"}
{"level":"info","message":"emp_data : ","timestamp":"2:32:16 PM"}
{"level":"info","message":"emp_data : ","timestamp":"2:35:41 PM"}
{"level":"info","message":"emp_data : ","timestamp":"2:46:04 PM"}
{"level":"info","message":"emp_data : ","timestamp":"2:46:05 PM"}
{"level":"info","message":"emp_data : ","timestamp":"2:46:05 PM"}
{"level":"info","message":"emp_data : ","timestamp":"2:46:37 PM"}
{"level":"info","message":"emp_data : ","timestamp":"2:46:37 PM"}
{"level":"info","message":"emp_data : ","timestamp":"2:46:42 PM"}
{"level":"info","message":"emp_data : ","timestamp":"2:46:43 PM"}
{"level":"info","message":"emp_data : ","timestamp":"2:47:32 PM"}
{"level":"info","message":"emp_data : ","timestamp":"2:47:32 PM"}
{"level":"info","message":"emp_data : ","timestamp":"2:47:33 PM"}
{"level":"info","message":"emp_data : ","timestamp":"2:47:33 PM"}
{"level":"info","message":"emp_data : ","timestamp":"2:47:48 PM"}
{"level":"info","message":"emp_data : ","timestamp":"2:47:48 PM"}
{"level":"info","message":"emp_data : ","timestamp":"2:47:49 PM"}
{"level":"info","message":"emp_data : ","timestamp":"2:47:49 PM"}
{"level":"info","message":"emp_data : ","timestamp":"2:47:50 PM"}
{"level":"info","message":"emp_data : ","timestamp":"2:47:50 PM"}
{"level":"info","message":"emp_data : ","timestamp":"2:47:51 PM"}
{"level":"info","message":"emp_data : ","timestamp":"2:47:51 PM"}
{"level":"info","message":"emp_data : ","timestamp":"2:47:52 PM"}
{"level":"info","message":"emp_data : ","timestamp":"2:47:52 PM"}
{"level":"info","message":"emp_data : ","timestamp":"2:47:53 PM"}
{"level":"info","message":"emp_data : ","timestamp":"2:47:53 PM"}
{"level":"info","message":"emp_data : ","timestamp":"2:49:05 PM"}
{"level":"info","message":"emp_data : ","timestamp":"2:49:06 PM"}
{"level":"info","message":"emp_data : ","timestamp":"2:49:07 PM"}
{"level":"info","message":"emp_data : ","timestamp":"2:49:07 PM"}
{"level":"info","message":"emp_data : ","timestamp":"2:49:07 PM"}
{"level":"info","message":"emp_data : ","timestamp":"2:49:08 PM"}
{"level":"info","message":"emp_data : ","timestamp":"2:49:08 PM"}
{"level":"info","message":"emp_data : ","timestamp":"2:49:09 PM"}
{"level":"info","message":"emp_data : ","timestamp":"2:49:09 PM"}
{"level":"info","message":"emp_data : ","timestamp":"2:49:10 PM"}
{"level":"info","message":"emp_data : ","timestamp":"2:49:10 PM"}
{"level":"info","message":"emp_data : ","timestamp":"2:49:40 PM"}
{"level":"info","message":"emp_data : ","timestamp":"2:49:40 PM"}
{"level":"info","message":"emp_data : ","timestamp":"2:49:40 PM"}
{"level":"info","message":"emp_data : ","timestamp":"2:49:45 PM"}
{"level":"info","message":"emp_data : ","timestamp":"2:49:45 PM"}
{"level":"info","message":"emp_data : ","timestamp":"2:49:46 PM"}
{"level":"info","message":"emp_data : ","timestamp":"2:49:56 PM"}
{"level":"info","message":"emp_data : ","timestamp":"2:49:56 PM"}
{"level":"info","message":"emp_data : ","timestamp":"2:49:57 PM"}
{"level":"info","message":"emp_data : ","timestamp":"2:50:06 PM"}
{"level":"info","message":"emp_data : ","timestamp":"2:50:07 PM"}
{"level":"info","message":"emp_data : ","timestamp":"2:50:07 PM"}
{"level":"info","message":"emp_data : ","timestamp":"2:50:08 PM"}
{"level":"info","message":"emp_data : ","timestamp":"2:50:08 PM"}
{"level":"info","message":"emp_data : ","timestamp":"2:50:09 PM"}
{"level":"info","message":"emp_data : ","timestamp":"2:50:16 PM"}
{"level":"info","message":"emp_data : ","timestamp":"2:50:19 PM"}
{"level":"info","message":"emp_data : ","timestamp":"2:50:26 PM"}
{"level":"info","message":"emp_data : ","timestamp":"2:50:27 PM"}
{"level":"info","message":"emp_data : ","timestamp":"2:51:03 PM"}
{"level":"info","message":"emp_data : ","timestamp":"2:51:03 PM"}
{"level":"info","message":"emp_data : ","timestamp":"2:51:11 PM"}
{"level":"info","message":"emp_data : ","timestamp":"2:51:11 PM"}
{"level":"info","message":"emp_data : ","timestamp":"2:51:12 PM"}
{"level":"info","message":"emp_data : ","timestamp":"2:51:12 PM"}
{"level":"info","message":"emp_data : ","timestamp":"2:51:13 PM"}
{"level":"info","message":"emp_data : ","timestamp":"2:51:13 PM"}
{"level":"info","message":"emp_data : ","timestamp":"2:51:14 PM"}
{"level":"info","message":"emp_data : ","timestamp":"2:51:14 PM"}
{"level":"info","message":"emp_data : ","timestamp":"2:51:15 PM"}
{"level":"info","message":"emp_data : ","timestamp":"2:51:15 PM"}
{"level":"info","message":"emp_data : ","timestamp":"2:51:16 PM"}
{"level":"info","message":"emp_data : ","timestamp":"2:51:39 PM"}
{"level":"info","message":"emp_data : ","timestamp":"2:51:40 PM"}
{"level":"info","message":"emp_data : ","timestamp":"2:51:40 PM"}
{"level":"info","message":"emp_data : ","timestamp":"2:51:40 PM"}
{"level":"info","message":"emp_data : ","timestamp":"2:51:41 PM"}
{"level":"info","message":"emp_data : ","timestamp":"2:51:41 PM"}
{"level":"info","message":"emp_data : ","timestamp":"2:51:42 PM"}
{"level":"info","message":"emp_data : ","timestamp":"2:51:42 PM"}
{"level":"info","message":"emp_data : ","timestamp":"2:51:43 PM"}
{"level":"info","message":"emp_data : ","timestamp":"2:51:44 PM"}
{"level":"info","message":"emp_data : ","timestamp":"2:51:44 PM"}
{"level":"info","message":"emp_data : ","timestamp":"2:52:04 PM"}
{"level":"info","message":"emp_data : ","timestamp":"2:52:25 PM"}
{"level":"info","message":"emp_data : ","timestamp":"2:52:30 PM"}
{"level":"info","message":"emp_data : ","timestamp":"2:53:14 PM"}
{"level":"info","message":"emp_data : ","timestamp":"2:53:15 PM"}
{"level":"info","message":"emp_data : ","timestamp":"2:53:15 PM"}
{"level":"info","message":"emp_data : ","timestamp":"2:53:16 PM"}
{"level":"info","message":"emp_data : ","timestamp":"2:53:16 PM"}
{"level":"info","message":"emp_data : ","timestamp":"2:53:17 PM"}
{"level":"info","message":"emp_data : ","timestamp":"2:53:17 PM"}
{"level":"info","message":"emp_data : ","timestamp":"2:53:18 PM"}
{"level":"info","message":"emp_data : ","timestamp":"2:53:18 PM"}
{"level":"info","message":"emp_data : ","timestamp":"2:53:19 PM"}
{"level":"info","message":"emp_data : ","timestamp":"2:53:19 PM"}
{"level":"info","message":"emp_data : ","timestamp":"2:53:35 PM"}
{"level":"info","message":"emp_data : ","timestamp":"2:53:36 PM"}
{"level":"info","message":"emp_data : ","timestamp":"2:53:36 PM"}
{"level":"info","message":"emp_data : ","timestamp":"2:53:37 PM"}
{"level":"info","message":"emp_data : ","timestamp":"2:53:37 PM"}
{"level":"info","message":"emp_data : ","timestamp":"2:53:38 PM"}
{"level":"info","message":"emp_data : ","timestamp":"2:53:38 PM"}
{"level":"info","message":"emp_data : ","timestamp":"2:53:39 PM"}
{"level":"info","message":"emp_data : ","timestamp":"2:53:39 PM"}
{"level":"info","message":"emp_data : ","timestamp":"2:53:40 PM"}
{"level":"info","message":"emp_data : ","timestamp":"2:53:40 PM"}
{"level":"info","message":"emp_data : ","timestamp":"3:15:09 PM"}
{"level":"info","message":"emp_data : ","timestamp":"3:15:10 PM"}
{"level":"info","message":"emp_data : ","timestamp":"3:15:10 PM"}
{"level":"info","message":"emp_data : ","timestamp":"3:15:11 PM"}
{"level":"info","message":"emp_data : ","timestamp":"3:15:11 PM"}
{"level":"info","message":"emp_data : ","timestamp":"3:15:11 PM"}
{"level":"info","message":"emp_data : ","timestamp":"3:15:12 PM"}
{"level":"info","message":"emp_data : ","timestamp":"3:15:13 PM"}
{"level":"info","message":"emp_data : ","timestamp":"3:15:13 PM"}
{"level":"info","message":"emp_data : ","timestamp":"3:15:13 PM"}
{"level":"info","message":"emp_data : ","timestamp":"3:15:14 PM"}
{"level":"info","message":"emp_data : ","timestamp":"3:15:36 PM"}
{"level":"info","message":"emp_data : ","timestamp":"3:15:36 PM"}
{"level":"info","message":"emp_data : ","timestamp":"3:15:37 PM"}
{"level":"info","message":"emp_data : ","timestamp":"3:15:37 PM"}
{"level":"info","message":"emp_data : ","timestamp":"3:15:38 PM"}
{"level":"info","message":"emp_data : ","timestamp":"3:15:38 PM"}
{"level":"info","message":"emp_data : ","timestamp":"3:15:39 PM"}
{"level":"info","message":"emp_data : ","timestamp":"3:15:39 PM"}
{"level":"info","message":"emp_data : ","timestamp":"3:15:40 PM"}
{"level":"info","message":"emp_data : ","timestamp":"3:15:40 PM"}
{"level":"info","message":"emp_data : ","timestamp":"3:15:41 PM"}
{"level":"info","message":"emp_data : ","timestamp":"4:19:51 PM"}
{"level":"info","message":"emp_data : ","timestamp":"4:19:52 PM"}
{"level":"info","message":"emp_data : ","timestamp":"4:19:52 PM"}
{"level":"info","message":"emp_data : ","timestamp":"4:19:53 PM"}
{"level":"info","message":"emp_data : ","timestamp":"4:19:53 PM"}
{"level":"info","message":"emp_data : ","timestamp":"4:19:54 PM"}
{"level":"info","message":"emp_data : ","timestamp":"4:19:54 PM"}
{"level":"info","message":"emp_data : ","timestamp":"4:19:55 PM"}
{"level":"info","message":"emp_data : ","timestamp":"4:19:56 PM"}
{"level":"info","message":"emp_data : ","timestamp":"4:19:57 PM"}
{"level":"info","message":"emp_data : ","timestamp":"4:19:58 PM"}
{"level":"info","message":"emp_data : ","timestamp":"4:20:44 PM"}
{"level":"info","message":"emp_data : ","timestamp":"4:20:45 PM"}
{"level":"info","message":"emp_data : ","timestamp":"4:20:45 PM"}
{"level":"info","message":"emp_data : ","timestamp":"4:20:46 PM"}
{"level":"info","message":"emp_data : ","timestamp":"4:20:46 PM"}
{"level":"info","message":"emp_data : ","timestamp":"4:20:47 PM"}
{"level":"info","message":"emp_data : ","timestamp":"4:20:47 PM"}
{"level":"info","message":"emp_data : ","timestamp":"4:20:48 PM"}
{"level":"info","message":"emp_data : ","timestamp":"4:20:48 PM"}
{"level":"info","message":"emp_data : ","timestamp":"4:20:49 PM"}
{"level":"info","message":"emp_data : ","timestamp":"4:20:49 PM"}
{"level":"info","message":"emp_data : ","timestamp":"4:22:42 PM"}
{"level":"info","message":"emp_data : ","timestamp":"4:22:43 PM"}
{"level":"info","message":"emp_data : ","timestamp":"4:22:43 PM"}
{"level":"info","message":"emp_data : ","timestamp":"4:22:44 PM"}
{"level":"info","message":"emp_data : ","timestamp":"4:22:44 PM"}
{"level":"info","message":"emp_data : ","timestamp":"4:22:45 PM"}
{"level":"info","message":"emp_data : ","timestamp":"4:22:45 PM"}
{"level":"info","message":"emp_data : ","timestamp":"4:22:46 PM"}
{"level":"info","message":"emp_data : ","timestamp":"4:22:46 PM"}
{"level":"info","message":"emp_data : ","timestamp":"4:22:47 PM"}
{"level":"info","message":"emp_data : ","timestamp":"4:22:47 PM"}
{"level":"info","message":"emp_data : ","timestamp":"4:22:55 PM"}
{"level":"info","message":"emp_data : ","timestamp":"4:23:04 PM"}
{"level":"info","message":"emp_data : ","timestamp":"4:38:23 PM"}
{"level":"info","message":"emp_data : ","timestamp":"4:38:23 PM"}
{"level":"info","message":"emp_data : ","timestamp":"4:38:35 PM"}
{"level":"info","message":"emp_data : ","timestamp":"4:38:36 PM"}
{"level":"info","message":"emp_data : ","timestamp":"4:38:44 PM"}
{"level":"info","message":"emp_data : ","timestamp":"4:38:45 PM"}
{"level":"info","message":"emp_data : ","timestamp":"4:38:45 PM"}
{"level":"info","message":"emp_data : ","timestamp":"4:38:52 PM"}
{"level":"info","message":"emp_data : ","timestamp":"4:38:52 PM"}
{"level":"info","message":"emp_data : ","timestamp":"4:38:52 PM"}
{"level":"info","message":"emp_data : ","timestamp":"4:39:00 PM"}
{"level":"info","message":"emp_data : ","timestamp":"4:39:00 PM"}
{"level":"info","message":"emp_data : ","timestamp":"4:40:00 PM"}
{"level":"info","message":"emp_data : ","timestamp":"4:40:00 PM"}
{"level":"info","message":"emp_data : ","timestamp":"4:40:52 PM"}
{"level":"info","message":"emp_data : ","timestamp":"4:40:52 PM"}
{"level":"info","message":"emp_data : ","timestamp":"4:41:02 PM"}
{"level":"info","message":"emp_data : ","timestamp":"4:41:03 PM"}
{"level":"info","message":"emp_data : ","timestamp":"4:42:15 PM"}
{"level":"info","message":"emp_data : ","timestamp":"4:42:16 PM"}
{"level":"info","message":"emp_data : ","timestamp":"4:43:20 PM"}
{"level":"info","message":"emp_data : ","timestamp":"4:51:32 PM"}
{"level":"info","message":"emp_data : ","timestamp":"4:51:35 PM"}
{"level":"info","message":"emp_data : ","timestamp":"4:52:25 PM"}
{"level":"info","message":"emp_data : ","timestamp":"4:52:27 PM"}
{"level":"info","message":"emp_data : ","timestamp":"4:52:47 PM"}
{"level":"info","message":"emp_data : ","timestamp":"4:52:49 PM"}
{"level":"info","message":"emp_data : ","timestamp":"4:57:24 PM"}
{"level":"info","message":"emp_data : ","timestamp":"4:57:27 PM"}
{"level":"info","message":"emp_data : ","timestamp":"4:57:33 PM"}
{"level":"info","message":"emp_data : ","timestamp":"4:57:35 PM"}
{"level":"info","message":"emp_data : ","timestamp":"5:00:08 PM"}
{"level":"info","message":"emp_data : ","timestamp":"5:00:11 PM"}
{"level":"info","message":"emp_data : ","timestamp":"5:00:18 PM"}
{"level":"info","message":"emp_data : ","timestamp":"5:00:19 PM"}
{"level":"info","message":"emp_data : ","timestamp":"5:00:26 PM"}
{"level":"info","message":"emp_data : ","timestamp":"5:00:26 PM"}
{"level":"info","message":"emp_data : ","timestamp":"5:00:27 PM"}
{"level":"info","message":"emp_data : ","timestamp":"5:56:24 PM"}
{"level":"info","message":"emp_data : ","timestamp":"5:56:25 PM"}
{"level":"info","message":"emp_data : ","timestamp":"5:56:25 PM"}
{"level":"info","message":"emp_data : ","timestamp":"5:56:26 PM"}
{"level":"info","message":"emp_data : ","timestamp":"5:56:26 PM"}
{"level":"info","message":"emp_data : ","timestamp":"5:56:27 PM"}
{"level":"info","message":"emp_data : ","timestamp":"5:56:27 PM"}
{"level":"info","message":"emp_data : ","timestamp":"5:56:28 PM"}
{"level":"info","message":"emp_data : ","timestamp":"5:56:28 PM"}
{"level":"info","message":"emp_data : ","timestamp":"5:56:29 PM"}
{"level":"info","message":"emp_data : ","timestamp":"5:56:29 PM"}
{"level":"info","message":"emp_data : ","timestamp":"5:56:30 PM"}
{"level":"info","message":"emp_data : ","timestamp":"5:56:30 PM"}
{"level":"info","message":"emp_data : ","timestamp":"5:56:31 PM"}
{"level":"info","message":"emp_data : ","timestamp":"5:56:31 PM"}
{"level":"info","message":"emp_data : ","timestamp":"5:56:32 PM"}
{"level":"info","message":"emp_data : ","timestamp":"5:56:33 PM"}
{"level":"info","message":"emp_data : ","timestamp":"5:56:34 PM"}
{"level":"info","message":"emp_data : ","timestamp":"5:56:35 PM"}
{"level":"info","message":"emp_data : ","timestamp":"5:56:35 PM"}
{"level":"info","message":"emp_data : ","timestamp":"5:56:38 PM"}
{"level":"info","message":"emp_data : ","timestamp":"5:56:38 PM"}
{"level":"info","message":"emp_data : ","timestamp":"5:56:38 PM"}
{"level":"info","message":"emp_data : ","timestamp":"5:56:39 PM"}
{"level":"info","message":"emp_data : ","timestamp":"5:56:39 PM"}
{"level":"info","message":"emp_data : ","timestamp":"5:56:40 PM"}
{"level":"info","message":"emp_data : ","timestamp":"5:56:40 PM"}
{"level":"info","message":"emp_data : ","timestamp":"5:56:41 PM"}
{"level":"info","message":"emp_data : ","timestamp":"5:56:41 PM"}
{"level":"info","message":"emp_data : ","timestamp":"5:56:42 PM"}
{"level":"info","message":"emp_data : ","timestamp":"5:56:42 PM"}
{"level":"info","message":"emp_data : ","timestamp":"5:56:43 PM"}
{"level":"info","message":"emp_data : ","timestamp":"5:56:43 PM"}
{"level":"info","message":"emp_data : ","timestamp":"5:56:44 PM"}
{"level":"info","message":"emp_data : ","timestamp":"5:56:44 PM"}
{"level":"info","message":"emp_data : ","timestamp":"5:56:45 PM"}
{"level":"info","message":"emp_data : ","timestamp":"5:56:45 PM"}
{"level":"info","message":"emp_data : ","timestamp":"5:56:46 PM"}
{"level":"info","message":"emp_data : ","timestamp":"5:56:47 PM"}
{"level":"info","message":"emp_data : ","timestamp":"5:56:47 PM"}
{"level":"info","message":"emp_data : ","timestamp":"5:56:47 PM"}
{"level":"info","message":"emp_data : ","timestamp":"5:56:49 PM"}
{"level":"info","message":"emp_data : ","timestamp":"5:56:49 PM"}
{"level":"info","message":"emp_data : ","timestamp":"5:56:49 PM"}
{"level":"info","message":"emp_data : ","timestamp":"5:56:50 PM"}
{"level":"info","message":"emp_data : ","timestamp":"5:56:50 PM"}
{"level":"info","message":"emp_data : ","timestamp":"5:56:51 PM"}
{"level":"info","message":"emp_data : ","timestamp":"5:56:51 PM"}
{"level":"info","message":"emp_data : ","timestamp":"5:56:54 PM"}
{"level":"info","message":"emp_data : ","timestamp":"5:56:54 PM"}
{"level":"info","message":"emp_data : ","timestamp":"5:56:55 PM"}
{"level":"info","message":"emp_data : ","timestamp":"5:56:56 PM"}
{"level":"info","message":"emp_data : ","timestamp":"5:56:59 PM"}
{"level":"info","message":"emp_data : ","timestamp":"5:56:59 PM"}
{"level":"info","message":"emp_data : ","timestamp":"5:56:59 PM"}
{"level":"info","message":"emp_data : ","timestamp":"5:57:00 PM"}
{"level":"info","message":"emp_data : ","timestamp":"5:57:01 PM"}
{"level":"info","message":"emp_data : ","timestamp":"5:57:01 PM"}
{"level":"info","message":"emp_data : ","timestamp":"5:57:01 PM"}
{"level":"info","message":"emp_data : ","timestamp":"5:57:02 PM"}
{"level":"info","message":"emp_data : ","timestamp":"5:57:02 PM"}
{"level":"info","message":"emp_data : ","timestamp":"5:57:03 PM"}
{"level":"info","message":"emp_data : ","timestamp":"5:57:03 PM"}
{"level":"info","message":"emp_data : ","timestamp":"5:57:04 PM"}
{"level":"info","message":"emp_data : ","timestamp":"5:57:04 PM"}
{"level":"info","message":"emp_data : ","timestamp":"5:57:05 PM"}
{"level":"info","message":"emp_data : ","timestamp":"5:57:06 PM"}
{"level":"info","message":"emp_data : ","timestamp":"5:57:06 PM"}
{"level":"info","message":"emp_data : ","timestamp":"5:57:06 PM"}
{"level":"info","message":"emp_data : ","timestamp":"5:57:07 PM"}
{"level":"info","message":"emp_data : ","timestamp":"5:57:08 PM"}
{"level":"info","message":"emp_data : ","timestamp":"5:57:09 PM"}
{"level":"info","message":"emp_data : ","timestamp":"5:57:10 PM"}
{"level":"info","message":"emp_data : ","timestamp":"5:57:11 PM"}
{"level":"info","message":"emp_data : ","timestamp":"5:57:12 PM"}
{"level":"info","message":"emp_data : ","timestamp":"5:57:13 PM"}
{"level":"info","message":"emp_data : ","timestamp":"5:57:14 PM"}
{"level":"info","message":"emp_data : ","timestamp":"5:57:15 PM"}
{"level":"info","message":"emp_data : ","timestamp":"5:57:16 PM"}
{"level":"info","message":"emp_data : ","timestamp":"5:57:17 PM"}
{"level":"info","message":"emp_data : ","timestamp":"5:57:18 PM"}
{"level":"info","message":"emp_data : ","timestamp":"5:57:19 PM"}
{"level":"info","message":"emp_data : ","timestamp":"5:57:19 PM"}
{"level":"info","message":"emp_data : ","timestamp":"5:57:20 PM"}
{"level":"info","message":"emp_data : ","timestamp":"5:57:20 PM"}
{"level":"info","message":"emp_data : ","timestamp":"5:57:23 PM"}
{"level":"info","message":"emp_data : ","timestamp":"5:57:24 PM"}
{"level":"info","message":"emp_data : ","timestamp":"5:57:24 PM"}
{"level":"info","message":"emp_data : ","timestamp":"5:57:25 PM"}
{"level":"info","message":"emp_data : ","timestamp":"5:57:26 PM"}
{"level":"info","message":"emp_data : ","timestamp":"5:57:27 PM"}
{"level":"info","message":"emp_data : ","timestamp":"5:57:28 PM"}
{"level":"info","message":"emp_data : ","timestamp":"5:57:29 PM"}
{"level":"info","message":"emp_data : ","timestamp":"5:57:29 PM"}
{"level":"info","message":"emp_data : ","timestamp":"5:57:29 PM"}
{"level":"info","message":"emp_data : ","timestamp":"5:57:31 PM"}
{"level":"info","message":"emp_data : ","timestamp":"5:57:32 PM"}
{"level":"info","message":"emp_data : ","timestamp":"5:57:32 PM"}
{"level":"info","message":"emp_data : ","timestamp":"5:57:33 PM"}
{"level":"info","message":"emp_data : ","timestamp":"5:57:33 PM"}
{"level":"info","message":"emp_data : ","timestamp":"5:57:34 PM"}
{"level":"info","message":"emp_data : ","timestamp":"5:57:34 PM"}
{"level":"info","message":"emp_data : ","timestamp":"5:57:35 PM"}
{"level":"info","message":"emp_data : ","timestamp":"5:57:35 PM"}
{"level":"info","message":"emp_data : ","timestamp":"5:57:36 PM"}
{"level":"info","message":"emp_data : ","timestamp":"5:57:36 PM"}
{"level":"info","message":"emp_data : ","timestamp":"5:57:37 PM"}
{"level":"info","message":"emp_data : ","timestamp":"5:57:37 PM"}
{"level":"info","message":"emp_data : ","timestamp":"5:57:38 PM"}
{"level":"info","message":"emp_data : ","timestamp":"5:57:38 PM"}
{"level":"info","message":"emp_data : ","timestamp":"5:57:39 PM"}
{"level":"info","message":"emp_data : ","timestamp":"5:57:39 PM"}
{"level":"info","message":"emp_data : ","timestamp":"5:57:40 PM"}
{"level":"info","message":"emp_data : ","timestamp":"5:57:40 PM"}
{"level":"info","message":"emp_data : ","timestamp":"5:57:41 PM"}
{"level":"info","message":"emp_data : ","timestamp":"5:57:41 PM"}
{"level":"info","message":"emp_data : ","timestamp":"5:57:43 PM"}
{"level":"info","message":"emp_data : ","timestamp":"5:57:44 PM"}
{"level":"info","message":"emp_data : ","timestamp":"5:57:45 PM"}
{"level":"info","message":"emp_data : ","timestamp":"5:57:46 PM"}
{"level":"info","message":"emp_data : ","timestamp":"5:57:47 PM"}
{"level":"info","message":"emp_data : ","timestamp":"5:57:48 PM"}
{"level":"info","message":"emp_data : ","timestamp":"5:57:49 PM"}
{"level":"info","message":"emp_data : ","timestamp":"5:57:49 PM"}
{"level":"info","message":"emp_data : ","timestamp":"5:57:50 PM"}
{"level":"info","message":"emp_data : ","timestamp":"5:57:50 PM"}
{"level":"info","message":"emp_data : ","timestamp":"5:57:50 PM"}
{"level":"info","message":"emp_data : ","timestamp":"5:57:51 PM"}
{"level":"info","message":"emp_data : ","timestamp":"5:57:51 PM"}
{"level":"info","message":"emp_data : ","timestamp":"5:57:51 PM"}
{"level":"info","message":"emp_data : ","timestamp":"5:57:52 PM"}
{"level":"info","message":"emp_data : ","timestamp":"5:57:52 PM"}
{"level":"info","message":"emp_data : ","timestamp":"5:57:52 PM"}
{"level":"info","message":"emp_data : ","timestamp":"5:57:53 PM"}
{"level":"info","message":"emp_data : ","timestamp":"5:57:53 PM"}
{"level":"info","message":"emp_data : ","timestamp":"5:57:53 PM"}
{"level":"info","message":"emp_data : ","timestamp":"5:57:54 PM"}
{"level":"info","message":"emp_data : ","timestamp":"5:57:54 PM"}
{"level":"info","message":"emp_data : ","timestamp":"5:57:54 PM"}
{"level":"info","message":"emp_data : ","timestamp":"5:57:55 PM"}
{"level":"info","message":"emp_data : ","timestamp":"5:57:55 PM"}
{"level":"info","message":"emp_data : ","timestamp":"5:57:55 PM"}
{"level":"info","message":"emp_data : ","timestamp":"5:57:56 PM"}
{"level":"info","message":"emp_data : ","timestamp":"5:57:56 PM"}
{"level":"info","message":"emp_data : ","timestamp":"5:57:56 PM"}
{"level":"info","message":"emp_data : ","timestamp":"5:57:57 PM"}
{"level":"info","message":"emp_data : ","timestamp":"5:57:57 PM"}
{"level":"info","message":"emp_data : ","timestamp":"5:57:57 PM"}
{"level":"info","message":"emp_data : ","timestamp":"5:57:58 PM"}
{"level":"info","message":"emp_data : ","timestamp":"5:57:58 PM"}
{"level":"info","message":"emp_data : ","timestamp":"5:57:58 PM"}
{"level":"info","message":"emp_data : ","timestamp":"5:57:59 PM"}
{"level":"info","message":"emp_data : ","timestamp":"5:57:59 PM"}
{"level":"info","message":"emp_data : ","timestamp":"5:57:59 PM"}
{"level":"info","message":"emp_data : ","timestamp":"5:58:00 PM"}
{"level":"info","message":"emp_data : ","timestamp":"5:58:00 PM"}
{"level":"info","message":"emp_data : ","timestamp":"5:58:00 PM"}
{"level":"info","message":"emp_data : ","timestamp":"5:58:01 PM"}
{"level":"info","message":"emp_data : ","timestamp":"5:58:01 PM"}
{"level":"info","message":"emp_data : ","timestamp":"5:58:01 PM"}
{"level":"info","message":"emp_data : ","timestamp":"5:58:02 PM"}
{"level":"info","message":"emp_data : ","timestamp":"5:58:02 PM"}
{"level":"info","message":"emp_data : ","timestamp":"5:58:02 PM"}
{"level":"info","message":"emp_data : ","timestamp":"5:58:03 PM"}
{"level":"info","message":"emp_data : ","timestamp":"5:58:03 PM"}
{"level":"info","message":"emp_data : ","timestamp":"5:58:03 PM"}
{"level":"info","message":"emp_data : ","timestamp":"5:58:04 PM"}
{"level":"info","message":"emp_data : ","timestamp":"5:58:04 PM"}
{"level":"info","message":"emp_data : ","timestamp":"5:58:04 PM"}
{"level":"info","message":"emp_data : ","timestamp":"5:58:05 PM"}
{"level":"info","message":"emp_data : ","timestamp":"5:58:05 PM"}
{"level":"info","message":"emp_data : ","timestamp":"5:58:05 PM"}
{"level":"info","message":"emp_data : ","timestamp":"5:58:06 PM"}
{"level":"info","message":"emp_data : ","timestamp":"5:58:06 PM"}
{"level":"info","message":"emp_data : ","timestamp":"5:58:06 PM"}
{"level":"info","message":"emp_data : ","timestamp":"5:58:07 PM"}
{"level":"info","message":"emp_data : ","timestamp":"5:58:07 PM"}
{"level":"info","message":"emp_data : ","timestamp":"5:58:07 PM"}
{"level":"info","message":"emp_data : ","timestamp":"5:58:08 PM"}
{"level":"info","message":"emp_data : ","timestamp":"5:58:08 PM"}
{"level":"info","message":"emp_data : ","timestamp":"5:58:08 PM"}
{"level":"info","message":"emp_data : ","timestamp":"5:58:09 PM"}
{"level":"info","message":"emp_data : ","timestamp":"5:58:09 PM"}
{"level":"info","message":"emp_data : ","timestamp":"5:58:09 PM"}
{"level":"info","message":"emp_data : ","timestamp":"5:58:10 PM"}
{"level":"info","message":"emp_data : ","timestamp":"5:58:10 PM"}
{"level":"info","message":"emp_data : ","timestamp":"5:58:10 PM"}
{"level":"info","message":"emp_data : ","timestamp":"5:58:11 PM"}
{"level":"info","message":"emp_data : ","timestamp":"5:58:11 PM"}
{"level":"info","message":"emp_data : ","timestamp":"5:58:11 PM"}
{"level":"info","message":"emp_data : ","timestamp":"5:58:12 PM"}
{"level":"info","message":"emp_data : ","timestamp":"5:58:12 PM"}
{"level":"info","message":"emp_data : ","timestamp":"5:58:12 PM"}
{"level":"info","message":"emp_data : ","timestamp":"5:58:13 PM"}
{"level":"info","message":"emp_data : ","timestamp":"5:58:13 PM"}
{"level":"info","message":"emp_data : ","timestamp":"5:58:13 PM"}
{"level":"info","message":"emp_data : ","timestamp":"5:58:14 PM"}
{"level":"info","message":"emp_data : ","timestamp":"5:58:14 PM"}
{"level":"info","message":"emp_data : ","timestamp":"5:58:14 PM"}
{"level":"info","message":"emp_data : ","timestamp":"5:58:15 PM"}
{"level":"info","message":"emp_data : ","timestamp":"5:58:15 PM"}
{"level":"info","message":"emp_data : ","timestamp":"5:58:15 PM"}
{"level":"info","message":"emp_data : ","timestamp":"5:58:16 PM"}
{"level":"info","message":"emp_data : ","timestamp":"5:58:16 PM"}
{"level":"info","message":"emp_data : ","timestamp":"5:58:16 PM"}
{"level":"info","message":"emp_data : ","timestamp":"5:58:17 PM"}
{"level":"info","message":"emp_data : ","timestamp":"5:58:17 PM"}
{"level":"info","message":"emp_data : ","timestamp":"5:58:17 PM"}
{"level":"info","message":"emp_data : ","timestamp":"5:58:18 PM"}
{"level":"info","message":"emp_data : ","timestamp":"5:58:18 PM"}
{"level":"info","message":"emp_data : ","timestamp":"5:58:18 PM"}
{"level":"info","message":"emp_data : ","timestamp":"5:58:19 PM"}
{"level":"info","message":"emp_data : ","timestamp":"5:58:19 PM"}
{"level":"info","message":"emp_data : ","timestamp":"5:58:19 PM"}
{"level":"info","message":"emp_data : ","timestamp":"5:58:20 PM"}
{"level":"info","message":"emp_data : ","timestamp":"5:58:20 PM"}
{"level":"info","message":"emp_data : ","timestamp":"5:58:20 PM"}
{"level":"info","message":"emp_data : ","timestamp":"5:58:21 PM"}
{"level":"info","message":"emp_data : ","timestamp":"5:58:21 PM"}
{"level":"info","message":"emp_data : ","timestamp":"5:58:21 PM"}
{"level":"info","message":"emp_data : ","timestamp":"5:58:22 PM"}
{"level":"info","message":"emp_data : ","timestamp":"5:58:22 PM"}
{"level":"info","message":"emp_data : ","timestamp":"5:58:22 PM"}
{"level":"info","message":"emp_data : ","timestamp":"5:58:23 PM"}
{"level":"info","message":"emp_data : ","timestamp":"5:58:23 PM"}
{"level":"info","message":"emp_data : ","timestamp":"5:58:23 PM"}
{"level":"info","message":"emp_data : ","timestamp":"5:58:24 PM"}
{"level":"info","message":"emp_data : ","timestamp":"5:58:24 PM"}
{"level":"info","message":"emp_data : ","timestamp":"5:58:24 PM"}
{"level":"info","message":"emp_data : ","timestamp":"5:58:25 PM"}
{"level":"info","message":"emp_data : ","timestamp":"5:58:25 PM"}
{"level":"info","message":"emp_data : ","timestamp":"5:58:25 PM"}
{"level":"info","message":"emp_data : ","timestamp":"5:58:26 PM"}
{"level":"info","message":"emp_data : ","timestamp":"5:58:26 PM"}
{"level":"info","message":"emp_data : ","timestamp":"5:58:26 PM"}
{"level":"info","message":"emp_data : ","timestamp":"5:58:27 PM"}
{"level":"info","message":"emp_data : ","timestamp":"5:58:27 PM"}
{"level":"info","message":"emp_data : ","timestamp":"5:58:27 PM"}
{"level":"info","message":"emp_data : ","timestamp":"5:58:28 PM"}
{"level":"info","message":"emp_data : ","timestamp":"5:58:28 PM"}
{"level":"info","message":"emp_data : ","timestamp":"5:58:28 PM"}
{"level":"info","message":"emp_data : ","timestamp":"5:58:29 PM"}
{"level":"info","message":"emp_data : ","timestamp":"5:58:29 PM"}
{"level":"info","message":"emp_data : ","timestamp":"5:58:29 PM"}
{"level":"info","message":"emp_data : ","timestamp":"5:58:30 PM"}
{"level":"info","message":"emp_data : ","timestamp":"5:58:30 PM"}
{"level":"info","message":"emp_data : ","timestamp":"5:58:30 PM"}
{"level":"info","message":"emp_data : ","timestamp":"5:58:31 PM"}
{"level":"info","message":"emp_data : ","timestamp":"5:58:31 PM"}
{"level":"info","message":"emp_data : ","timestamp":"5:58:31 PM"}
{"level":"info","message":"emp_data : ","timestamp":"5:58:32 PM"}
{"level":"info","message":"emp_data : ","timestamp":"5:58:32 PM"}
{"level":"info","message":"emp_data : ","timestamp":"5:58:32 PM"}
{"level":"info","message":"emp_data : ","timestamp":"5:58:33 PM"}
{"level":"info","message":"emp_data : ","timestamp":"5:58:33 PM"}
{"level":"info","message":"emp_data : ","timestamp":"5:58:33 PM"}
{"level":"info","message":"emp_data : ","timestamp":"5:58:34 PM"}
{"level":"info","message":"emp_data : ","timestamp":"5:58:34 PM"}
{"level":"info","message":"emp_data : ","timestamp":"5:58:34 PM"}
{"level":"info","message":"emp_data : ","timestamp":"5:58:35 PM"}
{"level":"info","message":"emp_data : ","timestamp":"5:58:35 PM"}
{"level":"info","message":"emp_data : ","timestamp":"5:58:35 PM"}
{"level":"info","message":"emp_data : ","timestamp":"5:58:36 PM"}
{"level":"info","message":"emp_data : ","timestamp":"5:58:36 PM"}
{"level":"info","message":"emp_data : ","timestamp":"5:58:36 PM"}
{"level":"info","message":"emp_data : ","timestamp":"5:58:37 PM"}
{"level":"info","message":"emp_data : ","timestamp":"5:58:37 PM"}
{"level":"info","message":"emp_data : ","timestamp":"5:58:37 PM"}
{"level":"info","message":"emp_data : ","timestamp":"5:58:38 PM"}
{"level":"info","message":"emp_data : ","timestamp":"5:58:38 PM"}
{"level":"info","message":"emp_data : ","timestamp":"5:58:38 PM"}
{"level":"info","message":"emp_data : ","timestamp":"5:58:39 PM"}
{"level":"info","message":"emp_data : ","timestamp":"5:58:39 PM"}
{"level":"info","message":"emp_data : ","timestamp":"5:58:39 PM"}
{"level":"info","message":"emp_data : ","timestamp":"5:58:40 PM"}
{"level":"info","message":"emp_data : ","timestamp":"5:58:40 PM"}
{"level":"info","message":"emp_data : ","timestamp":"5:58:40 PM"}
{"level":"info","message":"emp_data : ","timestamp":"5:58:41 PM"}
{"level":"info","message":"emp_data : ","timestamp":"5:58:41 PM"}
{"level":"info","message":"emp_data : ","timestamp":"5:58:41 PM"}
{"level":"info","message":"emp_data : ","timestamp":"5:58:42 PM"}
{"level":"info","message":"emp_data : ","timestamp":"5:58:42 PM"}
{"level":"info","message":"emp_data : ","timestamp":"5:58:43 PM"}
{"level":"info","message":"emp_data : ","timestamp":"5:58:43 PM"}
{"level":"info","message":"emp_data : ","timestamp":"5:58:44 PM"}
{"level":"info","message":"emp_data : ","timestamp":"5:58:44 PM"}
{"level":"info","message":"emp_data : ","timestamp":"5:58:45 PM"}
{"level":"info","message":"emp_data : ","timestamp":"5:58:45 PM"}
{"level":"info","message":"emp_data : ","timestamp":"5:58:46 PM"}
{"level":"info","message":"emp_data : ","timestamp":"5:58:46 PM"}
{"level":"info","message":"emp_data : ","timestamp":"5:58:47 PM"}
{"level":"info","message":"emp_data : ","timestamp":"5:58:47 PM"}
{"level":"info","message":"emp_data : ","timestamp":"5:58:48 PM"}
{"level":"info","message":"emp_data : ","timestamp":"5:58:48 PM"}
{"level":"info","message":"emp_data : ","timestamp":"5:58:49 PM"}
{"level":"info","message":"emp_data : ","timestamp":"5:58:49 PM"}
{"level":"info","message":"emp_data : ","timestamp":"5:58:50 PM"}
{"level":"info","message":"emp_data : ","timestamp":"5:58:50 PM"}
{"level":"info","message":"emp_data : ","timestamp":"5:58:51 PM"}
{"level":"info","message":"emp_data : ","timestamp":"5:58:51 PM"}
{"level":"info","message":"emp_data : ","timestamp":"5:58:52 PM"}
{"level":"info","message":"emp_data : ","timestamp":"5:58:53 PM"}
{"level":"info","message":"emp_data : ","timestamp":"5:58:54 PM"}
{"level":"info","message":"emp_data : ","timestamp":"5:58:55 PM"}
{"level":"info","message":"emp_data : ","timestamp":"5:58:56 PM"}
{"level":"info","message":"emp_data : ","timestamp":"5:58:57 PM"}
{"level":"info","message":"emp_data : ","timestamp":"5:58:58 PM"}
{"level":"info","message":"emp_data : ","timestamp":"5:58:58 PM"}
{"level":"info","message":"emp_data : ","timestamp":"5:58:59 PM"}
{"level":"info","message":"emp_data : ","timestamp":"5:59:01 PM"}
{"level":"info","message":"emp_data : ","timestamp":"5:59:01 PM"}
{"level":"info","message":"emp_data : ","timestamp":"5:59:02 PM"}
{"level":"info","message":"emp_data : ","timestamp":"5:59:02 PM"}
{"level":"info","message":"emp_data : ","timestamp":"5:59:03 PM"}
{"level":"info","message":"emp_data : ","timestamp":"5:59:03 PM"}
{"level":"info","message":"emp_data : ","timestamp":"5:59:04 PM"}
{"level":"info","message":"emp_data : ","timestamp":"5:59:04 PM"}
{"level":"info","message":"emp_data : ","timestamp":"5:59:07 PM"}
{"level":"info","message":"emp_data : ","timestamp":"5:59:07 PM"}
{"level":"info","message":"emp_data : ","timestamp":"5:59:08 PM"}
{"level":"info","message":"emp_data : ","timestamp":"5:59:08 PM"}
{"level":"info","message":"emp_data : ","timestamp":"5:59:09 PM"}
{"level":"info","message":"emp_data : ","timestamp":"5:59:09 PM"}
{"level":"info","message":"emp_data : ","timestamp":"5:59:10 PM"}
{"level":"info","message":"emp_data : ","timestamp":"5:59:10 PM"}
{"level":"info","message":"emp_data : ","timestamp":"5:59:11 PM"}
{"level":"info","message":"emp_data : ","timestamp":"5:59:11 PM"}
{"level":"info","message":"emp_data : ","timestamp":"5:59:12 PM"}
{"level":"info","message":"emp_data : ","timestamp":"5:59:12 PM"}
{"level":"info","message":"emp_data : ","timestamp":"5:59:13 PM"}
{"level":"info","message":"emp_data : ","timestamp":"5:59:18 PM"}
{"level":"info","message":"emp_data : ","timestamp":"5:59:39 PM"}
{"level":"info","message":"emp_data : ","timestamp":"5:59:42 PM"}
{"level":"info","message":"emp_data : ","timestamp":"5:59:42 PM"}
{"level":"info","message":"emp_data : ","timestamp":"5:59:56 PM"}
{"level":"info","message":"emp_data : ","timestamp":"5:59:57 PM"}
{"level":"info","message":"emp_data : ","timestamp":"5:59:57 PM"}
{"level":"info","message":"emp_data : ","timestamp":"5:59:58 PM"}
{"level":"info","message":"emp_data : ","timestamp":"5:59:58 PM"}
{"level":"info","message":"emp_data : ","timestamp":"5:59:59 PM"}
{"level":"info","message":"emp_data : ","timestamp":"6:00:09 PM"}
{"level":"info","message":"emp_data : ","timestamp":"6:00:09 PM"}
{"level":"info","message":"emp_data : ","timestamp":"6:00:10 PM"}
{"level":"info","message":"emp_data : ","timestamp":"6:00:10 PM"}
{"level":"info","message":"emp_data : ","timestamp":"6:00:11 PM"}
{"level":"info","message":"emp_data : ","timestamp":"6:00:11 PM"}
{"level":"info","message":"emp_data : ","timestamp":"6:00:18 PM"}
{"level":"info","message":"emp_data : ","timestamp":"6:01:18 PM"}
{"level":"info","message":"emp_data : ","timestamp":"6:02:18 PM"}
{"level":"info","message":"emp_data : ","timestamp":"6:03:18 PM"}
{"level":"info","message":"emp_data : ","timestamp":"6:04:18 PM"}
{"level":"info","message":"emp_data : ","timestamp":"6:05:18 PM"}
{"level":"info","message":"emp_data : ","timestamp":"6:06:18 PM"}
{"level":"info","message":"emp_data : ","timestamp":"6:07:18 PM"}
{"level":"info","message":"emp_data : ","timestamp":"6:08:18 PM"}
