{"level":"info","message":"$$$$$$$$$$$$$$$$$$$$$$$$","timestamp":"9:37:26 AM"}
{"meta":"","level":"info","message":"","timestamp":"9:37:26 AM"}
{"level":"info","message":"Development Environment is Listening on port 3000","timestamp":"9:37:26 AM"}
{"level":"info","message":"Web URL : http://localhost:3000","timestamp":"9:37:26 AM"}
{"meta":"","level":"info","message":"","timestamp":"9:37:26 AM"}
{"level":"info","message":"$$$$$$$$$$$$$$$$$$$$$$$$","timestamp":"9:37:26 AM"}
{"meta":"","level":"info","message":"","timestamp":"9:37:26 AM"}
{"level":"info","message":"Connected to Database","timestamp":"9:37:27 AM"}
{"level":"info","message":"$$$$$$$$$$$$$$$$$$$$$$$$","timestamp":"11:05:50 AM"}
{"meta":"","level":"info","message":"","timestamp":"11:05:50 AM"}
{"level":"info","message":"Development Environment is Listening on port 3000","timestamp":"11:05:50 AM"}
{"level":"info","message":"Web URL : http://localhost:3000","timestamp":"11:05:50 AM"}
{"meta":"","level":"info","message":"","timestamp":"11:05:50 AM"}
{"level":"info","message":"$$$$$$$$$$$$$$$$$$$$$$$$","timestamp":"11:05:50 AM"}
{"meta":"","level":"info","message":"","timestamp":"11:05:50 AM"}
{"level":"info","message":"Connected to Database","timestamp":"11:05:50 AM"}
{"level":"info","message":"$$$$$$$$$$$$$$$$$$$$$$$$","timestamp":"2:33:23 PM"}
{"meta":"","level":"info","message":"","timestamp":"2:33:23 PM"}
{"level":"info","message":"Development Environment is Listening on port 3000","timestamp":"2:33:23 PM"}
{"level":"info","message":"Web URL : http://localhost:3000","timestamp":"2:33:23 PM"}
{"meta":"","level":"info","message":"","timestamp":"2:33:23 PM"}
{"level":"info","message":"$$$$$$$$$$$$$$$$$$$$$$$$","timestamp":"2:33:23 PM"}
{"meta":"","level":"info","message":"","timestamp":"2:33:23 PM"}
{"level":"info","message":"Connected to Database","timestamp":"2:33:25 PM"}
{"level":"info","message":"$$$$$$$$$$$$$$$$$$$$$$$$","timestamp":"2:41:20 PM"}
{"meta":"","level":"info","message":"","timestamp":"2:41:20 PM"}
{"level":"info","message":"Development Environment is Listening on port 3000","timestamp":"2:41:20 PM"}
{"level":"info","message":"Web URL : http://localhost:3000","timestamp":"2:41:20 PM"}
{"meta":"","level":"info","message":"","timestamp":"2:41:20 PM"}
{"level":"info","message":"$$$$$$$$$$$$$$$$$$$$$$$$","timestamp":"2:41:20 PM"}
{"meta":"","level":"info","message":"","timestamp":"2:41:20 PM"}
{"level":"info","message":"Connected to Database","timestamp":"2:41:21 PM"}
