{"level":"info","message":"$$$$$$$$$$$$$$$$$$$$$$$$","timestamp":"9:42:00 AM"}
{"meta":"","level":"info","message":"","timestamp":"9:42:00 AM"}
{"level":"info","message":"Production Environment is Listening on port 3000","timestamp":"9:42:00 AM"}
{"level":"info","message":"Web URL : http://localhost:3000","timestamp":"9:42:00 AM"}
{"meta":"","level":"info","message":"","timestamp":"9:42:00 AM"}
{"level":"info","message":"$$$$$$$$$$$$$$$$$$$$$$$$","timestamp":"9:42:00 AM"}
{"meta":"","level":"info","message":"","timestamp":"9:42:00 AM"}
{"level":"info","message":"emp_data : ","timestamp":"10:11:54 AM"}
{"level":"info","message":"emp_data : ","timestamp":"10:11:54 AM"}
{"level":"info","message":"emp_data : ","timestamp":"10:11:55 AM"}
{"level":"info","message":"emp_data : ","timestamp":"10:11:55 AM"}
{"level":"info","message":"emp_data : ","timestamp":"10:11:59 AM"}
{"level":"info","message":"emp_data : ","timestamp":"10:12:00 AM"}
{"level":"info","message":"emp_data : ","timestamp":"10:12:00 AM"}
{"level":"info","message":"emp_data : ","timestamp":"10:12:01 AM"}
{"level":"info","message":"emp_data : ","timestamp":"10:37:03 AM"}
{"level":"info","message":"emp_data : ","timestamp":"10:37:04 AM"}
{"level":"info","message":"emp_data : ","timestamp":"10:37:05 AM"}
{"level":"info","message":"emp_data : ","timestamp":"10:37:06 AM"}
{"level":"info","message":"2024-03-13T18:30:00.000Z 2024-03-14T18:30:00.000Z","timestamp":"10:37:17 AM"}
{"level":"info","message":"2024-03-13T18:30:00.000Z 2024-03-14T18:30:00.000Z","timestamp":"10:40:07 AM"}
{"level":"info","message":"2024-03-13T18:30:00.000Z 2024-03-14T18:30:00.000Z","timestamp":"10:40:13 AM"}
{"level":"info","message":"2024-03-13T18:30:00.000Z 2024-03-14T18:30:00.000Z","timestamp":"10:42:00 AM"}
{"level":"info","message":"2024-03-13T18:30:00.000Z 2024-03-14T18:30:00.000Z","timestamp":"10:42:01 AM"}
{"level":"info","message":"2024-03-13T18:30:00.000Z 2024-03-14T18:30:00.000Z","timestamp":"10:42:01 AM"}
{"level":"info","message":"2024-03-13T18:30:00.000Z 2024-03-14T18:30:00.000Z","timestamp":"10:42:13 AM"}
{"level":"info","message":"2024-03-13T18:30:00.000Z 2024-03-14T18:30:00.000Z","timestamp":"10:42:14 AM"}
{"level":"info","message":"2024-03-13T18:30:00.000Z 2024-03-14T18:30:00.000Z","timestamp":"10:42:14 AM"}
{"level":"info","message":"2024-03-13T18:30:00.000Z 2024-03-14T18:30:00.000Z","timestamp":"10:42:15 AM"}
{"level":"info","message":"2024-03-13T18:30:00.000Z 2024-03-14T18:30:00.000Z","timestamp":"10:42:16 AM"}
{"level":"info","message":"$$$$$$$$$$$$$$$$$$$$$$$$","timestamp":"4:22:30 PM"}
{"meta":"","level":"info","message":"","timestamp":"4:22:30 PM"}
{"level":"info","message":"Production Environment is Listening on port 3000","timestamp":"4:22:30 PM"}
{"level":"info","message":"Web URL : http://localhost:3000","timestamp":"4:22:30 PM"}
{"meta":"","level":"info","message":"","timestamp":"4:22:30 PM"}
{"level":"info","message":"$$$$$$$$$$$$$$$$$$$$$$$$","timestamp":"4:22:30 PM"}
{"meta":"","level":"info","message":"","timestamp":"4:22:30 PM"}
{"level":"info","message":"$$$$$$$$$$$$$$$$$$$$$$$$","timestamp":"4:43:18 PM"}
{"meta":"","level":"info","message":"","timestamp":"4:43:18 PM"}
{"level":"info","message":"Production Environment is Listening on port 3000","timestamp":"4:43:18 PM"}
{"level":"info","message":"Web URL : http://localhost:3000","timestamp":"4:43:18 PM"}
{"meta":"","level":"info","message":"","timestamp":"4:43:18 PM"}
{"level":"info","message":"$$$$$$$$$$$$$$$$$$$$$$$$","timestamp":"4:43:18 PM"}
{"meta":"","level":"info","message":"","timestamp":"4:43:18 PM"}
{"level":"info","message":"$$$$$$$$$$$$$$$$$$$$$$$$","timestamp":"4:53:48 PM"}
{"meta":"","level":"info","message":"","timestamp":"4:53:48 PM"}
{"level":"info","message":"Production Environment is Listening on port 3000","timestamp":"4:53:48 PM"}
{"level":"info","message":"Web URL : http://localhost:3000","timestamp":"4:53:48 PM"}
{"meta":"","level":"info","message":"","timestamp":"4:53:48 PM"}
{"level":"info","message":"$$$$$$$$$$$$$$$$$$$$$$$$","timestamp":"4:53:48 PM"}
{"meta":"","level":"info","message":"","timestamp":"4:53:48 PM"}
{"level":"info","message":"File read!","timestamp":"4:54:54 PM"}
{"level":"info","message":"File deleted!","timestamp":"4:54:54 PM"}
{"level":"info","message":"$$$$$$$$$$$$$$$$$$$$$$$$","timestamp":"5:12:52 PM"}
{"meta":"","level":"info","message":"","timestamp":"5:12:52 PM"}
{"level":"info","message":"Production Environment is Listening on port 3000","timestamp":"5:12:52 PM"}
{"level":"info","message":"Web URL : http://localhost:3000","timestamp":"5:12:52 PM"}
{"meta":"","level":"info","message":"","timestamp":"5:12:52 PM"}
{"level":"info","message":"$$$$$$$$$$$$$$$$$$$$$$$$","timestamp":"5:12:52 PM"}
{"meta":"","level":"info","message":"","timestamp":"5:12:52 PM"}
{"level":"info","message":"File read!","timestamp":"5:14:58 PM"}
{"level":"info","message":"File read!","timestamp":"5:14:58 PM"}
{"level":"info","message":"File deleted!","timestamp":"5:14:58 PM"}
{"level":"info","message":"$$$$$$$$$$$$$$$$$$$$$$$$","timestamp":"5:16:08 PM"}
{"meta":"","level":"info","message":"","timestamp":"5:16:08 PM"}
{"level":"info","message":"Production Environment is Listening on port 3000","timestamp":"5:16:08 PM"}
{"level":"info","message":"Web URL : http://localhost:3000","timestamp":"5:16:08 PM"}
{"meta":"","level":"info","message":"","timestamp":"5:16:08 PM"}
{"level":"info","message":"$$$$$$$$$$$$$$$$$$$$$$$$","timestamp":"5:16:08 PM"}
{"meta":"","level":"info","message":"","timestamp":"5:16:08 PM"}
{"level":"info","message":"File read!","timestamp":"5:19:03 PM"}
{"level":"info","message":"File read!","timestamp":"5:19:03 PM"}
{"level":"info","message":"File deleted!","timestamp":"5:19:03 PM"}
{"level":"info","message":"$$$$$$$$$$$$$$$$$$$$$$$$","timestamp":"5:19:38 PM"}
{"meta":"","level":"info","message":"","timestamp":"5:19:38 PM"}
{"level":"info","message":"Production Environment is Listening on port 3000","timestamp":"5:19:38 PM"}
{"level":"info","message":"Web URL : http://localhost:3000","timestamp":"5:19:38 PM"}
{"meta":"","level":"info","message":"","timestamp":"5:19:38 PM"}
{"level":"info","message":"$$$$$$$$$$$$$$$$$$$$$$$$","timestamp":"5:19:38 PM"}
{"meta":"","level":"info","message":"","timestamp":"5:19:38 PM"}
{"level":"info","message":"$$$$$$$$$$$$$$$$$$$$$$$$","timestamp":"5:22:47 PM"}
{"meta":"","level":"info","message":"","timestamp":"5:22:47 PM"}
{"level":"info","message":"Production Environment is Listening on port 3000","timestamp":"5:22:47 PM"}
{"level":"info","message":"Web URL : http://localhost:3000","timestamp":"5:22:47 PM"}
{"meta":"","level":"info","message":"","timestamp":"5:22:47 PM"}
{"level":"info","message":"$$$$$$$$$$$$$$$$$$$$$$$$","timestamp":"5:22:47 PM"}
{"meta":"","level":"info","message":"","timestamp":"5:22:47 PM"}
{"level":"info","message":"$$$$$$$$$$$$$$$$$$$$$$$$","timestamp":"5:24:28 PM"}
{"meta":"","level":"info","message":"","timestamp":"5:24:28 PM"}
{"level":"info","message":"Production Environment is Listening on port 3000","timestamp":"5:24:28 PM"}
{"level":"info","message":"Web URL : http://localhost:3000","timestamp":"5:24:28 PM"}
{"meta":"","level":"info","message":"","timestamp":"5:24:28 PM"}
{"level":"info","message":"$$$$$$$$$$$$$$$$$$$$$$$$","timestamp":"5:24:28 PM"}
{"meta":"","level":"info","message":"","timestamp":"5:24:28 PM"}
{"level":"info","message":"$$$$$$$$$$$$$$$$$$$$$$$$","timestamp":"5:26:54 PM"}
{"meta":"","level":"info","message":"","timestamp":"5:26:54 PM"}
{"level":"info","message":"Production Environment is Listening on port 3000","timestamp":"5:26:54 PM"}
{"level":"info","message":"Web URL : http://localhost:3000","timestamp":"5:26:54 PM"}
{"meta":"","level":"info","message":"","timestamp":"5:26:54 PM"}
{"level":"info","message":"$$$$$$$$$$$$$$$$$$$$$$$$","timestamp":"5:26:54 PM"}
{"meta":"","level":"info","message":"","timestamp":"5:26:54 PM"}
{"level":"info","message":"$$$$$$$$$$$$$$$$$$$$$$$$","timestamp":"5:34:20 PM"}
{"meta":"","level":"info","message":"","timestamp":"5:34:20 PM"}
{"level":"info","message":"Production Environment is Listening on port 3000","timestamp":"5:34:20 PM"}
{"level":"info","message":"Web URL : http://localhost:3000","timestamp":"5:34:20 PM"}
{"meta":"","level":"info","message":"","timestamp":"5:34:20 PM"}
{"level":"info","message":"$$$$$$$$$$$$$$$$$$$$$$$$","timestamp":"5:34:20 PM"}
{"meta":"","level":"info","message":"","timestamp":"5:34:20 PM"}
{"level":"info","message":"$$$$$$$$$$$$$$$$$$$$$$$$","timestamp":"5:41:52 PM"}
{"meta":"","level":"info","message":"","timestamp":"5:41:52 PM"}
{"level":"info","message":"Production Environment is Listening on port 3000","timestamp":"5:41:52 PM"}
{"level":"info","message":"Web URL : http://localhost:3000","timestamp":"5:41:52 PM"}
{"meta":"","level":"info","message":"","timestamp":"5:41:52 PM"}
{"level":"info","message":"$$$$$$$$$$$$$$$$$$$$$$$$","timestamp":"5:41:52 PM"}
{"meta":"","level":"info","message":"","timestamp":"5:41:52 PM"}
{"level":"info","message":"File read!","timestamp":"5:42:35 PM"}
{"level":"info","message":"File read!","timestamp":"5:42:35 PM"}
{"level":"info","message":"File deleted!","timestamp":"5:42:35 PM"}
{"level":"info","message":"File read!","timestamp":"5:43:51 PM"}
{"level":"info","message":"File read!","timestamp":"5:43:51 PM"}
{"level":"info","message":"File deleted!","timestamp":"5:43:51 PM"}
{"level":"info","message":"$$$$$$$$$$$$$$$$$$$$$$$$","timestamp":"5:44:53 PM"}
{"meta":"","level":"info","message":"","timestamp":"5:44:53 PM"}
{"level":"info","message":"Production Environment is Listening on port 3000","timestamp":"5:44:53 PM"}
{"level":"info","message":"Web URL : http://localhost:3000","timestamp":"5:44:53 PM"}
{"meta":"","level":"info","message":"","timestamp":"5:44:53 PM"}
{"level":"info","message":"$$$$$$$$$$$$$$$$$$$$$$$$","timestamp":"5:44:53 PM"}
{"meta":"","level":"info","message":"","timestamp":"5:44:53 PM"}
{"level":"info","message":"$$$$$$$$$$$$$$$$$$$$$$$$","timestamp":"5:47:33 PM"}
{"meta":"","level":"info","message":"","timestamp":"5:47:33 PM"}
{"level":"info","message":"Production Environment is Listening on port 3000","timestamp":"5:47:33 PM"}
{"level":"info","message":"Web URL : http://localhost:3000","timestamp":"5:47:33 PM"}
{"meta":"","level":"info","message":"","timestamp":"5:47:33 PM"}
{"level":"info","message":"$$$$$$$$$$$$$$$$$$$$$$$$","timestamp":"5:47:33 PM"}
{"meta":"","level":"info","message":"","timestamp":"5:47:33 PM"}
{"level":"info","message":"File read!","timestamp":"5:48:39 PM"}
{"level":"info","message":"File read!","timestamp":"5:48:42 PM"}
{"level":"info","message":"File deleted!","timestamp":"5:48:42 PM"}
{"level":"info","message":"File deleted!","timestamp":"5:48:42 PM"}
{"level":"info","message":"Done","timestamp":"5:48:42 PM"}
{"level":"info","message":"Done","timestamp":"5:48:43 PM"}
{"level":"info","message":"File read!","timestamp":"5:49:35 PM"}
{"level":"info","message":"File deleted!","timestamp":"5:49:35 PM"}
{"level":"info","message":"Done","timestamp":"5:49:35 PM"}
{"level":"info","message":"File read!","timestamp":"5:49:35 PM"}
{"level":"info","message":"File deleted!","timestamp":"5:49:35 PM"}
{"level":"info","message":"Done","timestamp":"5:49:35 PM"}
{"level":"info","message":"$$$$$$$$$$$$$$$$$$$$$$$$","timestamp":"5:50:12 PM"}
{"meta":"","level":"info","message":"","timestamp":"5:50:12 PM"}
{"level":"info","message":"Production Environment is Listening on port 3000","timestamp":"5:50:12 PM"}
{"level":"info","message":"Web URL : http://localhost:3000","timestamp":"5:50:12 PM"}
{"meta":"","level":"info","message":"","timestamp":"5:50:12 PM"}
{"level":"info","message":"$$$$$$$$$$$$$$$$$$$$$$$$","timestamp":"5:50:12 PM"}
{"meta":"","level":"info","message":"","timestamp":"5:50:12 PM"}
{"level":"info","message":"File read!","timestamp":"5:50:35 PM"}
{"level":"info","message":"File read!","timestamp":"5:50:35 PM"}
{"level":"info","message":"File deleted!","timestamp":"5:50:35 PM"}
{"level":"info","message":"File deleted!","timestamp":"5:50:35 PM"}
{"level":"info","message":"Done","timestamp":"5:50:35 PM"}
{"level":"info","message":"Done","timestamp":"5:50:36 PM"}
{"level":"info","message":"File read!","timestamp":"5:51:19 PM"}
{"level":"info","message":"File read!","timestamp":"5:51:19 PM"}
{"level":"info","message":"File deleted!","timestamp":"5:51:19 PM"}
{"level":"info","message":"File deleted!","timestamp":"5:51:19 PM"}
{"level":"info","message":"Done","timestamp":"5:51:19 PM"}
{"level":"info","message":"Done","timestamp":"5:51:19 PM"}
{"level":"info","message":"File read!","timestamp":"5:51:42 PM"}
{"level":"info","message":"File deleted!","timestamp":"5:51:42 PM"}
{"level":"info","message":"Done","timestamp":"5:51:42 PM"}
{"level":"info","message":"File read!","timestamp":"5:51:42 PM"}
{"level":"info","message":"File deleted!","timestamp":"5:51:42 PM"}
{"level":"info","message":"Done","timestamp":"5:51:42 PM"}
{"level":"info","message":"File read!","timestamp":"5:51:42 PM"}
{"level":"info","message":"File deleted!","timestamp":"5:51:42 PM"}
{"level":"info","message":"Done","timestamp":"5:51:42 PM"}
{"level":"info","message":"File read!","timestamp":"5:51:42 PM"}
{"level":"info","message":"File deleted!","timestamp":"5:51:42 PM"}
{"level":"info","message":"Done","timestamp":"5:51:42 PM"}
{"level":"info","message":"File read!","timestamp":"5:53:42 PM"}
{"level":"info","message":"File deleted!","timestamp":"5:53:42 PM"}
{"level":"info","message":"Done","timestamp":"5:53:42 PM"}
{"level":"info","message":"File read!","timestamp":"5:53:42 PM"}
{"level":"info","message":"File read!","timestamp":"5:53:42 PM"}
{"level":"info","message":"File deleted!","timestamp":"5:53:42 PM"}
{"level":"info","message":"File deleted!","timestamp":"5:53:42 PM"}
{"level":"info","message":"Done","timestamp":"5:53:42 PM"}
{"level":"info","message":"Done","timestamp":"5:53:42 PM"}
{"level":"info","message":"File read!","timestamp":"5:53:42 PM"}
{"level":"info","message":"File deleted!","timestamp":"5:53:42 PM"}
{"level":"info","message":"Done","timestamp":"5:53:42 PM"}
{"level":"info","message":"File read!","timestamp":"5:54:48 PM"}
{"level":"info","message":"File read!","timestamp":"5:54:48 PM"}
{"level":"info","message":"Done","timestamp":"5:54:48 PM"}
{"level":"info","message":"Done","timestamp":"5:54:48 PM"}
{"level":"info","message":"File read!","timestamp":"5:54:48 PM"}
{"level":"info","message":"File deleted!","timestamp":"5:54:48 PM"}
{"level":"info","message":"Done","timestamp":"5:54:48 PM"}
{"level":"info","message":"File read!","timestamp":"5:54:48 PM"}
{"level":"info","message":"File deleted!","timestamp":"5:54:48 PM"}
{"level":"info","message":"Done","timestamp":"5:54:48 PM"}
{"level":"info","message":"File read!","timestamp":"5:56:48 PM"}
{"level":"info","message":"File read!","timestamp":"5:56:48 PM"}
{"level":"info","message":"File read!","timestamp":"5:56:48 PM"}
{"level":"info","message":"File read!","timestamp":"5:56:48 PM"}
{"level":"info","message":"Done","timestamp":"5:56:48 PM"}
{"level":"info","message":"Done","timestamp":"5:56:48 PM"}
{"level":"info","message":"File deleted!","timestamp":"5:56:48 PM"}
{"level":"info","message":"File deleted!","timestamp":"5:56:48 PM"}
{"level":"info","message":"Done","timestamp":"5:56:48 PM"}
{"level":"info","message":"Done","timestamp":"5:56:48 PM"}
{"level":"info","message":"$$$$$$$$$$$$$$$$$$$$$$$$","timestamp":"5:57:46 PM"}
{"meta":"","level":"info","message":"","timestamp":"5:57:46 PM"}
{"level":"info","message":"Production Environment is Listening on port 3000","timestamp":"5:57:46 PM"}
{"level":"info","message":"Web URL : http://localhost:3000","timestamp":"5:57:46 PM"}
{"meta":"","level":"info","message":"","timestamp":"5:57:46 PM"}
{"level":"info","message":"$$$$$$$$$$$$$$$$$$$$$$$$","timestamp":"5:57:46 PM"}
{"meta":"","level":"info","message":"","timestamp":"5:57:46 PM"}
{"level":"info","message":"File read!","timestamp":"5:58:06 PM"}
{"level":"info","message":"File deleted!","timestamp":"5:58:06 PM"}
{"level":"info","message":"Done","timestamp":"5:58:06 PM"}
{"level":"info","message":"File read!","timestamp":"5:58:06 PM"}
{"level":"info","message":"File deleted!","timestamp":"5:58:06 PM"}
{"level":"info","message":"Done","timestamp":"5:58:06 PM"}
{"level":"info","message":"File read!","timestamp":"5:58:32 PM"}
{"level":"info","message":"File deleted!","timestamp":"5:58:32 PM"}
{"level":"info","message":"Done","timestamp":"5:58:32 PM"}
{"level":"info","message":"File read!","timestamp":"5:58:32 PM"}
{"level":"info","message":"File deleted!","timestamp":"5:58:32 PM"}
{"level":"info","message":"Done","timestamp":"5:58:32 PM"}
{"level":"info","message":"File read!","timestamp":"5:59:09 PM"}
{"level":"info","message":"File read!","timestamp":"5:59:09 PM"}
{"level":"info","message":"File deleted!","timestamp":"5:59:09 PM"}
{"level":"info","message":"File deleted!","timestamp":"5:59:09 PM"}
{"level":"info","message":"Done","timestamp":"5:59:09 PM"}
{"level":"info","message":"Done","timestamp":"5:59:09 PM"}
{"level":"info","message":"File read!","timestamp":"5:59:38 PM"}
{"level":"info","message":"File deleted!","timestamp":"5:59:38 PM"}
{"level":"info","message":"Done","timestamp":"5:59:38 PM"}
{"level":"info","message":"File read!","timestamp":"5:59:38 PM"}
{"level":"info","message":"File deleted!","timestamp":"5:59:38 PM"}
{"level":"info","message":"Done","timestamp":"5:59:38 PM"}
{"level":"info","message":"File read!","timestamp":"6:00:47 PM"}
{"level":"info","message":"File deleted!","timestamp":"6:00:47 PM"}
{"level":"info","message":"File read!","timestamp":"6:00:47 PM"}
{"level":"info","message":"Done","timestamp":"6:00:47 PM"}
{"level":"info","message":"File deleted!","timestamp":"6:00:47 PM"}
{"level":"info","message":"Done","timestamp":"6:00:47 PM"}
{"level":"info","message":"File read!","timestamp":"6:01:16 PM"}
{"level":"info","message":"File read!","timestamp":"6:01:16 PM"}
{"level":"info","message":"File deleted!","timestamp":"6:01:16 PM"}
{"level":"info","message":"File deleted!","timestamp":"6:01:16 PM"}
{"level":"info","message":"Done","timestamp":"6:01:16 PM"}
{"level":"info","message":"Done","timestamp":"6:01:16 PM"}
{"level":"info","message":"$$$$$$$$$$$$$$$$$$$$$$$$","timestamp":"6:02:34 PM"}
{"meta":"","level":"info","message":"","timestamp":"6:02:34 PM"}
{"level":"info","message":"Production Environment is Listening on port 3000","timestamp":"6:02:34 PM"}
{"level":"info","message":"Web URL : http://localhost:3000","timestamp":"6:02:34 PM"}
{"meta":"","level":"info","message":"","timestamp":"6:02:34 PM"}
{"level":"info","message":"$$$$$$$$$$$$$$$$$$$$$$$$","timestamp":"6:02:34 PM"}
{"meta":"","level":"info","message":"","timestamp":"6:02:34 PM"}
{"level":"info","message":"File read!","timestamp":"6:03:02 PM"}
{"level":"info","message":"File read!","timestamp":"6:03:02 PM"}
{"level":"info","message":"File deleted!","timestamp":"6:03:02 PM"}
{"level":"info","message":"File deleted!","timestamp":"6:03:02 PM"}
{"level":"info","message":"Done","timestamp":"6:03:02 PM"}
{"level":"info","message":"Done","timestamp":"6:03:02 PM"}
{"level":"info","message":"File read!","timestamp":"6:03:28 PM"}
{"level":"info","message":"File deleted!","timestamp":"6:03:28 PM"}
{"level":"info","message":"Done","timestamp":"6:03:28 PM"}
{"level":"info","message":"File read!","timestamp":"6:03:28 PM"}
{"level":"info","message":"File deleted!","timestamp":"6:03:28 PM"}
{"level":"info","message":"Done","timestamp":"6:03:28 PM"}
{"level":"info","message":"File read!","timestamp":"6:04:30 PM"}
{"level":"info","message":"File read!","timestamp":"6:04:30 PM"}
{"level":"info","message":"File deleted!","timestamp":"6:04:30 PM"}
{"level":"info","message":"File deleted!","timestamp":"6:04:30 PM"}
{"level":"info","message":"Done","timestamp":"6:04:30 PM"}
{"level":"info","message":"Done","timestamp":"6:04:30 PM"}
{"level":"info","message":"File read!","timestamp":"6:04:53 PM"}
{"level":"info","message":"File read!","timestamp":"6:04:53 PM"}
{"level":"info","message":"File deleted!","timestamp":"6:04:53 PM"}
{"level":"info","message":"File deleted!","timestamp":"6:04:53 PM"}
{"level":"info","message":"Done","timestamp":"6:04:53 PM"}
{"level":"info","message":"Done","timestamp":"6:04:53 PM"}
{"level":"info","message":"$$$$$$$$$$$$$$$$$$$$$$$$","timestamp":"6:05:36 PM"}
{"meta":"","level":"info","message":"","timestamp":"6:05:36 PM"}
{"level":"info","message":"Production Environment is Listening on port 3000","timestamp":"6:05:36 PM"}
{"level":"info","message":"Web URL : http://localhost:3000","timestamp":"6:05:36 PM"}
{"meta":"","level":"info","message":"","timestamp":"6:05:36 PM"}
{"level":"info","message":"$$$$$$$$$$$$$$$$$$$$$$$$","timestamp":"6:05:36 PM"}
{"meta":"","level":"info","message":"","timestamp":"6:05:36 PM"}
{"level":"info","message":"File read!","timestamp":"6:05:58 PM"}
{"level":"info","message":"File read!","timestamp":"6:05:58 PM"}
{"level":"info","message":"File deleted!","timestamp":"6:05:58 PM"}
{"level":"info","message":"File deleted!","timestamp":"6:05:58 PM"}
{"level":"info","message":"Done","timestamp":"6:05:58 PM"}
{"level":"info","message":"Done","timestamp":"6:05:58 PM"}
{"level":"info","message":"$$$$$$$$$$$$$$$$$$$$$$$$","timestamp":"6:07:16 PM"}
{"meta":"","level":"info","message":"","timestamp":"6:07:16 PM"}
{"level":"info","message":"Production Environment is Listening on port 3000","timestamp":"6:07:16 PM"}
{"level":"info","message":"Web URL : http://localhost:3000","timestamp":"6:07:16 PM"}
{"meta":"","level":"info","message":"","timestamp":"6:07:16 PM"}
{"level":"info","message":"$$$$$$$$$$$$$$$$$$$$$$$$","timestamp":"6:07:16 PM"}
{"meta":"","level":"info","message":"","timestamp":"6:07:16 PM"}
{"level":"info","message":"File read!","timestamp":"6:08:10 PM"}
{"level":"info","message":"File read!","timestamp":"6:08:10 PM"}
{"level":"info","message":"File deleted!","timestamp":"6:08:10 PM"}
{"level":"info","message":"File deleted!","timestamp":"6:08:10 PM"}
{"level":"info","message":"Done","timestamp":"6:08:10 PM"}
{"level":"info","message":"Done","timestamp":"6:08:10 PM"}
{"level":"info","message":"File read!","timestamp":"6:08:25 PM"}
{"level":"info","message":"File read!","timestamp":"6:08:25 PM"}
{"level":"info","message":"File read!","timestamp":"6:08:25 PM"}
{"level":"info","message":"File read!","timestamp":"6:08:25 PM"}
{"level":"info","message":"File read!","timestamp":"6:08:25 PM"}
{"level":"info","message":"File read!","timestamp":"6:08:25 PM"}
{"level":"info","message":"File read!","timestamp":"6:08:25 PM"}
{"level":"info","message":"File read!","timestamp":"6:08:25 PM"}
{"level":"info","message":"File deleted!","timestamp":"6:08:25 PM"}
{"level":"info","message":"File deleted!","timestamp":"6:08:25 PM"}
{"level":"info","message":"File deleted!","timestamp":"6:08:25 PM"}
{"level":"info","message":"File deleted!","timestamp":"6:08:25 PM"}
{"level":"info","message":"Done","timestamp":"6:08:25 PM"}
{"level":"info","message":"Done","timestamp":"6:08:25 PM"}
{"level":"info","message":"Done","timestamp":"6:08:25 PM"}
{"level":"info","message":"Done","timestamp":"6:08:25 PM"}
{"level":"info","message":"Done","timestamp":"6:08:25 PM"}
{"level":"info","message":"Done","timestamp":"6:08:25 PM"}
{"level":"info","message":"Done","timestamp":"6:08:25 PM"}
{"level":"info","message":"Done","timestamp":"6:08:25 PM"}
{"level":"info","message":"File read!","timestamp":"6:08:40 PM"}
{"level":"info","message":"File read!","timestamp":"6:08:40 PM"}
{"level":"info","message":"File read!","timestamp":"6:08:40 PM"}
{"level":"info","message":"File read!","timestamp":"6:08:40 PM"}
{"level":"info","message":"File read!","timestamp":"6:08:40 PM"}
{"level":"info","message":"File read!","timestamp":"6:08:40 PM"}
{"level":"info","message":"File read!","timestamp":"6:08:40 PM"}
{"level":"info","message":"File read!","timestamp":"6:08:40 PM"}
{"level":"info","message":"File read!","timestamp":"6:08:40 PM"}
{"level":"info","message":"File read!","timestamp":"6:08:40 PM"}
{"level":"info","message":"File read!","timestamp":"6:08:40 PM"}
{"level":"info","message":"File read!","timestamp":"6:08:40 PM"}
{"level":"info","message":"File deleted!","timestamp":"6:08:40 PM"}
{"level":"info","message":"File read!","timestamp":"6:08:40 PM"}
{"level":"info","message":"File read!","timestamp":"6:08:40 PM"}
{"level":"info","message":"File read!","timestamp":"6:08:40 PM"}
{"level":"info","message":"File read!","timestamp":"6:08:40 PM"}
{"level":"info","message":"File read!","timestamp":"6:08:40 PM"}
{"level":"info","message":"File deleted!","timestamp":"6:08:40 PM"}
{"level":"info","message":"File deleted!","timestamp":"6:08:40 PM"}
{"level":"info","message":"File read!","timestamp":"6:08:40 PM"}
{"level":"info","message":"File deleted!","timestamp":"6:08:40 PM"}
{"level":"info","message":"File deleted!","timestamp":"6:08:40 PM"}
{"level":"info","message":"File deleted!","timestamp":"6:08:40 PM"}
{"level":"info","message":"Done","timestamp":"6:08:41 PM"}
{"level":"info","message":"Done","timestamp":"6:08:41 PM"}
{"level":"info","message":"Done","timestamp":"6:08:41 PM"}
{"level":"info","message":"Done","timestamp":"6:08:41 PM"}
{"level":"info","message":"Done","timestamp":"6:08:41 PM"}
{"level":"info","message":"Done","timestamp":"6:08:41 PM"}
{"level":"info","message":"Done","timestamp":"6:08:41 PM"}
{"level":"info","message":"Done","timestamp":"6:08:41 PM"}
{"level":"info","message":"Done","timestamp":"6:08:41 PM"}
{"level":"info","message":"Done","timestamp":"6:08:41 PM"}
{"level":"info","message":"Done","timestamp":"6:08:41 PM"}
{"level":"info","message":"Done","timestamp":"6:08:41 PM"}
{"level":"info","message":"Done","timestamp":"6:08:41 PM"}
{"level":"info","message":"Done","timestamp":"6:08:41 PM"}
{"level":"info","message":"Done","timestamp":"6:08:41 PM"}
{"level":"info","message":"Done","timestamp":"6:08:41 PM"}
{"level":"info","message":"Done","timestamp":"6:08:41 PM"}
{"level":"info","message":"Done","timestamp":"6:08:41 PM"}
{"level":"info","message":"File read!","timestamp":"6:11:25 PM"}
{"level":"info","message":"File read!","timestamp":"6:11:25 PM"}
{"level":"info","message":"File read!","timestamp":"6:11:25 PM"}
{"level":"info","message":"File read!","timestamp":"6:11:25 PM"}
{"level":"info","message":"File read!","timestamp":"6:11:25 PM"}
{"level":"info","message":"File read!","timestamp":"6:11:25 PM"}
{"level":"info","message":"File read!","timestamp":"6:11:25 PM"}
{"level":"info","message":"File read!","timestamp":"6:11:25 PM"}
{"level":"info","message":"File read!","timestamp":"6:11:25 PM"}
{"level":"info","message":"File read!","timestamp":"6:11:25 PM"}
{"level":"info","message":"File read!","timestamp":"6:11:25 PM"}
{"level":"info","message":"File read!","timestamp":"6:11:25 PM"}
{"level":"info","message":"File read!","timestamp":"6:11:25 PM"}
{"level":"info","message":"File read!","timestamp":"6:11:25 PM"}
{"level":"info","message":"Done","timestamp":"6:11:25 PM"}
{"level":"info","message":"Done","timestamp":"6:11:25 PM"}
{"level":"info","message":"Done","timestamp":"6:11:25 PM"}
{"level":"info","message":"File read!","timestamp":"6:11:25 PM"}
{"level":"info","message":"Done","timestamp":"6:11:25 PM"}
{"level":"info","message":"File read!","timestamp":"6:11:25 PM"}
{"level":"info","message":"Done","timestamp":"6:11:25 PM"}
{"level":"info","message":"Done","timestamp":"6:11:25 PM"}
{"level":"info","message":"Done","timestamp":"6:11:25 PM"}
{"level":"info","message":"Done","timestamp":"6:11:25 PM"}
{"level":"info","message":"File read!","timestamp":"6:11:25 PM"}
{"level":"info","message":"File read!","timestamp":"6:11:25 PM"}
{"level":"info","message":"File deleted!","timestamp":"6:11:25 PM"}
{"level":"info","message":"Done","timestamp":"6:11:25 PM"}
{"level":"info","message":"Done","timestamp":"6:11:25 PM"}
{"level":"info","message":"Done","timestamp":"6:11:25 PM"}
{"level":"info","message":"Done","timestamp":"6:11:25 PM"}
{"level":"info","message":"File read!","timestamp":"6:11:25 PM"}
{"level":"info","message":"File read!","timestamp":"6:11:25 PM"}
{"level":"info","message":"File deleted!","timestamp":"6:11:25 PM"}
{"level":"info","message":"Done","timestamp":"6:11:25 PM"}
{"level":"info","message":"Done","timestamp":"6:11:25 PM"}
{"level":"info","message":"Done","timestamp":"6:11:25 PM"}
{"level":"info","message":"Done","timestamp":"6:11:25 PM"}
{"level":"info","message":"Done","timestamp":"6:11:25 PM"}
{"level":"info","message":"Done","timestamp":"6:11:25 PM"}
{"level":"info","message":"Done","timestamp":"6:11:25 PM"}
{"level":"info","message":"Done","timestamp":"6:11:25 PM"}
{"level":"info","message":"File read!","timestamp":"6:11:42 PM"}
{"level":"info","message":"File read!","timestamp":"6:11:42 PM"}
{"level":"info","message":"File read!","timestamp":"6:11:42 PM"}
{"level":"info","message":"File read!","timestamp":"6:11:42 PM"}
{"level":"info","message":"File read!","timestamp":"6:11:42 PM"}
{"level":"info","message":"File read!","timestamp":"6:11:42 PM"}
{"level":"info","message":"File read!","timestamp":"6:11:42 PM"}
{"level":"info","message":"File read!","timestamp":"6:11:42 PM"}
{"level":"info","message":"File read!","timestamp":"6:11:42 PM"}
{"level":"info","message":"File read!","timestamp":"6:11:42 PM"}
{"level":"info","message":"File read!","timestamp":"6:11:42 PM"}
{"level":"info","message":"File read!","timestamp":"6:11:42 PM"}
{"level":"info","message":"File read!","timestamp":"6:11:43 PM"}
{"level":"info","message":"File read!","timestamp":"6:11:43 PM"}
{"level":"info","message":"Done","timestamp":"6:11:43 PM"}
{"level":"info","message":"Done","timestamp":"6:11:43 PM"}
{"level":"info","message":"Done","timestamp":"6:11:43 PM"}
{"level":"info","message":"File read!","timestamp":"6:11:43 PM"}
{"level":"info","message":"File read!","timestamp":"6:11:43 PM"}
{"level":"info","message":"Done","timestamp":"6:11:43 PM"}
{"level":"info","message":"Done","timestamp":"6:11:43 PM"}
{"level":"info","message":"Done","timestamp":"6:11:43 PM"}
{"level":"info","message":"Done","timestamp":"6:11:43 PM"}
{"level":"info","message":"Done","timestamp":"6:11:43 PM"}
{"level":"info","message":"File deleted!","timestamp":"6:11:43 PM"}
{"level":"info","message":"File read!","timestamp":"6:11:43 PM"}
{"level":"info","message":"File read!","timestamp":"6:11:43 PM"}
{"level":"info","message":"Done","timestamp":"6:11:43 PM"}
{"level":"info","message":"Done","timestamp":"6:11:43 PM"}
{"level":"info","message":"Done","timestamp":"6:11:43 PM"}
{"level":"info","message":"Done","timestamp":"6:11:43 PM"}
{"level":"info","message":"File deleted!","timestamp":"6:11:43 PM"}
{"level":"info","message":"File read!","timestamp":"6:11:43 PM"}
{"level":"info","message":"File read!","timestamp":"6:11:43 PM"}
{"level":"info","message":"File read!","timestamp":"6:11:43 PM"}
{"level":"info","message":"File read!","timestamp":"6:11:43 PM"}
{"level":"info","message":"Done","timestamp":"6:11:43 PM"}
{"level":"info","message":"Done","timestamp":"6:11:43 PM"}
{"level":"info","message":"Done","timestamp":"6:11:43 PM"}
{"level":"info","message":"Done","timestamp":"6:11:43 PM"}
{"level":"info","message":"Done","timestamp":"6:11:43 PM"}
{"level":"info","message":"Done","timestamp":"6:11:43 PM"}
{"level":"info","message":"Done","timestamp":"6:11:43 PM"}
{"level":"info","message":"Done","timestamp":"6:11:43 PM"}
{"level":"info","message":"Done","timestamp":"6:11:43 PM"}
{"level":"info","message":"Done","timestamp":"6:11:43 PM"}
{"level":"info","message":"$$$$$$$$$$$$$$$$$$$$$$$$","timestamp":"6:14:41 PM"}
{"meta":"","level":"info","message":"","timestamp":"6:14:41 PM"}
{"level":"info","message":"Production Environment is Listening on port 3000","timestamp":"6:14:41 PM"}
{"level":"info","message":"Web URL : http://localhost:3000","timestamp":"6:14:41 PM"}
{"meta":"","level":"info","message":"","timestamp":"6:14:41 PM"}
{"level":"info","message":"$$$$$$$$$$$$$$$$$$$$$$$$","timestamp":"6:14:41 PM"}
{"meta":"","level":"info","message":"","timestamp":"6:14:41 PM"}
{"level":"info","message":"File read!","timestamp":"6:15:16 PM"}
{"level":"info","message":"File read!","timestamp":"6:15:16 PM"}
{"level":"info","message":"File deleted!","timestamp":"6:15:16 PM"}
{"level":"info","message":"File deleted!","timestamp":"6:15:16 PM"}
{"level":"info","message":"Done","timestamp":"6:15:16 PM"}
{"level":"info","message":"Done","timestamp":"6:15:16 PM"}
