{"level":"info","message":"$$$$$$$$$$$$$$$$$$$$$$$$","timestamp":"11:04:29 AM"}
{"meta":"","level":"info","message":"","timestamp":"11:04:29 AM"}
{"level":"info","message":"Development Environment is Listening on port 3000","timestamp":"11:04:29 AM"}
{"level":"info","message":"Web URL : http://localhost:3000","timestamp":"11:04:29 AM"}
{"meta":"","level":"info","message":"","timestamp":"11:04:29 AM"}
{"level":"info","message":"$$$$$$$$$$$$$$$$$$$$$$$$","timestamp":"11:04:29 AM"}
{"meta":"","level":"info","message":"","timestamp":"11:04:29 AM"}
{"level":"info","message":"Connected to Database","timestamp":"11:04:30 AM"}
{"level":"info","message":"emp_data : ","timestamp":"11:21:54 AM"}
{"level":"info","message":"emp_data : ","timestamp":"11:21:55 AM"}
{"level":"info","message":"emp_data : ","timestamp":"11:21:55 AM"}
{"level":"info","message":"emp_data : ","timestamp":"11:21:56 AM"}
{"level":"info","message":"emp_data : ","timestamp":"11:22:49 AM"}
{"level":"info","message":"emp_data : ","timestamp":"11:22:49 AM"}
{"level":"info","message":"emp_data : ","timestamp":"11:22:50 AM"}
{"level":"info","message":"emp_data : ","timestamp":"11:22:50 AM"}
{"level":"info","message":"emp_data : ","timestamp":"11:24:31 AM"}
{"level":"info","message":"emp_data : ","timestamp":"11:24:31 AM"}
{"level":"info","message":"emp_data : ","timestamp":"11:24:32 AM"}
{"level":"info","message":"emp_data : ","timestamp":"11:24:32 AM"}
{"level":"info","message":"emp_data : ","timestamp":"11:26:02 AM"}
{"level":"info","message":"emp_data : ","timestamp":"11:26:02 AM"}
{"level":"info","message":"emp_data : ","timestamp":"11:26:03 AM"}
{"level":"info","message":"emp_data : ","timestamp":"11:26:03 AM"}
{"level":"info","message":"emp_data : ","timestamp":"11:30:49 AM"}
{"level":"info","message":"emp_data : ","timestamp":"11:34:29 AM"}
{"level":"info","message":"emp_data : ","timestamp":"11:34:29 AM"}
{"level":"info","message":"emp_data : ","timestamp":"11:34:29 AM"}
{"level":"info","message":"emp_data : ","timestamp":"11:34:30 AM"}
{"level":"info","message":"emp_data : ","timestamp":"11:34:43 AM"}
{"level":"info","message":"emp_data : ","timestamp":"11:34:44 AM"}
{"level":"info","message":"emp_data : ","timestamp":"11:34:44 AM"}
{"level":"info","message":"emp_data : ","timestamp":"11:34:45 AM"}
{"level":"info","message":"emp_data : ","timestamp":"11:35:10 AM"}
{"level":"info","message":"emp_data : ","timestamp":"11:35:11 AM"}
{"level":"info","message":"emp_data : ","timestamp":"11:35:11 AM"}
{"level":"info","message":"emp_data : ","timestamp":"11:35:12 AM"}
{"level":"info","message":"emp_data : ","timestamp":"11:42:49 AM"}
{"level":"info","message":"emp_data : ","timestamp":"11:42:50 AM"}
{"level":"info","message":"emp_data : ","timestamp":"11:42:50 AM"}
{"level":"info","message":"emp_data : ","timestamp":"11:42:51 AM"}
{"level":"info","message":"emp_data : ","timestamp":"11:45:18 AM"}
{"level":"info","message":"emp_data : ","timestamp":"11:45:19 AM"}
{"level":"info","message":"emp_data : ","timestamp":"11:45:19 AM"}
{"level":"info","message":"emp_data : ","timestamp":"11:45:20 AM"}
{"level":"info","message":"$$$$$$$$$$$$$$$$$$$$$$$$","timestamp":"5:39:25 PM"}
{"meta":"","level":"info","message":"","timestamp":"5:39:25 PM"}
{"level":"info","message":"Development Environment is Listening on port 3000","timestamp":"5:39:25 PM"}
{"level":"info","message":"Web URL : http://localhost:3000","timestamp":"5:39:25 PM"}
{"meta":"","level":"info","message":"","timestamp":"5:39:25 PM"}
{"level":"info","message":"$$$$$$$$$$$$$$$$$$$$$$$$","timestamp":"5:39:25 PM"}
{"meta":"","level":"info","message":"","timestamp":"5:39:25 PM"}
{"level":"info","message":"Connected to Database","timestamp":"5:39:25 PM"}
{"level":"info","message":"$$$$$$$$$$$$$$$$$$$$$$$$","timestamp":"5:59:01 PM"}
{"meta":"","level":"info","message":"","timestamp":"5:59:01 PM"}
{"level":"info","message":"Development Environment is Listening on port 3000","timestamp":"5:59:01 PM"}
{"level":"info","message":"Web URL : http://localhost:3000","timestamp":"5:59:01 PM"}
{"meta":"","level":"info","message":"","timestamp":"5:59:01 PM"}
{"level":"info","message":"$$$$$$$$$$$$$$$$$$$$$$$$","timestamp":"5:59:01 PM"}
{"meta":"","level":"info","message":"","timestamp":"5:59:01 PM"}
{"level":"info","message":"Connected to Database","timestamp":"5:59:02 PM"}
