{"level":"info","message":"$$$$$$$$$$$$$$$$$$$$$$$$","timestamp":"9:40:44 AM"}
{"meta":"","level":"info","message":"","timestamp":"9:40:44 AM"}
{"level":"info","message":"Production Environment is Listening on port 3000","timestamp":"9:40:44 AM"}
{"level":"info","message":"Web URL : http://localhost:3000","timestamp":"9:40:44 AM"}
{"meta":"","level":"info","message":"","timestamp":"9:40:44 AM"}
{"level":"info","message":"$$$$$$$$$$$$$$$$$$$$$$$$","timestamp":"9:40:44 AM"}
{"meta":"","level":"info","message":"","timestamp":"9:40:44 AM"}
{"level":"info","message":"DateRange from 2024-04-11T18:30:00.000Z to 2024-04-12T18:30:00.000Z","timestamp":"9:44:09 AM"}
{"level":"info","message":"$$$$$$$$$$$$$$$$$$$$$$$$","timestamp":"9:58:51 AM"}
{"meta":"","level":"info","message":"","timestamp":"9:58:51 AM"}
{"level":"info","message":"Production Environment is Listening on port 3000","timestamp":"9:58:51 AM"}
{"level":"info","message":"Web URL : http://localhost:3000","timestamp":"9:58:51 AM"}
{"meta":"","level":"info","message":"","timestamp":"9:58:51 AM"}
{"level":"info","message":"$$$$$$$$$$$$$$$$$$$$$$$$","timestamp":"9:58:51 AM"}
{"meta":"","level":"info","message":"","timestamp":"9:58:51 AM"}
{"level":"info","message":"DateRange from 2024-04-11T18:30:00.000Z to 2024-04-12T18:30:00.000Z","timestamp":"10:38:40 AM"}
{"level":"info","message":"**************************","timestamp":"10:41:11 AM"}
{"level":"info","message":"Main_Error { Error: listen EADDRINUSE :::3000\n    at Object.exports._errnoException (util.js:1022:11)\n    at exports._exceptionWithHostPort (util.js:1045:20)\n    at Server._listen2 (net.js:1259:14)\n    at listen (net.js:1295:10)\n    at Server.listen (net.js:1391:5)\n    at Object.<anonymous> (D:\\Suyash Files\\SourceCode\\bin\\www:35:8)\n    at Module._compile (module.js:570:32)\n    at Object.Module._extensions..js (module.js:579:10)\n    at Module.load (module.js:487:32)\n    at tryModuleLoad (module.js:446:12)\n    at Function.Module._load (module.js:438:3)\n    at Timeout.Module.runMain [as _onTimeout] (module.js:604:10)\n    at ontimeout (timers.js:365:14)\n    at tryOnTimeout (timers.js:237:5)\n    at Timer.listOnTimeout (timers.js:207:5)\n  code: 'EADDRINUSE',\n  errno: 'EADDRINUSE',\n  syscall: 'listen',\n  address: '::',\n  port: 3000 }","timestamp":"10:41:11 AM"}
{"level":"info","message":"**************************","timestamp":"10:41:11 AM"}
{"level":"info","message":"$$$$$$$$$$$$$$$$$$$$$$$$","timestamp":"10:41:48 AM"}
{"meta":"","level":"info","message":"","timestamp":"10:41:48 AM"}
{"level":"info","message":"Production Environment is Listening on port 3000","timestamp":"10:41:48 AM"}
{"level":"info","message":"Web URL : http://localhost:3000","timestamp":"10:41:48 AM"}
{"meta":"","level":"info","message":"","timestamp":"10:41:48 AM"}
{"level":"info","message":"$$$$$$$$$$$$$$$$$$$$$$$$","timestamp":"10:41:48 AM"}
{"meta":"","level":"info","message":"","timestamp":"10:41:48 AM"}
{"level":"info","message":"$$$$$$$$$$$$$$$$$$$$$$$$","timestamp":"10:48:45 AM"}
{"meta":"","level":"info","message":"","timestamp":"10:48:45 AM"}
{"level":"info","message":"Production Environment is Listening on port 3000","timestamp":"10:48:45 AM"}
{"level":"info","message":"Web URL : http://localhost:3000","timestamp":"10:48:45 AM"}
{"meta":"","level":"info","message":"","timestamp":"10:48:45 AM"}
{"level":"info","message":"$$$$$$$$$$$$$$$$$$$$$$$$","timestamp":"10:48:45 AM"}
{"meta":"","level":"info","message":"","timestamp":"10:48:45 AM"}
{"level":"info","message":"DateRange from 2024-04-11T18:30:00.000Z to 2024-04-12T18:30:00.000Z","timestamp":"10:48:51 AM"}
{"level":"info","message":"DateRange from 2024-04-11T18:30:00.000Z to 2024-04-12T18:30:00.000Z","timestamp":"10:51:42 AM"}
{"level":"info","message":"DateRange from 2024-04-11T18:30:00.000Z to 2024-04-12T18:30:00.000Z","timestamp":"10:58:25 AM"}
{"level":"info","message":"DateRange from 2024-04-11T18:30:00.000Z to 2024-04-12T18:30:00.000Z","timestamp":"11:12:52 AM"}
{"level":"info","message":"DateRange from 2024-04-11T18:30:00.000Z to 2024-04-12T18:30:00.000Z","timestamp":"11:14:57 AM"}
{"level":"info","message":"DateRange from 2024-04-11T18:30:00.000Z to 2024-04-12T18:30:00.000Z","timestamp":"11:19:46 AM"}
{"level":"info","message":"DateRange from 2024-04-11T18:30:00.000Z to 2024-04-12T18:30:00.000Z","timestamp":"11:26:59 AM"}
{"level":"info","message":"DateRange from 2024-04-11T18:30:00.000Z to 2024-04-12T18:30:00.000Z","timestamp":"11:35:01 AM"}
{"level":"info","message":"DateRange from 2024-04-11T18:30:00.000Z to 2024-04-12T18:30:00.000Z","timestamp":"11:38:57 AM"}
{"level":"info","message":"DateRange from 2024-04-11T18:30:00.000Z to 2024-04-12T18:30:00.000Z","timestamp":"11:39:07 AM"}
{"level":"info","message":"DateRange from 2024-04-11T18:30:00.000Z to 2024-04-12T18:30:00.000Z","timestamp":"11:39:23 AM"}
{"level":"info","message":"DateRange from 2024-04-11T18:30:00.000Z to 2024-04-12T18:30:00.000Z","timestamp":"11:40:35 AM"}
{"level":"info","message":"DateRange from 2024-04-11T18:30:00.000Z to 2024-04-12T18:30:00.000Z","timestamp":"11:41:35 AM"}
{"level":"info","message":"DateRange from 2024-04-11T18:30:00.000Z to 2024-04-12T18:30:00.000Z","timestamp":"11:57:46 AM"}
{"level":"info","message":"DateRange from 2024-04-11T18:30:00.000Z to 2024-04-12T18:30:00.000Z","timestamp":"11:58:45 AM"}
{"level":"info","message":"DateRange from 2024-04-11T18:30:00.000Z to 2024-04-12T18:30:00.000Z","timestamp":"11:59:41 AM"}
{"level":"info","message":"DateRange from 2024-04-11T18:30:00.000Z to 2024-04-12T18:30:00.000Z","timestamp":"11:59:52 AM"}
{"level":"info","message":"DateRange from 2024-04-11T18:30:00.000Z to 2024-04-12T18:30:00.000Z","timestamp":"12:06:12 PM"}
{"level":"info","message":"DateRange from 2024-04-11T18:30:00.000Z to 2024-04-12T18:30:00.000Z","timestamp":"12:07:04 PM"}
{"level":"info","message":"DateRange from 2024-04-11T18:30:00.000Z to 2024-04-12T18:30:00.000Z","timestamp":"12:09:15 PM"}
{"level":"info","message":"DateRange from 2024-04-11T18:30:00.000Z to 2024-04-12T18:30:00.000Z","timestamp":"12:11:14 PM"}
{"level":"info","message":"DateRange from 2024-04-11T18:30:00.000Z to 2024-04-12T18:30:00.000Z","timestamp":"12:11:19 PM"}
{"level":"info","message":"DateRange from 2024-04-11T18:30:00.000Z to 2024-04-12T18:30:00.000Z","timestamp":"12:12:05 PM"}
{"level":"info","message":"DateRange from 2024-04-11T18:30:00.000Z to 2024-04-12T18:30:00.000Z","timestamp":"12:15:12 PM"}
{"level":"info","message":"DateRange from 2024-04-11T18:30:00.000Z to 2024-04-12T18:30:00.000Z","timestamp":"12:17:24 PM"}
{"level":"info","message":"DateRange from 2024-04-11T18:30:00.000Z to 2024-04-12T18:30:00.000Z","timestamp":"12:24:19 PM"}
{"level":"info","message":"DateRange from 2024-04-11T18:30:00.000Z to 2024-04-12T18:30:00.000Z","timestamp":"12:24:35 PM"}
{"level":"info","message":"DateRange from 2024-04-11T18:30:00.000Z to 2024-04-12T18:30:00.000Z","timestamp":"12:25:19 PM"}
{"level":"info","message":"DateRange from 2024-04-11T18:30:00.000Z to 2024-04-12T18:30:00.000Z","timestamp":"12:26:02 PM"}
{"level":"info","message":"DateRange from 2024-04-11T18:30:00.000Z to 2024-04-12T18:30:00.000Z","timestamp":"12:27:52 PM"}
{"level":"info","message":"DateRange from 2024-04-11T18:30:00.000Z to 2024-04-12T18:30:00.000Z","timestamp":"12:28:08 PM"}
{"level":"info","message":"DateRange from 2024-04-11T18:30:00.000Z to 2024-04-12T18:30:00.000Z","timestamp":"12:28:51 PM"}
{"level":"info","message":"DateRange from 2024-04-11T18:30:00.000Z to 2024-04-12T18:30:00.000Z","timestamp":"12:28:59 PM"}
{"level":"info","message":"DateRange from 2024-04-11T18:30:00.000Z to 2024-04-12T18:30:00.000Z","timestamp":"12:29:18 PM"}
{"level":"info","message":"DateRange from 2024-04-11T18:30:00.000Z to 2024-04-12T18:30:00.000Z","timestamp":"12:30:13 PM"}
{"level":"info","message":"DateRange from 2024-04-11T18:30:00.000Z to 2024-04-12T18:30:00.000Z","timestamp":"12:30:49 PM"}
{"level":"info","message":"DateRange from 2024-04-11T18:30:00.000Z to 2024-04-12T18:30:00.000Z","timestamp":"12:32:13 PM"}
{"level":"info","message":"DateRange from 2024-04-11T18:30:00.000Z to 2024-04-12T18:30:00.000Z","timestamp":"12:32:46 PM"}
{"level":"info","message":"DateRange from 2024-04-11T18:30:00.000Z to 2024-04-12T18:30:00.000Z","timestamp":"12:36:20 PM"}
{"level":"info","message":"DateRange from 2024-04-11T18:30:00.000Z to 2024-04-12T18:30:00.000Z","timestamp":"12:36:56 PM"}
{"level":"info","message":"DateRange from 2024-04-11T18:30:00.000Z to 2024-04-12T18:30:00.000Z","timestamp":"12:37:23 PM"}
{"level":"info","message":"DateRange from 2024-04-11T18:30:00.000Z to 2024-04-12T18:30:00.000Z","timestamp":"12:37:53 PM"}
{"level":"info","message":"DateRange from 2024-04-11T18:30:00.000Z to 2024-04-12T18:30:00.000Z","timestamp":"12:38:02 PM"}
{"level":"info","message":"DateRange from 2024-04-11T18:30:00.000Z to 2024-04-12T18:30:00.000Z","timestamp":"12:38:57 PM"}
{"level":"info","message":"DateRange from 2024-04-11T18:30:00.000Z to 2024-04-12T18:30:00.000Z","timestamp":"12:40:45 PM"}
{"level":"info","message":"DateRange from 2024-04-11T18:30:00.000Z to 2024-04-12T18:30:00.000Z","timestamp":"12:40:48 PM"}
{"level":"info","message":"DateRange from 2024-04-11T18:30:00.000Z to 2024-04-12T18:30:00.000Z","timestamp":"12:40:55 PM"}
{"level":"info","message":"DateRange from 2024-04-11T18:30:00.000Z to 2024-04-12T18:30:00.000Z","timestamp":"12:42:20 PM"}
{"level":"info","message":"DateRange from 2024-04-11T18:30:00.000Z to 2024-04-12T18:30:00.000Z","timestamp":"12:42:39 PM"}
{"level":"info","message":"DateRange from 2024-04-11T18:30:00.000Z to 2024-04-12T18:30:00.000Z","timestamp":"12:43:51 PM"}
{"level":"info","message":"DateRange from 2024-04-11T18:30:00.000Z to 2024-04-12T18:30:00.000Z","timestamp":"12:44:24 PM"}
{"level":"info","message":"DateRange from 2024-04-11T18:30:00.000Z to 2024-04-12T18:30:00.000Z","timestamp":"1:22:28 PM"}
{"level":"info","message":"DateRange from 2024-04-11T18:30:00.000Z to 2024-04-12T18:30:00.000Z","timestamp":"1:26:06 PM"}
{"level":"info","message":"DateRange from 2024-04-11T18:30:00.000Z to 2024-04-12T18:30:00.000Z","timestamp":"1:35:02 PM"}
{"level":"info","message":"DateRange from 2024-04-11T18:30:00.000Z to 2024-04-12T18:30:00.000Z","timestamp":"1:50:58 PM"}
{"level":"info","message":"DateRange from 2024-04-11T18:30:00.000Z to 2024-04-12T18:30:00.000Z","timestamp":"1:51:36 PM"}
{"level":"info","message":"DateRange from 2024-04-11T18:30:00.000Z to 2024-04-12T18:30:00.000Z","timestamp":"1:54:16 PM"}
{"level":"info","message":"DateRange from 2024-04-11T18:30:00.000Z to 2024-04-12T18:30:00.000Z","timestamp":"2:04:52 PM"}
{"level":"info","message":"DateRange from 2024-04-11T18:30:00.000Z to 2024-04-12T18:30:00.000Z","timestamp":"2:07:47 PM"}
{"level":"info","message":"DateRange from 2024-04-11T18:30:00.000Z to 2024-04-12T18:30:00.000Z","timestamp":"2:08:20 PM"}
{"level":"info","message":"DateRange from 2024-04-11T18:30:00.000Z to 2024-04-12T18:30:00.000Z","timestamp":"2:08:40 PM"}
{"level":"info","message":"DateRange from 2024-04-11T18:30:00.000Z to 2024-04-12T18:30:00.000Z","timestamp":"2:30:08 PM"}
{"level":"info","message":"DateRange from 2024-04-11T18:30:00.000Z to 2024-04-12T18:30:00.000Z","timestamp":"2:31:33 PM"}
{"level":"info","message":"DateRange from 2024-04-11T18:30:00.000Z to 2024-04-12T18:30:00.000Z","timestamp":"3:03:42 PM"}
{"level":"info","message":"DateRange from 2024-04-11T18:30:00.000Z to 2024-04-12T18:30:00.000Z","timestamp":"3:04:07 PM"}
{"level":"info","message":"DateRange from 2024-04-11T18:30:00.000Z to 2024-04-12T18:30:00.000Z","timestamp":"3:05:44 PM"}
{"level":"info","message":"DateRange from 2024-04-11T18:30:00.000Z to 2024-04-12T18:30:00.000Z","timestamp":"3:13:48 PM"}
{"level":"info","message":"DateRange from 2024-04-11T18:30:00.000Z to 2024-04-12T18:30:00.000Z","timestamp":"3:20:36 PM"}
{"level":"info","message":"DateRange from 2024-04-11T18:30:00.000Z to 2024-04-12T18:30:00.000Z","timestamp":"3:29:54 PM"}
{"level":"info","message":"DateRange from 2024-04-11T18:30:00.000Z to 2024-04-12T18:30:00.000Z","timestamp":"3:30:08 PM"}
{"level":"info","message":"DateRange from 2024-04-11T18:30:00.000Z to 2024-04-12T18:30:00.000Z","timestamp":"3:38:32 PM"}
{"level":"info","message":"DateRange from 2024-04-11T18:30:00.000Z to 2024-04-12T18:30:00.000Z","timestamp":"3:42:19 PM"}
{"level":"info","message":"DateRange from 2024-04-11T18:30:00.000Z to 2024-04-12T18:30:00.000Z","timestamp":"3:48:09 PM"}
{"level":"info","message":"DateRange from 2024-04-11T18:30:00.000Z to 2024-04-12T18:30:00.000Z","timestamp":"3:48:22 PM"}
{"level":"info","message":"DateRange from 2024-04-11T18:30:00.000Z to 2024-04-12T18:30:00.000Z","timestamp":"3:52:45 PM"}
{"level":"info","message":"DateRange from 2024-04-11T18:30:00.000Z to 2024-04-12T18:30:00.000Z","timestamp":"3:52:54 PM"}
{"level":"info","message":"DateRange from 2024-04-11T18:30:00.000Z to 2024-04-12T18:30:00.000Z","timestamp":"3:54:56 PM"}
{"level":"info","message":"DateRange from 2024-04-11T18:30:00.000Z to 2024-04-12T18:30:00.000Z","timestamp":"3:59:58 PM"}
{"level":"info","message":"DateRange from 2024-04-11T18:30:00.000Z to 2024-04-12T18:30:00.000Z","timestamp":"4:03:15 PM"}
{"level":"info","message":"DateRange from 2024-04-11T18:30:00.000Z to 2024-04-12T18:30:00.000Z","timestamp":"4:04:06 PM"}
{"level":"info","message":"DateRange from 2024-04-11T18:30:00.000Z to 2024-04-12T18:30:00.000Z","timestamp":"4:07:24 PM"}
{"level":"info","message":"DateRange from 2024-04-11T18:30:00.000Z to 2024-04-12T18:30:00.000Z","timestamp":"4:08:22 PM"}
{"level":"info","message":"DateRange from 2024-04-11T18:30:00.000Z to 2024-04-12T18:30:00.000Z","timestamp":"4:11:17 PM"}
{"level":"info","message":"DateRange from 2024-04-11T18:30:00.000Z to 2024-04-12T18:30:00.000Z","timestamp":"4:11:38 PM"}
{"level":"info","message":"DateRange from 2024-04-11T18:30:00.000Z to 2024-04-12T18:30:00.000Z","timestamp":"4:17:01 PM"}
{"level":"info","message":"DateRange from 2024-04-11T18:30:00.000Z to 2024-04-12T18:30:00.000Z","timestamp":"4:22:25 PM"}
{"level":"info","message":"DateRange from 2024-04-11T18:30:00.000Z to 2024-04-12T18:30:00.000Z","timestamp":"4:22:46 PM"}
{"level":"info","message":"DateRange from 2024-04-11T18:30:00.000Z to 2024-04-12T18:30:00.000Z","timestamp":"4:28:05 PM"}
{"level":"info","message":"DateRange from 2024-04-11T18:30:00.000Z to 2024-04-12T18:30:00.000Z","timestamp":"4:29:45 PM"}
{"level":"info","message":"DateRange from 2024-04-11T18:30:00.000Z to 2024-04-12T18:30:00.000Z","timestamp":"4:33:38 PM"}
{"level":"info","message":"DateRange from 2024-04-11T18:30:00.000Z to 2024-04-12T18:30:00.000Z","timestamp":"4:34:05 PM"}
{"level":"info","message":"DateRange from 2024-04-11T18:30:00.000Z to 2024-04-12T18:30:00.000Z","timestamp":"4:34:36 PM"}
{"level":"info","message":"DateRange from 2024-04-11T18:30:00.000Z to 2024-04-12T18:30:00.000Z","timestamp":"4:35:23 PM"}
{"level":"info","message":"DateRange from 2024-04-11T18:30:00.000Z to 2024-04-12T18:30:00.000Z","timestamp":"4:39:44 PM"}
{"level":"info","message":"DateRange from 2024-04-11T18:30:00.000Z to 2024-04-12T18:30:00.000Z","timestamp":"4:41:07 PM"}
{"level":"info","message":"DateRange from 2024-04-11T18:30:00.000Z to 2024-04-12T18:30:00.000Z","timestamp":"4:42:42 PM"}
{"level":"info","message":"DateRange from 2024-04-11T18:30:00.000Z to 2024-04-12T18:30:00.000Z","timestamp":"4:46:54 PM"}
{"level":"info","message":"DateRange from 2024-04-11T18:30:00.000Z to 2024-04-12T18:30:00.000Z","timestamp":"4:48:09 PM"}
{"level":"info","message":"$$$$$$$$$$$$$$$$$$$$$$$$","timestamp":"5:14:48 PM"}
{"meta":"","level":"info","message":"","timestamp":"5:14:48 PM"}
{"level":"info","message":"Production Environment is Listening on port 3000","timestamp":"5:14:48 PM"}
{"level":"info","message":"Web URL : http://localhost:3000","timestamp":"5:14:48 PM"}
{"meta":"","level":"info","message":"","timestamp":"5:14:48 PM"}
{"level":"info","message":"$$$$$$$$$$$$$$$$$$$$$$$$","timestamp":"5:14:48 PM"}
{"meta":"","level":"info","message":"","timestamp":"5:14:48 PM"}
{"level":"info","message":"DateRange from 2024-04-11T18:30:00.000Z to 2024-04-12T18:30:00.000Z","timestamp":"5:15:10 PM"}
{"level":"info","message":"DateRange from 2024-04-11T18:30:00.000Z to 2024-04-12T18:30:00.000Z","timestamp":"5:17:19 PM"}
{"level":"info","message":"DateRange from 2024-04-11T18:30:00.000Z to 2024-04-12T18:30:00.000Z","timestamp":"5:28:11 PM"}
{"level":"info","message":"DateRange from 2024-04-11T18:30:00.000Z to 2024-04-12T18:30:00.000Z","timestamp":"5:31:51 PM"}
{"level":"info","message":"DateRange from 2024-04-11T18:30:00.000Z to 2024-04-12T18:30:00.000Z","timestamp":"5:31:57 PM"}
{"level":"info","message":"DateRange from 2024-04-11T18:30:00.000Z to 2024-04-12T18:30:00.000Z","timestamp":"5:31:59 PM"}
{"level":"info","message":"DateRange from 2024-04-11T18:30:00.000Z to 2024-04-12T18:30:00.000Z","timestamp":"5:31:59 PM"}
{"level":"info","message":"DateRange from 2024-04-11T18:30:00.000Z to 2024-04-12T18:30:00.000Z","timestamp":"5:32:00 PM"}
{"level":"info","message":"DateRange from 2024-04-11T18:30:00.000Z to 2024-04-12T18:30:00.000Z","timestamp":"5:32:00 PM"}
{"level":"info","message":"DateRange from 2024-04-11T18:30:00.000Z to 2024-04-12T18:30:00.000Z","timestamp":"5:32:00 PM"}
{"level":"info","message":"DateRange from 2024-04-11T18:30:00.000Z to 2024-04-12T18:30:00.000Z","timestamp":"5:32:01 PM"}
{"level":"info","message":"DateRange from 2024-04-11T18:30:00.000Z to 2024-04-12T18:30:00.000Z","timestamp":"5:32:01 PM"}
{"level":"info","message":"DateRange from 2024-04-11T18:30:00.000Z to 2024-04-12T18:30:00.000Z","timestamp":"5:32:01 PM"}
{"level":"info","message":"DateRange from 2024-04-11T18:30:00.000Z to 2024-04-12T18:30:00.000Z","timestamp":"5:32:06 PM"}
{"level":"info","message":"DateRange from 2024-04-11T18:30:00.000Z to 2024-04-12T18:30:00.000Z","timestamp":"5:32:07 PM"}
{"level":"info","message":"DateRange from 2024-04-11T18:30:00.000Z to 2024-04-12T18:30:00.000Z","timestamp":"5:38:45 PM"}
{"level":"info","message":"DateRange from 2024-04-11T18:30:00.000Z to 2024-04-12T18:30:00.000Z","timestamp":"5:38:53 PM"}
{"level":"info","message":"DateRange from 2024-04-11T18:30:00.000Z to 2024-04-12T18:30:00.000Z","timestamp":"5:56:51 PM"}
{"level":"info","message":"DateRange from 2024-04-11T18:30:00.000Z to 2024-04-12T18:30:00.000Z","timestamp":"5:57:25 PM"}
{"level":"info","message":"DateRange from 2024-04-11T18:30:00.000Z to 2024-04-12T18:30:00.000Z","timestamp":"6:06:38 PM"}
{"level":"info","message":"DateRange from 2024-04-11T18:30:00.000Z to 2024-04-12T18:30:00.000Z","timestamp":"6:09:08 PM"}
