{"level":"info","message":"{ ss_id: 8067 }","timestamp":"11:27:49 AM"}
{"level":"info","message":"{ ss_id: 8067 }","timestamp":"11:27:54 AM"}
{"level":"info","message":"{ ss_id: 8067 }","timestamp":"11:27:54 AM"}
{"level":"info","message":"{ ss_id: 8067 }","timestamp":"11:27:56 AM"}
{"level":"info","message":"{ ss_id: 8067 }","timestamp":"11:27:56 AM"}
{"level":"info","message":"{ ss_id: 8067 }","timestamp":"11:27:58 AM"}
{"level":"info","message":"{ ss_id: 8067 }","timestamp":"11:27:58 AM"}
{"level":"info","message":"{ ss_id: 8067 }","timestamp":"11:27:59 AM"}
{"level":"info","message":"{ ss_id: 8067 }","timestamp":"11:28:00 AM"}
{"level":"info","message":"{ ss_id: 8067 }","timestamp":"11:28:00 AM"}
{"level":"info","message":"{ ss_id: 8067 }","timestamp":"11:28:01 AM"}
{"level":"info","message":"{ ss_id: 8067 }","timestamp":"11:28:01 AM"}
{"level":"info","message":"{ ss_id: 8067 }","timestamp":"11:28:01 AM"}
{"level":"info","message":"{ ss_id: 8067 }","timestamp":"11:28:01 AM"}
{"level":"info","message":"{ ss_id: 8067 }","timestamp":"11:28:02 AM"}
{"level":"info","message":"{ ss_id: 8067 }","timestamp":"11:28:03 AM"}
{"level":"info","message":"{ ss_id: 8067 }","timestamp":"11:28:03 AM"}
{"level":"info","message":"{ ss_id: 8067 }","timestamp":"11:28:03 AM"}
{"level":"info","message":"{ ss_id: 8067 }","timestamp":"11:28:04 AM"}
{"level":"info","message":"{ ss_id: 8067 }","timestamp":"11:28:04 AM"}
{"level":"info","message":"{ ss_id: 8067 }","timestamp":"11:28:04 AM"}
{"level":"info","message":"{ ss_id: 8067 }","timestamp":"11:28:04 AM"}
{"level":"info","message":"{ ss_id: 8067 }","timestamp":"11:28:05 AM"}
{"level":"info","message":"{ ss_id: 8067 }","timestamp":"11:28:05 AM"}
{"level":"info","message":"{ ss_id: 8067 }","timestamp":"11:28:06 AM"}
{"level":"info","message":"{ ss_id: 8067 }","timestamp":"11:28:07 AM"}
{"level":"info","message":"{ ss_id: 8067 }","timestamp":"11:28:07 AM"}
{"level":"info","message":"{ ss_id: 8067 }","timestamp":"11:28:07 AM"}
{"level":"info","message":"{ ss_id: 8067 }","timestamp":"11:28:07 AM"}
{"level":"info","message":"{ ss_id: 8067 }","timestamp":"11:28:08 AM"}
{"level":"info","message":"{ ss_id: 8067 }","timestamp":"11:28:08 AM"}
{"level":"info","message":"{ ss_id: 8067 }","timestamp":"11:28:08 AM"}
{"level":"info","message":"{ ss_id: 8067 }","timestamp":"11:28:08 AM"}
{"level":"info","message":"{ ss_id: 8067 }","timestamp":"11:28:08 AM"}
{"level":"info","message":"{ ss_id: 8067 }","timestamp":"11:28:22 AM"}
{"level":"info","message":"{ ss_id: 8067 }","timestamp":"11:28:22 AM"}
{"level":"info","message":"{ ss_id: 8067 }","timestamp":"11:28:26 AM"}
{"level":"info","message":"{ ss_id: 8067 }","timestamp":"11:28:26 AM"}
{"level":"info","message":"{ ss_id: 8067 }","timestamp":"11:28:29 AM"}
{"level":"info","message":"{ ss_id: 8067 }","timestamp":"11:28:31 AM"}
{"level":"info","message":"{ ss_id: 8067 }","timestamp":"11:28:31 AM"}
{"level":"info","message":"{ ss_id: 8067 }","timestamp":"11:28:32 AM"}
{"level":"info","message":"{ ss_id: 8067 }","timestamp":"11:37:43 AM"}
{"level":"info","message":"{ ss_id: 8067 }","timestamp":"11:37:51 AM"}
{"level":"info","message":"{ ss_id: 8067 }","timestamp":"11:37:55 AM"}
{"level":"info","message":"{ ss_id: 8067 }","timestamp":"11:51:24 AM"}
{"level":"info","message":"{ ss_id: 8067 }","timestamp":"11:51:30 AM"}
{"level":"info","message":"{ ss_id: 8067 }","timestamp":"11:51:31 AM"}
{"level":"info","message":"{ ss_id: 8067 }","timestamp":"11:51:32 AM"}
{"level":"info","message":"{ ss_id: 8067 }","timestamp":"11:51:32 AM"}
{"level":"info","message":"{ ss_id: 8067 }","timestamp":"11:51:33 AM"}
{"level":"info","message":"{ ss_id: 8067 }","timestamp":"11:51:34 AM"}
{"level":"info","message":"{ ss_id: 8067 }","timestamp":"11:51:34 AM"}
{"level":"info","message":"{ ss_id: 8067 }","timestamp":"11:51:34 AM"}
{"level":"info","message":"{ ss_id: 8067 }","timestamp":"11:51:34 AM"}
{"level":"info","message":"{ ss_id: 8067 }","timestamp":"11:51:34 AM"}
{"level":"info","message":"{ ss_id: 8067 }","timestamp":"11:51:35 AM"}
{"level":"info","message":"{ ss_id: 8067 }","timestamp":"11:51:35 AM"}
{"level":"info","message":"{ ss_id: 8067 }","timestamp":"11:51:35 AM"}
{"level":"info","message":"{ ss_id: 8067 }","timestamp":"11:51:37 AM"}
{"level":"info","message":"{ ss_id: 8067 }","timestamp":"11:51:38 AM"}
{"level":"info","message":"{ ss_id: 8067 }","timestamp":"11:51:39 AM"}
{"level":"info","message":"{ ss_id: 8067 }","timestamp":"11:51:39 AM"}
{"level":"info","message":"{ ss_id: 8067 }","timestamp":"11:51:40 AM"}
{"level":"info","message":"{ ss_id: 8067 }","timestamp":"11:51:40 AM"}
{"level":"info","message":"{ ss_id: 8067 }","timestamp":"11:51:40 AM"}
{"level":"info","message":"{ ss_id: 8067 }","timestamp":"11:51:40 AM"}
{"level":"info","message":"{ ss_id: 8067 }","timestamp":"11:51:40 AM"}
{"level":"info","message":"{ ss_id: 8067 }","timestamp":"11:51:46 AM"}
{"level":"info","message":"{ ss_id: 8067 }","timestamp":"11:51:46 AM"}
{"level":"info","message":"{ ss_id: 8067 }","timestamp":"11:51:47 AM"}
{"level":"info","message":"{ ss_id: 8067 }","timestamp":"11:51:47 AM"}
{"level":"info","message":"{ ss_id: 8067 }","timestamp":"11:51:48 AM"}
{"level":"info","message":"{ ss_id: 8067 }","timestamp":"11:51:54 AM"}
{"level":"info","message":"{ ss_id: 8067 }","timestamp":"11:51:59 AM"}
{"level":"info","message":"{ ss_id: 8067 }","timestamp":"11:52:04 AM"}
{"level":"info","message":"{ ss_id: 8067 }","timestamp":"11:52:05 AM"}
{"level":"info","message":"{ ss_id: 8067 }","timestamp":"1:44:25 PM"}
{"level":"info","message":"{ ss_id: 8067 }","timestamp":"1:44:35 PM"}
{"level":"info","message":"{ ss_id: 8067 }","timestamp":"1:44:54 PM"}
{"level":"info","message":"{ ss_id: 8067 }","timestamp":"1:45:01 PM"}
{"level":"info","message":"{ ss_id: 8067 }","timestamp":"1:45:11 PM"}
{"level":"info","message":"{ ss_id: 8067 }","timestamp":"1:45:57 PM"}
{"level":"info","message":"{ ss_id: 8067 }","timestamp":"1:46:34 PM"}
{"level":"info","message":"{ ss_id: 8067 }","timestamp":"1:46:51 PM"}
{"level":"info","message":"{ ss_id: 8067 }","timestamp":"1:46:56 PM"}
{"level":"info","message":"{ ss_id: 8067 }","timestamp":"1:47:25 PM"}
{"level":"info","message":"{ ss_id: 8067 }","timestamp":"1:47:56 PM"}
{"level":"info","message":"{ ss_id: 8067 }","timestamp":"1:48:42 PM"}
{"level":"info","message":"{ ss_id: 8067 }","timestamp":"1:49:14 PM"}
{"level":"info","message":"{ ss_id: 8067 }","timestamp":"2:06:14 PM"}
{"level":"info","message":"{ ss_id: 8067 }","timestamp":"2:06:20 PM"}
{"level":"info","message":"{ ss_id: 8067 }","timestamp":"2:10:43 PM"}
{"level":"info","message":"{ ss_id: 8067 }","timestamp":"2:10:49 PM"}
{"level":"info","message":"{ ss_id: 8067 }","timestamp":"2:10:51 PM"}
{"level":"info","message":"{ ss_id: 8067 }","timestamp":"2:10:53 PM"}
{"level":"info","message":"{ ss_id: 8067 }","timestamp":"2:11:11 PM"}
{"level":"info","message":"{ ss_id: 8067 }","timestamp":"2:11:19 PM"}
{"level":"info","message":"{ ss_id: 8067 }","timestamp":"2:11:32 PM"}
{"level":"info","message":"{ ss_id: 8067 }","timestamp":"2:11:39 PM"}
{"level":"info","message":"{ ss_id: 8067 }","timestamp":"2:11:48 PM"}
{"level":"info","message":"{ ss_id: 8067 }","timestamp":"2:11:58 PM"}
{"level":"info","message":"{ ss_id: 8067 }","timestamp":"2:12:58 PM"}
{"level":"info","message":"{ ss_id: 8067 }","timestamp":"2:13:58 PM"}
{"level":"info","message":"{ ss_id: 8067 }","timestamp":"2:13:59 PM"}
{"level":"info","message":"{ ss_id: 8067 }","timestamp":"2:13:59 PM"}
{"level":"info","message":"{ ss_id: 8067 }","timestamp":"2:13:59 PM"}
{"level":"info","message":"{ ss_id: 8067 }","timestamp":"2:13:59 PM"}
{"level":"info","message":"{ ss_id: 8067 }","timestamp":"2:14:00 PM"}
{"level":"info","message":"{ ss_id: 8067 }","timestamp":"2:14:00 PM"}
{"level":"info","message":"{ ss_id: 8067 }","timestamp":"2:18:21 PM"}
{"level":"info","message":"{ ss_id: 8067 }","timestamp":"2:22:04 PM"}
{"level":"info","message":"{ ss_id: 8067 }","timestamp":"2:22:19 PM"}
{"level":"info","message":"{ ss_id: 8067 }","timestamp":"2:22:21 PM"}
{"level":"info","message":"{ ss_id: 8067 }","timestamp":"2:22:34 PM"}
{"level":"info","message":"$$$$$$$$$$$$$$$$$$$$$$$$","timestamp":"2:24:48 PM"}
{"meta":"","level":"info","message":"","timestamp":"2:24:48 PM"}
{"level":"info","message":"Development Environment is Listening on port 3000","timestamp":"2:24:48 PM"}
{"level":"info","message":"Web URL : http://localhost:3000","timestamp":"2:24:48 PM"}
{"meta":"","level":"info","message":"","timestamp":"2:24:48 PM"}
{"level":"info","message":"$$$$$$$$$$$$$$$$$$$$$$$$","timestamp":"2:24:48 PM"}
{"meta":"","level":"info","message":"","timestamp":"2:24:48 PM"}
{"level":"info","message":"$$$$$$$$$$$$$$$$$$$$$$$$","timestamp":"2:33:57 PM"}
{"meta":"","level":"info","message":"","timestamp":"2:33:57 PM"}
{"level":"info","message":"Development Environment is Listening on port 3000","timestamp":"2:33:57 PM"}
{"level":"info","message":"Web URL : http://localhost:3000","timestamp":"2:33:57 PM"}
{"meta":"","level":"info","message":"","timestamp":"2:33:57 PM"}
{"level":"info","message":"$$$$$$$$$$$$$$$$$$$$$$$$","timestamp":"2:33:57 PM"}
{"meta":"","level":"info","message":"","timestamp":"2:33:57 PM"}
{"level":"info","message":"{ '$or': [ { Status: 'Publish' }, { Status: 'UnPublish' } ] }","timestamp":"2:34:17 PM"}
{"level":"info","message":"{ '$or': [ { Status: 'Publish' }, { Status: 'UnPublish' } ],\n  Title: /HELATH INUSRANCE/i }","timestamp":"2:34:40 PM"}
{"level":"info","message":"{ '$or': [ { Status: 'Publish' }, { Status: 'UnPublish' } ] }","timestamp":"2:35:55 PM"}
{"level":"info","message":"{ '$or': [ { Status: 'Publish' }, { Status: 'UnPublish' } ] }","timestamp":"2:36:48 PM"}
{"level":"info","message":"{ '$or': [ { Status: 'Publish' }, { Status: 'UnPublish' } ] }","timestamp":"2:36:49 PM"}
{"level":"info","message":"{ '$or': [ { Status: 'Publish' }, { Status: 'UnPublish' } ] }","timestamp":"2:38:31 PM"}
{"level":"info","message":"{ '$or': [ { Status: 'Publish' }, { Status: 'UnPublish' } ] }","timestamp":"5:13:20 PM"}
{"level":"info","message":"{ '$or': [ { Status: 'Publish' }, { Status: 'UnPublish' } ] }","timestamp":"5:20:37 PM"}
{"level":"info","message":"{ '$or': [ { Status: 'Publish' }, { Status: 'UnPublish' } ] }","timestamp":"5:20:38 PM"}
{"level":"info","message":"{ '$or': [ { Status: 'Publish' }, { Status: 'UnPublish' } ] }","timestamp":"5:20:40 PM"}
{"level":"info","message":"{ '$or': [ { Status: 'Publish' }, { Status: 'UnPublish' } ] }","timestamp":"5:20:42 PM"}
{"level":"info","message":"{ '$or': [ { Status: 'Publish' }, { Status: 'UnPublish' } ] }","timestamp":"5:20:43 PM"}
{"level":"info","message":"{ '$or': [ { Status: 'Publish' }, { Status: 'UnPublish' } ] }","timestamp":"5:34:49 PM"}
{"level":"info","message":"{ '$or': [ { Status: 'Publish' }, { Status: 'UnPublish' } ] }","timestamp":"5:34:52 PM"}
{"level":"info","message":"{ '$or': [ { Status: 'Publish' }, { Status: 'UnPublish' } ] }","timestamp":"5:34:54 PM"}
{"level":"info","message":"{ '$or': [ { Status: 'Publish' }, { Status: 'UnPublish' } ] }","timestamp":"5:34:56 PM"}
{"level":"info","message":"{ '$or': [ { Status: 'Publish' }, { Status: 'UnPublish' } ] }","timestamp":"5:34:58 PM"}
{"level":"info","message":"{ '$or': [ { Status: 'Publish' }, { Status: 'UnPublish' } ] }","timestamp":"5:35:00 PM"}
{"level":"info","message":"{ '$or': [ { Status: 'Publish' }, { Status: 'UnPublish' } ] }","timestamp":"5:35:03 PM"}
{"level":"info","message":"{ '$or': [ { Status: 'Publish' }, { Status: 'UnPublish' } ] }","timestamp":"5:35:05 PM"}
{"level":"info","message":"{ '$or': [ { Status: 'Publish' }, { Status: 'UnPublish' } ] }","timestamp":"5:35:07 PM"}
{"level":"info","message":"{ '$or': [ { Status: 'Publish' }, { Status: 'UnPublish' } ] }","timestamp":"5:35:08 PM"}
{"level":"info","message":"{ '$or': [ { Status: 'Publish' }, { Status: 'UnPublish' } ] }","timestamp":"5:35:12 PM"}
{"level":"info","message":"{ '$or': [ { Status: 'Publish' }, { Status: 'UnPublish' } ] }","timestamp":"5:35:13 PM"}
{"level":"info","message":"{ '$or': [ { Status: 'Publish' }, { Status: 'UnPublish' } ] }","timestamp":"5:35:15 PM"}
{"level":"info","message":"{ '$or': [ { Status: 'Publish' }, { Status: 'UnPublish' } ] }","timestamp":"5:35:16 PM"}
{"level":"info","message":"{ '$or': [ { Status: 'Publish' }, { Status: 'UnPublish' } ] }","timestamp":"5:55:59 PM"}
{"level":"info","message":"{ '$or': [ { Status: 'Publish' }, { Status: 'UnPublish' } ] }","timestamp":"5:56:09 PM"}
