{"level":"info","message":"$$$$$$$$$$$$$$$$$$$$$$$$","timestamp":"9:19:45 AM"}
{"meta":"","level":"info","message":"","timestamp":"9:19:45 AM"}
{"level":"info","message":"Production Environment is Listening on port 3000","timestamp":"9:19:45 AM"}
{"level":"info","message":"Web URL : http://localhost:3000","timestamp":"9:19:45 AM"}
{"meta":"","level":"info","message":"","timestamp":"9:19:45 AM"}
{"level":"info","message":"$$$$$$$$$$$$$$$$$$$$$$$$","timestamp":"9:19:45 AM"}
{"meta":"","level":"info","message":"","timestamp":"9:19:45 AM"}
{"level":"info","message":"emp_data : ","timestamp":"9:42:42 AM"}
{"level":"info","message":"emp_data : ","timestamp":"9:42:43 AM"}
{"level":"info","message":"emp_data : ","timestamp":"9:42:44 AM"}
{"level":"info","message":"emp_data : ","timestamp":"9:42:45 AM"}
{"level":"info","message":"DateRange from 2024-04-07T18:30:00.000Z to 2024-04-08T18:30:00.000Z","timestamp":"9:46:25 AM"}
{"level":"info","message":"$$$$$$$$$$$$$$$$$$$$$$$$","timestamp":"10:17:27 AM"}
{"meta":"","level":"info","message":"","timestamp":"10:17:27 AM"}
{"level":"info","message":"Production Environment is Listening on port 3000","timestamp":"10:17:27 AM"}
{"level":"info","message":"Web URL : http://localhost:3000","timestamp":"10:17:27 AM"}
{"meta":"","level":"info","message":"","timestamp":"10:17:27 AM"}
{"level":"info","message":"$$$$$$$$$$$$$$$$$$$$$$$$","timestamp":"10:17:27 AM"}
{"meta":"","level":"info","message":"","timestamp":"10:17:27 AM"}
{"level":"info","message":"DateRange from 2024-04-07T18:30:00.000Z to 2024-04-08T18:30:00.000Z","timestamp":"10:17:29 AM"}
{"level":"info","message":"DateRange from 2024-04-07T18:30:00.000Z to 2024-04-08T18:30:00.000Z","timestamp":"10:18:46 AM"}
{"level":"info","message":"DateRange from 2024-04-07T18:30:00.000Z to 2024-04-08T18:30:00.000Z","timestamp":"10:19:40 AM"}
{"level":"info","message":"DateRange from 2024-04-07T18:30:00.000Z to 2024-04-08T18:30:00.000Z","timestamp":"10:20:59 AM"}
{"level":"info","message":"DateRange from 2024-04-07T18:30:00.000Z to 2024-04-08T18:30:00.000Z","timestamp":"10:22:50 AM"}
{"level":"info","message":"DateRange from 2024-04-07T18:30:00.000Z to 2024-04-08T18:30:00.000Z","timestamp":"10:23:09 AM"}
{"level":"info","message":"DateRange from 2024-04-07T18:30:00.000Z to 2024-04-08T18:30:00.000Z","timestamp":"10:23:34 AM"}
{"level":"info","message":"DateRange from 2024-04-07T18:30:00.000Z to 2024-04-08T18:30:00.000Z","timestamp":"10:26:07 AM"}
{"level":"info","message":"DateRange from 2024-04-07T18:30:00.000Z to 2024-04-08T18:30:00.000Z","timestamp":"10:27:13 AM"}
{"level":"info","message":"DateRange from 2024-04-07T18:30:00.000Z to 2024-04-08T18:30:00.000Z","timestamp":"10:30:27 AM"}
{"level":"info","message":"DateRange from 2024-04-07T18:30:00.000Z to 2024-04-08T18:30:00.000Z","timestamp":"10:30:45 AM"}
{"level":"info","message":"DateRange from 2024-04-07T18:30:00.000Z to 2024-04-08T18:30:00.000Z","timestamp":"10:49:34 AM"}
{"level":"info","message":"DateRange from 2024-04-07T18:30:00.000Z to 2024-04-08T18:30:00.000Z","timestamp":"10:50:21 AM"}
{"level":"info","message":"DateRange from 2024-04-07T18:30:00.000Z to 2024-04-08T18:30:00.000Z","timestamp":"10:51:44 AM"}
{"level":"info","message":"DateRange from 2024-04-07T18:30:00.000Z to 2024-04-08T18:30:00.000Z","timestamp":"10:58:16 AM"}
{"level":"info","message":"DateRange from 2024-04-07T18:30:00.000Z to 2024-04-08T18:30:00.000Z","timestamp":"11:00:56 AM"}
{"level":"info","message":"DateRange from 2024-04-07T18:30:00.000Z to 2024-04-08T18:30:00.000Z","timestamp":"11:02:18 AM"}
{"level":"info","message":"DateRange from 2024-04-07T18:30:00.000Z to 2024-04-08T18:30:00.000Z","timestamp":"11:02:53 AM"}
{"level":"info","message":"DateRange from 2024-04-07T18:30:00.000Z to 2024-04-08T18:30:00.000Z","timestamp":"11:03:11 AM"}
{"level":"info","message":"DateRange from 2024-04-07T18:30:00.000Z to 2024-04-08T18:30:00.000Z","timestamp":"11:08:02 AM"}
{"level":"info","message":"DateRange from 2024-04-07T18:30:00.000Z to 2024-04-08T18:30:00.000Z","timestamp":"11:17:13 AM"}
{"level":"info","message":"DateRange from 2024-04-07T18:30:00.000Z to 2024-04-08T18:30:00.000Z","timestamp":"11:18:13 AM"}
{"level":"info","message":"DateRange from 2024-04-07T18:30:00.000Z to 2024-04-08T18:30:00.000Z","timestamp":"11:18:21 AM"}
{"level":"info","message":"DateRange from 2024-04-07T18:30:00.000Z to 2024-04-08T18:30:00.000Z","timestamp":"11:19:42 AM"}
{"level":"info","message":"DateRange from 2024-04-07T18:30:00.000Z to 2024-04-08T18:30:00.000Z","timestamp":"11:22:07 AM"}
{"level":"info","message":"DateRange from 2024-04-07T18:30:00.000Z to 2024-04-08T18:30:00.000Z","timestamp":"11:22:36 AM"}
{"level":"info","message":"DateRange from 2024-04-07T18:30:00.000Z to 2024-04-08T18:30:00.000Z","timestamp":"11:27:50 AM"}
{"level":"info","message":"DateRange from 2024-04-07T18:30:00.000Z to 2024-04-08T18:30:00.000Z","timestamp":"11:28:40 AM"}
{"level":"info","message":"DateRange from 2024-04-07T18:30:00.000Z to 2024-04-08T18:30:00.000Z","timestamp":"11:29:19 AM"}
{"level":"info","message":"DateRange from 2024-04-07T18:30:00.000Z to 2024-04-08T18:30:00.000Z","timestamp":"11:29:22 AM"}
{"level":"info","message":"DateRange from 2024-04-07T18:30:00.000Z to 2024-04-08T18:30:00.000Z","timestamp":"11:30:26 AM"}
{"level":"info","message":"DateRange from 2024-04-07T18:30:00.000Z to 2024-04-08T18:30:00.000Z","timestamp":"11:30:54 AM"}
{"level":"info","message":"DateRange from 2024-04-07T18:30:00.000Z to 2024-04-08T18:30:00.000Z","timestamp":"11:31:07 AM"}
{"level":"info","message":"DateRange from 2024-04-07T18:30:00.000Z to 2024-04-08T18:30:00.000Z","timestamp":"11:31:31 AM"}
{"level":"info","message":"DateRange from 2024-04-07T18:30:00.000Z to 2024-04-08T18:30:00.000Z","timestamp":"11:34:10 AM"}
{"level":"info","message":"DateRange from 2024-04-07T18:30:00.000Z to 2024-04-08T18:30:00.000Z","timestamp":"11:35:18 AM"}
{"level":"info","message":"DateRange from 2024-04-07T18:30:00.000Z to 2024-04-08T18:30:00.000Z","timestamp":"11:36:15 AM"}
{"level":"info","message":"DateRange from 2024-04-07T18:30:00.000Z to 2024-04-08T18:30:00.000Z","timestamp":"11:37:25 AM"}
{"level":"info","message":"DateRange from 2024-04-07T18:30:00.000Z to 2024-04-08T18:30:00.000Z","timestamp":"11:38:55 AM"}
{"level":"info","message":"DateRange from 2024-04-07T18:30:00.000Z to 2024-04-08T18:30:00.000Z","timestamp":"11:39:38 AM"}
{"level":"info","message":"DateRange from 2024-04-07T18:30:00.000Z to 2024-04-08T18:30:00.000Z","timestamp":"11:41:00 AM"}
{"level":"info","message":"DateRange from 2024-04-07T18:30:00.000Z to 2024-04-08T18:30:00.000Z","timestamp":"11:41:08 AM"}
{"level":"info","message":"DateRange from 2024-04-07T18:30:00.000Z to 2024-04-08T18:30:00.000Z","timestamp":"11:42:28 AM"}
{"level":"info","message":"DateRange from 2024-04-07T18:30:00.000Z to 2024-04-08T18:30:00.000Z","timestamp":"11:44:43 AM"}
{"level":"info","message":"DateRange from 2024-04-07T18:30:00.000Z to 2024-04-08T18:30:00.000Z","timestamp":"11:46:02 AM"}
{"level":"info","message":"DateRange from 2024-04-07T18:30:00.000Z to 2024-04-08T18:30:00.000Z","timestamp":"11:49:17 AM"}
{"level":"info","message":"DateRange from 2024-04-07T18:30:00.000Z to 2024-04-08T18:30:00.000Z","timestamp":"11:54:03 AM"}
{"level":"info","message":"DateRange from 2024-04-07T18:30:00.000Z to 2024-04-08T18:30:00.000Z","timestamp":"11:58:35 AM"}
{"level":"info","message":"DateRange from 2024-04-07T18:30:00.000Z to 2024-04-08T18:30:00.000Z","timestamp":"11:58:47 AM"}
{"level":"info","message":"DateRange from 2024-04-07T18:30:00.000Z to 2024-04-08T18:30:00.000Z","timestamp":"12:02:25 PM"}
{"level":"info","message":"DateRange from 2024-04-07T18:30:00.000Z to 2024-04-08T18:30:00.000Z","timestamp":"12:05:31 PM"}
{"level":"info","message":"DateRange from 2024-04-07T18:30:00.000Z to 2024-04-08T18:30:00.000Z","timestamp":"12:06:40 PM"}
{"level":"info","message":"DateRange from 2024-04-07T18:30:00.000Z to 2024-04-08T18:30:00.000Z","timestamp":"12:08:40 PM"}
{"level":"info","message":"DateRange from 2024-04-07T18:30:00.000Z to 2024-04-08T18:30:00.000Z","timestamp":"12:10:37 PM"}
{"level":"info","message":"DateRange from 2024-04-07T18:30:00.000Z to 2024-04-08T18:30:00.000Z","timestamp":"12:10:57 PM"}
{"level":"info","message":"DateRange from 2024-04-07T18:30:00.000Z to 2024-04-08T18:30:00.000Z","timestamp":"12:14:38 PM"}
{"level":"info","message":"DateRange from 2024-04-07T18:30:00.000Z to 2024-04-08T18:30:00.000Z","timestamp":"12:14:41 PM"}
{"level":"info","message":"$$$$$$$$$$$$$$$$$$$$$$$$","timestamp":"12:24:25 PM"}
{"meta":"","level":"info","message":"","timestamp":"12:24:25 PM"}
{"level":"info","message":"Production Environment is Listening on port 3000","timestamp":"12:24:25 PM"}
{"level":"info","message":"Web URL : http://localhost:3000","timestamp":"12:24:25 PM"}
{"meta":"","level":"info","message":"","timestamp":"12:24:25 PM"}
{"level":"info","message":"$$$$$$$$$$$$$$$$$$$$$$$$","timestamp":"12:24:25 PM"}
{"meta":"","level":"info","message":"","timestamp":"12:24:25 PM"}
{"level":"info","message":"DateRange from 2024-04-07T18:30:00.000Z to 2024-04-08T18:30:00.000Z","timestamp":"12:24:35 PM"}
{"level":"info","message":"$$$$$$$$$$$$$$$$$$$$$$$$","timestamp":"12:30:48 PM"}
{"meta":"","level":"info","message":"","timestamp":"12:30:48 PM"}
{"level":"info","message":"Production Environment is Listening on port 3000","timestamp":"12:30:48 PM"}
{"level":"info","message":"Web URL : http://localhost:3000","timestamp":"12:30:48 PM"}
{"meta":"","level":"info","message":"","timestamp":"12:30:48 PM"}
{"level":"info","message":"$$$$$$$$$$$$$$$$$$$$$$$$","timestamp":"12:30:48 PM"}
{"meta":"","level":"info","message":"","timestamp":"12:30:48 PM"}
{"level":"info","message":"DateRange from 2024-04-07T18:30:00.000Z to 2024-04-08T18:30:00.000Z","timestamp":"12:30:55 PM"}
{"level":"info","message":"DateRange from 2024-04-07T18:30:00.000Z to 2024-04-08T18:30:00.000Z","timestamp":"12:31:25 PM"}
{"level":"info","message":"DateRange from 2024-04-07T18:30:00.000Z to 2024-04-08T18:30:00.000Z","timestamp":"12:34:09 PM"}
{"level":"info","message":"DateRange from 2024-04-07T18:30:00.000Z to 2024-04-08T18:30:00.000Z","timestamp":"12:36:52 PM"}
{"level":"info","message":"DateRange from 2024-04-07T18:30:00.000Z to 2024-04-08T18:30:00.000Z","timestamp":"12:37:57 PM"}
{"level":"info","message":"DateRange from 2024-04-07T18:30:00.000Z to 2024-04-08T18:30:00.000Z","timestamp":"12:38:30 PM"}
{"level":"info","message":"DateRange from 2024-04-07T18:30:00.000Z to 2024-04-08T18:30:00.000Z","timestamp":"12:39:15 PM"}
{"level":"info","message":"DateRange from 2024-04-07T18:30:00.000Z to 2024-04-08T18:30:00.000Z","timestamp":"12:40:37 PM"}
{"level":"info","message":"DateRange from 2024-04-07T18:30:00.000Z to 2024-04-08T18:30:00.000Z","timestamp":"12:43:40 PM"}
{"level":"info","message":"DateRange from 2024-04-07T18:30:00.000Z to 2024-04-08T18:30:00.000Z","timestamp":"12:50:37 PM"}
{"level":"info","message":"DateRange from 2024-04-07T18:30:00.000Z to 2024-04-08T18:30:00.000Z","timestamp":"1:11:14 PM"}
{"level":"info","message":"DateRange from 2024-04-07T18:30:00.000Z to 2024-04-08T18:30:00.000Z","timestamp":"1:12:51 PM"}
{"level":"info","message":"DateRange from 2024-04-07T18:30:00.000Z to 2024-04-08T18:30:00.000Z","timestamp":"1:13:15 PM"}
{"level":"info","message":"DateRange from 2024-04-07T18:30:00.000Z to 2024-04-08T18:30:00.000Z","timestamp":"1:14:45 PM"}
{"level":"info","message":"DateRange from 2024-04-07T18:30:00.000Z to 2024-04-08T18:30:00.000Z","timestamp":"1:16:16 PM"}
{"level":"info","message":"DateRange from 2024-04-07T18:30:00.000Z to 2024-04-08T18:30:00.000Z","timestamp":"1:18:12 PM"}
{"level":"info","message":"DateRange from 2024-04-07T18:30:00.000Z to 2024-04-08T18:30:00.000Z","timestamp":"1:18:28 PM"}
{"level":"info","message":"DateRange from 2024-04-07T18:30:00.000Z to 2024-04-08T18:30:00.000Z","timestamp":"1:18:52 PM"}
{"level":"info","message":"DateRange from 2024-04-07T18:30:00.000Z to 2024-04-08T18:30:00.000Z","timestamp":"1:19:37 PM"}
{"level":"info","message":"DateRange from 2024-04-07T18:30:00.000Z to 2024-04-08T18:30:00.000Z","timestamp":"1:20:31 PM"}
{"level":"info","message":"DateRange from 2024-04-07T18:30:00.000Z to 2024-04-08T18:30:00.000Z","timestamp":"1:21:02 PM"}
{"level":"info","message":"DateRange from 2024-04-07T18:30:00.000Z to 2024-04-08T18:30:00.000Z","timestamp":"1:21:47 PM"}
{"level":"info","message":"DateRange from 2024-04-07T18:30:00.000Z to 2024-04-08T18:30:00.000Z","timestamp":"1:22:29 PM"}
{"level":"info","message":"DateRange from 2024-04-07T18:30:00.000Z to 2024-04-08T18:30:00.000Z","timestamp":"1:23:49 PM"}
{"level":"info","message":"DateRange from 2024-04-07T18:30:00.000Z to 2024-04-08T18:30:00.000Z","timestamp":"1:25:20 PM"}
{"level":"info","message":"DateRange from 2024-04-07T18:30:00.000Z to 2024-04-08T18:30:00.000Z","timestamp":"1:27:46 PM"}
{"level":"info","message":"DateRange from 2024-04-07T18:30:00.000Z to 2024-04-08T18:30:00.000Z","timestamp":"1:27:55 PM"}
{"level":"info","message":"DateRange from 2024-04-07T18:30:00.000Z to 2024-04-08T18:30:00.000Z","timestamp":"1:29:36 PM"}
{"level":"info","message":"DateRange from 2024-04-07T18:30:00.000Z to 2024-04-08T18:30:00.000Z","timestamp":"1:30:33 PM"}
{"level":"info","message":"DateRange from 2024-04-07T18:30:00.000Z to 2024-04-08T18:30:00.000Z","timestamp":"1:31:31 PM"}
{"level":"info","message":"DateRange from 2024-04-07T18:30:00.000Z to 2024-04-08T18:30:00.000Z","timestamp":"1:31:43 PM"}
{"level":"info","message":"DateRange from 2024-04-07T18:30:00.000Z to 2024-04-08T18:30:00.000Z","timestamp":"1:32:07 PM"}
{"level":"info","message":"DateRange from 2024-04-07T18:30:00.000Z to 2024-04-08T18:30:00.000Z","timestamp":"1:33:06 PM"}
{"level":"info","message":"DateRange from 2024-04-07T18:30:00.000Z to 2024-04-08T18:30:00.000Z","timestamp":"1:37:58 PM"}
{"level":"info","message":"DateRange from 2024-04-07T18:30:00.000Z to 2024-04-08T18:30:00.000Z","timestamp":"1:42:52 PM"}
{"level":"info","message":"DateRange from 2024-04-07T18:30:00.000Z to 2024-04-08T18:30:00.000Z","timestamp":"1:43:38 PM"}
{"level":"info","message":"DateRange from 2024-04-07T18:30:00.000Z to 2024-04-08T18:30:00.000Z","timestamp":"1:44:09 PM"}
{"level":"info","message":"DateRange from 2024-04-07T18:30:00.000Z to 2024-04-08T18:30:00.000Z","timestamp":"1:44:43 PM"}
{"level":"info","message":"DateRange from 2024-04-07T18:30:00.000Z to 2024-04-08T18:30:00.000Z","timestamp":"1:45:54 PM"}
{"level":"info","message":"DateRange from 2024-04-07T18:30:00.000Z to 2024-04-08T18:30:00.000Z","timestamp":"1:46:24 PM"}
{"level":"info","message":"DateRange from 2024-04-07T18:30:00.000Z to 2024-04-08T18:30:00.000Z","timestamp":"1:49:06 PM"}
{"level":"info","message":"DateRange from 2024-04-07T18:30:00.000Z to 2024-04-08T18:30:00.000Z","timestamp":"1:49:51 PM"}
{"level":"info","message":"DateRange from 2024-04-07T18:30:00.000Z to 2024-04-08T18:30:00.000Z","timestamp":"1:50:10 PM"}
{"level":"info","message":"DateRange from 2024-04-07T18:30:00.000Z to 2024-04-08T18:30:00.000Z","timestamp":"1:50:44 PM"}
{"level":"info","message":"DateRange from 2024-04-07T18:30:00.000Z to 2024-04-08T18:30:00.000Z","timestamp":"2:02:07 PM"}
{"level":"info","message":"$$$$$$$$$$$$$$$$$$$$$$$$","timestamp":"2:17:31 PM"}
{"meta":"","level":"info","message":"","timestamp":"2:17:31 PM"}
{"level":"info","message":"Production Environment is Listening on port 3000","timestamp":"2:17:31 PM"}
{"level":"info","message":"Web URL : http://localhost:3000","timestamp":"2:17:31 PM"}
{"meta":"","level":"info","message":"","timestamp":"2:17:31 PM"}
{"level":"info","message":"$$$$$$$$$$$$$$$$$$$$$$$$","timestamp":"2:17:31 PM"}
{"meta":"","level":"info","message":"","timestamp":"2:17:32 PM"}
{"level":"info","message":"DateRange from 2024-04-07T18:30:00.000Z to 2024-04-08T18:30:00.000Z","timestamp":"2:17:46 PM"}
{"level":"info","message":"DateRange from 2024-04-07T18:30:00.000Z to 2024-04-08T18:30:00.000Z","timestamp":"2:39:07 PM"}
{"level":"info","message":"DateRange from 2024-04-07T18:30:00.000Z to 2024-04-08T18:30:00.000Z","timestamp":"2:39:58 PM"}
{"level":"info","message":"DateRange from 2024-04-07T18:30:00.000Z to 2024-04-08T18:30:00.000Z","timestamp":"2:42:07 PM"}
{"level":"info","message":"DateRange from 2024-04-07T18:30:00.000Z to 2024-04-08T18:30:00.000Z","timestamp":"2:43:58 PM"}
{"level":"info","message":"DateRange from 2024-04-07T18:30:00.000Z to 2024-04-08T18:30:00.000Z","timestamp":"2:44:59 PM"}
{"level":"info","message":"DateRange from 2024-04-07T18:30:00.000Z to 2024-04-08T18:30:00.000Z","timestamp":"2:45:39 PM"}
{"level":"info","message":"DateRange from 2024-04-07T18:30:00.000Z to 2024-04-08T18:30:00.000Z","timestamp":"2:46:30 PM"}
{"level":"info","message":"DateRange from 2024-04-07T18:30:00.000Z to 2024-04-08T18:30:00.000Z","timestamp":"2:48:40 PM"}
{"level":"info","message":"DateRange from 2024-04-07T18:30:00.000Z to 2024-04-08T18:30:00.000Z","timestamp":"2:49:34 PM"}
{"level":"info","message":"DateRange from 2024-04-07T18:30:00.000Z to 2024-04-08T18:30:00.000Z","timestamp":"2:50:04 PM"}
{"level":"info","message":"DateRange from 2024-04-07T18:30:00.000Z to 2024-04-08T18:30:00.000Z","timestamp":"2:50:17 PM"}
{"level":"info","message":"$$$$$$$$$$$$$$$$$$$$$$$$","timestamp":"3:25:35 PM"}
{"meta":"","level":"info","message":"","timestamp":"3:25:35 PM"}
{"level":"info","message":"Production Environment is Listening on port 3000","timestamp":"3:25:35 PM"}
{"level":"info","message":"Web URL : http://localhost:3000","timestamp":"3:25:35 PM"}
{"meta":"","level":"info","message":"","timestamp":"3:25:35 PM"}
{"level":"info","message":"$$$$$$$$$$$$$$$$$$$$$$$$","timestamp":"3:25:35 PM"}
{"meta":"","level":"info","message":"","timestamp":"3:25:35 PM"}
{"level":"info","message":"$$$$$$$$$$$$$$$$$$$$$$$$","timestamp":"3:57:29 PM"}
{"meta":"","level":"info","message":"","timestamp":"3:57:29 PM"}
{"level":"info","message":"Production Environment is Listening on port 3000","timestamp":"3:57:29 PM"}
{"level":"info","message":"Web URL : http://localhost:3000","timestamp":"3:57:29 PM"}
{"meta":"","level":"info","message":"","timestamp":"3:57:29 PM"}
{"level":"info","message":"$$$$$$$$$$$$$$$$$$$$$$$$","timestamp":"3:57:29 PM"}
{"meta":"","level":"info","message":"","timestamp":"3:57:29 PM"}
{"level":"info","message":"DateRange from 2024-04-07T18:30:00.000Z to 2024-04-08T18:30:00.000Z","timestamp":"3:57:51 PM"}
{"level":"info","message":"DateRange from 2024-04-07T18:30:00.000Z to 2024-04-08T18:30:00.000Z","timestamp":"3:59:11 PM"}
{"level":"info","message":"DateRange from 2024-04-07T18:30:00.000Z to 2024-04-08T18:30:00.000Z","timestamp":"4:22:39 PM"}
{"level":"info","message":"DateRange from 2024-04-07T18:30:00.000Z to 2024-04-08T18:30:00.000Z","timestamp":"4:29:01 PM"}
{"level":"info","message":"DateRange from 2024-04-07T18:30:00.000Z to 2024-04-08T18:30:00.000Z","timestamp":"4:38:15 PM"}
{"level":"info","message":"DateRange from 2024-04-07T18:30:00.000Z to 2024-04-08T18:30:00.000Z","timestamp":"4:40:22 PM"}
{"level":"info","message":"DateRange from 2024-04-07T18:30:00.000Z to 2024-04-08T18:30:00.000Z","timestamp":"4:41:25 PM"}
{"level":"info","message":"DateRange from 2024-04-07T18:30:00.000Z to 2024-04-08T18:30:00.000Z","timestamp":"4:44:19 PM"}
{"level":"info","message":"DateRange from 2024-04-07T18:30:00.000Z to 2024-04-08T18:30:00.000Z","timestamp":"4:44:34 PM"}
{"level":"info","message":"DateRange from 2024-04-07T18:30:00.000Z to 2024-04-08T18:30:00.000Z","timestamp":"4:46:22 PM"}
{"level":"info","message":"DateRange from 2024-04-07T18:30:00.000Z to 2024-04-08T18:30:00.000Z","timestamp":"4:46:39 PM"}
{"level":"info","message":"DateRange from 2024-04-07T18:30:00.000Z to 2024-04-08T18:30:00.000Z","timestamp":"4:48:28 PM"}
{"level":"info","message":"DateRange from 2024-04-07T18:30:00.000Z to 2024-04-08T18:30:00.000Z","timestamp":"4:51:18 PM"}
{"level":"info","message":"DateRange from 2024-04-07T18:30:00.000Z to 2024-04-08T18:30:00.000Z","timestamp":"4:51:36 PM"}
{"level":"info","message":"$$$$$$$$$$$$$$$$$$$$$$$$","timestamp":"5:04:23 PM"}
{"meta":"","level":"info","message":"","timestamp":"5:04:23 PM"}
{"level":"info","message":"Production Environment is Listening on port 3000","timestamp":"5:04:23 PM"}
{"level":"info","message":"Web URL : http://localhost:3000","timestamp":"5:04:23 PM"}
{"meta":"","level":"info","message":"","timestamp":"5:04:23 PM"}
{"level":"info","message":"$$$$$$$$$$$$$$$$$$$$$$$$","timestamp":"5:04:23 PM"}
{"meta":"","level":"info","message":"","timestamp":"5:04:23 PM"}
{"level":"info","message":"DateRange from 2024-04-07T18:30:00.000Z to 2024-04-08T18:30:00.000Z","timestamp":"5:05:05 PM"}
{"level":"info","message":"DateRange from 2024-04-07T18:30:00.000Z to 2024-04-08T18:30:00.000Z","timestamp":"5:08:54 PM"}
{"level":"info","message":"DateRange from 2024-04-07T18:30:00.000Z to 2024-04-08T18:30:00.000Z","timestamp":"5:11:02 PM"}
{"level":"info","message":"DateRange from 2024-04-07T18:30:00.000Z to 2024-04-08T18:30:00.000Z","timestamp":"5:14:11 PM"}
{"level":"info","message":"DateRange from 2024-04-07T18:30:00.000Z to 2024-04-08T18:30:00.000Z","timestamp":"5:14:47 PM"}
{"level":"info","message":"DateRange from 2024-04-07T18:30:00.000Z to 2024-04-08T18:30:00.000Z","timestamp":"5:15:22 PM"}
{"level":"info","message":"DateRange from 2024-04-07T18:30:00.000Z to 2024-04-08T18:30:00.000Z","timestamp":"5:18:48 PM"}
{"level":"info","message":"DateRange from 2024-04-07T18:30:00.000Z to 2024-04-08T18:30:00.000Z","timestamp":"5:35:04 PM"}
{"level":"info","message":"DateRange from 2024-04-07T18:30:00.000Z to 2024-04-08T18:30:00.000Z","timestamp":"5:36:00 PM"}
{"level":"info","message":"DateRange from 2024-04-07T18:30:00.000Z to 2024-04-08T18:30:00.000Z","timestamp":"5:36:29 PM"}
{"level":"info","message":"DateRange from 2024-04-07T18:30:00.000Z to 2024-04-08T18:30:00.000Z","timestamp":"5:36:43 PM"}
{"level":"info","message":"DateRange from 2024-04-07T18:30:00.000Z to 2024-04-08T18:30:00.000Z","timestamp":"5:37:07 PM"}
{"level":"info","message":"DateRange from 2024-04-07T18:30:00.000Z to 2024-04-08T18:30:00.000Z","timestamp":"5:37:28 PM"}
{"level":"info","message":"DateRange from 2024-04-07T18:30:00.000Z to 2024-04-08T18:30:00.000Z","timestamp":"5:42:41 PM"}
{"level":"info","message":"DateRange from 2024-04-07T18:30:00.000Z to 2024-04-08T18:30:00.000Z","timestamp":"5:50:05 PM"}
{"level":"info","message":"DateRange from 2024-04-07T18:30:00.000Z to 2024-04-08T18:30:00.000Z","timestamp":"5:51:08 PM"}
{"level":"info","message":"DateRange from 2024-04-07T18:30:00.000Z to 2024-04-08T18:30:00.000Z","timestamp":"5:54:42 PM"}
{"level":"info","message":"DateRange from 2024-04-07T18:30:00.000Z to 2024-04-08T18:30:00.000Z","timestamp":"5:55:49 PM"}
{"level":"info","message":"DateRange from 2024-04-07T18:30:00.000Z to 2024-04-08T18:30:00.000Z","timestamp":"5:56:09 PM"}
{"level":"info","message":"DateRange from 2024-04-07T18:30:00.000Z to 2024-04-08T18:30:00.000Z","timestamp":"6:14:23 PM"}
{"level":"info","message":"DateRange from 2024-04-07T18:30:00.000Z to 2024-04-08T18:30:00.000Z","timestamp":"6:15:21 PM"}
{"level":"info","message":"DateRange from 2024-04-07T18:30:00.000Z to 2024-04-08T18:30:00.000Z","timestamp":"6:15:59 PM"}
{"level":"info","message":"DateRange from 2024-04-07T18:30:00.000Z to 2024-04-08T18:30:00.000Z","timestamp":"6:16:47 PM"}
{"level":"info","message":"DateRange from 2024-04-07T18:30:00.000Z to 2024-04-08T18:30:00.000Z","timestamp":"6:17:44 PM"}
{"level":"info","message":"DateRange from 2024-04-07T18:30:00.000Z to 2024-04-08T18:30:00.000Z","timestamp":"6:18:44 PM"}
{"level":"info","message":"$$$$$$$$$$$$$$$$$$$$$$$$","timestamp":"6:23:34 PM"}
{"meta":"","level":"info","message":"","timestamp":"6:23:34 PM"}
{"level":"info","message":"Production Environment is Listening on port 3000","timestamp":"6:23:34 PM"}
{"level":"info","message":"Web URL : http://localhost:3000","timestamp":"6:23:34 PM"}
{"meta":"","level":"info","message":"","timestamp":"6:23:34 PM"}
{"level":"info","message":"$$$$$$$$$$$$$$$$$$$$$$$$","timestamp":"6:23:34 PM"}
{"meta":"","level":"info","message":"","timestamp":"6:23:34 PM"}
{"level":"info","message":"DateRange from 2024-04-07T18:30:00.000Z to 2024-04-08T18:30:00.000Z","timestamp":"6:37:18 PM"}
{"level":"info","message":"DateRange from 2024-04-07T18:30:00.000Z to 2024-04-08T18:30:00.000Z","timestamp":"6:38:42 PM"}
{"level":"info","message":"DateRange from 2024-04-07T18:30:00.000Z to 2024-04-08T18:30:00.000Z","timestamp":"6:39:11 PM"}
{"level":"info","message":"DateRange from 2024-04-07T18:30:00.000Z to 2024-04-08T18:30:00.000Z","timestamp":"6:44:52 PM"}
{"level":"info","message":"DateRange from 2024-04-07T18:30:00.000Z to 2024-04-08T18:30:00.000Z","timestamp":"6:46:10 PM"}
{"level":"info","message":"DateRange from 2024-04-07T18:30:00.000Z to 2024-04-08T18:30:00.000Z","timestamp":"6:48:33 PM"}
