{"level":"info","message":"$$$$$$$$$$$$$$$$$$$$$$$$","timestamp":"9:07:55 AM"}
{"meta":"","level":"info","message":"","timestamp":"9:07:55 AM"}
{"level":"info","message":"Development Environment is Listening on port 3000","timestamp":"9:07:55 AM"}
{"level":"info","message":"Web URL : http://localhost:3000","timestamp":"9:07:55 AM"}
{"meta":"","level":"info","message":"","timestamp":"9:07:55 AM"}
{"level":"info","message":"$$$$$$$$$$$$$$$$$$$$$$$$","timestamp":"9:07:55 AM"}
{"meta":"","level":"info","message":"","timestamp":"9:07:55 AM"}
{"level":"info","message":"{ Status: 'Publish' }","timestamp":"9:08:53 AM"}
{"level":"info","message":"{ Status: 'Publish' }","timestamp":"9:08:56 AM"}
{"level":"info","message":"{ Status: 'Publish' }","timestamp":"9:08:58 AM"}
{"level":"info","message":"{ Status: 'Publish' }","timestamp":"9:09:00 AM"}
{"level":"info","message":"{ Status: 'Publish' }","timestamp":"9:09:01 AM"}
{"level":"info","message":"{ Status: 'Publish' }","timestamp":"9:09:03 AM"}
{"level":"info","message":"{ Status: 'Publish' }","timestamp":"9:09:05 AM"}
{"level":"info","message":"$$$$$$$$$$$$$$$$$$$$$$$$","timestamp":"9:14:55 AM"}
{"meta":"","level":"info","message":"","timestamp":"9:14:55 AM"}
{"level":"info","message":"Development Environment is Listening on port 3000","timestamp":"9:14:55 AM"}
{"level":"info","message":"Web URL : http://localhost:3000","timestamp":"9:14:55 AM"}
{"meta":"","level":"info","message":"","timestamp":"9:14:55 AM"}
{"level":"info","message":"$$$$$$$$$$$$$$$$$$$$$$$$","timestamp":"9:14:55 AM"}
{"meta":"","level":"info","message":"","timestamp":"9:14:55 AM"}
{"level":"info","message":"$$$$$$$$$$$$$$$$$$$$$$$$","timestamp":"4:01:34 PM"}
{"meta":"","level":"info","message":"","timestamp":"4:01:34 PM"}
{"level":"info","message":"Development Environment is Listening on port 3000","timestamp":"4:01:34 PM"}
{"level":"info","message":"Web URL : http://localhost:3000","timestamp":"4:01:34 PM"}
{"meta":"","level":"info","message":"","timestamp":"4:01:34 PM"}
{"level":"info","message":"$$$$$$$$$$$$$$$$$$$$$$$$","timestamp":"4:01:34 PM"}
{"meta":"","level":"info","message":"","timestamp":"4:01:34 PM"}
{"level":"info","message":"$$$$$$$$$$$$$$$$$$$$$$$$","timestamp":"4:03:40 PM"}
{"meta":"","level":"info","message":"","timestamp":"4:03:40 PM"}
{"level":"info","message":"Development Environment is Listening on port 3000","timestamp":"4:03:40 PM"}
{"level":"info","message":"Web URL : http://localhost:3000","timestamp":"4:03:40 PM"}
{"meta":"","level":"info","message":"","timestamp":"4:03:40 PM"}
{"level":"info","message":"$$$$$$$$$$$$$$$$$$$$$$$$","timestamp":"4:03:40 PM"}
{"meta":"","level":"info","message":"","timestamp":"4:03:40 PM"}
{"level":"info","message":"$$$$$$$$$$$$$$$$$$$$$$$$","timestamp":"4:33:14 PM"}
{"meta":"","level":"info","message":"","timestamp":"4:33:14 PM"}
{"level":"info","message":"Development Environment is Listening on port 3000","timestamp":"4:33:14 PM"}
{"level":"info","message":"Web URL : http://localhost:3000","timestamp":"4:33:14 PM"}
{"meta":"","level":"info","message":"","timestamp":"4:33:14 PM"}
{"level":"info","message":"$$$$$$$$$$$$$$$$$$$$$$$$","timestamp":"4:33:14 PM"}
{"meta":"","level":"info","message":"","timestamp":"4:33:14 PM"}
{"level":"info","message":"$$$$$$$$$$$$$$$$$$$$$$$$","timestamp":"4:39:19 PM"}
{"meta":"","level":"info","message":"","timestamp":"4:39:19 PM"}
{"level":"info","message":"Development Environment is Listening on port 3000","timestamp":"4:39:19 PM"}
{"level":"info","message":"Web URL : http://localhost:3000","timestamp":"4:39:19 PM"}
{"meta":"","level":"info","message":"","timestamp":"4:39:19 PM"}
{"level":"info","message":"$$$$$$$$$$$$$$$$$$$$$$$$","timestamp":"4:39:19 PM"}
{"meta":"","level":"info","message":"","timestamp":"4:39:19 PM"}
{"level":"info","message":"$$$$$$$$$$$$$$$$$$$$$$$$","timestamp":"4:50:36 PM"}
{"meta":"","level":"info","message":"","timestamp":"4:50:36 PM"}
{"level":"info","message":"Development Environment is Listening on port 3000","timestamp":"4:50:36 PM"}
{"level":"info","message":"Web URL : http://localhost:3000","timestamp":"4:50:36 PM"}
{"meta":"","level":"info","message":"","timestamp":"4:50:36 PM"}
{"level":"info","message":"$$$$$$$$$$$$$$$$$$$$$$$$","timestamp":"4:50:36 PM"}
{"meta":"","level":"info","message":"","timestamp":"4:50:36 PM"}
{"level":"info","message":"$$$$$$$$$$$$$$$$$$$$$$$$","timestamp":"4:58:00 PM"}
{"meta":"","level":"info","message":"","timestamp":"4:58:00 PM"}
{"level":"info","message":"Development Environment is Listening on port 3000","timestamp":"4:58:00 PM"}
{"level":"info","message":"Web URL : http://localhost:3000","timestamp":"4:58:00 PM"}
{"meta":"","level":"info","message":"","timestamp":"4:58:00 PM"}
{"level":"info","message":"$$$$$$$$$$$$$$$$$$$$$$$$","timestamp":"4:58:00 PM"}
{"meta":"","level":"info","message":"","timestamp":"4:58:00 PM"}
{"level":"info","message":"$$$$$$$$$$$$$$$$$$$$$$$$","timestamp":"5:01:27 PM"}
{"meta":"","level":"info","message":"","timestamp":"5:01:27 PM"}
{"level":"info","message":"Development Environment is Listening on port 3000","timestamp":"5:01:27 PM"}
{"level":"info","message":"Web URL : http://localhost:3000","timestamp":"5:01:27 PM"}
{"meta":"","level":"info","message":"","timestamp":"5:01:27 PM"}
{"level":"info","message":"$$$$$$$$$$$$$$$$$$$$$$$$","timestamp":"5:01:27 PM"}
{"meta":"","level":"info","message":"","timestamp":"5:01:27 PM"}
{"level":"info","message":"$$$$$$$$$$$$$$$$$$$$$$$$","timestamp":"5:03:15 PM"}
{"meta":"","level":"info","message":"","timestamp":"5:03:15 PM"}
{"level":"info","message":"Development Environment is Listening on port 3000","timestamp":"5:03:15 PM"}
{"level":"info","message":"Web URL : http://localhost:3000","timestamp":"5:03:15 PM"}
{"meta":"","level":"info","message":"","timestamp":"5:03:15 PM"}
{"level":"info","message":"$$$$$$$$$$$$$$$$$$$$$$$$","timestamp":"5:03:15 PM"}
{"meta":"","level":"info","message":"","timestamp":"5:03:15 PM"}
{"level":"info","message":"$$$$$$$$$$$$$$$$$$$$$$$$","timestamp":"5:59:41 PM"}
{"meta":"","level":"info","message":"","timestamp":"5:59:41 PM"}
{"level":"info","message":"Development Environment is Listening on port 3000","timestamp":"5:59:41 PM"}
{"level":"info","message":"Web URL : http://localhost:3000","timestamp":"5:59:41 PM"}
{"meta":"","level":"info","message":"","timestamp":"5:59:41 PM"}
{"level":"info","message":"$$$$$$$$$$$$$$$$$$$$$$$$","timestamp":"5:59:41 PM"}
{"meta":"","level":"info","message":"","timestamp":"5:59:41 PM"}
{"level":"info","message":"$$$$$$$$$$$$$$$$$$$$$$$$","timestamp":"6:09:19 PM"}
{"meta":"","level":"info","message":"","timestamp":"6:09:19 PM"}
{"level":"info","message":"Development Environment is Listening on port 3000","timestamp":"6:09:19 PM"}
{"level":"info","message":"Web URL : http://localhost:3000","timestamp":"6:09:19 PM"}
{"meta":"","level":"info","message":"","timestamp":"6:09:19 PM"}
{"level":"info","message":"$$$$$$$$$$$$$$$$$$$$$$$$","timestamp":"6:09:19 PM"}
{"meta":"","level":"info","message":"","timestamp":"6:09:19 PM"}
