{"level":"info","message":"$$$$$$$$$$$$$$$$$$$$$$$$","timestamp":"9:53:02 AM"}
{"meta":"","level":"info","message":"","timestamp":"9:53:02 AM"}
{"level":"info","message":"Production Environment is Listening on port 3000","timestamp":"9:53:02 AM"}
{"level":"info","message":"Web URL : http://localhost:3000","timestamp":"9:53:02 AM"}
{"meta":"","level":"info","message":"","timestamp":"9:53:02 AM"}
{"level":"info","message":"$$$$$$$$$$$$$$$$$$$$$$$$","timestamp":"9:53:02 AM"}
{"meta":"","level":"info","message":"","timestamp":"9:53:02 AM"}
{"level":"info","message":"$$$$$$$$$$$$$$$$$$$$$$$$","timestamp":"3:01:54 PM"}
{"meta":"","level":"info","message":"","timestamp":"3:01:54 PM"}
{"level":"info","message":"Production Environment is Listening on port 3000","timestamp":"3:01:54 PM"}
{"level":"info","message":"Web URL : http://localhost:3000","timestamp":"3:01:54 PM"}
{"meta":"","level":"info","message":"","timestamp":"3:01:54 PM"}
{"level":"info","message":"$$$$$$$$$$$$$$$$$$$$$$$$","timestamp":"3:01:54 PM"}
{"meta":"","level":"info","message":"","timestamp":"3:01:54 PM"}
{"level":"info","message":"{} { select: '',\n  sort: { Modified_On: 'desc' },\n  lean: true,\n  page: 1,\n  limit: 25 } { docs: [], total: 0, limit: 25, page: 1, pages: 1 }","timestamp":"3:05:57 PM"}
{"level":"info","message":"{} { select: '',\n  sort: { Modified_On: 'desc' },\n  lean: true,\n  page: 1,\n  limit: 25 } { docs: [], total: 0, limit: 25, page: 1, pages: 1 }","timestamp":"3:10:56 PM"}
{"level":"info","message":"2024-03-14T18:30:00.000Z 2024-03-15T18:30:00.000Z","timestamp":"3:34:58 PM"}
{"level":"info","message":"2024-03-14T18:30:00.000Z 2024-03-15T18:30:00.000Z","timestamp":"3:35:45 PM"}
{"level":"info","message":"2024-03-14T18:30:00.000Z 2024-03-15T18:30:00.000Z","timestamp":"3:41:02 PM"}
{"level":"info","message":"2024-03-14T18:30:00.000Z 2024-03-15T18:30:00.000Z","timestamp":"3:41:35 PM"}
{"level":"info","message":"2024-03-14T18:30:00.000Z 2024-03-15T18:30:00.000Z","timestamp":"3:42:46 PM"}
{"level":"info","message":"2024-03-14T18:30:00.000Z 2024-03-15T18:30:00.000Z","timestamp":"3:42:54 PM"}
{"level":"info","message":"2024-03-14T18:30:00.000Z 2024-03-15T18:30:00.000Z","timestamp":"3:43:47 PM"}
{"level":"info","message":"2024-03-14T18:30:00.000Z 2024-03-15T18:30:00.000Z","timestamp":"3:44:40 PM"}
{"level":"info","message":"2024-03-14T18:30:00.000Z 2024-03-15T18:30:00.000Z","timestamp":"3:47:10 PM"}
{"level":"info","message":"2024-03-14T18:30:00.000Z 2024-03-15T18:30:00.000Z","timestamp":"3:48:54 PM"}
{"level":"info","message":"2024-03-14T18:30:00.000Z 2024-03-15T18:30:00.000Z","timestamp":"3:51:45 PM"}
{"level":"info","message":"2024-03-14T18:30:00.000Z 2024-03-15T18:30:00.000Z","timestamp":"3:52:23 PM"}
{"level":"info","message":"2024-03-14T18:30:00.000Z 2024-03-15T18:30:00.000Z","timestamp":"3:55:55 PM"}
{"level":"info","message":"2024-03-14T18:30:00.000Z 2024-03-15T18:30:00.000Z","timestamp":"3:57:10 PM"}
{"level":"info","message":"2024-03-14T18:30:00.000Z 2024-03-15T18:30:00.000Z","timestamp":"3:58:29 PM"}
{"level":"info","message":"2024-03-14T18:30:00.000Z 2024-03-15T18:30:00.000Z","timestamp":"4:19:29 PM"}
{"level":"info","message":"2024-03-14T18:30:00.000Z 2024-03-15T18:30:00.000Z","timestamp":"4:19:47 PM"}
{"level":"info","message":"2024-03-14T18:30:00.000Z 2024-03-15T18:30:00.000Z","timestamp":"4:29:53 PM"}
{"level":"info","message":"2024-03-14T18:30:00.000Z 2024-03-15T18:30:00.000Z","timestamp":"4:54:14 PM"}
{"level":"info","message":"2024-03-14T18:30:00.000Z 2024-03-15T18:30:00.000Z","timestamp":"4:54:40 PM"}
{"level":"info","message":"2024-03-14T18:30:00.000Z 2024-03-15T18:30:00.000Z","timestamp":"4:56:01 PM"}
{"level":"info","message":"2024-03-14T18:30:00.000Z 2024-03-15T18:30:00.000Z","timestamp":"5:01:51 PM"}
{"level":"info","message":"2024-03-14T18:30:00.000Z 2024-03-15T18:30:00.000Z","timestamp":"5:08:50 PM"}
{"level":"info","message":"2024-03-14T18:30:00.000Z 2024-03-15T18:30:00.000Z","timestamp":"5:16:53 PM"}
{"level":"info","message":"2024-03-14T18:30:00.000Z 2024-03-15T18:30:00.000Z","timestamp":"5:18:32 PM"}
{"level":"info","message":"2024-03-14T18:30:00.000Z 2024-03-15T18:30:00.000Z","timestamp":"5:23:28 PM"}
{"level":"info","message":"2024-03-14T18:30:00.000Z 2024-03-15T18:30:00.000Z","timestamp":"5:26:18 PM"}
{"level":"info","message":"2024-03-14T18:30:00.000Z 2024-03-15T18:30:00.000Z","timestamp":"5:27:08 PM"}
{"level":"info","message":"2024-03-14T18:30:00.000Z 2024-03-15T18:30:00.000Z","timestamp":"5:27:30 PM"}
{"level":"info","message":"2024-03-14T18:30:00.000Z 2024-03-15T18:30:00.000Z","timestamp":"5:27:53 PM"}
{"level":"info","message":"2024-03-14T18:30:00.000Z 2024-03-15T18:30:00.000Z","timestamp":"5:29:05 PM"}
{"level":"info","message":"2024-03-14T18:30:00.000Z 2024-03-15T18:30:00.000Z","timestamp":"5:29:22 PM"}
{"level":"info","message":"2024-03-14T18:30:00.000Z 2024-03-15T18:30:00.000Z","timestamp":"5:32:39 PM"}
{"level":"info","message":"2024-03-14T18:30:00.000Z 2024-03-15T18:30:00.000Z","timestamp":"5:38:11 PM"}
{"level":"info","message":"2024-03-14T18:30:00.000Z 2024-03-15T18:30:00.000Z","timestamp":"5:38:32 PM"}
{"level":"info","message":"2024-03-14T18:30:00.000Z 2024-03-15T18:30:00.000Z","timestamp":"5:38:48 PM"}
{"level":"info","message":"2024-03-14T18:30:00.000Z 2024-03-15T18:30:00.000Z","timestamp":"5:38:51 PM"}
{"level":"info","message":"2024-03-14T18:30:00.000Z 2024-03-15T18:30:00.000Z","timestamp":"5:38:58 PM"}
{"level":"info","message":"2024-03-14T18:30:00.000Z 2024-03-15T18:30:00.000Z","timestamp":"5:43:40 PM"}
{"level":"info","message":"2024-03-14T18:30:00.000Z 2024-03-15T18:30:00.000Z","timestamp":"5:44:17 PM"}
{"level":"info","message":"2024-03-14T18:30:00.000Z 2024-03-15T18:30:00.000Z","timestamp":"5:46:02 PM"}
{"level":"info","message":"2024-03-14T18:30:00.000Z 2024-03-15T18:30:00.000Z","timestamp":"5:47:27 PM"}
{"level":"info","message":"2024-03-14T18:30:00.000Z 2024-03-15T18:30:00.000Z","timestamp":"5:49:25 PM"}
{"level":"info","message":"2024-03-14T18:30:00.000Z 2024-03-15T18:30:00.000Z","timestamp":"5:57:43 PM"}
{"level":"info","message":"2024-03-14T18:30:00.000Z 2024-03-15T18:30:00.000Z","timestamp":"6:01:37 PM"}
{"level":"info","message":"2024-03-14T18:30:00.000Z 2024-03-15T18:30:00.000Z","timestamp":"6:04:59 PM"}
{"level":"info","message":"2024-03-14T18:30:00.000Z 2024-03-15T18:30:00.000Z","timestamp":"6:05:07 PM"}
