{"level":"info","message":"$$$$$$$$$$$$$$$$$$$$$$$$","timestamp":"10:05:11 AM"}
{"meta":"","level":"info","message":"","timestamp":"10:05:11 AM"}
{"level":"info","message":"Production Environment is Listening on port 3000","timestamp":"10:05:11 AM"}
{"level":"info","message":"Web URL : http://localhost:3000","timestamp":"10:05:11 AM"}
{"meta":"","level":"info","message":"","timestamp":"10:05:11 AM"}
{"level":"info","message":"$$$$$$$$$$$$$$$$$$$$$$$$","timestamp":"10:05:11 AM"}
{"meta":"","level":"info","message":"","timestamp":"10:05:11 AM"}
{"level":"info","message":"DateRange from 2024-04-14T18:30:00.000Z to 2024-04-15T18:30:00.000Z","timestamp":"10:05:46 AM"}
{"level":"info","message":"DateRange from 2024-04-14T18:30:00.000Z to 2024-04-15T18:30:00.000Z","timestamp":"10:06:09 AM"}
{"level":"info","message":"DateRange from 2024-04-14T18:30:00.000Z to 2024-04-15T18:30:00.000Z","timestamp":"10:08:30 AM"}
{"level":"info","message":"DateRange from 2024-04-14T18:30:00.000Z to 2024-04-15T18:30:00.000Z","timestamp":"10:10:22 AM"}
{"level":"info","message":"DateRange from 2024-04-14T18:30:00.000Z to 2024-04-15T18:30:00.000Z","timestamp":"10:11:14 AM"}
{"level":"info","message":"DateRange from 2024-04-14T18:30:00.000Z to 2024-04-15T18:30:00.000Z","timestamp":"10:13:22 AM"}
{"level":"info","message":"DateRange from 2024-04-14T18:30:00.000Z to 2024-04-15T18:30:00.000Z","timestamp":"10:15:11 AM"}
{"level":"info","message":"DateRange from 2024-04-14T18:30:00.000Z to 2024-04-15T18:30:00.000Z","timestamp":"10:16:37 AM"}
{"level":"info","message":"DateRange from 2024-04-10T18:30:00.000Z to 2024-04-11T18:30:00.000Z","timestamp":"10:19:46 AM"}
{"level":"info","message":"DateRange from 2024-04-10T18:30:00.000Z to 2024-04-14T18:30:00.000Z","timestamp":"10:20:00 AM"}
{"level":"info","message":"DateRange from 2024-04-14T18:30:00.000Z to 2024-04-15T18:30:00.000Z","timestamp":"10:21:01 AM"}
{"level":"info","message":"DateRange from 2024-04-14T18:30:00.000Z to 2024-04-15T18:30:00.000Z","timestamp":"10:21:23 AM"}
{"level":"info","message":"DateRange from 2024-04-14T18:30:00.000Z to 2024-04-15T18:30:00.000Z","timestamp":"10:22:40 AM"}
{"level":"info","message":"$$$$$$$$$$$$$$$$$$$$$$$$","timestamp":"10:48:33 AM"}
{"meta":"","level":"info","message":"","timestamp":"10:48:33 AM"}
{"level":"info","message":"Production Environment is Listening on port 3000","timestamp":"10:48:33 AM"}
{"level":"info","message":"Web URL : http://localhost:3000","timestamp":"10:48:33 AM"}
{"meta":"","level":"info","message":"","timestamp":"10:48:33 AM"}
{"level":"info","message":"$$$$$$$$$$$$$$$$$$$$$$$$","timestamp":"10:48:33 AM"}
{"meta":"","level":"info","message":"","timestamp":"10:48:33 AM"}
{"level":"info","message":"DateRange from 2024-04-14T18:30:00.000Z to 2024-04-15T18:30:00.000Z","timestamp":"10:48:50 AM"}
{"level":"info","message":"DateRange from 2024-04-14T18:30:00.000Z to 2024-04-15T18:30:00.000Z","timestamp":"10:52:18 AM"}
{"level":"info","message":"$$$$$$$$$$$$$$$$$$$$$$$$","timestamp":"11:14:34 AM"}
{"meta":"","level":"info","message":"","timestamp":"11:14:34 AM"}
{"level":"info","message":"Production Environment is Listening on port 3000","timestamp":"11:14:34 AM"}
{"level":"info","message":"Web URL : http://localhost:3000","timestamp":"11:14:34 AM"}
{"meta":"","level":"info","message":"","timestamp":"11:14:34 AM"}
{"level":"info","message":"$$$$$$$$$$$$$$$$$$$$$$$$","timestamp":"11:14:34 AM"}
{"meta":"","level":"info","message":"","timestamp":"11:14:34 AM"}
{"level":"info","message":"$$$$$$$$$$$$$$$$$$$$$$$$","timestamp":"11:21:00 AM"}
{"meta":"","level":"info","message":"","timestamp":"11:21:00 AM"}
{"level":"info","message":"Production Environment is Listening on port 3000","timestamp":"11:21:00 AM"}
{"level":"info","message":"Web URL : http://localhost:3000","timestamp":"11:21:00 AM"}
{"meta":"","level":"info","message":"","timestamp":"11:21:00 AM"}
{"level":"info","message":"$$$$$$$$$$$$$$$$$$$$$$$$","timestamp":"11:21:00 AM"}
{"meta":"","level":"info","message":"","timestamp":"11:21:00 AM"}
{"level":"info","message":"$$$$$$$$$$$$$$$$$$$$$$$$","timestamp":"11:24:37 AM"}
{"meta":"","level":"info","message":"","timestamp":"11:24:37 AM"}
{"level":"info","message":"Production Environment is Listening on port 3000","timestamp":"11:24:37 AM"}
{"level":"info","message":"Web URL : http://localhost:3000","timestamp":"11:24:37 AM"}
{"meta":"","level":"info","message":"","timestamp":"11:24:37 AM"}
{"level":"info","message":"$$$$$$$$$$$$$$$$$$$$$$$$","timestamp":"11:24:37 AM"}
{"meta":"","level":"info","message":"","timestamp":"11:24:37 AM"}
{"level":"info","message":"DateRange from 2024-04-14T18:30:00.000Z to 2024-04-15T18:30:00.000Z","timestamp":"11:34:14 AM"}
{"level":"info","message":"DateRange from 2024-04-14T18:30:00.000Z to 2024-04-15T18:30:00.000Z","timestamp":"11:35:42 AM"}
{"level":"info","message":"$$$$$$$$$$$$$$$$$$$$$$$$","timestamp":"11:37:47 AM"}
{"meta":"","level":"info","message":"","timestamp":"11:37:47 AM"}
{"level":"info","message":"Production Environment is Listening on port 3000","timestamp":"11:37:47 AM"}
{"level":"info","message":"Web URL : http://localhost:3000","timestamp":"11:37:47 AM"}
{"meta":"","level":"info","message":"","timestamp":"11:37:47 AM"}
{"level":"info","message":"$$$$$$$$$$$$$$$$$$$$$$$$","timestamp":"11:37:47 AM"}
{"meta":"","level":"info","message":"","timestamp":"11:37:47 AM"}
{"level":"info","message":"$$$$$$$$$$$$$$$$$$$$$$$$","timestamp":"11:45:52 AM"}
{"meta":"","level":"info","message":"","timestamp":"11:45:52 AM"}
{"level":"info","message":"Production Environment is Listening on port 3000","timestamp":"11:45:52 AM"}
{"level":"info","message":"Web URL : http://localhost:3000","timestamp":"11:45:52 AM"}
{"meta":"","level":"info","message":"","timestamp":"11:45:52 AM"}
{"level":"info","message":"$$$$$$$$$$$$$$$$$$$$$$$$","timestamp":"11:45:52 AM"}
{"meta":"","level":"info","message":"","timestamp":"11:45:52 AM"}
{"level":"info","message":"DateRange from 2024-04-14T18:30:00.000Z to 2024-04-15T18:30:00.000Z","timestamp":"11:50:12 AM"}
{"level":"info","message":"DateRange from 2024-04-14T18:30:00.000Z to 2024-04-15T18:30:00.000Z","timestamp":"11:56:14 AM"}
{"level":"info","message":"DateRange from 2024-04-14T18:30:00.000Z to 2024-04-15T18:30:00.000Z","timestamp":"12:06:57 PM"}
{"level":"info","message":"$$$$$$$$$$$$$$$$$$$$$$$$","timestamp":"12:28:13 PM"}
{"meta":"","level":"info","message":"","timestamp":"12:28:13 PM"}
{"level":"info","message":"Production Environment is Listening on port 3000","timestamp":"12:28:13 PM"}
{"level":"info","message":"Web URL : http://localhost:3000","timestamp":"12:28:13 PM"}
{"meta":"","level":"info","message":"","timestamp":"12:28:13 PM"}
{"level":"info","message":"$$$$$$$$$$$$$$$$$$$$$$$$","timestamp":"12:28:13 PM"}
{"meta":"","level":"info","message":"","timestamp":"12:28:13 PM"}
{"level":"info","message":"DateRange from 2024-04-14T18:30:00.000Z to 2024-04-15T18:30:00.000Z","timestamp":"12:30:37 PM"}
{"level":"info","message":"DateRange from 2024-04-14T18:30:00.000Z to 2024-04-15T18:30:00.000Z","timestamp":"12:31:02 PM"}
{"level":"info","message":"$$$$$$$$$$$$$$$$$$$$$$$$","timestamp":"12:34:43 PM"}
{"meta":"","level":"info","message":"","timestamp":"12:34:43 PM"}
{"level":"info","message":"Production Environment is Listening on port 3000","timestamp":"12:34:43 PM"}
{"level":"info","message":"Web URL : http://localhost:3000","timestamp":"12:34:43 PM"}
{"meta":"","level":"info","message":"","timestamp":"12:34:43 PM"}
{"level":"info","message":"$$$$$$$$$$$$$$$$$$$$$$$$","timestamp":"12:34:43 PM"}
{"meta":"","level":"info","message":"","timestamp":"12:34:43 PM"}
{"level":"info","message":"DateRange from 2024-04-14T18:30:00.000Z to 2024-04-15T18:30:00.000Z","timestamp":"12:34:56 PM"}
{"level":"info","message":"DateRange from 2024-04-14T18:30:00.000Z to 2024-04-15T18:30:00.000Z","timestamp":"1:48:39 PM"}
{"level":"info","message":"DateRange from 2024-04-14T18:30:00.000Z to 2024-04-15T18:30:00.000Z","timestamp":"2:08:07 PM"}
{"level":"info","message":"DateRange from 2024-04-14T18:30:00.000Z to 2024-04-15T18:30:00.000Z","timestamp":"2:21:25 PM"}
{"level":"info","message":"DateRange from 2024-04-14T18:30:00.000Z to 2024-04-15T18:30:00.000Z","timestamp":"2:31:14 PM"}
{"level":"info","message":"DateRange from 2024-04-14T18:30:00.000Z to 2024-04-15T18:30:00.000Z","timestamp":"2:31:51 PM"}
{"level":"info","message":"DateRange from 2024-04-14T18:30:00.000Z to 2024-04-15T18:30:00.000Z","timestamp":"2:33:17 PM"}
{"level":"info","message":"DateRange from 2024-04-14T18:30:00.000Z to 2024-04-15T18:30:00.000Z","timestamp":"2:35:05 PM"}
{"level":"info","message":"$$$$$$$$$$$$$$$$$$$$$$$$","timestamp":"5:10:11 PM"}
{"meta":"","level":"info","message":"","timestamp":"5:10:11 PM"}
{"level":"info","message":"Production Environment is Listening on port 3000","timestamp":"5:10:11 PM"}
{"level":"info","message":"Web URL : http://localhost:3000","timestamp":"5:10:11 PM"}
{"meta":"","level":"info","message":"","timestamp":"5:10:11 PM"}
{"level":"info","message":"$$$$$$$$$$$$$$$$$$$$$$$$","timestamp":"5:10:11 PM"}
{"meta":"","level":"info","message":"","timestamp":"5:10:11 PM"}
{"level":"info","message":"$$$$$$$$$$$$$$$$$$$$$$$$","timestamp":"5:22:25 PM"}
{"meta":"","level":"info","message":"","timestamp":"5:22:25 PM"}
{"level":"info","message":"Production Environment is Listening on port 3000","timestamp":"5:22:25 PM"}
{"level":"info","message":"Web URL : http://localhost:3000","timestamp":"5:22:25 PM"}
{"meta":"","level":"info","message":"","timestamp":"5:22:25 PM"}
{"level":"info","message":"$$$$$$$$$$$$$$$$$$$$$$$$","timestamp":"5:22:25 PM"}
{"meta":"","level":"info","message":"","timestamp":"5:22:25 PM"}
{"level":"info","message":"$$$$$$$$$$$$$$$$$$$$$$$$","timestamp":"5:27:58 PM"}
{"meta":"","level":"info","message":"","timestamp":"5:27:58 PM"}
{"level":"info","message":"Production Environment is Listening on port 3000","timestamp":"5:27:58 PM"}
{"level":"info","message":"Web URL : http://localhost:3000","timestamp":"5:27:58 PM"}
{"meta":"","level":"info","message":"","timestamp":"5:27:58 PM"}
{"level":"info","message":"$$$$$$$$$$$$$$$$$$$$$$$$","timestamp":"5:27:58 PM"}
{"meta":"","level":"info","message":"","timestamp":"5:27:58 PM"}
{"level":"info","message":"$$$$$$$$$$$$$$$$$$$$$$$$","timestamp":"6:04:13 PM"}
{"meta":"","level":"info","message":"","timestamp":"6:04:13 PM"}
{"level":"info","message":"Production Environment is Listening on port 3000","timestamp":"6:04:13 PM"}
{"level":"info","message":"Web URL : http://localhost:3000","timestamp":"6:04:13 PM"}
{"meta":"","level":"info","message":"","timestamp":"6:04:13 PM"}
{"level":"info","message":"$$$$$$$$$$$$$$$$$$$$$$$$","timestamp":"6:04:13 PM"}
{"meta":"","level":"info","message":"","timestamp":"6:04:13 PM"}
