{"level":"info","message":"$$$$$$$$$$$$$$$$$$$$$$$$","timestamp":"9:46:03 AM"}
{"meta":"","level":"info","message":"","timestamp":"9:46:03 AM"}
{"level":"info","message":"Production Environment is Listening on port 3000","timestamp":"9:46:03 AM"}
{"level":"info","message":"Web URL : http://localhost:3000","timestamp":"9:46:03 AM"}
{"meta":"","level":"info","message":"","timestamp":"9:46:03 AM"}
{"level":"info","message":"$$$$$$$$$$$$$$$$$$$$$$$$","timestamp":"9:46:03 AM"}
{"meta":"","level":"info","message":"","timestamp":"9:46:03 AM"}
{"level":"info","message":"$$$$$$$$$$$$$$$$$$$$$$$$","timestamp":"9:46:38 AM"}
{"meta":"","level":"info","message":"","timestamp":"9:46:38 AM"}
{"level":"info","message":"Production Environment is Listening on port 3000","timestamp":"9:46:38 AM"}
{"level":"info","message":"Web URL : http://localhost:3000","timestamp":"9:46:38 AM"}
{"meta":"","level":"info","message":"","timestamp":"9:46:38 AM"}
{"level":"info","message":"$$$$$$$$$$$$$$$$$$$$$$$$","timestamp":"9:46:38 AM"}
{"meta":"","level":"info","message":"","timestamp":"9:46:38 AM"}
{"level":"info","message":"DateRange from 2024-04-05T18:30:00.000Z to 2024-04-06T18:30:00.000Z","timestamp":"9:46:53 AM"}
{"level":"info","message":"DateRange from 2024-04-05T18:30:00.000Z to 2024-04-06T18:30:00.000Z","timestamp":"9:47:35 AM"}
{"level":"info","message":"emp_data : ","timestamp":"10:25:47 AM"}
{"level":"info","message":"emp_data : ","timestamp":"10:25:48 AM"}
{"level":"info","message":"emp_data : ","timestamp":"10:25:49 AM"}
{"level":"info","message":"emp_data : ","timestamp":"10:25:49 AM"}
{"level":"info","message":"emp_data : ","timestamp":"10:26:08 AM"}
{"level":"info","message":"emp_data : ","timestamp":"10:26:08 AM"}
{"level":"info","message":"emp_data : ","timestamp":"10:26:09 AM"}
{"level":"info","message":"emp_data : ","timestamp":"10:26:09 AM"}
{"level":"info","message":"emp_data : ","timestamp":"10:28:50 AM"}
{"level":"info","message":"emp_data : ","timestamp":"10:28:50 AM"}
{"level":"info","message":"emp_data : ","timestamp":"10:28:51 AM"}
{"level":"info","message":"emp_data : ","timestamp":"10:28:51 AM"}
{"level":"info","message":"emp_data : ","timestamp":"10:29:58 AM"}
{"level":"info","message":"emp_data : ","timestamp":"10:29:59 AM"}
{"level":"info","message":"emp_data : ","timestamp":"10:29:59 AM"}
{"level":"info","message":"emp_data : ","timestamp":"10:30:00 AM"}
{"level":"info","message":"emp_data : ","timestamp":"10:32:06 AM"}
{"level":"info","message":"emp_data : ","timestamp":"10:32:07 AM"}
{"level":"info","message":"emp_data : ","timestamp":"10:32:07 AM"}
{"level":"info","message":"emp_data : ","timestamp":"10:32:08 AM"}
{"level":"info","message":"DateRange from 2024-04-05T18:30:00.000Z to 2024-04-06T18:30:00.000Z","timestamp":"10:43:31 AM"}
{"level":"info","message":"$$$$$$$$$$$$$$$$$$$$$$$$","timestamp":"10:48:26 AM"}
{"meta":"","level":"info","message":"","timestamp":"10:48:26 AM"}
{"level":"info","message":"Production Environment is Listening on port 3000","timestamp":"10:48:26 AM"}
{"level":"info","message":"Web URL : http://localhost:3000","timestamp":"10:48:26 AM"}
{"meta":"","level":"info","message":"","timestamp":"10:48:26 AM"}
{"level":"info","message":"$$$$$$$$$$$$$$$$$$$$$$$$","timestamp":"10:48:26 AM"}
{"meta":"","level":"info","message":"","timestamp":"10:48:26 AM"}
{"level":"info","message":"$$$$$$$$$$$$$$$$$$$$$$$$","timestamp":"11:51:08 AM"}
{"meta":"","level":"info","message":"","timestamp":"11:51:08 AM"}
{"level":"info","message":"Production Environment is Listening on port 3000","timestamp":"11:51:08 AM"}
{"level":"info","message":"Web URL : http://localhost:3000","timestamp":"11:51:08 AM"}
{"meta":"","level":"info","message":"","timestamp":"11:51:08 AM"}
{"level":"info","message":"$$$$$$$$$$$$$$$$$$$$$$$$","timestamp":"11:51:08 AM"}
{"meta":"","level":"info","message":"","timestamp":"11:51:08 AM"}
{"level":"info","message":"$$$$$$$$$$$$$$$$$$$$$$$$","timestamp":"2:00:54 PM"}
{"meta":"","level":"info","message":"","timestamp":"2:00:54 PM"}
{"level":"info","message":"Production Environment is Listening on port 3000","timestamp":"2:00:54 PM"}
{"level":"info","message":"Web URL : http://localhost:3000","timestamp":"2:00:54 PM"}
{"meta":"","level":"info","message":"","timestamp":"2:00:54 PM"}
{"level":"info","message":"$$$$$$$$$$$$$$$$$$$$$$$$","timestamp":"2:00:54 PM"}
{"meta":"","level":"info","message":"","timestamp":"2:00:54 PM"}
{"level":"info","message":"$$$$$$$$$$$$$$$$$$$$$$$$","timestamp":"6:03:43 PM"}
{"meta":"","level":"info","message":"","timestamp":"6:03:43 PM"}
{"level":"info","message":"Production Environment is Listening on port 3000","timestamp":"6:03:43 PM"}
{"level":"info","message":"Web URL : http://localhost:3000","timestamp":"6:03:43 PM"}
{"meta":"","level":"info","message":"","timestamp":"6:03:43 PM"}
{"level":"info","message":"$$$$$$$$$$$$$$$$$$$$$$$$","timestamp":"6:03:43 PM"}
{"meta":"","level":"info","message":"","timestamp":"6:03:43 PM"}
