{"level":"info","message":"$$$$$$$$$$$$$$$$$$$$$$$$","timestamp":"10:32:40 AM"}
{"meta":"","level":"info","message":"","timestamp":"10:32:40 AM"}
{"level":"info","message":"Development Environment is Listening on port 3000","timestamp":"10:32:40 AM"}
{"level":"info","message":"Web URL : http://localhost:3000","timestamp":"10:32:40 AM"}
{"meta":"","level":"info","message":"","timestamp":"10:32:40 AM"}
{"level":"info","message":"$$$$$$$$$$$$$$$$$$$$$$$$","timestamp":"10:32:40 AM"}
{"meta":"","level":"info","message":"","timestamp":"10:32:40 AM"}
{"level":"info","message":"Connected to Database","timestamp":"10:32:40 AM"}
{"level":"info","message":"$$$$$$$$$$$$$$$$$$$$$$$$","timestamp":"10:44:40 AM"}
{"meta":"","level":"info","message":"","timestamp":"10:44:40 AM"}
{"level":"info","message":"Development Environment is Listening on port 3000","timestamp":"10:44:40 AM"}
{"level":"info","message":"Web URL : http://localhost:3000","timestamp":"10:44:40 AM"}
{"meta":"","level":"info","message":"","timestamp":"10:44:40 AM"}
{"level":"info","message":"$$$$$$$$$$$$$$$$$$$$$$$$","timestamp":"10:44:40 AM"}
{"meta":"","level":"info","message":"","timestamp":"10:44:40 AM"}
{"level":"info","message":"Connected to Database","timestamp":"10:44:40 AM"}
{"level":"info","message":"$$$$$$$$$$$$$$$$$$$$$$$$","timestamp":"10:46:27 AM"}
{"meta":"","level":"info","message":"","timestamp":"10:46:27 AM"}
{"level":"info","message":"Development Environment is Listening on port 3000","timestamp":"10:46:27 AM"}
{"level":"info","message":"Web URL : http://localhost:3000","timestamp":"10:46:27 AM"}
{"meta":"","level":"info","message":"","timestamp":"10:46:27 AM"}
{"level":"info","message":"$$$$$$$$$$$$$$$$$$$$$$$$","timestamp":"10:46:27 AM"}
{"meta":"","level":"info","message":"","timestamp":"10:46:27 AM"}
{"level":"info","message":"Connected to Database","timestamp":"10:46:28 AM"}
{"level":"info","message":"$$$$$$$$$$$$$$$$$$$$$$$$","timestamp":"10:50:28 AM"}
{"meta":"","level":"info","message":"","timestamp":"10:50:28 AM"}
{"level":"info","message":"Development Environment is Listening on port 3000","timestamp":"10:50:28 AM"}
{"level":"info","message":"Web URL : http://localhost:3000","timestamp":"10:50:28 AM"}
{"meta":"","level":"info","message":"","timestamp":"10:50:28 AM"}
{"level":"info","message":"$$$$$$$$$$$$$$$$$$$$$$$$","timestamp":"10:50:28 AM"}
{"meta":"","level":"info","message":"","timestamp":"10:50:28 AM"}
{"level":"info","message":"Connected to Database","timestamp":"10:50:28 AM"}
{"level":"info","message":"$$$$$$$$$$$$$$$$$$$$$$$$","timestamp":"10:54:10 AM"}
{"meta":"","level":"info","message":"","timestamp":"10:54:10 AM"}
{"level":"info","message":"Development Environment is Listening on port 3000","timestamp":"10:54:10 AM"}
{"level":"info","message":"Web URL : http://localhost:3000","timestamp":"10:54:10 AM"}
{"meta":"","level":"info","message":"","timestamp":"10:54:10 AM"}
{"level":"info","message":"$$$$$$$$$$$$$$$$$$$$$$$$","timestamp":"10:54:10 AM"}
{"meta":"","level":"info","message":"","timestamp":"10:54:10 AM"}
{"level":"info","message":"Connected to Database","timestamp":"10:54:11 AM"}
{"level":"info","message":"$$$$$$$$$$$$$$$$$$$$$$$$","timestamp":"10:55:38 AM"}
{"meta":"","level":"info","message":"","timestamp":"10:55:38 AM"}
{"level":"info","message":"Development Environment is Listening on port 3000","timestamp":"10:55:38 AM"}
{"level":"info","message":"Web URL : http://localhost:3000","timestamp":"10:55:38 AM"}
{"meta":"","level":"info","message":"","timestamp":"10:55:38 AM"}
{"level":"info","message":"$$$$$$$$$$$$$$$$$$$$$$$$","timestamp":"10:55:38 AM"}
{"meta":"","level":"info","message":"","timestamp":"10:55:38 AM"}
{"level":"info","message":"Connected to Database","timestamp":"10:55:38 AM"}
{"level":"info","message":"$$$$$$$$$$$$$$$$$$$$$$$$","timestamp":"10:56:16 AM"}
{"meta":"","level":"info","message":"","timestamp":"10:56:16 AM"}
{"level":"info","message":"Development Environment is Listening on port 3000","timestamp":"10:56:16 AM"}
{"level":"info","message":"Web URL : http://localhost:3000","timestamp":"10:56:16 AM"}
{"meta":"","level":"info","message":"","timestamp":"10:56:16 AM"}
{"level":"info","message":"$$$$$$$$$$$$$$$$$$$$$$$$","timestamp":"10:56:16 AM"}
{"meta":"","level":"info","message":"","timestamp":"10:56:16 AM"}
{"level":"info","message":"Connected to Database","timestamp":"10:56:17 AM"}
{"level":"info","message":"$$$$$$$$$$$$$$$$$$$$$$$$","timestamp":"10:57:02 AM"}
{"meta":"","level":"info","message":"","timestamp":"10:57:02 AM"}
{"level":"info","message":"Development Environment is Listening on port 3000","timestamp":"10:57:02 AM"}
{"level":"info","message":"Web URL : http://localhost:3000","timestamp":"10:57:02 AM"}
{"meta":"","level":"info","message":"","timestamp":"10:57:02 AM"}
{"level":"info","message":"$$$$$$$$$$$$$$$$$$$$$$$$","timestamp":"10:57:02 AM"}
{"meta":"","level":"info","message":"","timestamp":"10:57:02 AM"}
{"level":"info","message":"Connected to Database","timestamp":"10:57:02 AM"}
{"level":"info","message":"$$$$$$$$$$$$$$$$$$$$$$$$","timestamp":"11:02:05 AM"}
{"meta":"","level":"info","message":"","timestamp":"11:02:05 AM"}
{"level":"info","message":"Development Environment is Listening on port 3000","timestamp":"11:02:05 AM"}
{"level":"info","message":"Web URL : http://localhost:3000","timestamp":"11:02:05 AM"}
{"meta":"","level":"info","message":"","timestamp":"11:02:05 AM"}
{"level":"info","message":"$$$$$$$$$$$$$$$$$$$$$$$$","timestamp":"11:02:05 AM"}
{"meta":"","level":"info","message":"","timestamp":"11:02:05 AM"}
{"level":"info","message":"Connected to Database","timestamp":"11:02:06 AM"}
{"level":"info","message":"{ Status: 'SUCCESS',\n  Msg: 'Data Saved',\n  Data: \n   { __v: 0,\n     Prospect_Posp_ID: 1,\n     Ss_Id: 107602,\n     Fba_Id: 0,\n     Erp_Id: '0',\n     Erp_Qt: '',\n     Request: 'http://lerpci.policyboss.com/RBServices.svc/getSyncData?MobileNo=7666020532&POSPID=1076022222&fbaid=54063333',\n     Response: [ [Object], [Object] ],\n     Created_On: '2024-08-01T05:39:12.460Z',\n     Modified_On: '2024-08-01T05:39:12.460Z',\n     _id: '66ab1f80033bae3af0a5a5e0' } }","timestamp":"11:11:50 AM"}
{"level":"info","message":"{ Status: 'SUCCESS',\n  Msg: 'Data Saved',\n  Data: \n   { __v: 0,\n     Prospect_Posp_ID: 3,\n     Ss_Id: 107602,\n     Fba_Id: 0,\n     Erp_Id: '0',\n     Erp_Qt: '',\n     Request: 'http://lerpci.policyboss.com/RBServices.svc/getSyncData?MobileNo=7666020532&POSPID=1076022222&fbaid=54063333',\n     Response: [ [Object], [Object] ],\n     Created_On: '2024-08-01T05:47:20.422Z',\n     Modified_On: '2024-08-01T05:47:20.422Z',\n     _id: '66ab2168033bae3af0a5a5e5' } }","timestamp":"11:17:42 AM"}
{"level":"info","message":"{ Status: 'SUCCESS',\n  Msg: 'Data Saved',\n  Data: \n   { __v: 0,\n     Prospect_Posp_ID: 4,\n     Ss_Id: 107602,\n     Fba_Id: 0,\n     Erp_Id: '0',\n     Erp_Qt: '',\n     Request: 'http://lerpci.policyboss.com/RBServices.svc/getSyncData?MobileNo=7666020532&POSPID=1076022222&fbaid=54063333',\n     Response: [ [Object], [Object] ],\n     Created_On: '2024-08-01T05:47:29.180Z',\n     Modified_On: '2024-08-01T05:47:29.180Z',\n     _id: '66ab2171033bae3af0a5a5e6' } }","timestamp":"11:17:56 AM"}
{"level":"info","message":"$$$$$$$$$$$$$$$$$$$$$$$$","timestamp":"11:18:46 AM"}
{"meta":"","level":"info","message":"","timestamp":"11:18:46 AM"}
{"level":"info","message":"Development Environment is Listening on port 3000","timestamp":"11:18:46 AM"}
{"level":"info","message":"Web URL : http://localhost:3000","timestamp":"11:18:46 AM"}
{"meta":"","level":"info","message":"","timestamp":"11:18:46 AM"}
{"level":"info","message":"$$$$$$$$$$$$$$$$$$$$$$$$","timestamp":"11:18:46 AM"}
{"meta":"","level":"info","message":"","timestamp":"11:18:46 AM"}
{"level":"info","message":"Connected to Database","timestamp":"11:18:47 AM"}
{"level":"info","message":"$$$$$$$$$$$$$$$$$$$$$$$$","timestamp":"11:23:23 AM"}
{"meta":"","level":"info","message":"","timestamp":"11:23:23 AM"}
{"level":"info","message":"Development Environment is Listening on port 3000","timestamp":"11:23:23 AM"}
{"level":"info","message":"Web URL : http://localhost:3000","timestamp":"11:23:23 AM"}
{"meta":"","level":"info","message":"","timestamp":"11:23:23 AM"}
{"level":"info","message":"$$$$$$$$$$$$$$$$$$$$$$$$","timestamp":"11:23:23 AM"}
{"meta":"","level":"info","message":"","timestamp":"11:23:23 AM"}
{"level":"info","message":"Connected to Database","timestamp":"11:23:23 AM"}
{"level":"info","message":"{ Status: 'SUCCESS',\n  Msg: 'Data Saved',\n  Data: \n   { __v: 0,\n     Prospect_Posp_ID: 5,\n     Ss_Id: 107602,\n     Fba_Id: 0,\n     Erp_Id: '0',\n     Erp_Qt: '',\n     Request: 'http://lerpci.policyboss.com/RBServices.svc/getSyncData?MobileNo=7666020532&POSPID=1076022222&fbaid=54063333',\n     Response: [ [Object], [Object] ],\n     Created_On: '2024-08-01T05:56:16.924Z',\n     Modified_On: '2024-08-01T05:56:16.924Z',\n     _id: '66ab2380e9df6e055cf18296' } }","timestamp":"11:26:18 AM"}
{"level":"info","message":"{ Status: 'SUCCESS',\n  Msg: 'Data Saved',\n  Data: \n   { __v: 0,\n     Prospect_Posp_ID: 6,\n     Ss_Id: 107602,\n     Fba_Id: 0,\n     Erp_Id: '0',\n     Erp_Qt: '',\n     Request: 'http://lerpci.policyboss.com/RBServices.svc/getSyncData?MobileNo=7666020532&POSPID=1076022222&fbaid=54063333',\n     Response: [ [Object], [Object] ],\n     Created_On: '2024-08-01T05:56:11.504Z',\n     Modified_On: '2024-08-01T05:56:11.504Z',\n     _id: '66ab237be9df6e055cf18295' } }","timestamp":"11:26:22 AM"}
{"level":"info","message":"$$$$$$$$$$$$$$$$$$$$$$$$","timestamp":"11:36:05 AM"}
{"meta":"","level":"info","message":"","timestamp":"11:36:05 AM"}
{"level":"info","message":"Development Environment is Listening on port 3000","timestamp":"11:36:05 AM"}
{"level":"info","message":"Web URL : http://localhost:3000","timestamp":"11:36:05 AM"}
{"meta":"","level":"info","message":"","timestamp":"11:36:05 AM"}
{"level":"info","message":"$$$$$$$$$$$$$$$$$$$$$$$$","timestamp":"11:36:05 AM"}
{"meta":"","level":"info","message":"","timestamp":"11:36:05 AM"}
{"level":"info","message":"Connected to Database","timestamp":"11:36:06 AM"}
{"level":"info","message":"{ Status: 'SUCCESS',\n  Msg: 'Data Saved',\n  Data: \n   { __v: 0,\n     Prospect_Posp_ID: 11,\n     Ss_Id: 107602,\n     Fba_Id: 0,\n     Erp_Id: '0',\n     Erp_Qt: '',\n     Request: 'http://lerpci.policyboss.com/RBServices.svc/getSyncData?MobileNo=7666020532&POSPID=1076022222&fbaid=54063333',\n     Response: [ [Object], [Object] ],\n     Created_On: '2024-08-01T06:07:27.741Z',\n     Modified_On: '2024-08-01T06:07:27.741Z',\n     _id: '66ab261ff35ef453909aa33d' } }","timestamp":"11:37:29 AM"}
{"level":"info","message":"{ Status: 'SUCCESS',\n  Msg: 'Data Saved',\n  Data: \n   { __v: 0,\n     Prospect_Posp_ID: 12,\n     Ss_Id: 107602,\n     Fba_Id: 0,\n     Erp_Id: '0',\n     Erp_Qt: '',\n     Request: 'http://lerpci.policyboss.com/RBServices.svc/getSyncData?MobileNo=7666020532&POSPID=1076022222&fbaid=54063333',\n     Response: [ [Object], [Object] ],\n     Created_On: '2024-08-01T06:07:24.064Z',\n     Modified_On: '2024-08-01T06:07:24.064Z',\n     _id: '66ab261cf35ef453909aa33c' } }","timestamp":"11:37:35 AM"}
{"level":"info","message":"{ Status: 'SUCCESS',\n  Msg: 'Data Saved',\n  Data: \n   { __v: 0,\n     Prospect_Posp_ID: 14,\n     Ss_Id: 107602,\n     Fba_Id: 0,\n     Erp_Id: '0',\n     Erp_Qt: '',\n     Request: 'http://lerpci.policyboss.com/RBServices.svc/getSyncData?MobileNo=7666020532&POSPID=1076022222&fbaid=54063333',\n     Response: [ [Object], [Object] ],\n     Created_On: '2024-08-01T06:08:51.718Z',\n     Modified_On: '2024-08-01T06:08:51.718Z',\n     _id: '66ab2673f35ef453909aa340' } }","timestamp":"11:38:54 AM"}
{"level":"info","message":"{ Status: 'SUCCESS',\n  Msg: 'Data Saved',\n  Data: \n   { __v: 0,\n     Prospect_Posp_ID: 13,\n     Ss_Id: 107602,\n     Fba_Id: 0,\n     Erp_Id: '0',\n     Erp_Qt: '',\n     Request: 'http://lerpci.policyboss.com/RBServices.svc/getSyncData?MobileNo=7666020532&POSPID=1076022222&fbaid=54063333',\n     Response: [ [Object], [Object] ],\n     Created_On: '2024-08-01T06:08:49.884Z',\n     Modified_On: '2024-08-01T06:08:49.884Z',\n     _id: '66ab2671f35ef453909aa33f' } }","timestamp":"11:39:53 AM"}
{"level":"info","message":"$$$$$$$$$$$$$$$$$$$$$$$$","timestamp":"11:40:41 AM"}
{"meta":"","level":"info","message":"","timestamp":"11:40:41 AM"}
{"level":"info","message":"Development Environment is Listening on port 3000","timestamp":"11:40:41 AM"}
{"level":"info","message":"Web URL : http://localhost:3000","timestamp":"11:40:41 AM"}
{"meta":"","level":"info","message":"","timestamp":"11:40:41 AM"}
{"level":"info","message":"$$$$$$$$$$$$$$$$$$$$$$$$","timestamp":"11:40:41 AM"}
{"meta":"","level":"info","message":"","timestamp":"11:40:41 AM"}
{"level":"info","message":"Connected to Database","timestamp":"11:40:42 AM"}
{"level":"info","message":"{ Status: 'SUCCESS',\n  Msg: 'Data Saved',\n  Data: \n   { __v: 0,\n     Prospect_Posp_ID: 16,\n     Ss_Id: 107602,\n     Fba_Id: 0,\n     Erp_Id: '0',\n     Erp_Qt: '',\n     Request: 'http://lerpci.policyboss.com/RBServices.svc/getSyncData?MobileNo=7666020532&POSPID=1076022222&fbaid=54063333',\n     Response: [ [Object], [Object] ],\n     Created_On: '2024-08-01T06:12:42.868Z',\n     Modified_On: '2024-08-01T06:12:42.868Z',\n     _id: '66ab275a1022515e1cd2bd5b' } }","timestamp":"11:42:46 AM"}
{"level":"info","message":"$$$$$$$$$$$$$$$$$$$$$$$$","timestamp":"12:01:38 PM"}
{"meta":"","level":"info","message":"","timestamp":"12:01:38 PM"}
{"level":"info","message":"Development Environment is Listening on port 3000","timestamp":"12:01:38 PM"}
{"level":"info","message":"Web URL : http://localhost:3000","timestamp":"12:01:38 PM"}
{"meta":"","level":"info","message":"","timestamp":"12:01:38 PM"}
{"level":"info","message":"$$$$$$$$$$$$$$$$$$$$$$$$","timestamp":"12:01:38 PM"}
{"meta":"","level":"info","message":"","timestamp":"12:01:38 PM"}
{"level":"info","message":"Connected to Database","timestamp":"12:01:39 PM"}
{"level":"info","message":"$$$$$$$$$$$$$$$$$$$$$$$$","timestamp":"12:07:36 PM"}
{"meta":"","level":"info","message":"","timestamp":"12:07:36 PM"}
{"level":"info","message":"Development Environment is Listening on port 3000","timestamp":"12:07:36 PM"}
{"level":"info","message":"Web URL : http://localhost:3000","timestamp":"12:07:36 PM"}
{"meta":"","level":"info","message":"","timestamp":"12:07:36 PM"}
{"level":"info","message":"$$$$$$$$$$$$$$$$$$$$$$$$","timestamp":"12:07:36 PM"}
{"meta":"","level":"info","message":"","timestamp":"12:07:36 PM"}
{"level":"info","message":"Connected to Database","timestamp":"12:07:36 PM"}
{"level":"info","message":"$$$$$$$$$$$$$$$$$$$$$$$$","timestamp":"12:21:57 PM"}
{"meta":"","level":"info","message":"","timestamp":"12:21:57 PM"}
{"level":"info","message":"Development Environment is Listening on port 3000","timestamp":"12:21:57 PM"}
{"level":"info","message":"Web URL : http://localhost:3000","timestamp":"12:21:57 PM"}
{"meta":"","level":"info","message":"","timestamp":"12:21:57 PM"}
{"level":"info","message":"$$$$$$$$$$$$$$$$$$$$$$$$","timestamp":"12:21:57 PM"}
{"meta":"","level":"info","message":"","timestamp":"12:21:57 PM"}
{"level":"info","message":"Connected to Database","timestamp":"12:21:57 PM"}
{"level":"info","message":"{ Status: 'SUCCESS',\n  Msg: 'Data Saved',\n  Data: \n   { __v: 0,\n     Prospect_Posp_ID: 17,\n     Ss_Id: 107602,\n     Fba_Id: 0,\n     Erp_Id: '0',\n     Erp_Qt: 'QT11612387',\n     Request: 'http://lerpci.policyboss.com/RBServices.svc/getSyncData?MobileNo=7666020532&POSPID=1076022222&fbaid=54063333',\n     Response: \n      { erp_QT: 'QT11612387',\n        YOM: '2017',\n        SubModel: '',\n        RegistrationNo: '',\n        RegistrationDate: '',\n        RTO_State: '',\n        RTO_City: '',\n        ProductName: 'MOTOR',\n        Phone: '7666020532',\n        Model: '',\n        ManufacturingDate: '',\n        Make: '',\n        InsuranceType: 'Company',\n        ExpiryDate: '03 Sep 2018',\n        ClientName: 'Chirag',\n        City: 'MUMBAI' },\n     Created_On: '2024-08-01T06:52:05.846Z',\n     Modified_On: '2024-08-01T06:52:05.846Z',\n     _id: '66ab3095781ba45518de720c' } }","timestamp":"12:22:05 PM"}
{"level":"info","message":"{ Status: 'SUCCESS',\n  Msg: 'Data Saved',\n  Data: \n   { __v: 0,\n     Prospect_Posp_ID: 18,\n     Ss_Id: 107602,\n     Fba_Id: 0,\n     Erp_Id: '0',\n     Erp_Qt: 'AHD-1046894-01-R-2',\n     Request: 'http://lerpci.policyboss.com/RBServices.svc/getSyncData?MobileNo=7666020532&POSPID=1076022222&fbaid=54063333',\n     Response: \n      { erp_QT: 'AHD-1046894-01-R-2',\n        YOM: '2013',\n        SubModel: 'STD',\n        RegistrationNo: 'GJ08AG1082',\n        RegistrationDate: '',\n        RTO_State: 'GUJARAT',\n        RTO_City: 'Banaskantha',\n        ProductName: 'TWO WHEELER',\n        Phone: '7666020532',\n        Model: 'AVIATOR',\n        ManufacturingDate: '',\n        Make: 'HONDA',\n        InsuranceType: 'Individual',\n        ExpiryDate: '05 Jul 2022',\n        ClientName: 'SEVANTILAL SHANKARLAL MODI',\n        City: 'BANASKANTHA' },\n     Created_On: '2024-08-01T06:52:05.870Z',\n     Modified_On: '2024-08-01T06:52:05.870Z',\n     _id: '66ab3095781ba45518de720d' } }","timestamp":"12:22:05 PM"}
{"level":"info","message":"$$$$$$$$$$$$$$$$$$$$$$$$","timestamp":"12:25:55 PM"}
{"meta":"","level":"info","message":"","timestamp":"12:25:55 PM"}
{"level":"info","message":"Development Environment is Listening on port 3000","timestamp":"12:25:55 PM"}
{"level":"info","message":"Web URL : http://localhost:3000","timestamp":"12:25:55 PM"}
{"meta":"","level":"info","message":"","timestamp":"12:25:55 PM"}
{"level":"info","message":"$$$$$$$$$$$$$$$$$$$$$$$$","timestamp":"12:25:55 PM"}
{"meta":"","level":"info","message":"","timestamp":"12:25:55 PM"}
{"level":"info","message":"Connected to Database","timestamp":"12:25:56 PM"}
{"level":"info","message":"{ Status: 'SUCCESS',\n  Msg: 'Data Saved',\n  Data: \n   { __v: 0,\n     Prospect_Posp_ID: 19,\n     Ss_Id: 107602,\n     Fba_Id: 0,\n     Erp_Id: '0',\n     Erp_Qt: 'QT11612387',\n     Request: 'http://lerpci.policyboss.com/RBServices.svc/getSyncData?MobileNo=7666020532&POSPID=1076022222&fbaid=54063333',\n     Response: \n      { erp_QT: 'QT11612387',\n        YOM: '2017',\n        SubModel: '',\n        RegistrationNo: '',\n        RegistrationDate: '',\n        RTO_State: '',\n        RTO_City: '',\n        ProductName: 'MOTOR',\n        Phone: '7666020532',\n        Model: '',\n        ManufacturingDate: '',\n        Make: '',\n        InsuranceType: 'Company',\n        ExpiryDate: '03 Sep 2018',\n        ClientName: 'Chirag',\n        City: 'MUMBAI' },\n     Created_On: '2024-08-01T06:56:04.249Z',\n     Modified_On: '2024-08-01T06:56:04.249Z',\n     _id: '66ab3184b9e3b661f8d917d1' } }","timestamp":"12:26:04 PM"}
{"level":"info","message":"{ Status: 'SUCCESS',\n  Msg: 'Data Saved',\n  Data: \n   { __v: 0,\n     Prospect_Posp_ID: 20,\n     Ss_Id: 107602,\n     Fba_Id: 0,\n     Erp_Id: '0',\n     Erp_Qt: 'AHD-1046894-01-R-2',\n     Request: 'http://lerpci.policyboss.com/RBServices.svc/getSyncData?MobileNo=7666020532&POSPID=1076022222&fbaid=54063333',\n     Response: \n      { erp_QT: 'AHD-1046894-01-R-2',\n        YOM: '2013',\n        SubModel: 'STD',\n        RegistrationNo: 'GJ08AG1082',\n        RegistrationDate: '',\n        RTO_State: 'GUJARAT',\n        RTO_City: 'Banaskantha',\n        ProductName: 'TWO WHEELER',\n        Phone: '7666020532',\n        Model: 'AVIATOR',\n        ManufacturingDate: '',\n        Make: 'HONDA',\n        InsuranceType: 'Individual',\n        ExpiryDate: '05 Jul 2022',\n        ClientName: 'SEVANTILAL SHANKARLAL MODI',\n        City: 'BANASKANTHA' },\n     Created_On: '2024-08-01T06:56:04.265Z',\n     Modified_On: '2024-08-01T06:56:04.265Z',\n     _id: '66ab3184b9e3b661f8d917d2' } }","timestamp":"12:26:04 PM"}
{"level":"info","message":"$$$$$$$$$$$$$$$$$$$$$$$$","timestamp":"12:30:54 PM"}
{"meta":"","level":"info","message":"","timestamp":"12:30:54 PM"}
{"level":"info","message":"Development Environment is Listening on port 3000","timestamp":"12:30:54 PM"}
{"level":"info","message":"Web URL : http://localhost:3000","timestamp":"12:30:54 PM"}
{"meta":"","level":"info","message":"","timestamp":"12:30:54 PM"}
{"level":"info","message":"$$$$$$$$$$$$$$$$$$$$$$$$","timestamp":"12:30:54 PM"}
{"meta":"","level":"info","message":"","timestamp":"12:30:54 PM"}
{"level":"info","message":"Connected to Database","timestamp":"12:30:54 PM"}
{"level":"info","message":"{ Status: 'SUCCESS',\n  Msg: 'Data Saved',\n  Data: \n   { __v: 0,\n     Prospect_Posp_ID: 21,\n     Ss_Id: 107602,\n     Fba_Id: 0,\n     Erp_Id: '0',\n     Erp_Qt: 'QT11612387',\n     Request: 'http://lerpci.policyboss.com/RBServices.svc/getSyncData?MobileNo=7666020532&POSPID=1076022222&fbaid=54063333',\n     Response: \n      { erp_QT: 'QT11612387',\n        YOM: '2017',\n        SubModel: '',\n        RegistrationNo: '',\n        RegistrationDate: '',\n        RTO_State: '',\n        RTO_City: '',\n        ProductName: 'MOTOR',\n        Phone: '7666020532',\n        Model: '',\n        ManufacturingDate: '',\n        Make: '',\n        InsuranceType: 'Company',\n        ExpiryDate: '03 Sep 2018',\n        ClientName: 'Chirag',\n        City: 'MUMBAI' },\n     Created_On: '2024-08-01T07:01:35.914Z',\n     Modified_On: '2024-08-01T07:01:35.914Z',\n     _id: '66ab32cfa0ceb263a4d9efd2' } }","timestamp":"12:31:36 PM"}
{"level":"info","message":"{ Status: 'SUCCESS',\n  Msg: 'Data Saved',\n  Data: \n   { __v: 0,\n     Prospect_Posp_ID: 22,\n     Ss_Id: 107602,\n     Fba_Id: 0,\n     Erp_Id: '0',\n     Erp_Qt: 'AHD-1046894-01-R-2',\n     Request: 'http://lerpci.policyboss.com/RBServices.svc/getSyncData?MobileNo=7666020532&POSPID=1076022222&fbaid=54063333',\n     Response: \n      { erp_QT: 'AHD-1046894-01-R-2',\n        YOM: '2013',\n        SubModel: 'STD',\n        RegistrationNo: 'GJ08AG1082',\n        RegistrationDate: '',\n        RTO_State: 'GUJARAT',\n        RTO_City: 'Banaskantha',\n        ProductName: 'TWO WHEELER',\n        Phone: '7666020532',\n        Model: 'AVIATOR',\n        ManufacturingDate: '',\n        Make: 'HONDA',\n        InsuranceType: 'Individual',\n        ExpiryDate: '05 Jul 2022',\n        ClientName: 'SEVANTILAL SHANKARLAL MODI',\n        City: 'BANASKANTHA' },\n     Created_On: '2024-08-01T07:01:35.936Z',\n     Modified_On: '2024-08-01T07:01:35.936Z',\n     _id: '66ab32cfa0ceb263a4d9efd3' } }","timestamp":"12:31:36 PM"}
{"level":"info","message":"$$$$$$$$$$$$$$$$$$$$$$$$","timestamp":"12:39:10 PM"}
{"meta":"","level":"info","message":"","timestamp":"12:39:10 PM"}
{"level":"info","message":"Development Environment is Listening on port 3000","timestamp":"12:39:10 PM"}
{"level":"info","message":"Web URL : http://localhost:3000","timestamp":"12:39:10 PM"}
{"meta":"","level":"info","message":"","timestamp":"12:39:10 PM"}
{"level":"info","message":"$$$$$$$$$$$$$$$$$$$$$$$$","timestamp":"12:39:10 PM"}
{"meta":"","level":"info","message":"","timestamp":"12:39:10 PM"}
{"level":"info","message":"Connected to Database","timestamp":"12:39:11 PM"}
{"level":"info","message":"$$$$$$$$$$$$$$$$$$$$$$$$","timestamp":"12:42:56 PM"}
{"meta":"","level":"info","message":"","timestamp":"12:42:56 PM"}
{"level":"info","message":"Development Environment is Listening on port 3000","timestamp":"12:42:56 PM"}
{"level":"info","message":"Web URL : http://localhost:3000","timestamp":"12:42:56 PM"}
{"meta":"","level":"info","message":"","timestamp":"12:42:56 PM"}
{"level":"info","message":"$$$$$$$$$$$$$$$$$$$$$$$$","timestamp":"12:42:56 PM"}
{"meta":"","level":"info","message":"","timestamp":"12:42:56 PM"}
{"level":"info","message":"Connected to Database","timestamp":"12:42:56 PM"}
{"level":"info","message":"$$$$$$$$$$$$$$$$$$$$$$$$","timestamp":"1:19:48 PM"}
{"meta":"","level":"info","message":"","timestamp":"1:19:48 PM"}
{"level":"info","message":"Development Environment is Listening on port 3000","timestamp":"1:19:48 PM"}
{"level":"info","message":"Web URL : http://localhost:3000","timestamp":"1:19:48 PM"}
{"meta":"","level":"info","message":"","timestamp":"1:19:48 PM"}
{"level":"info","message":"$$$$$$$$$$$$$$$$$$$$$$$$","timestamp":"1:19:48 PM"}
{"meta":"","level":"info","message":"","timestamp":"1:19:48 PM"}
{"level":"info","message":"Connected to Database","timestamp":"1:19:48 PM"}
{"level":"info","message":"{ Status: 'SUCCESS',\n  Msg: 'Data Saved',\n  Data: \n   { __v: 0,\n     Prospect_Posp_ID: 23,\n     Ss_Id: 107602,\n     Fba_Id: 0,\n     Erp_Id: '0',\n     Erp_Qt: 'QT11612387',\n     Request: 'http://lerpci.policyboss.com/RBServices.svc/getSyncData?MobileNo=7666020532&POSPID=1076022222&fbaid=54063333',\n     Response: \n      { erp_QT: 'QT11612387',\n        YOM: '2017',\n        SubModel: '',\n        RegistrationNo: '',\n        RegistrationDate: '',\n        RTO_State: '',\n        RTO_City: '',\n        ProductName: 'MOTOR',\n        Phone: '7666020532',\n        Model: '',\n        ManufacturingDate: '',\n        Make: '',\n        InsuranceType: 'Company',\n        ExpiryDate: '03 Sep 2018',\n        ClientName: 'Chirag',\n        City: 'MUMBAI' },\n     Created_On: '2024-08-01T07:50:09.250Z',\n     Modified_On: '2024-08-01T07:50:09.250Z',\n     _id: '66ab3e3167d0594164c99f02' } }","timestamp":"1:20:11 PM"}
{"level":"info","message":"{ Status: 'SUCCESS',\n  Msg: 'Data Saved',\n  Data: \n   { __v: 0,\n     Prospect_Posp_ID: 24,\n     Ss_Id: 107602,\n     Fba_Id: 0,\n     Erp_Id: '0',\n     Erp_Qt: 'AHD-1046894-01-R-2',\n     Request: 'http://lerpci.policyboss.com/RBServices.svc/getSyncData?MobileNo=7666020532&POSPID=1076022222&fbaid=54063333',\n     Response: \n      { erp_QT: 'AHD-1046894-01-R-2',\n        YOM: '2013',\n        SubModel: 'STD',\n        RegistrationNo: 'GJ08AG1082',\n        RegistrationDate: '',\n        RTO_State: 'GUJARAT',\n        RTO_City: 'Banaskantha',\n        ProductName: 'TWO WHEELER',\n        Phone: '7666020532',\n        Model: 'AVIATOR',\n        ManufacturingDate: '',\n        Make: 'HONDA',\n        InsuranceType: 'Individual',\n        ExpiryDate: '05 Jul 2022',\n        ClientName: 'SEVANTILAL SHANKARLAL MODI',\n        City: 'BANASKANTHA' },\n     Created_On: '2024-08-01T07:50:10.840Z',\n     Modified_On: '2024-08-01T07:50:10.840Z',\n     _id: '66ab3e3267d0594164c99f03' } }","timestamp":"1:20:11 PM"}
{"level":"info","message":"$$$$$$$$$$$$$$$$$$$$$$$$","timestamp":"1:21:37 PM"}
{"meta":"","level":"info","message":"","timestamp":"1:21:37 PM"}
{"level":"info","message":"Development Environment is Listening on port 3000","timestamp":"1:21:37 PM"}
{"level":"info","message":"Web URL : http://localhost:3000","timestamp":"1:21:37 PM"}
{"meta":"","level":"info","message":"","timestamp":"1:21:37 PM"}
{"level":"info","message":"$$$$$$$$$$$$$$$$$$$$$$$$","timestamp":"1:21:37 PM"}
{"meta":"","level":"info","message":"","timestamp":"1:21:37 PM"}
{"level":"info","message":"Connected to Database","timestamp":"1:21:37 PM"}
{"level":"info","message":"{ Status: 'SUCCESS',\n  Msg: 'Data Saved',\n  Data: \n   { __v: 0,\n     Prospect_Posp_ID: 25,\n     Ss_Id: 107602,\n     Fba_Id: 0,\n     Erp_Id: '0',\n     Erp_Qt: 'QT11612387',\n     Request: 'http://lerpci.policyboss.com/RBServices.svc/getSyncData?MobileNo=7666020532&POSPID=1076022222&fbaid=54063333',\n     Response: \n      { erp_QT: 'QT11612387',\n        YOM: '2017',\n        SubModel: '',\n        RegistrationNo: '',\n        RegistrationDate: '',\n        RTO_State: '',\n        RTO_City: '',\n        ProductName: 'MOTOR',\n        Phone: '7666020532',\n        Model: '',\n        ManufacturingDate: '',\n        Make: '',\n        InsuranceType: 'Company',\n        ExpiryDate: '03 Sep 2018',\n        ClientName: 'Chirag',\n        City: 'MUMBAI' },\n     Created_On: '2024-08-01T07:51:41.447Z',\n     Modified_On: '2024-08-01T07:51:41.447Z',\n     _id: '66ab3e8da916ae1e0c0943c5' } }","timestamp":"1:21:41 PM"}
{"level":"info","message":"{ Status: 'SUCCESS',\n  Msg: 'Data Saved',\n  Data: \n   { __v: 0,\n     Prospect_Posp_ID: 26,\n     Ss_Id: 107602,\n     Fba_Id: 0,\n     Erp_Id: '0',\n     Erp_Qt: 'AHD-1046894-01-R-2',\n     Request: 'http://lerpci.policyboss.com/RBServices.svc/getSyncData?MobileNo=7666020532&POSPID=1076022222&fbaid=54063333',\n     Response: \n      { erp_QT: 'AHD-1046894-01-R-2',\n        YOM: '2013',\n        SubModel: 'STD',\n        RegistrationNo: 'GJ08AG1082',\n        RegistrationDate: '',\n        RTO_State: 'GUJARAT',\n        RTO_City: 'Banaskantha',\n        ProductName: 'TWO WHEELER',\n        Phone: '7666020532',\n        Model: 'AVIATOR',\n        ManufacturingDate: '',\n        Make: 'HONDA',\n        InsuranceType: 'Individual',\n        ExpiryDate: '05 Jul 2022',\n        ClientName: 'SEVANTILAL SHANKARLAL MODI',\n        City: 'BANASKANTHA' },\n     Created_On: '2024-08-01T07:51:41.465Z',\n     Modified_On: '2024-08-01T07:51:41.465Z',\n     _id: '66ab3e8da916ae1e0c0943c6' } }","timestamp":"1:21:41 PM"}
{"level":"info","message":"$$$$$$$$$$$$$$$$$$$$$$$$","timestamp":"1:33:16 PM"}
{"meta":"","level":"info","message":"","timestamp":"1:33:16 PM"}
{"level":"info","message":"Development Environment is Listening on port 3000","timestamp":"1:33:16 PM"}
{"level":"info","message":"Web URL : http://localhost:3000","timestamp":"1:33:16 PM"}
{"meta":"","level":"info","message":"","timestamp":"1:33:16 PM"}
{"level":"info","message":"$$$$$$$$$$$$$$$$$$$$$$$$","timestamp":"1:33:16 PM"}
{"meta":"","level":"info","message":"","timestamp":"1:33:16 PM"}
{"level":"info","message":"Connected to Database","timestamp":"1:33:17 PM"}
{"level":"info","message":"{ Status: 'SUCCESS',\n  Msg: 'Data Saved',\n  Data: \n   { __v: 0,\n     Prospect_Posp_ID: 29,\n     Ss_Id: 107602,\n     Fba_Id: 0,\n     Erp_Id: '0',\n     Erp_Qt: 'QT11612387',\n     Request: 'http://lerpci.policyboss.com/RBServices.svc/getSyncData?MobileNo=7666020532&POSPID=1076022222&fbaid=54063333',\n     Response: \n      { erp_QT: 'QT11612387',\n        YOM: '2017',\n        SubModel: '',\n        RegistrationNo: '',\n        RegistrationDate: '',\n        RTO_State: '',\n        RTO_City: '',\n        ProductName: 'MOTOR',\n        Phone: '7666020532',\n        Model: '',\n        ManufacturingDate: '',\n        Make: '',\n        InsuranceType: 'Company',\n        ExpiryDate: '03 Sep 2018',\n        ClientName: 'Chirag',\n        City: 'MUMBAI' },\n     Created_On: '2024-08-01T08:03:47.267Z',\n     Modified_On: '2024-08-01T08:03:47.267Z',\n     _id: '66ab4163a7b6c804d8411231' } }","timestamp":"1:33:50 PM"}
{"level":"info","message":"{ Status: 'SUCCESS',\n  Msg: 'Data Saved',\n  Data: \n   { __v: 0,\n     Prospect_Posp_ID: 30,\n     Ss_Id: 107602,\n     Fba_Id: 0,\n     Erp_Id: '0',\n     Erp_Qt: 'AHD-1046894-01-R-2',\n     Request: 'http://lerpci.policyboss.com/RBServices.svc/getSyncData?MobileNo=7666020532&POSPID=1076022222&fbaid=54063333',\n     Response: \n      { erp_QT: 'AHD-1046894-01-R-2',\n        YOM: '2013',\n        SubModel: 'STD',\n        RegistrationNo: 'GJ08AG1082',\n        RegistrationDate: '',\n        RTO_State: 'GUJARAT',\n        RTO_City: 'Banaskantha',\n        ProductName: 'TWO WHEELER',\n        Phone: '7666020532',\n        Model: 'AVIATOR',\n        ManufacturingDate: '',\n        Make: 'HONDA',\n        InsuranceType: 'Individual',\n        ExpiryDate: '05 Jul 2022',\n        ClientName: 'SEVANTILAL SHANKARLAL MODI',\n        City: 'BANASKANTHA' },\n     Created_On: '2024-08-01T08:03:47.290Z',\n     Modified_On: '2024-08-01T08:03:47.290Z',\n     _id: '66ab4163a7b6c804d8411232' } }","timestamp":"1:33:52 PM"}
{"level":"info","message":"$$$$$$$$$$$$$$$$$$$$$$$$","timestamp":"1:37:35 PM"}
{"meta":"","level":"info","message":"","timestamp":"1:37:35 PM"}
{"level":"info","message":"Development Environment is Listening on port 3000","timestamp":"1:37:35 PM"}
{"level":"info","message":"Web URL : http://localhost:3000","timestamp":"1:37:35 PM"}
{"meta":"","level":"info","message":"","timestamp":"1:37:35 PM"}
{"level":"info","message":"$$$$$$$$$$$$$$$$$$$$$$$$","timestamp":"1:37:35 PM"}
{"meta":"","level":"info","message":"","timestamp":"1:37:35 PM"}
{"level":"info","message":"Connected to Database","timestamp":"1:37:36 PM"}
{"level":"info","message":"$$$$$$$$$$$$$$$$$$$$$$$$","timestamp":"1:38:31 PM"}
{"meta":"","level":"info","message":"","timestamp":"1:38:31 PM"}
{"level":"info","message":"Development Environment is Listening on port 3000","timestamp":"1:38:31 PM"}
{"level":"info","message":"Web URL : http://localhost:3000","timestamp":"1:38:31 PM"}
{"meta":"","level":"info","message":"","timestamp":"1:38:31 PM"}
{"level":"info","message":"$$$$$$$$$$$$$$$$$$$$$$$$","timestamp":"1:38:31 PM"}
{"meta":"","level":"info","message":"","timestamp":"1:38:31 PM"}
{"level":"info","message":"Connected to Database","timestamp":"1:38:32 PM"}
{"level":"info","message":"$$$$$$$$$$$$$$$$$$$$$$$$","timestamp":"1:57:58 PM"}
{"meta":"","level":"info","message":"","timestamp":"1:57:58 PM"}
{"level":"info","message":"Development Environment is Listening on port 3000","timestamp":"1:57:58 PM"}
{"level":"info","message":"Web URL : http://localhost:3000","timestamp":"1:57:58 PM"}
{"meta":"","level":"info","message":"","timestamp":"1:57:58 PM"}
{"level":"info","message":"$$$$$$$$$$$$$$$$$$$$$$$$","timestamp":"1:57:58 PM"}
{"meta":"","level":"info","message":"","timestamp":"1:57:58 PM"}
{"level":"info","message":"Connected to Database","timestamp":"1:57:58 PM"}
{"level":"info","message":"{ Status: 'SUCCESS',\n  Msg: 'Data Saved',\n  Data: \n   { __v: 0,\n     Prospect_Posp_ID: 33,\n     Ss_Id: 107602,\n     Fba_Id: 0,\n     Erp_Id: '0',\n     Erp_Qt: 'AHD-1046894-01-R-2',\n     Request: 'http://lerpci.policyboss.com/RBServices.svc/getSyncData?MobileNo=7666020532&POSPID=1076022222&fbaid=54063333',\n     Response: \n      { erp_QT: 'AHD-1046894-01-R-2',\n        YOM: '2013',\n        SubModel: 'STD',\n        RegistrationNo: 'GJ08AG1082',\n        RegistrationDate: '',\n        RTO_State: 'GUJARAT',\n        RTO_City: 'Banaskantha',\n        ProductName: 'TWO WHEELER',\n        Phone: '7666020532',\n        Model: 'AVIATOR',\n        ManufacturingDate: '',\n        Make: 'HONDA',\n        InsuranceType: 'Individual',\n        ExpiryDate: '05 Jul 2022',\n        ClientName: 'SEVANTILAL SHANKARLAL MODI',\n        City: 'BANASKANTHA' },\n     Created_On: '2024-08-01T08:28:19.518Z',\n     Modified_On: '2024-08-01T08:28:19.518Z',\n     _id: '66ab4723f5b8ce41b8d0a757' },\n  Count: 1 }","timestamp":"1:58:24 PM"}
{"level":"info","message":"$$$$$$$$$$$$$$$$$$$$$$$$","timestamp":"2:03:48 PM"}
{"meta":"","level":"info","message":"","timestamp":"2:03:48 PM"}
{"level":"info","message":"Development Environment is Listening on port 3000","timestamp":"2:03:48 PM"}
{"level":"info","message":"Web URL : http://localhost:3000","timestamp":"2:03:48 PM"}
{"meta":"","level":"info","message":"","timestamp":"2:03:48 PM"}
{"level":"info","message":"$$$$$$$$$$$$$$$$$$$$$$$$","timestamp":"2:03:48 PM"}
{"meta":"","level":"info","message":"","timestamp":"2:03:48 PM"}
{"level":"info","message":"Connected to Database","timestamp":"2:03:49 PM"}
{"level":"info","message":"{ Status: 'SUCCESS',\n  Msg: 'Data Saved',\n  Data: \n   { __v: 0,\n     Prospect_Posp_ID: 36,\n     Ss_Id: 107602,\n     Fba_Id: 0,\n     Erp_Id: '0',\n     Erp_Qt: 'AHD-1046894-01-R-2',\n     Request: 'http://lerpci.policyboss.com/RBServices.svc/getSyncData?MobileNo=7666020532&POSPID=1076022222&fbaid=54063333',\n     Response: \n      { erp_QT: 'AHD-1046894-01-R-2',\n        YOM: '2013',\n        SubModel: 'STD',\n        RegistrationNo: 'GJ08AG1082',\n        RegistrationDate: '',\n        RTO_State: 'GUJARAT',\n        RTO_City: 'Banaskantha',\n        ProductName: 'TWO WHEELER',\n        Phone: '7666020532',\n        Model: 'AVIATOR',\n        ManufacturingDate: '',\n        Make: 'HONDA',\n        InsuranceType: 'Individual',\n        ExpiryDate: '05 Jul 2022',\n        ClientName: 'SEVANTILAL SHANKARLAL MODI',\n        City: 'BANASKANTHA' },\n     Created_On: '2024-08-01T08:34:36.276Z',\n     Modified_On: '2024-08-01T08:34:36.276Z',\n     _id: '66ab489c1be5af2b2c28f15c' } }","timestamp":"2:04:40 PM"}
{"level":"info","message":"{ Status: 'SUCCESS',\n  Msg: 'Data Saved',\n  Data: \n   { __v: 0,\n     Prospect_Posp_ID: 35,\n     Ss_Id: 107602,\n     Fba_Id: 0,\n     Erp_Id: '0',\n     Erp_Qt: 'QT11612387',\n     Request: 'http://lerpci.policyboss.com/RBServices.svc/getSyncData?MobileNo=7666020532&POSPID=1076022222&fbaid=54063333',\n     Response: \n      { erp_QT: 'QT11612387',\n        YOM: '2017',\n        SubModel: '',\n        RegistrationNo: '',\n        RegistrationDate: '',\n        RTO_State: '',\n        RTO_City: '',\n        ProductName: 'MOTOR',\n        Phone: '7666020532',\n        Model: '',\n        ManufacturingDate: '',\n        Make: '',\n        InsuranceType: 'Company',\n        ExpiryDate: '03 Sep 2018',\n        ClientName: 'Chirag',\n        City: 'MUMBAI' },\n     Created_On: '2024-08-01T08:34:36.252Z',\n     Modified_On: '2024-08-01T08:34:36.252Z',\n     _id: '66ab489c1be5af2b2c28f15b' } }","timestamp":"2:04:41 PM"}
{"level":"info","message":"$$$$$$$$$$$$$$$$$$$$$$$$","timestamp":"3:27:07 PM"}
{"meta":"","level":"info","message":"","timestamp":"3:27:07 PM"}
{"level":"info","message":"Development Environment is Listening on port 3000","timestamp":"3:27:07 PM"}
{"level":"info","message":"Web URL : http://localhost:3000","timestamp":"3:27:07 PM"}
{"meta":"","level":"info","message":"","timestamp":"3:27:07 PM"}
{"level":"info","message":"$$$$$$$$$$$$$$$$$$$$$$$$","timestamp":"3:27:07 PM"}
{"meta":"","level":"info","message":"","timestamp":"3:27:07 PM"}
{"level":"info","message":"Connected to Database","timestamp":"3:27:07 PM"}
{"level":"info","message":"$$$$$$$$$$$$$$$$$$$$$$$$","timestamp":"3:30:52 PM"}
{"meta":"","level":"info","message":"","timestamp":"3:30:52 PM"}
{"level":"info","message":"Development Environment is Listening on port 3000","timestamp":"3:30:52 PM"}
{"level":"info","message":"Web URL : http://localhost:3000","timestamp":"3:30:52 PM"}
{"meta":"","level":"info","message":"","timestamp":"3:30:52 PM"}
{"level":"info","message":"$$$$$$$$$$$$$$$$$$$$$$$$","timestamp":"3:30:52 PM"}
{"meta":"","level":"info","message":"","timestamp":"3:30:52 PM"}
{"level":"info","message":"Connected to Database","timestamp":"3:30:52 PM"}
{"level":"info","message":"$$$$$$$$$$$$$$$$$$$$$$$$","timestamp":"3:33:30 PM"}
{"meta":"","level":"info","message":"","timestamp":"3:33:30 PM"}
{"level":"info","message":"Development Environment is Listening on port 3000","timestamp":"3:33:30 PM"}
{"level":"info","message":"Web URL : http://localhost:3000","timestamp":"3:33:30 PM"}
{"meta":"","level":"info","message":"","timestamp":"3:33:30 PM"}
{"level":"info","message":"$$$$$$$$$$$$$$$$$$$$$$$$","timestamp":"3:33:30 PM"}
{"meta":"","level":"info","message":"","timestamp":"3:33:30 PM"}
{"level":"info","message":"Connected to Database","timestamp":"3:33:31 PM"}
{"level":"info","message":"$$$$$$$$$$$$$$$$$$$$$$$$","timestamp":"3:40:54 PM"}
{"meta":"","level":"info","message":"","timestamp":"3:40:54 PM"}
{"level":"info","message":"Development Environment is Listening on port 3000","timestamp":"3:40:54 PM"}
{"level":"info","message":"Web URL : http://localhost:3000","timestamp":"3:40:54 PM"}
{"meta":"","level":"info","message":"","timestamp":"3:40:54 PM"}
{"level":"info","message":"$$$$$$$$$$$$$$$$$$$$$$$$","timestamp":"3:40:54 PM"}
{"meta":"","level":"info","message":"","timestamp":"3:40:54 PM"}
{"level":"info","message":"Connected to Database","timestamp":"3:40:55 PM"}
{"level":"info","message":"$$$$$$$$$$$$$$$$$$$$$$$$","timestamp":"3:42:04 PM"}
{"meta":"","level":"info","message":"","timestamp":"3:42:04 PM"}
{"level":"info","message":"Development Environment is Listening on port 3000","timestamp":"3:42:04 PM"}
{"level":"info","message":"Web URL : http://localhost:3000","timestamp":"3:42:04 PM"}
{"meta":"","level":"info","message":"","timestamp":"3:42:04 PM"}
{"level":"info","message":"$$$$$$$$$$$$$$$$$$$$$$$$","timestamp":"3:42:04 PM"}
{"meta":"","level":"info","message":"","timestamp":"3:42:04 PM"}
{"level":"info","message":"Connected to Database","timestamp":"3:42:05 PM"}
{"level":"info","message":"$$$$$$$$$$$$$$$$$$$$$$$$","timestamp":"3:50:40 PM"}
{"meta":"","level":"info","message":"","timestamp":"3:50:40 PM"}
{"level":"info","message":"Development Environment is Listening on port 3000","timestamp":"3:50:40 PM"}
{"level":"info","message":"Web URL : http://localhost:3000","timestamp":"3:50:40 PM"}
{"meta":"","level":"info","message":"","timestamp":"3:50:40 PM"}
{"level":"info","message":"$$$$$$$$$$$$$$$$$$$$$$$$","timestamp":"3:50:40 PM"}
{"meta":"","level":"info","message":"","timestamp":"3:50:40 PM"}
{"level":"info","message":"Connected to Database","timestamp":"3:50:41 PM"}
{"level":"info","message":"$$$$$$$$$$$$$$$$$$$$$$$$","timestamp":"3:55:44 PM"}
{"meta":"","level":"info","message":"","timestamp":"3:55:44 PM"}
{"level":"info","message":"Development Environment is Listening on port 3000","timestamp":"3:55:44 PM"}
{"level":"info","message":"Web URL : http://localhost:3000","timestamp":"3:55:44 PM"}
{"meta":"","level":"info","message":"","timestamp":"3:55:44 PM"}
{"level":"info","message":"$$$$$$$$$$$$$$$$$$$$$$$$","timestamp":"3:55:44 PM"}
{"meta":"","level":"info","message":"","timestamp":"3:55:44 PM"}
{"level":"info","message":"Connected to Database","timestamp":"3:55:45 PM"}
{"level":"info","message":"{ Status: 'SUCCESS',\n  Msg: 'Data Saved',\n  Data: \n   { __v: 0,\n     Prospect_Posp_ID: 73,\n     Ss_Id: 7582,\n     Fba_Id: 54063,\n     Erp_Id: '107602',\n     Erp_Qt: 'QT11612387',\n     Request: 'http://lerpci.policyboss.com/RBServices.svc/getSyncData?MobileNo=7666020532&POSPID=1076022222&fbaid=54063333',\n     Response: \n      { erp_QT: 'QT11612387',\n        YOM: '2017',\n        SubModel: '',\n        RegistrationNo: '',\n        RegistrationDate: '',\n        RTO_State: '',\n        RTO_City: '',\n        ProductName: 'MOTOR',\n        Phone: '7666020532',\n        Model: '',\n        ManufacturingDate: '',\n        Make: '',\n        InsuranceType: 'Company',\n        ExpiryDate: '03 Sep 2018',\n        ClientName: 'Chirag',\n        City: 'MUMBAI' },\n     Created_On: '2024-08-01T10:26:34.540Z',\n     Modified_On: '2024-08-01T10:26:34.540Z',\n     _id: '66ab62dabd995055504f5043' } }","timestamp":"3:56:34 PM"}
{"level":"info","message":"{ Status: 'SUCCESS',\n  Msg: 'Data Saved',\n  Data: \n   { __v: 0,\n     Prospect_Posp_ID: 74,\n     Ss_Id: 7582,\n     Fba_Id: 54063,\n     Erp_Id: '107602',\n     Erp_Qt: 'AHD-1046894-01-R-2',\n     Request: 'http://lerpci.policyboss.com/RBServices.svc/getSyncData?MobileNo=7666020532&POSPID=1076022222&fbaid=54063333',\n     Response: \n      { erp_QT: 'AHD-1046894-01-R-2',\n        YOM: '2013',\n        SubModel: 'STD',\n        RegistrationNo: 'GJ08AG1082',\n        RegistrationDate: '',\n        RTO_State: 'GUJARAT',\n        RTO_City: 'Banaskantha',\n        ProductName: 'TWO WHEELER',\n        Phone: '7666020532',\n        Model: 'AVIATOR',\n        ManufacturingDate: '',\n        Make: 'HONDA',\n        InsuranceType: 'Individual',\n        ExpiryDate: '05 Jul 2022',\n        ClientName: 'SEVANTILAL SHANKARLAL MODI',\n        City: 'BANASKANTHA' },\n     Created_On: '2024-08-01T10:26:34.569Z',\n     Modified_On: '2024-08-01T10:26:34.569Z',\n     _id: '66ab62dabd995055504f5044' } }","timestamp":"3:56:34 PM"}
{"level":"info","message":"$$$$$$$$$$$$$$$$$$$$$$$$","timestamp":"5:09:02 PM"}
{"meta":"","level":"info","message":"","timestamp":"5:09:02 PM"}
{"level":"info","message":"Development Environment is Listening on port 3000","timestamp":"5:09:02 PM"}
{"level":"info","message":"Web URL : http://localhost:3000","timestamp":"5:09:02 PM"}
{"meta":"","level":"info","message":"","timestamp":"5:09:02 PM"}
{"level":"info","message":"$$$$$$$$$$$$$$$$$$$$$$$$","timestamp":"5:09:02 PM"}
{"meta":"","level":"info","message":"","timestamp":"5:09:02 PM"}
{"level":"info","message":"Connected to Database","timestamp":"5:09:02 PM"}
{"level":"info","message":"$$$$$$$$$$$$$$$$$$$$$$$$","timestamp":"5:10:10 PM"}
{"meta":"","level":"info","message":"","timestamp":"5:10:10 PM"}
{"level":"info","message":"Development Environment is Listening on port 3000","timestamp":"5:10:10 PM"}
{"level":"info","message":"Web URL : http://localhost:3000","timestamp":"5:10:10 PM"}
{"meta":"","level":"info","message":"","timestamp":"5:10:10 PM"}
{"level":"info","message":"$$$$$$$$$$$$$$$$$$$$$$$$","timestamp":"5:10:10 PM"}
{"meta":"","level":"info","message":"","timestamp":"5:10:10 PM"}
{"level":"info","message":"Connected to Database","timestamp":"5:10:11 PM"}
{"level":"info","message":"$$$$$$$$$$$$$$$$$$$$$$$$","timestamp":"5:12:23 PM"}
{"meta":"","level":"info","message":"","timestamp":"5:12:23 PM"}
{"level":"info","message":"Development Environment is Listening on port 3000","timestamp":"5:12:23 PM"}
{"level":"info","message":"Web URL : http://localhost:3000","timestamp":"5:12:23 PM"}
{"meta":"","level":"info","message":"","timestamp":"5:12:23 PM"}
{"level":"info","message":"$$$$$$$$$$$$$$$$$$$$$$$$","timestamp":"5:12:23 PM"}
{"meta":"","level":"info","message":"","timestamp":"5:12:23 PM"}
{"level":"info","message":"Connected to Database","timestamp":"5:12:23 PM"}
{"level":"info","message":"$$$$$$$$$$$$$$$$$$$$$$$$","timestamp":"5:13:00 PM"}
{"meta":"","level":"info","message":"","timestamp":"5:13:00 PM"}
{"level":"info","message":"Development Environment is Listening on port 3000","timestamp":"5:13:00 PM"}
{"level":"info","message":"Web URL : http://localhost:3000","timestamp":"5:13:00 PM"}
{"meta":"","level":"info","message":"","timestamp":"5:13:00 PM"}
{"level":"info","message":"$$$$$$$$$$$$$$$$$$$$$$$$","timestamp":"5:13:00 PM"}
{"meta":"","level":"info","message":"","timestamp":"5:13:00 PM"}
{"level":"info","message":"Connected to Database","timestamp":"5:13:01 PM"}
{"level":"info","message":"$$$$$$$$$$$$$$$$$$$$$$$$","timestamp":"5:18:24 PM"}
{"meta":"","level":"info","message":"","timestamp":"5:18:24 PM"}
{"level":"info","message":"Development Environment is Listening on port 3000","timestamp":"5:18:24 PM"}
{"level":"info","message":"Web URL : http://localhost:3000","timestamp":"5:18:24 PM"}
{"meta":"","level":"info","message":"","timestamp":"5:18:24 PM"}
{"level":"info","message":"$$$$$$$$$$$$$$$$$$$$$$$$","timestamp":"5:18:24 PM"}
{"meta":"","level":"info","message":"","timestamp":"5:18:24 PM"}
{"level":"info","message":"Connected to Database","timestamp":"5:18:25 PM"}
{"level":"info","message":"$$$$$$$$$$$$$$$$$$$$$$$$","timestamp":"5:18:44 PM"}
{"meta":"","level":"info","message":"","timestamp":"5:18:44 PM"}
{"level":"info","message":"Development Environment is Listening on port 3000","timestamp":"5:18:44 PM"}
{"level":"info","message":"Web URL : http://localhost:3000","timestamp":"5:18:44 PM"}
{"meta":"","level":"info","message":"","timestamp":"5:18:44 PM"}
{"level":"info","message":"$$$$$$$$$$$$$$$$$$$$$$$$","timestamp":"5:18:44 PM"}
{"meta":"","level":"info","message":"","timestamp":"5:18:44 PM"}
{"level":"info","message":"Connected to Database","timestamp":"5:18:44 PM"}
{"level":"info","message":"$$$$$$$$$$$$$$$$$$$$$$$$","timestamp":"5:24:41 PM"}
{"meta":"","level":"info","message":"","timestamp":"5:24:41 PM"}
{"level":"info","message":"Development Environment is Listening on port 3000","timestamp":"5:24:41 PM"}
{"level":"info","message":"Web URL : http://localhost:3000","timestamp":"5:24:41 PM"}
{"meta":"","level":"info","message":"","timestamp":"5:24:41 PM"}
{"level":"info","message":"$$$$$$$$$$$$$$$$$$$$$$$$","timestamp":"5:24:41 PM"}
{"meta":"","level":"info","message":"","timestamp":"5:24:41 PM"}
{"level":"info","message":"Connected to Database","timestamp":"5:24:41 PM"}
