{"level":"info","message":"$$$$$$$$$$$$$$$$$$$$$$$$","timestamp":"9:05:27 AM"}
{"meta":"","level":"info","message":"","timestamp":"9:05:27 AM"}
{"level":"info","message":"Production Environment is Listening on port 3000","timestamp":"9:05:27 AM"}
{"level":"info","message":"Web URL : http://localhost:3000","timestamp":"9:05:27 AM"}
{"meta":"","level":"info","message":"","timestamp":"9:05:27 AM"}
{"level":"info","message":"$$$$$$$$$$$$$$$$$$$$$$$$","timestamp":"9:05:27 AM"}
{"meta":"","level":"info","message":"","timestamp":"9:05:27 AM"}
{"level":"info","message":"Error in Connecting to Database","timestamp":"9:05:27 AM"}
{"level":"info","message":"Error in Connecting to Database","timestamp":"9:05:27 AM"}
{"level":"info","message":"Error in Connecting to Database","timestamp":"9:05:27 AM"}
{"level":"info","message":"Error in Connecting to Database","timestamp":"9:05:27 AM"}
{"level":"info","message":"Error in Connecting to Database","timestamp":"9:05:27 AM"}
{"level":"info","message":"Error in Connecting to Database","timestamp":"9:05:27 AM"}
{"level":"info","message":"Error in Connecting to Database","timestamp":"9:05:27 AM"}
{"level":"info","message":"Error in Connecting to Database","timestamp":"9:05:27 AM"}
{"level":"info","message":"Error in Connecting to Database","timestamp":"9:05:27 AM"}
{"level":"info","message":"Error in Connecting to Database","timestamp":"9:05:27 AM"}
{"level":"info","message":"Error in Connecting to Database","timestamp":"9:05:27 AM"}
{"level":"info","message":"Error in Connecting to Database","timestamp":"9:05:27 AM"}
{"level":"info","message":"Error in Connecting to Database","timestamp":"9:05:27 AM"}
{"level":"info","message":"Error in Connecting to Database","timestamp":"9:05:27 AM"}
{"level":"info","message":"Error in Connecting to Database","timestamp":"9:05:27 AM"}
{"level":"info","message":"Error in Connecting to Database","timestamp":"9:05:27 AM"}
{"level":"info","message":"Error in Connecting to Database","timestamp":"9:05:27 AM"}
{"level":"info","message":"Error in Connecting to Database","timestamp":"9:05:27 AM"}
{"level":"info","message":"Error in Connecting to Database","timestamp":"9:05:27 AM"}
{"level":"info","message":"Error in Connecting to Database","timestamp":"9:05:27 AM"}
{"level":"info","message":"Error in Connecting to Database","timestamp":"9:05:27 AM"}
{"level":"info","message":"Error in Connecting to Database","timestamp":"9:05:27 AM"}
{"level":"info","message":"Error in Connecting to Database","timestamp":"9:05:27 AM"}
{"level":"info","message":"Error in Connecting to Database","timestamp":"9:05:27 AM"}
{"level":"info","message":"Error in Connecting to Database","timestamp":"9:05:27 AM"}
{"level":"info","message":"Error in Connecting to Database","timestamp":"9:05:27 AM"}
{"level":"info","message":"Error in Connecting to Database","timestamp":"9:05:27 AM"}
{"level":"info","message":"Error in Connecting to Database","timestamp":"9:05:27 AM"}
{"level":"info","message":"Error in Connecting to Database","timestamp":"9:05:27 AM"}
{"level":"info","message":"Error in Connecting to Database","timestamp":"9:05:27 AM"}
{"level":"info","message":"Error in Connecting to Database","timestamp":"9:05:27 AM"}
{"level":"info","message":"Error in Connecting to Database","timestamp":"9:05:27 AM"}
{"level":"info","message":"Error in Connecting to Database","timestamp":"9:05:27 AM"}
{"level":"info","message":"Error in Connecting to Database","timestamp":"9:05:27 AM"}
{"level":"info","message":"Connected to Database","timestamp":"9:05:28 AM"}
{"level":"info","message":"$$$$$$$$$$$$$$$$$$$$$$$$","timestamp":"9:09:47 AM"}
{"meta":"","level":"info","message":"","timestamp":"9:09:47 AM"}
{"level":"info","message":"Production Environment is Listening on port 3000","timestamp":"9:09:47 AM"}
{"level":"info","message":"Web URL : http://localhost:3000","timestamp":"9:09:47 AM"}
{"meta":"","level":"info","message":"","timestamp":"9:09:47 AM"}
{"level":"info","message":"$$$$$$$$$$$$$$$$$$$$$$$$","timestamp":"9:09:47 AM"}
{"meta":"","level":"info","message":"","timestamp":"9:09:47 AM"}
{"level":"info","message":"Connected to Database","timestamp":"9:09:47 AM"}
{"level":"info","message":"$$$$$$$$$$$$$$$$$$$$$$$$","timestamp":"9:14:51 AM"}
{"meta":"","level":"info","message":"","timestamp":"9:14:51 AM"}
{"level":"info","message":"Production Environment is Listening on port 3000","timestamp":"9:14:51 AM"}
{"level":"info","message":"Web URL : http://localhost:3000","timestamp":"9:14:51 AM"}
{"meta":"","level":"info","message":"","timestamp":"9:14:51 AM"}
{"level":"info","message":"$$$$$$$$$$$$$$$$$$$$$$$$","timestamp":"9:14:51 AM"}
{"meta":"","level":"info","message":"","timestamp":"9:14:51 AM"}
{"level":"info","message":"Connected to Database","timestamp":"9:14:51 AM"}
{"level":"info","message":"$$$$$$$$$$$$$$$$$$$$$$$$","timestamp":"9:16:39 AM"}
{"meta":"","level":"info","message":"","timestamp":"9:16:39 AM"}
{"level":"info","message":"Production Environment is Listening on port 3000","timestamp":"9:16:39 AM"}
{"level":"info","message":"Web URL : http://localhost:3000","timestamp":"9:16:39 AM"}
{"meta":"","level":"info","message":"","timestamp":"9:16:39 AM"}
{"level":"info","message":"$$$$$$$$$$$$$$$$$$$$$$$$","timestamp":"9:16:39 AM"}
{"meta":"","level":"info","message":"","timestamp":"9:16:39 AM"}
{"level":"info","message":"Connected to Database","timestamp":"9:16:40 AM"}
{"level":"info","message":"$$$$$$$$$$$$$$$$$$$$$$$$","timestamp":"9:18:45 AM"}
{"meta":"","level":"info","message":"","timestamp":"9:18:45 AM"}
{"level":"info","message":"Production Environment is Listening on port 3000","timestamp":"9:18:45 AM"}
{"level":"info","message":"Web URL : http://localhost:3000","timestamp":"9:18:45 AM"}
{"meta":"","level":"info","message":"","timestamp":"9:18:45 AM"}
{"level":"info","message":"$$$$$$$$$$$$$$$$$$$$$$$$","timestamp":"9:18:45 AM"}
{"meta":"","level":"info","message":"","timestamp":"9:18:45 AM"}
{"level":"info","message":"Connected to Database","timestamp":"9:18:45 AM"}
{"level":"info","message":"$$$$$$$$$$$$$$$$$$$$$$$$","timestamp":"9:29:09 AM"}
{"meta":"","level":"info","message":"","timestamp":"9:29:09 AM"}
{"level":"info","message":"Production Environment is Listening on port 3000","timestamp":"9:29:09 AM"}
{"level":"info","message":"Web URL : http://localhost:3000","timestamp":"9:29:09 AM"}
{"meta":"","level":"info","message":"","timestamp":"9:29:09 AM"}
{"level":"info","message":"$$$$$$$$$$$$$$$$$$$$$$$$","timestamp":"9:29:09 AM"}
{"meta":"","level":"info","message":"","timestamp":"9:29:09 AM"}
{"level":"info","message":"Connected to Database","timestamp":"9:29:09 AM"}
{"level":"info","message":"$$$$$$$$$$$$$$$$$$$$$$$$","timestamp":"10:19:02 AM"}
{"meta":"","level":"info","message":"","timestamp":"10:19:02 AM"}
{"level":"info","message":"Production Environment is Listening on port 3000","timestamp":"10:19:02 AM"}
{"level":"info","message":"Web URL : http://localhost:3000","timestamp":"10:19:02 AM"}
{"meta":"","level":"info","message":"","timestamp":"10:19:02 AM"}
{"level":"info","message":"$$$$$$$$$$$$$$$$$$$$$$$$","timestamp":"10:19:02 AM"}
{"meta":"","level":"info","message":"","timestamp":"10:19:02 AM"}
{"level":"info","message":"Connected to Database","timestamp":"10:19:02 AM"}
{"level":"info","message":"$$$$$$$$$$$$$$$$$$$$$$$$","timestamp":"11:31:44 AM"}
{"meta":"","level":"info","message":"","timestamp":"11:31:44 AM"}
{"level":"info","message":"Production Environment is Listening on port 3000","timestamp":"11:31:44 AM"}
{"level":"info","message":"Web URL : http://localhost:3000","timestamp":"11:31:44 AM"}
{"meta":"","level":"info","message":"","timestamp":"11:31:44 AM"}
{"level":"info","message":"$$$$$$$$$$$$$$$$$$$$$$$$","timestamp":"11:31:44 AM"}
{"meta":"","level":"info","message":"","timestamp":"11:31:44 AM"}
{"level":"info","message":"Connected to Database","timestamp":"11:31:44 AM"}
{"level":"info","message":"$$$$$$$$$$$$$$$$$$$$$$$$","timestamp":"11:39:43 AM"}
{"meta":"","level":"info","message":"","timestamp":"11:39:43 AM"}
{"level":"info","message":"Production Environment is Listening on port 3000","timestamp":"11:39:43 AM"}
{"level":"info","message":"Web URL : http://localhost:3000","timestamp":"11:39:43 AM"}
{"meta":"","level":"info","message":"","timestamp":"11:39:43 AM"}
{"level":"info","message":"$$$$$$$$$$$$$$$$$$$$$$$$","timestamp":"11:39:43 AM"}
{"meta":"","level":"info","message":"","timestamp":"11:39:43 AM"}
{"level":"info","message":"Connected to Database","timestamp":"11:39:44 AM"}
{"level":"info","message":"$$$$$$$$$$$$$$$$$$$$$$$$","timestamp":"11:42:51 AM"}
{"meta":"","level":"info","message":"","timestamp":"11:42:51 AM"}
{"level":"info","message":"Production Environment is Listening on port 3000","timestamp":"11:42:51 AM"}
{"level":"info","message":"Web URL : http://localhost:3000","timestamp":"11:42:51 AM"}
{"meta":"","level":"info","message":"","timestamp":"11:42:51 AM"}
{"level":"info","message":"$$$$$$$$$$$$$$$$$$$$$$$$","timestamp":"11:42:51 AM"}
{"meta":"","level":"info","message":"","timestamp":"11:42:51 AM"}
{"level":"info","message":"Connected to Database","timestamp":"11:42:51 AM"}
{"level":"info","message":"$$$$$$$$$$$$$$$$$$$$$$$$","timestamp":"11:43:48 AM"}
{"meta":"","level":"info","message":"","timestamp":"11:43:48 AM"}
{"level":"info","message":"Production Environment is Listening on port 3000","timestamp":"11:43:48 AM"}
{"level":"info","message":"Web URL : http://localhost:3000","timestamp":"11:43:48 AM"}
{"meta":"","level":"info","message":"","timestamp":"11:43:48 AM"}
{"level":"info","message":"$$$$$$$$$$$$$$$$$$$$$$$$","timestamp":"11:43:48 AM"}
{"meta":"","level":"info","message":"","timestamp":"11:43:48 AM"}
{"level":"info","message":"Connected to Database","timestamp":"11:43:49 AM"}
{"level":"info","message":"$$$$$$$$$$$$$$$$$$$$$$$$","timestamp":"11:49:14 AM"}
{"meta":"","level":"info","message":"","timestamp":"11:49:14 AM"}
{"level":"info","message":"Production Environment is Listening on port 3000","timestamp":"11:49:14 AM"}
{"level":"info","message":"Web URL : http://localhost:3000","timestamp":"11:49:14 AM"}
{"meta":"","level":"info","message":"","timestamp":"11:49:14 AM"}
{"level":"info","message":"$$$$$$$$$$$$$$$$$$$$$$$$","timestamp":"11:49:14 AM"}
{"meta":"","level":"info","message":"","timestamp":"11:49:14 AM"}
{"level":"info","message":"Connected to Database","timestamp":"11:49:14 AM"}
{"level":"info","message":"$$$$$$$$$$$$$$$$$$$$$$$$","timestamp":"11:53:45 AM"}
{"meta":"","level":"info","message":"","timestamp":"11:53:45 AM"}
{"level":"info","message":"Production Environment is Listening on port 3000","timestamp":"11:53:45 AM"}
{"level":"info","message":"Web URL : http://localhost:3000","timestamp":"11:53:45 AM"}
{"meta":"","level":"info","message":"","timestamp":"11:53:45 AM"}
{"level":"info","message":"$$$$$$$$$$$$$$$$$$$$$$$$","timestamp":"11:53:45 AM"}
{"meta":"","level":"info","message":"","timestamp":"11:53:45 AM"}
{"level":"info","message":"Connected to Database","timestamp":"11:53:45 AM"}
{"level":"info","message":"$$$$$$$$$$$$$$$$$$$$$$$$","timestamp":"11:56:21 AM"}
{"meta":"","level":"info","message":"","timestamp":"11:56:21 AM"}
{"level":"info","message":"Production Environment is Listening on port 3000","timestamp":"11:56:21 AM"}
{"level":"info","message":"Web URL : http://localhost:3000","timestamp":"11:56:21 AM"}
{"meta":"","level":"info","message":"","timestamp":"11:56:21 AM"}
{"level":"info","message":"$$$$$$$$$$$$$$$$$$$$$$$$","timestamp":"11:56:21 AM"}
{"meta":"","level":"info","message":"","timestamp":"11:56:21 AM"}
{"level":"info","message":"Connected to Database","timestamp":"11:56:21 AM"}
{"level":"info","message":"$$$$$$$$$$$$$$$$$$$$$$$$","timestamp":"11:59:47 AM"}
{"meta":"","level":"info","message":"","timestamp":"11:59:47 AM"}
{"level":"info","message":"Production Environment is Listening on port 3000","timestamp":"11:59:47 AM"}
{"level":"info","message":"Web URL : http://localhost:3000","timestamp":"11:59:47 AM"}
{"meta":"","level":"info","message":"","timestamp":"11:59:47 AM"}
{"level":"info","message":"$$$$$$$$$$$$$$$$$$$$$$$$","timestamp":"11:59:47 AM"}
{"meta":"","level":"info","message":"","timestamp":"11:59:47 AM"}
{"level":"info","message":"Connected to Database","timestamp":"11:59:48 AM"}
{"level":"info","message":"$$$$$$$$$$$$$$$$$$$$$$$$","timestamp":"12:04:55 PM"}
{"meta":"","level":"info","message":"","timestamp":"12:04:55 PM"}
{"level":"info","message":"Production Environment is Listening on port 3000","timestamp":"12:04:55 PM"}
{"level":"info","message":"Web URL : http://localhost:3000","timestamp":"12:04:55 PM"}
{"meta":"","level":"info","message":"","timestamp":"12:04:55 PM"}
{"level":"info","message":"$$$$$$$$$$$$$$$$$$$$$$$$","timestamp":"12:04:55 PM"}
{"meta":"","level":"info","message":"","timestamp":"12:04:55 PM"}
{"level":"info","message":"Connected to Database","timestamp":"12:04:56 PM"}
{"level":"info","message":"$$$$$$$$$$$$$$$$$$$$$$$$","timestamp":"12:06:21 PM"}
{"meta":"","level":"info","message":"","timestamp":"12:06:21 PM"}
{"level":"info","message":"Production Environment is Listening on port 3000","timestamp":"12:06:21 PM"}
{"level":"info","message":"Web URL : http://localhost:3000","timestamp":"12:06:21 PM"}
{"meta":"","level":"info","message":"","timestamp":"12:06:21 PM"}
{"level":"info","message":"$$$$$$$$$$$$$$$$$$$$$$$$","timestamp":"12:06:21 PM"}
{"meta":"","level":"info","message":"","timestamp":"12:06:21 PM"}
{"level":"info","message":"Connected to Database","timestamp":"12:06:21 PM"}
{"level":"info","message":"$$$$$$$$$$$$$$$$$$$$$$$$","timestamp":"12:09:26 PM"}
{"meta":"","level":"info","message":"","timestamp":"12:09:26 PM"}
{"level":"info","message":"Production Environment is Listening on port 3000","timestamp":"12:09:26 PM"}
{"level":"info","message":"Web URL : http://localhost:3000","timestamp":"12:09:26 PM"}
{"meta":"","level":"info","message":"","timestamp":"12:09:26 PM"}
{"level":"info","message":"$$$$$$$$$$$$$$$$$$$$$$$$","timestamp":"12:09:26 PM"}
{"meta":"","level":"info","message":"","timestamp":"12:09:26 PM"}
{"level":"info","message":"Connected to Database","timestamp":"12:09:26 PM"}
{"level":"info","message":"$$$$$$$$$$$$$$$$$$$$$$$$","timestamp":"12:10:13 PM"}
{"meta":"","level":"info","message":"","timestamp":"12:10:13 PM"}
{"level":"info","message":"Production Environment is Listening on port 3000","timestamp":"12:10:13 PM"}
{"level":"info","message":"Web URL : http://localhost:3000","timestamp":"12:10:13 PM"}
{"meta":"","level":"info","message":"","timestamp":"12:10:13 PM"}
{"level":"info","message":"$$$$$$$$$$$$$$$$$$$$$$$$","timestamp":"12:10:13 PM"}
{"meta":"","level":"info","message":"","timestamp":"12:10:13 PM"}
{"level":"info","message":"Connected to Database","timestamp":"12:10:13 PM"}
{"level":"info","message":"$$$$$$$$$$$$$$$$$$$$$$$$","timestamp":"12:11:50 PM"}
{"meta":"","level":"info","message":"","timestamp":"12:11:50 PM"}
{"level":"info","message":"Production Environment is Listening on port 3000","timestamp":"12:11:50 PM"}
{"level":"info","message":"Web URL : http://localhost:3000","timestamp":"12:11:50 PM"}
{"meta":"","level":"info","message":"","timestamp":"12:11:50 PM"}
{"level":"info","message":"$$$$$$$$$$$$$$$$$$$$$$$$","timestamp":"12:11:50 PM"}
{"meta":"","level":"info","message":"","timestamp":"12:11:50 PM"}
{"level":"info","message":"Connected to Database","timestamp":"12:11:50 PM"}
{"level":"info","message":"false","timestamp":"12:12:44 PM"}
{"level":"info","message":"$$$$$$$$$$$$$$$$$$$$$$$$","timestamp":"12:13:09 PM"}
{"meta":"","level":"info","message":"","timestamp":"12:13:09 PM"}
{"level":"info","message":"Production Environment is Listening on port 3000","timestamp":"12:13:09 PM"}
{"level":"info","message":"Web URL : http://localhost:3000","timestamp":"12:13:09 PM"}
{"meta":"","level":"info","message":"","timestamp":"12:13:09 PM"}
{"level":"info","message":"$$$$$$$$$$$$$$$$$$$$$$$$","timestamp":"12:13:09 PM"}
{"meta":"","level":"info","message":"","timestamp":"12:13:09 PM"}
{"level":"info","message":"Connected to Database","timestamp":"12:13:09 PM"}
{"level":"info","message":"false","timestamp":"12:13:26 PM"}
{"level":"info","message":"false","timestamp":"12:13:34 PM"}
{"level":"info","message":"false","timestamp":"12:13:34 PM"}
{"level":"info","message":"false","timestamp":"12:13:34 PM"}
{"level":"info","message":"false","timestamp":"12:13:34 PM"}
{"level":"info","message":"false","timestamp":"12:13:34 PM"}
{"level":"info","message":"false","timestamp":"12:13:34 PM"}
{"level":"info","message":"false","timestamp":"12:13:34 PM"}
{"level":"info","message":"false","timestamp":"12:14:08 PM"}
{"level":"info","message":"false","timestamp":"12:14:08 PM"}
{"level":"info","message":"false","timestamp":"12:14:08 PM"}
{"level":"info","message":"false","timestamp":"12:14:08 PM"}
{"level":"info","message":"false","timestamp":"12:14:08 PM"}
{"level":"info","message":"false","timestamp":"12:14:08 PM"}
{"level":"info","message":"false","timestamp":"12:14:08 PM"}
{"level":"info","message":"false","timestamp":"12:14:08 PM"}
{"level":"info","message":"false","timestamp":"12:15:40 PM"}
{"level":"info","message":"false","timestamp":"12:15:46 PM"}
{"level":"info","message":"false","timestamp":"12:15:52 PM"}
{"level":"info","message":"false","timestamp":"12:16:09 PM"}
{"level":"info","message":"false","timestamp":"12:16:12 PM"}
{"level":"info","message":"false","timestamp":"12:16:12 PM"}
{"level":"info","message":"false","timestamp":"12:16:12 PM"}
{"level":"info","message":"false","timestamp":"12:16:12 PM"}
{"level":"info","message":"$$$$$$$$$$$$$$$$$$$$$$$$","timestamp":"12:21:24 PM"}
{"meta":"","level":"info","message":"","timestamp":"12:21:24 PM"}
{"level":"info","message":"Production Environment is Listening on port 3000","timestamp":"12:21:24 PM"}
{"level":"info","message":"Web URL : http://localhost:3000","timestamp":"12:21:24 PM"}
{"meta":"","level":"info","message":"","timestamp":"12:21:24 PM"}
{"level":"info","message":"$$$$$$$$$$$$$$$$$$$$$$$$","timestamp":"12:21:24 PM"}
{"meta":"","level":"info","message":"","timestamp":"12:21:24 PM"}
{"level":"info","message":"Connected to Database","timestamp":"12:21:24 PM"}
{"level":"info","message":"$$$$$$$$$$$$$$$$$$$$$$$$","timestamp":"12:22:06 PM"}
{"meta":"","level":"info","message":"","timestamp":"12:22:06 PM"}
{"level":"info","message":"Production Environment is Listening on port 3000","timestamp":"12:22:06 PM"}
{"level":"info","message":"Web URL : http://localhost:3000","timestamp":"12:22:06 PM"}
{"meta":"","level":"info","message":"","timestamp":"12:22:06 PM"}
{"level":"info","message":"$$$$$$$$$$$$$$$$$$$$$$$$","timestamp":"12:22:06 PM"}
{"meta":"","level":"info","message":"","timestamp":"12:22:06 PM"}
{"level":"info","message":"Connected to Database","timestamp":"12:22:06 PM"}
{"level":"info","message":"$$$$$$$$$$$$$$$$$$$$$$$$","timestamp":"12:22:50 PM"}
{"meta":"","level":"info","message":"","timestamp":"12:22:50 PM"}
{"level":"info","message":"Production Environment is Listening on port 3000","timestamp":"12:22:50 PM"}
{"level":"info","message":"Web URL : http://localhost:3000","timestamp":"12:22:50 PM"}
{"meta":"","level":"info","message":"","timestamp":"12:22:50 PM"}
{"level":"info","message":"$$$$$$$$$$$$$$$$$$$$$$$$","timestamp":"12:22:50 PM"}
{"meta":"","level":"info","message":"","timestamp":"12:22:50 PM"}
{"level":"info","message":"Connected to Database","timestamp":"12:22:50 PM"}
{"level":"info","message":"false","timestamp":"12:23:24 PM"}
{"level":"info","message":"true","timestamp":"12:26:23 PM"}
{"level":"info","message":"true","timestamp":"12:26:27 PM"}
{"level":"info","message":"true","timestamp":"12:26:28 PM"}
{"level":"info","message":"true","timestamp":"12:26:28 PM"}
{"level":"info","message":"true","timestamp":"12:26:28 PM"}
{"level":"info","message":"true","timestamp":"12:26:29 PM"}
{"level":"info","message":"true","timestamp":"12:26:29 PM"}
{"level":"info","message":"false","timestamp":"12:26:52 PM"}
{"level":"info","message":"$$$$$$$$$$$$$$$$$$$$$$$$","timestamp":"12:27:45 PM"}
{"meta":"","level":"info","message":"","timestamp":"12:27:45 PM"}
{"level":"info","message":"Production Environment is Listening on port 3000","timestamp":"12:27:45 PM"}
{"level":"info","message":"Web URL : http://localhost:3000","timestamp":"12:27:45 PM"}
{"meta":"","level":"info","message":"","timestamp":"12:27:45 PM"}
{"level":"info","message":"$$$$$$$$$$$$$$$$$$$$$$$$","timestamp":"12:27:45 PM"}
{"meta":"","level":"info","message":"","timestamp":"12:27:45 PM"}
{"level":"info","message":"Connected to Database","timestamp":"12:27:46 PM"}
{"level":"info","message":"false","timestamp":"12:28:03 PM"}
{"level":"info","message":"$$$$$$$$$$$$$$$$$$$$$$$$","timestamp":"12:33:45 PM"}
{"meta":"","level":"info","message":"","timestamp":"12:33:45 PM"}
{"level":"info","message":"Production Environment is Listening on port 3000","timestamp":"12:33:45 PM"}
{"level":"info","message":"Web URL : http://localhost:3000","timestamp":"12:33:45 PM"}
{"meta":"","level":"info","message":"","timestamp":"12:33:45 PM"}
{"level":"info","message":"$$$$$$$$$$$$$$$$$$$$$$$$","timestamp":"12:33:45 PM"}
{"meta":"","level":"info","message":"","timestamp":"12:33:45 PM"}
{"level":"info","message":"Connected to Database","timestamp":"12:33:45 PM"}
{"level":"info","message":"false","timestamp":"12:34:24 PM"}
{"level":"info","message":"$$$$$$$$$$$$$$$$$$$$$$$$","timestamp":"12:40:34 PM"}
{"meta":"","level":"info","message":"","timestamp":"12:40:34 PM"}
{"level":"info","message":"Production Environment is Listening on port 3000","timestamp":"12:40:34 PM"}
{"level":"info","message":"Web URL : http://localhost:3000","timestamp":"12:40:34 PM"}
{"meta":"","level":"info","message":"","timestamp":"12:40:34 PM"}
{"level":"info","message":"$$$$$$$$$$$$$$$$$$$$$$$$","timestamp":"12:40:34 PM"}
{"meta":"","level":"info","message":"","timestamp":"12:40:34 PM"}
{"level":"info","message":"Connected to Database","timestamp":"12:40:34 PM"}
{"level":"info","message":"false","timestamp":"12:41:12 PM"}
{"level":"info","message":"true","timestamp":"12:41:41 PM"}
{"level":"info","message":"true","timestamp":"12:41:47 PM"}
{"level":"info","message":"true","timestamp":"12:41:50 PM"}
{"level":"info","message":"true","timestamp":"12:41:52 PM"}
{"level":"info","message":"true","timestamp":"12:41:52 PM"}
{"level":"info","message":"true","timestamp":"12:41:53 PM"}
{"level":"info","message":"true","timestamp":"12:41:54 PM"}
{"level":"info","message":"false","timestamp":"12:43:14 PM"}
{"level":"info","message":"true","timestamp":"12:43:36 PM"}
{"level":"info","message":"true","timestamp":"12:43:36 PM"}
{"level":"info","message":"true","timestamp":"12:43:36 PM"}
{"level":"info","message":"true","timestamp":"12:43:36 PM"}
{"level":"info","message":"true","timestamp":"12:43:36 PM"}
{"level":"info","message":"true","timestamp":"12:43:36 PM"}
{"level":"info","message":"true","timestamp":"12:43:36 PM"}
{"level":"info","message":"$$$$$$$$$$$$$$$$$$$$$$$$","timestamp":"12:45:21 PM"}
{"meta":"","level":"info","message":"","timestamp":"12:45:21 PM"}
{"level":"info","message":"Production Environment is Listening on port 3000","timestamp":"12:45:21 PM"}
{"level":"info","message":"Web URL : http://localhost:3000","timestamp":"12:45:21 PM"}
{"meta":"","level":"info","message":"","timestamp":"12:45:21 PM"}
{"level":"info","message":"$$$$$$$$$$$$$$$$$$$$$$$$","timestamp":"12:45:21 PM"}
{"meta":"","level":"info","message":"","timestamp":"12:45:21 PM"}
{"level":"info","message":"Connected to Database","timestamp":"12:45:22 PM"}
{"level":"info","message":"false","timestamp":"12:46:00 PM"}
{"level":"info","message":"true","timestamp":"12:46:21 PM"}
{"level":"info","message":"true","timestamp":"12:46:21 PM"}
{"level":"info","message":"true","timestamp":"12:46:21 PM"}
{"level":"info","message":"true","timestamp":"12:46:21 PM"}
{"level":"info","message":"true","timestamp":"12:46:21 PM"}
{"level":"info","message":"true","timestamp":"12:46:21 PM"}
{"level":"info","message":"true","timestamp":"12:46:21 PM"}
{"level":"info","message":"$$$$$$$$$$$$$$$$$$$$$$$$","timestamp":"1:23:38 PM"}
{"meta":"","level":"info","message":"","timestamp":"1:23:38 PM"}
{"level":"info","message":"Production Environment is Listening on port 3000","timestamp":"1:23:38 PM"}
{"level":"info","message":"Web URL : http://localhost:3000","timestamp":"1:23:38 PM"}
{"meta":"","level":"info","message":"","timestamp":"1:23:38 PM"}
{"level":"info","message":"$$$$$$$$$$$$$$$$$$$$$$$$","timestamp":"1:23:38 PM"}
{"meta":"","level":"info","message":"","timestamp":"1:23:38 PM"}
{"level":"info","message":"Connected to Database","timestamp":"1:23:39 PM"}
{"level":"info","message":"true","timestamp":"1:25:26 PM"}
{"level":"info","message":"true","timestamp":"1:26:02 PM"}
{"level":"info","message":"$$$$$$$$$$$$$$$$$$$$$$$$","timestamp":"1:27:26 PM"}
{"meta":"","level":"info","message":"","timestamp":"1:27:26 PM"}
{"level":"info","message":"Production Environment is Listening on port 3000","timestamp":"1:27:26 PM"}
{"level":"info","message":"Web URL : http://localhost:3000","timestamp":"1:27:26 PM"}
{"meta":"","level":"info","message":"","timestamp":"1:27:26 PM"}
{"level":"info","message":"$$$$$$$$$$$$$$$$$$$$$$$$","timestamp":"1:27:26 PM"}
{"meta":"","level":"info","message":"","timestamp":"1:27:26 PM"}
{"level":"info","message":"Connected to Database","timestamp":"1:27:26 PM"}
{"level":"info","message":"true","timestamp":"1:27:38 PM"}
{"level":"info","message":"true","timestamp":"1:27:38 PM"}
{"level":"info","message":"true","timestamp":"1:27:38 PM"}
{"level":"info","message":"true","timestamp":"1:27:38 PM"}
{"level":"info","message":"true","timestamp":"1:27:38 PM"}
{"level":"info","message":"true","timestamp":"1:27:38 PM"}
{"level":"info","message":"true","timestamp":"1:27:38 PM"}
{"level":"info","message":"true","timestamp":"1:27:38 PM"}
{"level":"info","message":"true","timestamp":"1:29:03 PM"}
{"level":"info","message":"true","timestamp":"1:29:03 PM"}
{"level":"info","message":"true","timestamp":"1:29:03 PM"}
{"level":"info","message":"true","timestamp":"1:29:03 PM"}
{"level":"info","message":"true","timestamp":"1:29:03 PM"}
{"level":"info","message":"true","timestamp":"1:29:03 PM"}
{"level":"info","message":"true","timestamp":"1:29:03 PM"}
{"level":"info","message":"true","timestamp":"1:29:03 PM"}
{"level":"info","message":"true","timestamp":"1:29:26 PM"}
{"level":"info","message":"true","timestamp":"1:29:26 PM"}
{"level":"info","message":"true","timestamp":"1:29:26 PM"}
{"level":"info","message":"true","timestamp":"1:29:26 PM"}
{"level":"info","message":"true","timestamp":"1:29:26 PM"}
{"level":"info","message":"true","timestamp":"1:29:26 PM"}
{"level":"info","message":"true","timestamp":"1:29:26 PM"}
{"level":"info","message":"true","timestamp":"1:29:26 PM"}
{"level":"info","message":"true","timestamp":"1:29:53 PM"}
{"level":"info","message":"true","timestamp":"1:29:53 PM"}
{"level":"info","message":"true","timestamp":"1:29:53 PM"}
{"level":"info","message":"true","timestamp":"1:29:53 PM"}
{"level":"info","message":"true","timestamp":"1:29:53 PM"}
{"level":"info","message":"true","timestamp":"1:29:53 PM"}
{"level":"info","message":"true","timestamp":"1:29:53 PM"}
{"level":"info","message":"true","timestamp":"1:29:53 PM"}
{"level":"info","message":"true","timestamp":"1:30:26 PM"}
{"level":"info","message":"true","timestamp":"1:30:26 PM"}
{"level":"info","message":"true","timestamp":"1:30:26 PM"}
{"level":"info","message":"true","timestamp":"1:30:26 PM"}
{"level":"info","message":"true","timestamp":"1:30:26 PM"}
{"level":"info","message":"true","timestamp":"1:30:26 PM"}
{"level":"info","message":"true","timestamp":"1:30:26 PM"}
{"level":"info","message":"true","timestamp":"1:30:26 PM"}
{"level":"info","message":"true","timestamp":"1:30:54 PM"}
{"level":"info","message":"true","timestamp":"1:30:54 PM"}
{"level":"info","message":"true","timestamp":"1:30:54 PM"}
{"level":"info","message":"true","timestamp":"1:30:54 PM"}
{"level":"info","message":"true","timestamp":"1:30:54 PM"}
{"level":"info","message":"true","timestamp":"1:30:54 PM"}
{"level":"info","message":"true","timestamp":"1:30:54 PM"}
{"level":"info","message":"true","timestamp":"1:30:54 PM"}
{"level":"info","message":"true","timestamp":"1:31:25 PM"}
{"level":"info","message":"true","timestamp":"1:31:25 PM"}
{"level":"info","message":"true","timestamp":"1:31:25 PM"}
{"level":"info","message":"true","timestamp":"1:31:25 PM"}
{"level":"info","message":"true","timestamp":"1:31:25 PM"}
{"level":"info","message":"true","timestamp":"1:31:25 PM"}
{"level":"info","message":"true","timestamp":"1:31:25 PM"}
{"level":"info","message":"true","timestamp":"1:31:25 PM"}
{"level":"info","message":"true","timestamp":"1:31:47 PM"}
{"level":"info","message":"true","timestamp":"1:31:47 PM"}
{"level":"info","message":"true","timestamp":"1:31:47 PM"}
{"level":"info","message":"true","timestamp":"1:31:47 PM"}
{"level":"info","message":"true","timestamp":"1:31:47 PM"}
{"level":"info","message":"true","timestamp":"1:31:47 PM"}
{"level":"info","message":"true","timestamp":"1:31:47 PM"}
{"level":"info","message":"true","timestamp":"1:31:47 PM"}
{"level":"info","message":"true","timestamp":"1:33:30 PM"}
{"level":"info","message":"true","timestamp":"1:33:30 PM"}
{"level":"info","message":"true","timestamp":"1:33:30 PM"}
{"level":"info","message":"true","timestamp":"1:33:30 PM"}
{"level":"info","message":"true","timestamp":"1:33:30 PM"}
{"level":"info","message":"true","timestamp":"1:33:30 PM"}
{"level":"info","message":"true","timestamp":"1:33:30 PM"}
{"level":"info","message":"true","timestamp":"1:33:30 PM"}
{"level":"info","message":"true","timestamp":"1:34:44 PM"}
{"level":"info","message":"true","timestamp":"1:34:44 PM"}
{"level":"info","message":"true","timestamp":"1:34:44 PM"}
{"level":"info","message":"true","timestamp":"1:34:44 PM"}
{"level":"info","message":"true","timestamp":"1:34:44 PM"}
{"level":"info","message":"true","timestamp":"1:34:44 PM"}
{"level":"info","message":"true","timestamp":"1:34:44 PM"}
{"level":"info","message":"true","timestamp":"1:34:44 PM"}
{"level":"info","message":"true","timestamp":"1:35:26 PM"}
{"level":"info","message":"true","timestamp":"1:35:26 PM"}
{"level":"info","message":"true","timestamp":"1:35:26 PM"}
{"level":"info","message":"true","timestamp":"1:35:26 PM"}
{"level":"info","message":"true","timestamp":"1:35:26 PM"}
{"level":"info","message":"true","timestamp":"1:35:26 PM"}
{"level":"info","message":"true","timestamp":"1:35:26 PM"}
{"level":"info","message":"true","timestamp":"1:35:26 PM"}
{"level":"info","message":"$$$$$$$$$$$$$$$$$$$$$$$$","timestamp":"1:54:47 PM"}
{"meta":"","level":"info","message":"","timestamp":"1:54:47 PM"}
{"level":"info","message":"Production Environment is Listening on port 3000","timestamp":"1:54:47 PM"}
{"level":"info","message":"Web URL : http://localhost:3000","timestamp":"1:54:47 PM"}
{"meta":"","level":"info","message":"","timestamp":"1:54:47 PM"}
{"level":"info","message":"$$$$$$$$$$$$$$$$$$$$$$$$","timestamp":"1:54:47 PM"}
{"meta":"","level":"info","message":"","timestamp":"1:54:47 PM"}
{"level":"info","message":"Connected to Database","timestamp":"1:54:47 PM"}
{"level":"info","message":"true","timestamp":"1:55:01 PM"}
{"level":"info","message":"true","timestamp":"1:55:01 PM"}
{"level":"info","message":"true","timestamp":"1:55:01 PM"}
{"level":"info","message":"true","timestamp":"1:55:01 PM"}
{"level":"info","message":"true","timestamp":"1:55:01 PM"}
{"level":"info","message":"true","timestamp":"1:55:01 PM"}
{"level":"info","message":"true","timestamp":"1:55:01 PM"}
{"level":"info","message":"true","timestamp":"1:55:01 PM"}
{"level":"info","message":"true","timestamp":"2:02:16 PM"}
{"level":"info","message":"true","timestamp":"2:02:16 PM"}
{"level":"info","message":"true","timestamp":"2:02:16 PM"}
{"level":"info","message":"true","timestamp":"2:02:16 PM"}
{"level":"info","message":"true","timestamp":"2:02:16 PM"}
{"level":"info","message":"true","timestamp":"2:02:16 PM"}
{"level":"info","message":"true","timestamp":"2:02:16 PM"}
{"level":"info","message":"true","timestamp":"2:02:16 PM"}
{"level":"info","message":"$$$$$$$$$$$$$$$$$$$$$$$$","timestamp":"2:12:35 PM"}
{"meta":"","level":"info","message":"","timestamp":"2:12:35 PM"}
{"level":"info","message":"Production Environment is Listening on port 3000","timestamp":"2:12:35 PM"}
{"level":"info","message":"Web URL : http://localhost:3000","timestamp":"2:12:35 PM"}
{"meta":"","level":"info","message":"","timestamp":"2:12:35 PM"}
{"level":"info","message":"$$$$$$$$$$$$$$$$$$$$$$$$","timestamp":"2:12:35 PM"}
{"meta":"","level":"info","message":"","timestamp":"2:12:35 PM"}
{"level":"info","message":"Connected to Database","timestamp":"2:12:36 PM"}
{"level":"info","message":"true","timestamp":"2:12:43 PM"}
{"level":"info","message":"true","timestamp":"2:12:43 PM"}
{"level":"info","message":"true","timestamp":"2:12:43 PM"}
{"level":"info","message":"true","timestamp":"2:12:43 PM"}
{"level":"info","message":"true","timestamp":"2:12:43 PM"}
{"level":"info","message":"true","timestamp":"2:12:43 PM"}
{"level":"info","message":"true","timestamp":"2:12:43 PM"}
{"level":"info","message":"true","timestamp":"2:12:43 PM"}
{"level":"info","message":"$$$$$$$$$$$$$$$$$$$$$$$$","timestamp":"2:20:54 PM"}
{"meta":"","level":"info","message":"","timestamp":"2:20:54 PM"}
{"level":"info","message":"Production Environment is Listening on port 3000","timestamp":"2:20:54 PM"}
{"level":"info","message":"Web URL : http://localhost:3000","timestamp":"2:20:54 PM"}
{"meta":"","level":"info","message":"","timestamp":"2:20:54 PM"}
{"level":"info","message":"$$$$$$$$$$$$$$$$$$$$$$$$","timestamp":"2:20:54 PM"}
{"meta":"","level":"info","message":"","timestamp":"2:20:54 PM"}
{"level":"info","message":"Connected to Database","timestamp":"2:20:55 PM"}
{"level":"info","message":"$$$$$$$$$$$$$$$$$$$$$$$$","timestamp":"2:26:39 PM"}
{"meta":"","level":"info","message":"","timestamp":"2:26:39 PM"}
{"level":"info","message":"Production Environment is Listening on port 3000","timestamp":"2:26:39 PM"}
{"level":"info","message":"Web URL : http://localhost:3000","timestamp":"2:26:39 PM"}
{"meta":"","level":"info","message":"","timestamp":"2:26:39 PM"}
{"level":"info","message":"$$$$$$$$$$$$$$$$$$$$$$$$","timestamp":"2:26:39 PM"}
{"meta":"","level":"info","message":"","timestamp":"2:26:39 PM"}
{"level":"info","message":"Connected to Database","timestamp":"2:26:40 PM"}
{"level":"info","message":"$$$$$$$$$$$$$$$$$$$$$$$$","timestamp":"2:34:01 PM"}
{"meta":"","level":"info","message":"","timestamp":"2:34:01 PM"}
{"level":"info","message":"Production Environment is Listening on port 3000","timestamp":"2:34:01 PM"}
{"level":"info","message":"Web URL : http://localhost:3000","timestamp":"2:34:01 PM"}
{"meta":"","level":"info","message":"","timestamp":"2:34:01 PM"}
{"level":"info","message":"$$$$$$$$$$$$$$$$$$$$$$$$","timestamp":"2:34:01 PM"}
{"meta":"","level":"info","message":"","timestamp":"2:34:01 PM"}
{"level":"info","message":"Connected to Database","timestamp":"2:34:01 PM"}
{"level":"info","message":"$$$$$$$$$$$$$$$$$$$$$$$$","timestamp":"3:18:28 PM"}
{"meta":"","level":"info","message":"","timestamp":"3:18:28 PM"}
{"level":"info","message":"Production Environment is Listening on port 3000","timestamp":"3:18:28 PM"}
{"level":"info","message":"Web URL : http://localhost:3000","timestamp":"3:18:28 PM"}
{"meta":"","level":"info","message":"","timestamp":"3:18:28 PM"}
{"level":"info","message":"$$$$$$$$$$$$$$$$$$$$$$$$","timestamp":"3:18:28 PM"}
{"meta":"","level":"info","message":"","timestamp":"3:18:28 PM"}
{"level":"info","message":"Connected to Database","timestamp":"3:18:29 PM"}
{"level":"info","message":"$$$$$$$$$$$$$$$$$$$$$$$$","timestamp":"3:21:49 PM"}
{"meta":"","level":"info","message":"","timestamp":"3:21:49 PM"}
{"level":"info","message":"Production Environment is Listening on port 3000","timestamp":"3:21:49 PM"}
{"level":"info","message":"Web URL : http://localhost:3000","timestamp":"3:21:49 PM"}
{"meta":"","level":"info","message":"","timestamp":"3:21:49 PM"}
{"level":"info","message":"$$$$$$$$$$$$$$$$$$$$$$$$","timestamp":"3:21:49 PM"}
{"meta":"","level":"info","message":"","timestamp":"3:21:49 PM"}
{"level":"info","message":"Connected to Database","timestamp":"3:21:50 PM"}
{"level":"info","message":"$$$$$$$$$$$$$$$$$$$$$$$$","timestamp":"5:36:03 PM"}
{"meta":"","level":"info","message":"","timestamp":"5:36:03 PM"}
{"level":"info","message":"Production Environment is Listening on port 3000","timestamp":"5:36:03 PM"}
{"level":"info","message":"Web URL : http://localhost:3000","timestamp":"5:36:03 PM"}
{"meta":"","level":"info","message":"","timestamp":"5:36:03 PM"}
{"level":"info","message":"$$$$$$$$$$$$$$$$$$$$$$$$","timestamp":"5:36:03 PM"}
{"meta":"","level":"info","message":"","timestamp":"5:36:03 PM"}
{"level":"info","message":"Connected to Database","timestamp":"5:36:03 PM"}
{"level":"info","message":"$$$$$$$$$$$$$$$$$$$$$$$$","timestamp":"5:38:37 PM"}
{"meta":"","level":"info","message":"","timestamp":"5:38:37 PM"}
{"level":"info","message":"Production Environment is Listening on port 3000","timestamp":"5:38:37 PM"}
{"level":"info","message":"Web URL : http://localhost:3000","timestamp":"5:38:37 PM"}
{"meta":"","level":"info","message":"","timestamp":"5:38:37 PM"}
{"level":"info","message":"$$$$$$$$$$$$$$$$$$$$$$$$","timestamp":"5:38:37 PM"}
{"meta":"","level":"info","message":"","timestamp":"5:38:37 PM"}
{"level":"info","message":"Connected to Database","timestamp":"5:38:38 PM"}
