{"level":"info","message":"Waiting api_log_summary","timestamp":"8:45:38 AM"}
{"level":"info","message":"Client_Details { Platform: 'Website',\n  Role: 'LMClient',\n  Integration_Type: 'NonPOSP',\n  Premium_Source: 'Real',\n  __v: 0,\n  Response_Type: 'QUOTE',\n  Client_Name: 'PolicyBoss',\n  Client_Unique_Id: 'CLIENT-CNTP6NYE-CU9N-DUZW-CSPI-SH1IS4DOVHB9',\n  Secret_Key: 'SECRET-HZ07QRWY-JIBT-XRMQ-ZP95-J0RWP3DYRACW',\n  Created_On: '2017-05-17T12:55:14.111Z',\n  Is_Active: true,\n  Modified_On: '2017-05-17T12:55:14.111Z',\n  Client_Id: 2,\n  _id: '591c48321cc1042aec9ee6c9' }","timestamp":"8:45:38 AM"}
{"level":"info","message":"Finish api_log_summary","timestamp":"8:45:38 AM"}
{"level":"info","message":"Success","timestamp":"8:45:39 AM"}
{"level":"info","message":"Start save_user_data","timestamp":"8:45:40 AM"}
{"level":"info","message":"Waiting api_log_summary","timestamp":"8:45:40 AM"}
{"level":"info","message":"Client_Details { Platform: 'Website',\n  Role: 'LMClient',\n  Integration_Type: 'NonPOSP',\n  Premium_Source: 'Real',\n  __v: 0,\n  Response_Type: 'QUOTE',\n  Client_Name: 'PolicyBoss',\n  Client_Unique_Id: 'CLIENT-CNTP6NYE-CU9N-DUZW-CSPI-SH1IS4DOVHB9',\n  Secret_Key: 'SECRET-HZ07QRWY-JIBT-XRMQ-ZP95-J0RWP3DYRACW',\n  Created_On: '2017-05-17T12:55:14.111Z',\n  Is_Active: true,\n  Modified_On: '2017-05-17T12:55:14.111Z',\n  Client_Id: 2,\n  _id: '591c48321cc1042aec9ee6c9' }","timestamp":"8:45:40 AM"}
{"level":"info","message":"Finish api_log_summary","timestamp":"8:45:40 AM"}
{"level":"info","message":"UserDataUpdated null { n: 1, nModified: 1, ok: 1 }","timestamp":"8:45:40 AM"}
{"level":"info","message":"emailupdate null { n: 1, nModified: 1, ok: 1 }","timestamp":"8:45:45 AM"}
{"level":"info","message":"$$$$$$$$$$$$$$$$$$$$$$$$","timestamp":"11:52:07 AM"}
{"meta":"","level":"info","message":"","timestamp":"11:52:07 AM"}
{"level":"info","message":"Production Environment is Listening on port 3000","timestamp":"11:52:07 AM"}
{"level":"info","message":"Web URL : http://localhost:3000","timestamp":"11:52:07 AM"}
{"meta":"","level":"info","message":"","timestamp":"11:52:07 AM"}
{"level":"info","message":"$$$$$$$$$$$$$$$$$$$$$$$$","timestamp":"11:52:07 AM"}
{"meta":"","level":"info","message":"","timestamp":"11:52:07 AM"}
{"level":"info","message":"Success","timestamp":"12:32:59 PM"}
{"level":"info","message":"$$$$$$$$$$$$$$$$$$$$$$$$","timestamp":"2:59:49 PM"}
{"meta":"","level":"info","message":"","timestamp":"2:59:49 PM"}
{"level":"info","message":"Production Environment is Listening on port 3000","timestamp":"2:59:49 PM"}
{"level":"info","message":"Web URL : http://localhost:3000","timestamp":"2:59:49 PM"}
{"meta":"","level":"info","message":"","timestamp":"2:59:49 PM"}
{"level":"info","message":"$$$$$$$$$$$$$$$$$$$$$$$$","timestamp":"2:59:49 PM"}
{"meta":"","level":"info","message":"","timestamp":"2:59:49 PM"}
{"level":"info","message":"$$$$$$$$$$$$$$$$$$$$$$$$","timestamp":"3:00:03 PM"}
{"meta":"","level":"info","message":"","timestamp":"3:00:03 PM"}
{"level":"info","message":"Production Environment is Listening on port 3000","timestamp":"3:00:03 PM"}
{"level":"info","message":"Web URL : http://localhost:3000","timestamp":"3:00:03 PM"}
{"meta":"","level":"info","message":"","timestamp":"3:00:03 PM"}
{"level":"info","message":"$$$$$$$$$$$$$$$$$$$$$$$$","timestamp":"3:00:03 PM"}
{"meta":"","level":"info","message":"","timestamp":"3:00:03 PM"}
{"level":"info","message":"$$$$$$$$$$$$$$$$$$$$$$$$","timestamp":"3:47:17 PM"}
{"meta":"","level":"info","message":"","timestamp":"3:47:17 PM"}
{"level":"info","message":"Production Environment is Listening on port 3000","timestamp":"3:47:17 PM"}
{"level":"info","message":"Web URL : http://localhost:3000","timestamp":"3:47:17 PM"}
{"meta":"","level":"info","message":"","timestamp":"3:47:17 PM"}
{"level":"info","message":"$$$$$$$$$$$$$$$$$$$$$$$$","timestamp":"3:47:17 PM"}
{"meta":"","level":"info","message":"","timestamp":"3:47:17 PM"}
{"level":"info","message":"$$$$$$$$$$$$$$$$$$$$$$$$","timestamp":"4:30:28 PM"}
{"meta":"","level":"info","message":"","timestamp":"4:30:28 PM"}
{"level":"info","message":"Production Environment is Listening on port 3000","timestamp":"4:30:28 PM"}
{"level":"info","message":"Web URL : http://localhost:3000","timestamp":"4:30:28 PM"}
{"meta":"","level":"info","message":"","timestamp":"4:30:28 PM"}
{"level":"info","message":"$$$$$$$$$$$$$$$$$$$$$$$$","timestamp":"4:30:28 PM"}
{"meta":"","level":"info","message":"","timestamp":"4:30:28 PM"}
{"level":"info","message":"$$$$$$$$$$$$$$$$$$$$$$$$","timestamp":"4:32:40 PM"}
{"meta":"","level":"info","message":"","timestamp":"4:32:40 PM"}
{"level":"info","message":"Production Environment is Listening on port 3000","timestamp":"4:32:40 PM"}
{"level":"info","message":"Web URL : http://localhost:3000","timestamp":"4:32:40 PM"}
{"meta":"","level":"info","message":"","timestamp":"4:32:40 PM"}
{"level":"info","message":"$$$$$$$$$$$$$$$$$$$$$$$$","timestamp":"4:32:40 PM"}
{"meta":"","level":"info","message":"","timestamp":"4:32:40 PM"}
{"level":"info","message":"$$$$$$$$$$$$$$$$$$$$$$$$","timestamp":"4:34:17 PM"}
{"meta":"","level":"info","message":"","timestamp":"4:34:17 PM"}
{"level":"info","message":"Production Environment is Listening on port 3000","timestamp":"4:34:17 PM"}
{"level":"info","message":"Web URL : http://localhost:3000","timestamp":"4:34:17 PM"}
{"meta":"","level":"info","message":"","timestamp":"4:34:17 PM"}
{"level":"info","message":"$$$$$$$$$$$$$$$$$$$$$$$$","timestamp":"4:34:17 PM"}
{"meta":"","level":"info","message":"","timestamp":"4:34:17 PM"}
