{"level":"info","message":"$$$$$$$$$$$$$$$$$$$$$$$$","timestamp":"9:40:49 AM"}
{"meta":"","level":"info","message":"","timestamp":"9:40:49 AM"}
{"level":"info","message":"Production Environment is Listening on port 3000","timestamp":"9:40:49 AM"}
{"level":"info","message":"Web URL : http://localhost:3000","timestamp":"9:40:49 AM"}
{"meta":"","level":"info","message":"","timestamp":"9:40:49 AM"}
{"level":"info","message":"$$$$$$$$$$$$$$$$$$$$$$$$","timestamp":"9:40:49 AM"}
{"meta":"","level":"info","message":"","timestamp":"9:40:49 AM"}
{"level":"info","message":"$$$$$$$$$$$$$$$$$$$$$$$$","timestamp":"9:47:38 AM"}
{"meta":"","level":"info","message":"","timestamp":"9:47:38 AM"}
{"level":"info","message":"Production Environment is Listening on port 3000","timestamp":"9:47:38 AM"}
{"level":"info","message":"Web URL : http://localhost:3000","timestamp":"9:47:38 AM"}
{"meta":"","level":"info","message":"","timestamp":"9:47:38 AM"}
{"level":"info","message":"$$$$$$$$$$$$$$$$$$$$$$$$","timestamp":"9:47:38 AM"}
{"meta":"","level":"info","message":"","timestamp":"9:47:38 AM"}
{"level":"info","message":"$$$$$$$$$$$$$$$$$$$$$$$$","timestamp":"9:53:25 AM"}
{"meta":"","level":"info","message":"","timestamp":"9:53:25 AM"}
{"level":"info","message":"Production Environment is Listening on port 3000","timestamp":"9:53:25 AM"}
{"level":"info","message":"Web URL : http://localhost:3000","timestamp":"9:53:25 AM"}
{"meta":"","level":"info","message":"","timestamp":"9:53:25 AM"}
{"level":"info","message":"$$$$$$$$$$$$$$$$$$$$$$$$","timestamp":"9:53:25 AM"}
{"meta":"","level":"info","message":"","timestamp":"9:53:25 AM"}
{"level":"info","message":"$$$$$$$$$$$$$$$$$$$$$$$$","timestamp":"9:54:29 AM"}
{"meta":"","level":"info","message":"","timestamp":"9:54:29 AM"}
{"level":"info","message":"Production Environment is Listening on port 3000","timestamp":"9:54:29 AM"}
{"level":"info","message":"Web URL : http://localhost:3000","timestamp":"9:54:29 AM"}
{"meta":"","level":"info","message":"","timestamp":"9:54:29 AM"}
{"level":"info","message":"$$$$$$$$$$$$$$$$$$$$$$$$","timestamp":"9:54:29 AM"}
{"meta":"","level":"info","message":"","timestamp":"9:54:29 AM"}
{"level":"info","message":"$$$$$$$$$$$$$$$$$$$$$$$$","timestamp":"10:00:41 AM"}
{"meta":"","level":"info","message":"","timestamp":"10:00:41 AM"}
{"level":"info","message":"Production Environment is Listening on port 3000","timestamp":"10:00:41 AM"}
{"level":"info","message":"Web URL : http://localhost:3000","timestamp":"10:00:41 AM"}
{"meta":"","level":"info","message":"","timestamp":"10:00:41 AM"}
{"level":"info","message":"$$$$$$$$$$$$$$$$$$$$$$$$","timestamp":"10:00:41 AM"}
{"meta":"","level":"info","message":"","timestamp":"10:00:41 AM"}
{"level":"info","message":"$$$$$$$$$$$$$$$$$$$$$$$$","timestamp":"10:05:59 AM"}
{"meta":"","level":"info","message":"","timestamp":"10:05:59 AM"}
{"level":"info","message":"Production Environment is Listening on port 3000","timestamp":"10:05:59 AM"}
{"level":"info","message":"Web URL : http://localhost:3000","timestamp":"10:05:59 AM"}
{"meta":"","level":"info","message":"","timestamp":"10:05:59 AM"}
{"level":"info","message":"$$$$$$$$$$$$$$$$$$$$$$$$","timestamp":"10:05:59 AM"}
{"meta":"","level":"info","message":"","timestamp":"10:05:59 AM"}
{"level":"info","message":"$$$$$$$$$$$$$$$$$$$$$$$$","timestamp":"10:13:27 AM"}
{"meta":"","level":"info","message":"","timestamp":"10:13:27 AM"}
{"level":"info","message":"Production Environment is Listening on port 3000","timestamp":"10:13:27 AM"}
{"level":"info","message":"Web URL : http://localhost:3000","timestamp":"10:13:27 AM"}
{"meta":"","level":"info","message":"","timestamp":"10:13:27 AM"}
{"level":"info","message":"$$$$$$$$$$$$$$$$$$$$$$$$","timestamp":"10:13:27 AM"}
{"meta":"","level":"info","message":"","timestamp":"10:13:27 AM"}
{"level":"info","message":"$$$$$$$$$$$$$$$$$$$$$$$$","timestamp":"10:18:32 AM"}
{"meta":"","level":"info","message":"","timestamp":"10:18:32 AM"}
{"level":"info","message":"Production Environment is Listening on port 3000","timestamp":"10:18:32 AM"}
{"level":"info","message":"Web URL : http://localhost:3000","timestamp":"10:18:32 AM"}
{"meta":"","level":"info","message":"","timestamp":"10:18:32 AM"}
{"level":"info","message":"$$$$$$$$$$$$$$$$$$$$$$$$","timestamp":"10:18:32 AM"}
{"meta":"","level":"info","message":"","timestamp":"10:18:32 AM"}
{"level":"info","message":"$$$$$$$$$$$$$$$$$$$$$$$$","timestamp":"10:21:48 AM"}
{"meta":"","level":"info","message":"","timestamp":"10:21:48 AM"}
{"level":"info","message":"Production Environment is Listening on port 3000","timestamp":"10:21:48 AM"}
{"level":"info","message":"Web URL : http://localhost:3000","timestamp":"10:21:48 AM"}
{"meta":"","level":"info","message":"","timestamp":"10:21:48 AM"}
{"level":"info","message":"$$$$$$$$$$$$$$$$$$$$$$$$","timestamp":"10:21:48 AM"}
{"meta":"","level":"info","message":"","timestamp":"10:21:48 AM"}
{"level":"info","message":"$$$$$$$$$$$$$$$$$$$$$$$$","timestamp":"10:33:31 AM"}
{"meta":"","level":"info","message":"","timestamp":"10:33:31 AM"}
{"level":"info","message":"Production Environment is Listening on port 3000","timestamp":"10:33:31 AM"}
{"level":"info","message":"Web URL : http://localhost:3000","timestamp":"10:33:31 AM"}
{"meta":"","level":"info","message":"","timestamp":"10:33:31 AM"}
{"level":"info","message":"$$$$$$$$$$$$$$$$$$$$$$$$","timestamp":"10:33:31 AM"}
{"meta":"","level":"info","message":"","timestamp":"10:33:31 AM"}
{"level":"info","message":"$$$$$$$$$$$$$$$$$$$$$$$$","timestamp":"10:34:56 AM"}
{"meta":"","level":"info","message":"","timestamp":"10:34:56 AM"}
{"level":"info","message":"Production Environment is Listening on port 3000","timestamp":"10:34:56 AM"}
{"level":"info","message":"Web URL : http://localhost:3000","timestamp":"10:34:56 AM"}
{"meta":"","level":"info","message":"","timestamp":"10:34:56 AM"}
{"level":"info","message":"$$$$$$$$$$$$$$$$$$$$$$$$","timestamp":"10:34:56 AM"}
{"meta":"","level":"info","message":"","timestamp":"10:34:56 AM"}
{"level":"info","message":"$$$$$$$$$$$$$$$$$$$$$$$$","timestamp":"10:35:58 AM"}
{"meta":"","level":"info","message":"","timestamp":"10:35:58 AM"}
{"level":"info","message":"Production Environment is Listening on port 3000","timestamp":"10:35:58 AM"}
{"level":"info","message":"Web URL : http://localhost:3000","timestamp":"10:35:58 AM"}
{"meta":"","level":"info","message":"","timestamp":"10:35:58 AM"}
{"level":"info","message":"$$$$$$$$$$$$$$$$$$$$$$$$","timestamp":"10:35:58 AM"}
{"meta":"","level":"info","message":"","timestamp":"10:35:58 AM"}
{"level":"info","message":"$$$$$$$$$$$$$$$$$$$$$$$$","timestamp":"10:38:09 AM"}
{"meta":"","level":"info","message":"","timestamp":"10:38:09 AM"}
{"level":"info","message":"Production Environment is Listening on port 3000","timestamp":"10:38:09 AM"}
{"level":"info","message":"Web URL : http://localhost:3000","timestamp":"10:38:09 AM"}
{"meta":"","level":"info","message":"","timestamp":"10:38:09 AM"}
{"level":"info","message":"$$$$$$$$$$$$$$$$$$$$$$$$","timestamp":"10:38:09 AM"}
{"meta":"","level":"info","message":"","timestamp":"10:38:09 AM"}
{"level":"info","message":"$$$$$$$$$$$$$$$$$$$$$$$$","timestamp":"10:42:37 AM"}
{"meta":"","level":"info","message":"","timestamp":"10:42:37 AM"}
{"level":"info","message":"Production Environment is Listening on port 3000","timestamp":"10:42:37 AM"}
{"level":"info","message":"Web URL : http://localhost:3000","timestamp":"10:42:37 AM"}
{"meta":"","level":"info","message":"","timestamp":"10:42:37 AM"}
{"level":"info","message":"$$$$$$$$$$$$$$$$$$$$$$$$","timestamp":"10:42:37 AM"}
{"meta":"","level":"info","message":"","timestamp":"10:42:37 AM"}
{"level":"info","message":"$$$$$$$$$$$$$$$$$$$$$$$$","timestamp":"10:44:55 AM"}
{"meta":"","level":"info","message":"","timestamp":"10:44:55 AM"}
{"level":"info","message":"Production Environment is Listening on port 3000","timestamp":"10:44:55 AM"}
{"level":"info","message":"Web URL : http://localhost:3000","timestamp":"10:44:55 AM"}
{"meta":"","level":"info","message":"","timestamp":"10:44:55 AM"}
{"level":"info","message":"$$$$$$$$$$$$$$$$$$$$$$$$","timestamp":"10:44:55 AM"}
{"meta":"","level":"info","message":"","timestamp":"10:44:55 AM"}
{"level":"info","message":"$$$$$$$$$$$$$$$$$$$$$$$$","timestamp":"10:46:22 AM"}
{"meta":"","level":"info","message":"","timestamp":"10:46:22 AM"}
{"level":"info","message":"Production Environment is Listening on port 3000","timestamp":"10:46:22 AM"}
{"level":"info","message":"Web URL : http://localhost:3000","timestamp":"10:46:22 AM"}
{"meta":"","level":"info","message":"","timestamp":"10:46:22 AM"}
{"level":"info","message":"$$$$$$$$$$$$$$$$$$$$$$$$","timestamp":"10:46:22 AM"}
{"meta":"","level":"info","message":"","timestamp":"10:46:22 AM"}
{"level":"info","message":"$$$$$$$$$$$$$$$$$$$$$$$$","timestamp":"10:50:42 AM"}
{"meta":"","level":"info","message":"","timestamp":"10:50:42 AM"}
{"level":"info","message":"Production Environment is Listening on port 3000","timestamp":"10:50:42 AM"}
{"level":"info","message":"Web URL : http://localhost:3000","timestamp":"10:50:42 AM"}
{"meta":"","level":"info","message":"","timestamp":"10:50:42 AM"}
{"level":"info","message":"$$$$$$$$$$$$$$$$$$$$$$$$","timestamp":"10:50:42 AM"}
{"meta":"","level":"info","message":"","timestamp":"10:50:42 AM"}
{"level":"info","message":"$$$$$$$$$$$$$$$$$$$$$$$$","timestamp":"11:15:53 AM"}
{"meta":"","level":"info","message":"","timestamp":"11:15:53 AM"}
{"level":"info","message":"Production Environment is Listening on port 3000","timestamp":"11:15:53 AM"}
{"level":"info","message":"Web URL : http://localhost:3000","timestamp":"11:15:53 AM"}
{"meta":"","level":"info","message":"","timestamp":"11:15:53 AM"}
{"level":"info","message":"$$$$$$$$$$$$$$$$$$$$$$$$","timestamp":"11:15:53 AM"}
{"meta":"","level":"info","message":"","timestamp":"11:15:53 AM"}
{"level":"info","message":"$$$$$$$$$$$$$$$$$$$$$$$$","timestamp":"11:16:50 AM"}
{"meta":"","level":"info","message":"","timestamp":"11:16:50 AM"}
{"level":"info","message":"Production Environment is Listening on port 3000","timestamp":"11:16:50 AM"}
{"level":"info","message":"Web URL : http://localhost:3000","timestamp":"11:16:50 AM"}
{"meta":"","level":"info","message":"","timestamp":"11:16:50 AM"}
{"level":"info","message":"$$$$$$$$$$$$$$$$$$$$$$$$","timestamp":"11:16:50 AM"}
{"meta":"","level":"info","message":"","timestamp":"11:16:50 AM"}
{"level":"info","message":"$$$$$$$$$$$$$$$$$$$$$$$$","timestamp":"11:18:18 AM"}
{"meta":"","level":"info","message":"","timestamp":"11:18:18 AM"}
{"level":"info","message":"Production Environment is Listening on port 3000","timestamp":"11:18:18 AM"}
{"level":"info","message":"Web URL : http://localhost:3000","timestamp":"11:18:18 AM"}
{"meta":"","level":"info","message":"","timestamp":"11:18:18 AM"}
{"level":"info","message":"$$$$$$$$$$$$$$$$$$$$$$$$","timestamp":"11:18:18 AM"}
{"meta":"","level":"info","message":"","timestamp":"11:18:18 AM"}
{"level":"info","message":"$$$$$$$$$$$$$$$$$$$$$$$$","timestamp":"11:20:08 AM"}
{"meta":"","level":"info","message":"","timestamp":"11:20:08 AM"}
{"level":"info","message":"Production Environment is Listening on port 3000","timestamp":"11:20:08 AM"}
{"level":"info","message":"Web URL : http://localhost:3000","timestamp":"11:20:08 AM"}
{"meta":"","level":"info","message":"","timestamp":"11:20:08 AM"}
{"level":"info","message":"$$$$$$$$$$$$$$$$$$$$$$$$","timestamp":"11:20:08 AM"}
{"meta":"","level":"info","message":"","timestamp":"11:20:08 AM"}
{"level":"info","message":"$$$$$$$$$$$$$$$$$$$$$$$$","timestamp":"11:23:06 AM"}
{"meta":"","level":"info","message":"","timestamp":"11:23:06 AM"}
{"level":"info","message":"Production Environment is Listening on port 3000","timestamp":"11:23:06 AM"}
{"level":"info","message":"Web URL : http://localhost:3000","timestamp":"11:23:06 AM"}
{"meta":"","level":"info","message":"","timestamp":"11:23:06 AM"}
{"level":"info","message":"$$$$$$$$$$$$$$$$$$$$$$$$","timestamp":"11:23:06 AM"}
{"meta":"","level":"info","message":"","timestamp":"11:23:06 AM"}
{"level":"info","message":"$$$$$$$$$$$$$$$$$$$$$$$$","timestamp":"11:31:46 AM"}
{"meta":"","level":"info","message":"","timestamp":"11:31:46 AM"}
{"level":"info","message":"Production Environment is Listening on port 3000","timestamp":"11:31:46 AM"}
{"level":"info","message":"Web URL : http://localhost:3000","timestamp":"11:31:46 AM"}
{"meta":"","level":"info","message":"","timestamp":"11:31:46 AM"}
{"level":"info","message":"$$$$$$$$$$$$$$$$$$$$$$$$","timestamp":"11:31:46 AM"}
{"meta":"","level":"info","message":"","timestamp":"11:31:46 AM"}
{"level":"info","message":"DateRange from 2024-04-04T18:30:00.000Z to 2024-04-05T18:30:00.000Z","timestamp":"11:46:24 AM"}
{"level":"info","message":"DateRange from 2024-04-04T18:30:00.000Z to 2024-04-05T18:30:00.000Z","timestamp":"11:51:11 AM"}
{"level":"info","message":"DateRange from 2024-04-04T18:30:00.000Z to 2024-04-05T18:30:00.000Z","timestamp":"11:55:20 AM"}
{"level":"info","message":"DateRange from 2024-04-04T18:30:00.000Z to 2024-04-05T18:30:00.000Z","timestamp":"11:56:24 AM"}
{"level":"info","message":"DateRange from 2024-04-04T18:30:00.000Z to 2024-04-05T18:30:00.000Z","timestamp":"11:57:21 AM"}
{"level":"info","message":"DateRange from 2024-04-04T18:30:00.000Z to 2024-04-05T18:30:00.000Z","timestamp":"11:57:44 AM"}
{"level":"info","message":"DateRange from 2024-04-04T18:30:00.000Z to 2024-04-05T18:30:00.000Z","timestamp":"11:58:17 AM"}
{"level":"info","message":"DateRange from 2024-04-04T18:30:00.000Z to 2024-04-05T18:30:00.000Z","timestamp":"12:03:01 PM"}
{"level":"info","message":"DateRange from 2024-04-04T18:30:00.000Z to 2024-04-05T18:30:00.000Z","timestamp":"12:06:17 PM"}
{"level":"info","message":"DateRange from 2024-04-04T18:30:00.000Z to 2024-04-05T18:30:00.000Z","timestamp":"12:22:37 PM"}
{"level":"info","message":"DateRange from 2024-04-04T18:30:00.000Z to 2024-04-05T18:30:00.000Z","timestamp":"12:25:17 PM"}
{"level":"info","message":"DateRange from 2024-04-04T18:30:00.000Z to 2024-04-05T18:30:00.000Z","timestamp":"12:25:18 PM"}
{"level":"info","message":"DateRange from 2024-04-04T18:30:00.000Z to 2024-04-05T18:30:00.000Z","timestamp":"12:26:50 PM"}
{"level":"info","message":"DateRange from 2024-04-04T18:30:00.000Z to 2024-04-05T18:30:00.000Z","timestamp":"12:27:12 PM"}
{"level":"info","message":"DateRange from 2024-04-04T18:30:00.000Z to 2024-04-05T18:30:00.000Z","timestamp":"12:27:43 PM"}
{"level":"info","message":"DateRange from 2024-04-04T18:30:00.000Z to 2024-04-05T18:30:00.000Z","timestamp":"12:28:24 PM"}
{"level":"info","message":"DateRange from 2024-04-04T18:30:00.000Z to 2024-04-05T18:30:00.000Z","timestamp":"12:31:41 PM"}
{"level":"info","message":"DateRange from 2024-04-04T18:30:00.000Z to 2024-04-05T18:30:00.000Z","timestamp":"12:32:52 PM"}
{"level":"info","message":"DateRange from 2024-04-04T18:30:00.000Z to 2024-04-05T18:30:00.000Z","timestamp":"12:33:50 PM"}
{"level":"info","message":"DateRange from 2024-04-04T18:30:00.000Z to 2024-04-05T18:30:00.000Z","timestamp":"1:21:45 PM"}
{"level":"info","message":"DateRange from 2024-04-04T18:30:00.000Z to 2024-04-05T18:30:00.000Z","timestamp":"1:22:07 PM"}
{"level":"info","message":"DateRange from 2024-04-04T18:30:00.000Z to 2024-04-05T18:30:00.000Z","timestamp":"1:26:12 PM"}
{"level":"info","message":"DateRange from 2024-04-04T18:30:00.000Z to 2024-04-05T18:30:00.000Z","timestamp":"1:27:58 PM"}
{"level":"info","message":"DateRange from 2024-04-04T18:30:00.000Z to 2024-04-05T18:30:00.000Z","timestamp":"1:29:01 PM"}
{"level":"info","message":"DateRange from 2024-04-04T18:30:00.000Z to 2024-04-05T18:30:00.000Z","timestamp":"1:35:10 PM"}
{"level":"info","message":"DateRange from 2024-04-04T18:30:00.000Z to 2024-04-05T18:30:00.000Z","timestamp":"1:36:50 PM"}
{"level":"info","message":"$$$$$$$$$$$$$$$$$$$$$$$$","timestamp":"1:38:50 PM"}
{"meta":"","level":"info","message":"","timestamp":"1:38:50 PM"}
{"level":"info","message":"Production Environment is Listening on port 3000","timestamp":"1:38:50 PM"}
{"level":"info","message":"Web URL : http://localhost:3000","timestamp":"1:38:50 PM"}
{"meta":"","level":"info","message":"","timestamp":"1:38:50 PM"}
{"level":"info","message":"$$$$$$$$$$$$$$$$$$$$$$$$","timestamp":"1:38:50 PM"}
{"meta":"","level":"info","message":"","timestamp":"1:38:50 PM"}
{"level":"info","message":"DateRange from 2024-04-04T18:30:00.000Z to 2024-04-05T18:30:00.000Z","timestamp":"1:38:56 PM"}
{"level":"info","message":"$$$$$$$$$$$$$$$$$$$$$$$$","timestamp":"3:32:52 PM"}
{"meta":"","level":"info","message":"","timestamp":"3:32:52 PM"}
{"level":"info","message":"Production Environment is Listening on port 3000","timestamp":"3:32:52 PM"}
{"level":"info","message":"Web URL : http://localhost:3000","timestamp":"3:32:52 PM"}
{"meta":"","level":"info","message":"","timestamp":"3:32:52 PM"}
{"level":"info","message":"$$$$$$$$$$$$$$$$$$$$$$$$","timestamp":"3:32:52 PM"}
{"meta":"","level":"info","message":"","timestamp":"3:32:52 PM"}
{"level":"info","message":"$$$$$$$$$$$$$$$$$$$$$$$$","timestamp":"3:42:38 PM"}
{"meta":"","level":"info","message":"","timestamp":"3:42:38 PM"}
{"level":"info","message":"Production Environment is Listening on port 3000","timestamp":"3:42:38 PM"}
{"level":"info","message":"Web URL : http://localhost:3000","timestamp":"3:42:38 PM"}
{"meta":"","level":"info","message":"","timestamp":"3:42:38 PM"}
{"level":"info","message":"$$$$$$$$$$$$$$$$$$$$$$$$","timestamp":"3:42:38 PM"}
{"meta":"","level":"info","message":"","timestamp":"3:42:38 PM"}
{"level":"info","message":"$$$$$$$$$$$$$$$$$$$$$$$$","timestamp":"3:43:33 PM"}
{"meta":"","level":"info","message":"","timestamp":"3:43:33 PM"}
{"level":"info","message":"Production Environment is Listening on port 3000","timestamp":"3:43:33 PM"}
{"level":"info","message":"Web URL : http://localhost:3000","timestamp":"3:43:33 PM"}
{"meta":"","level":"info","message":"","timestamp":"3:43:33 PM"}
{"level":"info","message":"$$$$$$$$$$$$$$$$$$$$$$$$","timestamp":"3:43:33 PM"}
{"meta":"","level":"info","message":"","timestamp":"3:43:33 PM"}
{"level":"info","message":"$$$$$$$$$$$$$$$$$$$$$$$$","timestamp":"3:45:32 PM"}
{"meta":"","level":"info","message":"","timestamp":"3:45:32 PM"}
{"level":"info","message":"Production Environment is Listening on port 3000","timestamp":"3:45:32 PM"}
{"level":"info","message":"Web URL : http://localhost:3000","timestamp":"3:45:32 PM"}
{"meta":"","level":"info","message":"","timestamp":"3:45:32 PM"}
{"level":"info","message":"$$$$$$$$$$$$$$$$$$$$$$$$","timestamp":"3:45:32 PM"}
{"meta":"","level":"info","message":"","timestamp":"3:45:32 PM"}
{"level":"info","message":"$$$$$$$$$$$$$$$$$$$$$$$$","timestamp":"3:48:20 PM"}
{"meta":"","level":"info","message":"","timestamp":"3:48:20 PM"}
{"level":"info","message":"Production Environment is Listening on port 3000","timestamp":"3:48:20 PM"}
{"level":"info","message":"Web URL : http://localhost:3000","timestamp":"3:48:20 PM"}
{"meta":"","level":"info","message":"","timestamp":"3:48:20 PM"}
{"level":"info","message":"$$$$$$$$$$$$$$$$$$$$$$$$","timestamp":"3:48:20 PM"}
{"meta":"","level":"info","message":"","timestamp":"3:48:20 PM"}
{"level":"info","message":"{ ss_id: 123456 }","timestamp":"3:48:26 PM"}
{"level":"info","message":"$$$$$$$$$$$$$$$$$$$$$$$$","timestamp":"3:52:13 PM"}
{"meta":"","level":"info","message":"","timestamp":"3:52:13 PM"}
{"level":"info","message":"Production Environment is Listening on port 3000","timestamp":"3:52:13 PM"}
{"level":"info","message":"Web URL : http://localhost:3000","timestamp":"3:52:13 PM"}
{"meta":"","level":"info","message":"","timestamp":"3:52:13 PM"}
{"level":"info","message":"$$$$$$$$$$$$$$$$$$$$$$$$","timestamp":"3:52:13 PM"}
{"meta":"","level":"info","message":"","timestamp":"3:52:13 PM"}
{"level":"info","message":"$$$$$$$$$$$$$$$$$$$$$$$$","timestamp":"3:53:34 PM"}
{"meta":"","level":"info","message":"","timestamp":"3:53:34 PM"}
{"level":"info","message":"Production Environment is Listening on port 3000","timestamp":"3:53:34 PM"}
{"level":"info","message":"Web URL : http://localhost:3000","timestamp":"3:53:34 PM"}
{"meta":"","level":"info","message":"","timestamp":"3:53:34 PM"}
{"level":"info","message":"$$$$$$$$$$$$$$$$$$$$$$$$","timestamp":"3:53:34 PM"}
{"meta":"","level":"info","message":"","timestamp":"3:53:34 PM"}
{"level":"info","message":"$$$$$$$$$$$$$$$$$$$$$$$$","timestamp":"3:54:33 PM"}
{"meta":"","level":"info","message":"","timestamp":"3:54:33 PM"}
{"level":"info","message":"Production Environment is Listening on port 3000","timestamp":"3:54:33 PM"}
{"level":"info","message":"Web URL : http://localhost:3000","timestamp":"3:54:33 PM"}
{"meta":"","level":"info","message":"","timestamp":"3:54:33 PM"}
{"level":"info","message":"$$$$$$$$$$$$$$$$$$$$$$$$","timestamp":"3:54:33 PM"}
{"meta":"","level":"info","message":"","timestamp":"3:54:33 PM"}
{"level":"info","message":"$$$$$$$$$$$$$$$$$$$$$$$$","timestamp":"3:55:15 PM"}
{"meta":"","level":"info","message":"","timestamp":"3:55:15 PM"}
{"level":"info","message":"Production Environment is Listening on port 3000","timestamp":"3:55:15 PM"}
{"level":"info","message":"Web URL : http://localhost:3000","timestamp":"3:55:15 PM"}
{"meta":"","level":"info","message":"","timestamp":"3:55:15 PM"}
{"level":"info","message":"$$$$$$$$$$$$$$$$$$$$$$$$","timestamp":"3:55:15 PM"}
{"meta":"","level":"info","message":"","timestamp":"3:55:15 PM"}
{"level":"info","message":"$$$$$$$$$$$$$$$$$$$$$$$$","timestamp":"3:56:25 PM"}
{"meta":"","level":"info","message":"","timestamp":"3:56:25 PM"}
{"level":"info","message":"Production Environment is Listening on port 3000","timestamp":"3:56:25 PM"}
{"level":"info","message":"Web URL : http://localhost:3000","timestamp":"3:56:25 PM"}
{"meta":"","level":"info","message":"","timestamp":"3:56:25 PM"}
{"level":"info","message":"$$$$$$$$$$$$$$$$$$$$$$$$","timestamp":"3:56:25 PM"}
{"meta":"","level":"info","message":"","timestamp":"3:56:25 PM"}
{"level":"info","message":"$$$$$$$$$$$$$$$$$$$$$$$$","timestamp":"3:57:20 PM"}
{"meta":"","level":"info","message":"","timestamp":"3:57:20 PM"}
{"level":"info","message":"Production Environment is Listening on port 3000","timestamp":"3:57:20 PM"}
{"level":"info","message":"Web URL : http://localhost:3000","timestamp":"3:57:20 PM"}
{"meta":"","level":"info","message":"","timestamp":"3:57:20 PM"}
{"level":"info","message":"$$$$$$$$$$$$$$$$$$$$$$$$","timestamp":"3:57:20 PM"}
{"meta":"","level":"info","message":"","timestamp":"3:57:20 PM"}
{"level":"info","message":"$$$$$$$$$$$$$$$$$$$$$$$$","timestamp":"3:58:29 PM"}
{"meta":"","level":"info","message":"","timestamp":"3:58:29 PM"}
{"level":"info","message":"Production Environment is Listening on port 3000","timestamp":"3:58:29 PM"}
{"level":"info","message":"Web URL : http://localhost:3000","timestamp":"3:58:29 PM"}
{"meta":"","level":"info","message":"","timestamp":"3:58:29 PM"}
{"level":"info","message":"$$$$$$$$$$$$$$$$$$$$$$$$","timestamp":"3:58:29 PM"}
{"meta":"","level":"info","message":"","timestamp":"3:58:29 PM"}
{"level":"info","message":"$$$$$$$$$$$$$$$$$$$$$$$$","timestamp":"4:00:50 PM"}
{"meta":"","level":"info","message":"","timestamp":"4:00:50 PM"}
{"level":"info","message":"Production Environment is Listening on port 3000","timestamp":"4:00:50 PM"}
{"level":"info","message":"Web URL : http://localhost:3000","timestamp":"4:00:50 PM"}
{"meta":"","level":"info","message":"","timestamp":"4:00:50 PM"}
{"level":"info","message":"$$$$$$$$$$$$$$$$$$$$$$$$","timestamp":"4:00:50 PM"}
{"meta":"","level":"info","message":"","timestamp":"4:00:50 PM"}
{"level":"info","message":"{ key: 123456,\n  '$or': [ { Is_Category_Synced: [Object] }, { Is_Category_Synced: 0 } ] }","timestamp":"4:01:13 PM"}
{"level":"info","message":"{ key: 123456,\n  '$or': [ { Is_Category_Synced: [Object] }, { Is_Category_Synced: 0 } ] }","timestamp":"4:01:57 PM"}
{"level":"info","message":"$$$$$$$$$$$$$$$$$$$$$$$$","timestamp":"4:06:06 PM"}
{"meta":"","level":"info","message":"","timestamp":"4:06:06 PM"}
{"level":"info","message":"Production Environment is Listening on port 3000","timestamp":"4:06:06 PM"}
{"level":"info","message":"Web URL : http://localhost:3000","timestamp":"4:06:06 PM"}
{"meta":"","level":"info","message":"","timestamp":"4:06:06 PM"}
{"level":"info","message":"$$$$$$$$$$$$$$$$$$$$$$$$","timestamp":"4:06:06 PM"}
{"meta":"","level":"info","message":"","timestamp":"4:06:06 PM"}
{"level":"info","message":"{ ss_id: 123456,\n  '$or': [ { Is_Category_Synced: [Object] }, { Is_Category_Synced: 0 } ] }","timestamp":"4:06:19 PM"}
{"level":"info","message":"$$$$$$$$$$$$$$$$$$$$$$$$","timestamp":"4:07:24 PM"}
{"meta":"","level":"info","message":"","timestamp":"4:07:24 PM"}
{"level":"info","message":"Production Environment is Listening on port 3000","timestamp":"4:07:24 PM"}
{"level":"info","message":"Web URL : http://localhost:3000","timestamp":"4:07:24 PM"}
{"meta":"","level":"info","message":"","timestamp":"4:07:24 PM"}
{"level":"info","message":"$$$$$$$$$$$$$$$$$$$$$$$$","timestamp":"4:07:24 PM"}
{"meta":"","level":"info","message":"","timestamp":"4:07:24 PM"}
{"level":"info","message":"{ ss_id: 123456,\n  '$or': [ { Is_Category_Synced: [Object] }, { Is_Category_Synced: 0 } ] }","timestamp":"4:07:28 PM"}
{"level":"info","message":"{ ss_id: 123456,\n  '$or': [ { Is_Category_Synced: [Object] }, { Is_Category_Synced: 0 } ] }","timestamp":"4:07:45 PM"}
{"level":"info","message":"{ ss_id: 123456,\n  '$or': [ { Is_Category_Synced: [Object] }, { Is_Category_Synced: 0 } ] }","timestamp":"4:09:28 PM"}
{"level":"info","message":"{ ss_id: 123456,\n  '$or': [ { Is_Category_Synced: [Object] }, { Is_Category_Synced: 0 } ] }","timestamp":"4:09:45 PM"}
{"level":"info","message":"$$$$$$$$$$$$$$$$$$$$$$$$","timestamp":"4:22:02 PM"}
{"meta":"","level":"info","message":"","timestamp":"4:22:02 PM"}
{"level":"info","message":"Production Environment is Listening on port 3000","timestamp":"4:22:02 PM"}
{"level":"info","message":"Web URL : http://localhost:3000","timestamp":"4:22:02 PM"}
{"meta":"","level":"info","message":"","timestamp":"4:22:02 PM"}
{"level":"info","message":"$$$$$$$$$$$$$$$$$$$$$$$$","timestamp":"4:22:02 PM"}
{"meta":"","level":"info","message":"","timestamp":"4:22:02 PM"}
{"level":"info","message":"DateRange from 2024-04-04T18:30:00.000Z to 2024-04-05T18:30:00.000Z","timestamp":"4:54:02 PM"}
{"level":"info","message":"DateRange from 2024-04-04T18:30:00.000Z to 2024-04-05T18:30:00.000Z","timestamp":"5:08:19 PM"}
{"level":"info","message":"DateRange from 2024-04-04T18:30:00.000Z to 2024-04-05T18:30:00.000Z","timestamp":"5:14:06 PM"}
{"level":"info","message":"DateRange from 2024-04-04T18:30:00.000Z to 2024-04-05T18:30:00.000Z","timestamp":"5:14:37 PM"}
{"level":"info","message":"DateRange from 2024-04-04T18:30:00.000Z to 2024-04-05T18:30:00.000Z","timestamp":"5:15:35 PM"}
{"level":"info","message":"$$$$$$$$$$$$$$$$$$$$$$$$","timestamp":"5:17:09 PM"}
{"meta":"","level":"info","message":"","timestamp":"5:17:09 PM"}
{"level":"info","message":"Production Environment is Listening on port 3000","timestamp":"5:17:09 PM"}
{"level":"info","message":"Web URL : http://localhost:3000","timestamp":"5:17:09 PM"}
{"meta":"","level":"info","message":"","timestamp":"5:17:09 PM"}
{"level":"info","message":"$$$$$$$$$$$$$$$$$$$$$$$$","timestamp":"5:17:09 PM"}
{"meta":"","level":"info","message":"","timestamp":"5:17:09 PM"}
{"level":"info","message":"{ ss_id: 123456,\n  '$or': [ { Is_Category_Synced: [Object] }, { Is_Category_Synced: 0 } ] }","timestamp":"5:18:13 PM"}
{"level":"info","message":"{ ss_id: 123456,\n  '$or': [ { Is_Category_Synced: [Object] }, { Is_Category_Synced: 0 } ] }","timestamp":"5:20:13 PM"}
{"level":"info","message":"DateRange from 2024-04-04T18:30:00.000Z to 2024-04-05T18:30:00.000Z","timestamp":"5:23:12 PM"}
