{"level":"info","message":"$$$$$$$$$$$$$$$$$$$$$$$$","timestamp":"9:38:55 AM"}
{"meta":"","level":"info","message":"","timestamp":"9:38:55 AM"}
{"level":"info","message":"Production Environment is Listening on port 3000","timestamp":"9:38:55 AM"}
{"level":"info","message":"Web URL : http://localhost:3000","timestamp":"9:38:55 AM"}
{"meta":"","level":"info","message":"","timestamp":"9:38:55 AM"}
{"level":"info","message":"$$$$$$$$$$$$$$$$$$$$$$$$","timestamp":"9:38:55 AM"}
{"meta":"","level":"info","message":"","timestamp":"9:38:55 AM"}
{"level":"info","message":"$$$$$$$$$$$$$$$$$$$$$$$$","timestamp":"9:42:20 AM"}
{"meta":"","level":"info","message":"","timestamp":"9:42:20 AM"}
{"level":"info","message":"Production Environment is Listening on port 3000","timestamp":"9:42:20 AM"}
{"level":"info","message":"Web URL : http://localhost:3000","timestamp":"9:42:20 AM"}
{"meta":"","level":"info","message":"","timestamp":"9:42:20 AM"}
{"level":"info","message":"$$$$$$$$$$$$$$$$$$$$$$$$","timestamp":"9:42:20 AM"}
{"meta":"","level":"info","message":"","timestamp":"9:42:20 AM"}
{"level":"info","message":"$$$$$$$$$$$$$$$$$$$$$$$$","timestamp":"9:43:36 AM"}
{"meta":"","level":"info","message":"","timestamp":"9:43:36 AM"}
{"level":"info","message":"Production Environment is Listening on port 3000","timestamp":"9:43:36 AM"}
{"level":"info","message":"Web URL : http://localhost:3000","timestamp":"9:43:36 AM"}
{"meta":"","level":"info","message":"","timestamp":"9:43:36 AM"}
{"level":"info","message":"$$$$$$$$$$$$$$$$$$$$$$$$","timestamp":"9:43:36 AM"}
{"meta":"","level":"info","message":"","timestamp":"9:43:36 AM"}
{"level":"info","message":"$$$$$$$$$$$$$$$$$$$$$$$$","timestamp":"4:20:45 PM"}
{"meta":"","level":"info","message":"","timestamp":"4:20:45 PM"}
{"level":"info","message":"Production Environment is Listening on port 3000","timestamp":"4:20:45 PM"}
{"level":"info","message":"Web URL : http://localhost:3000","timestamp":"4:20:45 PM"}
{"meta":"","level":"info","message":"","timestamp":"4:20:45 PM"}
{"level":"info","message":"$$$$$$$$$$$$$$$$$$$$$$$$","timestamp":"4:20:45 PM"}
{"meta":"","level":"info","message":"","timestamp":"4:20:45 PM"}
{"level":"info","message":"$$$$$$$$$$$$$$$$$$$$$$$$","timestamp":"4:52:23 PM"}
{"meta":"","level":"info","message":"","timestamp":"4:52:23 PM"}
{"level":"info","message":"Production Environment is Listening on port 3000","timestamp":"4:52:23 PM"}
{"level":"info","message":"Web URL : http://localhost:3000","timestamp":"4:52:23 PM"}
{"meta":"","level":"info","message":"","timestamp":"4:52:23 PM"}
{"level":"info","message":"$$$$$$$$$$$$$$$$$$$$$$$$","timestamp":"4:52:23 PM"}
{"meta":"","level":"info","message":"","timestamp":"4:52:23 PM"}
{"level":"info","message":"$$$$$$$$$$$$$$$$$$$$$$$$","timestamp":"4:58:20 PM"}
{"meta":"","level":"info","message":"","timestamp":"4:58:20 PM"}
{"level":"info","message":"Production Environment is Listening on port 3000","timestamp":"4:58:20 PM"}
{"level":"info","message":"Web URL : http://localhost:3000","timestamp":"4:58:20 PM"}
{"meta":"","level":"info","message":"","timestamp":"4:58:20 PM"}
{"level":"info","message":"$$$$$$$$$$$$$$$$$$$$$$$$","timestamp":"4:58:20 PM"}
{"meta":"","level":"info","message":"","timestamp":"4:58:20 PM"}
{"level":"info","message":"$$$$$$$$$$$$$$$$$$$$$$$$","timestamp":"5:01:01 PM"}
{"meta":"","level":"info","message":"","timestamp":"5:01:01 PM"}
{"level":"info","message":"Production Environment is Listening on port 3000","timestamp":"5:01:01 PM"}
{"level":"info","message":"Web URL : http://localhost:3000","timestamp":"5:01:01 PM"}
{"meta":"","level":"info","message":"","timestamp":"5:01:01 PM"}
{"level":"info","message":"$$$$$$$$$$$$$$$$$$$$$$$$","timestamp":"5:01:01 PM"}
{"meta":"","level":"info","message":"","timestamp":"5:01:01 PM"}
{"level":"info","message":"$$$$$$$$$$$$$$$$$$$$$$$$","timestamp":"5:05:55 PM"}
{"meta":"","level":"info","message":"","timestamp":"5:05:55 PM"}
{"level":"info","message":"Production Environment is Listening on port 3000","timestamp":"5:05:55 PM"}
{"level":"info","message":"Web URL : http://localhost:3000","timestamp":"5:05:55 PM"}
{"meta":"","level":"info","message":"","timestamp":"5:05:55 PM"}
{"level":"info","message":"$$$$$$$$$$$$$$$$$$$$$$$$","timestamp":"5:05:55 PM"}
{"meta":"","level":"info","message":"","timestamp":"5:05:55 PM"}
{"level":"info","message":"$$$$$$$$$$$$$$$$$$$$$$$$","timestamp":"5:53:19 PM"}
{"meta":"","level":"info","message":"","timestamp":"5:53:19 PM"}
{"level":"info","message":"Production Environment is Listening on port 3000","timestamp":"5:53:19 PM"}
{"level":"info","message":"Web URL : http://localhost:3000","timestamp":"5:53:19 PM"}
{"meta":"","level":"info","message":"","timestamp":"5:53:19 PM"}
{"level":"info","message":"$$$$$$$$$$$$$$$$$$$$$$$$","timestamp":"5:53:19 PM"}
{"meta":"","level":"info","message":"","timestamp":"5:53:19 PM"}
{"level":"info","message":"$$$$$$$$$$$$$$$$$$$$$$$$","timestamp":"6:26:33 PM"}
{"meta":"","level":"info","message":"","timestamp":"6:26:33 PM"}
{"level":"info","message":"Production Environment is Listening on port 3000","timestamp":"6:26:33 PM"}
{"level":"info","message":"Web URL : http://localhost:3000","timestamp":"6:26:33 PM"}
{"meta":"","level":"info","message":"","timestamp":"6:26:33 PM"}
{"level":"info","message":"$$$$$$$$$$$$$$$$$$$$$$$$","timestamp":"6:26:33 PM"}
{"meta":"","level":"info","message":"","timestamp":"6:26:33 PM"}
