{"level":"info","message":"$$$$$$$$$$$$$$$$$$$$$$$$","timestamp":"10:37:30 AM"}
{"meta":"","level":"info","message":"","timestamp":"10:37:30 AM"}
{"level":"info","message":"Development Environment is Listening on port 3000","timestamp":"10:37:30 AM"}
{"level":"info","message":"Web URL : http://localhost:3000","timestamp":"10:37:30 AM"}
{"meta":"","level":"info","message":"","timestamp":"10:37:30 AM"}
{"level":"info","message":"$$$$$$$$$$$$$$$$$$$$$$$$","timestamp":"10:37:30 AM"}
{"meta":"","level":"info","message":"","timestamp":"10:37:30 AM"}
{"level":"info","message":"Connected to Database","timestamp":"10:37:31 AM"}
{"level":"info","message":"$$$$$$$$$$$$$$$$$$$$$$$$","timestamp":"10:41:01 AM"}
{"meta":"","level":"info","message":"","timestamp":"10:41:01 AM"}
{"level":"info","message":"Development Environment is Listening on port 3000","timestamp":"10:41:01 AM"}
{"level":"info","message":"Web URL : http://localhost:3000","timestamp":"10:41:01 AM"}
{"meta":"","level":"info","message":"","timestamp":"10:41:01 AM"}
{"level":"info","message":"$$$$$$$$$$$$$$$$$$$$$$$$","timestamp":"10:41:01 AM"}
{"meta":"","level":"info","message":"","timestamp":"10:41:01 AM"}
{"level":"info","message":"Connected to Database","timestamp":"10:41:02 AM"}
{"level":"info","message":"$$$$$$$$$$$$$$$$$$$$$$$$","timestamp":"10:43:11 AM"}
{"meta":"","level":"info","message":"","timestamp":"10:43:11 AM"}
{"level":"info","message":"Development Environment is Listening on port 3000","timestamp":"10:43:11 AM"}
{"level":"info","message":"Web URL : http://localhost:3000","timestamp":"10:43:11 AM"}
{"meta":"","level":"info","message":"","timestamp":"10:43:11 AM"}
{"level":"info","message":"$$$$$$$$$$$$$$$$$$$$$$$$","timestamp":"10:43:11 AM"}
{"meta":"","level":"info","message":"","timestamp":"10:43:11 AM"}
{"level":"info","message":"Connected to Database","timestamp":"10:43:12 AM"}
