{"level":"info","message":"$$$$$$$$$$$$$$$$$$$$$$$$","timestamp":"10:36:08 AM"}
{"meta":"","level":"info","message":"","timestamp":"10:36:08 AM"}
{"level":"info","message":"Development Environment is Listening on port 3000","timestamp":"10:36:08 AM"}
{"level":"info","message":"Web URL : http://localhost:3000","timestamp":"10:36:08 AM"}
{"meta":"","level":"info","message":"","timestamp":"10:36:08 AM"}
{"level":"info","message":"$$$$$$$$$$$$$$$$$$$$$$$$","timestamp":"10:36:08 AM"}
{"meta":"","level":"info","message":"","timestamp":"10:36:08 AM"}
{"level":"info","message":"$$$$$$$$$$$$$$$$$$$$$$$$","timestamp":"2:51:49 PM"}
{"meta":"","level":"info","message":"","timestamp":"2:51:49 PM"}
{"level":"info","message":"Development Environment is Listening on port 3000","timestamp":"2:51:49 PM"}
{"level":"info","message":"Web URL : http://localhost:3000","timestamp":"2:51:49 PM"}
{"meta":"","level":"info","message":"","timestamp":"2:51:49 PM"}
{"level":"info","message":"$$$$$$$$$$$$$$$$$$$$$$$$","timestamp":"2:51:49 PM"}
{"meta":"","level":"info","message":"","timestamp":"2:51:49 PM"}
{"level":"info","message":"$$$$$$$$$$$$$$$$$$$$$$$$","timestamp":"3:31:30 PM"}
{"meta":"","level":"info","message":"","timestamp":"3:31:30 PM"}
{"level":"info","message":"Development Environment is Listening on port 3000","timestamp":"3:31:30 PM"}
{"level":"info","message":"Web URL : http://localhost:3000","timestamp":"3:31:30 PM"}
{"meta":"","level":"info","message":"","timestamp":"3:31:30 PM"}
{"level":"info","message":"$$$$$$$$$$$$$$$$$$$$$$$$","timestamp":"3:31:30 PM"}
{"meta":"","level":"info","message":"","timestamp":"3:31:30 PM"}
{"level":"info","message":"$$$$$$$$$$$$$$$$$$$$$$$$","timestamp":"4:52:16 PM"}
{"meta":"","level":"info","message":"","timestamp":"4:52:16 PM"}
{"level":"info","message":"Development Environment is Listening on port 3000","timestamp":"4:52:16 PM"}
{"level":"info","message":"Web URL : http://localhost:3000","timestamp":"4:52:16 PM"}
{"meta":"","level":"info","message":"","timestamp":"4:52:16 PM"}
{"level":"info","message":"$$$$$$$$$$$$$$$$$$$$$$$$","timestamp":"4:52:16 PM"}
{"meta":"","level":"info","message":"","timestamp":"4:52:16 PM"}
