{"level":"error","message":"LOG REFERER YTD undefined ::ffff:127.0.0.1 undefined","timestamp":"9:40:02 AM"}
{"level":"error","message":"LOG REFERER YTD undefined ::ffff:127.0.0.1 undefined","timestamp":"9:40:02 AM"}
{"level":"error","message":"LOG REFERER YTD http://localhost:7000/ ::1 string","timestamp":"9:40:05 AM"}
{"level":"error","message":"LOG REFERER YTD undefined ::ffff:127.0.0.1 undefined","timestamp":"9:40:08 AM"}
{"level":"error","message":"LOG REFERER YTD undefined ::ffff:127.0.0.1 undefined","timestamp":"9:40:11 AM"}
{"level":"error","message":"LOG REFERER YTD undefined ::ffff:127.0.0.1 undefined","timestamp":"9:40:11 AM"}
{"level":"warn","message":"Db.prototype.authenticate method will no longer be available in the next major release 3.x as MongoDB 3.6 will only allow auth against users in the admin db and will no longer allow multiple credentials on a socket. Please authenticate using MongoClient.connect with auth credentials.","timestamp":"10:15:03 AM"}
{"level":"warn","message":"Db.prototype.authenticate method will no longer be available in the next major release 3.x as MongoDB 3.6 will only allow auth against users in the admin db and will no longer allow multiple credentials on a socket. Please authenticate using MongoClient.connect with auth credentials.","timestamp":"10:15:03 AM"}
{"level":"warn","message":"Db.prototype.authenticate method will no longer be available in the next major release 3.x as MongoDB 3.6 will only allow auth against users in the admin db and will no longer allow multiple credentials on a socket. Please authenticate using MongoClient.connect with auth credentials.","timestamp":"10:15:03 AM"}
{"level":"warn","message":"Db.prototype.authenticate method will no longer be available in the next major release 3.x as MongoDB 3.6 will only allow auth against users in the admin db and will no longer allow multiple credentials on a socket. Please authenticate using MongoClient.connect with auth credentials.","timestamp":"10:15:03 AM"}
{"level":"warn","message":"Db.prototype.authenticate method will no longer be available in the next major release 3.x as MongoDB 3.6 will only allow auth against users in the admin db and will no longer allow multiple credentials on a socket. Please authenticate using MongoClient.connect with auth credentials.","timestamp":"10:15:03 AM"}
{"level":"warn","message":"Db.prototype.authenticate method will no longer be available in the next major release 3.x as MongoDB 3.6 will only allow auth against users in the admin db and will no longer allow multiple credentials on a socket. Please authenticate using MongoClient.connect with auth credentials.","timestamp":"10:15:03 AM"}
{"level":"warn","message":"Db.prototype.authenticate method will no longer be available in the next major release 3.x as MongoDB 3.6 will only allow auth against users in the admin db and will no longer allow multiple credentials on a socket. Please authenticate using MongoClient.connect with auth credentials.","timestamp":"10:15:03 AM"}
{"level":"warn","message":"Db.prototype.authenticate method will no longer be available in the next major release 3.x as MongoDB 3.6 will only allow auth against users in the admin db and will no longer allow multiple credentials on a socket. Please authenticate using MongoClient.connect with auth credentials.","timestamp":"10:15:03 AM"}
{"level":"warn","message":"Db.prototype.authenticate method will no longer be available in the next major release 3.x as MongoDB 3.6 will only allow auth against users in the admin db and will no longer allow multiple credentials on a socket. Please authenticate using MongoClient.connect with auth credentials.","timestamp":"10:15:03 AM"}
{"level":"warn","message":"Db.prototype.authenticate method will no longer be available in the next major release 3.x as MongoDB 3.6 will only allow auth against users in the admin db and will no longer allow multiple credentials on a socket. Please authenticate using MongoClient.connect with auth credentials.","timestamp":"10:15:03 AM"}
{"level":"warn","message":"Db.prototype.authenticate method will no longer be available in the next major release 3.x as MongoDB 3.6 will only allow auth against users in the admin db and will no longer allow multiple credentials on a socket. Please authenticate using MongoClient.connect with auth credentials.","timestamp":"10:15:03 AM"}
{"level":"warn","message":"Db.prototype.authenticate method will no longer be available in the next major release 3.x as MongoDB 3.6 will only allow auth against users in the admin db and will no longer allow multiple credentials on a socket. Please authenticate using MongoClient.connect with auth credentials.","timestamp":"10:15:03 AM"}
{"level":"warn","message":"Db.prototype.authenticate method will no longer be available in the next major release 3.x as MongoDB 3.6 will only allow auth against users in the admin db and will no longer allow multiple credentials on a socket. Please authenticate using MongoClient.connect with auth credentials.","timestamp":"10:15:03 AM"}
{"level":"warn","message":"Db.prototype.authenticate method will no longer be available in the next major release 3.x as MongoDB 3.6 will only allow auth against users in the admin db and will no longer allow multiple credentials on a socket. Please authenticate using MongoClient.connect with auth credentials.","timestamp":"10:15:03 AM"}
{"level":"warn","message":"Db.prototype.authenticate method will no longer be available in the next major release 3.x as MongoDB 3.6 will only allow auth against users in the admin db and will no longer allow multiple credentials on a socket. Please authenticate using MongoClient.connect with auth credentials.","timestamp":"10:15:03 AM"}
{"level":"warn","message":"Db.prototype.authenticate method will no longer be available in the next major release 3.x as MongoDB 3.6 will only allow auth against users in the admin db and will no longer allow multiple credentials on a socket. Please authenticate using MongoClient.connect with auth credentials.","timestamp":"10:15:03 AM"}
{"level":"warn","message":"Db.prototype.authenticate method will no longer be available in the next major release 3.x as MongoDB 3.6 will only allow auth against users in the admin db and will no longer allow multiple credentials on a socket. Please authenticate using MongoClient.connect with auth credentials.","timestamp":"10:15:03 AM"}
{"level":"warn","message":"Db.prototype.authenticate method will no longer be available in the next major release 3.x as MongoDB 3.6 will only allow auth against users in the admin db and will no longer allow multiple credentials on a socket. Please authenticate using MongoClient.connect with auth credentials.","timestamp":"10:15:03 AM"}
{"level":"warn","message":"Db.prototype.authenticate method will no longer be available in the next major release 3.x as MongoDB 3.6 will only allow auth against users in the admin db and will no longer allow multiple credentials on a socket. Please authenticate using MongoClient.connect with auth credentials.","timestamp":"10:15:03 AM"}
{"level":"warn","message":"Db.prototype.authenticate method will no longer be available in the next major release 3.x as MongoDB 3.6 will only allow auth against users in the admin db and will no longer allow multiple credentials on a socket. Please authenticate using MongoClient.connect with auth credentials.","timestamp":"10:15:03 AM"}
{"level":"warn","message":"Db.prototype.authenticate method will no longer be available in the next major release 3.x as MongoDB 3.6 will only allow auth against users in the admin db and will no longer allow multiple credentials on a socket. Please authenticate using MongoClient.connect with auth credentials.","timestamp":"10:15:03 AM"}
{"level":"warn","message":"Db.prototype.authenticate method will no longer be available in the next major release 3.x as MongoDB 3.6 will only allow auth against users in the admin db and will no longer allow multiple credentials on a socket. Please authenticate using MongoClient.connect with auth credentials.","timestamp":"10:15:03 AM"}
{"level":"warn","message":"Db.prototype.authenticate method will no longer be available in the next major release 3.x as MongoDB 3.6 will only allow auth against users in the admin db and will no longer allow multiple credentials on a socket. Please authenticate using MongoClient.connect with auth credentials.","timestamp":"10:15:03 AM"}
{"level":"warn","message":"Db.prototype.authenticate method will no longer be available in the next major release 3.x as MongoDB 3.6 will only allow auth against users in the admin db and will no longer allow multiple credentials on a socket. Please authenticate using MongoClient.connect with auth credentials.","timestamp":"10:15:03 AM"}
{"level":"warn","message":"Db.prototype.authenticate method will no longer be available in the next major release 3.x as MongoDB 3.6 will only allow auth against users in the admin db and will no longer allow multiple credentials on a socket. Please authenticate using MongoClient.connect with auth credentials.","timestamp":"10:15:03 AM"}
{"level":"warn","message":"Db.prototype.authenticate method will no longer be available in the next major release 3.x as MongoDB 3.6 will only allow auth against users in the admin db and will no longer allow multiple credentials on a socket. Please authenticate using MongoClient.connect with auth credentials.","timestamp":"10:15:03 AM"}
{"level":"warn","message":"Db.prototype.authenticate method will no longer be available in the next major release 3.x as MongoDB 3.6 will only allow auth against users in the admin db and will no longer allow multiple credentials on a socket. Please authenticate using MongoClient.connect with auth credentials.","timestamp":"10:15:03 AM"}
{"level":"warn","message":"Db.prototype.authenticate method will no longer be available in the next major release 3.x as MongoDB 3.6 will only allow auth against users in the admin db and will no longer allow multiple credentials on a socket. Please authenticate using MongoClient.connect with auth credentials.","timestamp":"10:15:03 AM"}
{"level":"error","message":"(node:3984) UnhandledPromiseRejectionWarning: Unhandled promise rejection (rejection id: 1): MongoError: E11000 duplicate key error collection: lm-api-qa.sync_contacts index: Sync_Contact_Id_1 dup key: { : null }","timestamp":"10:15:03 AM"}
{"level":"error","message":"(node:3984) UnhandledPromiseRejectionWarning: Unhandled promise rejection (rejection id: 2): MongoError: Index with name: Posp_Id_1 already exists with different options","timestamp":"10:15:03 AM"}
{"level":"error","message":"LOG REFERER YTD undefined ::ffff:127.0.0.1 undefined","timestamp":"11:04:04 AM"}
{"level":"error","message":"LOG REFERER YTD undefined ::ffff:127.0.0.1 undefined","timestamp":"11:04:04 AM"}
{"level":"error","message":"LOG REFERER YTD http://localhost:7000/ ::1 string","timestamp":"11:04:55 AM"}
{"level":"error","message":"LOG REFERER YTD http://localhost:7000/ ::1 string","timestamp":"11:05:00 AM"}
{"level":"error","message":"LOG REFERER YTD http://localhost:7000/ ::1 string","timestamp":"11:05:04 AM"}
{"level":"error","message":"LOG REFERER YTD http://localhost:7000/ ::1 string","timestamp":"11:05:50 AM"}
{"level":"error","message":"(node:3984) UnhandledPromiseRejectionWarning: Unhandled promise rejection (rejection id: 3): MongoError: E11000 duplicate key error collection: lm-api-qa.identitycounters index: field_1_groupingField_1_model_1 dup key: { : \"Email_Event_Id\", : null, : \"Email_Event\" }","timestamp":"11:05:54 AM"}
{"level":"error","message":"DBG NO_CRN Quotation","timestamp":"11:05:54 AM"}
{"level":"error","message":"LOG REFERER YTD http://localhost:7000/ ::1 string","timestamp":"11:06:01 AM"}
{"level":"error","message":"LOG REFERER YTD http://localhost:7000/ ::1 string","timestamp":"11:06:03 AM"}
{"level":"error","message":"LOG REFERER YTD undefined ::ffff:127.0.0.1 undefined","timestamp":"11:06:04 AM"}
{"level":"error","message":"LOG REFERER YTD undefined ::ffff:127.0.0.1 undefined","timestamp":"11:06:04 AM"}
{"level":"error","message":"LOG REFERER YTD http://localhost:7000/ ::1 string","timestamp":"11:06:09 AM"}
{"level":"error","message":"LOG REFERER YTD http://localhost:7000/ ::1 string","timestamp":"11:12:03 AM"}
{"level":"error","message":"DBG NO_CRN Ticket_","timestamp":"11:12:06 AM"}
{"level":"error","message":"LOG REFERER YTD http://localhost:7000/ ::1 string","timestamp":"11:12:13 AM"}
{"level":"error","message":"LOG REFERER YTD http://localhost:7000/ ::1 string","timestamp":"11:12:15 AM"}
{"level":"error","message":"LOG REFERER YTD http://localhost:7000/ ::1 string","timestamp":"11:12:21 AM"}
{"level":"error","message":"LOG REFERER YTD http://localhost:7000/ ::1 string","timestamp":"11:14:41 AM"}
{"level":"error","message":"LOG REFERER YTD http://localhost:7000/ ::1 string","timestamp":"11:14:43 AM"}
{"level":"error","message":"LOG REFERER YTD http://localhost:7000/ ::1 string","timestamp":"11:17:50 AM"}
{"level":"error","message":"LOG REFERER YTD http://localhost:7000/ ::1 string","timestamp":"11:18:27 AM"}
{"level":"error","message":"LOG REFERER YTD http://localhost:7000/ ::1 string","timestamp":"11:19:40 AM"}
{"level":"error","message":"LOG REFERER YTD http://localhost:7000/ ::1 string","timestamp":"11:19:43 AM"}
{"level":"error","message":"LOG REFERER YTD http://localhost:7000/ ::1 string","timestamp":"11:19:47 AM"}
{"level":"error","message":"LOG REFERER YTD http://localhost:3000/ticketing/BIPR8545/114118_file_11.jpeg ::1 string","timestamp":"11:19:47 AM"}
{"level":"error","message":"LOG REFERER YTD http://localhost:7000/ ::1 string","timestamp":"11:21:36 AM"}
{"level":"error","message":"LOG REFERER YTD http://localhost:7000/ ::1 string","timestamp":"11:21:40 AM"}
{"level":"error","message":"LOG REFERER YTD http://localhost:7000/ ::1 string","timestamp":"11:22:11 AM"}
{"level":"error","message":"LOG REFERER YTD http://localhost:7000/ ::1 string","timestamp":"11:31:47 AM"}
{"level":"error","message":"LOG REFERER YTD http://localhost:7000/ ::1 string","timestamp":"11:31:47 AM"}
{"level":"error","message":"LOG REFERER YTD http://localhost:7000/ ::1 string","timestamp":"11:31:47 AM"}
{"level":"error","message":"LOG REFERER YTD http://localhost:7000/ ::1 string","timestamp":"11:31:47 AM"}
{"level":"error","message":"LOG REFERER YTD http://localhost:7000/ ::1 string","timestamp":"11:31:47 AM"}
{"level":"error","message":"LOG REFERER YTD http://localhost:7000/ ::1 string","timestamp":"11:31:47 AM"}
{"level":"error","message":"LOG REFERER YTD http://localhost:7000/ ::1 string","timestamp":"11:31:47 AM"}
{"level":"error","message":"LOG REFERER YTD http://localhost:7000/ ::1 string","timestamp":"11:31:47 AM"}
{"level":"error","message":"LOG REFERER YTD http://localhost:7000/ ::1 string","timestamp":"11:31:47 AM"}
{"level":"error","message":"LOG REFERER YTD http://localhost:7000/ ::1 string","timestamp":"11:31:47 AM"}
{"level":"error","message":"LOG REFERER YTD http://localhost:7000/ ::1 string","timestamp":"11:31:47 AM"}
{"level":"error","message":"LOG REFERER YTD http://localhost:7000/ ::1 string","timestamp":"11:31:47 AM"}
{"level":"error","message":"DBG NO_CRN Quotation","timestamp":"11:31:49 AM"}
{"level":"warn","message":"uncaughtException { MongoError: E11000 duplicate key error collection: lm-api-qa.user_details index: Ticket_Id_1 dup key: { : null }\n    at Function.MongoError.create (D:\\Suyash Files\\SourceCode\\node_modules\\mongodb-core\\lib\\error.js:31:11)\n    at toError (D:\\Suyash Files\\SourceCode\\node_modules\\mongodb\\lib\\utils.js:114:22)\n    at D:\\Suyash Files\\SourceCode\\node_modules\\mongodb\\lib\\collection.js:658:23\n    at handleCallback (D:\\Suyash Files\\SourceCode\\node_modules\\mongodb\\lib\\utils.js:95:56)\n    at resultHandler (D:\\Suyash Files\\SourceCode\\node_modules\\mongodb\\lib\\bulk\\ordered.js:421:14)\n    at D:\\Suyash Files\\SourceCode\\node_modules\\mongodb-core\\lib\\connection\\pool.js:455:18\n    at _combinedTickCallback (internal/process/next_tick.js:67:7)\n    at process._tickCallback (internal/process/next_tick.js:98:9)\n  name: 'MongoError',\n  message: 'E11000 duplicate key error collection: lm-api-qa.user_details index: Ticket_Id_1 dup key: { : null }',\n  driver: true,\n  code: 11000,\n  index: 0,\n  errmsg: 'E11000 duplicate key error collection: lm-api-qa.user_details index: Ticket_Id_1 dup key: { : null }',\n  getOperation: [Function],\n  toJSON: [Function],\n  toString: [Function] }","timestamp":"11:31:50 AM"}
{"level":"error","message":"LOG REFERER YTD http://localhost:7000/ ::1 string","timestamp":"11:31:58 AM"}
{"level":"error","message":"LOG REFERER YTD http://localhost:7000/ ::1 string","timestamp":"11:32:39 AM"}
{"level":"error","message":"LOG REFERER YTD http://localhost:3000/ticketing/BIPR8545/114118_file_11.jpeg ::1 string","timestamp":"11:32:39 AM"}
{"level":"error","message":"LOG REFERER YTD http://localhost:7000/ ::1 string","timestamp":"11:32:49 AM"}
{"level":"error","message":"LOG REFERER YTD http://localhost:3000/ticketing/BIPR8545/114118_file_11.jpeg ::1 string","timestamp":"11:32:49 AM"}
{"level":"error","message":"LOG REFERER YTD undefined ::1 undefined","timestamp":"11:33:50 AM"}
{"level":"error","message":"LOG REFERER YTD http://localhost:3000/ticketing/HEQU8544/114118_file_11.jpeg ::1 string","timestamp":"11:33:50 AM"}
{"level":"error","message":"LOG REFERER YTD http://localhost:7000/ ::1 string","timestamp":"11:35:46 AM"}
{"level":"error","message":"LOG REFERER YTD http://localhost:7000/ ::1 string","timestamp":"11:36:06 AM"}
{"level":"error","message":"LOG REFERER YTD http://localhost:7000/ ::1 string","timestamp":"2:00:47 PM"}
{"level":"error","message":"LOG REFERER YTD undefined ::ffff:127.0.0.1 undefined","timestamp":"2:00:59 PM"}
{"level":"error","message":"LOG REFERER YTD undefined ::ffff:127.0.0.1 undefined","timestamp":"2:00:59 PM"}
{"level":"error","message":"LOG REFERER YTD http://localhost:7000/ ::1 string","timestamp":"2:01:00 PM"}
{"level":"error","message":"LOG REFERER YTD http://localhost:7000/ ::1 string","timestamp":"2:01:10 PM"}
{"level":"error","message":"LOG REFERER YTD http://localhost:7000/ ::1 string","timestamp":"2:01:14 PM"}
{"level":"error","message":"LOG REFERER YTD http://localhost:7000/ ::1 string","timestamp":"2:13:33 PM"}
{"level":"error","message":"LOG REFERER YTD http://localhost:7000/ ::1 string","timestamp":"3:37:08 PM"}
{"level":"error","message":"LOG REFERER YTD undefined ::ffff:127.0.0.1 undefined","timestamp":"4:52:55 PM"}
{"level":"error","message":"LOG REFERER YTD undefined ::ffff:127.0.0.1 undefined","timestamp":"4:52:55 PM"}
{"level":"error","message":"LOG REFERER YTD http://localhost:7000/ ::1 string","timestamp":"4:52:55 PM"}
{"level":"warn","message":"uncaughtException { Error: socket hang up\n    at createHangUpError (_http_client.js:254:15)\n    at Socket.socketOnEnd (_http_client.js:346:23)\n    at emitNone (events.js:91:20)\n    at Socket.emit (events.js:185:7)\n    at endReadableNT (_stream_readable.js:974:12)\n    at _combinedTickCallback (internal/process/next_tick.js:74:11)\n    at process._tickCallback (internal/process/next_tick.js:98:9)\n  code: 'ECONNRESET',\n  request: \n   ClientRequest {\n     domain: null,\n     _events: {},\n     _eventsCount: 0,\n     _maxListeners: undefined,\n     href: 'http://qa-horizon.policyboss.com:3000/report/save_log?env=Development&type=ERR',\n     options: \n      { host: 'qa-horizon.policyboss.com',\n        port: '3000',\n        path: '/report/save_log?env=Development&type=ERR',\n        href: 'http://qa-horizon.policyboss.com:3000/report/save_log?env=Development&type=ERR',\n        method: 'POST',\n        headers: [Object],\n        data: '[\"LOG REFERER YTD http://localhost:7000/ ::1 string\"]' },\n     _httpRequest: \n      Writable {\n        _writableState: [Object],\n        writable: true,\n        domain: null,\n        _events: [Object],\n        _eventsCount: 2,\n        _maxListeners: undefined,\n        _options: [Object],\n        _ended: true,\n        _ending: true,\n        _redirectCount: 0,\n        _redirects: [],\n        _requestBodyLength: 53,\n        _requestBodyBuffers: [Object],\n        _onNativeResponse: [Function],\n        _currentRequest: [Object],\n        _currentUrl: 'http://qa-horizon.policyboss.com:3000/report/save_log?env=Development&type=ERR' } } }","timestamp":"4:58:24 PM"}
{"level":"warn","message":"uncaughtException { Error: socket hang up\n    at createHangUpError (_http_client.js:254:15)\n    at Socket.socketCloseListener (_http_client.js:286:23)\n    at emitOne (events.js:101:20)\n    at Socket.emit (events.js:188:7)\n    at TCP._handle.close [as _onclose] (net.js:498:12)\n  code: 'ECONNRESET',\n  request: \n   ClientRequest {\n     domain: null,\n     _events: {},\n     _eventsCount: 0,\n     _maxListeners: undefined,\n     href: 'http://qa-horizon.policyboss.com:3000/report/save_log?env=Development&type=ERR',\n     options: \n      { host: 'qa-horizon.policyboss.com',\n        port: '3000',\n        path: '/report/save_log?env=Development&type=ERR',\n        href: 'http://qa-horizon.policyboss.com:3000/report/save_log?env=Development&type=ERR',\n        method: 'POST',\n        headers: [Object],\n        data: '[\"LOG REFERER YTD http://localhost:7000/ ::1 string\"]' },\n     _httpRequest: \n      Writable {\n        _writableState: [Object],\n        writable: true,\n        domain: null,\n        _events: [Object],\n        _eventsCount: 2,\n        _maxListeners: undefined,\n        _options: [Object],\n        _ended: true,\n        _ending: true,\n        _redirectCount: 0,\n        _redirects: [],\n        _requestBodyLength: 53,\n        _requestBodyBuffers: [Object],\n        _onNativeResponse: [Function],\n        _currentRequest: [Object],\n        _currentUrl: 'http://qa-horizon.policyboss.com:3000/report/save_log?env=Development&type=ERR' } } }","timestamp":"4:58:24 PM"}
{"level":"error","message":"LOG REFERER YTD http://localhost:7000/ ::1 string","timestamp":"5:03:26 PM"}
{"level":"error","message":"LOG REFERER YTD http://localhost:7000/ ::1 string","timestamp":"5:03:34 PM"}
{"level":"error","message":"LOG REFERER YTD http://localhost:7000/ ::1 string","timestamp":"5:05:05 PM"}
{"level":"error","message":"LOG REFERER YTD http://localhost:7000/ ::1 string","timestamp":"5:05:31 PM"}
{"level":"error","message":"LOG REFERER YTD http://localhost:7000/ ::1 string","timestamp":"5:05:32 PM"}
{"level":"error","message":"LOG REFERER YTD http://localhost:7000/ ::1 string","timestamp":"5:09:49 PM"}
{"level":"error","message":"LOG REFERER YTD http://localhost:7000/ ::1 string","timestamp":"5:13:24 PM"}
{"level":"error","message":"LOG REFERER YTD http://localhost:7000/ ::1 string","timestamp":"5:19:55 PM"}
{"level":"error","message":"LOG REFERER YTD http://localhost:7000/ ::1 string","timestamp":"5:19:58 PM"}
{"level":"error","message":"LOG REFERER YTD http://localhost:7000/ ::1 string","timestamp":"5:30:38 PM"}
{"level":"error","message":"LOG REFERER YTD http://localhost:7000/ ::1 string","timestamp":"5:35:46 PM"}
{"level":"error","message":"LOG REFERER YTD http://localhost:7000/ ::1 string","timestamp":"5:37:21 PM"}
