{"level":"warn","message":"Db.prototype.authenticate method will no longer be available in the next major release 3.x as MongoDB 3.6 will only allow auth against users in the admin db and will no longer allow multiple credentials on a socket. Please authenticate using MongoClient.connect with auth credentials.","timestamp":"9:15:39 AM"}
{"level":"warn","message":"Db.prototype.authenticate method will no longer be available in the next major release 3.x as MongoDB 3.6 will only allow auth against users in the admin db and will no longer allow multiple credentials on a socket. Please authenticate using MongoClient.connect with auth credentials.","timestamp":"9:15:39 AM"}
{"level":"warn","message":"Db.prototype.authenticate method will no longer be available in the next major release 3.x as MongoDB 3.6 will only allow auth against users in the admin db and will no longer allow multiple credentials on a socket. Please authenticate using MongoClient.connect with auth credentials.","timestamp":"9:15:39 AM"}
{"level":"warn","message":"Db.prototype.authenticate method will no longer be available in the next major release 3.x as MongoDB 3.6 will only allow auth against users in the admin db and will no longer allow multiple credentials on a socket. Please authenticate using MongoClient.connect with auth credentials.","timestamp":"9:15:39 AM"}
{"level":"warn","message":"Db.prototype.authenticate method will no longer be available in the next major release 3.x as MongoDB 3.6 will only allow auth against users in the admin db and will no longer allow multiple credentials on a socket. Please authenticate using MongoClient.connect with auth credentials.","timestamp":"9:15:39 AM"}
{"level":"warn","message":"Db.prototype.authenticate method will no longer be available in the next major release 3.x as MongoDB 3.6 will only allow auth against users in the admin db and will no longer allow multiple credentials on a socket. Please authenticate using MongoClient.connect with auth credentials.","timestamp":"9:15:39 AM"}
{"level":"warn","message":"Db.prototype.authenticate method will no longer be available in the next major release 3.x as MongoDB 3.6 will only allow auth against users in the admin db and will no longer allow multiple credentials on a socket. Please authenticate using MongoClient.connect with auth credentials.","timestamp":"9:15:39 AM"}
{"level":"warn","message":"Db.prototype.authenticate method will no longer be available in the next major release 3.x as MongoDB 3.6 will only allow auth against users in the admin db and will no longer allow multiple credentials on a socket. Please authenticate using MongoClient.connect with auth credentials.","timestamp":"9:15:39 AM"}
{"level":"warn","message":"Db.prototype.authenticate method will no longer be available in the next major release 3.x as MongoDB 3.6 will only allow auth against users in the admin db and will no longer allow multiple credentials on a socket. Please authenticate using MongoClient.connect with auth credentials.","timestamp":"9:15:39 AM"}
{"level":"warn","message":"Db.prototype.authenticate method will no longer be available in the next major release 3.x as MongoDB 3.6 will only allow auth against users in the admin db and will no longer allow multiple credentials on a socket. Please authenticate using MongoClient.connect with auth credentials.","timestamp":"9:15:39 AM"}
{"level":"warn","message":"Db.prototype.authenticate method will no longer be available in the next major release 3.x as MongoDB 3.6 will only allow auth against users in the admin db and will no longer allow multiple credentials on a socket. Please authenticate using MongoClient.connect with auth credentials.","timestamp":"9:15:39 AM"}
{"level":"warn","message":"Db.prototype.authenticate method will no longer be available in the next major release 3.x as MongoDB 3.6 will only allow auth against users in the admin db and will no longer allow multiple credentials on a socket. Please authenticate using MongoClient.connect with auth credentials.","timestamp":"9:15:39 AM"}
{"level":"warn","message":"Db.prototype.authenticate method will no longer be available in the next major release 3.x as MongoDB 3.6 will only allow auth against users in the admin db and will no longer allow multiple credentials on a socket. Please authenticate using MongoClient.connect with auth credentials.","timestamp":"9:15:39 AM"}
{"level":"warn","message":"Db.prototype.authenticate method will no longer be available in the next major release 3.x as MongoDB 3.6 will only allow auth against users in the admin db and will no longer allow multiple credentials on a socket. Please authenticate using MongoClient.connect with auth credentials.","timestamp":"9:15:39 AM"}
{"level":"warn","message":"Db.prototype.authenticate method will no longer be available in the next major release 3.x as MongoDB 3.6 will only allow auth against users in the admin db and will no longer allow multiple credentials on a socket. Please authenticate using MongoClient.connect with auth credentials.","timestamp":"9:15:39 AM"}
{"level":"warn","message":"Db.prototype.authenticate method will no longer be available in the next major release 3.x as MongoDB 3.6 will only allow auth against users in the admin db and will no longer allow multiple credentials on a socket. Please authenticate using MongoClient.connect with auth credentials.","timestamp":"9:15:39 AM"}
{"level":"warn","message":"Db.prototype.authenticate method will no longer be available in the next major release 3.x as MongoDB 3.6 will only allow auth against users in the admin db and will no longer allow multiple credentials on a socket. Please authenticate using MongoClient.connect with auth credentials.","timestamp":"9:15:39 AM"}
{"level":"warn","message":"Db.prototype.authenticate method will no longer be available in the next major release 3.x as MongoDB 3.6 will only allow auth against users in the admin db and will no longer allow multiple credentials on a socket. Please authenticate using MongoClient.connect with auth credentials.","timestamp":"9:15:39 AM"}
{"level":"warn","message":"Db.prototype.authenticate method will no longer be available in the next major release 3.x as MongoDB 3.6 will only allow auth against users in the admin db and will no longer allow multiple credentials on a socket. Please authenticate using MongoClient.connect with auth credentials.","timestamp":"9:15:39 AM"}
{"level":"warn","message":"Db.prototype.authenticate method will no longer be available in the next major release 3.x as MongoDB 3.6 will only allow auth against users in the admin db and will no longer allow multiple credentials on a socket. Please authenticate using MongoClient.connect with auth credentials.","timestamp":"9:15:39 AM"}
{"level":"warn","message":"Db.prototype.authenticate method will no longer be available in the next major release 3.x as MongoDB 3.6 will only allow auth against users in the admin db and will no longer allow multiple credentials on a socket. Please authenticate using MongoClient.connect with auth credentials.","timestamp":"9:15:39 AM"}
{"level":"warn","message":"Db.prototype.authenticate method will no longer be available in the next major release 3.x as MongoDB 3.6 will only allow auth against users in the admin db and will no longer allow multiple credentials on a socket. Please authenticate using MongoClient.connect with auth credentials.","timestamp":"9:15:39 AM"}
{"level":"warn","message":"Db.prototype.authenticate method will no longer be available in the next major release 3.x as MongoDB 3.6 will only allow auth against users in the admin db and will no longer allow multiple credentials on a socket. Please authenticate using MongoClient.connect with auth credentials.","timestamp":"9:15:39 AM"}
{"level":"warn","message":"Db.prototype.authenticate method will no longer be available in the next major release 3.x as MongoDB 3.6 will only allow auth against users in the admin db and will no longer allow multiple credentials on a socket. Please authenticate using MongoClient.connect with auth credentials.","timestamp":"9:15:39 AM"}
{"level":"warn","message":"Db.prototype.authenticate method will no longer be available in the next major release 3.x as MongoDB 3.6 will only allow auth against users in the admin db and will no longer allow multiple credentials on a socket. Please authenticate using MongoClient.connect with auth credentials.","timestamp":"9:15:39 AM"}
{"level":"warn","message":"Db.prototype.authenticate method will no longer be available in the next major release 3.x as MongoDB 3.6 will only allow auth against users in the admin db and will no longer allow multiple credentials on a socket. Please authenticate using MongoClient.connect with auth credentials.","timestamp":"9:15:39 AM"}
{"level":"warn","message":"Db.prototype.authenticate method will no longer be available in the next major release 3.x as MongoDB 3.6 will only allow auth against users in the admin db and will no longer allow multiple credentials on a socket. Please authenticate using MongoClient.connect with auth credentials.","timestamp":"9:15:39 AM"}
{"level":"error","message":"(node:11840) UnhandledPromiseRejectionWarning: Unhandled promise rejection (rejection id: 1): MongoError: E11000 duplicate key error collection: lm-api-qa.sync_contacts index: Sync_Contact_Id_1 dup key: { : null }","timestamp":"9:15:39 AM"}
{"level":"error","message":"(node:11840) UnhandledPromiseRejectionWarning: Unhandled promise rejection (rejection id: 2): MongoError: Index with name: Posp_Id_1 already exists with different options","timestamp":"9:15:39 AM"}
{"level":"error","message":"LOG REFERER YTD undefined ::ffff:127.0.0.1 undefined","timestamp":"9:18:17 AM"}
{"level":"error","message":"LOG REFERER YTD undefined ::ffff:127.0.0.1 undefined","timestamp":"9:18:17 AM"}
{"level":"error","message":"LOG REFERER YTD http://localhost:7000/ ::1 string","timestamp":"9:18:18 AM"}
{"level":"error","message":"LOG REFERER YTD http://localhost:7000/ ::1 string","timestamp":"9:21:22 AM"}
{"level":"error","message":"LOG REFERER YTD http://localhost:7000/ ::1 string","timestamp":"9:22:08 AM"}
{"level":"error","message":"LOG REFERER YTD http://localhost:7000/ ::1 string","timestamp":"9:22:38 AM"}
{"level":"error","message":"LOG REFERER YTD undefined ::ffff:127.0.0.1 undefined","timestamp":"9:23:52 AM"}
{"level":"error","message":"LOG REFERER YTD undefined ::ffff:127.0.0.1 undefined","timestamp":"9:23:52 AM"}
{"level":"error","message":"LOG REFERER YTD http://localhost:7000/ ::1 string","timestamp":"9:23:53 AM"}
{"level":"error","message":"LOG REFERER YTD http://localhost:7000/ ::1 string","timestamp":"9:38:39 AM"}
{"level":"error","message":"LOG REFERER YTD http://localhost:7000/ ::1 string","timestamp":"9:40:00 AM"}
{"level":"error","message":"LOG REFERER YTD http://localhost:7000/ ::1 string","timestamp":"9:43:28 AM"}
{"level":"error","message":"LOG REFERER YTD http://localhost:7000/ ::1 string","timestamp":"9:44:50 AM"}
{"level":"error","message":"LOG REFERER YTD http://localhost:7000/ ::1 string","timestamp":"9:45:56 AM"}
{"level":"error","message":"LOG REFERER YTD http://localhost:7000/ ::1 string","timestamp":"9:46:41 AM"}
{"level":"error","message":"LOG REFERER YTD http://localhost:7000/ ::1 string","timestamp":"9:52:26 AM"}
{"level":"error","message":"LOG REFERER YTD http://localhost:7000/ ::1 string","timestamp":"9:56:17 AM"}
{"level":"error","message":"LOG REFERER YTD http://localhost:7000/ ::1 string","timestamp":"9:57:10 AM"}
{"level":"error","message":"LOG REFERER YTD http://localhost:7000/ ::1 string","timestamp":"10:07:01 AM"}
{"level":"error","message":"LOG REFERER YTD http://localhost:7000/ ::1 string","timestamp":"10:32:11 AM"}
{"level":"error","message":"LOG REFERER YTD http://localhost:7000/ ::1 string","timestamp":"10:32:54 AM"}
{"level":"error","message":"LOG REFERER YTD http://localhost:7000/ ::1 string","timestamp":"10:33:22 AM"}
{"level":"error","message":"LOG REFERER YTD http://localhost:7000/ ::1 string","timestamp":"10:34:07 AM"}
{"level":"error","message":"LOG REFERER YTD http://localhost:7000/ ::1 string","timestamp":"10:37:55 AM"}
{"level":"error","message":"LOG REFERER YTD http://localhost:7000/ ::1 string","timestamp":"10:39:33 AM"}
{"level":"error","message":"LOG REFERER YTD undefined ::ffff:127.0.0.1 undefined","timestamp":"12:04:46 PM"}
{"level":"error","message":"LOG REFERER YTD undefined ::ffff:127.0.0.1 undefined","timestamp":"12:04:46 PM"}
{"level":"error","message":"LOG REFERER YTD http://localhost:7000/ ::1 string","timestamp":"12:04:48 PM"}
{"level":"error","message":"LOG REFERER YTD http://localhost:7000/ ::1 string","timestamp":"12:05:17 PM"}
{"level":"error","message":"LOG REFERER YTD http://localhost:7000/ ::1 string","timestamp":"12:05:35 PM"}
{"level":"error","message":"LOG REFERER YTD http://localhost:7000/ ::1 string","timestamp":"12:07:25 PM"}
{"level":"error","message":"LOG REFERER YTD http://localhost:7000/ ::1 string","timestamp":"12:07:59 PM"}
{"level":"error","message":"LOG REFERER YTD http://localhost:7000/ ::1 string","timestamp":"12:11:07 PM"}
{"level":"error","message":"LOG REFERER YTD http://localhost:7000/ ::1 string","timestamp":"12:11:15 PM"}
{"level":"error","message":"LOG REFERER YTD http://localhost:7000/ ::1 string","timestamp":"12:11:18 PM"}
{"level":"error","message":"LOG REFERER YTD http://localhost:7000/ ::1 string","timestamp":"1:40:14 PM"}
{"level":"error","message":"LOG REFERER YTD http://localhost:7000/ ::1 string","timestamp":"1:40:16 PM"}
{"level":"error","message":"LOG REFERER YTD http://localhost:7000/ ::1 string","timestamp":"1:40:20 PM"}
{"level":"error","message":"LOG REFERER YTD http://localhost:7000/ ::1 string","timestamp":"1:40:21 PM"}
{"level":"error","message":"LOG REFERER YTD http://localhost:7000/ ::1 string","timestamp":"1:42:00 PM"}
{"level":"error","message":"LOG REFERER YTD http://localhost:7000/ ::1 string","timestamp":"1:42:10 PM"}
{"level":"error","message":"LOG REFERER YTD undefined ::ffff:127.0.0.1 undefined","timestamp":"2:10:12 PM"}
{"level":"error","message":"LOG REFERER YTD undefined ::ffff:127.0.0.1 undefined","timestamp":"2:10:12 PM"}
{"level":"error","message":"LOG REFERER YTD http://localhost:7000/ ::1 string","timestamp":"2:10:12 PM"}
{"level":"error","message":"LOG REFERER YTD http://localhost:7000/ ::1 string","timestamp":"2:11:20 PM"}
{"level":"error","message":"LOG REFERER YTD http://localhost:7000/ ::1 string","timestamp":"2:13:57 PM"}
{"level":"error","message":"LOG REFERER YTD http://localhost:7000/ ::1 string","timestamp":"2:14:04 PM"}
{"level":"error","message":"LOG REFERER YTD http://localhost:7000/ ::1 string","timestamp":"2:14:58 PM"}
{"level":"error","message":"LOG REFERER YTD http://localhost:7000/ ::1 string","timestamp":"2:15:26 PM"}
{"level":"error","message":"LOG REFERER YTD http://localhost:7000/ ::1 string","timestamp":"2:15:51 PM"}
{"level":"error","message":"LOG REFERER YTD http://localhost:7000/ ::1 string","timestamp":"2:17:33 PM"}
{"level":"error","message":"LOG REFERER YTD http://localhost:7000/ ::1 string","timestamp":"2:18:21 PM"}
{"level":"error","message":"LOG REFERER YTD http://localhost:7000/ ::1 string","timestamp":"2:18:44 PM"}
{"level":"error","message":"LOG REFERER YTD http://localhost:7000/ ::1 string","timestamp":"2:20:27 PM"}
{"level":"error","message":"LOG REFERER YTD http://localhost:7000/ ::1 string","timestamp":"2:21:06 PM"}
{"level":"error","message":"LOG REFERER YTD http://localhost:7000/ ::1 string","timestamp":"2:38:00 PM"}
{"level":"error","message":"LOG REFERER YTD http://localhost:7000/ ::1 string","timestamp":"2:42:47 PM"}
{"level":"error","message":"LOG REFERER YTD http://localhost:7000/ ::1 string","timestamp":"2:48:40 PM"}
{"level":"error","message":"LOG REFERER YTD http://localhost:7000/ ::1 string","timestamp":"2:51:26 PM"}
{"level":"error","message":"LOG REFERER YTD http://localhost:7000/ ::1 string","timestamp":"2:51:44 PM"}
{"level":"error","message":"LOG REFERER YTD http://localhost:7000/ ::1 string","timestamp":"2:54:04 PM"}
{"level":"error","message":"LOG REFERER YTD http://localhost:7000/ ::1 string","timestamp":"2:54:41 PM"}
{"level":"error","message":"LOG REFERER YTD http://localhost:7000/ ::1 string","timestamp":"2:56:09 PM"}
{"level":"error","message":"LOG REFERER YTD http://localhost:7000/ ::1 string","timestamp":"2:56:32 PM"}
{"level":"error","message":"LOG REFERER YTD http://localhost:7000/ ::1 string","timestamp":"3:03:05 PM"}
{"level":"error","message":"LOG REFERER YTD http://localhost:7000/ ::1 string","timestamp":"3:03:35 PM"}
{"level":"warn","message":"Db.prototype.authenticate method will no longer be available in the next major release 3.x as MongoDB 3.6 will only allow auth against users in the admin db and will no longer allow multiple credentials on a socket. Please authenticate using MongoClient.connect with auth credentials.","timestamp":"4:33:12 PM"}
{"level":"warn","message":"Db.prototype.authenticate method will no longer be available in the next major release 3.x as MongoDB 3.6 will only allow auth against users in the admin db and will no longer allow multiple credentials on a socket. Please authenticate using MongoClient.connect with auth credentials.","timestamp":"4:33:12 PM"}
{"level":"warn","message":"Db.prototype.authenticate method will no longer be available in the next major release 3.x as MongoDB 3.6 will only allow auth against users in the admin db and will no longer allow multiple credentials on a socket. Please authenticate using MongoClient.connect with auth credentials.","timestamp":"4:33:12 PM"}
{"level":"warn","message":"Db.prototype.authenticate method will no longer be available in the next major release 3.x as MongoDB 3.6 will only allow auth against users in the admin db and will no longer allow multiple credentials on a socket. Please authenticate using MongoClient.connect with auth credentials.","timestamp":"4:33:12 PM"}
{"level":"warn","message":"Db.prototype.authenticate method will no longer be available in the next major release 3.x as MongoDB 3.6 will only allow auth against users in the admin db and will no longer allow multiple credentials on a socket. Please authenticate using MongoClient.connect with auth credentials.","timestamp":"4:33:12 PM"}
{"level":"warn","message":"Db.prototype.authenticate method will no longer be available in the next major release 3.x as MongoDB 3.6 will only allow auth against users in the admin db and will no longer allow multiple credentials on a socket. Please authenticate using MongoClient.connect with auth credentials.","timestamp":"4:33:12 PM"}
{"level":"warn","message":"Db.prototype.authenticate method will no longer be available in the next major release 3.x as MongoDB 3.6 will only allow auth against users in the admin db and will no longer allow multiple credentials on a socket. Please authenticate using MongoClient.connect with auth credentials.","timestamp":"4:33:12 PM"}
{"level":"warn","message":"Db.prototype.authenticate method will no longer be available in the next major release 3.x as MongoDB 3.6 will only allow auth against users in the admin db and will no longer allow multiple credentials on a socket. Please authenticate using MongoClient.connect with auth credentials.","timestamp":"4:33:12 PM"}
{"level":"warn","message":"Db.prototype.authenticate method will no longer be available in the next major release 3.x as MongoDB 3.6 will only allow auth against users in the admin db and will no longer allow multiple credentials on a socket. Please authenticate using MongoClient.connect with auth credentials.","timestamp":"4:33:12 PM"}
{"level":"warn","message":"Db.prototype.authenticate method will no longer be available in the next major release 3.x as MongoDB 3.6 will only allow auth against users in the admin db and will no longer allow multiple credentials on a socket. Please authenticate using MongoClient.connect with auth credentials.","timestamp":"4:33:12 PM"}
{"level":"warn","message":"Db.prototype.authenticate method will no longer be available in the next major release 3.x as MongoDB 3.6 will only allow auth against users in the admin db and will no longer allow multiple credentials on a socket. Please authenticate using MongoClient.connect with auth credentials.","timestamp":"4:33:12 PM"}
{"level":"warn","message":"Db.prototype.authenticate method will no longer be available in the next major release 3.x as MongoDB 3.6 will only allow auth against users in the admin db and will no longer allow multiple credentials on a socket. Please authenticate using MongoClient.connect with auth credentials.","timestamp":"4:33:12 PM"}
{"level":"warn","message":"Db.prototype.authenticate method will no longer be available in the next major release 3.x as MongoDB 3.6 will only allow auth against users in the admin db and will no longer allow multiple credentials on a socket. Please authenticate using MongoClient.connect with auth credentials.","timestamp":"4:33:12 PM"}
{"level":"warn","message":"Db.prototype.authenticate method will no longer be available in the next major release 3.x as MongoDB 3.6 will only allow auth against users in the admin db and will no longer allow multiple credentials on a socket. Please authenticate using MongoClient.connect with auth credentials.","timestamp":"4:33:12 PM"}
{"level":"warn","message":"Db.prototype.authenticate method will no longer be available in the next major release 3.x as MongoDB 3.6 will only allow auth against users in the admin db and will no longer allow multiple credentials on a socket. Please authenticate using MongoClient.connect with auth credentials.","timestamp":"4:33:12 PM"}
{"level":"warn","message":"Db.prototype.authenticate method will no longer be available in the next major release 3.x as MongoDB 3.6 will only allow auth against users in the admin db and will no longer allow multiple credentials on a socket. Please authenticate using MongoClient.connect with auth credentials.","timestamp":"4:33:12 PM"}
{"level":"warn","message":"Db.prototype.authenticate method will no longer be available in the next major release 3.x as MongoDB 3.6 will only allow auth against users in the admin db and will no longer allow multiple credentials on a socket. Please authenticate using MongoClient.connect with auth credentials.","timestamp":"4:33:12 PM"}
{"level":"warn","message":"Db.prototype.authenticate method will no longer be available in the next major release 3.x as MongoDB 3.6 will only allow auth against users in the admin db and will no longer allow multiple credentials on a socket. Please authenticate using MongoClient.connect with auth credentials.","timestamp":"4:33:12 PM"}
{"level":"warn","message":"Db.prototype.authenticate method will no longer be available in the next major release 3.x as MongoDB 3.6 will only allow auth against users in the admin db and will no longer allow multiple credentials on a socket. Please authenticate using MongoClient.connect with auth credentials.","timestamp":"4:33:12 PM"}
{"level":"warn","message":"Db.prototype.authenticate method will no longer be available in the next major release 3.x as MongoDB 3.6 will only allow auth against users in the admin db and will no longer allow multiple credentials on a socket. Please authenticate using MongoClient.connect with auth credentials.","timestamp":"4:33:12 PM"}
{"level":"warn","message":"Db.prototype.authenticate method will no longer be available in the next major release 3.x as MongoDB 3.6 will only allow auth against users in the admin db and will no longer allow multiple credentials on a socket. Please authenticate using MongoClient.connect with auth credentials.","timestamp":"4:33:12 PM"}
{"level":"warn","message":"Db.prototype.authenticate method will no longer be available in the next major release 3.x as MongoDB 3.6 will only allow auth against users in the admin db and will no longer allow multiple credentials on a socket. Please authenticate using MongoClient.connect with auth credentials.","timestamp":"4:33:12 PM"}
{"level":"warn","message":"Db.prototype.authenticate method will no longer be available in the next major release 3.x as MongoDB 3.6 will only allow auth against users in the admin db and will no longer allow multiple credentials on a socket. Please authenticate using MongoClient.connect with auth credentials.","timestamp":"4:33:12 PM"}
{"level":"warn","message":"Db.prototype.authenticate method will no longer be available in the next major release 3.x as MongoDB 3.6 will only allow auth against users in the admin db and will no longer allow multiple credentials on a socket. Please authenticate using MongoClient.connect with auth credentials.","timestamp":"4:33:12 PM"}
{"level":"warn","message":"Db.prototype.authenticate method will no longer be available in the next major release 3.x as MongoDB 3.6 will only allow auth against users in the admin db and will no longer allow multiple credentials on a socket. Please authenticate using MongoClient.connect with auth credentials.","timestamp":"4:33:12 PM"}
{"level":"warn","message":"Db.prototype.authenticate method will no longer be available in the next major release 3.x as MongoDB 3.6 will only allow auth against users in the admin db and will no longer allow multiple credentials on a socket. Please authenticate using MongoClient.connect with auth credentials.","timestamp":"4:33:12 PM"}
{"level":"warn","message":"Db.prototype.authenticate method will no longer be available in the next major release 3.x as MongoDB 3.6 will only allow auth against users in the admin db and will no longer allow multiple credentials on a socket. Please authenticate using MongoClient.connect with auth credentials.","timestamp":"4:33:13 PM"}
{"level":"error","message":"(node:8164) UnhandledPromiseRejectionWarning: Unhandled promise rejection (rejection id: 1): MongoError: E11000 duplicate key error collection: lm-api-qa.sync_contacts index: Sync_Contact_Id_1 dup key: { : null }","timestamp":"4:33:13 PM"}
{"level":"error","message":"(node:8164) UnhandledPromiseRejectionWarning: Unhandled promise rejection (rejection id: 2): MongoError: Index with name: Posp_Id_1 already exists with different options","timestamp":"4:33:13 PM"}
{"level":"error","message":"LOG REFERER YTD http://localhost:7000/ ::1 string","timestamp":"4:33:30 PM"}
{"level":"error","message":"LOG REFERER YTD http://localhost:7000/ ::1 string","timestamp":"4:33:30 PM"}
{"level":"error","message":"LOG REFERER YTD http://localhost:7000/ ::1 string","timestamp":"4:33:30 PM"}
{"level":"error","message":"LOG REFERER YTD undefined ::ffff:127.0.0.1 undefined","timestamp":"4:33:30 PM"}
{"level":"warn","message":"uncaughtException { Error: ENOENT: no such file or directory, open 'D:\\Suyash Files\\SourceCode\\tmp\\invoice\\537.html'\n    at Error (native)\n    at Object.fs.openSync (fs.js:640:18)\n    at Object.fs.writeFileSync (fs.js:1333:33)\n    at D:\\Suyash Files\\SourceCode\\controllers\\razorpay_payments.js:239:48\n    at D:\\Suyash Files\\SourceCode\\node_modules\\mongoose\\lib\\query.js:3017:18\n    at process._tickCallback (internal/process/next_tick.js:103:7)\n  errno: -4058,\n  code: 'ENOENT',\n  syscall: 'open',\n  path: 'D:\\\\Suyash Files\\\\SourceCode\\\\tmp\\\\invoice\\\\537.html' }","timestamp":"4:33:32 PM"}
{"level":"error","message":"LOG REFERER YTD http://localhost:7000/ ::1 string","timestamp":"4:34:23 PM"}
{"level":"error","message":"LOG REFERER YTD http://localhost:7000/ ::1 string","timestamp":"4:34:23 PM"}
{"level":"error","message":"LOG REFERER YTD http://localhost:7000/ ::1 string","timestamp":"4:34:23 PM"}
{"level":"error","message":"LOG REFERER YTD undefined ::ffff:127.0.0.1 undefined","timestamp":"4:34:23 PM"}
{"level":"warn","message":"uncaughtException { Error: ENOENT: no such file or directory, open 'D:\\Suyash Files\\SourceCode\\tmp\\invoice\\537.html'\n    at Error (native)\n    at Object.fs.openSync (fs.js:640:18)\n    at Object.fs.writeFileSync (fs.js:1333:33)\n    at D:\\Suyash Files\\SourceCode\\controllers\\razorpay_payments.js:239:48\n    at D:\\Suyash Files\\SourceCode\\node_modules\\mongoose\\lib\\query.js:3017:18\n    at process._tickCallback (internal/process/next_tick.js:103:7)\n  errno: -4058,\n  code: 'ENOENT',\n  syscall: 'open',\n  path: 'D:\\\\Suyash Files\\\\SourceCode\\\\tmp\\\\invoice\\\\537.html' }","timestamp":"4:34:25 PM"}
{"level":"error","message":"LOG REFERER YTD http://localhost:7000/ ::1 string","timestamp":"4:36:23 PM"}
{"level":"warn","message":"uncaughtException { Error: ENOENT: no such file or directory, open 'D:\\Suyash Files\\SourceCode\\tmp\\invoice\\537.html'\n    at Error (native)\n    at Object.fs.openSync (fs.js:640:18)\n    at Object.fs.writeFileSync (fs.js:1333:33)\n    at D:\\Suyash Files\\SourceCode\\controllers\\razorpay_payments.js:239:48\n    at D:\\Suyash Files\\SourceCode\\node_modules\\mongoose\\lib\\query.js:3017:18\n    at process._tickCallback (internal/process/next_tick.js:103:7)\n  errno: -4058,\n  code: 'ENOENT',\n  syscall: 'open',\n  path: 'D:\\\\Suyash Files\\\\SourceCode\\\\tmp\\\\invoice\\\\537.html' }","timestamp":"4:36:25 PM"}
{"level":"error","message":"LOG REFERER YTD http://localhost:7000/ ::1 string","timestamp":"4:36:52 PM"}
{"level":"error","message":"LOG REFERER YTD http://localhost:7000/ ::1 string","timestamp":"4:36:52 PM"}
{"level":"error","message":"LOG REFERER YTD http://localhost:7000/ ::1 string","timestamp":"4:36:52 PM"}
{"level":"error","message":"LOG REFERER YTD undefined ::ffff:127.0.0.1 undefined","timestamp":"4:36:52 PM"}
{"level":"warn","message":"uncaughtException { Error: ENOENT: no such file or directory, open 'D:\\Suyash Files\\SourceCode\\tmp\\invoice\\537.html'\n    at Error (native)\n    at Object.fs.openSync (fs.js:640:18)\n    at Object.fs.writeFileSync (fs.js:1333:33)\n    at D:\\Suyash Files\\SourceCode\\controllers\\razorpay_payments.js:239:48\n    at D:\\Suyash Files\\SourceCode\\node_modules\\mongoose\\lib\\query.js:3017:18\n    at process._tickCallback (internal/process/next_tick.js:103:7)\n  errno: -4058,\n  code: 'ENOENT',\n  syscall: 'open',\n  path: 'D:\\\\Suyash Files\\\\SourceCode\\\\tmp\\\\invoice\\\\537.html' }","timestamp":"4:36:54 PM"}
{"level":"error","message":"LOG REFERER YTD http://localhost:7000/ ::1 string","timestamp":"4:36:59 PM"}
{"level":"error","message":"LOG REFERER YTD http://localhost:7000/ ::1 string","timestamp":"4:36:59 PM"}
{"level":"error","message":"LOG REFERER YTD http://localhost:7000/ ::1 string","timestamp":"4:36:59 PM"}
{"level":"error","message":"LOG REFERER YTD undefined ::ffff:127.0.0.1 undefined","timestamp":"4:36:59 PM"}
{"level":"error","message":"LOG REFERER YTD http://localhost:7000/ ::1 string","timestamp":"4:37:00 PM"}
{"level":"warn","message":"uncaughtException { Error: ENOENT: no such file or directory, open 'D:\\Suyash Files\\SourceCode\\tmp\\invoice\\537.html'\n    at Error (native)\n    at Object.fs.openSync (fs.js:640:18)\n    at Object.fs.writeFileSync (fs.js:1333:33)\n    at D:\\Suyash Files\\SourceCode\\controllers\\razorpay_payments.js:239:48\n    at D:\\Suyash Files\\SourceCode\\node_modules\\mongoose\\lib\\query.js:3017:18\n    at process._tickCallback (internal/process/next_tick.js:103:7)\n  errno: -4058,\n  code: 'ENOENT',\n  syscall: 'open',\n  path: 'D:\\\\Suyash Files\\\\SourceCode\\\\tmp\\\\invoice\\\\537.html' }","timestamp":"4:37:01 PM"}
{"level":"error","message":"LOG REFERER YTD http://localhost:7000/ ::1 string","timestamp":"4:37:01 PM"}
{"level":"error","message":"LOG REFERER YTD http://localhost:7000/ ::1 string","timestamp":"4:37:01 PM"}
{"level":"error","message":"LOG REFERER YTD undefined ::ffff:127.0.0.1 undefined","timestamp":"4:37:01 PM"}
{"level":"warn","message":"uncaughtException { Error: ENOENT: no such file or directory, open 'D:\\Suyash Files\\SourceCode\\tmp\\invoice\\537.html'\n    at Error (native)\n    at Object.fs.openSync (fs.js:640:18)\n    at Object.fs.writeFileSync (fs.js:1333:33)\n    at D:\\Suyash Files\\SourceCode\\controllers\\razorpay_payments.js:239:48\n    at D:\\Suyash Files\\SourceCode\\node_modules\\mongoose\\lib\\query.js:3017:18\n    at process._tickCallback (internal/process/next_tick.js:103:7)\n  errno: -4058,\n  code: 'ENOENT',\n  syscall: 'open',\n  path: 'D:\\\\Suyash Files\\\\SourceCode\\\\tmp\\\\invoice\\\\537.html' }","timestamp":"4:37:03 PM"}
{"level":"error","message":"LOG REFERER YTD http://localhost:7000/ ::1 string","timestamp":"4:37:07 PM"}
{"level":"error","message":"LOG REFERER YTD http://localhost:7000/ ::1 string","timestamp":"4:37:07 PM"}
{"level":"error","message":"LOG REFERER YTD http://localhost:7000/ ::1 string","timestamp":"4:37:07 PM"}
{"level":"error","message":"LOG REFERER YTD undefined ::ffff:127.0.0.1 undefined","timestamp":"4:37:07 PM"}
{"level":"warn","message":"uncaughtException { Error: ENOENT: no such file or directory, open 'D:\\Suyash Files\\SourceCode\\tmp\\invoice\\537.html'\n    at Error (native)\n    at Object.fs.openSync (fs.js:640:18)\n    at Object.fs.writeFileSync (fs.js:1333:33)\n    at D:\\Suyash Files\\SourceCode\\controllers\\razorpay_payments.js:239:48\n    at D:\\Suyash Files\\SourceCode\\node_modules\\mongoose\\lib\\query.js:3017:18\n    at process._tickCallback (internal/process/next_tick.js:103:7)\n  errno: -4058,\n  code: 'ENOENT',\n  syscall: 'open',\n  path: 'D:\\\\Suyash Files\\\\SourceCode\\\\tmp\\\\invoice\\\\537.html' }","timestamp":"4:37:09 PM"}
{"level":"error","message":"LOG REFERER YTD http://localhost:7000/ ::1 string","timestamp":"4:37:59 PM"}
{"level":"error","message":"LOG REFERER YTD http://localhost:7000/ ::1 string","timestamp":"4:37:59 PM"}
{"level":"error","message":"LOG REFERER YTD http://localhost:7000/ ::1 string","timestamp":"4:37:59 PM"}
{"level":"error","message":"LOG REFERER YTD undefined ::ffff:127.0.0.1 undefined","timestamp":"4:37:59 PM"}
{"level":"warn","message":"uncaughtException { Error: ENOENT: no such file or directory, open 'D:\\Suyash Files\\SourceCode\\tmp\\invoice\\537.html'\n    at Error (native)\n    at Object.fs.openSync (fs.js:640:18)\n    at Object.fs.writeFileSync (fs.js:1333:33)\n    at D:\\Suyash Files\\SourceCode\\controllers\\razorpay_payments.js:239:48\n    at D:\\Suyash Files\\SourceCode\\node_modules\\mongoose\\lib\\query.js:3017:18\n    at process._tickCallback (internal/process/next_tick.js:103:7)\n  errno: -4058,\n  code: 'ENOENT',\n  syscall: 'open',\n  path: 'D:\\\\Suyash Files\\\\SourceCode\\\\tmp\\\\invoice\\\\537.html' }","timestamp":"4:38:01 PM"}
{"level":"error","message":"LOG REFERER YTD http://localhost:7000/ ::1 string","timestamp":"4:38:02 PM"}
{"level":"error","message":"LOG REFERER YTD http://localhost:7000/ ::1 string","timestamp":"4:38:02 PM"}
{"level":"error","message":"LOG REFERER YTD http://localhost:7000/ ::1 string","timestamp":"4:38:02 PM"}
{"level":"error","message":"LOG REFERER YTD undefined ::ffff:127.0.0.1 undefined","timestamp":"4:38:02 PM"}
{"level":"warn","message":"uncaughtException { Error: ENOENT: no such file or directory, open 'D:\\Suyash Files\\SourceCode\\tmp\\invoice\\537.html'\n    at Error (native)\n    at Object.fs.openSync (fs.js:640:18)\n    at Object.fs.writeFileSync (fs.js:1333:33)\n    at D:\\Suyash Files\\SourceCode\\controllers\\razorpay_payments.js:239:48\n    at D:\\Suyash Files\\SourceCode\\node_modules\\mongoose\\lib\\query.js:3017:18\n    at process._tickCallback (internal/process/next_tick.js:103:7)\n  errno: -4058,\n  code: 'ENOENT',\n  syscall: 'open',\n  path: 'D:\\\\Suyash Files\\\\SourceCode\\\\tmp\\\\invoice\\\\537.html' }","timestamp":"4:38:04 PM"}
{"level":"error","message":"LOG REFERER YTD http://localhost:7000/ ::1 string","timestamp":"4:38:34 PM"}
{"level":"error","message":"LOG REFERER YTD http://localhost:7000/ ::1 string","timestamp":"4:39:55 PM"}
{"level":"error","message":"LOG REFERER YTD http://localhost:7000/ ::1 string","timestamp":"4:39:55 PM"}
{"level":"error","message":"LOG REFERER YTD http://localhost:7000/ ::1 string","timestamp":"4:39:55 PM"}
{"level":"error","message":"LOG REFERER YTD undefined ::ffff:127.0.0.1 undefined","timestamp":"4:39:55 PM"}
{"level":"warn","message":"uncaughtException { Error: ENOENT: no such file or directory, open 'D:\\Suyash Files\\SourceCode\\tmp\\invoice\\537.html'\n    at Error (native)\n    at Object.fs.openSync (fs.js:640:18)\n    at Object.fs.writeFileSync (fs.js:1333:33)\n    at D:\\Suyash Files\\SourceCode\\controllers\\razorpay_payments.js:239:48\n    at D:\\Suyash Files\\SourceCode\\node_modules\\mongoose\\lib\\query.js:3017:18\n    at process._tickCallback (internal/process/next_tick.js:103:7)\n  errno: -4058,\n  code: 'ENOENT',\n  syscall: 'open',\n  path: 'D:\\\\Suyash Files\\\\SourceCode\\\\tmp\\\\invoice\\\\537.html' }","timestamp":"4:39:57 PM"}
{"level":"error","message":"LOG REFERER YTD http://localhost:7000/ ::1 string","timestamp":"4:39:57 PM"}
{"level":"error","message":"LOG REFERER YTD http://localhost:7000/ ::1 string","timestamp":"4:39:58 PM"}
{"level":"error","message":"LOG REFERER YTD http://localhost:7000/ ::1 string","timestamp":"4:39:59 PM"}
{"level":"error","message":"LOG REFERER YTD undefined ::ffff:127.0.0.1 undefined","timestamp":"4:39:59 PM"}
{"level":"warn","message":"uncaughtException { Error: ENOENT: no such file or directory, open 'D:\\Suyash Files\\SourceCode\\tmp\\invoice\\537.html'\n    at Error (native)\n    at Object.fs.openSync (fs.js:640:18)\n    at Object.fs.writeFileSync (fs.js:1333:33)\n    at D:\\Suyash Files\\SourceCode\\controllers\\razorpay_payments.js:239:48\n    at D:\\Suyash Files\\SourceCode\\node_modules\\mongoose\\lib\\query.js:3017:18\n    at process._tickCallback (internal/process/next_tick.js:103:7)\n  errno: -4058,\n  code: 'ENOENT',\n  syscall: 'open',\n  path: 'D:\\\\Suyash Files\\\\SourceCode\\\\tmp\\\\invoice\\\\537.html' }","timestamp":"4:40:01 PM"}
{"level":"error","message":"LOG REFERER YTD http://localhost:7000/ ::1 string","timestamp":"4:41:59 PM"}
{"level":"warn","message":"uncaughtException { Error: ENOENT: no such file or directory, open 'D:\\Suyash Files\\SourceCode\\tmp\\invoice\\537.html'\n    at Error (native)\n    at Object.fs.openSync (fs.js:640:18)\n    at Object.fs.writeFileSync (fs.js:1333:33)\n    at D:\\Suyash Files\\SourceCode\\controllers\\razorpay_payments.js:239:48\n    at D:\\Suyash Files\\SourceCode\\node_modules\\mongoose\\lib\\query.js:3017:18\n    at process._tickCallback (internal/process/next_tick.js:103:7)\n  errno: -4058,\n  code: 'ENOENT',\n  syscall: 'open',\n  path: 'D:\\\\Suyash Files\\\\SourceCode\\\\tmp\\\\invoice\\\\537.html' }","timestamp":"4:42:01 PM"}
{"level":"error","message":"LOG REFERER YTD http://localhost:7000/ ::1 string","timestamp":"4:43:24 PM"}
{"level":"error","message":"LOG REFERER YTD http://localhost:7000/ ::1 string","timestamp":"4:43:28 PM"}
{"level":"error","message":"LOG REFERER YTD http://localhost:7000/ ::1 string","timestamp":"4:43:28 PM"}
{"level":"error","message":"LOG REFERER YTD undefined ::ffff:127.0.0.1 undefined","timestamp":"4:43:28 PM"}
{"level":"warn","message":"uncaughtException { Error: ENOENT: no such file or directory, open 'D:\\Suyash Files\\SourceCode\\tmp\\invoice\\537.html'\n    at Error (native)\n    at Object.fs.openSync (fs.js:640:18)\n    at Object.fs.writeFileSync (fs.js:1333:33)\n    at D:\\Suyash Files\\SourceCode\\controllers\\razorpay_payments.js:239:48\n    at D:\\Suyash Files\\SourceCode\\node_modules\\mongoose\\lib\\query.js:3017:18\n    at process._tickCallback (internal/process/next_tick.js:103:7)\n  errno: -4058,\n  code: 'ENOENT',\n  syscall: 'open',\n  path: 'D:\\\\Suyash Files\\\\SourceCode\\\\tmp\\\\invoice\\\\537.html' }","timestamp":"4:43:30 PM"}
{"level":"error","message":"LOG REFERER YTD http://localhost:7000/ ::1 string","timestamp":"4:44:55 PM"}
{"level":"error","message":"LOG REFERER YTD http://localhost:7000/ ::1 string","timestamp":"4:44:57 PM"}
{"level":"error","message":"LOG REFERER YTD http://localhost:7000/ ::1 string","timestamp":"4:44:57 PM"}
{"level":"error","message":"LOG REFERER YTD undefined ::ffff:127.0.0.1 undefined","timestamp":"4:44:57 PM"}
{"level":"warn","message":"uncaughtException { Error: ENOENT: no such file or directory, open 'D:\\Suyash Files\\SourceCode\\tmp\\invoice\\537.html'\n    at Error (native)\n    at Object.fs.openSync (fs.js:640:18)\n    at Object.fs.writeFileSync (fs.js:1333:33)\n    at D:\\Suyash Files\\SourceCode\\controllers\\razorpay_payments.js:239:48\n    at D:\\Suyash Files\\SourceCode\\node_modules\\mongoose\\lib\\query.js:3017:18\n    at process._tickCallback (internal/process/next_tick.js:103:7)\n  errno: -4058,\n  code: 'ENOENT',\n  syscall: 'open',\n  path: 'D:\\\\Suyash Files\\\\SourceCode\\\\tmp\\\\invoice\\\\537.html' }","timestamp":"4:44:59 PM"}
{"level":"error","message":"LOG REFERER YTD http://localhost:7000/ ::1 string","timestamp":"4:45:30 PM"}
{"level":"error","message":"LOG REFERER YTD http://localhost:7000/ ::1 string","timestamp":"4:45:30 PM"}
{"level":"error","message":"LOG REFERER YTD http://localhost:7000/ ::1 string","timestamp":"4:45:30 PM"}
{"level":"error","message":"LOG REFERER YTD undefined ::ffff:127.0.0.1 undefined","timestamp":"4:45:30 PM"}
{"level":"warn","message":"uncaughtException { Error: ENOENT: no such file or directory, open 'D:\\Suyash Files\\SourceCode\\tmp\\invoice\\537.html'\n    at Error (native)\n    at Object.fs.openSync (fs.js:640:18)\n    at Object.fs.writeFileSync (fs.js:1333:33)\n    at D:\\Suyash Files\\SourceCode\\controllers\\razorpay_payments.js:239:48\n    at D:\\Suyash Files\\SourceCode\\node_modules\\mongoose\\lib\\query.js:3017:18\n    at process._tickCallback (internal/process/next_tick.js:103:7)\n  errno: -4058,\n  code: 'ENOENT',\n  syscall: 'open',\n  path: 'D:\\\\Suyash Files\\\\SourceCode\\\\tmp\\\\invoice\\\\537.html' }","timestamp":"4:45:32 PM"}
{"level":"error","message":"LOG REFERER YTD http://localhost:7000/ ::1 string","timestamp":"4:47:30 PM"}
{"level":"warn","message":"uncaughtException { Error: ENOENT: no such file or directory, open 'D:\\Suyash Files\\SourceCode\\tmp\\invoice\\537.html'\n    at Error (native)\n    at Object.fs.openSync (fs.js:640:18)\n    at Object.fs.writeFileSync (fs.js:1333:33)\n    at D:\\Suyash Files\\SourceCode\\controllers\\razorpay_payments.js:239:48\n    at D:\\Suyash Files\\SourceCode\\node_modules\\mongoose\\lib\\query.js:3017:18\n    at process._tickCallback (internal/process/next_tick.js:103:7)\n  errno: -4058,\n  code: 'ENOENT',\n  syscall: 'open',\n  path: 'D:\\\\Suyash Files\\\\SourceCode\\\\tmp\\\\invoice\\\\537.html' }","timestamp":"4:47:32 PM"}
{"level":"error","message":"LOG REFERER YTD http://localhost:7000/ ::1 string","timestamp":"4:49:01 PM"}
{"level":"error","message":"LOG REFERER YTD http://localhost:7000/ ::1 string","timestamp":"4:49:01 PM"}
{"level":"error","message":"LOG REFERER YTD http://localhost:7000/ ::1 string","timestamp":"4:49:01 PM"}
{"level":"error","message":"LOG REFERER YTD undefined ::ffff:127.0.0.1 undefined","timestamp":"4:49:01 PM"}
{"level":"warn","message":"uncaughtException { Error: ENOENT: no such file or directory, open 'D:\\Suyash Files\\SourceCode\\tmp\\invoice\\537.html'\n    at Error (native)\n    at Object.fs.openSync (fs.js:640:18)\n    at Object.fs.writeFileSync (fs.js:1333:33)\n    at D:\\Suyash Files\\SourceCode\\controllers\\razorpay_payments.js:239:48\n    at D:\\Suyash Files\\SourceCode\\node_modules\\mongoose\\lib\\query.js:3017:18\n    at process._tickCallback (internal/process/next_tick.js:103:7)\n  errno: -4058,\n  code: 'ENOENT',\n  syscall: 'open',\n  path: 'D:\\\\Suyash Files\\\\SourceCode\\\\tmp\\\\invoice\\\\537.html' }","timestamp":"4:49:03 PM"}
{"level":"error","message":"LOG REFERER YTD http://localhost:7000/ ::1 string","timestamp":"4:51:01 PM"}
{"level":"warn","message":"uncaughtException { Error: ENOENT: no such file or directory, open 'D:\\Suyash Files\\SourceCode\\tmp\\invoice\\537.html'\n    at Error (native)\n    at Object.fs.openSync (fs.js:640:18)\n    at Object.fs.writeFileSync (fs.js:1333:33)\n    at D:\\Suyash Files\\SourceCode\\controllers\\razorpay_payments.js:239:48\n    at D:\\Suyash Files\\SourceCode\\node_modules\\mongoose\\lib\\query.js:3017:18\n    at process._tickCallback (internal/process/next_tick.js:103:7)\n  errno: -4058,\n  code: 'ENOENT',\n  syscall: 'open',\n  path: 'D:\\\\Suyash Files\\\\SourceCode\\\\tmp\\\\invoice\\\\537.html' }","timestamp":"4:51:03 PM"}
{"level":"error","message":"LOG REFERER YTD http://localhost:7000/ ::1 string","timestamp":"4:51:55 PM"}
{"level":"error","message":"LOG REFERER YTD http://localhost:7000/ ::1 string","timestamp":"4:51:58 PM"}
{"level":"error","message":"LOG REFERER YTD http://localhost:7000/ ::1 string","timestamp":"4:51:58 PM"}
{"level":"error","message":"LOG REFERER YTD undefined ::ffff:127.0.0.1 undefined","timestamp":"4:51:58 PM"}
{"level":"warn","message":"uncaughtException { Error: ENOENT: no such file or directory, open 'D:\\Suyash Files\\SourceCode\\tmp\\invoice\\537.html'\n    at Error (native)\n    at Object.fs.openSync (fs.js:640:18)\n    at Object.fs.writeFileSync (fs.js:1333:33)\n    at D:\\Suyash Files\\SourceCode\\controllers\\razorpay_payments.js:239:48\n    at D:\\Suyash Files\\SourceCode\\node_modules\\mongoose\\lib\\query.js:3017:18\n    at process._tickCallback (internal/process/next_tick.js:103:7)\n  errno: -4058,\n  code: 'ENOENT',\n  syscall: 'open',\n  path: 'D:\\\\Suyash Files\\\\SourceCode\\\\tmp\\\\invoice\\\\537.html' }","timestamp":"4:52:00 PM"}
{"level":"error","message":"LOG REFERER YTD http://localhost:7000/ ::1 string","timestamp":"4:52:37 PM"}
{"level":"error","message":"LOG REFERER YTD http://localhost:7000/ ::1 string","timestamp":"4:57:21 PM"}
{"level":"error","message":"LOG REFERER YTD http://localhost:7000/ ::1 string","timestamp":"4:57:22 PM"}
{"level":"error","message":"LOG REFERER YTD http://localhost:7000/ ::1 string","timestamp":"4:57:22 PM"}
{"level":"error","message":"LOG REFERER YTD undefined ::ffff:127.0.0.1 undefined","timestamp":"4:57:22 PM"}
{"level":"warn","message":"uncaughtException { Error: ENOENT: no such file or directory, open 'D:\\Suyash Files\\SourceCode\\tmp\\invoice\\537.html'\n    at Error (native)\n    at Object.fs.openSync (fs.js:640:18)\n    at Object.fs.writeFileSync (fs.js:1333:33)\n    at D:\\Suyash Files\\SourceCode\\controllers\\razorpay_payments.js:239:48\n    at D:\\Suyash Files\\SourceCode\\node_modules\\mongoose\\lib\\query.js:3017:18\n    at process._tickCallback (internal/process/next_tick.js:103:7)\n  errno: -4058,\n  code: 'ENOENT',\n  syscall: 'open',\n  path: 'D:\\\\Suyash Files\\\\SourceCode\\\\tmp\\\\invoice\\\\537.html' }","timestamp":"4:57:24 PM"}
{"level":"error","message":"LOG REFERER YTD http://localhost:7000/ ::1 string","timestamp":"4:57:52 PM"}
{"level":"error","message":"LOG REFERER YTD http://localhost:7000/ ::1 string","timestamp":"4:57:52 PM"}
{"level":"error","message":"LOG REFERER YTD http://localhost:7000/ ::1 string","timestamp":"4:57:52 PM"}
{"level":"error","message":"LOG REFERER YTD undefined ::ffff:127.0.0.1 undefined","timestamp":"4:57:52 PM"}
{"level":"warn","message":"uncaughtException { Error: ENOENT: no such file or directory, open 'D:\\Suyash Files\\SourceCode\\tmp\\invoice\\537.html'\n    at Error (native)\n    at Object.fs.openSync (fs.js:640:18)\n    at Object.fs.writeFileSync (fs.js:1333:33)\n    at D:\\Suyash Files\\SourceCode\\controllers\\razorpay_payments.js:239:48\n    at D:\\Suyash Files\\SourceCode\\node_modules\\mongoose\\lib\\query.js:3017:18\n    at process._tickCallback (internal/process/next_tick.js:103:7)\n  errno: -4058,\n  code: 'ENOENT',\n  syscall: 'open',\n  path: 'D:\\\\Suyash Files\\\\SourceCode\\\\tmp\\\\invoice\\\\537.html' }","timestamp":"4:57:54 PM"}
{"level":"error","message":"LOG REFERER YTD http://localhost:7000/ ::1 string","timestamp":"4:59:27 PM"}
{"level":"error","message":"LOG REFERER YTD http://localhost:7000/ ::1 string","timestamp":"4:59:27 PM"}
{"level":"error","message":"LOG REFERER YTD http://localhost:7000/ ::1 string","timestamp":"4:59:27 PM"}
{"level":"error","message":"LOG REFERER YTD undefined ::ffff:127.0.0.1 undefined","timestamp":"4:59:27 PM"}
{"level":"warn","message":"uncaughtException { Error: ENOENT: no such file or directory, open 'D:\\Suyash Files\\SourceCode\\tmp\\invoice\\537.html'\n    at Error (native)\n    at Object.fs.openSync (fs.js:640:18)\n    at Object.fs.writeFileSync (fs.js:1333:33)\n    at D:\\Suyash Files\\SourceCode\\controllers\\razorpay_payments.js:239:48\n    at D:\\Suyash Files\\SourceCode\\node_modules\\mongoose\\lib\\query.js:3017:18\n    at process._tickCallback (internal/process/next_tick.js:103:7)\n  errno: -4058,\n  code: 'ENOENT',\n  syscall: 'open',\n  path: 'D:\\\\Suyash Files\\\\SourceCode\\\\tmp\\\\invoice\\\\537.html' }","timestamp":"4:59:29 PM"}
{"level":"error","message":"LOG REFERER YTD http://localhost:7000/ ::1 string","timestamp":"5:00:57 PM"}
{"level":"error","message":"LOG REFERER YTD http://localhost:7000/ ::1 string","timestamp":"5:00:57 PM"}
{"level":"error","message":"LOG REFERER YTD http://localhost:7000/ ::1 string","timestamp":"5:00:57 PM"}
{"level":"error","message":"LOG REFERER YTD undefined ::ffff:127.0.0.1 undefined","timestamp":"5:00:57 PM"}
{"level":"warn","message":"uncaughtException { Error: ENOENT: no such file or directory, open 'D:\\Suyash Files\\SourceCode\\tmp\\invoice\\537.html'\n    at Error (native)\n    at Object.fs.openSync (fs.js:640:18)\n    at Object.fs.writeFileSync (fs.js:1333:33)\n    at D:\\Suyash Files\\SourceCode\\controllers\\razorpay_payments.js:239:48\n    at D:\\Suyash Files\\SourceCode\\node_modules\\mongoose\\lib\\query.js:3017:18\n    at process._tickCallback (internal/process/next_tick.js:103:7)\n  errno: -4058,\n  code: 'ENOENT',\n  syscall: 'open',\n  path: 'D:\\\\Suyash Files\\\\SourceCode\\\\tmp\\\\invoice\\\\537.html' }","timestamp":"5:00:59 PM"}
{"level":"error","message":"LOG REFERER YTD http://localhost:7000/ ::1 string","timestamp":"5:02:57 PM"}
{"level":"warn","message":"uncaughtException { Error: ENOENT: no such file or directory, open 'D:\\Suyash Files\\SourceCode\\tmp\\invoice\\537.html'\n    at Error (native)\n    at Object.fs.openSync (fs.js:640:18)\n    at Object.fs.writeFileSync (fs.js:1333:33)\n    at D:\\Suyash Files\\SourceCode\\controllers\\razorpay_payments.js:239:48\n    at D:\\Suyash Files\\SourceCode\\node_modules\\mongoose\\lib\\query.js:3017:18\n    at process._tickCallback (internal/process/next_tick.js:103:7)\n  errno: -4058,\n  code: 'ENOENT',\n  syscall: 'open',\n  path: 'D:\\\\Suyash Files\\\\SourceCode\\\\tmp\\\\invoice\\\\537.html' }","timestamp":"5:02:59 PM"}
{"level":"error","message":"LOG REFERER YTD http://localhost:7000/ ::1 string","timestamp":"5:04:57 PM"}
{"level":"warn","message":"uncaughtException { Error: ENOENT: no such file or directory, open 'D:\\Suyash Files\\SourceCode\\tmp\\invoice\\537.html'\n    at Error (native)\n    at Object.fs.openSync (fs.js:640:18)\n    at Object.fs.writeFileSync (fs.js:1333:33)\n    at D:\\Suyash Files\\SourceCode\\controllers\\razorpay_payments.js:239:48\n    at D:\\Suyash Files\\SourceCode\\node_modules\\mongoose\\lib\\query.js:3017:18\n    at process._tickCallback (internal/process/next_tick.js:103:7)\n  errno: -4058,\n  code: 'ENOENT',\n  syscall: 'open',\n  path: 'D:\\\\Suyash Files\\\\SourceCode\\\\tmp\\\\invoice\\\\537.html' }","timestamp":"5:04:59 PM"}
{"level":"error","message":"LOG REFERER YTD undefined ::ffff:127.0.0.1 undefined","timestamp":"5:17:33 PM"}
{"level":"error","message":"LOG REFERER YTD undefined ::ffff:127.0.0.1 undefined","timestamp":"5:17:33 PM"}
{"level":"error","message":"LOG REFERER YTD http://localhost:7000/ ::1 string","timestamp":"5:17:34 PM"}
{"level":"error","message":"LOG REFERER YTD http://localhost:7000/ ::1 string","timestamp":"5:18:17 PM"}
{"level":"warn","message":"uncaughtException TypeError: Cannot set property 'UploadFiles' of undefined\n    at D:\\Suyash Files\\SourceCode\\controllers\\tickets.js:1653:51\n    at D:\\Suyash Files\\SourceCode\\node_modules\\mongoose\\lib\\query.js:3017:18\n    at process._tickCallback (internal/process/next_tick.js:103:7)","timestamp":"5:18:17 PM"}
{"level":"error","message":"LOG REFERER YTD http://localhost:7000/ ::1 string","timestamp":"5:20:13 PM"}
{"level":"error","message":"LOG REFERER YTD http://localhost:7000/ ::1 string","timestamp":"5:20:41 PM"}
{"level":"error","message":"LOG REFERER YTD http://localhost:7000/ ::1 string","timestamp":"5:20:45 PM"}
{"level":"error","message":"LOG REFERER YTD http://localhost:7000/ ::1 string","timestamp":"5:20:52 PM"}
{"level":"warn","message":"uncaughtException TypeError: Cannot set property 'UploadFiles' of undefined\n    at D:\\Suyash Files\\SourceCode\\controllers\\tickets.js:1653:51\n    at D:\\Suyash Files\\SourceCode\\node_modules\\mongoose\\lib\\query.js:3017:18\n    at process._tickCallback (internal/process/next_tick.js:103:7)","timestamp":"5:20:52 PM"}
{"level":"error","message":"LOG REFERER YTD http://localhost:7000/ ::1 string","timestamp":"5:22:52 PM"}
{"level":"warn","message":"uncaughtException TypeError: Cannot set property 'UploadFiles' of undefined\n    at D:\\Suyash Files\\SourceCode\\controllers\\tickets.js:1653:51\n    at D:\\Suyash Files\\SourceCode\\node_modules\\mongoose\\lib\\query.js:3017:18\n    at process._tickCallback (internal/process/next_tick.js:103:7)","timestamp":"5:22:52 PM"}
{"level":"error","message":"LOG REFERER YTD http://localhost:7000/ ::1 string","timestamp":"5:29:34 PM"}
{"level":"error","message":"LOG REFERER YTD http://localhost:7000/ ::1 string","timestamp":"5:30:30 PM"}
{"level":"error","message":"LOG REFERER YTD http://localhost:7000/ ::1 string","timestamp":"5:30:35 PM"}
{"level":"error","message":"LOG REFERER YTD http://localhost:7000/ ::1 string","timestamp":"5:31:56 PM"}
{"level":"error","message":"LOG REFERER YTD http://localhost:7000/ ::1 string","timestamp":"5:32:00 PM"}
{"level":"error","message":"LOG REFERER YTD http://localhost:7000/ ::1 string","timestamp":"5:32:19 PM"}
{"level":"error","message":"LOG REFERER YTD http://localhost:7000/ ::1 string","timestamp":"5:32:30 PM"}
{"level":"error","message":"LOG REFERER YTD http://localhost:7000/ ::1 string","timestamp":"5:32:32 PM"}
{"level":"error","message":"LOG REFERER YTD http://localhost:7000/ ::1 string","timestamp":"5:32:39 PM"}
{"level":"error","message":"LOG REFERER YTD http://localhost:7000/ ::1 string","timestamp":"5:32:47 PM"}
{"level":"error","message":"LOG REFERER YTD http://localhost:7000/ ::1 string","timestamp":"5:32:50 PM"}
{"level":"error","message":"LOG REFERER YTD http://localhost:7000/ ::1 string","timestamp":"5:32:50 PM"}
{"level":"error","message":"HorizonSaleSearch { Last_Status: { '$in': [ 'TRANS_SUCCESS_WO_POLICY', 'TRANS_SUCCESS_WITH_POLICY' ] } } { draw: '1',\n  columns: \n   [ { data: 'User_Data_Id',\n       name: '',\n       searchable: 'true',\n       orderable: 'true',\n       search: [Object] },\n     { data: 'Action',\n       name: '',\n       searchable: 'true',\n       orderable: 'true',\n       search: [Object] },\n     { data: 'Modified_On',\n       name: '',\n       searchable: 'true',\n       orderable: 'true',\n       search: [Object] },\n     { data: 'Product_Name',\n       name: '',\n       searchable: 'true',\n       orderable: 'true',\n       search: [Object] },\n     { data: 'Source',\n       name: '',\n       searchable: 'true',\n       orderable: 'true',\n       search: [Object] },\n     { data: 'PB_CRN',\n       name: '',\n       searchable: 'true',\n       orderable: 'true',\n       search: [Object] },\n     { data: 'ERP_CS',\n       name: '',\n       searchable: 'true',\n       orderable: 'true',\n       search: [Object] },\n     { data: 'ERP_ENTRY',\n       name: '',\n       searchable: 'true',\n       orderable: 'true',\n       search: [Object] },\n     { data: 'Premium',\n       name: '',\n       searchable: 'true',\n       orderable: 'true',\n       search: [Object] },\n     { data: 'Brokerage',\n       name: '',\n       searchable: 'true',\n       orderable: 'true',\n       search: [Object] },\n     { data: 'Insurer',\n       name: '',\n       searchable: 'true',\n       orderable: 'true',\n       search: [Object] },\n     { data: 'Customer',\n       name: '',\n       searchable: 'true',\n       orderable: 'true',\n       search: [Object] },\n     { data: 'Agent',\n       name: '',\n       searchable: 'true',\n       orderable: 'true',\n       search: [Object] },\n     { data: 'SubUser',\n       name: '',\n       searchable: 'true',\n       orderable: 'true',\n       search: [Object] },\n     { data: 'Reporting',\n       name: '',\n       searchable: 'true',\n       orderable: 'true',\n       search: [Object] },\n     { data: 'Ss_Id',\n       name: '',\n       searchable: 'true',\n       orderable: 'true',\n       search: [Object] },\n     { data: 'Fba_Id',\n       name: '',\n       searchable: 'true',\n       orderable: 'true',\n       search: [Object] },\n     { data: 'Sub_User_Id',\n       name: '',\n       searchable: 'true',\n       orderable: 'true',\n       search: [Object] } ],\n  order: [ { column: '0', dir: 'asc' } ],\n  start: '0',\n  length: '10',\n  search: { value: '', regex: 'false' },\n  Col_Transaction_Status: '',\n  Col_Name: '',\n  txtCol_Val: '',\n  Group_Status: 'SELL',\n  App_Version: '',\n  Source: '',\n  Product_Id: '',\n  Insurer_Id: '',\n  PB_CRN: '',\n  ss_id: '8067',\n  session_id: 'gFOn3Qcvbjy_E9yM-GcPJBZnrtYa2vab',\n  uid: '110560',\n  page_action: 'all_transaction',\n  registration_number: '',\n  transaction_start_date: '',\n  transaction_end_date: '' }","timestamp":"5:32:50 PM"}
{"level":"error","message":"LOG REFERER YTD http://localhost:7000/ ::1 string","timestamp":"5:32:50 PM"}
{"level":"error","message":"LOG REFERER YTD http://localhost:7000/ ::1 string","timestamp":"5:32:52 PM"}
{"level":"error","message":"LOG REFERER YTD http://localhost:7000/ ::1 string","timestamp":"5:32:59 PM"}
{"level":"error","message":"LOG REFERER YTD http://localhost:7000/ ::1 string","timestamp":"5:33:54 PM"}
{"level":"error","message":"LOG REFERER YTD http://localhost:7000/ ::1 string","timestamp":"5:33:58 PM"}
{"level":"error","message":"LOG REFERER YTD http://localhost:7000/ ::1 string","timestamp":"5:34:05 PM"}
{"level":"error","message":"LOG REFERER YTD http://localhost:7000/ ::1 string","timestamp":"5:35:04 PM"}
{"level":"error","message":"(node:8164) UnhandledPromiseRejectionWarning: Unhandled promise rejection (rejection id: 3): MongoError: E11000 duplicate key error collection: lm-api-qa.identitycounters index: field_1_groupingField_1_model_1 dup key: { : \"Email_Event_Id\", : null, : \"Email_Event\" }","timestamp":"5:35:08 PM"}
{"level":"error","message":"LOG REFERER YTD undefined ::ffff:127.0.0.1 undefined","timestamp":"5:35:08 PM"}
{"level":"warn","message":"uncaughtException TypeError: Cannot read property 'ss_id' of undefined\n    at D:\\Suyash Files\\SourceCode\\models\\email.js:288:62\n    at D:\\Suyash Files\\SourceCode\\node_modules\\node-rest-client\\lib\\node-rest-client.js:539:13\n    at Object.parse (D:\\Suyash Files\\SourceCode\\node_modules\\node-rest-client\\lib\\nrc-parser-manager.js:151:3)\n    at ConnectManager.handleResponse (D:\\Suyash Files\\SourceCode\\node_modules\\node-rest-client\\lib\\node-rest-client.js:538:32)\n    at ConnectManager.handleEnd (D:\\Suyash Files\\SourceCode\\node_modules\\node-rest-client\\lib\\node-rest-client.js:531:18)\n    at IncomingMessage.<anonymous> (D:\\Suyash Files\\SourceCode\\node_modules\\node-rest-client\\lib\\node-rest-client.js:678:34)\n    at emitNone (events.js:91:20)\n    at IncomingMessage.emit (events.js:185:7)\n    at endReadableNT (_stream_readable.js:974:12)\n    at _combinedTickCallback (internal/process/next_tick.js:74:11)\n    at process._tickCallback (internal/process/next_tick.js:98:9)","timestamp":"5:35:08 PM"}
{"level":"error","message":"LOG REFERER YTD http://localhost:7000/ ::1 string","timestamp":"5:35:18 PM"}
{"level":"error","message":"LOG REFERER YTD http://localhost:7000/ ::1 string","timestamp":"5:35:20 PM"}
{"level":"error","message":"LOG REFERER YTD http://localhost:7000/ ::1 string","timestamp":"5:35:27 PM"}
{"level":"error","message":"LOG REFERER YTD http://localhost:7000/ ::1 string","timestamp":"5:35:29 PM"}
{"level":"error","message":"LOG REFERER YTD http://localhost:7000/ ::1 string","timestamp":"5:35:32 PM"}
{"level":"error","message":"LOG REFERER YTD http://localhost:3000/ticketing/PR8290/8067_file_11.png ::1 string","timestamp":"5:35:32 PM"}
{"level":"error","message":"LOG REFERER YTD http://localhost:3000/ticketing/PR8290/8067_file_11.png ::1 string","timestamp":"5:35:33 PM"}
{"level":"error","message":"LOG REFERER YTD http://localhost:7000/ ::1 string","timestamp":"5:35:47 PM"}
{"level":"error","message":"LOG REFERER YTD http://localhost:3000/ticketing/PR8290/8067_file_11.png ::1 string","timestamp":"5:35:47 PM"}
{"level":"error","message":"LOG REFERER YTD http://localhost:7000/ ::1 string","timestamp":"5:35:49 PM"}
{"level":"error","message":"LOG REFERER YTD http://localhost:3000/ticketing/PR8290/8067_file_12.png ::1 string","timestamp":"5:35:49 PM"}
{"level":"error","message":"LOG REFERER YTD http://localhost:7000/ ::1 string","timestamp":"5:36:28 PM"}
{"level":"error","message":"LOG REFERER YTD http://localhost:3000/ticketing/PR8290/8067_file_11.png ::1 string","timestamp":"5:36:28 PM"}
{"level":"error","message":"LOG REFERER YTD http://localhost:7000/ ::1 string","timestamp":"5:40:46 PM"}
{"level":"error","message":"LOG REFERER YTD http://localhost:7000/ ::1 string","timestamp":"5:40:47 PM"}
{"level":"error","message":"LOG REFERER YTD http://localhost:7000/ ::1 string","timestamp":"5:49:17 PM"}
{"level":"error","message":"LOG REFERER YTD http://localhost:3000/ticketing/PR8290/8067_file_11.png ::1 string","timestamp":"5:49:17 PM"}
{"level":"error","message":"LOG REFERER YTD http://localhost:7000/ ::1 string","timestamp":"5:49:35 PM"}
{"level":"error","message":"LOG REFERER YTD http://localhost:7000/ ::1 string","timestamp":"6:05:07 PM"}
{"level":"error","message":"DBG NO_CRN ","timestamp":"6:05:08 PM"}
