{"level":"info","message":"$$$$$$$$$$$$$$$$$$$$$$$$","timestamp":"9:32:50 AM"}
{"meta":"","level":"info","message":"","timestamp":"9:32:50 AM"}
{"level":"info","message":"Production Environment is Listening on port 3000","timestamp":"9:32:50 AM"}
{"level":"info","message":"Web URL : http://localhost:3000","timestamp":"9:32:50 AM"}
{"meta":"","level":"info","message":"","timestamp":"9:32:50 AM"}
{"level":"info","message":"$$$$$$$$$$$$$$$$$$$$$$$$","timestamp":"9:32:50 AM"}
{"meta":"","level":"info","message":"","timestamp":"9:32:50 AM"}
{"level":"info","message":"Connected to Database","timestamp":"9:32:50 AM"}
{"level":"info","message":"$$$$$$$$$$$$$$$$$$$$$$$$","timestamp":"2:02:53 PM"}
{"meta":"","level":"info","message":"","timestamp":"2:02:53 PM"}
{"level":"info","message":"Production Environment is Listening on port 3000","timestamp":"2:02:53 PM"}
{"level":"info","message":"Web URL : http://localhost:3000","timestamp":"2:02:53 PM"}
{"meta":"","level":"info","message":"","timestamp":"2:02:53 PM"}
{"level":"info","message":"$$$$$$$$$$$$$$$$$$$$$$$$","timestamp":"2:02:53 PM"}
{"meta":"","level":"info","message":"","timestamp":"2:02:53 PM"}
{"level":"info","message":"Connected to Database","timestamp":"2:02:53 PM"}
{"level":"info","message":"$$$$$$$$$$$$$$$$$$$$$$$$","timestamp":"3:11:04 PM"}
{"meta":"","level":"info","message":"","timestamp":"3:11:04 PM"}
{"level":"info","message":"Production Environment is Listening on port 3000","timestamp":"3:11:04 PM"}
{"level":"info","message":"Web URL : http://localhost:3000","timestamp":"3:11:04 PM"}
{"meta":"","level":"info","message":"","timestamp":"3:11:04 PM"}
{"level":"info","message":"$$$$$$$$$$$$$$$$$$$$$$$$","timestamp":"3:11:04 PM"}
{"meta":"","level":"info","message":"","timestamp":"3:11:04 PM"}
{"level":"info","message":"Connected to Database","timestamp":"3:11:05 PM"}
{"level":"info","message":"$$$$$$$$$$$$$$$$$$$$$$$$","timestamp":"3:41:14 PM"}
{"meta":"","level":"info","message":"","timestamp":"3:41:14 PM"}
{"level":"info","message":"Production Environment is Listening on port 3000","timestamp":"3:41:14 PM"}
{"level":"info","message":"Web URL : http://localhost:3000","timestamp":"3:41:14 PM"}
{"meta":"","level":"info","message":"","timestamp":"3:41:14 PM"}
{"level":"info","message":"$$$$$$$$$$$$$$$$$$$$$$$$","timestamp":"3:41:14 PM"}
{"meta":"","level":"info","message":"","timestamp":"3:41:14 PM"}
{"level":"info","message":"Connected to Database","timestamp":"3:41:14 PM"}
{"level":"info","message":"$$$$$$$$$$$$$$$$$$$$$$$$","timestamp":"3:43:33 PM"}
{"meta":"","level":"info","message":"","timestamp":"3:43:33 PM"}
{"level":"info","message":"Production Environment is Listening on port 3000","timestamp":"3:43:33 PM"}
{"level":"info","message":"Web URL : http://localhost:3000","timestamp":"3:43:33 PM"}
{"meta":"","level":"info","message":"","timestamp":"3:43:33 PM"}
{"level":"info","message":"$$$$$$$$$$$$$$$$$$$$$$$$","timestamp":"3:43:33 PM"}
{"meta":"","level":"info","message":"","timestamp":"3:43:33 PM"}
{"level":"info","message":"Connected to Database","timestamp":"3:43:33 PM"}
{"level":"info","message":"$$$$$$$$$$$$$$$$$$$$$$$$","timestamp":"3:44:14 PM"}
{"meta":"","level":"info","message":"","timestamp":"3:44:14 PM"}
{"level":"info","message":"Production Environment is Listening on port 3000","timestamp":"3:44:14 PM"}
{"level":"info","message":"Web URL : http://localhost:3000","timestamp":"3:44:14 PM"}
{"meta":"","level":"info","message":"","timestamp":"3:44:14 PM"}
{"level":"info","message":"$$$$$$$$$$$$$$$$$$$$$$$$","timestamp":"3:44:14 PM"}
{"meta":"","level":"info","message":"","timestamp":"3:44:14 PM"}
{"level":"info","message":"Connected to Database","timestamp":"3:44:15 PM"}
{"level":"info","message":"$$$$$$$$$$$$$$$$$$$$$$$$","timestamp":"3:49:14 PM"}
{"meta":"","level":"info","message":"","timestamp":"3:49:14 PM"}
{"level":"info","message":"Production Environment is Listening on port 3000","timestamp":"3:49:14 PM"}
{"level":"info","message":"Web URL : http://localhost:3000","timestamp":"3:49:14 PM"}
{"meta":"","level":"info","message":"","timestamp":"3:49:14 PM"}
{"level":"info","message":"$$$$$$$$$$$$$$$$$$$$$$$$","timestamp":"3:49:14 PM"}
{"meta":"","level":"info","message":"","timestamp":"3:49:14 PM"}
{"level":"info","message":"Connected to Database","timestamp":"3:49:14 PM"}
{"level":"info","message":"$$$$$$$$$$$$$$$$$$$$$$$$","timestamp":"4:48:13 PM"}
{"meta":"","level":"info","message":"","timestamp":"4:48:13 PM"}
{"level":"info","message":"Production Environment is Listening on port 3000","timestamp":"4:48:13 PM"}
{"level":"info","message":"Web URL : http://localhost:3000","timestamp":"4:48:13 PM"}
{"meta":"","level":"info","message":"","timestamp":"4:48:13 PM"}
{"level":"info","message":"$$$$$$$$$$$$$$$$$$$$$$$$","timestamp":"4:48:13 PM"}
{"meta":"","level":"info","message":"","timestamp":"4:48:13 PM"}
{"level":"info","message":"Connected to Database","timestamp":"4:48:14 PM"}
{"level":"info","message":"$$$$$$$$$$$$$$$$$$$$$$$$","timestamp":"4:50:53 PM"}
{"meta":"","level":"info","message":"","timestamp":"4:50:53 PM"}
{"level":"info","message":"Production Environment is Listening on port 3000","timestamp":"4:50:53 PM"}
{"level":"info","message":"Web URL : http://localhost:3000","timestamp":"4:50:53 PM"}
{"meta":"","level":"info","message":"","timestamp":"4:50:53 PM"}
{"level":"info","message":"$$$$$$$$$$$$$$$$$$$$$$$$","timestamp":"4:50:53 PM"}
{"meta":"","level":"info","message":"","timestamp":"4:50:53 PM"}
{"level":"info","message":"Connected to Database","timestamp":"4:50:53 PM"}
{"level":"info","message":"$$$$$$$$$$$$$$$$$$$$$$$$","timestamp":"4:52:54 PM"}
{"meta":"","level":"info","message":"","timestamp":"4:52:54 PM"}
{"level":"info","message":"Production Environment is Listening on port 3000","timestamp":"4:52:54 PM"}
{"level":"info","message":"Web URL : http://localhost:3000","timestamp":"4:52:54 PM"}
{"meta":"","level":"info","message":"","timestamp":"4:52:54 PM"}
{"level":"info","message":"$$$$$$$$$$$$$$$$$$$$$$$$","timestamp":"4:52:54 PM"}
{"meta":"","level":"info","message":"","timestamp":"4:52:54 PM"}
{"level":"info","message":"Connected to Database","timestamp":"4:52:55 PM"}
{"level":"info","message":"$$$$$$$$$$$$$$$$$$$$$$$$","timestamp":"4:59:11 PM"}
{"meta":"","level":"info","message":"","timestamp":"4:59:11 PM"}
{"level":"info","message":"Production Environment is Listening on port 3000","timestamp":"4:59:11 PM"}
{"level":"info","message":"Web URL : http://localhost:3000","timestamp":"4:59:11 PM"}
{"meta":"","level":"info","message":"","timestamp":"4:59:11 PM"}
{"level":"info","message":"$$$$$$$$$$$$$$$$$$$$$$$$","timestamp":"4:59:11 PM"}
{"meta":"","level":"info","message":"","timestamp":"4:59:11 PM"}
{"level":"info","message":"Connected to Database","timestamp":"4:59:12 PM"}
{"level":"info","message":"$$$$$$$$$$$$$$$$$$$$$$$$","timestamp":"5:03:31 PM"}
{"meta":"","level":"info","message":"","timestamp":"5:03:31 PM"}
{"level":"info","message":"Production Environment is Listening on port 3000","timestamp":"5:03:31 PM"}
{"level":"info","message":"Web URL : http://localhost:3000","timestamp":"5:03:31 PM"}
{"meta":"","level":"info","message":"","timestamp":"5:03:31 PM"}
{"level":"info","message":"$$$$$$$$$$$$$$$$$$$$$$$$","timestamp":"5:03:31 PM"}
{"meta":"","level":"info","message":"","timestamp":"5:03:31 PM"}
{"level":"info","message":"Connected to Database","timestamp":"5:03:31 PM"}
{"level":"info","message":"$$$$$$$$$$$$$$$$$$$$$$$$","timestamp":"5:07:16 PM"}
{"meta":"","level":"info","message":"","timestamp":"5:07:16 PM"}
{"level":"info","message":"Production Environment is Listening on port 3000","timestamp":"5:07:16 PM"}
{"level":"info","message":"Web URL : http://localhost:3000","timestamp":"5:07:16 PM"}
{"meta":"","level":"info","message":"","timestamp":"5:07:16 PM"}
{"level":"info","message":"$$$$$$$$$$$$$$$$$$$$$$$$","timestamp":"5:07:16 PM"}
{"meta":"","level":"info","message":"","timestamp":"5:07:16 PM"}
{"level":"info","message":"Connected to Database","timestamp":"5:07:16 PM"}
{"level":"info","message":"$$$$$$$$$$$$$$$$$$$$$$$$","timestamp":"5:10:20 PM"}
{"meta":"","level":"info","message":"","timestamp":"5:10:20 PM"}
{"level":"info","message":"Production Environment is Listening on port 3000","timestamp":"5:10:20 PM"}
{"level":"info","message":"Web URL : http://localhost:3000","timestamp":"5:10:20 PM"}
{"meta":"","level":"info","message":"","timestamp":"5:10:20 PM"}
{"level":"info","message":"$$$$$$$$$$$$$$$$$$$$$$$$","timestamp":"5:10:20 PM"}
{"meta":"","level":"info","message":"","timestamp":"5:10:20 PM"}
{"level":"info","message":"Connected to Database","timestamp":"5:10:23 PM"}
{"level":"info","message":"$$$$$$$$$$$$$$$$$$$$$$$$","timestamp":"5:17:05 PM"}
{"meta":"","level":"info","message":"","timestamp":"5:17:05 PM"}
{"level":"info","message":"Production Environment is Listening on port 3000","timestamp":"5:17:05 PM"}
{"level":"info","message":"Web URL : http://localhost:3000","timestamp":"5:17:05 PM"}
{"meta":"","level":"info","message":"","timestamp":"5:17:05 PM"}
{"level":"info","message":"$$$$$$$$$$$$$$$$$$$$$$$$","timestamp":"5:17:05 PM"}
{"meta":"","level":"info","message":"","timestamp":"5:17:05 PM"}
{"level":"info","message":"Connected to Database","timestamp":"5:17:05 PM"}
{"level":"info","message":"$$$$$$$$$$$$$$$$$$$$$$$$","timestamp":"5:19:20 PM"}
{"meta":"","level":"info","message":"","timestamp":"5:19:20 PM"}
{"level":"info","message":"Production Environment is Listening on port 3000","timestamp":"5:19:20 PM"}
{"level":"info","message":"Web URL : http://localhost:3000","timestamp":"5:19:20 PM"}
{"meta":"","level":"info","message":"","timestamp":"5:19:20 PM"}
{"level":"info","message":"$$$$$$$$$$$$$$$$$$$$$$$$","timestamp":"5:19:20 PM"}
{"meta":"","level":"info","message":"","timestamp":"5:19:20 PM"}
{"level":"info","message":"Connected to Database","timestamp":"5:19:21 PM"}
{"level":"info","message":"$$$$$$$$$$$$$$$$$$$$$$$$","timestamp":"5:28:11 PM"}
{"meta":"","level":"info","message":"","timestamp":"5:28:11 PM"}
{"level":"info","message":"Production Environment is Listening on port 3000","timestamp":"5:28:11 PM"}
{"level":"info","message":"Web URL : http://localhost:3000","timestamp":"5:28:11 PM"}
{"meta":"","level":"info","message":"","timestamp":"5:28:11 PM"}
{"level":"info","message":"$$$$$$$$$$$$$$$$$$$$$$$$","timestamp":"5:28:11 PM"}
{"meta":"","level":"info","message":"","timestamp":"5:28:11 PM"}
{"level":"info","message":"Connected to Database","timestamp":"5:28:12 PM"}
{"level":"info","message":"$$$$$$$$$$$$$$$$$$$$$$$$","timestamp":"5:31:24 PM"}
{"meta":"","level":"info","message":"","timestamp":"5:31:24 PM"}
{"level":"info","message":"Production Environment is Listening on port 3000","timestamp":"5:31:24 PM"}
{"level":"info","message":"Web URL : http://localhost:3000","timestamp":"5:31:24 PM"}
{"meta":"","level":"info","message":"","timestamp":"5:31:24 PM"}
{"level":"info","message":"$$$$$$$$$$$$$$$$$$$$$$$$","timestamp":"5:31:24 PM"}
{"meta":"","level":"info","message":"","timestamp":"5:31:24 PM"}
{"level":"info","message":"Connected to Database","timestamp":"5:31:25 PM"}
{"level":"info","message":"$$$$$$$$$$$$$$$$$$$$$$$$","timestamp":"5:34:12 PM"}
{"meta":"","level":"info","message":"","timestamp":"5:34:12 PM"}
{"level":"info","message":"Production Environment is Listening on port 3000","timestamp":"5:34:12 PM"}
{"level":"info","message":"Web URL : http://localhost:3000","timestamp":"5:34:12 PM"}
{"meta":"","level":"info","message":"","timestamp":"5:34:12 PM"}
{"level":"info","message":"$$$$$$$$$$$$$$$$$$$$$$$$","timestamp":"5:34:12 PM"}
{"meta":"","level":"info","message":"","timestamp":"5:34:12 PM"}
{"level":"info","message":"Connected to Database","timestamp":"5:34:12 PM"}
{"level":"info","message":"$$$$$$$$$$$$$$$$$$$$$$$$","timestamp":"5:35:14 PM"}
{"meta":"","level":"info","message":"","timestamp":"5:35:14 PM"}
{"level":"info","message":"Production Environment is Listening on port 3000","timestamp":"5:35:14 PM"}
{"level":"info","message":"Web URL : http://localhost:3000","timestamp":"5:35:14 PM"}
{"meta":"","level":"info","message":"","timestamp":"5:35:14 PM"}
{"level":"info","message":"$$$$$$$$$$$$$$$$$$$$$$$$","timestamp":"5:35:14 PM"}
{"meta":"","level":"info","message":"","timestamp":"5:35:14 PM"}
{"level":"info","message":"Connected to Database","timestamp":"5:35:15 PM"}
{"level":"info","message":"$$$$$$$$$$$$$$$$$$$$$$$$","timestamp":"5:38:19 PM"}
{"meta":"","level":"info","message":"","timestamp":"5:38:19 PM"}
{"level":"info","message":"Production Environment is Listening on port 3000","timestamp":"5:38:19 PM"}
{"level":"info","message":"Web URL : http://localhost:3000","timestamp":"5:38:19 PM"}
{"meta":"","level":"info","message":"","timestamp":"5:38:19 PM"}
{"level":"info","message":"$$$$$$$$$$$$$$$$$$$$$$$$","timestamp":"5:38:19 PM"}
{"meta":"","level":"info","message":"","timestamp":"5:38:19 PM"}
{"level":"info","message":"Connected to Database","timestamp":"5:38:19 PM"}
{"level":"info","message":"$$$$$$$$$$$$$$$$$$$$$$$$","timestamp":"5:41:55 PM"}
{"meta":"","level":"info","message":"","timestamp":"5:41:55 PM"}
{"level":"info","message":"Production Environment is Listening on port 3000","timestamp":"5:41:55 PM"}
{"level":"info","message":"Web URL : http://localhost:3000","timestamp":"5:41:55 PM"}
{"meta":"","level":"info","message":"","timestamp":"5:41:55 PM"}
{"level":"info","message":"$$$$$$$$$$$$$$$$$$$$$$$$","timestamp":"5:41:55 PM"}
{"meta":"","level":"info","message":"","timestamp":"5:41:55 PM"}
{"level":"info","message":"Connected to Database","timestamp":"5:41:56 PM"}
{"level":"info","message":"$$$$$$$$$$$$$$$$$$$$$$$$","timestamp":"5:44:03 PM"}
{"meta":"","level":"info","message":"","timestamp":"5:44:03 PM"}
{"level":"info","message":"Production Environment is Listening on port 3000","timestamp":"5:44:03 PM"}
{"level":"info","message":"Web URL : http://localhost:3000","timestamp":"5:44:03 PM"}
{"meta":"","level":"info","message":"","timestamp":"5:44:03 PM"}
{"level":"info","message":"$$$$$$$$$$$$$$$$$$$$$$$$","timestamp":"5:44:03 PM"}
{"meta":"","level":"info","message":"","timestamp":"5:44:03 PM"}
{"level":"info","message":"Connected to Database","timestamp":"5:44:03 PM"}
{"level":"info","message":"$$$$$$$$$$$$$$$$$$$$$$$$","timestamp":"5:48:32 PM"}
{"meta":"","level":"info","message":"","timestamp":"5:48:32 PM"}
{"level":"info","message":"Production Environment is Listening on port 3000","timestamp":"5:48:32 PM"}
{"level":"info","message":"Web URL : http://localhost:3000","timestamp":"5:48:32 PM"}
{"meta":"","level":"info","message":"","timestamp":"5:48:32 PM"}
{"level":"info","message":"$$$$$$$$$$$$$$$$$$$$$$$$","timestamp":"5:48:32 PM"}
{"meta":"","level":"info","message":"","timestamp":"5:48:32 PM"}
{"level":"info","message":"Connected to Database","timestamp":"5:48:33 PM"}
{"level":"info","message":"$$$$$$$$$$$$$$$$$$$$$$$$","timestamp":"6:00:12 PM"}
{"meta":"","level":"info","message":"","timestamp":"6:00:12 PM"}
{"level":"info","message":"Production Environment is Listening on port 3000","timestamp":"6:00:12 PM"}
{"level":"info","message":"Web URL : http://localhost:3000","timestamp":"6:00:12 PM"}
{"meta":"","level":"info","message":"","timestamp":"6:00:12 PM"}
{"level":"info","message":"$$$$$$$$$$$$$$$$$$$$$$$$","timestamp":"6:00:12 PM"}
{"meta":"","level":"info","message":"","timestamp":"6:00:12 PM"}
{"level":"info","message":"Connected to Database","timestamp":"6:00:13 PM"}
{"level":"info","message":"$$$$$$$$$$$$$$$$$$$$$$$$","timestamp":"6:11:05 PM"}
{"meta":"","level":"info","message":"","timestamp":"6:11:05 PM"}
{"level":"info","message":"Production Environment is Listening on port 3000","timestamp":"6:11:05 PM"}
{"level":"info","message":"Web URL : http://localhost:3000","timestamp":"6:11:05 PM"}
{"meta":"","level":"info","message":"","timestamp":"6:11:05 PM"}
{"level":"info","message":"$$$$$$$$$$$$$$$$$$$$$$$$","timestamp":"6:11:05 PM"}
{"meta":"","level":"info","message":"","timestamp":"6:11:05 PM"}
{"level":"info","message":"Connected to Database","timestamp":"6:11:05 PM"}
{"level":"info","message":"$$$$$$$$$$$$$$$$$$$$$$$$","timestamp":"6:14:53 PM"}
{"meta":"","level":"info","message":"","timestamp":"6:14:53 PM"}
{"level":"info","message":"Production Environment is Listening on port 3000","timestamp":"6:14:53 PM"}
{"level":"info","message":"Web URL : http://localhost:3000","timestamp":"6:14:53 PM"}
{"meta":"","level":"info","message":"","timestamp":"6:14:53 PM"}
{"level":"info","message":"$$$$$$$$$$$$$$$$$$$$$$$$","timestamp":"6:14:53 PM"}
{"meta":"","level":"info","message":"","timestamp":"6:14:53 PM"}
{"level":"info","message":"Connected to Database","timestamp":"6:14:53 PM"}
{"level":"info","message":"$$$$$$$$$$$$$$$$$$$$$$$$","timestamp":"6:16:29 PM"}
{"meta":"","level":"info","message":"","timestamp":"6:16:29 PM"}
{"level":"info","message":"Production Environment is Listening on port 3000","timestamp":"6:16:29 PM"}
{"level":"info","message":"Web URL : http://localhost:3000","timestamp":"6:16:29 PM"}
{"meta":"","level":"info","message":"","timestamp":"6:16:29 PM"}
{"level":"info","message":"$$$$$$$$$$$$$$$$$$$$$$$$","timestamp":"6:16:29 PM"}
{"meta":"","level":"info","message":"","timestamp":"6:16:29 PM"}
{"level":"info","message":"Connected to Database","timestamp":"6:16:29 PM"}
