{"level":"info","message":"$$$$$$$$$$$$$$$$$$$$$$$$","timestamp":"9:07:53 AM"}
{"meta":"","level":"info","message":"","timestamp":"9:07:53 AM"}
{"level":"info","message":"Production Environment is Listening on port 3000","timestamp":"9:07:53 AM"}
{"level":"info","message":"Web URL : http://localhost:3000","timestamp":"9:07:53 AM"}
{"meta":"","level":"info","message":"","timestamp":"9:07:53 AM"}
{"level":"info","message":"$$$$$$$$$$$$$$$$$$$$$$$$","timestamp":"9:07:53 AM"}
{"meta":"","level":"info","message":"","timestamp":"9:07:53 AM"}
{"level":"info","message":"emp_data : ","timestamp":"3:13:38 PM"}
{"level":"info","message":"emp_data : ","timestamp":"3:13:39 PM"}
{"level":"info","message":"emp_data : ","timestamp":"3:13:39 PM"}
{"level":"info","message":"emp_data : ","timestamp":"3:13:40 PM"}
{"level":"info","message":"emp_data : ","timestamp":"3:17:46 PM"}
{"level":"info","message":"emp_data : ","timestamp":"3:17:47 PM"}
{"level":"info","message":"emp_data : ","timestamp":"3:17:47 PM"}
{"level":"info","message":"emp_data : ","timestamp":"3:17:48 PM"}
{"level":"info","message":"emp_data : ","timestamp":"3:30:05 PM"}
{"level":"info","message":"emp_data : ","timestamp":"3:30:05 PM"}
{"level":"info","message":"emp_data : ","timestamp":"3:30:06 PM"}
{"level":"info","message":"emp_data : ","timestamp":"3:30:06 PM"}
{"level":"info","message":"emp_data : ","timestamp":"3:30:10 PM"}
{"level":"info","message":"emp_data : ","timestamp":"3:30:11 PM"}
{"level":"info","message":"emp_data : ","timestamp":"3:30:11 PM"}
{"level":"info","message":"emp_data : ","timestamp":"3:30:12 PM"}
{"level":"info","message":"emp_data : ","timestamp":"3:30:48 PM"}
{"level":"info","message":"emp_data : ","timestamp":"3:30:49 PM"}
{"level":"info","message":"emp_data : ","timestamp":"3:30:49 PM"}
{"level":"info","message":"emp_data : ","timestamp":"3:30:50 PM"}
{"level":"info","message":"emp_data : ","timestamp":"3:31:38 PM"}
{"level":"info","message":"emp_data : ","timestamp":"3:31:38 PM"}
{"level":"info","message":"emp_data : ","timestamp":"3:31:39 PM"}
{"level":"info","message":"emp_data : ","timestamp":"3:31:39 PM"}
{"level":"info","message":"emp_data : ","timestamp":"3:31:48 PM"}
{"level":"info","message":"emp_data : ","timestamp":"3:31:49 PM"}
{"level":"info","message":"emp_data : ","timestamp":"3:31:49 PM"}
{"level":"info","message":"emp_data : ","timestamp":"3:31:50 PM"}
{"level":"info","message":"emp_data : ","timestamp":"3:36:28 PM"}
{"level":"info","message":"emp_data : ","timestamp":"3:36:28 PM"}
{"level":"info","message":"emp_data : ","timestamp":"3:36:29 PM"}
{"level":"info","message":"emp_data : ","timestamp":"3:36:29 PM"}
{"level":"info","message":"emp_data : ","timestamp":"3:36:32 PM"}
{"level":"info","message":"emp_data : ","timestamp":"3:36:33 PM"}
{"level":"info","message":"emp_data : ","timestamp":"3:36:33 PM"}
{"level":"info","message":"emp_data : ","timestamp":"3:36:34 PM"}
{"level":"info","message":"emp_data : ","timestamp":"4:24:06 PM"}
{"level":"info","message":"emp_data : ","timestamp":"4:24:07 PM"}
{"level":"info","message":"emp_data : ","timestamp":"4:24:07 PM"}
{"level":"info","message":"emp_data : ","timestamp":"4:24:08 PM"}
{"level":"info","message":"emp_data : ","timestamp":"4:28:55 PM"}
{"level":"info","message":"emp_data : ","timestamp":"4:28:56 PM"}
{"level":"info","message":"emp_data : ","timestamp":"4:28:56 PM"}
{"level":"info","message":"emp_data : ","timestamp":"4:28:57 PM"}
