{"level":"error","message":"LOG REFERER YTD undefined ::ffff:127.0.0.1 undefined","timestamp":"9:35:27 AM"}
{"level":"error","message":"LOG REFERER YTD http://localhost:7000/ ::1 string","timestamp":"9:35:28 AM"}
{"level":"error","message":"LOG REFERER YTD http://localhost:7000/ ::1 string","timestamp":"9:35:50 AM"}
{"level":"error","message":"{ Category: 'Endorsement', Product: 1, Insurer_Id: 44 }","timestamp":"9:35:50 AM"}
{"level":"error","message":"LOG REFERER YTD http://localhost:7000/ ::1 string","timestamp":"9:35:53 AM"}
{"level":"error","message":"LOG REFERER YTD http://localhost:7000/ ::1 string","timestamp":"9:38:13 AM"}
{"level":"error","message":"LOG REFERER YTD http://localhost:7000/ ::1 string","timestamp":"9:38:28 AM"}
{"level":"error","message":"LOG REFERER YTD http://localhost:7000/ ::1 string","timestamp":"9:39:58 AM"}
{"level":"error","message":"LOG REFERER YTD http://localhost:7000/ ::1 string","timestamp":"9:42:37 AM"}
{"level":"error","message":"LOG REFERER YTD http://localhost:7000/ ::1 string","timestamp":"9:42:58 AM"}
{"level":"error","message":"{ Category: 'Endorsement', Product: 1, Insurer_Id: 44 }","timestamp":"9:42:58 AM"}
{"level":"error","message":"LOG REFERER YTD http://localhost:7000/ ::1 string","timestamp":"9:43:02 AM"}
{"level":"error","message":"LOG REFERER YTD http://localhost:7000/ ::1 string","timestamp":"9:43:20 AM"}
{"level":"error","message":"LOG REFERER YTD http://localhost:7000/ ::1 string","timestamp":"9:43:44 AM"}
{"level":"error","message":"LOG REFERER YTD http://localhost:7000/ ::1 string","timestamp":"9:43:53 AM"}
{"level":"error","message":"{ Category: 'Endorsement', Product: 1, Insurer_Id: 44 }","timestamp":"9:43:53 AM"}
{"level":"error","message":"LOG REFERER YTD http://localhost:7000/ ::1 string","timestamp":"9:43:59 AM"}
{"level":"error","message":"LOG REFERER YTD http://localhost:7000/ ::1 string","timestamp":"9:46:50 AM"}
{"level":"error","message":"LOG REFERER YTD http://localhost:7000/ ::1 string","timestamp":"9:46:59 AM"}
{"level":"error","message":"{ Category: 'Endorsement', Product: 1, Insurer_Id: 44 }","timestamp":"9:46:59 AM"}
{"level":"error","message":"LOG REFERER YTD http://localhost:7000/ ::1 string","timestamp":"9:47:05 AM"}
{"level":"error","message":"LOG REFERER YTD http://localhost:7000/ ::1 string","timestamp":"9:53:54 AM"}
{"level":"error","message":"LOG REFERER YTD http://localhost:7000/ ::1 string","timestamp":"9:54:08 AM"}
{"level":"error","message":"{ Category: 'Endorsement', Product: 1, Insurer_Id: 44 }","timestamp":"9:54:08 AM"}
{"level":"error","message":"LOG REFERER YTD http://localhost:7000/ ::1 string","timestamp":"9:54:10 AM"}
{"level":"error","message":"LOG REFERER YTD http://localhost:7000/ ::1 string","timestamp":"9:55:10 AM"}
{"level":"error","message":"LOG REFERER YTD http://localhost:7000/ ::1 string","timestamp":"9:57:32 AM"}
{"level":"error","message":"LOG REFERER YTD http://localhost:7000/ ::1 string","timestamp":"9:57:38 AM"}
{"level":"error","message":"{ Category: 'Endorsement', Product: 1, Insurer_Id: 44 }","timestamp":"9:57:38 AM"}
{"level":"error","message":"LOG REFERER YTD http://localhost:7000/ ::1 string","timestamp":"9:57:41 AM"}
{"level":"error","message":"LOG REFERER YTD http://localhost:7000/ ::1 string","timestamp":"10:01:29 AM"}
{"level":"error","message":"LOG REFERER YTD http://localhost:7000/ ::1 string","timestamp":"10:01:36 AM"}
{"level":"error","message":"{ Category: 'Endorsement', Product: 1, Insurer_Id: 44 }","timestamp":"10:01:36 AM"}
{"level":"error","message":"LOG REFERER YTD http://localhost:7000/ ::1 string","timestamp":"10:01:39 AM"}
{"level":"error","message":"LOG REFERER YTD http://localhost:7000/ ::1 string","timestamp":"10:31:24 AM"}
{"level":"error","message":"LOG REFERER YTD http://localhost:7000/ ::1 string","timestamp":"10:31:34 AM"}
{"level":"error","message":"{ Category: 'Endorsement', Product: 1, Insurer_Id: 44 }","timestamp":"10:31:34 AM"}
{"level":"error","message":"LOG REFERER YTD http://localhost:7000/ ::1 string","timestamp":"10:31:37 AM"}
{"level":"error","message":"LOG REFERER YTD http://localhost:7000/ ::1 string","timestamp":"10:39:05 AM"}
{"level":"error","message":"LOG REFERER YTD http://localhost:7000/ ::1 string","timestamp":"10:39:12 AM"}
{"level":"error","message":"{ Category: 'Endorsement', Product: 1, Insurer_Id: 44 }","timestamp":"10:39:12 AM"}
{"level":"error","message":"LOG REFERER YTD http://localhost:7000/ ::1 string","timestamp":"10:39:14 AM"}
{"level":"error","message":"LOG REFERER YTD http://localhost:7000/ ::1 string","timestamp":"10:45:14 AM"}
{"level":"error","message":"LOG REFERER YTD http://localhost:7000/ ::1 string","timestamp":"10:48:13 AM"}
{"level":"error","message":"LOG REFERER YTD http://localhost:7000/ ::1 string","timestamp":"10:48:20 AM"}
{"level":"error","message":"{ Category: 'Endorsement', Product: 1, Insurer_Id: 44 }","timestamp":"10:48:20 AM"}
{"level":"error","message":"LOG REFERER YTD http://localhost:7000/ ::1 string","timestamp":"10:48:22 AM"}
{"level":"error","message":"LOG REFERER YTD http://localhost:7000/ ::1 string","timestamp":"10:50:04 AM"}
{"level":"error","message":"LOG REFERER YTD http://localhost:7000/ ::1 string","timestamp":"10:50:11 AM"}
{"level":"error","message":"{ Category: 'Endorsement', Product: 1, Insurer_Id: 44 }","timestamp":"10:50:11 AM"}
{"level":"error","message":"LOG REFERER YTD http://localhost:7000/ ::1 string","timestamp":"10:50:24 AM"}
{"level":"warn","message":"Db.prototype.authenticate method will no longer be available in the next major release 3.x as MongoDB 3.6 will only allow auth against users in the admin db and will no longer allow multiple credentials on a socket. Please authenticate using MongoClient.connect with auth credentials.","timestamp":"10:54:56 AM"}
{"level":"warn","message":"Db.prototype.authenticate method will no longer be available in the next major release 3.x as MongoDB 3.6 will only allow auth against users in the admin db and will no longer allow multiple credentials on a socket. Please authenticate using MongoClient.connect with auth credentials.","timestamp":"10:54:56 AM"}
{"level":"warn","message":"Db.prototype.authenticate method will no longer be available in the next major release 3.x as MongoDB 3.6 will only allow auth against users in the admin db and will no longer allow multiple credentials on a socket. Please authenticate using MongoClient.connect with auth credentials.","timestamp":"10:54:56 AM"}
{"level":"warn","message":"Db.prototype.authenticate method will no longer be available in the next major release 3.x as MongoDB 3.6 will only allow auth against users in the admin db and will no longer allow multiple credentials on a socket. Please authenticate using MongoClient.connect with auth credentials.","timestamp":"10:54:56 AM"}
{"level":"warn","message":"Db.prototype.authenticate method will no longer be available in the next major release 3.x as MongoDB 3.6 will only allow auth against users in the admin db and will no longer allow multiple credentials on a socket. Please authenticate using MongoClient.connect with auth credentials.","timestamp":"10:54:56 AM"}
{"level":"warn","message":"Db.prototype.authenticate method will no longer be available in the next major release 3.x as MongoDB 3.6 will only allow auth against users in the admin db and will no longer allow multiple credentials on a socket. Please authenticate using MongoClient.connect with auth credentials.","timestamp":"10:54:56 AM"}
{"level":"warn","message":"Db.prototype.authenticate method will no longer be available in the next major release 3.x as MongoDB 3.6 will only allow auth against users in the admin db and will no longer allow multiple credentials on a socket. Please authenticate using MongoClient.connect with auth credentials.","timestamp":"10:54:56 AM"}
{"level":"warn","message":"Db.prototype.authenticate method will no longer be available in the next major release 3.x as MongoDB 3.6 will only allow auth against users in the admin db and will no longer allow multiple credentials on a socket. Please authenticate using MongoClient.connect with auth credentials.","timestamp":"10:54:56 AM"}
{"level":"warn","message":"Db.prototype.authenticate method will no longer be available in the next major release 3.x as MongoDB 3.6 will only allow auth against users in the admin db and will no longer allow multiple credentials on a socket. Please authenticate using MongoClient.connect with auth credentials.","timestamp":"10:54:56 AM"}
{"level":"warn","message":"Db.prototype.authenticate method will no longer be available in the next major release 3.x as MongoDB 3.6 will only allow auth against users in the admin db and will no longer allow multiple credentials on a socket. Please authenticate using MongoClient.connect with auth credentials.","timestamp":"10:54:56 AM"}
{"level":"warn","message":"Db.prototype.authenticate method will no longer be available in the next major release 3.x as MongoDB 3.6 will only allow auth against users in the admin db and will no longer allow multiple credentials on a socket. Please authenticate using MongoClient.connect with auth credentials.","timestamp":"10:54:56 AM"}
{"level":"warn","message":"Db.prototype.authenticate method will no longer be available in the next major release 3.x as MongoDB 3.6 will only allow auth against users in the admin db and will no longer allow multiple credentials on a socket. Please authenticate using MongoClient.connect with auth credentials.","timestamp":"10:54:56 AM"}
{"level":"warn","message":"Db.prototype.authenticate method will no longer be available in the next major release 3.x as MongoDB 3.6 will only allow auth against users in the admin db and will no longer allow multiple credentials on a socket. Please authenticate using MongoClient.connect with auth credentials.","timestamp":"10:54:56 AM"}
{"level":"warn","message":"Db.prototype.authenticate method will no longer be available in the next major release 3.x as MongoDB 3.6 will only allow auth against users in the admin db and will no longer allow multiple credentials on a socket. Please authenticate using MongoClient.connect with auth credentials.","timestamp":"10:54:56 AM"}
{"level":"warn","message":"Db.prototype.authenticate method will no longer be available in the next major release 3.x as MongoDB 3.6 will only allow auth against users in the admin db and will no longer allow multiple credentials on a socket. Please authenticate using MongoClient.connect with auth credentials.","timestamp":"10:54:56 AM"}
{"level":"warn","message":"Db.prototype.authenticate method will no longer be available in the next major release 3.x as MongoDB 3.6 will only allow auth against users in the admin db and will no longer allow multiple credentials on a socket. Please authenticate using MongoClient.connect with auth credentials.","timestamp":"10:54:56 AM"}
{"level":"warn","message":"Db.prototype.authenticate method will no longer be available in the next major release 3.x as MongoDB 3.6 will only allow auth against users in the admin db and will no longer allow multiple credentials on a socket. Please authenticate using MongoClient.connect with auth credentials.","timestamp":"10:54:56 AM"}
{"level":"warn","message":"Db.prototype.authenticate method will no longer be available in the next major release 3.x as MongoDB 3.6 will only allow auth against users in the admin db and will no longer allow multiple credentials on a socket. Please authenticate using MongoClient.connect with auth credentials.","timestamp":"10:54:56 AM"}
{"level":"warn","message":"Db.prototype.authenticate method will no longer be available in the next major release 3.x as MongoDB 3.6 will only allow auth against users in the admin db and will no longer allow multiple credentials on a socket. Please authenticate using MongoClient.connect with auth credentials.","timestamp":"10:54:56 AM"}
{"level":"warn","message":"Db.prototype.authenticate method will no longer be available in the next major release 3.x as MongoDB 3.6 will only allow auth against users in the admin db and will no longer allow multiple credentials on a socket. Please authenticate using MongoClient.connect with auth credentials.","timestamp":"10:54:56 AM"}
{"level":"warn","message":"Db.prototype.authenticate method will no longer be available in the next major release 3.x as MongoDB 3.6 will only allow auth against users in the admin db and will no longer allow multiple credentials on a socket. Please authenticate using MongoClient.connect with auth credentials.","timestamp":"10:54:56 AM"}
{"level":"warn","message":"Db.prototype.authenticate method will no longer be available in the next major release 3.x as MongoDB 3.6 will only allow auth against users in the admin db and will no longer allow multiple credentials on a socket. Please authenticate using MongoClient.connect with auth credentials.","timestamp":"10:54:56 AM"}
{"level":"warn","message":"Db.prototype.authenticate method will no longer be available in the next major release 3.x as MongoDB 3.6 will only allow auth against users in the admin db and will no longer allow multiple credentials on a socket. Please authenticate using MongoClient.connect with auth credentials.","timestamp":"10:54:56 AM"}
{"level":"warn","message":"Db.prototype.authenticate method will no longer be available in the next major release 3.x as MongoDB 3.6 will only allow auth against users in the admin db and will no longer allow multiple credentials on a socket. Please authenticate using MongoClient.connect with auth credentials.","timestamp":"10:54:56 AM"}
{"level":"warn","message":"Db.prototype.authenticate method will no longer be available in the next major release 3.x as MongoDB 3.6 will only allow auth against users in the admin db and will no longer allow multiple credentials on a socket. Please authenticate using MongoClient.connect with auth credentials.","timestamp":"10:54:56 AM"}
{"level":"warn","message":"Db.prototype.authenticate method will no longer be available in the next major release 3.x as MongoDB 3.6 will only allow auth against users in the admin db and will no longer allow multiple credentials on a socket. Please authenticate using MongoClient.connect with auth credentials.","timestamp":"10:54:56 AM"}
{"level":"warn","message":"Db.prototype.authenticate method will no longer be available in the next major release 3.x as MongoDB 3.6 will only allow auth against users in the admin db and will no longer allow multiple credentials on a socket. Please authenticate using MongoClient.connect with auth credentials.","timestamp":"10:54:56 AM"}
{"level":"error","message":"(node:19844) UnhandledPromiseRejectionWarning: Unhandled promise rejection (rejection id: 1): MongoError: Index with name: Posp_Id_1 already exists with different options","timestamp":"10:54:57 AM"}
{"level":"error","message":"(node:19844) UnhandledPromiseRejectionWarning: Unhandled promise rejection (rejection id: 2): MongoError: E11000 duplicate key error collection: lm-api-qa.sync_contacts index: Sync_Contact_Id_1 dup key: { : null }","timestamp":"10:54:57 AM"}
{"level":"error","message":"LOG REFERER YTD http://localhost:7000/ ::1 string","timestamp":"10:55:00 AM"}
{"level":"error","message":"LOG REFERER YTD http://localhost:7000/ ::1 string","timestamp":"10:55:07 AM"}
{"level":"error","message":"{ Category: 'Endorsement', Product: 1, Insurer_Id: 44 }","timestamp":"10:55:07 AM"}
{"level":"error","message":"(node:19844) UnhandledPromiseRejectionWarning: Unhandled promise rejection (rejection id: 3): MongoError: E11000 duplicate key error collection: lm-api-qa.user_details index: Ticket_Id_1 dup key: { : null }","timestamp":"10:55:08 AM"}
{"level":"error","message":"LOG REFERER YTD http://localhost:7000/ ::1 string","timestamp":"10:55:10 AM"}
{"level":"warn","message":"Db.prototype.authenticate method will no longer be available in the next major release 3.x as MongoDB 3.6 will only allow auth against users in the admin db and will no longer allow multiple credentials on a socket. Please authenticate using MongoClient.connect with auth credentials.","timestamp":"10:57:56 AM"}
{"level":"warn","message":"Db.prototype.authenticate method will no longer be available in the next major release 3.x as MongoDB 3.6 will only allow auth against users in the admin db and will no longer allow multiple credentials on a socket. Please authenticate using MongoClient.connect with auth credentials.","timestamp":"10:57:56 AM"}
{"level":"warn","message":"Db.prototype.authenticate method will no longer be available in the next major release 3.x as MongoDB 3.6 will only allow auth against users in the admin db and will no longer allow multiple credentials on a socket. Please authenticate using MongoClient.connect with auth credentials.","timestamp":"10:57:56 AM"}
{"level":"warn","message":"Db.prototype.authenticate method will no longer be available in the next major release 3.x as MongoDB 3.6 will only allow auth against users in the admin db and will no longer allow multiple credentials on a socket. Please authenticate using MongoClient.connect with auth credentials.","timestamp":"10:57:56 AM"}
{"level":"warn","message":"Db.prototype.authenticate method will no longer be available in the next major release 3.x as MongoDB 3.6 will only allow auth against users in the admin db and will no longer allow multiple credentials on a socket. Please authenticate using MongoClient.connect with auth credentials.","timestamp":"10:57:56 AM"}
{"level":"warn","message":"Db.prototype.authenticate method will no longer be available in the next major release 3.x as MongoDB 3.6 will only allow auth against users in the admin db and will no longer allow multiple credentials on a socket. Please authenticate using MongoClient.connect with auth credentials.","timestamp":"10:57:56 AM"}
{"level":"warn","message":"Db.prototype.authenticate method will no longer be available in the next major release 3.x as MongoDB 3.6 will only allow auth against users in the admin db and will no longer allow multiple credentials on a socket. Please authenticate using MongoClient.connect with auth credentials.","timestamp":"10:57:56 AM"}
{"level":"warn","message":"Db.prototype.authenticate method will no longer be available in the next major release 3.x as MongoDB 3.6 will only allow auth against users in the admin db and will no longer allow multiple credentials on a socket. Please authenticate using MongoClient.connect with auth credentials.","timestamp":"10:57:56 AM"}
{"level":"warn","message":"Db.prototype.authenticate method will no longer be available in the next major release 3.x as MongoDB 3.6 will only allow auth against users in the admin db and will no longer allow multiple credentials on a socket. Please authenticate using MongoClient.connect with auth credentials.","timestamp":"10:57:56 AM"}
{"level":"warn","message":"Db.prototype.authenticate method will no longer be available in the next major release 3.x as MongoDB 3.6 will only allow auth against users in the admin db and will no longer allow multiple credentials on a socket. Please authenticate using MongoClient.connect with auth credentials.","timestamp":"10:57:56 AM"}
{"level":"warn","message":"Db.prototype.authenticate method will no longer be available in the next major release 3.x as MongoDB 3.6 will only allow auth against users in the admin db and will no longer allow multiple credentials on a socket. Please authenticate using MongoClient.connect with auth credentials.","timestamp":"10:57:56 AM"}
{"level":"warn","message":"Db.prototype.authenticate method will no longer be available in the next major release 3.x as MongoDB 3.6 will only allow auth against users in the admin db and will no longer allow multiple credentials on a socket. Please authenticate using MongoClient.connect with auth credentials.","timestamp":"10:57:56 AM"}
{"level":"warn","message":"Db.prototype.authenticate method will no longer be available in the next major release 3.x as MongoDB 3.6 will only allow auth against users in the admin db and will no longer allow multiple credentials on a socket. Please authenticate using MongoClient.connect with auth credentials.","timestamp":"10:57:56 AM"}
{"level":"warn","message":"Db.prototype.authenticate method will no longer be available in the next major release 3.x as MongoDB 3.6 will only allow auth against users in the admin db and will no longer allow multiple credentials on a socket. Please authenticate using MongoClient.connect with auth credentials.","timestamp":"10:57:56 AM"}
{"level":"warn","message":"Db.prototype.authenticate method will no longer be available in the next major release 3.x as MongoDB 3.6 will only allow auth against users in the admin db and will no longer allow multiple credentials on a socket. Please authenticate using MongoClient.connect with auth credentials.","timestamp":"10:57:57 AM"}
{"level":"warn","message":"Db.prototype.authenticate method will no longer be available in the next major release 3.x as MongoDB 3.6 will only allow auth against users in the admin db and will no longer allow multiple credentials on a socket. Please authenticate using MongoClient.connect with auth credentials.","timestamp":"10:57:57 AM"}
{"level":"warn","message":"Db.prototype.authenticate method will no longer be available in the next major release 3.x as MongoDB 3.6 will only allow auth against users in the admin db and will no longer allow multiple credentials on a socket. Please authenticate using MongoClient.connect with auth credentials.","timestamp":"10:57:57 AM"}
{"level":"warn","message":"Db.prototype.authenticate method will no longer be available in the next major release 3.x as MongoDB 3.6 will only allow auth against users in the admin db and will no longer allow multiple credentials on a socket. Please authenticate using MongoClient.connect with auth credentials.","timestamp":"10:57:57 AM"}
{"level":"warn","message":"Db.prototype.authenticate method will no longer be available in the next major release 3.x as MongoDB 3.6 will only allow auth against users in the admin db and will no longer allow multiple credentials on a socket. Please authenticate using MongoClient.connect with auth credentials.","timestamp":"10:57:57 AM"}
{"level":"warn","message":"Db.prototype.authenticate method will no longer be available in the next major release 3.x as MongoDB 3.6 will only allow auth against users in the admin db and will no longer allow multiple credentials on a socket. Please authenticate using MongoClient.connect with auth credentials.","timestamp":"10:57:57 AM"}
{"level":"warn","message":"Db.prototype.authenticate method will no longer be available in the next major release 3.x as MongoDB 3.6 will only allow auth against users in the admin db and will no longer allow multiple credentials on a socket. Please authenticate using MongoClient.connect with auth credentials.","timestamp":"10:57:57 AM"}
{"level":"warn","message":"Db.prototype.authenticate method will no longer be available in the next major release 3.x as MongoDB 3.6 will only allow auth against users in the admin db and will no longer allow multiple credentials on a socket. Please authenticate using MongoClient.connect with auth credentials.","timestamp":"10:57:57 AM"}
{"level":"warn","message":"Db.prototype.authenticate method will no longer be available in the next major release 3.x as MongoDB 3.6 will only allow auth against users in the admin db and will no longer allow multiple credentials on a socket. Please authenticate using MongoClient.connect with auth credentials.","timestamp":"10:57:57 AM"}
{"level":"warn","message":"Db.prototype.authenticate method will no longer be available in the next major release 3.x as MongoDB 3.6 will only allow auth against users in the admin db and will no longer allow multiple credentials on a socket. Please authenticate using MongoClient.connect with auth credentials.","timestamp":"10:57:57 AM"}
{"level":"warn","message":"Db.prototype.authenticate method will no longer be available in the next major release 3.x as MongoDB 3.6 will only allow auth against users in the admin db and will no longer allow multiple credentials on a socket. Please authenticate using MongoClient.connect with auth credentials.","timestamp":"10:57:57 AM"}
{"level":"warn","message":"Db.prototype.authenticate method will no longer be available in the next major release 3.x as MongoDB 3.6 will only allow auth against users in the admin db and will no longer allow multiple credentials on a socket. Please authenticate using MongoClient.connect with auth credentials.","timestamp":"10:57:57 AM"}
{"level":"warn","message":"Db.prototype.authenticate method will no longer be available in the next major release 3.x as MongoDB 3.6 will only allow auth against users in the admin db and will no longer allow multiple credentials on a socket. Please authenticate using MongoClient.connect with auth credentials.","timestamp":"10:57:57 AM"}
{"level":"error","message":"(node:21604) UnhandledPromiseRejectionWarning: Unhandled promise rejection (rejection id: 1): MongoError: E11000 duplicate key error collection: lm-api-qa.sync_contacts index: Sync_Contact_Id_1 dup key: { : null }","timestamp":"10:57:57 AM"}
{"level":"error","message":"(node:21604) UnhandledPromiseRejectionWarning: Unhandled promise rejection (rejection id: 2): MongoError: Index with name: Posp_Id_1 already exists with different options","timestamp":"10:57:57 AM"}
{"level":"error","message":"LOG REFERER YTD http://localhost:7000/ ::1 string","timestamp":"10:58:27 AM"}
{"level":"error","message":"LOG REFERER YTD http://localhost:7000/ ::1 string","timestamp":"10:58:33 AM"}
{"level":"error","message":"{ Category: 'Endorsement', Product: 1, Insurer_Id: 44 }","timestamp":"10:58:33 AM"}
{"level":"error","message":"(node:21604) UnhandledPromiseRejectionWarning: Unhandled promise rejection (rejection id: 3): MongoError: E11000 duplicate key error collection: lm-api-qa.user_details index: Ticket_Id_1 dup key: { : null }","timestamp":"10:58:34 AM"}
{"level":"error","message":"LOG REFERER YTD http://localhost:7000/ ::1 string","timestamp":"10:58:36 AM"}
{"level":"error","message":"LOG REFERER YTD http://localhost:7000/ ::1 string","timestamp":"11:02:27 AM"}
{"level":"error","message":"LOG REFERER YTD http://localhost:7000/ ::1 string","timestamp":"11:02:35 AM"}
{"level":"error","message":"{ Category: 'Endorsement', Product: 1, Insurer_Id: 44 }","timestamp":"11:02:35 AM"}
{"level":"error","message":"LOG REFERER YTD http://localhost:7000/ ::1 string","timestamp":"11:02:37 AM"}
{"level":"error","message":"LOG REFERER YTD http://localhost:7000/ ::1 string","timestamp":"11:03:50 AM"}
{"level":"error","message":"LOG REFERER YTD undefined ::ffff:127.0.0.1 undefined","timestamp":"11:03:50 AM"}
{"level":"error","message":"(node:21604) UnhandledPromiseRejectionWarning: Unhandled promise rejection (rejection id: 4): MongoError: E11000 duplicate key error collection: lm-api-qa.identitycounters index: field_1_groupingField_1_model_1 dup key: { : \"Email_Event_Id\", : null, : \"Email_Event\" }","timestamp":"11:03:50 AM"}
{"level":"error","message":"LOG REFERER YTD http://localhost:7000/ ::1 string","timestamp":"11:04:57 AM"}
{"level":"error","message":"LOG REFERER YTD http://localhost:7000/ ::1 string","timestamp":"11:05:56 AM"}
{"level":"error","message":"LOG REFERER YTD undefined ::ffff:127.0.0.1 undefined","timestamp":"11:06:59 AM"}
{"level":"error","message":"LOG REFERER YTD http://localhost:7000/ ::1 string","timestamp":"11:08:14 AM"}
{"level":"error","message":"LOG REFERER YTD http://localhost:7000/ ::1 string","timestamp":"11:08:40 AM"}
{"level":"error","message":"LOG REFERER YTD undefined ::ffff:127.0.0.1 undefined","timestamp":"11:08:47 AM"}
{"level":"warn","message":"Db.prototype.authenticate method will no longer be available in the next major release 3.x as MongoDB 3.6 will only allow auth against users in the admin db and will no longer allow multiple credentials on a socket. Please authenticate using MongoClient.connect with auth credentials.","timestamp":"11:18:49 AM"}
{"level":"warn","message":"Db.prototype.authenticate method will no longer be available in the next major release 3.x as MongoDB 3.6 will only allow auth against users in the admin db and will no longer allow multiple credentials on a socket. Please authenticate using MongoClient.connect with auth credentials.","timestamp":"11:18:49 AM"}
{"level":"warn","message":"Db.prototype.authenticate method will no longer be available in the next major release 3.x as MongoDB 3.6 will only allow auth against users in the admin db and will no longer allow multiple credentials on a socket. Please authenticate using MongoClient.connect with auth credentials.","timestamp":"11:18:49 AM"}
{"level":"warn","message":"Db.prototype.authenticate method will no longer be available in the next major release 3.x as MongoDB 3.6 will only allow auth against users in the admin db and will no longer allow multiple credentials on a socket. Please authenticate using MongoClient.connect with auth credentials.","timestamp":"11:18:49 AM"}
{"level":"warn","message":"Db.prototype.authenticate method will no longer be available in the next major release 3.x as MongoDB 3.6 will only allow auth against users in the admin db and will no longer allow multiple credentials on a socket. Please authenticate using MongoClient.connect with auth credentials.","timestamp":"11:18:49 AM"}
{"level":"warn","message":"Db.prototype.authenticate method will no longer be available in the next major release 3.x as MongoDB 3.6 will only allow auth against users in the admin db and will no longer allow multiple credentials on a socket. Please authenticate using MongoClient.connect with auth credentials.","timestamp":"11:18:49 AM"}
{"level":"warn","message":"Db.prototype.authenticate method will no longer be available in the next major release 3.x as MongoDB 3.6 will only allow auth against users in the admin db and will no longer allow multiple credentials on a socket. Please authenticate using MongoClient.connect with auth credentials.","timestamp":"11:18:49 AM"}
{"level":"warn","message":"Db.prototype.authenticate method will no longer be available in the next major release 3.x as MongoDB 3.6 will only allow auth against users in the admin db and will no longer allow multiple credentials on a socket. Please authenticate using MongoClient.connect with auth credentials.","timestamp":"11:18:49 AM"}
{"level":"warn","message":"Db.prototype.authenticate method will no longer be available in the next major release 3.x as MongoDB 3.6 will only allow auth against users in the admin db and will no longer allow multiple credentials on a socket. Please authenticate using MongoClient.connect with auth credentials.","timestamp":"11:18:49 AM"}
{"level":"warn","message":"Db.prototype.authenticate method will no longer be available in the next major release 3.x as MongoDB 3.6 will only allow auth against users in the admin db and will no longer allow multiple credentials on a socket. Please authenticate using MongoClient.connect with auth credentials.","timestamp":"11:18:49 AM"}
{"level":"warn","message":"Db.prototype.authenticate method will no longer be available in the next major release 3.x as MongoDB 3.6 will only allow auth against users in the admin db and will no longer allow multiple credentials on a socket. Please authenticate using MongoClient.connect with auth credentials.","timestamp":"11:18:50 AM"}
{"level":"warn","message":"Db.prototype.authenticate method will no longer be available in the next major release 3.x as MongoDB 3.6 will only allow auth against users in the admin db and will no longer allow multiple credentials on a socket. Please authenticate using MongoClient.connect with auth credentials.","timestamp":"11:18:50 AM"}
{"level":"warn","message":"Db.prototype.authenticate method will no longer be available in the next major release 3.x as MongoDB 3.6 will only allow auth against users in the admin db and will no longer allow multiple credentials on a socket. Please authenticate using MongoClient.connect with auth credentials.","timestamp":"11:18:50 AM"}
{"level":"warn","message":"Db.prototype.authenticate method will no longer be available in the next major release 3.x as MongoDB 3.6 will only allow auth against users in the admin db and will no longer allow multiple credentials on a socket. Please authenticate using MongoClient.connect with auth credentials.","timestamp":"11:18:50 AM"}
{"level":"warn","message":"Db.prototype.authenticate method will no longer be available in the next major release 3.x as MongoDB 3.6 will only allow auth against users in the admin db and will no longer allow multiple credentials on a socket. Please authenticate using MongoClient.connect with auth credentials.","timestamp":"11:18:50 AM"}
{"level":"warn","message":"Db.prototype.authenticate method will no longer be available in the next major release 3.x as MongoDB 3.6 will only allow auth against users in the admin db and will no longer allow multiple credentials on a socket. Please authenticate using MongoClient.connect with auth credentials.","timestamp":"11:18:50 AM"}
{"level":"warn","message":"Db.prototype.authenticate method will no longer be available in the next major release 3.x as MongoDB 3.6 will only allow auth against users in the admin db and will no longer allow multiple credentials on a socket. Please authenticate using MongoClient.connect with auth credentials.","timestamp":"11:18:50 AM"}
{"level":"warn","message":"Db.prototype.authenticate method will no longer be available in the next major release 3.x as MongoDB 3.6 will only allow auth against users in the admin db and will no longer allow multiple credentials on a socket. Please authenticate using MongoClient.connect with auth credentials.","timestamp":"11:18:50 AM"}
{"level":"warn","message":"Db.prototype.authenticate method will no longer be available in the next major release 3.x as MongoDB 3.6 will only allow auth against users in the admin db and will no longer allow multiple credentials on a socket. Please authenticate using MongoClient.connect with auth credentials.","timestamp":"11:18:50 AM"}
{"level":"warn","message":"Db.prototype.authenticate method will no longer be available in the next major release 3.x as MongoDB 3.6 will only allow auth against users in the admin db and will no longer allow multiple credentials on a socket. Please authenticate using MongoClient.connect with auth credentials.","timestamp":"11:18:50 AM"}
{"level":"warn","message":"Db.prototype.authenticate method will no longer be available in the next major release 3.x as MongoDB 3.6 will only allow auth against users in the admin db and will no longer allow multiple credentials on a socket. Please authenticate using MongoClient.connect with auth credentials.","timestamp":"11:18:50 AM"}
{"level":"warn","message":"Db.prototype.authenticate method will no longer be available in the next major release 3.x as MongoDB 3.6 will only allow auth against users in the admin db and will no longer allow multiple credentials on a socket. Please authenticate using MongoClient.connect with auth credentials.","timestamp":"11:18:50 AM"}
{"level":"warn","message":"Db.prototype.authenticate method will no longer be available in the next major release 3.x as MongoDB 3.6 will only allow auth against users in the admin db and will no longer allow multiple credentials on a socket. Please authenticate using MongoClient.connect with auth credentials.","timestamp":"11:18:50 AM"}
{"level":"warn","message":"Db.prototype.authenticate method will no longer be available in the next major release 3.x as MongoDB 3.6 will only allow auth against users in the admin db and will no longer allow multiple credentials on a socket. Please authenticate using MongoClient.connect with auth credentials.","timestamp":"11:18:50 AM"}
{"level":"warn","message":"Db.prototype.authenticate method will no longer be available in the next major release 3.x as MongoDB 3.6 will only allow auth against users in the admin db and will no longer allow multiple credentials on a socket. Please authenticate using MongoClient.connect with auth credentials.","timestamp":"11:18:50 AM"}
{"level":"warn","message":"Db.prototype.authenticate method will no longer be available in the next major release 3.x as MongoDB 3.6 will only allow auth against users in the admin db and will no longer allow multiple credentials on a socket. Please authenticate using MongoClient.connect with auth credentials.","timestamp":"11:18:50 AM"}
{"level":"warn","message":"Db.prototype.authenticate method will no longer be available in the next major release 3.x as MongoDB 3.6 will only allow auth against users in the admin db and will no longer allow multiple credentials on a socket. Please authenticate using MongoClient.connect with auth credentials.","timestamp":"11:18:50 AM"}
{"level":"error","message":"(node:6652) UnhandledPromiseRejectionWarning: Unhandled promise rejection (rejection id: 1): MongoError: E11000 duplicate key error collection: lm-api-qa.sync_contacts index: Sync_Contact_Id_1 dup key: { : null }","timestamp":"11:18:50 AM"}
{"level":"error","message":"(node:6652) UnhandledPromiseRejectionWarning: Unhandled promise rejection (rejection id: 2): MongoError: Index with name: Posp_Id_1 already exists with different options","timestamp":"11:18:50 AM"}
{"level":"error","message":"LOG REFERER YTD undefined ::ffff:127.0.0.1 undefined","timestamp":"11:18:59 AM"}
{"level":"error","message":"LOG REFERER YTD http://localhost:7000/ ::1 string","timestamp":"11:19:02 AM"}
{"level":"error","message":"LOG REFERER YTD http://localhost:7000/ ::1 string","timestamp":"11:19:11 AM"}
{"level":"error","message":"{ Category: 'Endorsement', Product: 1, Insurer_Id: 44 }","timestamp":"11:19:11 AM"}
{"level":"error","message":"(node:6652) UnhandledPromiseRejectionWarning: Unhandled promise rejection (rejection id: 3): MongoError: E11000 duplicate key error collection: lm-api-qa.user_details index: Ticket_Id_1 dup key: { : null }","timestamp":"11:19:11 AM"}
{"level":"error","message":"LOG REFERER YTD http://localhost:7000/ ::1 string","timestamp":"11:19:13 AM"}
{"level":"error","message":"LOG REFERER YTD http://localhost:7000/ ::1 string","timestamp":"11:20:14 AM"}
{"level":"error","message":"LOG REFERER YTD undefined ::ffff:127.0.0.1 undefined","timestamp":"11:20:26 AM"}
{"level":"error","message":"(node:6652) UnhandledPromiseRejectionWarning: Unhandled promise rejection (rejection id: 4): MongoError: E11000 duplicate key error collection: lm-api-qa.identitycounters index: field_1_groupingField_1_model_1 dup key: { : \"Email_Event_Id\", : null, : \"Email_Event\" }","timestamp":"11:20:45 AM"}
{"level":"warn","message":"Db.prototype.authenticate method will no longer be available in the next major release 3.x as MongoDB 3.6 will only allow auth against users in the admin db and will no longer allow multiple credentials on a socket. Please authenticate using MongoClient.connect with auth credentials.","timestamp":"11:25:13 AM"}
{"level":"warn","message":"Db.prototype.authenticate method will no longer be available in the next major release 3.x as MongoDB 3.6 will only allow auth against users in the admin db and will no longer allow multiple credentials on a socket. Please authenticate using MongoClient.connect with auth credentials.","timestamp":"11:25:13 AM"}
{"level":"warn","message":"Db.prototype.authenticate method will no longer be available in the next major release 3.x as MongoDB 3.6 will only allow auth against users in the admin db and will no longer allow multiple credentials on a socket. Please authenticate using MongoClient.connect with auth credentials.","timestamp":"11:25:13 AM"}
{"level":"warn","message":"Db.prototype.authenticate method will no longer be available in the next major release 3.x as MongoDB 3.6 will only allow auth against users in the admin db and will no longer allow multiple credentials on a socket. Please authenticate using MongoClient.connect with auth credentials.","timestamp":"11:25:13 AM"}
{"level":"warn","message":"Db.prototype.authenticate method will no longer be available in the next major release 3.x as MongoDB 3.6 will only allow auth against users in the admin db and will no longer allow multiple credentials on a socket. Please authenticate using MongoClient.connect with auth credentials.","timestamp":"11:25:13 AM"}
{"level":"warn","message":"Db.prototype.authenticate method will no longer be available in the next major release 3.x as MongoDB 3.6 will only allow auth against users in the admin db and will no longer allow multiple credentials on a socket. Please authenticate using MongoClient.connect with auth credentials.","timestamp":"11:25:13 AM"}
{"level":"warn","message":"Db.prototype.authenticate method will no longer be available in the next major release 3.x as MongoDB 3.6 will only allow auth against users in the admin db and will no longer allow multiple credentials on a socket. Please authenticate using MongoClient.connect with auth credentials.","timestamp":"11:25:13 AM"}
{"level":"warn","message":"Db.prototype.authenticate method will no longer be available in the next major release 3.x as MongoDB 3.6 will only allow auth against users in the admin db and will no longer allow multiple credentials on a socket. Please authenticate using MongoClient.connect with auth credentials.","timestamp":"11:25:13 AM"}
{"level":"warn","message":"Db.prototype.authenticate method will no longer be available in the next major release 3.x as MongoDB 3.6 will only allow auth against users in the admin db and will no longer allow multiple credentials on a socket. Please authenticate using MongoClient.connect with auth credentials.","timestamp":"11:25:13 AM"}
{"level":"warn","message":"Db.prototype.authenticate method will no longer be available in the next major release 3.x as MongoDB 3.6 will only allow auth against users in the admin db and will no longer allow multiple credentials on a socket. Please authenticate using MongoClient.connect with auth credentials.","timestamp":"11:25:13 AM"}
{"level":"warn","message":"Db.prototype.authenticate method will no longer be available in the next major release 3.x as MongoDB 3.6 will only allow auth against users in the admin db and will no longer allow multiple credentials on a socket. Please authenticate using MongoClient.connect with auth credentials.","timestamp":"11:25:13 AM"}
{"level":"warn","message":"Db.prototype.authenticate method will no longer be available in the next major release 3.x as MongoDB 3.6 will only allow auth against users in the admin db and will no longer allow multiple credentials on a socket. Please authenticate using MongoClient.connect with auth credentials.","timestamp":"11:25:13 AM"}
{"level":"warn","message":"Db.prototype.authenticate method will no longer be available in the next major release 3.x as MongoDB 3.6 will only allow auth against users in the admin db and will no longer allow multiple credentials on a socket. Please authenticate using MongoClient.connect with auth credentials.","timestamp":"11:25:13 AM"}
{"level":"warn","message":"Db.prototype.authenticate method will no longer be available in the next major release 3.x as MongoDB 3.6 will only allow auth against users in the admin db and will no longer allow multiple credentials on a socket. Please authenticate using MongoClient.connect with auth credentials.","timestamp":"11:25:13 AM"}
{"level":"warn","message":"Db.prototype.authenticate method will no longer be available in the next major release 3.x as MongoDB 3.6 will only allow auth against users in the admin db and will no longer allow multiple credentials on a socket. Please authenticate using MongoClient.connect with auth credentials.","timestamp":"11:25:13 AM"}
{"level":"warn","message":"Db.prototype.authenticate method will no longer be available in the next major release 3.x as MongoDB 3.6 will only allow auth against users in the admin db and will no longer allow multiple credentials on a socket. Please authenticate using MongoClient.connect with auth credentials.","timestamp":"11:25:13 AM"}
{"level":"warn","message":"Db.prototype.authenticate method will no longer be available in the next major release 3.x as MongoDB 3.6 will only allow auth against users in the admin db and will no longer allow multiple credentials on a socket. Please authenticate using MongoClient.connect with auth credentials.","timestamp":"11:25:13 AM"}
{"level":"warn","message":"Db.prototype.authenticate method will no longer be available in the next major release 3.x as MongoDB 3.6 will only allow auth against users in the admin db and will no longer allow multiple credentials on a socket. Please authenticate using MongoClient.connect with auth credentials.","timestamp":"11:25:13 AM"}
{"level":"warn","message":"Db.prototype.authenticate method will no longer be available in the next major release 3.x as MongoDB 3.6 will only allow auth against users in the admin db and will no longer allow multiple credentials on a socket. Please authenticate using MongoClient.connect with auth credentials.","timestamp":"11:25:13 AM"}
{"level":"warn","message":"Db.prototype.authenticate method will no longer be available in the next major release 3.x as MongoDB 3.6 will only allow auth against users in the admin db and will no longer allow multiple credentials on a socket. Please authenticate using MongoClient.connect with auth credentials.","timestamp":"11:25:13 AM"}
{"level":"warn","message":"Db.prototype.authenticate method will no longer be available in the next major release 3.x as MongoDB 3.6 will only allow auth against users in the admin db and will no longer allow multiple credentials on a socket. Please authenticate using MongoClient.connect with auth credentials.","timestamp":"11:25:13 AM"}
{"level":"warn","message":"Db.prototype.authenticate method will no longer be available in the next major release 3.x as MongoDB 3.6 will only allow auth against users in the admin db and will no longer allow multiple credentials on a socket. Please authenticate using MongoClient.connect with auth credentials.","timestamp":"11:25:13 AM"}
{"level":"warn","message":"Db.prototype.authenticate method will no longer be available in the next major release 3.x as MongoDB 3.6 will only allow auth against users in the admin db and will no longer allow multiple credentials on a socket. Please authenticate using MongoClient.connect with auth credentials.","timestamp":"11:25:13 AM"}
{"level":"warn","message":"Db.prototype.authenticate method will no longer be available in the next major release 3.x as MongoDB 3.6 will only allow auth against users in the admin db and will no longer allow multiple credentials on a socket. Please authenticate using MongoClient.connect with auth credentials.","timestamp":"11:25:13 AM"}
{"level":"warn","message":"Db.prototype.authenticate method will no longer be available in the next major release 3.x as MongoDB 3.6 will only allow auth against users in the admin db and will no longer allow multiple credentials on a socket. Please authenticate using MongoClient.connect with auth credentials.","timestamp":"11:25:13 AM"}
{"level":"warn","message":"Db.prototype.authenticate method will no longer be available in the next major release 3.x as MongoDB 3.6 will only allow auth against users in the admin db and will no longer allow multiple credentials on a socket. Please authenticate using MongoClient.connect with auth credentials.","timestamp":"11:25:13 AM"}
{"level":"warn","message":"Db.prototype.authenticate method will no longer be available in the next major release 3.x as MongoDB 3.6 will only allow auth against users in the admin db and will no longer allow multiple credentials on a socket. Please authenticate using MongoClient.connect with auth credentials.","timestamp":"11:25:13 AM"}
{"level":"error","message":"(node:12636) UnhandledPromiseRejectionWarning: Unhandled promise rejection (rejection id: 1): MongoError: E11000 duplicate key error collection: lm-api-qa.sync_contacts index: Sync_Contact_Id_1 dup key: { : null }","timestamp":"11:25:13 AM"}
{"level":"error","message":"(node:12636) UnhandledPromiseRejectionWarning: Unhandled promise rejection (rejection id: 2): MongoError: Index with name: Posp_Id_1 already exists with different options","timestamp":"11:25:13 AM"}
{"level":"error","message":"LOG REFERER YTD http://localhost:7000/ ::1 string","timestamp":"11:25:32 AM"}
{"level":"error","message":"LOG REFERER YTD http://localhost:7000/ ::1 string","timestamp":"11:25:51 AM"}
{"level":"error","message":"{ Category: 'Endorsement', Product: 1, Insurer_Id: 44 }","timestamp":"11:25:51 AM"}
{"level":"error","message":"(node:12636) UnhandledPromiseRejectionWarning: Unhandled promise rejection (rejection id: 3): MongoError: E11000 duplicate key error collection: lm-api-qa.user_details index: Ticket_Id_1 dup key: { : null }","timestamp":"11:25:51 AM"}
{"level":"error","message":"LOG REFERER YTD http://localhost:7000/ ::1 string","timestamp":"11:26:17 AM"}
{"level":"error","message":"LOG REFERER YTD http://localhost:7000/ ::1 string","timestamp":"11:27:06 AM"}
{"level":"error","message":"LOG REFERER YTD undefined ::ffff:127.0.0.1 undefined","timestamp":"11:27:13 AM"}
{"level":"error","message":"(node:12636) UnhandledPromiseRejectionWarning: Unhandled promise rejection (rejection id: 4): MongoError: E11000 duplicate key error collection: lm-api-qa.identitycounters index: field_1_groupingField_1_model_1 dup key: { : \"Email_Event_Id\", : null, : \"Email_Event\" }","timestamp":"11:28:45 AM"}
{"level":"error","message":"LOG REFERER YTD http://localhost:7000/ ::1 string","timestamp":"11:29:50 AM"}
{"level":"error","message":"{ Category: 'Endorsement', Product: 1, Insurer_Id: 44 }","timestamp":"11:29:50 AM"}
{"level":"error","message":"LOG REFERER YTD http://localhost:7000/ ::1 string","timestamp":"11:29:52 AM"}
{"level":"error","message":"LOG REFERER YTD http://localhost:7000/ ::1 string","timestamp":"11:30:48 AM"}
{"level":"error","message":"LOG REFERER YTD undefined ::ffff:127.0.0.1 undefined","timestamp":"11:30:58 AM"}
{"level":"error","message":"LOG REFERER YTD http://localhost:7000/ ::1 string","timestamp":"11:31:08 AM"}
{"level":"error","message":"{ Category: 'Endorsement', Product: 1, Insurer_Id: 44 }","timestamp":"11:31:08 AM"}
{"level":"error","message":"LOG REFERER YTD http://localhost:7000/ ::1 string","timestamp":"11:31:14 AM"}
{"level":"error","message":"{ Category: 'Endorsement', Product: 1, Insurer_Id: 44 }","timestamp":"11:31:14 AM"}
{"level":"error","message":"LOG REFERER YTD http://localhost:7000/ ::1 string","timestamp":"11:31:16 AM"}
{"level":"error","message":"LOG REFERER YTD http://localhost:7000/ ::1 string","timestamp":"11:32:34 AM"}
{"level":"error","message":"LOG REFERER YTD undefined ::ffff:127.0.0.1 undefined","timestamp":"11:32:37 AM"}
{"level":"error","message":"LOG REFERER YTD http://localhost:7000/ ::1 string","timestamp":"11:32:45 AM"}
{"level":"error","message":"LOG REFERER YTD http://localhost:7000/ ::1 string","timestamp":"11:36:04 AM"}
{"level":"error","message":"{ Category: 'Endorsement', Product: 1, Insurer_Id: 44 }","timestamp":"11:36:04 AM"}
{"level":"error","message":"LOG REFERER YTD http://localhost:7000/ ::1 string","timestamp":"11:36:05 AM"}
{"level":"error","message":"{ Category: 'Endorsement', Product: 1, Insurer_Id: 44 }","timestamp":"11:36:05 AM"}
{"level":"error","message":"LOG REFERER YTD http://localhost:7000/ ::1 string","timestamp":"11:36:08 AM"}
{"level":"error","message":"LOG REFERER YTD http://localhost:7000/ ::1 string","timestamp":"11:36:51 AM"}
{"level":"error","message":"LOG REFERER YTD undefined ::ffff:127.0.0.1 undefined","timestamp":"11:37:30 AM"}
{"level":"error","message":"LOG REFERER YTD http://localhost:7000/ ::1 string","timestamp":"11:37:45 AM"}
{"level":"error","message":"LOG REFERER YTD http://localhost:7000/ ::1 string","timestamp":"11:39:53 AM"}
{"level":"error","message":"LOG REFERER YTD undefined ::ffff:127.0.0.1 undefined","timestamp":"11:39:53 AM"}
{"level":"error","message":"LOG REFERER YTD http://localhost:7000/ ::1 string","timestamp":"11:40:26 AM"}
{"level":"error","message":"LOG REFERER YTD http://localhost:7000/ ::1 string","timestamp":"11:42:17 AM"}
{"level":"error","message":"LOG REFERER YTD undefined ::ffff:127.0.0.1 undefined","timestamp":"11:42:17 AM"}
{"level":"error","message":"LOG REFERER YTD http://localhost:7000/ ::1 string","timestamp":"11:42:36 AM"}
{"level":"error","message":"LOG REFERER YTD http://localhost:7000/ ::1 string","timestamp":"11:42:45 AM"}
{"level":"error","message":"{ Category: 'Endorsement', Product: 1, Insurer_Id: 44 }","timestamp":"11:42:45 AM"}
{"level":"error","message":"LOG REFERER YTD http://localhost:7000/ ::1 string","timestamp":"11:42:47 AM"}
{"level":"error","message":"LOG REFERER YTD http://localhost:7000/ ::1 string","timestamp":"11:49:23 AM"}
{"level":"error","message":"LOG REFERER YTD http://localhost:7000/ ::1 string","timestamp":"11:49:30 AM"}
{"level":"error","message":"{ Category: 'Endorsement', Product: 10, Insurer_Id: 44 }","timestamp":"11:49:30 AM"}
{"level":"error","message":"LOG REFERER YTD http://localhost:7000/ ::1 string","timestamp":"11:49:32 AM"}
{"level":"error","message":"LOG REFERER YTD http://localhost:7000/ ::1 string","timestamp":"11:50:17 AM"}
{"level":"error","message":"LOG REFERER YTD http://localhost:7000/ ::1 string","timestamp":"11:51:20 AM"}
{"level":"error","message":"LOG REFERER YTD http://localhost:7000/ ::1 string","timestamp":"11:51:24 AM"}
{"level":"error","message":"LOG REFERER YTD http://localhost:7000/ ::1 string","timestamp":"11:51:34 AM"}
{"level":"error","message":"{ Category: 'Endorsement', Product: 1, Insurer_Id: 44 }","timestamp":"11:51:34 AM"}
{"level":"error","message":"LOG REFERER YTD http://localhost:7000/ ::1 string","timestamp":"11:51:35 AM"}
{"level":"error","message":"LOG REFERER YTD http://localhost:7000/ ::1 string","timestamp":"11:52:53 AM"}
{"level":"error","message":"LOG REFERER YTD http://localhost:7000/ ::1 string","timestamp":"11:57:03 AM"}
{"level":"error","message":"LOG REFERER YTD http://localhost:7000/ ::1 string","timestamp":"11:57:16 AM"}
{"level":"error","message":"{ Category: 'Endorsement', Product: 1, Insurer_Id: 44 }","timestamp":"11:57:16 AM"}
{"level":"error","message":"LOG REFERER YTD http://localhost:7000/ ::1 string","timestamp":"11:57:18 AM"}
{"level":"error","message":"LOG REFERER YTD http://localhost:7000/ ::1 string","timestamp":"11:58:10 AM"}
{"level":"error","message":"LOG REFERER YTD http://localhost:7000/ ::1 string","timestamp":"11:58:16 AM"}
{"level":"error","message":"{ Category: 'Endorsement', Product: 1, Insurer_Id: 44 }","timestamp":"11:58:16 AM"}
{"level":"error","message":"LOG REFERER YTD http://localhost:7000/ ::1 string","timestamp":"11:58:18 AM"}
{"level":"error","message":"LOG REFERER YTD http://localhost:7000/ ::1 string","timestamp":"12:02:13 PM"}
{"level":"error","message":"{ Category: 'Endorsement', Product: 1, Insurer_Id: 44 }","timestamp":"12:02:13 PM"}
{"level":"error","message":"LOG REFERER YTD http://localhost:7000/ ::1 string","timestamp":"12:02:14 PM"}
{"level":"error","message":"LOG REFERER YTD undefined ::ffff:127.0.0.1 undefined","timestamp":"1:44:01 PM"}
{"level":"error","message":"LOG REFERER YTD http://localhost:7000/ ::1 string","timestamp":"1:44:03 PM"}
{"level":"error","message":"LOG REFERER YTD http://localhost:7000/ ::1 string","timestamp":"1:44:15 PM"}
{"level":"error","message":"{ Category: 'Endorsement', Product: 1, Insurer_Id: 44 }","timestamp":"1:44:15 PM"}
{"level":"error","message":"LOG REFERER YTD http://localhost:7000/ ::1 string","timestamp":"1:44:18 PM"}
{"level":"error","message":"LOG REFERER YTD http://localhost:7000/ ::1 string","timestamp":"1:47:03 PM"}
{"level":"error","message":"LOG REFERER YTD http://localhost:7000/ ::1 string","timestamp":"1:49:37 PM"}
{"level":"error","message":"LOG REFERER YTD http://localhost:7000/ ::1 string","timestamp":"1:50:45 PM"}
{"level":"error","message":"{ Category: 'Endorsement', Product: 1, Insurer_Id: 44 }","timestamp":"1:50:45 PM"}
{"level":"error","message":"LOG REFERER YTD http://localhost:7000/ ::1 string","timestamp":"1:50:48 PM"}
{"level":"error","message":"LOG REFERER YTD http://localhost:7000/ ::1 string","timestamp":"1:54:22 PM"}
{"level":"error","message":"LOG REFERER YTD http://localhost:7000/ ::1 string","timestamp":"1:54:28 PM"}
{"level":"error","message":"{ Category: 'Endorsement', Product: 1, Insurer_Id: 44 }","timestamp":"1:54:28 PM"}
{"level":"error","message":"LOG REFERER YTD http://localhost:7000/ ::1 string","timestamp":"1:54:43 PM"}
{"level":"error","message":"LOG REFERER YTD http://localhost:7000/ ::1 string","timestamp":"1:56:17 PM"}
{"level":"error","message":"LOG REFERER YTD undefined ::ffff:127.0.0.1 undefined","timestamp":"1:56:17 PM"}
{"level":"error","message":"LOG REFERER YTD http://localhost:7000/ ::1 string","timestamp":"1:56:27 PM"}
{"level":"error","message":"LOG REFERER YTD http://localhost:7000/ ::1 string","timestamp":"1:57:26 PM"}
{"level":"error","message":"LOG REFERER YTD undefined ::ffff:127.0.0.1 undefined","timestamp":"1:57:26 PM"}
{"level":"error","message":"LOG REFERER YTD http://localhost:7000/ ::1 string","timestamp":"1:59:40 PM"}
{"level":"error","message":"{ Category: 'Endorsement', Product: 1, Insurer_Id: 44 }","timestamp":"1:59:40 PM"}
{"level":"error","message":"LOG REFERER YTD http://localhost:7000/ ::1 string","timestamp":"1:59:43 PM"}
{"level":"error","message":"LOG REFERER YTD http://localhost:7000/ ::1 string","timestamp":"2:00:58 PM"}
{"level":"error","message":"LOG REFERER YTD http://localhost:7000/ ::1 string","timestamp":"2:01:04 PM"}
{"level":"error","message":"{ Category: 'Endorsement', Product: 1, Insurer_Id: 44 }","timestamp":"2:01:04 PM"}
{"level":"error","message":"LOG REFERER YTD http://localhost:7000/ ::1 string","timestamp":"2:01:06 PM"}
{"level":"error","message":"LOG REFERER YTD http://localhost:7000/ ::1 string","timestamp":"2:02:16 PM"}
{"level":"error","message":"LOG REFERER YTD undefined ::ffff:127.0.0.1 undefined","timestamp":"2:02:16 PM"}
{"level":"error","message":"LOG REFERER YTD http://localhost:7000/ ::1 string","timestamp":"2:02:21 PM"}
{"level":"error","message":"LOG REFERER YTD http://localhost:7000/ ::1 string","timestamp":"2:04:26 PM"}
{"level":"error","message":"LOG REFERER YTD http://localhost:7000/ ::1 string","timestamp":"2:04:33 PM"}
{"level":"error","message":"{ Category: 'Endorsement', Product: 1, Insurer_Id: 44 }","timestamp":"2:04:33 PM"}
{"level":"error","message":"LOG REFERER YTD http://localhost:7000/ ::1 string","timestamp":"2:04:35 PM"}
{"level":"error","message":"LOG REFERER YTD http://localhost:7000/ ::1 string","timestamp":"2:05:19 PM"}
{"level":"error","message":"LOG REFERER YTD undefined ::ffff:127.0.0.1 undefined","timestamp":"2:05:19 PM"}
{"level":"error","message":"LOG REFERER YTD http://localhost:7000/ ::1 string","timestamp":"2:05:35 PM"}
{"level":"error","message":"LOG REFERER YTD http://localhost:7000/ ::1 string","timestamp":"2:09:46 PM"}
{"level":"error","message":"LOG REFERER YTD http://localhost:7000/ ::1 string","timestamp":"2:09:55 PM"}
{"level":"error","message":"{ Category: 'Endorsement', Product: 1, Insurer_Id: 44 }","timestamp":"2:09:55 PM"}
{"level":"error","message":"LOG REFERER YTD http://localhost:7000/ ::1 string","timestamp":"2:09:56 PM"}
{"level":"error","message":"LOG REFERER YTD http://localhost:7000/ ::1 string","timestamp":"2:11:18 PM"}
{"level":"error","message":"LOG REFERER YTD undefined ::ffff:127.0.0.1 undefined","timestamp":"2:11:18 PM"}
{"level":"error","message":"LOG REFERER YTD http://localhost:7000/ ::1 string","timestamp":"2:11:24 PM"}
{"level":"error","message":"{ Category: 'Endorsement', Product: 1, Insurer_Id: 44 }","timestamp":"2:11:24 PM"}
{"level":"error","message":"LOG REFERER YTD http://localhost:7000/ ::1 string","timestamp":"2:11:26 PM"}
{"level":"error","message":"LOG REFERER YTD http://localhost:7000/ ::1 string","timestamp":"2:12:15 PM"}
{"level":"error","message":"LOG REFERER YTD http://localhost:7000/ ::1 string","timestamp":"2:12:57 PM"}
{"level":"error","message":"LOG REFERER YTD undefined ::ffff:127.0.0.1 undefined","timestamp":"2:12:57 PM"}
{"level":"error","message":"LOG REFERER YTD http://localhost:7000/ ::1 string","timestamp":"2:13:21 PM"}
{"level":"error","message":"{ Category: 'Endorsement', Product: 1, Insurer_Id: 44 }","timestamp":"2:13:21 PM"}
{"level":"error","message":"LOG REFERER YTD http://localhost:7000/ ::1 string","timestamp":"2:13:24 PM"}
{"level":"error","message":"LOG REFERER YTD http://localhost:7000/ ::1 string","timestamp":"2:18:05 PM"}
{"level":"error","message":"LOG REFERER YTD undefined ::ffff:127.0.0.1 undefined","timestamp":"2:18:05 PM"}
{"level":"error","message":"LOG REFERER YTD http://localhost:7000/ ::1 string","timestamp":"2:18:49 PM"}
{"level":"error","message":"LOG REFERER YTD http://localhost:7000/ ::1 string","timestamp":"2:19:34 PM"}
{"level":"error","message":"LOG REFERER YTD undefined ::ffff:127.0.0.1 undefined","timestamp":"2:19:34 PM"}
{"level":"error","message":"LOG REFERER YTD http://localhost:7000/ ::1 string","timestamp":"2:43:42 PM"}
{"level":"error","message":"{ Category: 'Endorsement', Product: 1, Insurer_Id: 44 }","timestamp":"2:43:42 PM"}
{"level":"error","message":"LOG REFERER YTD http://localhost:7000/ ::1 string","timestamp":"2:43:44 PM"}
{"level":"error","message":"LOG REFERER YTD http://localhost:7000/ ::1 string","timestamp":"2:47:02 PM"}
{"level":"error","message":"{ Category: 'Endorsement', Product: 1, Insurer_Id: 44 }","timestamp":"2:47:02 PM"}
{"level":"error","message":"LOG REFERER YTD http://localhost:7000/ ::1 string","timestamp":"2:47:03 PM"}
{"level":"error","message":"LOG REFERER YTD http://localhost:7000/ ::1 string","timestamp":"3:03:49 PM"}
{"level":"error","message":"LOG REFERER YTD http://localhost:7000/ ::1 string","timestamp":"3:03:57 PM"}
{"level":"error","message":"{ Category: 'Endorsement', Product: 1, Insurer_Id: 44 }","timestamp":"3:03:57 PM"}
{"level":"error","message":"LOG REFERER YTD http://localhost:7000/ ::1 string","timestamp":"3:04:00 PM"}
{"level":"error","message":"LOG REFERER YTD http://localhost:7000/ ::1 string","timestamp":"3:04:47 PM"}
{"level":"error","message":"LOG REFERER YTD undefined ::ffff:127.0.0.1 undefined","timestamp":"3:04:47 PM"}
{"level":"error","message":"LOG REFERER YTD http://localhost:7000/ ::1 string","timestamp":"3:16:21 PM"}
{"level":"error","message":"LOG REFERER YTD http://localhost:7000/ ::1 string","timestamp":"3:16:42 PM"}
{"level":"error","message":"LOG REFERER YTD http://localhost:7000/ ::1 string","timestamp":"3:17:02 PM"}
{"level":"error","message":"LOG REFERER YTD http://localhost:7000/ ::1 string","timestamp":"3:17:10 PM"}
{"level":"error","message":"LOG REFERER YTD http://localhost:7000/ ::1 string","timestamp":"3:17:21 PM"}
{"level":"error","message":"LOG REFERER YTD http://localhost:7000/ ::1 string","timestamp":"3:18:02 PM"}
{"level":"error","message":"LOG REFERER YTD http://localhost:7000/ ::1 string","timestamp":"3:18:10 PM"}
{"level":"error","message":"LOG REFERER YTD http://localhost:7000/ ::1 string","timestamp":"3:18:13 PM"}
{"level":"error","message":"LOG REFERER YTD http://localhost:7000/ ::1 string","timestamp":"3:18:17 PM"}
{"level":"error","message":"LOG REFERER YTD http://localhost:7000/ ::1 string","timestamp":"3:18:37 PM"}
{"level":"error","message":"LOG REFERER YTD http://localhost:7000/ ::1 string","timestamp":"3:18:57 PM"}
{"level":"error","message":"LOG REFERER YTD http://localhost:7000/ ::1 string","timestamp":"3:19:18 PM"}
{"level":"error","message":"(node:12636) UnhandledPromiseRejectionWarning: Unhandled promise rejection (rejection id: 5): MongoError: E11000 duplicate key error collection: lm-api-qa.identitycounters index: field_1_groupingField_1_model_1 dup key: { : \"Email_Event_Id\", : null, : \"Email_Event\" }","timestamp":"3:19:20 PM"}
{"level":"error","message":"LOG REFERER YTD undefined ::ffff:127.0.0.1 undefined","timestamp":"3:19:20 PM"}
{"level":"error","message":"LOG REFERER YTD http://localhost:7000/ ::1 string","timestamp":"3:20:22 PM"}
{"level":"error","message":"LOG REFERER YTD http://localhost:7000/ ::1 string","timestamp":"3:29:18 PM"}
{"level":"error","message":"{ Category: 'Endorsement', Product: 1, Insurer_Id: 44 }","timestamp":"3:29:18 PM"}
{"level":"error","message":"LOG REFERER YTD http://localhost:7000/ ::1 string","timestamp":"3:29:21 PM"}
{"level":"error","message":"LOG REFERER YTD http://localhost:7000/ ::1 string","timestamp":"3:39:05 PM"}
{"level":"error","message":"LOG REFERER YTD http://localhost:7000/ ::1 string","timestamp":"3:43:54 PM"}
{"level":"error","message":"LOG REFERER YTD http://localhost:7000/ ::1 string","timestamp":"3:54:10 PM"}
{"level":"warn","message":"uncaughtException { MongoError: failed to connect to server [65.0.176.149:27017] on first connect [MongoError: connection 0 to 65.0.176.149:27017 timed out]\n    at Pool.<anonymous> (D:\\Admin\\SourceCode\\node_modules\\mongoose\\node_modules\\mongodb-core\\lib\\topologies\\server.js:336:35)\n    at emitOne (events.js:96:13)\n    at Pool.emit (events.js:188:7)\n    at Connection.<anonymous> (D:\\Admin\\SourceCode\\node_modules\\mongoose\\node_modules\\mongodb-core\\lib\\connection\\pool.js:280:12)\n    at Connection.g (events.js:291:16)\n    at emitTwo (events.js:106:13)\n    at Connection.emit (events.js:191:7)\n    at Socket.<anonymous> (D:\\Admin\\SourceCode\\node_modules\\mongoose\\node_modules\\mongodb-core\\lib\\connection\\connection.js:197:10)\n    at Socket.g (events.js:291:16)\n    at emitNone (events.js:86:13)\n    at Socket.emit (events.js:185:7)\n    at Socket._onTimeout (net.js:339:8)\n    at ontimeout (timers.js:365:14)\n    at tryOnTimeout (timers.js:237:5)\n    at Timer.listOnTimeout (timers.js:207:5)\n  name: 'MongoError',\n  message: 'failed to connect to server [65.0.176.149:27017] on first connect [MongoError: connection 0 to 65.0.176.149:27017 timed out]' }","timestamp":"4:22:26 PM"}
{"level":"warn","message":"uncaughtException { MongoError: failed to connect to server [65.0.176.149:27017] on first connect [MongoError: connection 1 to 65.0.176.149:27017 timed out]\n    at Pool.<anonymous> (D:\\Admin\\SourceCode\\node_modules\\mongoose\\node_modules\\mongodb-core\\lib\\topologies\\server.js:336:35)\n    at emitOne (events.js:96:13)\n    at Pool.emit (events.js:188:7)\n    at Connection.<anonymous> (D:\\Admin\\SourceCode\\node_modules\\mongoose\\node_modules\\mongodb-core\\lib\\connection\\pool.js:280:12)\n    at Connection.g (events.js:291:16)\n    at emitTwo (events.js:106:13)\n    at Connection.emit (events.js:191:7)\n    at Socket.<anonymous> (D:\\Admin\\SourceCode\\node_modules\\mongoose\\node_modules\\mongodb-core\\lib\\connection\\connection.js:197:10)\n    at Socket.g (events.js:291:16)\n    at emitNone (events.js:86:13)\n    at Socket.emit (events.js:185:7)\n    at Socket._onTimeout (net.js:339:8)\n    at ontimeout (timers.js:365:14)\n    at tryOnTimeout (timers.js:237:5)\n    at Timer.listOnTimeout (timers.js:207:5)\n  name: 'MongoError',\n  message: 'failed to connect to server [65.0.176.149:27017] on first connect [MongoError: connection 1 to 65.0.176.149:27017 timed out]' }","timestamp":"4:22:26 PM"}
{"level":"warn","message":"uncaughtException { MongoError: failed to connect to server [65.0.176.149:27017] on first connect [MongoError: connection 2 to 65.0.176.149:27017 timed out]\n    at Pool.<anonymous> (D:\\Admin\\SourceCode\\node_modules\\mongoose\\node_modules\\mongodb-core\\lib\\topologies\\server.js:336:35)\n    at emitOne (events.js:96:13)\n    at Pool.emit (events.js:188:7)\n    at Connection.<anonymous> (D:\\Admin\\SourceCode\\node_modules\\mongoose\\node_modules\\mongodb-core\\lib\\connection\\pool.js:280:12)\n    at Connection.g (events.js:291:16)\n    at emitTwo (events.js:106:13)\n    at Connection.emit (events.js:191:7)\n    at Socket.<anonymous> (D:\\Admin\\SourceCode\\node_modules\\mongoose\\node_modules\\mongodb-core\\lib\\connection\\connection.js:197:10)\n    at Socket.g (events.js:291:16)\n    at emitNone (events.js:86:13)\n    at Socket.emit (events.js:185:7)\n    at Socket._onTimeout (net.js:339:8)\n    at ontimeout (timers.js:365:14)\n    at tryOnTimeout (timers.js:237:5)\n    at Timer.listOnTimeout (timers.js:207:5)\n  name: 'MongoError',\n  message: 'failed to connect to server [65.0.176.149:27017] on first connect [MongoError: connection 2 to 65.0.176.149:27017 timed out]' }","timestamp":"4:22:26 PM"}
{"level":"warn","message":"Db.prototype.authenticate method will no longer be available in the next major release 3.x as MongoDB 3.6 will only allow auth against users in the admin db and will no longer allow multiple credentials on a socket. Please authenticate using MongoClient.connect with auth credentials.","timestamp":"4:22:26 PM"}
{"level":"warn","message":"Db.prototype.authenticate method will no longer be available in the next major release 3.x as MongoDB 3.6 will only allow auth against users in the admin db and will no longer allow multiple credentials on a socket. Please authenticate using MongoClient.connect with auth credentials.","timestamp":"4:22:26 PM"}
{"level":"warn","message":"Db.prototype.authenticate method will no longer be available in the next major release 3.x as MongoDB 3.6 will only allow auth against users in the admin db and will no longer allow multiple credentials on a socket. Please authenticate using MongoClient.connect with auth credentials.","timestamp":"4:22:26 PM"}
{"level":"warn","message":"Db.prototype.authenticate method will no longer be available in the next major release 3.x as MongoDB 3.6 will only allow auth against users in the admin db and will no longer allow multiple credentials on a socket. Please authenticate using MongoClient.connect with auth credentials.","timestamp":"4:22:26 PM"}
{"level":"warn","message":"Db.prototype.authenticate method will no longer be available in the next major release 3.x as MongoDB 3.6 will only allow auth against users in the admin db and will no longer allow multiple credentials on a socket. Please authenticate using MongoClient.connect with auth credentials.","timestamp":"4:22:26 PM"}
{"level":"warn","message":"Db.prototype.authenticate method will no longer be available in the next major release 3.x as MongoDB 3.6 will only allow auth against users in the admin db and will no longer allow multiple credentials on a socket. Please authenticate using MongoClient.connect with auth credentials.","timestamp":"4:22:26 PM"}
{"level":"warn","message":"Db.prototype.authenticate method will no longer be available in the next major release 3.x as MongoDB 3.6 will only allow auth against users in the admin db and will no longer allow multiple credentials on a socket. Please authenticate using MongoClient.connect with auth credentials.","timestamp":"4:22:26 PM"}
{"level":"warn","message":"Db.prototype.authenticate method will no longer be available in the next major release 3.x as MongoDB 3.6 will only allow auth against users in the admin db and will no longer allow multiple credentials on a socket. Please authenticate using MongoClient.connect with auth credentials.","timestamp":"4:22:26 PM"}
{"level":"warn","message":"Db.prototype.authenticate method will no longer be available in the next major release 3.x as MongoDB 3.6 will only allow auth against users in the admin db and will no longer allow multiple credentials on a socket. Please authenticate using MongoClient.connect with auth credentials.","timestamp":"4:22:26 PM"}
{"level":"warn","message":"Db.prototype.authenticate method will no longer be available in the next major release 3.x as MongoDB 3.6 will only allow auth against users in the admin db and will no longer allow multiple credentials on a socket. Please authenticate using MongoClient.connect with auth credentials.","timestamp":"4:22:26 PM"}
{"level":"warn","message":"Db.prototype.authenticate method will no longer be available in the next major release 3.x as MongoDB 3.6 will only allow auth against users in the admin db and will no longer allow multiple credentials on a socket. Please authenticate using MongoClient.connect with auth credentials.","timestamp":"4:22:26 PM"}
{"level":"warn","message":"Db.prototype.authenticate method will no longer be available in the next major release 3.x as MongoDB 3.6 will only allow auth against users in the admin db and will no longer allow multiple credentials on a socket. Please authenticate using MongoClient.connect with auth credentials.","timestamp":"4:22:26 PM"}
{"level":"warn","message":"Db.prototype.authenticate method will no longer be available in the next major release 3.x as MongoDB 3.6 will only allow auth against users in the admin db and will no longer allow multiple credentials on a socket. Please authenticate using MongoClient.connect with auth credentials.","timestamp":"4:22:26 PM"}
{"level":"warn","message":"Db.prototype.authenticate method will no longer be available in the next major release 3.x as MongoDB 3.6 will only allow auth against users in the admin db and will no longer allow multiple credentials on a socket. Please authenticate using MongoClient.connect with auth credentials.","timestamp":"4:22:26 PM"}
{"level":"warn","message":"Db.prototype.authenticate method will no longer be available in the next major release 3.x as MongoDB 3.6 will only allow auth against users in the admin db and will no longer allow multiple credentials on a socket. Please authenticate using MongoClient.connect with auth credentials.","timestamp":"4:22:26 PM"}
{"level":"warn","message":"Db.prototype.authenticate method will no longer be available in the next major release 3.x as MongoDB 3.6 will only allow auth against users in the admin db and will no longer allow multiple credentials on a socket. Please authenticate using MongoClient.connect with auth credentials.","timestamp":"4:22:26 PM"}
{"level":"warn","message":"Db.prototype.authenticate method will no longer be available in the next major release 3.x as MongoDB 3.6 will only allow auth against users in the admin db and will no longer allow multiple credentials on a socket. Please authenticate using MongoClient.connect with auth credentials.","timestamp":"4:22:26 PM"}
{"level":"warn","message":"Db.prototype.authenticate method will no longer be available in the next major release 3.x as MongoDB 3.6 will only allow auth against users in the admin db and will no longer allow multiple credentials on a socket. Please authenticate using MongoClient.connect with auth credentials.","timestamp":"4:22:26 PM"}
{"level":"warn","message":"Db.prototype.authenticate method will no longer be available in the next major release 3.x as MongoDB 3.6 will only allow auth against users in the admin db and will no longer allow multiple credentials on a socket. Please authenticate using MongoClient.connect with auth credentials.","timestamp":"4:22:26 PM"}
{"level":"warn","message":"Db.prototype.authenticate method will no longer be available in the next major release 3.x as MongoDB 3.6 will only allow auth against users in the admin db and will no longer allow multiple credentials on a socket. Please authenticate using MongoClient.connect with auth credentials.","timestamp":"4:22:26 PM"}
{"level":"warn","message":"Db.prototype.authenticate method will no longer be available in the next major release 3.x as MongoDB 3.6 will only allow auth against users in the admin db and will no longer allow multiple credentials on a socket. Please authenticate using MongoClient.connect with auth credentials.","timestamp":"4:22:26 PM"}
{"level":"warn","message":"Db.prototype.authenticate method will no longer be available in the next major release 3.x as MongoDB 3.6 will only allow auth against users in the admin db and will no longer allow multiple credentials on a socket. Please authenticate using MongoClient.connect with auth credentials.","timestamp":"4:22:26 PM"}
{"level":"warn","message":"Db.prototype.authenticate method will no longer be available in the next major release 3.x as MongoDB 3.6 will only allow auth against users in the admin db and will no longer allow multiple credentials on a socket. Please authenticate using MongoClient.connect with auth credentials.","timestamp":"4:22:26 PM"}
{"level":"warn","message":"Db.prototype.authenticate method will no longer be available in the next major release 3.x as MongoDB 3.6 will only allow auth against users in the admin db and will no longer allow multiple credentials on a socket. Please authenticate using MongoClient.connect with auth credentials.","timestamp":"4:22:26 PM"}
{"level":"error","message":"(node:17908) UnhandledPromiseRejectionWarning: Unhandled promise rejection (rejection id: 1): MongoError: E11000 duplicate key error collection: lm-api-qa.sync_contacts index: Sync_Contact_Id_1 dup key: { : null }","timestamp":"4:22:27 PM"}
{"level":"error","message":"(node:17908) UnhandledPromiseRejectionWarning: Unhandled promise rejection (rejection id: 2): MongoError: Index with name: Posp_Id_1 already exists with different options","timestamp":"4:22:27 PM"}
{"level":"error","message":"LOG REFERER YTD undefined ::ffff:127.0.0.1 undefined","timestamp":"4:23:48 PM"}
{"level":"error","message":"LOG REFERER YTD http://localhost:7000/ ::1 string","timestamp":"4:23:49 PM"}
{"level":"error","message":"LOG REFERER YTD http://localhost:7000/ ::1 string","timestamp":"4:24:03 PM"}
{"level":"error","message":"{ Category: 'Endorsement', Product: 1, Insurer_Id: 44 }","timestamp":"4:24:03 PM"}
{"level":"error","message":"(node:17908) UnhandledPromiseRejectionWarning: Unhandled promise rejection (rejection id: 3): MongoError: E11000 duplicate key error collection: lm-api-qa.user_details index: Ticket_Id_1 dup key: { : null }","timestamp":"4:24:03 PM"}
{"level":"error","message":"LOG REFERER YTD http://localhost:7000/ ::1 string","timestamp":"4:24:32 PM"}
{"level":"error","message":"LOG REFERER YTD http://localhost:7000/ ::1 string","timestamp":"4:26:43 PM"}
{"level":"error","message":"LOG REFERER YTD http://localhost:7000/ ::1 string","timestamp":"4:27:00 PM"}
{"level":"error","message":"{ Category: 'Endorsement', Product: 1, Insurer_Id: 44 }","timestamp":"4:27:00 PM"}
{"level":"error","message":"LOG REFERER YTD http://localhost:7000/ ::1 string","timestamp":"4:27:04 PM"}
{"level":"error","message":"LOG REFERER YTD http://localhost:7000/ ::1 string","timestamp":"4:29:04 PM"}
{"level":"error","message":"LOG REFERER YTD http://localhost:7000/ ::1 string","timestamp":"4:39:06 PM"}
{"level":"error","message":"LOG REFERER YTD http://localhost:7000/ ::1 string","timestamp":"4:42:00 PM"}
{"level":"error","message":"LOG REFERER YTD http://localhost:7000/ ::1 string","timestamp":"4:43:23 PM"}
{"level":"error","message":"LOG REFERER YTD http://localhost:7000/ ::1 string","timestamp":"4:43:33 PM"}
{"level":"error","message":"{ Category: 'Endorsement', Product: 1, Insurer_Id: 44 }","timestamp":"4:43:33 PM"}
{"level":"error","message":"LOG REFERER YTD http://localhost:7000/ ::1 string","timestamp":"4:43:35 PM"}
{"level":"error","message":"LOG REFERER YTD http://localhost:7000/ ::1 string","timestamp":"4:44:27 PM"}
{"level":"error","message":"LOG REFERER YTD http://localhost:7000/ ::1 string","timestamp":"4:44:36 PM"}
{"level":"error","message":"{ Category: 'Endorsement', Product: 1, Insurer_Id: 44 }","timestamp":"4:44:36 PM"}
{"level":"error","message":"LOG REFERER YTD http://localhost:7000/ ::1 string","timestamp":"4:44:41 PM"}
{"level":"error","message":"LOG REFERER YTD http://localhost:7000/ ::1 string","timestamp":"4:45:07 PM"}
{"level":"error","message":"LOG REFERER YTD http://localhost:7000/ ::1 string","timestamp":"4:45:17 PM"}
{"level":"error","message":"{ Category: 'Endorsement', Product: 1, Insurer_Id: 44 }","timestamp":"4:45:17 PM"}
{"level":"error","message":"LOG REFERER YTD http://localhost:7000/ ::1 string","timestamp":"4:45:22 PM"}
{"level":"error","message":"LOG REFERER YTD http://localhost:7000/ ::1 string","timestamp":"4:47:22 PM"}
{"level":"error","message":"LOG REFERER YTD http://localhost:7000/ ::1 string","timestamp":"5:39:38 PM"}
