{"level":"info","message":"$$$$$$$$$$$$$$$$$$$$$$$$","timestamp":"9:17:14 AM"}
{"meta":"","level":"info","message":"","timestamp":"9:17:14 AM"}
{"level":"info","message":"Development Environment is Listening on port 3000","timestamp":"9:17:14 AM"}
{"level":"info","message":"Web URL : http://localhost:3000","timestamp":"9:17:14 AM"}
{"meta":"","level":"info","message":"","timestamp":"9:17:14 AM"}
{"level":"info","message":"$$$$$$$$$$$$$$$$$$$$$$$$","timestamp":"9:17:14 AM"}
{"meta":"","level":"info","message":"","timestamp":"9:17:14 AM"}
{"level":"info","message":"$$$$$$$$$$$$$$$$$$$$$$$$","timestamp":"1:35:43 PM"}
{"meta":"","level":"info","message":"","timestamp":"1:35:43 PM"}
{"level":"info","message":"Development Environment is Listening on port 3000","timestamp":"1:35:43 PM"}
{"level":"info","message":"Web URL : http://localhost:3000","timestamp":"1:35:43 PM"}
{"meta":"","level":"info","message":"","timestamp":"1:35:43 PM"}
{"level":"info","message":"$$$$$$$$$$$$$$$$$$$$$$$$","timestamp":"1:35:43 PM"}
{"meta":"","level":"info","message":"","timestamp":"1:35:43 PM"}
{"level":"info","message":"{ ___nominee_first_name___: 'PBTest',\n  ___nominee_last_name___: 'test',\n  ___nominee_birth_date___: '1952-07-10',\n  ___nominee_relation___: 'MOTHER' }","timestamp":"1:50:22 PM"}
{"level":"info","message":"https://preprod-digitpolicyissuance.godigit.com/endo/v1/g91/endorsement/D600354361?source=CD","timestamp":"1:50:22 PM"}
{"level":"info","message":"{ person: [],\n  nominee: \n   { firstName: 'PBTest',\n     lastName: 'test',\n     dateOfBirth: '1952-07-10',\n     relation: 'MOTHER' } }","timestamp":"1:50:22 PM"}
{"level":"info","message":"{ ___nominee_first_name___: 'TEST',\n  ___nominee_last_name___: 'TEGDG',\n  ___nominee_birth_date___: '1969-07-10',\n  ___nominee_relation___: 'MOTHER' }","timestamp":"1:53:59 PM"}
{"level":"info","message":"https://preprod-digitpolicyissuance.godigit.com/endo/v1/g91/endorsement/D600354361?source=CD","timestamp":"1:53:59 PM"}
{"level":"info","message":"{ person: [],\n  nominee: \n   { firstName: 'TEST',\n     lastName: 'TEGDG',\n     dateOfBirth: '1969-07-10',\n     relation: 'MOTHER' } }","timestamp":"1:53:59 PM"}
{"level":"info","message":"{ ___nominee_first_name___: 'PB',\n  ___nominee_last_name___: 'TEGDG',\n  ___nominee_birth_date___: '1952-07-10',\n  ___nominee_relation___: 'MOTHER' }","timestamp":"2:15:20 PM"}
{"level":"info","message":"https://preprod-digitpolicyissuance.godigit.com/endo/v1/g91/endorsement/D600354361?source=CD","timestamp":"2:15:20 PM"}
{"level":"info","message":"{ person: [],\n  nominee: \n   { firstName: 'PB',\n     lastName: 'TEGDG',\n     dateOfBirth: '1952-07-10',\n     relation: 'MOTHER' } }","timestamp":"2:15:20 PM"}
{"level":"info","message":"{ ___permanent_address_1___: 'THANE',\n  ___permanent_address_2___: 'THANE',\n  ___permanent_address_3___: 'THANE',\n  ___permanent_city___: 'MUMBAI',\n  ___permanent_pincode___: '400001',\n  ___is_reg_addr_comm_addr_same___: 'no',\n  ___communication_address_1___: 'mumb',\n  ___communication_address_2___: 'THANE',\n  ___communication_address_3___: 'THANE',\n  ___communication_city___: 'MUMBAI',\n  ___communication_pincode___: '400001' }","timestamp":"2:17:39 PM"}
{"level":"info","message":"https://preprod-digitpolicyissuance.godigit.com/endo/v1/g91/endorsement/D600253984?source=CD","timestamp":"2:17:39 PM"}
{"level":"info","message":"{ person: [ { addresses: [Object] } ] }","timestamp":"2:17:39 PM"}
{"level":"info","message":"{ ___permanent_address_1___: 'THANE',\n  ___permanent_address_2___: 'THANE',\n  ___permanent_address_3___: 'THANE',\n  ___permanent_city___: 'MUMBAI',\n  ___permanent_pincode___: '400001',\n  ___is_reg_addr_comm_addr_same___: 'yes',\n  ___communication_address_1___: 'mumba',\n  ___communication_address_2___: 'THANE',\n  ___communication_address_3___: 'THANE',\n  ___communication_city___: 'MUMBAI',\n  ___communication_pincode___: '400001' }","timestamp":"2:19:31 PM"}
{"level":"info","message":"https://preprod-digitpolicyissuance.godigit.com/endo/v1/g91/endorsement/D600253984?source=CD","timestamp":"2:19:31 PM"}
{"level":"info","message":"{ person: [ { addresses: [Object] } ] }","timestamp":"2:19:31 PM"}
{"level":"info","message":"{ ___nominee_first_name___: 'pb',\n  ___nominee_last_name___: 'TEGDG',\n  ___nominee_birth_date___: '1952-07-10',\n  ___nominee_relation___: 'MOTHER' }","timestamp":"4:17:53 PM"}
{"level":"info","message":"https://preprod-digitpolicyissuance.godigit.com/endo/v1/g91/endorsement/D600354361?source=CD","timestamp":"4:17:53 PM"}
{"level":"info","message":"{ person: [],\n  nominee: \n   { firstName: 'pb',\n     lastName: 'TEGDG',\n     dateOfBirth: '1952-07-10',\n     relation: 'MOTHER' } }","timestamp":"4:17:53 PM"}
{"level":"info","message":"{ ___permanent_address_1___: 'BOMbay',\n  ___permanent_address_2___: 'THANE',\n  ___permanent_address_3___: 'THANE',\n  ___permanent_city___: 'MUMBAI',\n  ___permanent_pincode___: '400001',\n  ___is_reg_addr_comm_addr_same___: 'yes',\n  ___communication_address_1___: 'THANE',\n  ___communication_address_2___: 'THANE',\n  ___communication_address_3___: 'THANE',\n  ___communication_city___: 'MUMBAI',\n  ___communication_pincode___: '400001' }","timestamp":"4:19:53 PM"}
{"level":"info","message":"https://preprod-digitpolicyissuance.godigit.com/endo/v1/g91/endorsement/D600253984?source=CD","timestamp":"4:19:53 PM"}
{"level":"info","message":"{ person: [ { addresses: [Object] } ] }","timestamp":"4:19:53 PM"}
{"level":"info","message":"{ ___permanent_address_1___: 'THANE',\n  ___permanent_address_2___: 'THANE',\n  ___permanent_address_3___: 'THANE',\n  ___permanent_city___: 'MUMBAI',\n  ___permanent_pincode___: '400001',\n  ___is_reg_addr_comm_addr_same___: 'yes',\n  ___communication_address_1___: 'bombay',\n  ___communication_address_2___: 'THANE',\n  ___communication_address_3___: 'THANE',\n  ___communication_city___: 'MUMBAI',\n  ___communication_pincode___: '400001' }","timestamp":"4:22:30 PM"}
{"level":"info","message":"https://preprod-digitpolicyissuance.godigit.com/endo/v1/g91/endorsement/D600253984?source=CD","timestamp":"4:22:30 PM"}
{"level":"info","message":"{ person: [ { addresses: [Object] } ] }","timestamp":"4:22:30 PM"}
{"level":"info","message":"{ ___permanent_address_1___: 'THANE',\n  ___permanent_address_2___: 'THANE',\n  ___permanent_address_3___: 'THANE',\n  ___permanent_city___: 'MUMBAI',\n  ___permanent_pincode___: '400001',\n  ___is_reg_addr_comm_addr_same___: 'yes',\n  ___communication_address_1___: 'bombay',\n  ___communication_address_2___: 'THANE',\n  ___communication_address_3___: 'THANE',\n  ___communication_city___: 'MUMBAI',\n  ___communication_pincode___: '400001' }","timestamp":"5:25:43 PM"}
{"level":"info","message":"https://preprod-digitpolicyissuance.godigit.com/endo/v1/g91/endorsement/D600253984?source=CD","timestamp":"5:25:43 PM"}
{"level":"info","message":"{ person: [ { addresses: [Object] } ] }","timestamp":"5:25:43 PM"}
{"level":"info","message":"{ ___mobile___: '7349218787' }","timestamp":"5:27:35 PM"}
{"level":"info","message":"https://preprod-digitpolicyissuance.godigit.com/endo/v1/g91/endorsement/D600354232?source=CD","timestamp":"5:27:35 PM"}
{"level":"info","message":"{ person: [ { communications: [Object] } ] }","timestamp":"5:27:35 PM"}
{"level":"info","message":"{ ___email___: 'testingpb@gmail.com' }","timestamp":"5:29:01 PM"}
{"level":"info","message":"https://preprod-digitpolicyissuance.godigit.com/endo/v1/g91/endorsement/D600662896?source=CD","timestamp":"5:29:01 PM"}
{"level":"info","message":"{ person: [ { communications: [Object] } ] }","timestamp":"5:29:01 PM"}
