{"level":"info","message":"$$$$$$$$$$$$$$$$$$$$$$$$","timestamp":"9:13:18 AM"}
{"meta":"","level":"info","message":"","timestamp":"9:13:18 AM"}
{"level":"info","message":"Production Environment is Listening on port 3000","timestamp":"9:13:18 AM"}
{"level":"info","message":"Web URL : http://localhost:3000","timestamp":"9:13:18 AM"}
{"meta":"","level":"info","message":"","timestamp":"9:13:18 AM"}
{"level":"info","message":"$$$$$$$$$$$$$$$$$$$$$$$$","timestamp":"9:13:18 AM"}
{"meta":"","level":"info","message":"","timestamp":"9:13:18 AM"}
{"level":"info","message":"Connected to Database","timestamp":"9:13:18 AM"}
{"level":"info","message":"$$$$$$$$$$$$$$$$$$$$$$$$","timestamp":"9:15:37 AM"}
{"meta":"","level":"info","message":"","timestamp":"9:15:37 AM"}
{"level":"info","message":"Production Environment is Listening on port 3000","timestamp":"9:15:37 AM"}
{"level":"info","message":"Web URL : http://localhost:3000","timestamp":"9:15:37 AM"}
{"meta":"","level":"info","message":"","timestamp":"9:15:37 AM"}
{"level":"info","message":"$$$$$$$$$$$$$$$$$$$$$$$$","timestamp":"9:15:37 AM"}
{"meta":"","level":"info","message":"","timestamp":"9:15:37 AM"}
{"level":"info","message":"Connected to Database","timestamp":"9:15:38 AM"}
{"level":"info","message":"$$$$$$$$$$$$$$$$$$$$$$$$","timestamp":"10:30:12 AM"}
{"meta":"","level":"info","message":"","timestamp":"10:30:12 AM"}
{"level":"info","message":"Production Environment is Listening on port 3000","timestamp":"10:30:12 AM"}
{"level":"info","message":"Web URL : http://localhost:3000","timestamp":"10:30:12 AM"}
{"meta":"","level":"info","message":"","timestamp":"10:30:12 AM"}
{"level":"info","message":"$$$$$$$$$$$$$$$$$$$$$$$$","timestamp":"10:30:12 AM"}
{"meta":"","level":"info","message":"","timestamp":"10:30:12 AM"}
{"level":"info","message":"Connected to Database","timestamp":"10:30:12 AM"}
{"level":"info","message":"$$$$$$$$$$$$$$$$$$$$$$$$","timestamp":"10:32:25 AM"}
{"meta":"","level":"info","message":"","timestamp":"10:32:25 AM"}
{"level":"info","message":"Production Environment is Listening on port 3000","timestamp":"10:32:25 AM"}
{"level":"info","message":"Web URL : http://localhost:3000","timestamp":"10:32:25 AM"}
{"meta":"","level":"info","message":"","timestamp":"10:32:25 AM"}
{"level":"info","message":"$$$$$$$$$$$$$$$$$$$$$$$$","timestamp":"10:32:25 AM"}
{"meta":"","level":"info","message":"","timestamp":"10:32:25 AM"}
{"level":"info","message":"Connected to Database","timestamp":"10:32:25 AM"}
{"level":"info","message":"$$$$$$$$$$$$$$$$$$$$$$$$","timestamp":"12:15:35 PM"}
{"meta":"","level":"info","message":"","timestamp":"12:15:35 PM"}
{"level":"info","message":"Production Environment is Listening on port 3000","timestamp":"12:15:35 PM"}
{"level":"info","message":"Web URL : http://localhost:3000","timestamp":"12:15:35 PM"}
{"meta":"","level":"info","message":"","timestamp":"12:15:35 PM"}
{"level":"info","message":"$$$$$$$$$$$$$$$$$$$$$$$$","timestamp":"12:15:35 PM"}
{"meta":"","level":"info","message":"","timestamp":"12:15:35 PM"}
{"level":"info","message":"Connected to Database","timestamp":"12:15:35 PM"}
{"level":"info","message":"$$$$$$$$$$$$$$$$$$$$$$$$","timestamp":"12:20:55 PM"}
{"meta":"","level":"info","message":"","timestamp":"12:20:55 PM"}
{"level":"info","message":"Production Environment is Listening on port 3000","timestamp":"12:20:55 PM"}
{"level":"info","message":"Web URL : http://localhost:3000","timestamp":"12:20:55 PM"}
{"meta":"","level":"info","message":"","timestamp":"12:20:55 PM"}
{"level":"info","message":"$$$$$$$$$$$$$$$$$$$$$$$$","timestamp":"12:20:55 PM"}
{"meta":"","level":"info","message":"","timestamp":"12:20:55 PM"}
{"level":"info","message":"Connected to Database","timestamp":"12:20:55 PM"}
{"level":"info","message":"$$$$$$$$$$$$$$$$$$$$$$$$","timestamp":"12:22:48 PM"}
{"meta":"","level":"info","message":"","timestamp":"12:22:48 PM"}
{"level":"info","message":"Production Environment is Listening on port 3000","timestamp":"12:22:48 PM"}
{"level":"info","message":"Web URL : http://localhost:3000","timestamp":"12:22:48 PM"}
{"meta":"","level":"info","message":"","timestamp":"12:22:48 PM"}
{"level":"info","message":"$$$$$$$$$$$$$$$$$$$$$$$$","timestamp":"12:22:48 PM"}
{"meta":"","level":"info","message":"","timestamp":"12:22:48 PM"}
{"level":"info","message":"Connected to Database","timestamp":"12:22:48 PM"}
{"level":"info","message":"$$$$$$$$$$$$$$$$$$$$$$$$","timestamp":"1:22:21 PM"}
{"meta":"","level":"info","message":"","timestamp":"1:22:21 PM"}
{"level":"info","message":"Production Environment is Listening on port 3000","timestamp":"1:22:21 PM"}
{"level":"info","message":"Web URL : http://localhost:3000","timestamp":"1:22:21 PM"}
{"meta":"","level":"info","message":"","timestamp":"1:22:21 PM"}
{"level":"info","message":"$$$$$$$$$$$$$$$$$$$$$$$$","timestamp":"1:22:21 PM"}
{"meta":"","level":"info","message":"","timestamp":"1:22:21 PM"}
{"level":"info","message":"Connected to Database","timestamp":"1:22:21 PM"}
{"level":"info","message":"$$$$$$$$$$$$$$$$$$$$$$$$","timestamp":"1:23:18 PM"}
{"meta":"","level":"info","message":"","timestamp":"1:23:18 PM"}
{"level":"info","message":"Production Environment is Listening on port 3000","timestamp":"1:23:18 PM"}
{"level":"info","message":"Web URL : http://localhost:3000","timestamp":"1:23:18 PM"}
{"meta":"","level":"info","message":"","timestamp":"1:23:18 PM"}
{"level":"info","message":"$$$$$$$$$$$$$$$$$$$$$$$$","timestamp":"1:23:18 PM"}
{"meta":"","level":"info","message":"","timestamp":"1:23:18 PM"}
{"level":"info","message":"Connected to Database","timestamp":"1:23:18 PM"}
