{"level":"info","message":"$$$$$$$$$$$$$$$$$$$$$$$$","timestamp":"10:45:49 AM"}
{"meta":"","level":"info","message":"","timestamp":"10:45:49 AM"}
{"level":"info","message":"Production Environment is Listening on port 3000","timestamp":"10:45:49 AM"}
{"level":"info","message":"Web URL : http://localhost:3000","timestamp":"10:45:49 AM"}
{"meta":"","level":"info","message":"","timestamp":"10:45:49 AM"}
{"level":"info","message":"$$$$$$$$$$$$$$$$$$$$$$$$","timestamp":"10:45:49 AM"}
{"meta":"","level":"info","message":"","timestamp":"10:45:49 AM"}
{"level":"info","message":"Connected to Database","timestamp":"10:45:50 AM"}
{"level":"info","message":"$$$$$$$$$$$$$$$$$$$$$$$$","timestamp":"10:50:26 AM"}
{"meta":"","level":"info","message":"","timestamp":"10:50:26 AM"}
{"level":"info","message":"Production Environment is Listening on port 3000","timestamp":"10:50:26 AM"}
{"level":"info","message":"Web URL : http://localhost:3000","timestamp":"10:50:26 AM"}
{"meta":"","level":"info","message":"","timestamp":"10:50:26 AM"}
{"level":"info","message":"$$$$$$$$$$$$$$$$$$$$$$$$","timestamp":"10:50:26 AM"}
{"meta":"","level":"info","message":"","timestamp":"10:50:26 AM"}
{"level":"info","message":"Connected to Database","timestamp":"10:50:26 AM"}
{"level":"info","message":"$$$$$$$$$$$$$$$$$$$$$$$$","timestamp":"10:56:30 AM"}
{"meta":"","level":"info","message":"","timestamp":"10:56:30 AM"}
{"level":"info","message":"Production Environment is Listening on port 3000","timestamp":"10:56:30 AM"}
{"level":"info","message":"Web URL : http://localhost:3000","timestamp":"10:56:30 AM"}
{"meta":"","level":"info","message":"","timestamp":"10:56:30 AM"}
{"level":"info","message":"$$$$$$$$$$$$$$$$$$$$$$$$","timestamp":"10:56:30 AM"}
{"meta":"","level":"info","message":"","timestamp":"10:56:30 AM"}
{"level":"info","message":"Connected to Database","timestamp":"10:56:31 AM"}
{"level":"info","message":"$$$$$$$$$$$$$$$$$$$$$$$$","timestamp":"10:58:01 AM"}
{"meta":"","level":"info","message":"","timestamp":"10:58:01 AM"}
{"level":"info","message":"Production Environment is Listening on port 3000","timestamp":"10:58:01 AM"}
{"level":"info","message":"Web URL : http://localhost:3000","timestamp":"10:58:01 AM"}
{"meta":"","level":"info","message":"","timestamp":"10:58:01 AM"}
{"level":"info","message":"$$$$$$$$$$$$$$$$$$$$$$$$","timestamp":"10:58:01 AM"}
{"meta":"","level":"info","message":"","timestamp":"10:58:01 AM"}
{"level":"info","message":"Connected to Database","timestamp":"10:58:02 AM"}
{"level":"info","message":"$$$$$$$$$$$$$$$$$$$$$$$$","timestamp":"11:01:39 AM"}
{"meta":"","level":"info","message":"","timestamp":"11:01:39 AM"}
{"level":"info","message":"Production Environment is Listening on port 3000","timestamp":"11:01:39 AM"}
{"level":"info","message":"Web URL : http://localhost:3000","timestamp":"11:01:39 AM"}
{"meta":"","level":"info","message":"","timestamp":"11:01:39 AM"}
{"level":"info","message":"$$$$$$$$$$$$$$$$$$$$$$$$","timestamp":"11:01:39 AM"}
{"meta":"","level":"info","message":"","timestamp":"11:01:39 AM"}
{"level":"info","message":"Connected to Database","timestamp":"11:01:40 AM"}
{"level":"info","message":"$$$$$$$$$$$$$$$$$$$$$$$$","timestamp":"11:05:45 AM"}
{"meta":"","level":"info","message":"","timestamp":"11:05:45 AM"}
{"level":"info","message":"Production Environment is Listening on port 3000","timestamp":"11:05:45 AM"}
{"level":"info","message":"Web URL : http://localhost:3000","timestamp":"11:05:45 AM"}
{"meta":"","level":"info","message":"","timestamp":"11:05:45 AM"}
{"level":"info","message":"$$$$$$$$$$$$$$$$$$$$$$$$","timestamp":"11:05:45 AM"}
{"meta":"","level":"info","message":"","timestamp":"11:05:45 AM"}
{"level":"info","message":"Connected to Database","timestamp":"11:05:45 AM"}
{"level":"info","message":"$$$$$$$$$$$$$$$$$$$$$$$$","timestamp":"11:07:35 AM"}
{"meta":"","level":"info","message":"","timestamp":"11:07:35 AM"}
{"level":"info","message":"Production Environment is Listening on port 3000","timestamp":"11:07:35 AM"}
{"level":"info","message":"Web URL : http://localhost:3000","timestamp":"11:07:35 AM"}
{"meta":"","level":"info","message":"","timestamp":"11:07:35 AM"}
{"level":"info","message":"$$$$$$$$$$$$$$$$$$$$$$$$","timestamp":"11:07:35 AM"}
{"meta":"","level":"info","message":"","timestamp":"11:07:35 AM"}
{"level":"info","message":"Connected to Database","timestamp":"11:07:36 AM"}
{"level":"info","message":"$$$$$$$$$$$$$$$$$$$$$$$$","timestamp":"11:08:27 AM"}
{"meta":"","level":"info","message":"","timestamp":"11:08:27 AM"}
{"level":"info","message":"Production Environment is Listening on port 3000","timestamp":"11:08:27 AM"}
{"level":"info","message":"Web URL : http://localhost:3000","timestamp":"11:08:27 AM"}
{"meta":"","level":"info","message":"","timestamp":"11:08:27 AM"}
{"level":"info","message":"$$$$$$$$$$$$$$$$$$$$$$$$","timestamp":"11:08:27 AM"}
{"meta":"","level":"info","message":"","timestamp":"11:08:27 AM"}
{"level":"info","message":"Connected to Database","timestamp":"11:08:27 AM"}
{"level":"info","message":"$$$$$$$$$$$$$$$$$$$$$$$$","timestamp":"11:11:01 AM"}
{"meta":"","level":"info","message":"","timestamp":"11:11:01 AM"}
{"level":"info","message":"Production Environment is Listening on port 3000","timestamp":"11:11:01 AM"}
{"level":"info","message":"Web URL : http://localhost:3000","timestamp":"11:11:01 AM"}
{"meta":"","level":"info","message":"","timestamp":"11:11:01 AM"}
{"level":"info","message":"$$$$$$$$$$$$$$$$$$$$$$$$","timestamp":"11:11:01 AM"}
{"meta":"","level":"info","message":"","timestamp":"11:11:01 AM"}
{"level":"info","message":"Connected to Database","timestamp":"11:11:02 AM"}
{"level":"info","message":"$$$$$$$$$$$$$$$$$$$$$$$$","timestamp":"11:13:29 AM"}
{"meta":"","level":"info","message":"","timestamp":"11:13:29 AM"}
{"level":"info","message":"Production Environment is Listening on port 3000","timestamp":"11:13:29 AM"}
{"level":"info","message":"Web URL : http://localhost:3000","timestamp":"11:13:29 AM"}
{"meta":"","level":"info","message":"","timestamp":"11:13:29 AM"}
{"level":"info","message":"$$$$$$$$$$$$$$$$$$$$$$$$","timestamp":"11:13:29 AM"}
{"meta":"","level":"info","message":"","timestamp":"11:13:29 AM"}
{"level":"info","message":"Connected to Database","timestamp":"11:13:30 AM"}
{"level":"info","message":"accessUserSsid [8067,1486,2357]","timestamp":"11:14:05 AM"}
{"level":"info","message":"$$$$$$$$$$$$$$$$$$$$$$$$","timestamp":"11:15:27 AM"}
{"meta":"","level":"info","message":"","timestamp":"11:15:27 AM"}
{"level":"info","message":"Production Environment is Listening on port 3000","timestamp":"11:15:27 AM"}
{"level":"info","message":"Web URL : http://localhost:3000","timestamp":"11:15:27 AM"}
{"meta":"","level":"info","message":"","timestamp":"11:15:27 AM"}
{"level":"info","message":"$$$$$$$$$$$$$$$$$$$$$$$$","timestamp":"11:15:27 AM"}
{"meta":"","level":"info","message":"","timestamp":"11:15:27 AM"}
{"level":"info","message":"Connected to Database","timestamp":"11:15:28 AM"}
{"level":"info","message":"accessUserSsid [8067,1486,2357]","timestamp":"11:15:49 AM"}
{"level":"info","message":"$$$$$$$$$$$$$$$$$$$$$$$$","timestamp":"11:16:44 AM"}
{"meta":"","level":"info","message":"","timestamp":"11:16:44 AM"}
{"level":"info","message":"Production Environment is Listening on port 3000","timestamp":"11:16:44 AM"}
{"level":"info","message":"Web URL : http://localhost:3000","timestamp":"11:16:44 AM"}
{"meta":"","level":"info","message":"","timestamp":"11:16:44 AM"}
{"level":"info","message":"$$$$$$$$$$$$$$$$$$$$$$$$","timestamp":"11:16:44 AM"}
{"meta":"","level":"info","message":"","timestamp":"11:16:44 AM"}
{"level":"info","message":"Connected to Database","timestamp":"11:16:45 AM"}
{"level":"info","message":"accessUserSsid [1486,2357]","timestamp":"11:17:40 AM"}
{"level":"info","message":"$$$$$$$$$$$$$$$$$$$$$$$$","timestamp":"11:18:46 AM"}
{"meta":"","level":"info","message":"","timestamp":"11:18:46 AM"}
{"level":"info","message":"Production Environment is Listening on port 3000","timestamp":"11:18:46 AM"}
{"level":"info","message":"Web URL : http://localhost:3000","timestamp":"11:18:46 AM"}
{"meta":"","level":"info","message":"","timestamp":"11:18:46 AM"}
{"level":"info","message":"$$$$$$$$$$$$$$$$$$$$$$$$","timestamp":"11:18:46 AM"}
{"meta":"","level":"info","message":"","timestamp":"11:18:46 AM"}
{"level":"info","message":"Connected to Database","timestamp":"11:18:46 AM"}
{"level":"info","message":"accessUserSsid [1486,2357]","timestamp":"11:19:02 AM"}
{"level":"info","message":"accessUserSsid [1486,2357]","timestamp":"11:20:29 AM"}
{"level":"info","message":"$$$$$$$$$$$$$$$$$$$$$$$$","timestamp":"11:21:33 AM"}
{"meta":"","level":"info","message":"","timestamp":"11:21:33 AM"}
{"level":"info","message":"Production Environment is Listening on port 3000","timestamp":"11:21:33 AM"}
{"level":"info","message":"Web URL : http://localhost:3000","timestamp":"11:21:33 AM"}
{"meta":"","level":"info","message":"","timestamp":"11:21:33 AM"}
{"level":"info","message":"$$$$$$$$$$$$$$$$$$$$$$$$","timestamp":"11:21:33 AM"}
{"meta":"","level":"info","message":"","timestamp":"11:21:33 AM"}
{"level":"info","message":"Connected to Database","timestamp":"11:21:34 AM"}
{"level":"info","message":"accessUserSsid [1486,2357]","timestamp":"11:21:48 AM"}
{"level":"info","message":"$$$$$$$$$$$$$$$$$$$$$$$$","timestamp":"11:24:20 AM"}
{"meta":"","level":"info","message":"","timestamp":"11:24:20 AM"}
{"level":"info","message":"Production Environment is Listening on port 3000","timestamp":"11:24:20 AM"}
{"level":"info","message":"Web URL : http://localhost:3000","timestamp":"11:24:20 AM"}
{"meta":"","level":"info","message":"","timestamp":"11:24:20 AM"}
{"level":"info","message":"$$$$$$$$$$$$$$$$$$$$$$$$","timestamp":"11:24:20 AM"}
{"meta":"","level":"info","message":"","timestamp":"11:24:20 AM"}
{"level":"info","message":"Connected to Database","timestamp":"11:24:21 AM"}
{"level":"info","message":"accessUserSsid [1486,2357]","timestamp":"11:25:00 AM"}
{"level":"info","message":"accessUserSsid [8067,1486,2357]","timestamp":"11:26:09 AM"}
{"level":"info","message":"$$$$$$$$$$$$$$$$$$$$$$$$","timestamp":"11:26:46 AM"}
{"meta":"","level":"info","message":"","timestamp":"11:26:46 AM"}
{"level":"info","message":"Production Environment is Listening on port 3000","timestamp":"11:26:46 AM"}
{"level":"info","message":"Web URL : http://localhost:3000","timestamp":"11:26:46 AM"}
{"meta":"","level":"info","message":"","timestamp":"11:26:46 AM"}
{"level":"info","message":"$$$$$$$$$$$$$$$$$$$$$$$$","timestamp":"11:26:46 AM"}
{"meta":"","level":"info","message":"","timestamp":"11:26:46 AM"}
{"level":"info","message":"Connected to Database","timestamp":"11:26:46 AM"}
{"level":"info","message":"accessUserSsid [1486,2357]","timestamp":"11:27:28 AM"}
{"level":"info","message":"$$$$$$$$$$$$$$$$$$$$$$$$","timestamp":"11:47:40 AM"}
{"meta":"","level":"info","message":"","timestamp":"11:47:40 AM"}
{"level":"info","message":"Production Environment is Listening on port 3000","timestamp":"11:47:40 AM"}
{"level":"info","message":"Web URL : http://localhost:3000","timestamp":"11:47:40 AM"}
{"meta":"","level":"info","message":"","timestamp":"11:47:40 AM"}
{"level":"info","message":"$$$$$$$$$$$$$$$$$$$$$$$$","timestamp":"11:47:40 AM"}
{"meta":"","level":"info","message":"","timestamp":"11:47:40 AM"}
{"level":"info","message":"Connected to Database","timestamp":"11:47:41 AM"}
{"level":"info","message":"accessUserSsid [8067,1486,2357]","timestamp":"11:48:38 AM"}
{"level":"info","message":"data { Access_User: [8067,1486,2357],\n  Modified_By: 0,\n  __v: 0,\n  Modified_On: 2024-08-20T08:48:27.590Z,\n  Created_On: 2024-08-20T08:48:27.590Z,\n  Created_By: 8067,\n  Status: 1,\n  Call_Api_URL: 'rwert',\n  Collection_Name: 'rewr',\n  DataFormat: [ 'Name' ],\n  Campaign_Name: 'TEST_USER-WATU',\n  Campaign_Id: 4,\n  _id: 66c578f05d053fe3f4072957 }","timestamp":"11:48:41 AM"}
{"level":"info","message":"$$$$$$$$$$$$$$$$$$$$$$$$","timestamp":"11:56:50 AM"}
{"meta":"","level":"info","message":"","timestamp":"11:56:50 AM"}
{"level":"info","message":"Production Environment is Listening on port 3000","timestamp":"11:56:50 AM"}
{"level":"info","message":"Web URL : http://localhost:3000","timestamp":"11:56:50 AM"}
{"meta":"","level":"info","message":"","timestamp":"11:56:50 AM"}
{"level":"info","message":"$$$$$$$$$$$$$$$$$$$$$$$$","timestamp":"11:56:50 AM"}
{"meta":"","level":"info","message":"","timestamp":"11:56:50 AM"}
{"level":"info","message":"Connected to Database","timestamp":"11:56:50 AM"}
{"level":"info","message":"$$$$$$$$$$$$$$$$$$$$$$$$","timestamp":"12:31:13 PM"}
{"meta":"","level":"info","message":"","timestamp":"12:31:13 PM"}
{"level":"info","message":"Production Environment is Listening on port 3000","timestamp":"12:31:13 PM"}
{"level":"info","message":"Web URL : http://localhost:3000","timestamp":"12:31:13 PM"}
{"meta":"","level":"info","message":"","timestamp":"12:31:13 PM"}
{"level":"info","message":"$$$$$$$$$$$$$$$$$$$$$$$$","timestamp":"12:31:13 PM"}
{"meta":"","level":"info","message":"","timestamp":"12:31:13 PM"}
{"level":"info","message":"Connected to Database","timestamp":"12:31:14 PM"}
{"level":"info","message":"$$$$$$$$$$$$$$$$$$$$$$$$","timestamp":"12:31:59 PM"}
{"meta":"","level":"info","message":"","timestamp":"12:31:59 PM"}
{"level":"info","message":"Production Environment is Listening on port 3000","timestamp":"12:31:59 PM"}
{"level":"info","message":"Web URL : http://localhost:3000","timestamp":"12:31:59 PM"}
{"meta":"","level":"info","message":"","timestamp":"12:31:59 PM"}
{"level":"info","message":"$$$$$$$$$$$$$$$$$$$$$$$$","timestamp":"12:31:59 PM"}
{"meta":"","level":"info","message":"","timestamp":"12:31:59 PM"}
{"level":"info","message":"Connected to Database","timestamp":"12:31:59 PM"}
{"level":"info","message":"$$$$$$$$$$$$$$$$$$$$$$$$","timestamp":"12:33:54 PM"}
{"meta":"","level":"info","message":"","timestamp":"12:33:54 PM"}
{"level":"info","message":"Production Environment is Listening on port 3000","timestamp":"12:33:54 PM"}
{"level":"info","message":"Web URL : http://localhost:3000","timestamp":"12:33:54 PM"}
{"meta":"","level":"info","message":"","timestamp":"12:33:54 PM"}
{"level":"info","message":"$$$$$$$$$$$$$$$$$$$$$$$$","timestamp":"12:33:54 PM"}
{"meta":"","level":"info","message":"","timestamp":"12:33:54 PM"}
{"level":"info","message":"Connected to Database","timestamp":"12:33:54 PM"}
{"level":"info","message":"$$$$$$$$$$$$$$$$$$$$$$$$","timestamp":"12:40:42 PM"}
{"meta":"","level":"info","message":"","timestamp":"12:40:42 PM"}
{"level":"info","message":"Production Environment is Listening on port 3000","timestamp":"12:40:42 PM"}
{"level":"info","message":"Web URL : http://localhost:3000","timestamp":"12:40:42 PM"}
{"meta":"","level":"info","message":"","timestamp":"12:40:42 PM"}
{"level":"info","message":"$$$$$$$$$$$$$$$$$$$$$$$$","timestamp":"12:40:42 PM"}
{"meta":"","level":"info","message":"","timestamp":"12:40:42 PM"}
{"level":"info","message":"Connected to Database","timestamp":"12:40:42 PM"}
{"level":"info","message":"$$$$$$$$$$$$$$$$$$$$$$$$","timestamp":"1:19:04 PM"}
{"meta":"","level":"info","message":"","timestamp":"1:19:04 PM"}
{"level":"info","message":"Production Environment is Listening on port 3000","timestamp":"1:19:04 PM"}
{"level":"info","message":"Web URL : http://localhost:3000","timestamp":"1:19:04 PM"}
{"meta":"","level":"info","message":"","timestamp":"1:19:04 PM"}
{"level":"info","message":"$$$$$$$$$$$$$$$$$$$$$$$$","timestamp":"1:19:04 PM"}
{"meta":"","level":"info","message":"","timestamp":"1:19:04 PM"}
{"level":"info","message":"Connected to Database","timestamp":"1:19:04 PM"}
{"level":"info","message":"$$$$$$$$$$$$$$$$$$$$$$$$","timestamp":"1:48:01 PM"}
{"meta":"","level":"info","message":"","timestamp":"1:48:01 PM"}
{"level":"info","message":"Production Environment is Listening on port 3000","timestamp":"1:48:01 PM"}
{"level":"info","message":"Web URL : http://localhost:3000","timestamp":"1:48:01 PM"}
{"meta":"","level":"info","message":"","timestamp":"1:48:01 PM"}
{"level":"info","message":"$$$$$$$$$$$$$$$$$$$$$$$$","timestamp":"1:48:01 PM"}
{"meta":"","level":"info","message":"","timestamp":"1:48:01 PM"}
{"level":"info","message":"Connected to Database","timestamp":"1:48:02 PM"}
{"level":"info","message":"$$$$$$$$$$$$$$$$$$$$$$$$","timestamp":"1:52:47 PM"}
{"meta":"","level":"info","message":"","timestamp":"1:52:47 PM"}
{"level":"info","message":"Production Environment is Listening on port 3000","timestamp":"1:52:47 PM"}
{"level":"info","message":"Web URL : http://localhost:3000","timestamp":"1:52:47 PM"}
{"meta":"","level":"info","message":"","timestamp":"1:52:47 PM"}
{"level":"info","message":"$$$$$$$$$$$$$$$$$$$$$$$$","timestamp":"1:52:47 PM"}
{"meta":"","level":"info","message":"","timestamp":"1:52:47 PM"}
{"level":"info","message":"Connected to Database","timestamp":"1:52:47 PM"}
{"level":"info","message":"$$$$$$$$$$$$$$$$$$$$$$$$","timestamp":"2:04:54 PM"}
{"meta":"","level":"info","message":"","timestamp":"2:04:54 PM"}
{"level":"info","message":"Production Environment is Listening on port 3000","timestamp":"2:04:54 PM"}
{"level":"info","message":"Web URL : http://localhost:3000","timestamp":"2:04:54 PM"}
{"meta":"","level":"info","message":"","timestamp":"2:04:54 PM"}
{"level":"info","message":"$$$$$$$$$$$$$$$$$$$$$$$$","timestamp":"2:04:54 PM"}
{"meta":"","level":"info","message":"","timestamp":"2:04:54 PM"}
{"level":"info","message":"Connected to Database","timestamp":"2:04:54 PM"}
{"level":"info","message":"$$$$$$$$$$$$$$$$$$$$$$$$","timestamp":"2:06:22 PM"}
{"meta":"","level":"info","message":"","timestamp":"2:06:22 PM"}
{"level":"info","message":"Production Environment is Listening on port 3000","timestamp":"2:06:22 PM"}
{"level":"info","message":"Web URL : http://localhost:3000","timestamp":"2:06:22 PM"}
{"meta":"","level":"info","message":"","timestamp":"2:06:22 PM"}
{"level":"info","message":"$$$$$$$$$$$$$$$$$$$$$$$$","timestamp":"2:06:22 PM"}
{"meta":"","level":"info","message":"","timestamp":"2:06:22 PM"}
{"level":"info","message":"Connected to Database","timestamp":"2:06:23 PM"}
{"level":"info","message":"$$$$$$$$$$$$$$$$$$$$$$$$","timestamp":"2:17:47 PM"}
{"meta":"","level":"info","message":"","timestamp":"2:17:47 PM"}
{"level":"info","message":"Production Environment is Listening on port 3000","timestamp":"2:17:47 PM"}
{"level":"info","message":"Web URL : http://localhost:3000","timestamp":"2:17:47 PM"}
{"meta":"","level":"info","message":"","timestamp":"2:17:47 PM"}
{"level":"info","message":"$$$$$$$$$$$$$$$$$$$$$$$$","timestamp":"2:17:47 PM"}
{"meta":"","level":"info","message":"","timestamp":"2:17:47 PM"}
{"level":"info","message":"Connected to Database","timestamp":"2:17:47 PM"}
{"level":"info","message":"$$$$$$$$$$$$$$$$$$$$$$$$","timestamp":"2:20:43 PM"}
{"meta":"","level":"info","message":"","timestamp":"2:20:43 PM"}
{"level":"info","message":"Production Environment is Listening on port 3000","timestamp":"2:20:43 PM"}
{"level":"info","message":"Web URL : http://localhost:3000","timestamp":"2:20:43 PM"}
{"meta":"","level":"info","message":"","timestamp":"2:20:43 PM"}
{"level":"info","message":"$$$$$$$$$$$$$$$$$$$$$$$$","timestamp":"2:20:43 PM"}
{"meta":"","level":"info","message":"","timestamp":"2:20:43 PM"}
{"level":"info","message":"Connected to Database","timestamp":"2:20:43 PM"}
{"level":"info","message":"$$$$$$$$$$$$$$$$$$$$$$$$","timestamp":"2:23:54 PM"}
{"meta":"","level":"info","message":"","timestamp":"2:23:54 PM"}
{"level":"info","message":"Production Environment is Listening on port 3000","timestamp":"2:23:54 PM"}
{"level":"info","message":"Web URL : http://localhost:3000","timestamp":"2:23:54 PM"}
{"meta":"","level":"info","message":"","timestamp":"2:23:54 PM"}
{"level":"info","message":"$$$$$$$$$$$$$$$$$$$$$$$$","timestamp":"2:23:54 PM"}
{"meta":"","level":"info","message":"","timestamp":"2:23:54 PM"}
{"level":"info","message":"Connected to Database","timestamp":"2:23:54 PM"}
{"level":"info","message":"$$$$$$$$$$$$$$$$$$$$$$$$","timestamp":"2:36:42 PM"}
{"meta":"","level":"info","message":"","timestamp":"2:36:42 PM"}
{"level":"info","message":"Production Environment is Listening on port 3000","timestamp":"2:36:42 PM"}
{"level":"info","message":"Web URL : http://localhost:3000","timestamp":"2:36:42 PM"}
{"meta":"","level":"info","message":"","timestamp":"2:36:42 PM"}
{"level":"info","message":"$$$$$$$$$$$$$$$$$$$$$$$$","timestamp":"2:36:42 PM"}
{"meta":"","level":"info","message":"","timestamp":"2:36:42 PM"}
{"level":"info","message":"Connected to Database","timestamp":"2:36:42 PM"}
{"level":"info","message":"$$$$$$$$$$$$$$$$$$$$$$$$","timestamp":"2:42:04 PM"}
{"meta":"","level":"info","message":"","timestamp":"2:42:04 PM"}
{"level":"info","message":"Production Environment is Listening on port 3000","timestamp":"2:42:04 PM"}
{"level":"info","message":"Web URL : http://localhost:3000","timestamp":"2:42:04 PM"}
{"meta":"","level":"info","message":"","timestamp":"2:42:04 PM"}
{"level":"info","message":"$$$$$$$$$$$$$$$$$$$$$$$$","timestamp":"2:42:04 PM"}
{"meta":"","level":"info","message":"","timestamp":"2:42:04 PM"}
{"level":"info","message":"Connected to Database","timestamp":"2:42:05 PM"}
{"level":"info","message":"accessUserSsid [8067,1486,2357]","timestamp":"2:42:51 PM"}
{"level":"info","message":"$$$$$$$$$$$$$$$$$$$$$$$$","timestamp":"2:54:21 PM"}
{"meta":"","level":"info","message":"","timestamp":"2:54:21 PM"}
{"level":"info","message":"Production Environment is Listening on port 3000","timestamp":"2:54:21 PM"}
{"level":"info","message":"Web URL : http://localhost:3000","timestamp":"2:54:21 PM"}
{"meta":"","level":"info","message":"","timestamp":"2:54:21 PM"}
{"level":"info","message":"$$$$$$$$$$$$$$$$$$$$$$$$","timestamp":"2:54:21 PM"}
{"meta":"","level":"info","message":"","timestamp":"2:54:21 PM"}
{"level":"info","message":"Connected to Database","timestamp":"2:54:21 PM"}
{"level":"info","message":"accessUserSsid [8067,1486,2357]","timestamp":"2:54:46 PM"}
{"level":"info","message":"Some required columns are missing","timestamp":"2:55:05 PM"}
{"level":"info","message":"accessUserSsid [8067,1486,2357]","timestamp":"3:00:23 PM"}
{"level":"info","message":"$$$$$$$$$$$$$$$$$$$$$$$$","timestamp":"3:01:28 PM"}
{"meta":"","level":"info","message":"","timestamp":"3:01:28 PM"}
{"level":"info","message":"Production Environment is Listening on port 3000","timestamp":"3:01:28 PM"}
{"level":"info","message":"Web URL : http://localhost:3000","timestamp":"3:01:28 PM"}
{"meta":"","level":"info","message":"","timestamp":"3:01:28 PM"}
{"level":"info","message":"$$$$$$$$$$$$$$$$$$$$$$$$","timestamp":"3:01:28 PM"}
{"meta":"","level":"info","message":"","timestamp":"3:01:28 PM"}
{"level":"info","message":"Connected to Database","timestamp":"3:01:28 PM"}
{"level":"info","message":"accessUserSsid [8067,1486,2357]","timestamp":"3:01:44 PM"}
{"level":"info","message":"$$$$$$$$$$$$$$$$$$$$$$$$","timestamp":"3:02:08 PM"}
{"meta":"","level":"info","message":"","timestamp":"3:02:08 PM"}
{"level":"info","message":"Production Environment is Listening on port 3000","timestamp":"3:02:08 PM"}
{"level":"info","message":"Web URL : http://localhost:3000","timestamp":"3:02:08 PM"}
{"meta":"","level":"info","message":"","timestamp":"3:02:08 PM"}
{"level":"info","message":"$$$$$$$$$$$$$$$$$$$$$$$$","timestamp":"3:02:08 PM"}
{"meta":"","level":"info","message":"","timestamp":"3:02:08 PM"}
{"level":"info","message":"Connected to Database","timestamp":"3:02:09 PM"}
{"level":"info","message":"accessUserSsid [8067,1486,2357]","timestamp":"3:02:33 PM"}
{"level":"info","message":"$$$$$$$$$$$$$$$$$$$$$$$$","timestamp":"3:06:42 PM"}
{"meta":"","level":"info","message":"","timestamp":"3:06:42 PM"}
{"level":"info","message":"Production Environment is Listening on port 3000","timestamp":"3:06:42 PM"}
{"level":"info","message":"Web URL : http://localhost:3000","timestamp":"3:06:42 PM"}
{"meta":"","level":"info","message":"","timestamp":"3:06:42 PM"}
{"level":"info","message":"$$$$$$$$$$$$$$$$$$$$$$$$","timestamp":"3:06:42 PM"}
{"meta":"","level":"info","message":"","timestamp":"3:06:42 PM"}
{"level":"info","message":"Connected to Database","timestamp":"3:06:42 PM"}
{"level":"info","message":"accessUserSsid [8067,1486,2357]","timestamp":"3:06:55 PM"}
{"level":"info","message":"Some required columns are missing","timestamp":"3:07:32 PM"}
{"level":"info","message":"accessUserSsid [8067,1486,2357]","timestamp":"3:08:45 PM"}
{"level":"info","message":"accessUserSsid [8067,1486,2357]","timestamp":"3:09:33 PM"}
{"level":"info","message":"$$$$$$$$$$$$$$$$$$$$$$$$","timestamp":"3:41:19 PM"}
{"meta":"","level":"info","message":"","timestamp":"3:41:19 PM"}
{"level":"info","message":"Production Environment is Listening on port 3000","timestamp":"3:41:19 PM"}
{"level":"info","message":"Web URL : http://localhost:3000","timestamp":"3:41:19 PM"}
{"meta":"","level":"info","message":"","timestamp":"3:41:19 PM"}
{"level":"info","message":"$$$$$$$$$$$$$$$$$$$$$$$$","timestamp":"3:41:19 PM"}
{"meta":"","level":"info","message":"","timestamp":"3:41:19 PM"}
{"level":"info","message":"Connected to Database","timestamp":"3:41:20 PM"}
{"level":"info","message":"accessUserSsid [8067]","timestamp":"3:41:50 PM"}
{"level":"info","message":"$$$$$$$$$$$$$$$$$$$$$$$$","timestamp":"3:44:35 PM"}
{"meta":"","level":"info","message":"","timestamp":"3:44:35 PM"}
{"level":"info","message":"Production Environment is Listening on port 3000","timestamp":"3:44:35 PM"}
{"level":"info","message":"Web URL : http://localhost:3000","timestamp":"3:44:35 PM"}
{"meta":"","level":"info","message":"","timestamp":"3:44:35 PM"}
{"level":"info","message":"$$$$$$$$$$$$$$$$$$$$$$$$","timestamp":"3:44:35 PM"}
{"meta":"","level":"info","message":"","timestamp":"3:44:35 PM"}
{"level":"info","message":"Connected to Database","timestamp":"3:44:35 PM"}
{"level":"info","message":"accessUserSsid [8067]","timestamp":"3:44:43 PM"}
{"level":"info","message":"$$$$$$$$$$$$$$$$$$$$$$$$","timestamp":"3:49:28 PM"}
{"meta":"","level":"info","message":"","timestamp":"3:49:28 PM"}
{"level":"info","message":"Production Environment is Listening on port 3000","timestamp":"3:49:28 PM"}
{"level":"info","message":"Web URL : http://localhost:3000","timestamp":"3:49:28 PM"}
{"meta":"","level":"info","message":"","timestamp":"3:49:28 PM"}
{"level":"info","message":"$$$$$$$$$$$$$$$$$$$$$$$$","timestamp":"3:49:28 PM"}
{"meta":"","level":"info","message":"","timestamp":"3:49:28 PM"}
{"level":"info","message":"Connected to Database","timestamp":"3:49:28 PM"}
{"level":"info","message":"accessUserSsid [8067]","timestamp":"3:49:47 PM"}
{"level":"info","message":"$$$$$$$$$$$$$$$$$$$$$$$$","timestamp":"4:27:43 PM"}
{"meta":"","level":"info","message":"","timestamp":"4:27:43 PM"}
{"level":"info","message":"Production Environment is Listening on port 3000","timestamp":"4:27:43 PM"}
{"level":"info","message":"Web URL : http://localhost:3000","timestamp":"4:27:43 PM"}
{"meta":"","level":"info","message":"","timestamp":"4:27:43 PM"}
{"level":"info","message":"$$$$$$$$$$$$$$$$$$$$$$$$","timestamp":"4:27:43 PM"}
{"meta":"","level":"info","message":"","timestamp":"4:27:43 PM"}
{"level":"info","message":"Connected to Database","timestamp":"4:27:43 PM"}
{"level":"info","message":"accessUserSsid [8067]","timestamp":"4:28:00 PM"}
{"level":"info","message":"$$$$$$$$$$$$$$$$$$$$$$$$","timestamp":"4:43:39 PM"}
{"meta":"","level":"info","message":"","timestamp":"4:43:39 PM"}
{"level":"info","message":"Production Environment is Listening on port 3000","timestamp":"4:43:39 PM"}
{"level":"info","message":"Web URL : http://localhost:3000","timestamp":"4:43:39 PM"}
{"meta":"","level":"info","message":"","timestamp":"4:43:39 PM"}
{"level":"info","message":"$$$$$$$$$$$$$$$$$$$$$$$$","timestamp":"4:43:39 PM"}
{"meta":"","level":"info","message":"","timestamp":"4:43:39 PM"}
{"level":"info","message":"Connected to Database","timestamp":"4:43:39 PM"}
{"level":"info","message":"$$$$$$$$$$$$$$$$$$$$$$$$","timestamp":"4:45:02 PM"}
{"meta":"","level":"info","message":"","timestamp":"4:45:02 PM"}
{"level":"info","message":"Production Environment is Listening on port 3000","timestamp":"4:45:02 PM"}
{"level":"info","message":"Web URL : http://localhost:3000","timestamp":"4:45:02 PM"}
{"meta":"","level":"info","message":"","timestamp":"4:45:02 PM"}
{"level":"info","message":"$$$$$$$$$$$$$$$$$$$$$$$$","timestamp":"4:45:02 PM"}
{"meta":"","level":"info","message":"","timestamp":"4:45:02 PM"}
{"level":"info","message":"Connected to Database","timestamp":"4:45:03 PM"}
{"level":"info","message":"accessUserSsid [8067]","timestamp":"4:45:17 PM"}
{"level":"info","message":"$$$$$$$$$$$$$$$$$$$$$$$$","timestamp":"4:47:09 PM"}
{"meta":"","level":"info","message":"","timestamp":"4:47:09 PM"}
{"level":"info","message":"Production Environment is Listening on port 3000","timestamp":"4:47:09 PM"}
{"level":"info","message":"Web URL : http://localhost:3000","timestamp":"4:47:09 PM"}
{"meta":"","level":"info","message":"","timestamp":"4:47:09 PM"}
{"level":"info","message":"$$$$$$$$$$$$$$$$$$$$$$$$","timestamp":"4:47:09 PM"}
{"meta":"","level":"info","message":"","timestamp":"4:47:09 PM"}
{"level":"info","message":"Connected to Database","timestamp":"4:47:09 PM"}
{"level":"info","message":"accessUserSsid [8067]","timestamp":"4:47:27 PM"}
{"level":"info","message":"$$$$$$$$$$$$$$$$$$$$$$$$","timestamp":"4:49:07 PM"}
{"meta":"","level":"info","message":"","timestamp":"4:49:07 PM"}
{"level":"info","message":"Production Environment is Listening on port 3000","timestamp":"4:49:07 PM"}
{"level":"info","message":"Web URL : http://localhost:3000","timestamp":"4:49:07 PM"}
{"meta":"","level":"info","message":"","timestamp":"4:49:07 PM"}
{"level":"info","message":"$$$$$$$$$$$$$$$$$$$$$$$$","timestamp":"4:49:07 PM"}
{"meta":"","level":"info","message":"","timestamp":"4:49:07 PM"}
{"level":"info","message":"Connected to Database","timestamp":"4:49:08 PM"}
{"level":"info","message":"accessUserSsid [8067]","timestamp":"4:49:22 PM"}
{"level":"info","message":"$$$$$$$$$$$$$$$$$$$$$$$$","timestamp":"4:50:27 PM"}
{"meta":"","level":"info","message":"","timestamp":"4:50:27 PM"}
{"level":"info","message":"Production Environment is Listening on port 3000","timestamp":"4:50:27 PM"}
{"level":"info","message":"Web URL : http://localhost:3000","timestamp":"4:50:27 PM"}
{"meta":"","level":"info","message":"","timestamp":"4:50:27 PM"}
{"level":"info","message":"$$$$$$$$$$$$$$$$$$$$$$$$","timestamp":"4:50:27 PM"}
{"meta":"","level":"info","message":"","timestamp":"4:50:27 PM"}
{"level":"info","message":"Connected to Database","timestamp":"4:50:28 PM"}
{"level":"info","message":"$$$$$$$$$$$$$$$$$$$$$$$$","timestamp":"4:55:01 PM"}
{"meta":"","level":"info","message":"","timestamp":"4:55:01 PM"}
{"level":"info","message":"Production Environment is Listening on port 3000","timestamp":"4:55:01 PM"}
{"level":"info","message":"Web URL : http://localhost:3000","timestamp":"4:55:01 PM"}
{"meta":"","level":"info","message":"","timestamp":"4:55:01 PM"}
{"level":"info","message":"$$$$$$$$$$$$$$$$$$$$$$$$","timestamp":"4:55:01 PM"}
{"meta":"","level":"info","message":"","timestamp":"4:55:01 PM"}
{"level":"info","message":"Connected to Database","timestamp":"4:55:01 PM"}
{"level":"info","message":"accessUserSsid [8067]","timestamp":"4:55:16 PM"}
{"level":"info","message":"$$$$$$$$$$$$$$$$$$$$$$$$","timestamp":"4:58:16 PM"}
{"meta":"","level":"info","message":"","timestamp":"4:58:16 PM"}
{"level":"info","message":"Production Environment is Listening on port 3000","timestamp":"4:58:16 PM"}
{"level":"info","message":"Web URL : http://localhost:3000","timestamp":"4:58:16 PM"}
{"meta":"","level":"info","message":"","timestamp":"4:58:16 PM"}
{"level":"info","message":"$$$$$$$$$$$$$$$$$$$$$$$$","timestamp":"4:58:16 PM"}
{"meta":"","level":"info","message":"","timestamp":"4:58:16 PM"}
{"level":"info","message":"Connected to Database","timestamp":"4:58:16 PM"}
{"level":"info","message":"accessUserSsid [8067]","timestamp":"4:58:30 PM"}
{"level":"info","message":"$$$$$$$$$$$$$$$$$$$$$$$$","timestamp":"4:59:30 PM"}
{"meta":"","level":"info","message":"","timestamp":"4:59:30 PM"}
{"level":"info","message":"Production Environment is Listening on port 3000","timestamp":"4:59:30 PM"}
{"level":"info","message":"Web URL : http://localhost:3000","timestamp":"4:59:30 PM"}
{"meta":"","level":"info","message":"","timestamp":"4:59:30 PM"}
{"level":"info","message":"$$$$$$$$$$$$$$$$$$$$$$$$","timestamp":"4:59:30 PM"}
{"meta":"","level":"info","message":"","timestamp":"4:59:30 PM"}
{"level":"info","message":"Connected to Database","timestamp":"4:59:31 PM"}
{"level":"info","message":"accessUserSsid [8067]","timestamp":"4:59:43 PM"}
{"level":"info","message":"$$$$$$$$$$$$$$$$$$$$$$$$","timestamp":"5:03:41 PM"}
{"meta":"","level":"info","message":"","timestamp":"5:03:41 PM"}
{"level":"info","message":"Production Environment is Listening on port 3000","timestamp":"5:03:41 PM"}
{"level":"info","message":"Web URL : http://localhost:3000","timestamp":"5:03:41 PM"}
{"meta":"","level":"info","message":"","timestamp":"5:03:41 PM"}
{"level":"info","message":"$$$$$$$$$$$$$$$$$$$$$$$$","timestamp":"5:03:41 PM"}
{"meta":"","level":"info","message":"","timestamp":"5:03:41 PM"}
{"level":"info","message":"Connected to Database","timestamp":"5:03:41 PM"}
{"level":"info","message":"accessUserSsid [8067]","timestamp":"5:04:00 PM"}
{"level":"info","message":"$$$$$$$$$$$$$$$$$$$$$$$$","timestamp":"5:09:10 PM"}
{"meta":"","level":"info","message":"","timestamp":"5:09:10 PM"}
{"level":"info","message":"Production Environment is Listening on port 3000","timestamp":"5:09:10 PM"}
{"level":"info","message":"Web URL : http://localhost:3000","timestamp":"5:09:10 PM"}
{"meta":"","level":"info","message":"","timestamp":"5:09:10 PM"}
{"level":"info","message":"$$$$$$$$$$$$$$$$$$$$$$$$","timestamp":"5:09:10 PM"}
{"meta":"","level":"info","message":"","timestamp":"5:09:10 PM"}
{"level":"info","message":"Connected to Database","timestamp":"5:09:11 PM"}
{"level":"info","message":"$$$$$$$$$$$$$$$$$$$$$$$$","timestamp":"5:10:13 PM"}
{"meta":"","level":"info","message":"","timestamp":"5:10:13 PM"}
{"level":"info","message":"Production Environment is Listening on port 3000","timestamp":"5:10:13 PM"}
{"level":"info","message":"Web URL : http://localhost:3000","timestamp":"5:10:13 PM"}
{"meta":"","level":"info","message":"","timestamp":"5:10:13 PM"}
{"level":"info","message":"$$$$$$$$$$$$$$$$$$$$$$$$","timestamp":"5:10:13 PM"}
{"meta":"","level":"info","message":"","timestamp":"5:10:13 PM"}
{"level":"info","message":"Connected to Database","timestamp":"5:10:14 PM"}
{"level":"info","message":"accessUserSsid [8067]","timestamp":"5:10:37 PM"}
{"level":"info","message":"File saved successfully","timestamp":"5:11:19 PM"}
{"level":"info","message":"$$$$$$$$$$$$$$$$$$$$$$$$","timestamp":"5:15:26 PM"}
{"meta":"","level":"info","message":"","timestamp":"5:15:26 PM"}
{"level":"info","message":"Production Environment is Listening on port 3000","timestamp":"5:15:26 PM"}
{"level":"info","message":"Web URL : http://localhost:3000","timestamp":"5:15:26 PM"}
{"meta":"","level":"info","message":"","timestamp":"5:15:26 PM"}
{"level":"info","message":"$$$$$$$$$$$$$$$$$$$$$$$$","timestamp":"5:15:26 PM"}
{"meta":"","level":"info","message":"","timestamp":"5:15:26 PM"}
{"level":"info","message":"Connected to Database","timestamp":"5:15:26 PM"}
{"level":"info","message":"accessUserSsid [8067]","timestamp":"5:15:50 PM"}
{"level":"info","message":"$$$$$$$$$$$$$$$$$$$$$$$$","timestamp":"5:17:16 PM"}
{"meta":"","level":"info","message":"","timestamp":"5:17:17 PM"}
{"level":"info","message":"Production Environment is Listening on port 3000","timestamp":"5:17:17 PM"}
{"level":"info","message":"Web URL : http://localhost:3000","timestamp":"5:17:17 PM"}
{"meta":"","level":"info","message":"","timestamp":"5:17:17 PM"}
{"level":"info","message":"$$$$$$$$$$$$$$$$$$$$$$$$","timestamp":"5:17:17 PM"}
{"meta":"","level":"info","message":"","timestamp":"5:17:17 PM"}
{"level":"info","message":"Connected to Database","timestamp":"5:17:17 PM"}
{"level":"info","message":"accessUserSsid [8067]","timestamp":"5:17:52 PM"}
{"level":"info","message":"$$$$$$$$$$$$$$$$$$$$$$$$","timestamp":"5:42:44 PM"}
{"meta":"","level":"info","message":"","timestamp":"5:42:44 PM"}
{"level":"info","message":"Production Environment is Listening on port 3000","timestamp":"5:42:44 PM"}
{"level":"info","message":"Web URL : http://localhost:3000","timestamp":"5:42:44 PM"}
{"meta":"","level":"info","message":"","timestamp":"5:42:44 PM"}
{"level":"info","message":"$$$$$$$$$$$$$$$$$$$$$$$$","timestamp":"5:42:44 PM"}
{"meta":"","level":"info","message":"","timestamp":"5:42:44 PM"}
{"level":"info","message":"Connected to Database","timestamp":"5:42:44 PM"}
