{"level":"info","message":"$$$$$$$$$$$$$$$$$$$$$$$$","timestamp":"9:41:47 AM"}
{"meta":"","level":"info","message":"","timestamp":"9:41:47 AM"}
{"level":"info","message":"Production Environment is Listening on port 3000","timestamp":"9:41:47 AM"}
{"level":"info","message":"Web URL : http://localhost:3000","timestamp":"9:41:47 AM"}
{"meta":"","level":"info","message":"","timestamp":"9:41:47 AM"}
{"level":"info","message":"$$$$$$$$$$$$$$$$$$$$$$$$","timestamp":"9:41:47 AM"}
{"meta":"","level":"info","message":"","timestamp":"9:41:47 AM"}
{"level":"info","message":"Connected to Database","timestamp":"9:41:47 AM"}
{"level":"info","message":"$$$$$$$$$$$$$$$$$$$$$$$$","timestamp":"10:20:22 AM"}
{"meta":"","level":"info","message":"","timestamp":"10:20:22 AM"}
{"level":"info","message":"Production Environment is Listening on port 3000","timestamp":"10:20:22 AM"}
{"level":"info","message":"Web URL : http://localhost:3000","timestamp":"10:20:22 AM"}
{"meta":"","level":"info","message":"","timestamp":"10:20:22 AM"}
{"level":"info","message":"$$$$$$$$$$$$$$$$$$$$$$$$","timestamp":"10:20:22 AM"}
{"meta":"","level":"info","message":"","timestamp":"10:20:22 AM"}
{"level":"info","message":"Connected to Database","timestamp":"10:20:22 AM"}
{"level":"info","message":"DateRange from 2024-08-18T18:30:00.000Z to 2024-08-19T18:30:00.000Z","timestamp":"10:24:45 AM"}
{"level":"info","message":"$$$$$$$$$$$$$$$$$$$$$$$$","timestamp":"10:27:04 AM"}
{"meta":"","level":"info","message":"","timestamp":"10:27:04 AM"}
{"level":"info","message":"Production Environment is Listening on port 3000","timestamp":"10:27:04 AM"}
{"level":"info","message":"Web URL : http://localhost:3000","timestamp":"10:27:04 AM"}
{"meta":"","level":"info","message":"","timestamp":"10:27:04 AM"}
{"level":"info","message":"$$$$$$$$$$$$$$$$$$$$$$$$","timestamp":"10:27:04 AM"}
{"meta":"","level":"info","message":"","timestamp":"10:27:04 AM"}
{"level":"info","message":"Connected to Database","timestamp":"10:27:04 AM"}
