{"level":"info","message":"$$$$$$$$$$$$$$$$$$$$$$$$","timestamp":"10:16:52 AM"}
{"meta":"","level":"info","message":"","timestamp":"10:16:52 AM"}
{"level":"info","message":"Production Environment is Listening on port 3000","timestamp":"10:16:52 AM"}
{"level":"info","message":"Web URL : http://localhost:3000","timestamp":"10:16:52 AM"}
{"meta":"","level":"info","message":"","timestamp":"10:16:52 AM"}
{"level":"info","message":"$$$$$$$$$$$$$$$$$$$$$$$$","timestamp":"10:16:52 AM"}
{"meta":"","level":"info","message":"","timestamp":"10:16:52 AM"}
{"level":"info","message":"Connected to Database","timestamp":"10:16:52 AM"}
{"level":"info","message":"$$$$$$$$$$$$$$$$$$$$$$$$","timestamp":"10:20:55 AM"}
{"meta":"","level":"info","message":"","timestamp":"10:20:55 AM"}
{"level":"info","message":"Production Environment is Listening on port 3000","timestamp":"10:20:55 AM"}
{"level":"info","message":"Web URL : http://localhost:3000","timestamp":"10:20:55 AM"}
{"meta":"","level":"info","message":"","timestamp":"10:20:55 AM"}
{"level":"info","message":"$$$$$$$$$$$$$$$$$$$$$$$$","timestamp":"10:20:55 AM"}
{"meta":"","level":"info","message":"","timestamp":"10:20:55 AM"}
{"level":"info","message":"Connected to Database","timestamp":"10:20:56 AM"}
{"level":"info","message":"$$$$$$$$$$$$$$$$$$$$$$$$","timestamp":"10:27:05 AM"}
{"meta":"","level":"info","message":"","timestamp":"10:27:05 AM"}
{"level":"info","message":"Production Environment is Listening on port 3000","timestamp":"10:27:05 AM"}
{"level":"info","message":"Web URL : http://localhost:3000","timestamp":"10:27:05 AM"}
{"meta":"","level":"info","message":"","timestamp":"10:27:05 AM"}
{"level":"info","message":"$$$$$$$$$$$$$$$$$$$$$$$$","timestamp":"10:27:05 AM"}
{"meta":"","level":"info","message":"","timestamp":"10:27:05 AM"}
{"level":"info","message":"Connected to Database","timestamp":"10:27:05 AM"}
{"level":"info","message":"$$$$$$$$$$$$$$$$$$$$$$$$","timestamp":"10:40:28 AM"}
{"meta":"","level":"info","message":"","timestamp":"10:40:28 AM"}
{"level":"info","message":"Production Environment is Listening on port 3000","timestamp":"10:40:28 AM"}
{"level":"info","message":"Web URL : http://localhost:3000","timestamp":"10:40:28 AM"}
{"meta":"","level":"info","message":"","timestamp":"10:40:28 AM"}
{"level":"info","message":"$$$$$$$$$$$$$$$$$$$$$$$$","timestamp":"10:40:28 AM"}
{"meta":"","level":"info","message":"","timestamp":"10:40:28 AM"}
{"level":"info","message":"Connected to Database","timestamp":"10:40:29 AM"}
{"level":"info","message":"emailsendgrid","timestamp":"10:41:30 AM"}
{"level":"info","message":"emailsendgrid","timestamp":"10:41:34 AM"}
{"level":"info","message":"emailsendgrid","timestamp":"10:41:43 AM"}
{"level":"info","message":"emailsendgrid","timestamp":"10:42:21 AM"}
{"level":"info","message":"emailsendgrid","timestamp":"10:42:58 AM"}
{"level":"info","message":"emailsendgrid","timestamp":"10:45:09 AM"}
{"level":"info","message":"emailsendgrid","timestamp":"10:45:29 AM"}
{"level":"info","message":"emailsendgrid","timestamp":"10:49:26 AM"}
{"level":"info","message":"emailsendgrid","timestamp":"10:51:18 AM"}
{"level":"info","message":"$$$$$$$$$$$$$$$$$$$$$$$$","timestamp":"11:23:54 AM"}
{"meta":"","level":"info","message":"","timestamp":"11:23:54 AM"}
{"level":"info","message":"Production Environment is Listening on port 3000","timestamp":"11:23:54 AM"}
{"level":"info","message":"Web URL : http://localhost:3000","timestamp":"11:23:54 AM"}
{"meta":"","level":"info","message":"","timestamp":"11:23:54 AM"}
{"level":"info","message":"$$$$$$$$$$$$$$$$$$$$$$$$","timestamp":"11:23:54 AM"}
{"meta":"","level":"info","message":"","timestamp":"11:23:54 AM"}
{"level":"info","message":"Connected to Database","timestamp":"11:23:54 AM"}
{"level":"info","message":"$$$$$$$$$$$$$$$$$$$$$$$$","timestamp":"11:24:53 AM"}
{"meta":"","level":"info","message":"","timestamp":"11:24:53 AM"}
{"level":"info","message":"Production Environment is Listening on port 3000","timestamp":"11:24:53 AM"}
{"level":"info","message":"Web URL : http://localhost:3000","timestamp":"11:24:53 AM"}
{"meta":"","level":"info","message":"","timestamp":"11:24:53 AM"}
{"level":"info","message":"$$$$$$$$$$$$$$$$$$$$$$$$","timestamp":"11:24:53 AM"}
{"meta":"","level":"info","message":"","timestamp":"11:24:53 AM"}
{"level":"info","message":"Connected to Database","timestamp":"11:24:53 AM"}
{"level":"info","message":"$$$$$$$$$$$$$$$$$$$$$$$$","timestamp":"11:30:07 AM"}
{"meta":"","level":"info","message":"","timestamp":"11:30:07 AM"}
{"level":"info","message":"Production Environment is Listening on port 3000","timestamp":"11:30:07 AM"}
{"level":"info","message":"Web URL : http://localhost:3000","timestamp":"11:30:07 AM"}
{"meta":"","level":"info","message":"","timestamp":"11:30:07 AM"}
{"level":"info","message":"$$$$$$$$$$$$$$$$$$$$$$$$","timestamp":"11:30:07 AM"}
{"meta":"","level":"info","message":"","timestamp":"11:30:07 AM"}
{"level":"info","message":"Connected to Database","timestamp":"11:30:07 AM"}
{"level":"info","message":"emailsendgrid","timestamp":"11:31:20 AM"}
{"level":"info","message":"$$$$$$$$$$$$$$$$$$$$$$$$","timestamp":"11:32:42 AM"}
{"meta":"","level":"info","message":"","timestamp":"11:32:42 AM"}
{"level":"info","message":"Production Environment is Listening on port 3000","timestamp":"11:32:42 AM"}
{"level":"info","message":"Web URL : http://localhost:3000","timestamp":"11:32:42 AM"}
{"meta":"","level":"info","message":"","timestamp":"11:32:42 AM"}
{"level":"info","message":"$$$$$$$$$$$$$$$$$$$$$$$$","timestamp":"11:32:42 AM"}
{"meta":"","level":"info","message":"","timestamp":"11:32:42 AM"}
{"level":"info","message":"Connected to Database","timestamp":"11:32:43 AM"}
{"level":"info","message":"$$$$$$$$$$$$$$$$$$$$$$$$","timestamp":"11:36:37 AM"}
{"meta":"","level":"info","message":"","timestamp":"11:36:37 AM"}
{"level":"info","message":"Production Environment is Listening on port 3000","timestamp":"11:36:37 AM"}
{"level":"info","message":"Web URL : http://localhost:3000","timestamp":"11:36:37 AM"}
{"meta":"","level":"info","message":"","timestamp":"11:36:37 AM"}
{"level":"info","message":"$$$$$$$$$$$$$$$$$$$$$$$$","timestamp":"11:36:37 AM"}
{"meta":"","level":"info","message":"","timestamp":"11:36:37 AM"}
{"level":"info","message":"Connected to Database","timestamp":"11:36:37 AM"}
{"level":"info","message":"$$$$$$$$$$$$$$$$$$$$$$$$","timestamp":"11:40:05 AM"}
{"meta":"","level":"info","message":"","timestamp":"11:40:05 AM"}
{"level":"info","message":"Production Environment is Listening on port 3000","timestamp":"11:40:05 AM"}
{"level":"info","message":"Web URL : http://localhost:3000","timestamp":"11:40:05 AM"}
{"meta":"","level":"info","message":"","timestamp":"11:40:05 AM"}
{"level":"info","message":"$$$$$$$$$$$$$$$$$$$$$$$$","timestamp":"11:40:05 AM"}
{"meta":"","level":"info","message":"","timestamp":"11:40:05 AM"}
{"level":"info","message":"Connected to Database","timestamp":"11:40:05 AM"}
{"level":"info","message":"$$$$$$$$$$$$$$$$$$$$$$$$","timestamp":"5:08:11 PM"}
{"meta":"","level":"info","message":"","timestamp":"5:08:11 PM"}
{"level":"info","message":"Production Environment is Listening on port 3000","timestamp":"5:08:11 PM"}
{"level":"info","message":"Web URL : http://localhost:3000","timestamp":"5:08:11 PM"}
{"meta":"","level":"info","message":"","timestamp":"5:08:11 PM"}
{"level":"info","message":"$$$$$$$$$$$$$$$$$$$$$$$$","timestamp":"5:08:11 PM"}
{"meta":"","level":"info","message":"","timestamp":"5:08:11 PM"}
{"level":"info","message":"Connected to Database","timestamp":"5:08:11 PM"}
{"level":"info","message":"2024-08-19T18:30:00.000Z ' - ' 2024-08-20T18:30:00.000Z","timestamp":"5:08:16 PM"}
{"level":"info","message":"2024-07-31T18:30:00.000Z ' - ' 2024-08-31T18:30:00.000Z","timestamp":"5:08:16 PM"}
{"level":"info","message":"2024-08-19T18:30:00.000Z ' - ' 2024-08-20T18:30:00.000Z","timestamp":"5:08:19 PM"}
{"level":"info","message":"2024-07-31T18:30:00.000Z ' - ' 2024-08-31T18:30:00.000Z","timestamp":"5:08:19 PM"}
{"level":"info","message":"2024-08-19T18:30:00.000Z ' - ' 2024-08-20T18:30:00.000Z","timestamp":"5:08:41 PM"}
{"level":"info","message":"2024-07-31T18:30:00.000Z ' - ' 2024-08-31T18:30:00.000Z","timestamp":"5:08:41 PM"}
{"level":"info","message":"2024-08-19T18:30:00.000Z ' - ' 2024-08-20T18:30:00.000Z","timestamp":"5:08:50 PM"}
{"level":"info","message":"2024-07-31T18:30:00.000Z ' - ' 2024-08-31T18:30:00.000Z","timestamp":"5:08:50 PM"}
{"level":"info","message":"2024-08-19T18:30:00.000Z ' - ' 2024-08-20T18:30:00.000Z","timestamp":"5:09:17 PM"}
{"level":"info","message":"2024-07-31T18:30:00.000Z ' - ' 2024-08-31T18:30:00.000Z","timestamp":"5:09:17 PM"}
{"level":"info","message":"2024-08-19T18:30:00.000Z ' - ' 2024-08-20T18:30:00.000Z","timestamp":"5:09:21 PM"}
{"level":"info","message":"2024-07-31T18:30:00.000Z ' - ' 2024-08-31T18:30:00.000Z","timestamp":"5:09:21 PM"}
{"level":"info","message":"2024-08-19T18:30:00.000Z ' - ' 2024-08-20T18:30:00.000Z","timestamp":"5:09:55 PM"}
{"level":"info","message":"2024-07-31T18:30:00.000Z ' - ' 2024-08-31T18:30:00.000Z","timestamp":"5:09:55 PM"}
{"level":"info","message":"2024-08-19T18:30:00.000Z ' - ' 2024-08-20T18:30:00.000Z","timestamp":"5:10:49 PM"}
{"level":"info","message":"2024-07-31T18:30:00.000Z ' - ' 2024-08-31T18:30:00.000Z","timestamp":"5:10:49 PM"}
{"level":"info","message":"2024-08-19T18:30:00.000Z ' - ' 2024-08-20T18:30:00.000Z","timestamp":"5:11:11 PM"}
{"level":"info","message":"2024-07-31T18:30:00.000Z ' - ' 2024-08-31T18:30:00.000Z","timestamp":"5:11:11 PM"}
{"level":"info","message":"2024-08-19T18:30:00.000Z ' - ' 2024-08-20T18:30:00.000Z","timestamp":"5:11:31 PM"}
{"level":"info","message":"2024-07-31T18:30:00.000Z ' - ' 2024-08-31T18:30:00.000Z","timestamp":"5:11:31 PM"}
{"level":"info","message":"$$$$$$$$$$$$$$$$$$$$$$$$","timestamp":"5:12:51 PM"}
{"meta":"","level":"info","message":"","timestamp":"5:12:51 PM"}
{"level":"info","message":"Production Environment is Listening on port 3000","timestamp":"5:12:51 PM"}
{"level":"info","message":"Web URL : http://localhost:3000","timestamp":"5:12:51 PM"}
{"meta":"","level":"info","message":"","timestamp":"5:12:51 PM"}
{"level":"info","message":"$$$$$$$$$$$$$$$$$$$$$$$$","timestamp":"5:12:51 PM"}
{"meta":"","level":"info","message":"","timestamp":"5:12:51 PM"}
{"level":"info","message":"Connected to Database","timestamp":"5:12:51 PM"}
{"level":"info","message":"$$$$$$$$$$$$$$$$$$$$$$$$","timestamp":"5:15:09 PM"}
{"meta":"","level":"info","message":"","timestamp":"5:15:09 PM"}
{"level":"info","message":"Production Environment is Listening on port 3000","timestamp":"5:15:09 PM"}
{"level":"info","message":"Web URL : http://localhost:3000","timestamp":"5:15:09 PM"}
{"meta":"","level":"info","message":"","timestamp":"5:15:09 PM"}
{"level":"info","message":"$$$$$$$$$$$$$$$$$$$$$$$$","timestamp":"5:15:09 PM"}
{"meta":"","level":"info","message":"","timestamp":"5:15:09 PM"}
{"level":"info","message":"Connected to Database","timestamp":"5:15:09 PM"}
