{"level":"info","message":"$$$$$$$$$$$$$$$$$$$$$$$$","timestamp":"9:34:54 AM"}
{"meta":"","level":"info","message":"","timestamp":"9:34:54 AM"}
{"level":"info","message":"Development Environment is Listening on port 3000","timestamp":"9:34:54 AM"}
{"level":"info","message":"Web URL : http://localhost:3000","timestamp":"9:34:54 AM"}
{"meta":"","level":"info","message":"","timestamp":"9:34:54 AM"}
{"level":"info","message":"$$$$$$$$$$$$$$$$$$$$$$$$","timestamp":"9:34:54 AM"}
{"meta":"","level":"info","message":"","timestamp":"9:34:54 AM"}
{"level":"info","message":"DateRange from 2024-02-19T18:30:00.000Z to 2024-02-20T18:30:00.000Z","timestamp":"9:36:10 AM"}
{"level":"info","message":"DateRange from 2024-02-19T18:30:00.000Z to 2024-02-20T18:30:00.000Z","timestamp":"9:36:29 AM"}
{"level":"info","message":"DateRange from 2024-02-19T18:30:00.000Z to 2024-02-20T18:30:00.000Z","timestamp":"9:49:59 AM"}
{"level":"info","message":"DateRange from 2024-02-19T18:30:00.000Z to 2024-02-20T18:30:00.000Z","timestamp":"9:56:24 AM"}
{"level":"info","message":"DateRange from 2024-02-19T18:30:00.000Z to 2024-02-20T18:30:00.000Z","timestamp":"10:02:14 AM"}
{"level":"info","message":"DateRange from 2024-02-19T18:30:00.000Z to 2024-02-20T18:30:00.000Z","timestamp":"10:02:23 AM"}
{"level":"info","message":"DateRange from 2024-02-19T18:30:00.000Z to 2024-02-20T18:30:00.000Z","timestamp":"10:02:50 AM"}
{"level":"info","message":"DateRange from 2024-02-19T18:30:00.000Z to 2024-02-20T18:30:00.000Z","timestamp":"10:02:56 AM"}
{"level":"info","message":"DateRange from 2024-02-19T18:30:00.000Z to 2024-02-20T18:30:00.000Z","timestamp":"10:03:03 AM"}
{"level":"info","message":"DateRange from 2024-02-19T18:30:00.000Z to 2024-02-20T18:30:00.000Z","timestamp":"10:03:20 AM"}
{"level":"info","message":"$$$$$$$$$$$$$$$$$$$$$$$$","timestamp":"10:23:36 AM"}
{"meta":"","level":"info","message":"","timestamp":"10:23:36 AM"}
{"level":"info","message":"Development Environment is Listening on port 3000","timestamp":"10:23:36 AM"}
{"level":"info","message":"Web URL : http://localhost:3000","timestamp":"10:23:36 AM"}
{"meta":"","level":"info","message":"","timestamp":"10:23:36 AM"}
{"level":"info","message":"$$$$$$$$$$$$$$$$$$$$$$$$","timestamp":"10:23:36 AM"}
{"meta":"","level":"info","message":"","timestamp":"10:23:36 AM"}
{"level":"info","message":"$$$$$$$$$$$$$$$$$$$$$$$$","timestamp":"1:56:30 PM"}
{"meta":"","level":"info","message":"","timestamp":"1:56:30 PM"}
{"level":"info","message":"Development Environment is Listening on port 3000","timestamp":"1:56:30 PM"}
{"level":"info","message":"Web URL : http://localhost:3000","timestamp":"1:56:30 PM"}
{"meta":"","level":"info","message":"","timestamp":"1:56:30 PM"}
{"level":"info","message":"$$$$$$$$$$$$$$$$$$$$$$$$","timestamp":"1:56:30 PM"}
{"meta":"","level":"info","message":"","timestamp":"1:56:30 PM"}
{"level":"info","message":"$$$$$$$$$$$$$$$$$$$$$$$$","timestamp":"1:58:16 PM"}
{"meta":"","level":"info","message":"","timestamp":"1:58:16 PM"}
{"level":"info","message":"Development Environment is Listening on port 3000","timestamp":"1:58:16 PM"}
{"level":"info","message":"Web URL : http://localhost:3000","timestamp":"1:58:16 PM"}
{"meta":"","level":"info","message":"","timestamp":"1:58:16 PM"}
{"level":"info","message":"$$$$$$$$$$$$$$$$$$$$$$$$","timestamp":"1:58:16 PM"}
{"meta":"","level":"info","message":"","timestamp":"1:58:16 PM"}
{"level":"info","message":"$$$$$$$$$$$$$$$$$$$$$$$$","timestamp":"4:23:16 PM"}
{"meta":"","level":"info","message":"","timestamp":"4:23:16 PM"}
{"level":"info","message":"Development Environment is Listening on port 3000","timestamp":"4:23:16 PM"}
{"level":"info","message":"Web URL : http://localhost:3000","timestamp":"4:23:16 PM"}
{"meta":"","level":"info","message":"","timestamp":"4:23:16 PM"}
{"level":"info","message":"$$$$$$$$$$$$$$$$$$$$$$$$","timestamp":"4:23:16 PM"}
{"meta":"","level":"info","message":"","timestamp":"4:23:16 PM"}
