{"level":"info","message":"$$$$$$$$$$$$$$$$$$$$$$$$","timestamp":"9:12:46 AM"}
{"meta":"","level":"info","message":"","timestamp":"9:12:46 AM"}
{"level":"info","message":"Development Environment is Listening on port 3000","timestamp":"9:12:46 AM"}
{"level":"info","message":"Web URL : http://localhost:3000","timestamp":"9:12:46 AM"}
{"meta":"","level":"info","message":"","timestamp":"9:12:46 AM"}
{"level":"info","message":"$$$$$$$$$$$$$$$$$$$$$$$$","timestamp":"9:12:46 AM"}
{"meta":"","level":"info","message":"","timestamp":"9:12:46 AM"}
{"level":"info","message":"Connected to Database","timestamp":"9:12:46 AM"}
{"level":"info","message":"$$$$$$$$$$$$$$$$$$$$$$$$","timestamp":"10:23:48 AM"}
{"meta":"","level":"info","message":"","timestamp":"10:23:48 AM"}
{"level":"info","message":"Development Environment is Listening on port 3000","timestamp":"10:23:48 AM"}
{"level":"info","message":"Web URL : http://localhost:3000","timestamp":"10:23:48 AM"}
{"meta":"","level":"info","message":"","timestamp":"10:23:48 AM"}
{"level":"info","message":"$$$$$$$$$$$$$$$$$$$$$$$$","timestamp":"10:23:48 AM"}
{"meta":"","level":"info","message":"","timestamp":"10:23:48 AM"}
{"level":"info","message":"Connected to Database","timestamp":"10:23:49 AM"}
{"level":"info","message":"$$$$$$$$$$$$$$$$$$$$$$$$","timestamp":"10:42:09 AM"}
{"meta":"","level":"info","message":"","timestamp":"10:42:09 AM"}
{"level":"info","message":"Development Environment is Listening on port 3000","timestamp":"10:42:09 AM"}
{"level":"info","message":"Web URL : http://localhost:3000","timestamp":"10:42:09 AM"}
{"meta":"","level":"info","message":"","timestamp":"10:42:09 AM"}
{"level":"info","message":"$$$$$$$$$$$$$$$$$$$$$$$$","timestamp":"10:42:09 AM"}
{"meta":"","level":"info","message":"","timestamp":"10:42:09 AM"}
{"level":"info","message":"Connected to Database","timestamp":"10:42:09 AM"}
{"level":"info","message":"$$$$$$$$$$$$$$$$$$$$$$$$","timestamp":"11:32:32 AM"}
{"meta":"","level":"info","message":"","timestamp":"11:32:32 AM"}
{"level":"info","message":"Development Environment is Listening on port 3000","timestamp":"11:32:32 AM"}
{"level":"info","message":"Web URL : http://localhost:3000","timestamp":"11:32:32 AM"}
{"meta":"","level":"info","message":"","timestamp":"11:32:32 AM"}
{"level":"info","message":"$$$$$$$$$$$$$$$$$$$$$$$$","timestamp":"11:32:32 AM"}
{"meta":"","level":"info","message":"","timestamp":"11:32:32 AM"}
{"level":"info","message":"Connected to Database","timestamp":"11:32:32 AM"}
{"level":"info","message":"$$$$$$$$$$$$$$$$$$$$$$$$","timestamp":"11:33:38 AM"}
{"meta":"","level":"info","message":"","timestamp":"11:33:38 AM"}
{"level":"info","message":"Development Environment is Listening on port 3000","timestamp":"11:33:38 AM"}
{"level":"info","message":"Web URL : http://localhost:3000","timestamp":"11:33:38 AM"}
{"meta":"","level":"info","message":"","timestamp":"11:33:38 AM"}
{"level":"info","message":"$$$$$$$$$$$$$$$$$$$$$$$$","timestamp":"11:33:38 AM"}
{"meta":"","level":"info","message":"","timestamp":"11:33:38 AM"}
{"level":"info","message":"Connected to Database","timestamp":"11:33:38 AM"}
{"level":"info","message":"$$$$$$$$$$$$$$$$$$$$$$$$","timestamp":"11:35:59 AM"}
{"meta":"","level":"info","message":"","timestamp":"11:35:59 AM"}
{"level":"info","message":"Development Environment is Listening on port 3000","timestamp":"11:35:59 AM"}
{"level":"info","message":"Web URL : http://localhost:3000","timestamp":"11:35:59 AM"}
{"meta":"","level":"info","message":"","timestamp":"11:35:59 AM"}
{"level":"info","message":"$$$$$$$$$$$$$$$$$$$$$$$$","timestamp":"11:35:59 AM"}
{"meta":"","level":"info","message":"","timestamp":"11:35:59 AM"}
{"level":"info","message":"Connected to Database","timestamp":"11:35:59 AM"}
{"level":"info","message":"$$$$$$$$$$$$$$$$$$$$$$$$","timestamp":"11:38:49 AM"}
{"meta":"","level":"info","message":"","timestamp":"11:38:49 AM"}
{"level":"info","message":"Development Environment is Listening on port 3000","timestamp":"11:38:49 AM"}
{"level":"info","message":"Web URL : http://localhost:3000","timestamp":"11:38:49 AM"}
{"meta":"","level":"info","message":"","timestamp":"11:38:49 AM"}
{"level":"info","message":"$$$$$$$$$$$$$$$$$$$$$$$$","timestamp":"11:38:49 AM"}
{"meta":"","level":"info","message":"","timestamp":"11:38:49 AM"}
{"level":"info","message":"Connected to Database","timestamp":"11:38:50 AM"}
{"level":"info","message":"$$$$$$$$$$$$$$$$$$$$$$$$","timestamp":"11:41:46 AM"}
{"meta":"","level":"info","message":"","timestamp":"11:41:46 AM"}
{"level":"info","message":"Development Environment is Listening on port 3000","timestamp":"11:41:46 AM"}
{"level":"info","message":"Web URL : http://localhost:3000","timestamp":"11:41:46 AM"}
{"meta":"","level":"info","message":"","timestamp":"11:41:46 AM"}
{"level":"info","message":"$$$$$$$$$$$$$$$$$$$$$$$$","timestamp":"11:41:46 AM"}
{"meta":"","level":"info","message":"","timestamp":"11:41:46 AM"}
{"level":"info","message":"Connected to Database","timestamp":"11:41:46 AM"}
{"level":"info","message":"$$$$$$$$$$$$$$$$$$$$$$$$","timestamp":"11:49:25 AM"}
{"meta":"","level":"info","message":"","timestamp":"11:49:25 AM"}
{"level":"info","message":"Development Environment is Listening on port 3000","timestamp":"11:49:25 AM"}
{"level":"info","message":"Web URL : http://localhost:3000","timestamp":"11:49:25 AM"}
{"meta":"","level":"info","message":"","timestamp":"11:49:25 AM"}
{"level":"info","message":"$$$$$$$$$$$$$$$$$$$$$$$$","timestamp":"11:49:25 AM"}
{"meta":"","level":"info","message":"","timestamp":"11:49:25 AM"}
{"level":"info","message":"Connected to Database","timestamp":"11:49:26 AM"}
{"level":"info","message":"$$$$$$$$$$$$$$$$$$$$$$$$","timestamp":"11:53:07 AM"}
{"meta":"","level":"info","message":"","timestamp":"11:53:07 AM"}
{"level":"info","message":"Development Environment is Listening on port 3000","timestamp":"11:53:07 AM"}
{"level":"info","message":"Web URL : http://localhost:3000","timestamp":"11:53:07 AM"}
{"meta":"","level":"info","message":"","timestamp":"11:53:07 AM"}
{"level":"info","message":"$$$$$$$$$$$$$$$$$$$$$$$$","timestamp":"11:53:07 AM"}
{"meta":"","level":"info","message":"","timestamp":"11:53:07 AM"}
{"level":"info","message":"Connected to Database","timestamp":"11:53:07 AM"}
{"level":"info","message":"$$$$$$$$$$$$$$$$$$$$$$$$","timestamp":"11:55:59 AM"}
{"meta":"","level":"info","message":"","timestamp":"11:55:59 AM"}
{"level":"info","message":"Development Environment is Listening on port 3000","timestamp":"11:55:59 AM"}
{"level":"info","message":"Web URL : http://localhost:3000","timestamp":"11:55:59 AM"}
{"meta":"","level":"info","message":"","timestamp":"11:55:59 AM"}
{"level":"info","message":"$$$$$$$$$$$$$$$$$$$$$$$$","timestamp":"11:55:59 AM"}
{"meta":"","level":"info","message":"","timestamp":"11:55:59 AM"}
{"level":"info","message":"Connected to Database","timestamp":"11:56:00 AM"}
{"level":"info","message":"$$$$$$$$$$$$$$$$$$$$$$$$","timestamp":"12:01:09 PM"}
{"meta":"","level":"info","message":"","timestamp":"12:01:09 PM"}
{"level":"info","message":"Development Environment is Listening on port 3000","timestamp":"12:01:09 PM"}
{"level":"info","message":"Web URL : http://localhost:3000","timestamp":"12:01:09 PM"}
{"meta":"","level":"info","message":"","timestamp":"12:01:09 PM"}
{"level":"info","message":"$$$$$$$$$$$$$$$$$$$$$$$$","timestamp":"12:01:09 PM"}
{"meta":"","level":"info","message":"","timestamp":"12:01:09 PM"}
{"level":"info","message":"Connected to Database","timestamp":"12:01:10 PM"}
{"level":"info","message":"$$$$$$$$$$$$$$$$$$$$$$$$","timestamp":"12:02:15 PM"}
{"meta":"","level":"info","message":"","timestamp":"12:02:15 PM"}
{"level":"info","message":"Development Environment is Listening on port 3000","timestamp":"12:02:15 PM"}
{"level":"info","message":"Web URL : http://localhost:3000","timestamp":"12:02:15 PM"}
{"meta":"","level":"info","message":"","timestamp":"12:02:15 PM"}
{"level":"info","message":"$$$$$$$$$$$$$$$$$$$$$$$$","timestamp":"12:02:15 PM"}
{"meta":"","level":"info","message":"","timestamp":"12:02:15 PM"}
{"level":"info","message":"Connected to Database","timestamp":"12:02:15 PM"}
{"level":"info","message":"Error in Connecting to Database","timestamp":"12:02:34 PM"}
{"level":"info","message":"Error in Connecting to Database","timestamp":"12:02:34 PM"}
{"level":"info","message":"Error in Connecting to Database","timestamp":"12:02:34 PM"}
{"level":"info","message":"$$$$$$$$$$$$$$$$$$$$$$$$","timestamp":"12:05:03 PM"}
{"meta":"","level":"info","message":"","timestamp":"12:05:03 PM"}
{"level":"info","message":"Development Environment is Listening on port 3000","timestamp":"12:05:03 PM"}
{"level":"info","message":"Web URL : http://localhost:3000","timestamp":"12:05:03 PM"}
{"meta":"","level":"info","message":"","timestamp":"12:05:03 PM"}
{"level":"info","message":"$$$$$$$$$$$$$$$$$$$$$$$$","timestamp":"12:05:03 PM"}
{"meta":"","level":"info","message":"","timestamp":"12:05:03 PM"}
{"level":"info","message":"Connected to Database","timestamp":"12:05:03 PM"}
{"level":"info","message":"Error in Connecting to Database","timestamp":"12:05:22 PM"}
{"level":"info","message":"Error in Connecting to Database","timestamp":"12:05:22 PM"}
{"level":"info","message":"Error in Connecting to Database","timestamp":"12:05:22 PM"}
{"level":"info","message":"Error in Connecting to Database","timestamp":"12:05:22 PM"}
{"level":"info","message":"$$$$$$$$$$$$$$$$$$$$$$$$","timestamp":"12:10:02 PM"}
{"meta":"","level":"info","message":"","timestamp":"12:10:02 PM"}
{"level":"info","message":"Development Environment is Listening on port 3000","timestamp":"12:10:02 PM"}
{"level":"info","message":"Web URL : http://localhost:3000","timestamp":"12:10:02 PM"}
{"meta":"","level":"info","message":"","timestamp":"12:10:02 PM"}
{"level":"info","message":"$$$$$$$$$$$$$$$$$$$$$$$$","timestamp":"12:10:02 PM"}
{"meta":"","level":"info","message":"","timestamp":"12:10:02 PM"}
{"level":"info","message":"Connected to Database","timestamp":"12:10:02 PM"}
{"level":"info","message":"Error in Connecting to Database","timestamp":"12:10:21 PM"}
{"level":"info","message":"Error in Connecting to Database","timestamp":"12:10:21 PM"}
{"level":"info","message":"Error in Connecting to Database","timestamp":"12:10:25 PM"}
{"level":"info","message":"Error in Connecting to Database","timestamp":"12:10:25 PM"}
{"level":"info","message":"Error in Connecting to Database","timestamp":"12:10:25 PM"}
{"level":"info","message":"$$$$$$$$$$$$$$$$$$$$$$$$","timestamp":"12:10:43 PM"}
{"meta":"","level":"info","message":"","timestamp":"12:10:44 PM"}
{"level":"info","message":"Development Environment is Listening on port 3000","timestamp":"12:10:44 PM"}
{"level":"info","message":"Web URL : http://localhost:3000","timestamp":"12:10:44 PM"}
{"meta":"","level":"info","message":"","timestamp":"12:10:44 PM"}
{"level":"info","message":"$$$$$$$$$$$$$$$$$$$$$$$$","timestamp":"12:10:44 PM"}
{"meta":"","level":"info","message":"","timestamp":"12:10:44 PM"}
{"level":"info","message":"Connected to Database","timestamp":"12:10:44 PM"}
{"level":"info","message":"Error in Connecting to Database","timestamp":"12:11:04 PM"}
{"level":"info","message":"Error in Connecting to Database","timestamp":"12:11:04 PM"}
{"level":"info","message":"$$$$$$$$$$$$$$$$$$$$$$$$","timestamp":"12:16:38 PM"}
{"meta":"","level":"info","message":"","timestamp":"12:16:38 PM"}
{"level":"info","message":"Development Environment is Listening on port 3000","timestamp":"12:16:38 PM"}
{"level":"info","message":"Web URL : http://localhost:3000","timestamp":"12:16:38 PM"}
{"meta":"","level":"info","message":"","timestamp":"12:16:38 PM"}
{"level":"info","message":"$$$$$$$$$$$$$$$$$$$$$$$$","timestamp":"12:16:38 PM"}
{"meta":"","level":"info","message":"","timestamp":"12:16:38 PM"}
{"level":"info","message":"Connected to Database","timestamp":"12:16:38 PM"}
{"level":"info","message":"Error in Connecting to Database","timestamp":"12:16:57 PM"}
{"level":"info","message":"Error in Connecting to Database","timestamp":"12:16:57 PM"}
{"level":"info","message":"Error in Connecting to Database","timestamp":"12:16:57 PM"}
{"level":"info","message":"Error in Connecting to Database","timestamp":"12:16:57 PM"}
{"level":"info","message":"Error in Connecting to Database","timestamp":"12:16:57 PM"}
{"level":"info","message":"Error in Connecting to Database","timestamp":"12:16:57 PM"}
{"level":"info","message":"Error in Connecting to Database","timestamp":"12:16:58 PM"}
{"level":"info","message":"Error in Connecting to Database","timestamp":"12:16:58 PM"}
{"level":"info","message":"Error in Connecting to Database","timestamp":"12:16:58 PM"}
{"level":"info","message":"Error in Connecting to Database","timestamp":"12:16:59 PM"}
{"level":"info","message":"Error in Connecting to Database","timestamp":"12:16:59 PM"}
{"level":"info","message":"$$$$$$$$$$$$$$$$$$$$$$$$","timestamp":"12:17:13 PM"}
{"meta":"","level":"info","message":"","timestamp":"12:17:13 PM"}
{"level":"info","message":"Development Environment is Listening on port 3000","timestamp":"12:17:13 PM"}
{"level":"info","message":"Web URL : http://localhost:3000","timestamp":"12:17:13 PM"}
{"meta":"","level":"info","message":"","timestamp":"12:17:13 PM"}
{"level":"info","message":"$$$$$$$$$$$$$$$$$$$$$$$$","timestamp":"12:17:13 PM"}
{"meta":"","level":"info","message":"","timestamp":"12:17:13 PM"}
{"level":"info","message":"Connected to Database","timestamp":"12:17:14 PM"}
{"level":"info","message":"Error in Connecting to Database","timestamp":"12:17:34 PM"}
{"level":"info","message":"Error in Connecting to Database","timestamp":"12:17:35 PM"}
{"level":"info","message":"$$$$$$$$$$$$$$$$$$$$$$$$","timestamp":"12:19:28 PM"}
{"meta":"","level":"info","message":"","timestamp":"12:19:28 PM"}
{"level":"info","message":"Development Environment is Listening on port 3000","timestamp":"12:19:28 PM"}
{"level":"info","message":"Web URL : http://localhost:3000","timestamp":"12:19:28 PM"}
{"meta":"","level":"info","message":"","timestamp":"12:19:28 PM"}
{"level":"info","message":"$$$$$$$$$$$$$$$$$$$$$$$$","timestamp":"12:19:28 PM"}
{"meta":"","level":"info","message":"","timestamp":"12:19:28 PM"}
{"level":"info","message":"Connected to Database","timestamp":"12:19:28 PM"}
{"level":"info","message":"Error in Connecting to Database","timestamp":"12:19:49 PM"}
{"level":"info","message":"Error in Connecting to Database","timestamp":"12:19:49 PM"}
{"level":"info","message":"Error in Connecting to Database","timestamp":"12:19:49 PM"}
{"level":"info","message":"Error in Connecting to Database","timestamp":"12:19:49 PM"}
{"level":"info","message":"Error in Connecting to Database","timestamp":"12:19:49 PM"}
{"level":"info","message":"Error in Connecting to Database","timestamp":"12:19:49 PM"}
{"level":"info","message":"Error in Connecting to Database","timestamp":"12:19:49 PM"}
{"level":"info","message":"Error in Connecting to Database","timestamp":"12:19:49 PM"}
{"level":"info","message":"Error in Connecting to Database","timestamp":"12:19:49 PM"}
{"level":"info","message":"Error in Connecting to Database","timestamp":"12:19:49 PM"}
{"level":"info","message":"Error in Connecting to Database","timestamp":"12:19:49 PM"}
{"level":"info","message":"Error in Connecting to Database","timestamp":"12:19:49 PM"}
{"level":"info","message":"Error in Connecting to Database","timestamp":"12:19:49 PM"}
{"level":"info","message":"Error in Connecting to Database","timestamp":"12:19:49 PM"}
{"level":"info","message":"Error in Connecting to Database","timestamp":"12:19:49 PM"}
{"level":"info","message":"Error in Connecting to Database","timestamp":"12:19:49 PM"}
{"level":"info","message":"Error in Connecting to Database","timestamp":"12:19:49 PM"}
{"level":"info","message":"Error in Connecting to Database","timestamp":"12:19:49 PM"}
{"level":"info","message":"Error in Connecting to Database","timestamp":"12:19:49 PM"}
{"level":"info","message":"Error in Connecting to Database","timestamp":"12:19:49 PM"}
{"level":"info","message":"Error in Connecting to Database","timestamp":"12:19:49 PM"}
{"level":"info","message":"$$$$$$$$$$$$$$$$$$$$$$$$","timestamp":"12:21:59 PM"}
{"meta":"","level":"info","message":"","timestamp":"12:21:59 PM"}
{"level":"info","message":"Development Environment is Listening on port 3000","timestamp":"12:21:59 PM"}
{"level":"info","message":"Web URL : http://localhost:3000","timestamp":"12:21:59 PM"}
{"meta":"","level":"info","message":"","timestamp":"12:21:59 PM"}
{"level":"info","message":"$$$$$$$$$$$$$$$$$$$$$$$$","timestamp":"12:21:59 PM"}
{"meta":"","level":"info","message":"","timestamp":"12:21:59 PM"}
{"level":"info","message":"Connected to Database","timestamp":"12:21:59 PM"}
{"level":"info","message":"$$$$$$$$$$$$$$$$$$$$$$$$","timestamp":"12:27:33 PM"}
{"meta":"","level":"info","message":"","timestamp":"12:27:33 PM"}
{"level":"info","message":"Development Environment is Listening on port 3000","timestamp":"12:27:33 PM"}
{"level":"info","message":"Web URL : http://localhost:3000","timestamp":"12:27:33 PM"}
{"meta":"","level":"info","message":"","timestamp":"12:27:33 PM"}
{"level":"info","message":"$$$$$$$$$$$$$$$$$$$$$$$$","timestamp":"12:27:33 PM"}
{"meta":"","level":"info","message":"","timestamp":"12:27:33 PM"}
{"level":"info","message":"Connected to Database","timestamp":"12:27:33 PM"}
{"level":"info","message":"$$$$$$$$$$$$$$$$$$$$$$$$","timestamp":"1:46:03 PM"}
{"meta":"","level":"info","message":"","timestamp":"1:46:03 PM"}
{"level":"info","message":"Development Environment is Listening on port 3000","timestamp":"1:46:03 PM"}
{"level":"info","message":"Web URL : http://localhost:3000","timestamp":"1:46:03 PM"}
{"meta":"","level":"info","message":"","timestamp":"1:46:03 PM"}
{"level":"info","message":"$$$$$$$$$$$$$$$$$$$$$$$$","timestamp":"1:46:03 PM"}
{"meta":"","level":"info","message":"","timestamp":"1:46:03 PM"}
{"level":"info","message":"Connected to Database","timestamp":"1:46:03 PM"}
{"level":"info","message":"DateRange from 2024-07-19T18:30:00.000Z to 2024-07-20T18:30:00.000Z","timestamp":"1:58:54 PM"}
