{"level":"info","message":"user_detailsInsert null { result: { ok: 1, n: 1 },\n  ops: \n   [ { Ticket_Id: 2775,\n       Ticket_code: 'CAEN7310',\n       Product: 1,\n       Category: 'Endorsement',\n       SubCategory: 'Nominee Name',\n       From: 'Anuj Baliram Singh(110560)',\n       To: 'Anuj Baliram Singh(110560)',\n       Status: 'Open',\n       Created_By: 'Anuj Baliram Singh',\n       Created_On: 2024-01-24T04:24:28.178Z,\n       Modified_By: 8067,\n       Modified_On: 2024-01-24T04:24:28.178Z,\n       CRN: 1059848,\n       Mobile_No: '8908908908',\n       Vehicle_No: 'MH-02-AA-1234',\n       Remark: 'Nominee Changes',\n       ss_id: 8067,\n       CRN_owner: '819',\n       fba_id: 56265,\n       CRN_fba_id: '0',\n       channel: 'CC',\n       subchannel: 'PBS',\n       Agent_Email_Id: 'anuj.singh@policyboss.com',\n       Transaction_On: '2022-06-27T07:57:24.989Z',\n       Source: 'horizon',\n       RM_Email_Id: 'chirag.modi@policyboss.com',\n       RM_Agent_Name: 'Revati Ghadge',\n       Insurer_Id: 44,\n       _id: 65b090fcc6b4cc4f9855c3df } ],\n  insertedCount: 1,\n  insertedIds: [ 65b090fcc6b4cc4f9855c3df ] }","timestamp":"9:54:28 AM"}
{"level":"info","message":"TicketUpdated null CommandResult {\n  result: { n: 1, nModified: 1, ok: 1 },\n  connection: \n   Connection {\n     domain: null,\n     _events: \n      { close: [Object],\n        error: [Object],\n        timeout: [Object],\n        parseError: [Object] },\n     _eventsCount: 4,\n     _maxListeners: undefined,\n     options: \n      { host: '65.0.176.149',\n        port: 27017,\n        size: 5,\n        connectionTimeout: 30000,\n        socketTimeout: 30000,\n        keepAlive: true,\n        keepAliveInitialDelay: 0,\n        noDelay: true,\n        ssl: false,\n        checkServerIdentity: true,\n        ca: null,\n        cert: null,\n        key: null,\n        passPhrase: null,\n        rejectUnauthorized: false,\n        promoteLongs: true,\n        promoteValues: true,\n        promoteBuffers: false,\n        reconnect: true,\n        reconnectInterval: 1000,\n        reconnectTries: 30,\n        domainsEnabled: false,\n        disconnectHandler: [Object],\n        cursorFactory: [Object],\n        emitError: true,\n        socketOptions: {},\n        clientInfo: [Object],\n        readPreference: [Object],\n        promiseLibrary: [Function: Promise],\n        bson: BSON {} },\n     id: 10,\n     logger: Logger { className: 'Connection' },\n     bson: BSON {},\n     tag: undefined,\n     messageHandler: [Function],\n     maxBsonMessageSize: 67108864,\n     port: 27017,\n     host: '65.0.176.149',\n     keepAlive: true,\n     keepAliveInitialDelay: 0,\n     noDelay: true,\n     connectionTimeout: 30000,\n     socketTimeout: 30000,\n     destroyed: false,\n     domainSocket: false,\n     singleBufferSerializtion: true,\n     serializationFunction: 'toBinUnified',\n     ca: null,\n     cert: null,\n     key: null,\n     passphrase: null,\n     ssl: false,\n     rejectUnauthorized: false,\n     checkServerIdentity: true,\n     responseOptions: \n      { promoteLongs: true,\n        promoteValues: true,\n        promoteBuffers: false },\n     flushing: false,\n     queue: [],\n     connection: \n      Socket {\n        connecting: false,\n        _hadError: false,\n        _handle: [Object],\n        _parent: null,\n        _host: null,\n        _readableState: [Object],\n        readable: true,\n        domain: null,\n        _events: [Object],\n        _eventsCount: 8,\n        _maxListeners: undefined,\n        _writableState: [Object],\n        writable: true,\n        allowHalfOpen: false,\n        destroyed: false,\n        _bytesDispatched: 697,\n        _sockname: null,\n        _pendingData: null,\n        _pendingEncoding: '',\n        server: null,\n        _server: null,\n        _idleTimeout: 30000,\n        _idleNext: [Object],\n        _idlePrev: [Object],\n        _idleStart: 57382259,\n        read: [Function],\n        _consuming: true },\n     writeStream: null,\n     hashedName: '7dcd4ef3ecd47c37fdf12446987419743124214f',\n     workItems: [],\n     buffer: null,\n     sizeOfMessage: 0,\n     bytesRead: 0,\n     stubBuffer: null },\n  message: \n   Response {\n     parsed: true,\n     index: 75,\n     raw: <Buffer 4b 00 00 00 3a 73 c6 38 c0 03 01 00 01 00 00 00 08 00 00 00 00 00 00 00 00 00 00 00 00 00 00 00 01 00 00 00 27 00 00 00 10 6e 00 01 00 00 00 10 6e 4d ... >,\n     data: <Buffer 4b 00 00 00 3a 73 c6 38 c0 03 01 00 01 00 00 00 08 00 00 00 00 00 00 00 00 00 00 00 00 00 00 00 01 00 00 00 27 00 00 00 10 6e 00 01 00 00 00 10 6e 4d ... >,\n     bson: BSON {},\n     opts: \n      { promoteLongs: true,\n        promoteValues: true,\n        promoteBuffers: false },\n     length: 75,\n     requestId: 952529722,\n     responseTo: 66496,\n     responseFlags: 8,\n     cursorId: Long { _bsontype: 'Long', low_: 0, high_: 0 },\n     startingFrom: 0,\n     numberReturned: 1,\n     documents: [ [Object] ],\n     cursorNotFound: false,\n     queryFailure: false,\n     shardConfigStale: false,\n     awaitCapable: true,\n     promoteLongs: true,\n     promoteValues: true,\n     promoteBuffers: false,\n     hashedName: '7dcd4ef3ecd47c37fdf12446987419743124214f' } }","timestamp":"9:54:28 AM"}
{"level":"info","message":"Error response received","timestamp":"9:54:29 AM"}
{"level":"info","message":"emailupdate null { n: 1, nModified: 1, ok: 1 }","timestamp":"9:54:29 AM"}
{"level":"info","message":"{}","timestamp":"10:42:56 AM"}
{"level":"info","message":"https://preprod-digitpolicyissuance.godigit.com/endo/v1/g91/endorsement/D600261182?source=CD","timestamp":"10:42:56 AM"}
{"level":"info","message":"{ person: [],\n  nominee: \n   { firstName: '___nominee_first_name___',\n     lastName: '___nominee_last_name___',\n     dateOfBirth: '___nominee_birth_date___',\n     relation: '___nominee_relation___' } }","timestamp":"10:42:58 AM"}
{"level":"info","message":"{ ___mobile___: '8764513245' }","timestamp":"10:45:21 AM"}
{"level":"info","message":"https://preprod-digitpolicyissuance.godigit.com/endo/v1/g91/endorsement/D600354232?source=CD","timestamp":"10:45:21 AM"}
{"level":"info","message":"{ person: [ { communications: [Object] } ] }","timestamp":"10:45:22 AM"}
{"level":"info","message":"{ ___mobile___: '8764513245' }","timestamp":"10:47:42 AM"}
{"level":"info","message":"https://preprod-digitpolicyissuance.godigit.com/endo/v1/g91/endorsement/D600354232?source=CD","timestamp":"10:47:42 AM"}
{"level":"info","message":"{ person: [ { communications: [Object] } ] }","timestamp":"10:47:56 AM"}
{"level":"info","message":"$$$$$$$$$$$$$$$$$$$$$$$$","timestamp":"10:51:21 AM"}
{"meta":"","level":"info","message":"","timestamp":"10:51:21 AM"}
{"level":"info","message":"Development Environment is Listening on port 3000","timestamp":"10:51:21 AM"}
{"level":"info","message":"Web URL : http://localhost:3000","timestamp":"10:51:21 AM"}
{"meta":"","level":"info","message":"","timestamp":"10:51:21 AM"}
{"level":"info","message":"$$$$$$$$$$$$$$$$$$$$$$$$","timestamp":"10:51:21 AM"}
{"meta":"","level":"info","message":"","timestamp":"10:51:21 AM"}
{"level":"info","message":"$$$$$$$$$$$$$$$$$$$$$$$$","timestamp":"10:52:53 AM"}
{"meta":"","level":"info","message":"","timestamp":"10:52:53 AM"}
{"level":"info","message":"Development Environment is Listening on port 3000","timestamp":"10:52:53 AM"}
{"level":"info","message":"Web URL : http://localhost:3000","timestamp":"10:52:53 AM"}
{"meta":"","level":"info","message":"","timestamp":"10:52:53 AM"}
{"level":"info","message":"$$$$$$$$$$$$$$$$$$$$$$$$","timestamp":"10:52:53 AM"}
{"meta":"","level":"info","message":"","timestamp":"10:52:53 AM"}
{"level":"info","message":"{}","timestamp":"10:55:50 AM"}
{"level":"info","message":"https://preprod-digitpolicyissuance.godigit.com/endo/v1/g91/endorsement/D600261182?source=CD","timestamp":"10:55:50 AM"}
{"level":"info","message":"{ person: [],\n  nominee: \n   { firstName: '___nominee_first_name___',\n     lastName: '___nominee_last_name___',\n     dateOfBirth: '___nominee_birth_date___',\n     relation: '___nominee_relation___' } }","timestamp":"10:55:50 AM"}
{"level":"info","message":"{ ___mobile___: '87645132' }","timestamp":"11:00:07 AM"}
{"level":"info","message":"https://preprod-digitpolicyissuance.godigit.com/endo/v1/g91/endorsement/D600354232?source=CD","timestamp":"11:00:07 AM"}
{"level":"info","message":"{ person: [ { communications: [Object] } ] }","timestamp":"11:00:07 AM"}
{"level":"info","message":"{ ___nominee_first_name___: 'goku',\n  ___nominee_last_name___: 'SDFSD',\n  ___nominee_birth_date___: '2004-06-09',\n  ___nominee_relation___: 'SON' }","timestamp":"11:12:20 AM"}
{"level":"info","message":"https://preprod-digitpolicyissuance.godigit.com/endo/v1/g91/endorsement/D600261182?source=CD","timestamp":"11:12:20 AM"}
{"level":"info","message":"{ person: [],\n  nominee: \n   { firstName: 'goku',\n     lastName: 'SDFSD',\n     dateOfBirth: '2004-06-09',\n     relation: 'SON' } }","timestamp":"11:12:26 AM"}
{"level":"info","message":"$$$$$$$$$$$$$$$$$$$$$$$$","timestamp":"11:20:18 AM"}
{"meta":"","level":"info","message":"","timestamp":"11:20:18 AM"}
{"level":"info","message":"Development Environment is Listening on port 3000","timestamp":"11:20:18 AM"}
{"level":"info","message":"Web URL : http://localhost:3000","timestamp":"11:20:18 AM"}
{"meta":"","level":"info","message":"","timestamp":"11:20:18 AM"}
{"level":"info","message":"$$$$$$$$$$$$$$$$$$$$$$$$","timestamp":"11:20:18 AM"}
{"meta":"","level":"info","message":"","timestamp":"11:20:18 AM"}
{"level":"info","message":"{ ___nominee_first_name___: 'goku',\n  ___nominee_last_name___: 'SDFSD',\n  ___nominee_birth_date___: '2004-06-09',\n  ___nominee_relation___: 'SON' }","timestamp":"12:08:38 PM"}
{"level":"info","message":"https://preprod-digitpolicyissuance.godigit.com/endo/v1/g91/endorsement/D600261182?source=CD","timestamp":"12:08:38 PM"}
{"level":"info","message":"{ person: [],\n  nominee: \n   { firstName: 'goku',\n     lastName: 'SDFSD',\n     dateOfBirth: '2004-06-09',\n     relation: 'SON' } }","timestamp":"12:08:55 PM"}
{"level":"info","message":"{ ___nominee_first_name___: 'goku',\n  ___nominee_last_name___: 'TEGDG',\n  ___nominee_birth_date___: '1952-07-10',\n  ___nominee_relation___: 'MOTHER' }","timestamp":"12:12:17 PM"}
{"level":"info","message":"https://preprod-digitpolicyissuance.godigit.com/endo/v1/g91/endorsement/D600354361?source=CD","timestamp":"12:12:17 PM"}
{"level":"info","message":"{ person: [],\n  nominee: \n   { firstName: 'goku',\n     lastName: 'TEGDG',\n     dateOfBirth: '1952-07-10',\n     relation: 'MOTHER' } }","timestamp":"12:12:21 PM"}
{"level":"info","message":"{ ___nominee_first_name___: 'TEST',\n  ___nominee_last_name___: 'TEGDG',\n  ___nominee_birth_date___: '1952-07-10',\n  ___nominee_relation___: 'MOTHER' }","timestamp":"12:21:22 PM"}
{"level":"info","message":"https://preprod-digitpolicyissuance.godigit.com/endo/v1/g91/endorsement/D600354361?source=CD","timestamp":"12:21:22 PM"}
{"level":"info","message":"{ person: [],\n  nominee: \n   { firstName: 'TEST',\n     lastName: 'TEGDG',\n     dateOfBirth: '1952-07-10',\n     relation: 'MOTHER' } }","timestamp":"12:22:00 PM"}
{"level":"info","message":"{ ___nominee_first_name___: 'goku',\n  ___nominee_last_name___: 'SDFSD',\n  ___nominee_birth_date___: '2004-06-09',\n  ___nominee_relation___: 'SON' }","timestamp":"1:34:08 PM"}
{"level":"info","message":"https://preprod-digitpolicyissuance.godigit.com/endo/v1/g91/endorsement/D600261182?source=CD","timestamp":"1:34:08 PM"}
{"level":"info","message":"{ person: [],\n  nominee: \n   { firstName: 'goku',\n     lastName: 'SDFSD',\n     dateOfBirth: '2004-06-09',\n     relation: 'SON' } }","timestamp":"1:34:14 PM"}
{"level":"info","message":"{ ___nominee_first_name___: 'messi',\n  ___nominee_last_name___: 'TEGDG',\n  ___nominee_birth_date___: '1952-07-10',\n  ___nominee_relation___: 'MOTHER' }","timestamp":"1:42:23 PM"}
{"level":"info","message":"https://preprod-digitpolicyissuance.godigit.com/endo/v1/g91/endorsement/D600354361?source=CD","timestamp":"1:42:23 PM"}
{"level":"info","message":"{ person: [],\n  nominee: \n   { firstName: 'messi',\n     lastName: 'TEGDG',\n     dateOfBirth: '1952-07-10',\n     relation: 'MOTHER' } }","timestamp":"1:42:27 PM"}
{"level":"info","message":"{ ___nominee_first_name___: 'goku',\n  ___nominee_last_name___: 'TEGDG',\n  ___nominee_birth_date___: '1952-07-10',\n  ___nominee_relation___: 'MOTHER' }","timestamp":"1:43:20 PM"}
{"level":"info","message":"https://preprod-digitpolicyissuance.godigit.com/endo/v1/g91/endorsement/D600354361?source=CD","timestamp":"1:43:20 PM"}
{"level":"info","message":"{ person: [],\n  nominee: \n   { firstName: 'goku',\n     lastName: 'TEGDG',\n     dateOfBirth: '1952-07-10',\n     relation: 'MOTHER' } }","timestamp":"1:43:23 PM"}
{"level":"info","message":"{ ___nominee_first_name___: 'goku',\n  ___nominee_last_name___: 'TEGDG',\n  ___nominee_birth_date___: '1952-07-10',\n  ___nominee_relation___: 'MOTHER' }","timestamp":"2:10:47 PM"}
{"level":"info","message":"https://preprod-digitpolicyissuance.godigit.com/endo/v1/g91/endorsement/D600354361?source=CD","timestamp":"2:10:47 PM"}
{"level":"info","message":"{ person: [],\n  nominee: \n   { firstName: 'goku',\n     lastName: 'TEGDG',\n     dateOfBirth: '1952-07-10',\n     relation: 'MOTHER' } }","timestamp":"2:10:52 PM"}
{"level":"info","message":"{ ___nominee_first_name___: 'goku',\n  ___nominee_last_name___: 'TEGDG',\n  ___nominee_birth_date___: '1952-07-10',\n  ___nominee_relation___: 'MOTHER' }","timestamp":"2:39:56 PM"}
{"level":"info","message":"https://preprod-digitpolicyissuance.godigit.com/endo/v1/g91/endorsement/D600354361?source=CD","timestamp":"2:39:56 PM"}
{"level":"info","message":"{ person: [],\n  nominee: \n   { firstName: 'goku',\n     lastName: 'TEGDG',\n     dateOfBirth: '1952-07-10',\n     relation: 'MOTHER' } }","timestamp":"2:40:03 PM"}
