{"level":"info","message":"$$$$$$$$$$$$$$$$$$$$$$$$","timestamp":"2:26:57 PM"}
{"meta":"","level":"info","message":"","timestamp":"2:26:57 PM"}
{"level":"info","message":"Development Environment is Listening on port 3000","timestamp":"2:26:57 PM"}
{"level":"info","message":"Web URL : http://localhost:3000","timestamp":"2:26:57 PM"}
{"meta":"","level":"info","message":"","timestamp":"2:26:57 PM"}
{"level":"info","message":"$$$$$$$$$$$$$$$$$$$$$$$$","timestamp":"2:26:57 PM"}
{"meta":"","level":"info","message":"","timestamp":"2:26:57 PM"}
{"level":"info","message":"DateRange from 2024-02-21T18:30:00.000Z to 2024-02-22T18:30:00.000Z","timestamp":"2:27:59 PM"}
{"level":"info","message":"DateRange from 2024-02-21T18:30:00.000Z to 2024-02-22T18:30:00.000Z","timestamp":"2:28:06 PM"}
{"level":"info","message":"DateRange from 2024-02-21T18:30:00.000Z to 2024-02-22T18:30:00.000Z","timestamp":"2:33:37 PM"}
{"level":"info","message":"DateRange from 2024-02-21T18:30:00.000Z to 2024-02-22T18:30:00.000Z","timestamp":"2:33:37 PM"}
{"level":"info","message":"DateRange from 2024-02-21T18:30:00.000Z to 2024-02-22T18:30:00.000Z","timestamp":"2:33:38 PM"}
{"level":"info","message":"DateRange from 2024-02-21T18:30:00.000Z to 2024-02-22T18:30:00.000Z","timestamp":"2:33:39 PM"}
{"level":"info","message":"DateRange from 2024-02-21T18:30:00.000Z to 2024-02-22T18:30:00.000Z","timestamp":"2:33:40 PM"}
{"level":"info","message":"DateRange from 2024-02-21T18:30:00.000Z to 2024-02-22T18:30:00.000Z","timestamp":"2:33:41 PM"}
{"level":"info","message":"DateRange from 2024-02-21T18:30:00.000Z to 2024-02-22T18:30:00.000Z","timestamp":"2:33:41 PM"}
{"level":"info","message":"DateRange from 2024-02-21T18:30:00.000Z to 2024-02-22T18:30:00.000Z","timestamp":"2:33:41 PM"}
{"level":"info","message":"DateRange from 2024-02-21T18:30:00.000Z to 2024-02-22T18:30:00.000Z","timestamp":"2:33:42 PM"}
{"level":"info","message":"DateRange from 2024-02-21T18:30:00.000Z to 2024-02-22T18:30:00.000Z","timestamp":"2:33:42 PM"}
{"level":"info","message":"DateRange from 2024-02-21T18:30:00.000Z to 2024-02-22T18:30:00.000Z","timestamp":"2:33:42 PM"}
{"level":"info","message":"DateRange from 2024-02-21T18:30:00.000Z to 2024-02-22T18:30:00.000Z","timestamp":"3:29:18 PM"}
{"level":"info","message":"DateRange from 2024-02-21T18:30:00.000Z to 2024-02-22T18:30:00.000Z","timestamp":"3:40:15 PM"}
{"level":"info","message":"DateRange from 2024-02-21T18:30:00.000Z to 2024-02-22T18:30:00.000Z","timestamp":"3:40:17 PM"}
{"level":"info","message":"DateRange from 2024-02-21T18:30:00.000Z to 2024-02-22T18:30:00.000Z","timestamp":"3:40:18 PM"}
{"level":"info","message":"DateRange from 2024-02-21T18:30:00.000Z to 2024-02-22T18:30:00.000Z","timestamp":"3:40:18 PM"}
{"level":"info","message":"DateRange from 2024-02-21T18:30:00.000Z to 2024-02-22T18:30:00.000Z","timestamp":"3:49:21 PM"}
{"level":"info","message":"DateRange from 2024-02-21T18:30:00.000Z to 2024-02-22T18:30:00.000Z","timestamp":"3:56:31 PM"}
{"level":"info","message":"DateRange from 2024-02-21T18:30:00.000Z to 2024-02-22T18:30:00.000Z","timestamp":"5:14:10 PM"}
{"level":"info","message":"DateRange from 2024-02-21T18:30:00.000Z to 2024-02-22T18:30:00.000Z","timestamp":"5:14:11 PM"}
{"level":"info","message":"DateRange from 2024-02-21T18:30:00.000Z to 2024-02-22T18:30:00.000Z","timestamp":"5:14:14 PM"}
{"level":"info","message":"DateRange from 2024-02-21T18:30:00.000Z to 2024-02-22T18:30:00.000Z","timestamp":"5:14:16 PM"}
{"level":"info","message":"DateRange from 2024-02-21T18:30:00.000Z to 2024-02-22T18:30:00.000Z","timestamp":"5:14:17 PM"}
{"level":"info","message":"DateRange from 2024-02-21T18:30:00.000Z to 2024-02-22T18:30:00.000Z","timestamp":"5:14:19 PM"}
{"level":"info","message":"DateRange from 2024-02-21T18:30:00.000Z to 2024-02-22T18:30:00.000Z","timestamp":"5:14:20 PM"}
{"level":"info","message":"DateRange from 2024-02-21T18:30:00.000Z to 2024-02-22T18:30:00.000Z","timestamp":"5:14:21 PM"}
{"level":"info","message":"DateRange from 2024-02-21T18:30:00.000Z to 2024-02-22T18:30:00.000Z","timestamp":"5:14:23 PM"}
{"level":"info","message":"DateRange from 2024-02-21T18:30:00.000Z to 2024-02-22T18:30:00.000Z","timestamp":"5:14:24 PM"}
{"level":"info","message":"DateRange from 2024-02-21T18:30:00.000Z to 2024-02-22T18:30:00.000Z","timestamp":"5:14:26 PM"}
{"level":"info","message":"DateRange from 2024-02-21T18:30:00.000Z to 2024-02-22T18:30:00.000Z","timestamp":"5:14:27 PM"}
{"level":"info","message":"DateRange from 2024-02-21T18:30:00.000Z to 2024-02-22T18:30:00.000Z","timestamp":"5:14:36 PM"}
{"level":"info","message":"DateRange from 2024-02-21T18:30:00.000Z to 2024-02-22T18:30:00.000Z","timestamp":"5:14:46 PM"}
{"level":"info","message":"DateRange from 2024-02-21T18:30:00.000Z to 2024-02-22T18:30:00.000Z","timestamp":"5:14:48 PM"}
{"level":"info","message":"DateRange from 2024-02-21T18:30:00.000Z to 2024-02-22T18:30:00.000Z","timestamp":"5:14:50 PM"}
{"level":"info","message":"DateRange from 2024-02-21T18:30:00.000Z to 2024-02-22T18:30:00.000Z","timestamp":"5:14:51 PM"}
{"level":"info","message":"DateRange from 2024-02-21T18:30:00.000Z to 2024-02-22T18:30:00.000Z","timestamp":"5:14:54 PM"}
{"level":"info","message":"DateRange from 2024-02-21T18:30:00.000Z to 2024-02-22T18:30:00.000Z","timestamp":"5:14:55 PM"}
{"level":"info","message":"DateRange from 2024-02-21T18:30:00.000Z to 2024-02-22T18:30:00.000Z","timestamp":"5:14:56 PM"}
{"level":"info","message":"DateRange from 2024-02-21T18:30:00.000Z to 2024-02-22T18:30:00.000Z","timestamp":"5:15:02 PM"}
{"level":"info","message":"DateRange from 2024-02-21T18:30:00.000Z to 2024-02-22T18:30:00.000Z","timestamp":"5:15:03 PM"}
{"level":"info","message":"DateRange from 2024-02-21T18:30:00.000Z to 2024-02-22T18:30:00.000Z","timestamp":"5:16:07 PM"}
{"level":"info","message":"DateRange from 2024-02-21T18:30:00.000Z to 2024-02-22T18:30:00.000Z","timestamp":"5:16:08 PM"}
{"level":"info","message":"DateRange from 2024-02-21T18:30:00.000Z to 2024-02-22T18:30:00.000Z","timestamp":"5:16:09 PM"}
{"level":"info","message":"DateRange from 2024-02-21T18:30:00.000Z to 2024-02-22T18:30:00.000Z","timestamp":"5:16:10 PM"}
{"level":"info","message":"DateRange from 2024-02-21T18:30:00.000Z to 2024-02-22T18:30:00.000Z","timestamp":"5:16:11 PM"}
{"level":"info","message":"DateRange from 2024-02-21T18:30:00.000Z to 2024-02-22T18:30:00.000Z","timestamp":"5:16:56 PM"}
{"level":"info","message":"DateRange from 2024-02-21T18:30:00.000Z to 2024-02-22T18:30:00.000Z","timestamp":"5:16:57 PM"}
{"level":"info","message":"DateRange from 2024-02-21T18:30:00.000Z to 2024-02-22T18:30:00.000Z","timestamp":"5:16:59 PM"}
{"level":"info","message":"DateRange from 2024-02-21T18:30:00.000Z to 2024-02-22T18:30:00.000Z","timestamp":"5:17:10 PM"}
{"level":"info","message":"DateRange from 2024-02-21T18:30:00.000Z to 2024-02-22T18:30:00.000Z","timestamp":"5:17:11 PM"}
{"level":"info","message":"DateRange from 2024-02-21T18:30:00.000Z to 2024-02-22T18:30:00.000Z","timestamp":"5:17:13 PM"}
{"level":"info","message":"DateRange from 2024-02-21T18:30:00.000Z to 2024-02-22T18:30:00.000Z","timestamp":"5:17:15 PM"}
{"level":"info","message":"DateRange from 2024-02-21T18:30:00.000Z to 2024-02-22T18:30:00.000Z","timestamp":"5:17:16 PM"}
{"level":"info","message":"DateRange from 2024-02-21T18:30:00.000Z to 2024-02-22T18:30:00.000Z","timestamp":"5:17:17 PM"}
{"level":"info","message":"DateRange from 2024-02-21T18:30:00.000Z to 2024-02-22T18:30:00.000Z","timestamp":"5:18:20 PM"}
{"level":"info","message":"DateRange from 2024-02-21T18:30:00.000Z to 2024-02-22T18:30:00.000Z","timestamp":"5:18:22 PM"}
{"level":"info","message":"DateRange from 2024-02-21T18:30:00.000Z to 2024-02-22T18:30:00.000Z","timestamp":"5:18:23 PM"}
{"level":"info","message":"DateRange from 2024-02-21T18:30:00.000Z to 2024-02-22T18:30:00.000Z","timestamp":"5:46:26 PM"}
{"level":"info","message":"DateRange from 2024-02-21T18:30:00.000Z to 2024-02-22T18:30:00.000Z","timestamp":"5:48:36 PM"}
{"level":"info","message":"DateRange from 2024-02-21T18:30:00.000Z to 2024-02-22T18:30:00.000Z","timestamp":"5:48:41 PM"}
{"level":"info","message":"DateRange from 2024-02-21T18:30:00.000Z to 2024-02-22T18:30:00.000Z","timestamp":"5:48:45 PM"}
{"level":"info","message":"DateRange from 2024-02-21T18:30:00.000Z to 2024-02-22T18:30:00.000Z","timestamp":"5:48:48 PM"}
{"level":"info","message":"DateRange from 2024-02-21T18:30:00.000Z to 2024-02-22T18:30:00.000Z","timestamp":"5:48:55 PM"}
{"level":"info","message":"DateRange from 2024-02-21T18:30:00.000Z to 2024-02-22T18:30:00.000Z","timestamp":"5:55:25 PM"}
{"level":"info","message":"DateRange from 2024-02-21T18:30:00.000Z to 2024-02-22T18:30:00.000Z","timestamp":"5:56:15 PM"}
{"level":"info","message":"DateRange from 2024-02-21T18:30:00.000Z to 2024-02-22T18:30:00.000Z","timestamp":"5:57:32 PM"}
{"level":"info","message":"DateRange from 2024-02-21T18:30:00.000Z to 2024-02-22T18:30:00.000Z","timestamp":"5:58:23 PM"}
{"level":"info","message":"DateRange from 2024-02-21T18:30:00.000Z to 2024-02-22T18:30:00.000Z","timestamp":"5:59:04 PM"}
{"level":"info","message":"DateRange from 2024-02-21T18:30:00.000Z to 2024-02-22T18:30:00.000Z","timestamp":"5:59:30 PM"}
