{"level":"info","message":"obj_pagination { filter: {},\n  paginate: { page: 1, total: 0, limit: 10 },\n  sort: [] }","timestamp":"8:57:09 AM"}
{"level":"info","message":"$$$$$$$$$$$$$$$$$$$$$$$$","timestamp":"8:57:48 AM"}
{"meta":"","level":"info","message":"","timestamp":"8:57:48 AM"}
{"level":"info","message":"Development Environment is Listening on port 3000","timestamp":"8:57:48 AM"}
{"level":"info","message":"Web URL : http://localhost:3000","timestamp":"8:57:48 AM"}
{"meta":"","level":"info","message":"","timestamp":"8:57:48 AM"}
{"level":"info","message":"$$$$$$$$$$$$$$$$$$$$$$$$","timestamp":"8:57:48 AM"}
{"meta":"","level":"info","message":"","timestamp":"8:57:48 AM"}
{"level":"info","message":"Connected to Database","timestamp":"8:57:48 AM"}
{"level":"info","message":"$$$$$$$$$$$$$$$$$$$$$$$$","timestamp":"9:26:22 AM"}
{"meta":"","level":"info","message":"","timestamp":"9:26:22 AM"}
{"level":"info","message":"Development Environment is Listening on port 3000","timestamp":"9:26:22 AM"}
{"level":"info","message":"Web URL : http://localhost:3000","timestamp":"9:26:22 AM"}
{"meta":"","level":"info","message":"","timestamp":"9:26:22 AM"}
{"level":"info","message":"$$$$$$$$$$$$$$$$$$$$$$$$","timestamp":"9:26:22 AM"}
{"meta":"","level":"info","message":"","timestamp":"9:26:22 AM"}
{"level":"info","message":"Connected to Database","timestamp":"9:26:22 AM"}
{"level":"info","message":"obj_pagination { filter: {},\n  paginate: { page: 1, total: 0, limit: 10 },\n  sort: [] }","timestamp":"9:28:27 AM"}
{"level":"info","message":"$$$$$$$$$$$$$$$$$$$$$$$$","timestamp":"9:32:59 AM"}
{"meta":"","level":"info","message":"","timestamp":"9:32:59 AM"}
{"level":"info","message":"Development Environment is Listening on port 3000","timestamp":"9:32:59 AM"}
{"level":"info","message":"Web URL : http://localhost:3000","timestamp":"9:32:59 AM"}
{"meta":"","level":"info","message":"","timestamp":"9:32:59 AM"}
{"level":"info","message":"$$$$$$$$$$$$$$$$$$$$$$$$","timestamp":"9:32:59 AM"}
{"meta":"","level":"info","message":"","timestamp":"9:32:59 AM"}
{"level":"info","message":"Connected to Database","timestamp":"9:33:00 AM"}
{"level":"info","message":"obj_pagination { filter: {},\n  paginate: { page: 1, total: 0, limit: 10 },\n  sort: [] }","timestamp":"9:33:07 AM"}
{"level":"info","message":"obj_pagination { filter: {},\n  paginate: { page: 1, total: 0, limit: 10 },\n  sort: [] }","timestamp":"9:33:44 AM"}
{"level":"info","message":"obj_pagination { filter: {},\n  paginate: { page: 1, total: 0, limit: 10 },\n  sort: [] }","timestamp":"9:33:55 AM"}
{"level":"info","message":"obj_pagination { filter: {},\n  paginate: { page: 1, total: 0, limit: 10 },\n  sort: [] }","timestamp":"9:35:56 AM"}
{"level":"info","message":"obj_pagination { filter: {},\n  paginate: { page: 1, total: 0, limit: 10 },\n  sort: [] }","timestamp":"9:36:12 AM"}
{"level":"info","message":"obj_pagination { filter: {},\n  paginate: { page: 1, total: 0, limit: 10 },\n  sort: [] }","timestamp":"9:36:48 AM"}
{"level":"info","message":"obj_pagination { filter: {},\n  paginate: { page: 1, total: 0, limit: 10 },\n  sort: [] }","timestamp":"9:37:02 AM"}
{"level":"info","message":"$$$$$$$$$$$$$$$$$$$$$$$$","timestamp":"9:39:06 AM"}
{"meta":"","level":"info","message":"","timestamp":"9:39:06 AM"}
{"level":"info","message":"Development Environment is Listening on port 3000","timestamp":"9:39:06 AM"}
{"level":"info","message":"Web URL : http://localhost:3000","timestamp":"9:39:06 AM"}
{"meta":"","level":"info","message":"","timestamp":"9:39:06 AM"}
{"level":"info","message":"$$$$$$$$$$$$$$$$$$$$$$$$","timestamp":"9:39:06 AM"}
{"meta":"","level":"info","message":"","timestamp":"9:39:06 AM"}
{"level":"info","message":"Connected to Database","timestamp":"9:39:06 AM"}
{"level":"info","message":"obj_pagination { filter: {},\n  paginate: { page: 1, total: 0, limit: 10 },\n  sort: [] }","timestamp":"9:39:12 AM"}
{"level":"info","message":"obj_pagination { filter: {},\n  paginate: { page: 1, total: 0, limit: 10 },\n  sort: [] }","timestamp":"9:39:19 AM"}
{"level":"info","message":"obj_pagination { filter: {},\n  paginate: { page: 1, total: 0, limit: 10 },\n  sort: [] }","timestamp":"9:39:25 AM"}
{"level":"info","message":"obj_pagination { filter: {},\n  paginate: { page: 1, total: 0, limit: 10 },\n  sort: [] }","timestamp":"9:39:33 AM"}
{"level":"info","message":"obj_pagination { filter: {},\n  paginate: { page: 1, total: 0, limit: 10 },\n  sort: [] }","timestamp":"9:39:40 AM"}
{"level":"info","message":"obj_pagination { filter: {},\n  paginate: { page: 1, total: 0, limit: 10 },\n  sort: [] }","timestamp":"9:51:14 AM"}
{"level":"info","message":"obj_pagination { filter: {},\n  paginate: { page: 1, total: 0, limit: 10 },\n  sort: [] }","timestamp":"9:52:00 AM"}
{"level":"info","message":"obj_pagination { filter: {},\n  paginate: { page: 1, total: 0, limit: 10 },\n  sort: [] }","timestamp":"9:54:14 AM"}
{"level":"info","message":"obj_pagination { filter: {},\n  paginate: { page: 1, total: 0, limit: 10 },\n  sort: [] }","timestamp":"9:55:07 AM"}
{"level":"info","message":"obj_pagination { filter: {},\n  paginate: { page: 1, total: 0, limit: 10 },\n  sort: [] }","timestamp":"10:16:18 AM"}
{"level":"info","message":"obj_pagination { filter: {},\n  paginate: { page: 1, total: 0, limit: 10 },\n  sort: [] }","timestamp":"10:25:57 AM"}
{"level":"info","message":"obj_pagination { filter: {},\n  paginate: { page: 1, total: 0, limit: 10 },\n  sort: [] }","timestamp":"10:27:48 AM"}
{"level":"info","message":"obj_pagination { filter: {},\n  paginate: { page: 1, total: 0, limit: 10 },\n  sort: [] }","timestamp":"10:28:08 AM"}
{"level":"info","message":"obj_pagination { filter: {},\n  paginate: { page: 1, total: 0, limit: 10 },\n  sort: [] }","timestamp":"10:28:12 AM"}
{"level":"info","message":"obj_pagination { filter: {},\n  paginate: { page: 1, total: 0, limit: 10 },\n  sort: [] }","timestamp":"10:28:21 AM"}
{"level":"info","message":"obj_pagination { filter: {},\n  paginate: { page: 1, total: 0, limit: 10 },\n  sort: [] }","timestamp":"10:28:30 AM"}
{"level":"info","message":"obj_pagination { filter: {},\n  paginate: { page: 1, total: 0, limit: 10 },\n  sort: [] }","timestamp":"10:28:44 AM"}
{"level":"info","message":"obj_pagination { filter: {},\n  paginate: { page: 1, total: 0, limit: 10 },\n  sort: [] }","timestamp":"10:28:47 AM"}
{"level":"info","message":"$$$$$$$$$$$$$$$$$$$$$$$$","timestamp":"10:31:17 AM"}
{"meta":"","level":"info","message":"","timestamp":"10:31:17 AM"}
{"level":"info","message":"Development Environment is Listening on port 3000","timestamp":"10:31:17 AM"}
{"level":"info","message":"Web URL : http://localhost:3000","timestamp":"10:31:17 AM"}
{"meta":"","level":"info","message":"","timestamp":"10:31:17 AM"}
{"level":"info","message":"$$$$$$$$$$$$$$$$$$$$$$$$","timestamp":"10:31:17 AM"}
{"meta":"","level":"info","message":"","timestamp":"10:31:17 AM"}
{"level":"info","message":"Connected to Database","timestamp":"10:31:17 AM"}
{"level":"info","message":"obj_pagination { filter: {},\n  paginate: { page: 1, total: 0, limit: 10 },\n  sort: [] }","timestamp":"10:31:22 AM"}
{"level":"info","message":"obj_pagination { filter: {},\n  paginate: { page: 1, total: 0, limit: 10 },\n  sort: [] }","timestamp":"10:31:28 AM"}
{"level":"info","message":"obj_pagination { filter: {},\n  paginate: { page: 1, total: 0, limit: 10 },\n  sort: [] }","timestamp":"10:31:35 AM"}
{"level":"info","message":"obj_pagination { filter: {},\n  paginate: { page: 1, total: 0, limit: 10 },\n  sort: [] }","timestamp":"10:31:43 AM"}
{"level":"info","message":"obj_pagination { filter: {},\n  paginate: { page: 1, total: 0, limit: 10 },\n  sort: [] }","timestamp":"10:32:02 AM"}
{"level":"info","message":"obj_pagination { filter: {},\n  paginate: { page: 1, total: 0, limit: 10 },\n  sort: [] }","timestamp":"10:32:16 AM"}
{"level":"info","message":"obj_pagination { filter: {},\n  paginate: { page: 1, total: 0, limit: 10 },\n  sort: [] }","timestamp":"10:32:47 AM"}
{"level":"info","message":"obj_pagination { filter: {},\n  paginate: { page: 1, total: 0, limit: 10 },\n  sort: [] }","timestamp":"10:33:36 AM"}
{"level":"info","message":"obj_pagination { filter: {},\n  paginate: { page: 1, total: 0, limit: 10 },\n  sort: [] }","timestamp":"10:33:50 AM"}
{"level":"info","message":"obj_pagination { filter: {},\n  paginate: { page: 1, total: 0, limit: 10 },\n  sort: [] }","timestamp":"10:34:15 AM"}
{"level":"info","message":"$$$$$$$$$$$$$$$$$$$$$$$$","timestamp":"10:38:06 AM"}
{"meta":"","level":"info","message":"","timestamp":"10:38:06 AM"}
{"level":"info","message":"Development Environment is Listening on port 3000","timestamp":"10:38:06 AM"}
{"level":"info","message":"Web URL : http://localhost:3000","timestamp":"10:38:06 AM"}
{"meta":"","level":"info","message":"","timestamp":"10:38:06 AM"}
{"level":"info","message":"$$$$$$$$$$$$$$$$$$$$$$$$","timestamp":"10:38:06 AM"}
{"meta":"","level":"info","message":"","timestamp":"10:38:06 AM"}
{"level":"info","message":"Connected to Database","timestamp":"10:38:07 AM"}
