{"level":"info","message":"$$$$$$$$$$$$$$$$$$$$$$$$","timestamp":"1:33:00 PM"}
{"meta":"","level":"info","message":"","timestamp":"1:33:00 PM"}
{"level":"info","message":"Development Environment is Listening on port 3000","timestamp":"1:33:00 PM"}
{"level":"info","message":"Web URL : http://localhost:3000","timestamp":"1:33:00 PM"}
{"meta":"","level":"info","message":"","timestamp":"1:33:00 PM"}
{"level":"info","message":"$$$$$$$$$$$$$$$$$$$$$$$$","timestamp":"1:33:00 PM"}
{"meta":"","level":"info","message":"","timestamp":"1:33:00 PM"}
{"level":"info","message":"{ ss_id: 8067 }","timestamp":"4:46:49 PM"}
{"level":"info","message":"{ ss_id: 8067 }","timestamp":"4:49:32 PM"}
{"level":"info","message":"{ ss_id: 8067 }","timestamp":"4:50:03 PM"}
{"level":"info","message":"{ ss_id: 8067 }","timestamp":"4:50:22 PM"}
{"level":"info","message":"{ ss_id: 8067 }","timestamp":"4:50:24 PM"}
{"level":"info","message":"{ ss_id: 8067 }","timestamp":"5:11:36 PM"}
{"level":"info","message":"{ ss_id: 8067 }","timestamp":"5:19:39 PM"}
{"level":"info","message":"{ ss_id: 8067 }","timestamp":"5:27:55 PM"}
{"level":"info","message":"{ ss_id: 8067 }","timestamp":"5:27:59 PM"}
{"level":"info","message":"{ ss_id: 8067 }","timestamp":"5:28:02 PM"}
{"level":"info","message":"{ ss_id: 8067 }","timestamp":"5:28:03 PM"}
{"level":"info","message":"{ ss_id: 8067 }","timestamp":"5:28:03 PM"}
{"level":"info","message":"{ ss_id: 8067 }","timestamp":"5:28:04 PM"}
{"level":"info","message":"{ ss_id: 8067 }","timestamp":"5:28:04 PM"}
{"level":"info","message":"{ ss_id: 8067 }","timestamp":"5:28:04 PM"}
{"level":"info","message":"{ ss_id: 8067 }","timestamp":"5:28:04 PM"}
{"level":"info","message":"{ ss_id: 8067 }","timestamp":"5:28:04 PM"}
{"level":"info","message":"{ ss_id: 8067 }","timestamp":"5:28:04 PM"}
{"level":"info","message":"{ ss_id: 8067 }","timestamp":"5:28:05 PM"}
{"level":"info","message":"{ ss_id: 8067 }","timestamp":"5:28:05 PM"}
{"level":"info","message":"{ ss_id: 8067 }","timestamp":"5:28:05 PM"}
{"level":"info","message":"{ ss_id: 8067 }","timestamp":"5:28:05 PM"}
{"level":"info","message":"{ ss_id: 8067 }","timestamp":"5:28:09 PM"}
{"level":"info","message":"{ ss_id: 8067 }","timestamp":"5:28:09 PM"}
{"level":"info","message":"{ ss_id: 8067 }","timestamp":"5:28:10 PM"}
{"level":"info","message":"{ ss_id: 8067 }","timestamp":"5:28:10 PM"}
{"level":"info","message":"{ ss_id: 8067 }","timestamp":"5:28:10 PM"}
{"level":"info","message":"{ ss_id: 8067 }","timestamp":"5:28:10 PM"}
{"level":"info","message":"{ ss_id: 8067 }","timestamp":"5:28:10 PM"}
{"level":"info","message":"{ ss_id: 8067 }","timestamp":"5:28:11 PM"}
{"level":"info","message":"{ ss_id: 8067 }","timestamp":"5:28:11 PM"}
{"level":"info","message":"{ ss_id: 8067 }","timestamp":"5:28:14 PM"}
{"level":"info","message":"{ ss_id: 8067 }","timestamp":"5:28:15 PM"}
{"level":"info","message":"{ ss_id: 8067 }","timestamp":"5:28:15 PM"}
{"level":"info","message":"{ ss_id: 8067 }","timestamp":"5:28:16 PM"}
{"level":"info","message":"{ ss_id: 8067 }","timestamp":"5:28:16 PM"}
{"level":"info","message":"{ ss_id: 8067 }","timestamp":"5:28:17 PM"}
{"level":"info","message":"{ ss_id: 8067 }","timestamp":"5:28:17 PM"}
{"level":"info","message":"{ ss_id: 8067 }","timestamp":"5:28:17 PM"}
{"level":"info","message":"{ ss_id: 8067 }","timestamp":"5:28:17 PM"}
{"level":"info","message":"{ ss_id: 8067 }","timestamp":"5:28:18 PM"}
{"level":"info","message":"{ ss_id: 8067 }","timestamp":"5:28:18 PM"}
{"level":"info","message":"{ ss_id: 8067 }","timestamp":"5:28:18 PM"}
{"level":"info","message":"{ ss_id: 8067 }","timestamp":"5:28:19 PM"}
{"level":"info","message":"{ ss_id: 8067 }","timestamp":"6:06:26 PM"}
{"level":"info","message":"{ ss_id: 8067 }","timestamp":"6:07:20 PM"}
