{"level":"info","message":"$$$$$$$$$$$$$$$$$$$$$$$$","timestamp":"9:14:57 AM"}
{"meta":"","level":"info","message":"","timestamp":"9:14:57 AM"}
{"level":"info","message":"Production Environment is Listening on port 3000","timestamp":"9:14:57 AM"}
{"level":"info","message":"Web URL : http://localhost:3000","timestamp":"9:14:57 AM"}
{"meta":"","level":"info","message":"","timestamp":"9:14:57 AM"}
{"level":"info","message":"$$$$$$$$$$$$$$$$$$$$$$$$","timestamp":"9:14:57 AM"}
{"meta":"","level":"info","message":"","timestamp":"9:14:57 AM"}
{"level":"info","message":"$$$$$$$$$$$$$$$$$$$$$$$$","timestamp":"11:28:42 AM"}
{"meta":"","level":"info","message":"","timestamp":"11:28:42 AM"}
{"level":"info","message":"Production Environment is Listening on port 3000","timestamp":"11:28:42 AM"}
{"level":"info","message":"Web URL : http://localhost:3000","timestamp":"11:28:42 AM"}
{"meta":"","level":"info","message":"","timestamp":"11:28:42 AM"}
{"level":"info","message":"$$$$$$$$$$$$$$$$$$$$$$$$","timestamp":"11:28:42 AM"}
{"meta":"","level":"info","message":"","timestamp":"11:28:42 AM"}
{"level":"info","message":"$$$$$$$$$$$$$$$$$$$$$$$$","timestamp":"11:30:12 AM"}
{"meta":"","level":"info","message":"","timestamp":"11:30:12 AM"}
{"level":"info","message":"Production Environment is Listening on port 3000","timestamp":"11:30:12 AM"}
{"level":"info","message":"Web URL : http://localhost:3000","timestamp":"11:30:12 AM"}
{"meta":"","level":"info","message":"","timestamp":"11:30:12 AM"}
{"level":"info","message":"$$$$$$$$$$$$$$$$$$$$$$$$","timestamp":"11:30:12 AM"}
{"meta":"","level":"info","message":"","timestamp":"11:30:12 AM"}
{"level":"info","message":"$$$$$$$$$$$$$$$$$$$$$$$$","timestamp":"1:40:28 PM"}
{"meta":"","level":"info","message":"","timestamp":"1:40:28 PM"}
{"level":"info","message":"Production Environment is Listening on port 3000","timestamp":"1:40:28 PM"}
{"level":"info","message":"Web URL : http://localhost:3000","timestamp":"1:40:28 PM"}
{"meta":"","level":"info","message":"","timestamp":"1:40:28 PM"}
{"level":"info","message":"$$$$$$$$$$$$$$$$$$$$$$$$","timestamp":"1:40:28 PM"}
{"meta":"","level":"info","message":"","timestamp":"1:40:28 PM"}
{"level":"info","message":"$$$$$$$$$$$$$$$$$$$$$$$$","timestamp":"1:45:52 PM"}
{"meta":"","level":"info","message":"","timestamp":"1:45:52 PM"}
{"level":"info","message":"Production Environment is Listening on port 3000","timestamp":"1:45:52 PM"}
{"level":"info","message":"Web URL : http://localhost:3000","timestamp":"1:45:52 PM"}
{"meta":"","level":"info","message":"","timestamp":"1:45:52 PM"}
{"level":"info","message":"$$$$$$$$$$$$$$$$$$$$$$$$","timestamp":"1:45:52 PM"}
{"meta":"","level":"info","message":"","timestamp":"1:45:52 PM"}
{"level":"info","message":"$$$$$$$$$$$$$$$$$$$$$$$$","timestamp":"5:10:37 PM"}
{"meta":"","level":"info","message":"","timestamp":"5:10:37 PM"}
{"level":"info","message":"Production Environment is Listening on port 3000","timestamp":"5:10:37 PM"}
{"level":"info","message":"Web URL : http://localhost:3000","timestamp":"5:10:37 PM"}
{"meta":"","level":"info","message":"","timestamp":"5:10:37 PM"}
{"level":"info","message":"$$$$$$$$$$$$$$$$$$$$$$$$","timestamp":"5:10:37 PM"}
{"meta":"","level":"info","message":"","timestamp":"5:10:37 PM"}
