{"level":"info","message":"$$$$$$$$$$$$$$$$$$$$$$$$","timestamp":"11:53:59 AM"}
{"meta":"","level":"info","message":"","timestamp":"11:53:59 AM"}
{"level":"info","message":"Production Environment is Listening on port 3000","timestamp":"11:53:59 AM"}
{"level":"info","message":"Web URL : http://localhost:3000","timestamp":"11:53:59 AM"}
{"meta":"","level":"info","message":"","timestamp":"11:53:59 AM"}
{"level":"info","message":"$$$$$$$$$$$$$$$$$$$$$$$$","timestamp":"11:53:59 AM"}
{"meta":"","level":"info","message":"","timestamp":"11:53:59 AM"}
{"level":"info","message":"Connected to Database","timestamp":"11:54:00 AM"}
{"level":"info","message":"$$$$$$$$$$$$$$$$$$$$$$$$","timestamp":"12:03:50 PM"}
{"meta":"","level":"info","message":"","timestamp":"12:03:50 PM"}
{"level":"info","message":"Production Environment is Listening on port 3000","timestamp":"12:03:50 PM"}
{"level":"info","message":"Web URL : http://localhost:3000","timestamp":"12:03:50 PM"}
{"meta":"","level":"info","message":"","timestamp":"12:03:50 PM"}
{"level":"info","message":"$$$$$$$$$$$$$$$$$$$$$$$$","timestamp":"12:03:50 PM"}
{"meta":"","level":"info","message":"","timestamp":"12:03:50 PM"}
{"level":"info","message":"Connected to Database","timestamp":"12:03:51 PM"}
{"level":"info","message":"$$$$$$$$$$$$$$$$$$$$$$$$","timestamp":"12:04:54 PM"}
{"meta":"","level":"info","message":"","timestamp":"12:04:54 PM"}
{"level":"info","message":"Production Environment is Listening on port 3000","timestamp":"12:04:54 PM"}
{"level":"info","message":"Web URL : http://localhost:3000","timestamp":"12:04:54 PM"}
{"meta":"","level":"info","message":"","timestamp":"12:04:54 PM"}
{"level":"info","message":"$$$$$$$$$$$$$$$$$$$$$$$$","timestamp":"12:04:54 PM"}
{"meta":"","level":"info","message":"","timestamp":"12:04:54 PM"}
{"level":"info","message":"Connected to Database","timestamp":"12:04:55 PM"}
{"level":"info","message":"Error response received","timestamp":"12:05:12 PM"}
{"level":"info","message":"emailupdate null { n: 1, nModified: 1, ok: 1 }","timestamp":"12:05:12 PM"}
{"level":"info","message":"Error response received","timestamp":"12:05:12 PM"}
{"level":"info","message":"emailupdate null { n: 1, nModified: 1, ok: 1 }","timestamp":"12:05:12 PM"}
{"level":"info","message":"$$$$$$$$$$$$$$$$$$$$$$$$","timestamp":"2:55:05 PM"}
{"meta":"","level":"info","message":"","timestamp":"2:55:05 PM"}
{"level":"info","message":"Production Environment is Listening on port 3000","timestamp":"2:55:05 PM"}
{"level":"info","message":"Web URL : http://localhost:3000","timestamp":"2:55:05 PM"}
{"meta":"","level":"info","message":"","timestamp":"2:55:05 PM"}
{"level":"info","message":"$$$$$$$$$$$$$$$$$$$$$$$$","timestamp":"2:55:05 PM"}
{"meta":"","level":"info","message":"","timestamp":"2:55:05 PM"}
{"level":"info","message":"Connected to Database","timestamp":"2:55:05 PM"}
{"level":"info","message":"$$$$$$$$$$$$$$$$$$$$$$$$","timestamp":"3:13:57 PM"}
{"meta":"","level":"info","message":"","timestamp":"3:13:57 PM"}
{"level":"info","message":"Production Environment is Listening on port 3000","timestamp":"3:13:57 PM"}
{"level":"info","message":"Web URL : http://localhost:3000","timestamp":"3:13:57 PM"}
{"meta":"","level":"info","message":"","timestamp":"3:13:57 PM"}
{"level":"info","message":"$$$$$$$$$$$$$$$$$$$$$$$$","timestamp":"3:13:57 PM"}
{"meta":"","level":"info","message":"","timestamp":"3:13:57 PM"}
{"level":"info","message":"Connected to Database","timestamp":"3:13:57 PM"}
{"level":"info","message":"$$$$$$$$$$$$$$$$$$$$$$$$","timestamp":"3:15:40 PM"}
{"meta":"","level":"info","message":"","timestamp":"3:15:40 PM"}
{"level":"info","message":"Production Environment is Listening on port 3000","timestamp":"3:15:40 PM"}
{"level":"info","message":"Web URL : http://localhost:3000","timestamp":"3:15:40 PM"}
{"meta":"","level":"info","message":"","timestamp":"3:15:40 PM"}
{"level":"info","message":"$$$$$$$$$$$$$$$$$$$$$$$$","timestamp":"3:15:40 PM"}
{"meta":"","level":"info","message":"","timestamp":"3:15:40 PM"}
{"level":"info","message":"Connected to Database","timestamp":"3:15:41 PM"}
{"level":"info","message":"$$$$$$$$$$$$$$$$$$$$$$$$","timestamp":"3:17:14 PM"}
{"meta":"","level":"info","message":"","timestamp":"3:17:14 PM"}
{"level":"info","message":"Production Environment is Listening on port 3000","timestamp":"3:17:14 PM"}
{"level":"info","message":"Web URL : http://localhost:3000","timestamp":"3:17:14 PM"}
{"meta":"","level":"info","message":"","timestamp":"3:17:14 PM"}
{"level":"info","message":"$$$$$$$$$$$$$$$$$$$$$$$$","timestamp":"3:17:14 PM"}
{"meta":"","level":"info","message":"","timestamp":"3:17:14 PM"}
{"level":"info","message":"Connected to Database","timestamp":"3:17:14 PM"}
{"level":"info","message":"$$$$$$$$$$$$$$$$$$$$$$$$","timestamp":"3:17:47 PM"}
{"meta":"","level":"info","message":"","timestamp":"3:17:47 PM"}
{"level":"info","message":"Production Environment is Listening on port 3000","timestamp":"3:17:47 PM"}
{"level":"info","message":"Web URL : http://localhost:3000","timestamp":"3:17:47 PM"}
{"meta":"","level":"info","message":"","timestamp":"3:17:47 PM"}
{"level":"info","message":"$$$$$$$$$$$$$$$$$$$$$$$$","timestamp":"3:17:47 PM"}
{"meta":"","level":"info","message":"","timestamp":"3:17:47 PM"}
{"level":"info","message":"Connected to Database","timestamp":"3:17:48 PM"}
{"level":"info","message":"$$$$$$$$$$$$$$$$$$$$$$$$","timestamp":"3:21:58 PM"}
{"meta":"","level":"info","message":"","timestamp":"3:21:58 PM"}
{"level":"info","message":"Production Environment is Listening on port 3000","timestamp":"3:21:58 PM"}
{"level":"info","message":"Web URL : http://localhost:3000","timestamp":"3:21:58 PM"}
{"meta":"","level":"info","message":"","timestamp":"3:21:58 PM"}
{"level":"info","message":"$$$$$$$$$$$$$$$$$$$$$$$$","timestamp":"3:21:58 PM"}
{"meta":"","level":"info","message":"","timestamp":"3:21:58 PM"}
{"level":"info","message":"Connected to Database","timestamp":"3:21:58 PM"}
{"level":"info","message":"$$$$$$$$$$$$$$$$$$$$$$$$","timestamp":"3:36:37 PM"}
{"meta":"","level":"info","message":"","timestamp":"3:36:37 PM"}
{"level":"info","message":"Production Environment is Listening on port 3000","timestamp":"3:36:37 PM"}
{"level":"info","message":"Web URL : http://localhost:3000","timestamp":"3:36:37 PM"}
{"meta":"","level":"info","message":"","timestamp":"3:36:37 PM"}
{"level":"info","message":"$$$$$$$$$$$$$$$$$$$$$$$$","timestamp":"3:36:37 PM"}
{"meta":"","level":"info","message":"","timestamp":"3:36:37 PM"}
{"level":"info","message":"Connected to Database","timestamp":"3:36:37 PM"}
{"level":"info","message":"$$$$$$$$$$$$$$$$$$$$$$$$","timestamp":"4:24:09 PM"}
{"meta":"","level":"info","message":"","timestamp":"4:24:09 PM"}
{"level":"info","message":"Production Environment is Listening on port 3000","timestamp":"4:24:09 PM"}
{"level":"info","message":"Web URL : http://localhost:3000","timestamp":"4:24:09 PM"}
{"meta":"","level":"info","message":"","timestamp":"4:24:09 PM"}
{"level":"info","message":"$$$$$$$$$$$$$$$$$$$$$$$$","timestamp":"4:24:09 PM"}
{"meta":"","level":"info","message":"","timestamp":"4:24:09 PM"}
{"level":"info","message":"Connected to Database","timestamp":"4:24:09 PM"}
{"level":"info","message":"$$$$$$$$$$$$$$$$$$$$$$$$","timestamp":"4:29:27 PM"}
{"meta":"","level":"info","message":"","timestamp":"4:29:27 PM"}
{"level":"info","message":"Production Environment is Listening on port 3000","timestamp":"4:29:27 PM"}
{"level":"info","message":"Web URL : http://localhost:3000","timestamp":"4:29:27 PM"}
{"meta":"","level":"info","message":"","timestamp":"4:29:27 PM"}
{"level":"info","message":"$$$$$$$$$$$$$$$$$$$$$$$$","timestamp":"4:29:27 PM"}
{"meta":"","level":"info","message":"","timestamp":"4:29:27 PM"}
{"level":"info","message":"Connected to Database","timestamp":"4:29:27 PM"}
{"level":"info","message":"$$$$$$$$$$$$$$$$$$$$$$$$","timestamp":"4:31:31 PM"}
{"meta":"","level":"info","message":"","timestamp":"4:31:31 PM"}
{"level":"info","message":"Production Environment is Listening on port 3000","timestamp":"4:31:31 PM"}
{"level":"info","message":"Web URL : http://localhost:3000","timestamp":"4:31:31 PM"}
{"meta":"","level":"info","message":"","timestamp":"4:31:31 PM"}
{"level":"info","message":"$$$$$$$$$$$$$$$$$$$$$$$$","timestamp":"4:31:31 PM"}
{"meta":"","level":"info","message":"","timestamp":"4:31:31 PM"}
{"level":"info","message":"Connected to Database","timestamp":"4:31:31 PM"}
{"level":"info","message":"posp_enquiries_data [ { _id: 66b05f91b7c575331c6d2de6 },\n  { _id: 66b48b7c2f88772954e2b85f },\n  { _id: 66bef9c6f1446433582cfad3, Onboarding_Status: 'PENDING' },\n  { _id: 66bf43ddaca2293dd49c605c, Onboarding_Status: 'PENDING' },\n  { _id: 66bf43ddaca2293dd49c605d, Onboarding_Status: 'PENDING' },\n  { _id: 66bf43ddaca2293dd49c605e, Onboarding_Status: 'PENDING' },\n  { _id: 66bf43ddaca2293dd49c605f, Onboarding_Status: 'PENDING' },\n  { _id: 66bf43ddaca2293dd49c6060, Onboarding_Status: 'PENDING' },\n  { _id: 66bf43ddaca2293dd49c6061, Onboarding_Status: 'PENDING' },\n  { _id: 66bf43ddaca2293dd49c6062, Onboarding_Status: 'PENDING' },\n  { _id: 66bf43ddaca2293dd49c6063, Onboarding_Status: 'PENDING' },\n  { _id: 66bf43ddaca2293dd49c6064, Onboarding_Status: 'PENDING' },\n  { _id: 66bf43ddaca2293dd49c6065, Onboarding_Status: 'PENDING' },\n  { _id: 66bf43ddaca2293dd49c6066, Onboarding_Status: 'PENDING' },\n  { _id: 66bf43ddaca2293dd49c6067, Onboarding_Status: 'PENDING' },\n  { _id: 66bf43ddaca2293dd49c6068, Onboarding_Status: 'PENDING' },\n  { _id: 66bf43ddaca2293dd49c6069, Onboarding_Status: 'PENDING' },\n  { _id: 66bf43ddaca2293dd49c606a, Onboarding_Status: 'PENDING' },\n  { _id: 66bf43ddaca2293dd49c606b, Onboarding_Status: 'PENDING' },\n  { _id: 66bf43ddaca2293dd49c606c, Onboarding_Status: 'PENDING' },\n  { _id: 66bf43ddaca2293dd49c606d, Onboarding_Status: 'PENDING' },\n  { _id: 66bf43ddaca2293dd49c606e, Onboarding_Status: 'PENDING' },\n  { _id: 66bf43ddaca2293dd49c606f, Onboarding_Status: 'PENDING' },\n  { _id: 66bf43ddaca2293dd49c6070, Onboarding_Status: 'PENDING' },\n  { _id: 66bf43ddaca2293dd49c6071, Onboarding_Status: 'PENDING' },\n  { _id: 66bf43ddaca2293dd49c6072, Onboarding_Status: 'PENDING' },\n  { _id: 66bf43ddaca2293dd49c6073, Onboarding_Status: 'PENDING' },\n  { _id: 66bf43ddaca2293dd49c6074, Onboarding_Status: 'PENDING' },\n  { _id: 66bf43ddaca2293dd49c6075, Onboarding_Status: 'PENDING' },\n  { _id: 66bf43ddaca2293dd49c6076, Onboarding_Status: 'PENDING' },\n  { _id: 66bf43ddaca2293dd49c6077, Onboarding_Status: 'PENDING' },\n  { _id: 66bf43ddaca2293dd49c6078, Onboarding_Status: 'PENDING' },\n  { _id: 66bf43ddaca2293dd49c6079, Onboarding_Status: 'PENDING' },\n  { _id: 66bf43ddaca2293dd49c607a, Onboarding_Status: 'PENDING' },\n  { _id: 66bf43ddaca2293dd49c607b, Onboarding_Status: 'PENDING' },\n  { _id: 66bf43ddaca2293dd49c607c, Onboarding_Status: 'PENDING' },\n  { _id: 66bf43ddaca2293dd49c607d, Onboarding_Status: 'PENDING' },\n  { _id: 66bf43ddaca2293dd49c607e, Onboarding_Status: 'PENDING' },\n  { _id: 66bf43ddaca2293dd49c607f, Onboarding_Status: 'PENDING' },\n  { _id: 66bf43ddaca2293dd49c6080, Onboarding_Status: 'PENDING' },\n  { _id: 66bf43ddaca2293dd49c6081, Onboarding_Status: 'PENDING' },\n  { _id: 66bf43ddaca2293dd49c6082, Onboarding_Status: 'PENDING' },\n  { _id: 66bf43ddaca2293dd49c6083, Onboarding_Status: 'PENDING' },\n  { _id: 66bf43ddaca2293dd49c6084, Onboarding_Status: 'PENDING' },\n  { _id: 66bf43ddaca2293dd49c6085, Onboarding_Status: 'PENDING' },\n  { _id: 66bf43ddaca2293dd49c6086, Onboarding_Status: 'PENDING' },\n  { _id: 66bf43ddaca2293dd49c6087, Onboarding_Status: 'PENDING' },\n  { _id: 66bf43ddaca2293dd49c6088, Onboarding_Status: 'PENDING' },\n  { _id: 66bf43ddaca2293dd49c6089, Onboarding_Status: 'PENDING' },\n  { _id: 66bf43ddaca2293dd49c608a, Onboarding_Status: 'PENDING' },\n  { _id: 66bf43ddaca2293dd49c608b, Onboarding_Status: 'PENDING' },\n  { _id: 66bf43ddaca2293dd49c608c, Onboarding_Status: 'PENDING' },\n  { _id: 66bf43ddaca2293dd49c608d, Onboarding_Status: 'PENDING' },\n  { _id: 66bf43ddaca2293dd49c608e, Onboarding_Status: 'PENDING' },\n  { _id: 66bf43ddaca2293dd49c608f, Onboarding_Status: 'PENDING' },\n  { _id: 66bf43ddaca2293dd49c6090, Onboarding_Status: 'PENDING' },\n  { _id: 66bf43ddaca2293dd49c6091, Onboarding_Status: 'PENDING' },\n  { _id: 66bf43ddaca2293dd49c6092, Onboarding_Status: 'PENDING' },\n  { _id: 66bf43ddaca2293dd49c6093, Onboarding_Status: 'PENDING' },\n  { _id: 66bf43ddaca2293dd49c6094, Onboarding_Status: 'PENDING' },\n  { _id: 66bf43ddaca2293dd49c6095, Onboarding_Status: 'PENDING' },\n  { _id: 66bf43ddaca2293dd49c6096, Onboarding_Status: 'PENDING' },\n  { _id: 66bf43ddaca2293dd49c6097, Onboarding_Status: 'PENDING' },\n  { _id: 66bf43ddaca2293dd49c6098, Onboarding_Status: 'PENDING' },\n  { _id: 66bf43ddaca2293dd49c6099, Onboarding_Status: 'PENDING' },\n  { _id: 66bf43ddaca2293dd49c609a, Onboarding_Status: 'PENDING' },\n  { _id: 66bf43ddaca2293dd49c609b, Onboarding_Status: 'PENDING' },\n  { _id: 66bf43ddaca2293dd49c609c, Onboarding_Status: 'PENDING' },\n  { _id: 66bf43ddaca2293dd49c609d, Onboarding_Status: 'PENDING' },\n  { _id: 66bf43ddaca2293dd49c609e, Onboarding_Status: 'PENDING' },\n  { _id: 66bf43ddaca2293dd49c609f, Onboarding_Status: 'PENDING' },\n  { _id: 66bf43ddaca2293dd49c60a0, Onboarding_Status: 'PENDING' },\n  { _id: 66bf43ddaca2293dd49c60a1, Onboarding_Status: 'PENDING' },\n  { _id: 66bf43ddaca2293dd49c60a2, Onboarding_Status: 'PENDING' },\n  { _id: 66bf43ddaca2293dd49c60a3, Onboarding_Status: 'PENDING' },\n  { _id: 66bf43ddaca2293dd49c60a4, Onboarding_Status: 'PENDING' },\n  { _id: 66bf43ddaca2293dd49c60a5, Onboarding_Status: 'PENDING' },\n  { _id: 66bf43ddaca2293dd49c60a6, Onboarding_Status: 'PENDING' },\n  { _id: 66bf43ddaca2293dd49c60a7, Onboarding_Status: 'PENDING' },\n  { _id: 66bf43ddaca2293dd49c60a8, Onboarding_Status: 'PENDING' },\n  { _id: 66bf43ddaca2293dd49c60a9, Onboarding_Status: 'PENDING' },\n  { _id: 66bf43ddaca2293dd49c60aa, Onboarding_Status: 'PENDING' },\n  { _id: 66bf43ddaca2293dd49c60ab, Onboarding_Status: 'PENDING' },\n  { _id: 66bf43ddaca2293dd49c60ac, Onboarding_Status: 'PENDING' },\n  { _id: 66bf43ddaca2293dd49c60ad, Onboarding_Status: 'PENDING' },\n  { _id: 66bf43ddaca2293dd49c60ae, Onboarding_Status: 'PENDING' },\n  { _id: 66bf43ddaca2293dd49c60af, Onboarding_Status: 'PENDING' },\n  { _id: 66bf43ddaca2293dd49c60b0, Onboarding_Status: 'PENDING' },\n  { _id: 66bf43ddaca2293dd49c60b1, Onboarding_Status: 'PENDING' },\n  { _id: 66bf43ddaca2293dd49c60b2, Onboarding_Status: 'PENDING' },\n  { _id: 66bf43ddaca2293dd49c60b3, Onboarding_Status: 'PENDING' },\n  { _id: 66bf43ddaca2293dd49c60b4, Onboarding_Status: 'PENDING' },\n  { _id: 66bf43ddaca2293dd49c60b5, Onboarding_Status: 'PENDING' },\n  { _id: 66bf43ddaca2293dd49c60b6, Onboarding_Status: 'PENDING' },\n  { _id: 66bf43ddaca2293dd49c60b7, Onboarding_Status: 'PENDING' },\n  { _id: 66bf43ddaca2293dd49c60b8, Onboarding_Status: 'PENDING' },\n  { _id: 66bf43ddaca2293dd49c60b9, Onboarding_Status: 'PENDING' },\n  { _id: 66bf43ddaca2293dd49c60ba, Onboarding_Status: 'PENDING' },\n  { _id: 66bf43ddaca2293dd49c60bb, Onboarding_Status: 'PENDING' },\n  { _id: 66bf43ddaca2293dd49c60bc, Onboarding_Status: 'PENDING' },\n  ... 535 more items ]","timestamp":"4:31:46 PM"}
{"level":"info","message":"posp_enquiries_data [ { _id: 66b05f91b7c575331c6d2de6 },\n  { _id: 66b48b7c2f88772954e2b85f },\n  { _id: 66bef9c6f1446433582cfad3, Onboarding_Status: 'PENDING' },\n  { _id: 66bf43ddaca2293dd49c605c, Onboarding_Status: 'PENDING' },\n  { _id: 66bf43ddaca2293dd49c605d, Onboarding_Status: 'PENDING' },\n  { _id: 66bf43ddaca2293dd49c605e, Onboarding_Status: 'PENDING' },\n  { _id: 66bf43ddaca2293dd49c605f, Onboarding_Status: 'PENDING' },\n  { _id: 66bf43ddaca2293dd49c6060, Onboarding_Status: 'PENDING' },\n  { _id: 66bf43ddaca2293dd49c6061, Onboarding_Status: 'PENDING' },\n  { _id: 66bf43ddaca2293dd49c6062, Onboarding_Status: 'PENDING' },\n  { _id: 66bf43ddaca2293dd49c6063, Onboarding_Status: 'PENDING' },\n  { _id: 66bf43ddaca2293dd49c6064, Onboarding_Status: 'PENDING' },\n  { _id: 66bf43ddaca2293dd49c6065, Onboarding_Status: 'PENDING' },\n  { _id: 66bf43ddaca2293dd49c6066, Onboarding_Status: 'PENDING' },\n  { _id: 66bf43ddaca2293dd49c6067, Onboarding_Status: 'PENDING' },\n  { _id: 66bf43ddaca2293dd49c6068, Onboarding_Status: 'PENDING' },\n  { _id: 66bf43ddaca2293dd49c6069, Onboarding_Status: 'PENDING' },\n  { _id: 66bf43ddaca2293dd49c606a, Onboarding_Status: 'PENDING' },\n  { _id: 66bf43ddaca2293dd49c606b, Onboarding_Status: 'PENDING' },\n  { _id: 66bf43ddaca2293dd49c606c, Onboarding_Status: 'PENDING' },\n  { _id: 66bf43ddaca2293dd49c606d, Onboarding_Status: 'PENDING' },\n  { _id: 66bf43ddaca2293dd49c606e, Onboarding_Status: 'PENDING' },\n  { _id: 66bf43ddaca2293dd49c606f, Onboarding_Status: 'PENDING' },\n  { _id: 66bf43ddaca2293dd49c6070, Onboarding_Status: 'PENDING' },\n  { _id: 66bf43ddaca2293dd49c6071, Onboarding_Status: 'PENDING' },\n  { _id: 66bf43ddaca2293dd49c6072, Onboarding_Status: 'PENDING' },\n  { _id: 66bf43ddaca2293dd49c6073, Onboarding_Status: 'PENDING' },\n  { _id: 66bf43ddaca2293dd49c6074, Onboarding_Status: 'PENDING' },\n  { _id: 66bf43ddaca2293dd49c6075, Onboarding_Status: 'PENDING' },\n  { _id: 66bf43ddaca2293dd49c6076, Onboarding_Status: 'PENDING' },\n  { _id: 66bf43ddaca2293dd49c6077, Onboarding_Status: 'PENDING' },\n  { _id: 66bf43ddaca2293dd49c6078, Onboarding_Status: 'PENDING' },\n  { _id: 66bf43ddaca2293dd49c6079, Onboarding_Status: 'PENDING' },\n  { _id: 66bf43ddaca2293dd49c607a, Onboarding_Status: 'PENDING' },\n  { _id: 66bf43ddaca2293dd49c607b, Onboarding_Status: 'PENDING' },\n  { _id: 66bf43ddaca2293dd49c607c, Onboarding_Status: 'PENDING' },\n  { _id: 66bf43ddaca2293dd49c607d, Onboarding_Status: 'PENDING' },\n  { _id: 66bf43ddaca2293dd49c607e, Onboarding_Status: 'PENDING' },\n  { _id: 66bf43ddaca2293dd49c607f, Onboarding_Status: 'PENDING' },\n  { _id: 66bf43ddaca2293dd49c6080, Onboarding_Status: 'PENDING' },\n  { _id: 66bf43ddaca2293dd49c6081, Onboarding_Status: 'PENDING' },\n  { _id: 66bf43ddaca2293dd49c6082, Onboarding_Status: 'PENDING' },\n  { _id: 66bf43ddaca2293dd49c6083, Onboarding_Status: 'PENDING' },\n  { _id: 66bf43ddaca2293dd49c6084, Onboarding_Status: 'PENDING' },\n  { _id: 66bf43ddaca2293dd49c6085, Onboarding_Status: 'PENDING' },\n  { _id: 66bf43ddaca2293dd49c6086, Onboarding_Status: 'PENDING' },\n  { _id: 66bf43ddaca2293dd49c6087, Onboarding_Status: 'PENDING' },\n  { _id: 66bf43ddaca2293dd49c6088, Onboarding_Status: 'PENDING' },\n  { _id: 66bf43ddaca2293dd49c6089, Onboarding_Status: 'PENDING' },\n  { _id: 66bf43ddaca2293dd49c608a, Onboarding_Status: 'PENDING' },\n  { _id: 66bf43ddaca2293dd49c608b, Onboarding_Status: 'PENDING' },\n  { _id: 66bf43ddaca2293dd49c608c, Onboarding_Status: 'PENDING' },\n  { _id: 66bf43ddaca2293dd49c608d, Onboarding_Status: 'PENDING' },\n  { _id: 66bf43ddaca2293dd49c608e, Onboarding_Status: 'PENDING' },\n  { _id: 66bf43ddaca2293dd49c608f, Onboarding_Status: 'PENDING' },\n  { _id: 66bf43ddaca2293dd49c6090, Onboarding_Status: 'PENDING' },\n  { _id: 66bf43ddaca2293dd49c6091, Onboarding_Status: 'PENDING' },\n  { _id: 66bf43ddaca2293dd49c6092, Onboarding_Status: 'PENDING' },\n  { _id: 66bf43ddaca2293dd49c6093, Onboarding_Status: 'PENDING' },\n  { _id: 66bf43ddaca2293dd49c6094, Onboarding_Status: 'PENDING' },\n  { _id: 66bf43ddaca2293dd49c6095, Onboarding_Status: 'PENDING' },\n  { _id: 66bf43ddaca2293dd49c6096, Onboarding_Status: 'PENDING' },\n  { _id: 66bf43ddaca2293dd49c6097, Onboarding_Status: 'PENDING' },\n  { _id: 66bf43ddaca2293dd49c6098, Onboarding_Status: 'PENDING' },\n  { _id: 66bf43ddaca2293dd49c6099, Onboarding_Status: 'PENDING' },\n  { _id: 66bf43ddaca2293dd49c609a, Onboarding_Status: 'PENDING' },\n  { _id: 66bf43ddaca2293dd49c609b, Onboarding_Status: 'PENDING' },\n  { _id: 66bf43ddaca2293dd49c609c, Onboarding_Status: 'PENDING' },\n  { _id: 66bf43ddaca2293dd49c609d, Onboarding_Status: 'PENDING' },\n  { _id: 66bf43ddaca2293dd49c609e, Onboarding_Status: 'PENDING' },\n  { _id: 66bf43ddaca2293dd49c609f, Onboarding_Status: 'PENDING' },\n  { _id: 66bf43ddaca2293dd49c60a0, Onboarding_Status: 'PENDING' },\n  { _id: 66bf43ddaca2293dd49c60a1, Onboarding_Status: 'PENDING' },\n  { _id: 66bf43ddaca2293dd49c60a2, Onboarding_Status: 'PENDING' },\n  { _id: 66bf43ddaca2293dd49c60a3, Onboarding_Status: 'PENDING' },\n  { _id: 66bf43ddaca2293dd49c60a4, Onboarding_Status: 'PENDING' },\n  { _id: 66bf43ddaca2293dd49c60a5, Onboarding_Status: 'PENDING' },\n  { _id: 66bf43ddaca2293dd49c60a6, Onboarding_Status: 'PENDING' },\n  { _id: 66bf43ddaca2293dd49c60a7, Onboarding_Status: 'PENDING' },\n  { _id: 66bf43ddaca2293dd49c60a8, Onboarding_Status: 'PENDING' },\n  { _id: 66bf43ddaca2293dd49c60a9, Onboarding_Status: 'PENDING' },\n  { _id: 66bf43ddaca2293dd49c60aa, Onboarding_Status: 'PENDING' },\n  { _id: 66bf43ddaca2293dd49c60ab, Onboarding_Status: 'PENDING' },\n  { _id: 66bf43ddaca2293dd49c60ac, Onboarding_Status: 'PENDING' },\n  { _id: 66bf43ddaca2293dd49c60ad, Onboarding_Status: 'PENDING' },\n  { _id: 66bf43ddaca2293dd49c60ae, Onboarding_Status: 'PENDING' },\n  { _id: 66bf43ddaca2293dd49c60af, Onboarding_Status: 'PENDING' },\n  { _id: 66bf43ddaca2293dd49c60b0, Onboarding_Status: 'PENDING' },\n  { _id: 66bf43ddaca2293dd49c60b1, Onboarding_Status: 'PENDING' },\n  { _id: 66bf43ddaca2293dd49c60b2, Onboarding_Status: 'PENDING' },\n  { _id: 66bf43ddaca2293dd49c60b3, Onboarding_Status: 'PENDING' },\n  { _id: 66bf43ddaca2293dd49c60b4, Onboarding_Status: 'PENDING' },\n  { _id: 66bf43ddaca2293dd49c60b5, Onboarding_Status: 'PENDING' },\n  { _id: 66bf43ddaca2293dd49c60b6, Onboarding_Status: 'PENDING' },\n  { _id: 66bf43ddaca2293dd49c60b7, Onboarding_Status: 'PENDING' },\n  { _id: 66bf43ddaca2293dd49c60b8, Onboarding_Status: 'PENDING' },\n  { _id: 66bf43ddaca2293dd49c60b9, Onboarding_Status: 'PENDING' },\n  { _id: 66bf43ddaca2293dd49c60ba, Onboarding_Status: 'PENDING' },\n  { _id: 66bf43ddaca2293dd49c60bb, Onboarding_Status: 'PENDING' },\n  { _id: 66bf43ddaca2293dd49c60bc, Onboarding_Status: 'PENDING' },\n  ... 535 more items ]","timestamp":"4:32:22 PM"}
{"level":"info","message":"$$$$$$$$$$$$$$$$$$$$$$$$","timestamp":"5:31:57 PM"}
{"meta":"","level":"info","message":"","timestamp":"5:31:57 PM"}
{"level":"info","message":"Production Environment is Listening on port 3000","timestamp":"5:31:57 PM"}
{"level":"info","message":"Web URL : http://localhost:3000","timestamp":"5:31:57 PM"}
{"meta":"","level":"info","message":"","timestamp":"5:31:57 PM"}
{"level":"info","message":"$$$$$$$$$$$$$$$$$$$$$$$$","timestamp":"5:31:57 PM"}
{"meta":"","level":"info","message":"","timestamp":"5:31:57 PM"}
{"level":"info","message":"Connected to Database","timestamp":"5:31:57 PM"}
{"level":"info","message":"$$$$$$$$$$$$$$$$$$$$$$$$","timestamp":"5:34:23 PM"}
{"meta":"","level":"info","message":"","timestamp":"5:34:23 PM"}
{"level":"info","message":"Production Environment is Listening on port 3000","timestamp":"5:34:23 PM"}
{"level":"info","message":"Web URL : http://localhost:3000","timestamp":"5:34:23 PM"}
{"meta":"","level":"info","message":"","timestamp":"5:34:23 PM"}
{"level":"info","message":"$$$$$$$$$$$$$$$$$$$$$$$$","timestamp":"5:34:23 PM"}
{"meta":"","level":"info","message":"","timestamp":"5:34:23 PM"}
{"level":"info","message":"Connected to Database","timestamp":"5:34:23 PM"}
{"level":"info","message":"$$$$$$$$$$$$$$$$$$$$$$$$","timestamp":"5:42:55 PM"}
{"meta":"","level":"info","message":"","timestamp":"5:42:55 PM"}
{"level":"info","message":"Production Environment is Listening on port 3000","timestamp":"5:42:55 PM"}
{"level":"info","message":"Web URL : http://localhost:3000","timestamp":"5:42:55 PM"}
{"meta":"","level":"info","message":"","timestamp":"5:42:55 PM"}
{"level":"info","message":"$$$$$$$$$$$$$$$$$$$$$$$$","timestamp":"5:42:55 PM"}
{"meta":"","level":"info","message":"","timestamp":"5:42:55 PM"}
{"level":"info","message":"Connected to Database","timestamp":"5:42:56 PM"}
{"level":"info","message":"$$$$$$$$$$$$$$$$$$$$$$$$","timestamp":"5:47:39 PM"}
{"meta":"","level":"info","message":"","timestamp":"5:47:39 PM"}
{"level":"info","message":"Production Environment is Listening on port 3000","timestamp":"5:47:39 PM"}
{"level":"info","message":"Web URL : http://localhost:3000","timestamp":"5:47:39 PM"}
{"meta":"","level":"info","message":"","timestamp":"5:47:39 PM"}
{"level":"info","message":"$$$$$$$$$$$$$$$$$$$$$$$$","timestamp":"5:47:39 PM"}
{"meta":"","level":"info","message":"","timestamp":"5:47:39 PM"}
{"level":"info","message":"Connected to Database","timestamp":"5:47:39 PM"}
{"level":"info","message":"$$$$$$$$$$$$$$$$$$$$$$$$","timestamp":"5:53:49 PM"}
{"meta":"","level":"info","message":"","timestamp":"5:53:49 PM"}
{"level":"info","message":"Production Environment is Listening on port 3000","timestamp":"5:53:49 PM"}
{"level":"info","message":"Web URL : http://localhost:3000","timestamp":"5:53:49 PM"}
{"meta":"","level":"info","message":"","timestamp":"5:53:49 PM"}
{"level":"info","message":"$$$$$$$$$$$$$$$$$$$$$$$$","timestamp":"5:53:49 PM"}
{"meta":"","level":"info","message":"","timestamp":"5:53:49 PM"}
{"level":"info","message":"Connected to Database","timestamp":"5:53:50 PM"}
{"level":"info","message":"$$$$$$$$$$$$$$$$$$$$$$$$","timestamp":"5:55:48 PM"}
{"meta":"","level":"info","message":"","timestamp":"5:55:48 PM"}
{"level":"info","message":"Production Environment is Listening on port 3000","timestamp":"5:55:48 PM"}
{"level":"info","message":"Web URL : http://localhost:3000","timestamp":"5:55:48 PM"}
{"meta":"","level":"info","message":"","timestamp":"5:55:48 PM"}
{"level":"info","message":"$$$$$$$$$$$$$$$$$$$$$$$$","timestamp":"5:55:48 PM"}
{"meta":"","level":"info","message":"","timestamp":"5:55:48 PM"}
{"level":"info","message":"Connected to Database","timestamp":"5:55:48 PM"}
