{"level":"info","message":"doc type : PROFILE","timestamp":"10:55:59 AM"}
{"level":"info","message":"req.body.Sub_Type : undefined","timestamp":"10:56:02 AM"}
{"level":"info","message":"Sub_Type : ","timestamp":"10:56:02 AM"}
{"level":"info","message":"doc type : PROFILE","timestamp":"10:58:34 AM"}
{"level":"info","message":"req.body.Sub_Type : undefined","timestamp":"10:58:36 AM"}
{"level":"info","message":"Sub_Type : ","timestamp":"10:58:36 AM"}
{"level":"info","message":"doc type : PROFILE","timestamp":"10:59:38 AM"}
{"level":"info","message":"req.body.Sub_Type : undefined","timestamp":"10:59:40 AM"}
{"level":"info","message":"Sub_Type : ","timestamp":"10:59:40 AM"}
{"level":"info","message":"doc type : PROFILE","timestamp":"11:00:19 AM"}
{"level":"info","message":"req.body.Sub_Type : undefined","timestamp":"11:00:21 AM"}
{"level":"info","message":"Sub_Type : ","timestamp":"11:00:21 AM"}
{"level":"info","message":"doc type : PROFILE","timestamp":"11:00:58 AM"}
{"level":"info","message":"req.body.Sub_Type : undefined","timestamp":"11:01:01 AM"}
{"level":"info","message":"Sub_Type : ","timestamp":"11:01:01 AM"}
{"level":"info","message":"req.body.Sub_Type : undefined","timestamp":"11:01:32 AM"}
{"level":"info","message":"Sub_Type : ","timestamp":"11:01:32 AM"}
{"level":"info","message":"req.body.Sub_Type : undefined","timestamp":"11:02:21 AM"}
{"level":"info","message":"Sub_Type : ","timestamp":"11:02:21 AM"}
{"level":"info","message":"doc type : POSP-BANK-ACC","timestamp":"11:06:36 AM"}
{"level":"info","message":"req.body.Sub_Type : OCR","timestamp":"11:06:38 AM"}
{"level":"info","message":"Sub_Type : OCR","timestamp":"11:06:38 AM"}
{"level":"info","message":"doc type : POSP-BANK-ACC","timestamp":"11:07:29 AM"}
{"level":"info","message":"req.body.Sub_Type : ","timestamp":"11:07:31 AM"}
{"level":"info","message":"Sub_Type : ","timestamp":"11:07:31 AM"}
{"level":"info","message":"req.body.Sub_Type : undefined","timestamp":"11:07:32 AM"}
{"level":"info","message":"Sub_Type : ","timestamp":"11:07:32 AM"}
{"level":"info","message":"Initial : GIRIJ - Updated : GIRIJ","timestamp":"11:07:56 AM"}
{"level":"info","message":"Initial : KAULAR BK. - Updated : KAULAR BK","timestamp":"11:07:56 AM"}
{"level":"info","message":"Initial : KIRAVALI - Updated : KIRAVALI","timestamp":"11:07:56 AM"}
{"level":"info","message":"Initial : PATILGAON - Updated : PATILGAON","timestamp":"11:07:56 AM"}
{"level":"info","message":"Initial : SALOLI - Updated : SALOLI","timestamp":"11:07:56 AM"}
{"level":"info","message":"Initial : TARKHAD - Updated : TARKHAD","timestamp":"11:07:56 AM"}
{"level":"info","message":"Initial : VASLAI - Updated : VASLAI","timestamp":"11:07:56 AM"}
{"level":"info","message":"Initial : CHIMANE - Updated : CHIMANE","timestamp":"11:07:56 AM"}
{"level":"info","message":"Initial : KARADI - Updated : KARADI","timestamp":"11:07:56 AM"}
{"level":"info","message":"Initial : RANGAON - Updated : RANGAON","timestamp":"11:07:56 AM"}
{"level":"info","message":"Initial : BHUIGAON BK. - Updated : BHUIGAON BK","timestamp":"11:07:56 AM"}
{"level":"info","message":"Initial : BHUIGAON KH. - Updated : BHUIGAON KH","timestamp":"11:07:56 AM"}
{"level":"info","message":"Initial : VADAVALI - Updated : VADAVALI","timestamp":"11:07:56 AM"}
{"level":"info","message":"Initial : VASAI - Updated : VASAI","timestamp":"11:07:56 AM"}
{"level":"info","message":"Initial : ACTAN - Updated : ACTAN","timestamp":"11:07:56 AM"}
{"level":"info","message":"Initial : KAULAR KH. - Updated : KAULAR KH","timestamp":"11:07:56 AM"}
{"level":"info","message":"Initial : KHOCHIVADE - Updated : KHOCHIVADE","timestamp":"11:07:56 AM"}
{"level":"info","message":"Initial : MULGAON - Updated : MULGAON","timestamp":"11:07:56 AM"}
{"level":"info","message":"$$$$$$$$$$$$$$$$$$$$$$$$","timestamp":"11:36:15 AM"}
{"meta":"","level":"info","message":"","timestamp":"11:36:15 AM"}
{"level":"info","message":"Development Environment is Listening on port 3000","timestamp":"11:36:15 AM"}
{"level":"info","message":"Web URL : http://localhost:3000","timestamp":"11:36:15 AM"}
{"meta":"","level":"info","message":"","timestamp":"11:36:15 AM"}
{"level":"info","message":"$$$$$$$$$$$$$$$$$$$$$$$$","timestamp":"11:36:15 AM"}
{"meta":"","level":"info","message":"","timestamp":"11:36:15 AM"}
{"level":"info","message":"Connected to Database","timestamp":"11:36:15 AM"}
{"level":"info","message":"$$$$$$$$$$$$$$$$$$$$$$$$","timestamp":"11:58:06 AM"}
{"meta":"","level":"info","message":"","timestamp":"11:58:06 AM"}
{"level":"info","message":"Development Environment is Listening on port 3000","timestamp":"11:58:06 AM"}
{"level":"info","message":"Web URL : http://localhost:3000","timestamp":"11:58:06 AM"}
{"meta":"","level":"info","message":"","timestamp":"11:58:06 AM"}
{"level":"info","message":"$$$$$$$$$$$$$$$$$$$$$$$$","timestamp":"11:58:06 AM"}
{"meta":"","level":"info","message":"","timestamp":"11:58:06 AM"}
{"level":"info","message":"Connected to Database","timestamp":"11:58:06 AM"}
{"level":"info","message":"$$$$$$$$$$$$$$$$$$$$$$$$","timestamp":"2:58:01 PM"}
{"meta":"","level":"info","message":"","timestamp":"2:58:01 PM"}
{"level":"info","message":"Development Environment is Listening on port 3000","timestamp":"2:58:01 PM"}
{"level":"info","message":"Web URL : http://localhost:3000","timestamp":"2:58:01 PM"}
{"meta":"","level":"info","message":"","timestamp":"2:58:01 PM"}
{"level":"info","message":"$$$$$$$$$$$$$$$$$$$$$$$$","timestamp":"2:58:01 PM"}
{"meta":"","level":"info","message":"","timestamp":"2:58:01 PM"}
{"level":"info","message":"Error in Connecting to Database","timestamp":"2:58:01 PM"}
{"level":"info","message":"Error in Connecting to Database","timestamp":"2:58:01 PM"}
{"level":"info","message":"Error in Connecting to Database","timestamp":"2:58:01 PM"}
{"level":"info","message":"Error in Connecting to Database","timestamp":"2:58:01 PM"}
{"level":"info","message":"Error in Connecting to Database","timestamp":"2:58:01 PM"}
{"level":"info","message":"Error in Connecting to Database","timestamp":"2:58:01 PM"}
{"level":"info","message":"Error in Connecting to Database","timestamp":"2:58:01 PM"}
{"level":"info","message":"Error in Connecting to Database","timestamp":"2:58:01 PM"}
{"level":"info","message":"Error in Connecting to Database","timestamp":"2:58:01 PM"}
{"level":"info","message":"Error in Connecting to Database","timestamp":"2:58:01 PM"}
{"level":"info","message":"Error in Connecting to Database","timestamp":"2:58:01 PM"}
{"level":"info","message":"Error in Connecting to Database","timestamp":"2:58:01 PM"}
{"level":"info","message":"Error in Connecting to Database","timestamp":"2:58:01 PM"}
{"level":"info","message":"Error in Connecting to Database","timestamp":"2:58:01 PM"}
{"level":"info","message":"Error in Connecting to Database","timestamp":"2:58:01 PM"}
{"level":"info","message":"Error in Connecting to Database","timestamp":"2:58:01 PM"}
{"level":"info","message":"Error in Connecting to Database","timestamp":"2:58:01 PM"}
{"level":"info","message":"Error in Connecting to Database","timestamp":"2:58:01 PM"}
{"level":"info","message":"Error in Connecting to Database","timestamp":"2:58:01 PM"}
{"level":"info","message":"Error in Connecting to Database","timestamp":"2:58:01 PM"}
{"level":"info","message":"Error in Connecting to Database","timestamp":"2:58:01 PM"}
{"level":"info","message":"Error in Connecting to Database","timestamp":"2:58:02 PM"}
{"level":"info","message":"Error in Connecting to Database","timestamp":"2:58:02 PM"}
{"level":"info","message":"Error in Connecting to Database","timestamp":"2:58:02 PM"}
{"level":"info","message":"Error in Connecting to Database","timestamp":"2:58:02 PM"}
{"level":"info","message":"Error in Connecting to Database","timestamp":"2:58:02 PM"}
{"level":"info","message":"Error in Connecting to Database","timestamp":"2:58:02 PM"}
{"level":"info","message":"Error in Connecting to Database","timestamp":"2:58:02 PM"}
{"level":"info","message":"Error in Connecting to Database","timestamp":"2:58:02 PM"}
{"level":"info","message":"Error in Connecting to Database","timestamp":"2:58:02 PM"}
{"level":"info","message":"Error in Connecting to Database","timestamp":"2:58:02 PM"}
{"level":"info","message":"Error in Connecting to Database","timestamp":"2:58:02 PM"}
{"level":"info","message":"Error in Connecting to Database","timestamp":"2:58:02 PM"}
{"level":"info","message":"Error in Connecting to Database","timestamp":"2:58:02 PM"}
{"level":"info","message":"Error in Connecting to Database","timestamp":"2:58:02 PM"}
{"level":"info","message":"Error in Connecting to Database","timestamp":"2:58:02 PM"}
{"level":"info","message":"Error in Connecting to Database","timestamp":"2:58:02 PM"}
{"level":"info","message":"Error in Connecting to Database","timestamp":"2:58:02 PM"}
{"level":"info","message":"Error in Connecting to Database","timestamp":"2:58:02 PM"}
{"level":"info","message":"Error in Connecting to Database","timestamp":"2:58:02 PM"}
{"level":"info","message":"Error in Connecting to Database","timestamp":"2:58:02 PM"}
{"level":"info","message":"Error in Connecting to Database","timestamp":"2:58:02 PM"}
{"level":"info","message":"Error in Connecting to Database","timestamp":"2:58:02 PM"}
{"level":"info","message":"Error in Connecting to Database","timestamp":"2:58:02 PM"}
{"level":"info","message":"Error in Connecting to Database","timestamp":"2:58:02 PM"}
{"level":"info","message":"Error in Connecting to Database","timestamp":"2:58:02 PM"}
{"level":"info","message":"Error in Connecting to Database","timestamp":"2:58:02 PM"}
{"level":"info","message":"Error in Connecting to Database","timestamp":"2:58:02 PM"}
{"level":"info","message":"Error in Connecting to Database","timestamp":"2:58:02 PM"}
{"level":"info","message":"Error in Connecting to Database","timestamp":"2:58:02 PM"}
{"level":"info","message":"Error in Connecting to Database","timestamp":"2:58:02 PM"}
{"level":"info","message":"Error in Connecting to Database","timestamp":"2:58:02 PM"}
{"level":"info","message":"Error in Connecting to Database","timestamp":"2:58:02 PM"}
{"level":"info","message":"Error in Connecting to Database","timestamp":"2:58:02 PM"}
{"level":"info","message":"Error in Connecting to Database","timestamp":"2:58:02 PM"}
{"level":"info","message":"Error in Connecting to Database","timestamp":"2:58:02 PM"}
{"level":"info","message":"Error in Connecting to Database","timestamp":"2:58:02 PM"}
{"level":"info","message":"Error in Connecting to Database","timestamp":"2:58:02 PM"}
{"level":"info","message":"Error in Connecting to Database","timestamp":"2:58:02 PM"}
{"level":"info","message":"Error in Connecting to Database","timestamp":"2:58:02 PM"}
{"level":"info","message":"Error in Connecting to Database","timestamp":"2:58:02 PM"}
{"level":"info","message":"Error in Connecting to Database","timestamp":"2:58:02 PM"}
{"level":"info","message":"Error in Connecting to Database","timestamp":"2:58:02 PM"}
{"level":"info","message":"$$$$$$$$$$$$$$$$$$$$$$$$","timestamp":"2:58:22 PM"}
{"meta":"","level":"info","message":"","timestamp":"2:58:22 PM"}
{"level":"info","message":"Development Environment is Listening on port 3000","timestamp":"2:58:22 PM"}
{"level":"info","message":"Web URL : http://localhost:3000","timestamp":"2:58:22 PM"}
{"meta":"","level":"info","message":"","timestamp":"2:58:22 PM"}
{"level":"info","message":"$$$$$$$$$$$$$$$$$$$$$$$$","timestamp":"2:58:22 PM"}
{"meta":"","level":"info","message":"","timestamp":"2:58:22 PM"}
{"level":"info","message":"Error in Connecting to Database","timestamp":"2:58:22 PM"}
{"level":"info","message":"Error in Connecting to Database","timestamp":"2:58:22 PM"}
{"level":"info","message":"Error in Connecting to Database","timestamp":"2:58:22 PM"}
{"level":"info","message":"Error in Connecting to Database","timestamp":"2:58:22 PM"}
{"level":"info","message":"Error in Connecting to Database","timestamp":"2:58:22 PM"}
{"level":"info","message":"Error in Connecting to Database","timestamp":"2:58:22 PM"}
{"level":"info","message":"Error in Connecting to Database","timestamp":"2:58:22 PM"}
{"level":"info","message":"Error in Connecting to Database","timestamp":"2:58:22 PM"}
{"level":"info","message":"Error in Connecting to Database","timestamp":"2:58:22 PM"}
{"level":"info","message":"Error in Connecting to Database","timestamp":"2:58:22 PM"}
{"level":"info","message":"Error in Connecting to Database","timestamp":"2:58:22 PM"}
{"level":"info","message":"Error in Connecting to Database","timestamp":"2:58:22 PM"}
{"level":"info","message":"Error in Connecting to Database","timestamp":"2:58:22 PM"}
{"level":"info","message":"Error in Connecting to Database","timestamp":"2:58:22 PM"}
{"level":"info","message":"Error in Connecting to Database","timestamp":"2:58:22 PM"}
{"level":"info","message":"Error in Connecting to Database","timestamp":"2:58:22 PM"}
{"level":"info","message":"Error in Connecting to Database","timestamp":"2:58:22 PM"}
{"level":"info","message":"Error in Connecting to Database","timestamp":"2:58:22 PM"}
{"level":"info","message":"Error in Connecting to Database","timestamp":"2:58:22 PM"}
{"level":"info","message":"Error in Connecting to Database","timestamp":"2:58:22 PM"}
{"level":"info","message":"Error in Connecting to Database","timestamp":"2:58:22 PM"}
{"level":"info","message":"Error in Connecting to Database","timestamp":"2:58:22 PM"}
{"level":"info","message":"Error in Connecting to Database","timestamp":"2:58:22 PM"}
{"level":"info","message":"Error in Connecting to Database","timestamp":"2:58:22 PM"}
{"level":"info","message":"Error in Connecting to Database","timestamp":"2:58:22 PM"}
{"level":"info","message":"Error in Connecting to Database","timestamp":"2:58:22 PM"}
{"level":"info","message":"Error in Connecting to Database","timestamp":"2:58:22 PM"}
{"level":"info","message":"Error in Connecting to Database","timestamp":"2:58:22 PM"}
{"level":"info","message":"Error in Connecting to Database","timestamp":"2:58:22 PM"}
{"level":"info","message":"Error in Connecting to Database","timestamp":"2:58:22 PM"}
{"level":"info","message":"Error in Connecting to Database","timestamp":"2:58:22 PM"}
{"level":"info","message":"Error in Connecting to Database","timestamp":"2:58:22 PM"}
{"level":"info","message":"Error in Connecting to Database","timestamp":"2:58:22 PM"}
{"level":"info","message":"Error in Connecting to Database","timestamp":"2:58:22 PM"}
{"level":"info","message":"Error in Connecting to Database","timestamp":"2:58:22 PM"}
{"level":"info","message":"Error in Connecting to Database","timestamp":"2:58:22 PM"}
{"level":"info","message":"Error in Connecting to Database","timestamp":"2:58:22 PM"}
{"level":"info","message":"Error in Connecting to Database","timestamp":"2:58:22 PM"}
{"level":"info","message":"Error in Connecting to Database","timestamp":"2:58:22 PM"}
{"level":"info","message":"Error in Connecting to Database","timestamp":"2:58:22 PM"}
{"level":"info","message":"Error in Connecting to Database","timestamp":"2:58:22 PM"}
{"level":"info","message":"Error in Connecting to Database","timestamp":"2:58:22 PM"}
{"level":"info","message":"Error in Connecting to Database","timestamp":"2:58:22 PM"}
{"level":"info","message":"Error in Connecting to Database","timestamp":"2:58:22 PM"}
{"level":"info","message":"Error in Connecting to Database","timestamp":"2:58:22 PM"}
{"level":"info","message":"Error in Connecting to Database","timestamp":"2:58:22 PM"}
{"level":"info","message":"Error in Connecting to Database","timestamp":"2:58:22 PM"}
{"level":"info","message":"Error in Connecting to Database","timestamp":"2:58:22 PM"}
{"level":"info","message":"Error in Connecting to Database","timestamp":"2:58:22 PM"}
{"level":"info","message":"Error in Connecting to Database","timestamp":"2:58:22 PM"}
{"level":"info","message":"Error in Connecting to Database","timestamp":"2:58:23 PM"}
{"level":"info","message":"Error in Connecting to Database","timestamp":"2:58:23 PM"}
{"level":"info","message":"Error in Connecting to Database","timestamp":"2:58:23 PM"}
{"level":"info","message":"Error in Connecting to Database","timestamp":"2:58:23 PM"}
{"level":"info","message":"Error in Connecting to Database","timestamp":"2:58:23 PM"}
{"level":"info","message":"Error in Connecting to Database","timestamp":"2:58:23 PM"}
{"level":"info","message":"Error in Connecting to Database","timestamp":"2:58:23 PM"}
{"level":"info","message":"Error in Connecting to Database","timestamp":"2:58:23 PM"}
{"level":"info","message":"Error in Connecting to Database","timestamp":"2:58:23 PM"}
{"level":"info","message":"Error in Connecting to Database","timestamp":"2:58:23 PM"}
{"level":"info","message":"Error in Connecting to Database","timestamp":"2:58:23 PM"}
{"level":"info","message":"Error in Connecting to Database","timestamp":"2:58:23 PM"}
{"level":"info","message":"Error in Connecting to Database","timestamp":"2:58:23 PM"}
{"level":"info","message":"$$$$$$$$$$$$$$$$$$$$$$$$","timestamp":"2:59:58 PM"}
{"meta":"","level":"info","message":"","timestamp":"2:59:58 PM"}
{"level":"info","message":"Development Environment is Listening on port 3000","timestamp":"2:59:58 PM"}
{"level":"info","message":"Web URL : http://localhost:3000","timestamp":"2:59:58 PM"}
{"meta":"","level":"info","message":"","timestamp":"2:59:58 PM"}
{"level":"info","message":"$$$$$$$$$$$$$$$$$$$$$$$$","timestamp":"2:59:58 PM"}
{"meta":"","level":"info","message":"","timestamp":"2:59:58 PM"}
{"level":"info","message":"Connected to Database","timestamp":"2:59:58 PM"}
{"level":"info","message":"$$$$$$$$$$$$$$$$$$$$$$$$","timestamp":"5:59:14 PM"}
{"meta":"","level":"info","message":"","timestamp":"5:59:14 PM"}
{"level":"info","message":"Development Environment is Listening on port 3000","timestamp":"5:59:14 PM"}
{"level":"info","message":"Web URL : http://localhost:3000","timestamp":"5:59:14 PM"}
{"meta":"","level":"info","message":"","timestamp":"5:59:14 PM"}
{"level":"info","message":"$$$$$$$$$$$$$$$$$$$$$$$$","timestamp":"5:59:14 PM"}
{"meta":"","level":"info","message":"","timestamp":"5:59:14 PM"}
{"level":"info","message":"Connected to Database","timestamp":"5:59:15 PM"}
