{"level":"info","message":"$$$$$$$$$$$$$$$$$$$$$$$$","timestamp":"9:37:57 AM"}
{"meta":"","level":"info","message":"","timestamp":"9:37:57 AM"}
{"level":"info","message":"Production Environment is Listening on port 3000","timestamp":"9:37:57 AM"}
{"level":"info","message":"Web URL : http://localhost:3000","timestamp":"9:37:57 AM"}
{"meta":"","level":"info","message":"","timestamp":"9:37:57 AM"}
{"level":"info","message":"$$$$$$$$$$$$$$$$$$$$$$$$","timestamp":"9:37:57 AM"}
{"meta":"","level":"info","message":"","timestamp":"9:37:57 AM"}
{"level":"info","message":"DateRange from 2024-04-10T18:30:00.000Z to 2024-04-11T18:30:00.000Z","timestamp":"9:40:21 AM"}
{"level":"info","message":"$$$$$$$$$$$$$$$$$$$$$$$$","timestamp":"9:48:48 AM"}
{"meta":"","level":"info","message":"","timestamp":"9:48:48 AM"}
{"level":"info","message":"Production Environment is Listening on port 3000","timestamp":"9:48:48 AM"}
{"level":"info","message":"Web URL : http://localhost:3000","timestamp":"9:48:48 AM"}
{"meta":"","level":"info","message":"","timestamp":"9:48:48 AM"}
{"level":"info","message":"$$$$$$$$$$$$$$$$$$$$$$$$","timestamp":"9:48:48 AM"}
{"meta":"","level":"info","message":"","timestamp":"9:48:48 AM"}
{"level":"info","message":"DateRange from 2024-04-10T18:30:00.000Z to 2024-04-11T18:30:00.000Z","timestamp":"9:49:53 AM"}
{"level":"info","message":"$$$$$$$$$$$$$$$$$$$$$$$$","timestamp":"9:50:49 AM"}
{"meta":"","level":"info","message":"","timestamp":"9:50:49 AM"}
{"level":"info","message":"Production Environment is Listening on port 3000","timestamp":"9:50:49 AM"}
{"level":"info","message":"Web URL : http://localhost:3000","timestamp":"9:50:49 AM"}
{"meta":"","level":"info","message":"","timestamp":"9:50:49 AM"}
{"level":"info","message":"$$$$$$$$$$$$$$$$$$$$$$$$","timestamp":"9:50:49 AM"}
{"meta":"","level":"info","message":"","timestamp":"9:50:49 AM"}
{"level":"info","message":"DateRange from 2024-04-10T18:30:00.000Z to 2024-04-11T18:30:00.000Z","timestamp":"9:50:55 AM"}
{"level":"info","message":"$$$$$$$$$$$$$$$$$$$$$$$$","timestamp":"10:41:30 AM"}
{"meta":"","level":"info","message":"","timestamp":"10:41:30 AM"}
{"level":"info","message":"Production Environment is Listening on port 3000","timestamp":"10:41:30 AM"}
{"level":"info","message":"Web URL : http://localhost:3000","timestamp":"10:41:30 AM"}
{"meta":"","level":"info","message":"","timestamp":"10:41:30 AM"}
{"level":"info","message":"$$$$$$$$$$$$$$$$$$$$$$$$","timestamp":"10:41:30 AM"}
{"meta":"","level":"info","message":"","timestamp":"10:41:30 AM"}
{"level":"info","message":"$$$$$$$$$$$$$$$$$$$$$$$$","timestamp":"11:54:06 AM"}
{"meta":"","level":"info","message":"","timestamp":"11:54:06 AM"}
{"level":"info","message":"Production Environment is Listening on port 3000","timestamp":"11:54:06 AM"}
{"level":"info","message":"Web URL : http://localhost:3000","timestamp":"11:54:06 AM"}
{"meta":"","level":"info","message":"","timestamp":"11:54:06 AM"}
{"level":"info","message":"$$$$$$$$$$$$$$$$$$$$$$$$","timestamp":"11:54:06 AM"}
{"meta":"","level":"info","message":"","timestamp":"11:54:06 AM"}
{"level":"info","message":"DateRange from 2024-04-10T18:30:00.000Z to 2024-04-11T18:30:00.000Z","timestamp":"2:51:35 PM"}
{"level":"info","message":"DateRange from 2024-04-10T18:30:00.000Z to 2024-04-11T18:30:00.000Z","timestamp":"2:52:17 PM"}
{"level":"info","message":"DateRange from 2024-04-10T18:30:00.000Z to 2024-04-11T18:30:00.000Z","timestamp":"3:00:46 PM"}
{"level":"info","message":"DateRange from 2024-04-10T18:30:00.000Z to 2024-04-11T18:30:00.000Z","timestamp":"3:01:27 PM"}
{"level":"info","message":"DateRange from 2024-04-10T18:30:00.000Z to 2024-04-11T18:30:00.000Z","timestamp":"3:01:52 PM"}
{"level":"info","message":"DateRange from 2024-04-10T18:30:00.000Z to 2024-04-11T18:30:00.000Z","timestamp":"3:03:04 PM"}
{"level":"info","message":"DateRange from 2024-04-10T18:30:00.000Z to 2024-04-11T18:30:00.000Z","timestamp":"3:03:47 PM"}
{"level":"info","message":"DateRange from 2024-04-10T18:30:00.000Z to 2024-04-11T18:30:00.000Z","timestamp":"3:05:34 PM"}
{"level":"info","message":"DateRange from 2024-04-10T18:30:00.000Z to 2024-04-11T18:30:00.000Z","timestamp":"3:07:32 PM"}
{"level":"info","message":"DateRange from 2024-04-10T18:30:00.000Z to 2024-04-11T18:30:00.000Z","timestamp":"3:08:50 PM"}
{"level":"info","message":"DateRange from 2024-04-10T18:30:00.000Z to 2024-04-11T18:30:00.000Z","timestamp":"3:26:06 PM"}
{"level":"info","message":"DateRange from 2024-04-10T18:30:00.000Z to 2024-04-11T18:30:00.000Z","timestamp":"3:26:21 PM"}
{"level":"info","message":"DateRange from 2024-04-10T18:30:00.000Z to 2024-04-11T18:30:00.000Z","timestamp":"3:26:51 PM"}
{"level":"info","message":"DateRange from 2024-04-10T18:30:00.000Z to 2024-04-11T18:30:00.000Z","timestamp":"3:28:33 PM"}
{"level":"info","message":"DateRange from 2024-04-10T18:30:00.000Z to 2024-04-11T18:30:00.000Z","timestamp":"3:29:52 PM"}
{"level":"info","message":"DateRange from 2024-04-10T18:30:00.000Z to 2024-04-11T18:30:00.000Z","timestamp":"3:30:02 PM"}
{"level":"info","message":"DateRange from 2024-04-10T18:30:00.000Z to 2024-04-11T18:30:00.000Z","timestamp":"3:31:00 PM"}
{"level":"info","message":"DateRange from 2024-04-10T18:30:00.000Z to 2024-04-11T18:30:00.000Z","timestamp":"3:31:18 PM"}
{"level":"info","message":"DateRange from 2024-04-10T18:30:00.000Z to 2024-04-11T18:30:00.000Z","timestamp":"3:35:59 PM"}
{"level":"info","message":"DateRange from 2024-04-10T18:30:00.000Z to 2024-04-11T18:30:00.000Z","timestamp":"3:37:54 PM"}
{"level":"info","message":"DateRange from 2024-04-10T18:30:00.000Z to 2024-04-11T18:30:00.000Z","timestamp":"3:39:18 PM"}
{"level":"info","message":"DateRange from 2024-04-10T18:30:00.000Z to 2024-04-11T18:30:00.000Z","timestamp":"3:39:27 PM"}
{"level":"info","message":"DateRange from 2024-04-10T18:30:00.000Z to 2024-04-11T18:30:00.000Z","timestamp":"3:40:25 PM"}
{"level":"info","message":"DateRange from 2024-04-10T18:30:00.000Z to 2024-04-11T18:30:00.000Z","timestamp":"3:41:00 PM"}
{"level":"info","message":"DateRange from 2024-04-10T18:30:00.000Z to 2024-04-11T18:30:00.000Z","timestamp":"3:46:57 PM"}
{"level":"info","message":"DateRange from 2024-04-10T18:30:00.000Z to 2024-04-11T18:30:00.000Z","timestamp":"3:47:54 PM"}
{"level":"info","message":"DateRange from 2024-04-10T18:30:00.000Z to 2024-04-11T18:30:00.000Z","timestamp":"3:54:34 PM"}
{"level":"info","message":"DateRange from 2024-04-10T18:30:00.000Z to 2024-04-11T18:30:00.000Z","timestamp":"3:56:11 PM"}
{"level":"info","message":"DateRange from 2024-04-10T18:30:00.000Z to 2024-04-11T18:30:00.000Z","timestamp":"3:56:53 PM"}
{"level":"info","message":"DateRange from 2024-04-10T18:30:00.000Z to 2024-04-11T18:30:00.000Z","timestamp":"3:57:05 PM"}
{"level":"info","message":"DateRange from 2024-04-10T18:30:00.000Z to 2024-04-11T18:30:00.000Z","timestamp":"3:58:01 PM"}
{"level":"info","message":"DateRange from 2024-04-10T18:30:00.000Z to 2024-04-11T18:30:00.000Z","timestamp":"3:59:36 PM"}
{"level":"info","message":"DateRange from 2024-04-10T18:30:00.000Z to 2024-04-11T18:30:00.000Z","timestamp":"4:24:57 PM"}
{"level":"info","message":"DateRange from 2024-04-10T18:30:00.000Z to 2024-04-11T18:30:00.000Z","timestamp":"4:40:02 PM"}
{"level":"info","message":"DateRange from 2024-04-10T18:30:00.000Z to 2024-04-11T18:30:00.000Z","timestamp":"4:42:24 PM"}
{"level":"info","message":"$$$$$$$$$$$$$$$$$$$$$$$$","timestamp":"4:47:00 PM"}
{"meta":"","level":"info","message":"","timestamp":"4:47:00 PM"}
{"level":"info","message":"Production Environment is Listening on port 3000","timestamp":"4:47:00 PM"}
{"level":"info","message":"Web URL : http://localhost:3000","timestamp":"4:47:00 PM"}
{"meta":"","level":"info","message":"","timestamp":"4:47:00 PM"}
{"level":"info","message":"$$$$$$$$$$$$$$$$$$$$$$$$","timestamp":"4:47:00 PM"}
{"meta":"","level":"info","message":"","timestamp":"4:47:00 PM"}
{"level":"info","message":"$$$$$$$$$$$$$$$$$$$$$$$$","timestamp":"4:51:02 PM"}
{"meta":"","level":"info","message":"","timestamp":"4:51:02 PM"}
{"level":"info","message":"Production Environment is Listening on port 3000","timestamp":"4:51:02 PM"}
{"level":"info","message":"Web URL : http://localhost:3000","timestamp":"4:51:02 PM"}
{"meta":"","level":"info","message":"","timestamp":"4:51:02 PM"}
{"level":"info","message":"$$$$$$$$$$$$$$$$$$$$$$$$","timestamp":"4:51:02 PM"}
{"meta":"","level":"info","message":"","timestamp":"4:51:02 PM"}
{"level":"info","message":"DateRange from 2024-04-10T18:30:00.000Z to 2024-04-11T18:30:00.000Z","timestamp":"4:51:18 PM"}
{"level":"info","message":"DateRange from 2024-04-10T18:30:00.000Z to 2024-04-11T18:30:00.000Z","timestamp":"4:51:48 PM"}
{"level":"info","message":"$$$$$$$$$$$$$$$$$$$$$$$$","timestamp":"4:52:33 PM"}
{"meta":"","level":"info","message":"","timestamp":"4:52:33 PM"}
{"level":"info","message":"Production Environment is Listening on port 3000","timestamp":"4:52:33 PM"}
{"level":"info","message":"Web URL : http://localhost:3000","timestamp":"4:52:33 PM"}
{"meta":"","level":"info","message":"","timestamp":"4:52:33 PM"}
{"level":"info","message":"$$$$$$$$$$$$$$$$$$$$$$$$","timestamp":"4:52:33 PM"}
{"meta":"","level":"info","message":"","timestamp":"4:52:33 PM"}
{"level":"info","message":"DateRange from 2024-04-10T18:30:00.000Z to 2024-04-11T18:30:00.000Z","timestamp":"4:52:43 PM"}
{"level":"info","message":"DateRange from 2024-04-10T18:30:00.000Z to 2024-04-11T18:30:00.000Z","timestamp":"5:29:46 PM"}
{"level":"info","message":"DateRange from 2024-04-10T18:30:00.000Z to 2024-04-11T18:30:00.000Z","timestamp":"5:29:47 PM"}
{"level":"info","message":"DateRange from 2024-04-10T18:30:00.000Z to 2024-04-11T18:30:00.000Z","timestamp":"5:34:00 PM"}
{"level":"info","message":"DateRange from 2024-04-10T18:30:00.000Z to 2024-04-11T18:30:00.000Z","timestamp":"5:34:41 PM"}
{"level":"info","message":"DateRange from 2024-04-10T18:30:00.000Z to 2024-04-11T18:30:00.000Z","timestamp":"5:35:15 PM"}
{"level":"info","message":"$$$$$$$$$$$$$$$$$$$$$$$$","timestamp":"6:24:15 PM"}
{"meta":"","level":"info","message":"","timestamp":"6:24:15 PM"}
{"level":"info","message":"Production Environment is Listening on port 3000","timestamp":"6:24:15 PM"}
{"level":"info","message":"Web URL : http://localhost:3000","timestamp":"6:24:15 PM"}
{"meta":"","level":"info","message":"","timestamp":"6:24:15 PM"}
{"level":"info","message":"$$$$$$$$$$$$$$$$$$$$$$$$","timestamp":"6:24:15 PM"}
{"meta":"","level":"info","message":"","timestamp":"6:24:15 PM"}
{"level":"info","message":"DateRange from 2024-04-10T18:30:00.000Z to 2024-04-11T18:30:00.000Z","timestamp":"6:24:23 PM"}
{"level":"info","message":"DateRange from 2024-04-10T18:30:00.000Z to 2024-04-11T18:30:00.000Z","timestamp":"6:24:51 PM"}
{"level":"info","message":"DateRange from 2024-04-10T18:30:00.000Z to 2024-04-11T18:30:00.000Z","timestamp":"6:24:58 PM"}
{"level":"info","message":"DateRange from 2024-04-10T18:30:00.000Z to 2024-04-11T18:30:00.000Z","timestamp":"6:28:31 PM"}
{"level":"info","message":"DateRange from 2024-04-10T18:30:00.000Z to 2024-04-11T18:30:00.000Z","timestamp":"6:28:39 PM"}
