{"level":"info","message":"$$$$$$$$$$$$$$$$$$$$$$$$","timestamp":"10:03:43 AM"}
{"meta":"","level":"info","message":"","timestamp":"10:03:43 AM"}
{"level":"info","message":"Development Environment is Listening on port 3000","timestamp":"10:03:43 AM"}
{"level":"info","message":"Web URL : http://localhost:3000","timestamp":"10:03:43 AM"}
{"meta":"","level":"info","message":"","timestamp":"10:03:43 AM"}
{"level":"info","message":"$$$$$$$$$$$$$$$$$$$$$$$$","timestamp":"10:03:43 AM"}
{"meta":"","level":"info","message":"","timestamp":"10:03:43 AM"}
{"level":"info","message":"$$$$$$$$$$$$$$$$$$$$$$$$","timestamp":"10:13:33 AM"}
{"meta":"","level":"info","message":"","timestamp":"10:13:33 AM"}
{"level":"info","message":"Development Environment is Listening on port 3000","timestamp":"10:13:33 AM"}
{"level":"info","message":"Web URL : http://localhost:3000","timestamp":"10:13:33 AM"}
{"meta":"","level":"info","message":"","timestamp":"10:13:33 AM"}
{"level":"info","message":"$$$$$$$$$$$$$$$$$$$$$$$$","timestamp":"10:13:33 AM"}
{"meta":"","level":"info","message":"","timestamp":"10:13:33 AM"}
{"level":"info","message":"$$$$$$$$$$$$$$$$$$$$$$$$","timestamp":"10:28:15 AM"}
{"meta":"","level":"info","message":"","timestamp":"10:28:15 AM"}
{"level":"info","message":"Development Environment is Listening on port 3000","timestamp":"10:28:15 AM"}
{"level":"info","message":"Web URL : http://localhost:3000","timestamp":"10:28:15 AM"}
{"meta":"","level":"info","message":"","timestamp":"10:28:15 AM"}
{"level":"info","message":"$$$$$$$$$$$$$$$$$$$$$$$$","timestamp":"10:28:15 AM"}
{"meta":"","level":"info","message":"","timestamp":"10:28:15 AM"}
{"level":"info","message":"$$$$$$$$$$$$$$$$$$$$$$$$","timestamp":"10:34:24 AM"}
{"meta":"","level":"info","message":"","timestamp":"10:34:24 AM"}
{"level":"info","message":"Development Environment is Listening on port 3000","timestamp":"10:34:24 AM"}
{"level":"info","message":"Web URL : http://localhost:3000","timestamp":"10:34:24 AM"}
{"meta":"","level":"info","message":"","timestamp":"10:34:24 AM"}
{"level":"info","message":"$$$$$$$$$$$$$$$$$$$$$$$$","timestamp":"10:34:24 AM"}
{"meta":"","level":"info","message":"","timestamp":"10:34:24 AM"}
{"level":"info","message":"$$$$$$$$$$$$$$$$$$$$$$$$","timestamp":"2:48:06 PM"}
{"meta":"","level":"info","message":"","timestamp":"2:48:06 PM"}
{"level":"info","message":"Development Environment is Listening on port 3000","timestamp":"2:48:06 PM"}
{"level":"info","message":"Web URL : http://localhost:3000","timestamp":"2:48:06 PM"}
{"meta":"","level":"info","message":"","timestamp":"2:48:06 PM"}
{"level":"info","message":"$$$$$$$$$$$$$$$$$$$$$$$$","timestamp":"2:48:06 PM"}
{"meta":"","level":"info","message":"","timestamp":"2:48:06 PM"}
{"level":"info","message":"$$$$$$$$$$$$$$$$$$$$$$$$","timestamp":"2:49:37 PM"}
{"meta":"","level":"info","message":"","timestamp":"2:49:37 PM"}
{"level":"info","message":"Development Environment is Listening on port 3000","timestamp":"2:49:37 PM"}
{"level":"info","message":"Web URL : http://localhost:3000","timestamp":"2:49:37 PM"}
{"meta":"","level":"info","message":"","timestamp":"2:49:37 PM"}
{"level":"info","message":"$$$$$$$$$$$$$$$$$$$$$$$$","timestamp":"2:49:37 PM"}
{"meta":"","level":"info","message":"","timestamp":"2:49:37 PM"}
