{"level":"info","message":"$$$$$$$$$$$$$$$$$$$$$$$$","timestamp":"11:19:23 AM"}
{"meta":"","level":"info","message":"","timestamp":"11:19:23 AM"}
{"level":"info","message":"Production Environment is Listening on port 3000","timestamp":"11:19:23 AM"}
{"level":"info","message":"Web URL : http://localhost:3000","timestamp":"11:19:23 AM"}
{"meta":"","level":"info","message":"","timestamp":"11:19:23 AM"}
{"level":"info","message":"$$$$$$$$$$$$$$$$$$$$$$$$","timestamp":"11:19:23 AM"}
{"meta":"","level":"info","message":"","timestamp":"11:19:23 AM"}
{"level":"info","message":"emp_data : ","timestamp":"12:04:28 PM"}
{"level":"info","message":"emp_data : ","timestamp":"12:04:28 PM"}
{"level":"info","message":"emp_data : ","timestamp":"12:04:29 PM"}
{"level":"info","message":"emp_data : ","timestamp":"12:04:29 PM"}
{"level":"info","message":"emp_data : ","timestamp":"12:05:17 PM"}
{"level":"info","message":"emp_data : ","timestamp":"12:05:17 PM"}
{"level":"info","message":"emp_data : ","timestamp":"12:05:18 PM"}
{"level":"info","message":"emp_data : ","timestamp":"12:05:18 PM"}
{"level":"info","message":"emp_data : ","timestamp":"12:05:54 PM"}
{"level":"info","message":"emp_data : ","timestamp":"12:05:54 PM"}
{"level":"info","message":"emp_data : ","timestamp":"12:05:54 PM"}
{"level":"info","message":"emp_data : ","timestamp":"12:05:54 PM"}
{"level":"info","message":"emp_data : ","timestamp":"12:07:01 PM"}
{"level":"info","message":"emp_data : ","timestamp":"12:07:02 PM"}
{"level":"info","message":"emp_data : ","timestamp":"12:07:02 PM"}
{"level":"info","message":"emp_data : ","timestamp":"12:07:03 PM"}
{"level":"info","message":"emp_data : ","timestamp":"12:11:57 PM"}
{"level":"info","message":"emp_data : ","timestamp":"12:11:58 PM"}
{"level":"info","message":"emp_data : ","timestamp":"12:11:58 PM"}
{"level":"info","message":"emp_data : ","timestamp":"12:11:59 PM"}
{"level":"info","message":"emp_data : ","timestamp":"12:12:15 PM"}
{"level":"info","message":"emp_data : ","timestamp":"12:12:16 PM"}
{"level":"info","message":"emp_data : ","timestamp":"12:12:16 PM"}
{"level":"info","message":"emp_data : ","timestamp":"12:12:17 PM"}
{"level":"info","message":"emp_data : ","timestamp":"12:18:24 PM"}
{"level":"info","message":"emp_data : ","timestamp":"12:18:25 PM"}
{"level":"info","message":"emp_data : ","timestamp":"12:18:25 PM"}
{"level":"info","message":"emp_data : ","timestamp":"12:18:26 PM"}
{"level":"info","message":"emp_data : ","timestamp":"12:20:43 PM"}
{"level":"info","message":"emp_data : ","timestamp":"12:20:43 PM"}
{"level":"info","message":"emp_data : ","timestamp":"12:20:44 PM"}
{"level":"info","message":"emp_data : ","timestamp":"12:20:44 PM"}
{"level":"info","message":"emp_data : ","timestamp":"12:27:01 PM"}
{"level":"info","message":"emp_data : ","timestamp":"12:27:01 PM"}
{"level":"info","message":"emp_data : ","timestamp":"12:27:02 PM"}
{"level":"info","message":"emp_data : ","timestamp":"12:27:02 PM"}
{"level":"info","message":"emp_data : ","timestamp":"12:29:38 PM"}
{"level":"info","message":"emp_data : ","timestamp":"12:29:39 PM"}
{"level":"info","message":"emp_data : ","timestamp":"12:29:39 PM"}
{"level":"info","message":"emp_data : ","timestamp":"12:29:40 PM"}
{"level":"info","message":"emp_data : ","timestamp":"12:32:38 PM"}
{"level":"info","message":"emp_data : ","timestamp":"12:32:38 PM"}
{"level":"info","message":"emp_data : ","timestamp":"12:32:39 PM"}
{"level":"info","message":"emp_data : ","timestamp":"12:32:39 PM"}
{"level":"info","message":"emp_data : ","timestamp":"12:34:18 PM"}
{"level":"info","message":"emp_data : ","timestamp":"12:34:18 PM"}
{"level":"info","message":"emp_data : ","timestamp":"12:34:19 PM"}
{"level":"info","message":"emp_data : ","timestamp":"12:34:19 PM"}
{"level":"info","message":"emp_data : ","timestamp":"12:35:49 PM"}
{"level":"info","message":"emp_data : ","timestamp":"12:35:49 PM"}
{"level":"info","message":"emp_data : ","timestamp":"12:35:50 PM"}
{"level":"info","message":"emp_data : ","timestamp":"12:35:50 PM"}
{"level":"info","message":"emp_data : ","timestamp":"12:40:55 PM"}
{"level":"info","message":"emp_data : ","timestamp":"12:40:56 PM"}
{"level":"info","message":"emp_data : ","timestamp":"12:40:56 PM"}
{"level":"info","message":"emp_data : ","timestamp":"12:40:57 PM"}
{"level":"info","message":"emp_data : ","timestamp":"12:42:47 PM"}
{"level":"info","message":"emp_data : ","timestamp":"12:42:47 PM"}
{"level":"info","message":"emp_data : ","timestamp":"12:42:48 PM"}
{"level":"info","message":"emp_data : ","timestamp":"12:42:48 PM"}
{"level":"info","message":"emp_data : ","timestamp":"1:23:40 PM"}
{"level":"info","message":"emp_data : ","timestamp":"1:23:40 PM"}
{"level":"info","message":"emp_data : ","timestamp":"1:23:41 PM"}
{"level":"info","message":"emp_data : ","timestamp":"1:23:41 PM"}
{"level":"info","message":"emp_data : ","timestamp":"1:27:29 PM"}
{"level":"info","message":"emp_data : ","timestamp":"1:27:30 PM"}
{"level":"info","message":"emp_data : ","timestamp":"1:27:30 PM"}
{"level":"info","message":"emp_data : ","timestamp":"1:27:31 PM"}
{"level":"info","message":"emp_data : ","timestamp":"1:27:37 PM"}
{"level":"info","message":"emp_data : ","timestamp":"1:27:38 PM"}
{"level":"info","message":"emp_data : ","timestamp":"1:27:39 PM"}
{"level":"info","message":"emp_data : ","timestamp":"1:27:40 PM"}
{"level":"info","message":"emp_data : ","timestamp":"1:45:22 PM"}
{"level":"info","message":"emp_data : ","timestamp":"1:45:22 PM"}
{"level":"info","message":"emp_data : ","timestamp":"1:45:23 PM"}
{"level":"info","message":"emp_data : ","timestamp":"1:45:23 PM"}
{"level":"info","message":"emp_data : ","timestamp":"1:47:25 PM"}
{"level":"info","message":"emp_data : ","timestamp":"1:47:26 PM"}
{"level":"info","message":"emp_data : ","timestamp":"1:47:26 PM"}
{"level":"info","message":"emp_data : ","timestamp":"1:47:27 PM"}
{"level":"info","message":"emp_data : ","timestamp":"1:51:25 PM"}
{"level":"info","message":"emp_data : ","timestamp":"1:51:26 PM"}
{"level":"info","message":"emp_data : ","timestamp":"1:51:26 PM"}
{"level":"info","message":"emp_data : ","timestamp":"1:51:27 PM"}
{"level":"info","message":"emp_data : ","timestamp":"1:54:29 PM"}
{"level":"info","message":"emp_data : ","timestamp":"1:54:29 PM"}
{"level":"info","message":"emp_data : ","timestamp":"1:54:30 PM"}
{"level":"info","message":"emp_data : ","timestamp":"1:54:31 PM"}
{"level":"info","message":"emp_data : ","timestamp":"1:57:18 PM"}
{"level":"info","message":"emp_data : ","timestamp":"1:57:19 PM"}
{"level":"info","message":"emp_data : ","timestamp":"1:57:19 PM"}
{"level":"info","message":"emp_data : ","timestamp":"1:57:20 PM"}
{"level":"info","message":"emp_data : ","timestamp":"1:59:56 PM"}
{"level":"info","message":"emp_data : ","timestamp":"1:59:57 PM"}
{"level":"info","message":"emp_data : ","timestamp":"1:59:57 PM"}
{"level":"info","message":"emp_data : ","timestamp":"1:59:58 PM"}
{"level":"info","message":"emp_data : ","timestamp":"2:01:51 PM"}
{"level":"info","message":"emp_data : ","timestamp":"2:01:52 PM"}
{"level":"info","message":"emp_data : ","timestamp":"2:01:52 PM"}
{"level":"info","message":"emp_data : ","timestamp":"2:01:53 PM"}
{"level":"info","message":"emp_data : ","timestamp":"2:02:50 PM"}
{"level":"info","message":"emp_data : ","timestamp":"2:02:51 PM"}
{"level":"info","message":"emp_data : ","timestamp":"2:02:51 PM"}
{"level":"info","message":"emp_data : ","timestamp":"2:02:52 PM"}
{"level":"info","message":"emp_data : ","timestamp":"2:03:43 PM"}
{"level":"info","message":"emp_data : ","timestamp":"2:03:44 PM"}
{"level":"info","message":"emp_data : ","timestamp":"2:03:44 PM"}
{"level":"info","message":"emp_data : ","timestamp":"2:03:45 PM"}
{"level":"info","message":"emp_data : ","timestamp":"2:04:04 PM"}
{"level":"info","message":"emp_data : ","timestamp":"2:04:04 PM"}
{"level":"info","message":"emp_data : ","timestamp":"2:04:05 PM"}
{"level":"info","message":"emp_data : ","timestamp":"2:04:05 PM"}
{"level":"info","message":"emp_data : ","timestamp":"2:05:55 PM"}
{"level":"info","message":"emp_data : ","timestamp":"2:05:56 PM"}
{"level":"info","message":"emp_data : ","timestamp":"2:05:56 PM"}
{"level":"info","message":"emp_data : ","timestamp":"2:05:57 PM"}
{"level":"info","message":"emp_data : ","timestamp":"2:44:02 PM"}
{"level":"info","message":"emp_data : ","timestamp":"2:44:03 PM"}
{"level":"info","message":"emp_data : ","timestamp":"2:44:03 PM"}
{"level":"info","message":"emp_data : ","timestamp":"2:44:04 PM"}
{"level":"info","message":"emp_data : ","timestamp":"2:44:09 PM"}
{"level":"info","message":"emp_data : ","timestamp":"2:44:09 PM"}
{"level":"info","message":"emp_data : ","timestamp":"2:44:10 PM"}
{"level":"info","message":"emp_data : ","timestamp":"2:44:10 PM"}
{"level":"info","message":"emp_data : ","timestamp":"2:45:34 PM"}
{"level":"info","message":"emp_data : ","timestamp":"2:45:35 PM"}
{"level":"info","message":"emp_data : ","timestamp":"2:45:35 PM"}
{"level":"info","message":"emp_data : ","timestamp":"2:45:36 PM"}
{"level":"info","message":"emp_data : ","timestamp":"2:45:47 PM"}
{"level":"info","message":"emp_data : ","timestamp":"2:45:48 PM"}
{"level":"info","message":"emp_data : ","timestamp":"2:45:48 PM"}
{"level":"info","message":"emp_data : ","timestamp":"2:45:49 PM"}
{"level":"info","message":"emp_data : ","timestamp":"2:48:48 PM"}
{"level":"info","message":"emp_data : ","timestamp":"2:48:49 PM"}
{"level":"info","message":"emp_data : ","timestamp":"2:48:49 PM"}
{"level":"info","message":"emp_data : ","timestamp":"2:48:50 PM"}
{"level":"info","message":"emp_data : ","timestamp":"2:59:17 PM"}
{"level":"info","message":"emp_data : ","timestamp":"2:59:17 PM"}
{"level":"info","message":"emp_data : ","timestamp":"2:59:18 PM"}
{"level":"info","message":"emp_data : ","timestamp":"2:59:18 PM"}
{"level":"info","message":"emp_data : ","timestamp":"3:08:09 PM"}
{"level":"info","message":"emp_data : ","timestamp":"3:08:09 PM"}
{"level":"info","message":"emp_data : ","timestamp":"3:08:10 PM"}
{"level":"info","message":"emp_data : ","timestamp":"3:08:10 PM"}
{"level":"info","message":"$$$$$$$$$$$$$$$$$$$$$$$$","timestamp":"5:20:46 PM"}
{"meta":"","level":"info","message":"","timestamp":"5:20:46 PM"}
{"level":"info","message":"Production Environment is Listening on port 3000","timestamp":"5:20:46 PM"}
{"level":"info","message":"Web URL : http://localhost:3000","timestamp":"5:20:46 PM"}
{"meta":"","level":"info","message":"","timestamp":"5:20:46 PM"}
{"level":"info","message":"$$$$$$$$$$$$$$$$$$$$$$$$","timestamp":"5:20:46 PM"}
{"meta":"","level":"info","message":"","timestamp":"5:20:46 PM"}
{"level":"info","message":"$$$$$$$$$$$$$$$$$$$$$$$$","timestamp":"5:24:25 PM"}
{"meta":"","level":"info","message":"","timestamp":"5:24:25 PM"}
{"level":"info","message":"Production Environment is Listening on port 3000","timestamp":"5:24:25 PM"}
{"level":"info","message":"Web URL : http://localhost:3000","timestamp":"5:24:25 PM"}
{"meta":"","level":"info","message":"","timestamp":"5:24:25 PM"}
{"level":"info","message":"$$$$$$$$$$$$$$$$$$$$$$$$","timestamp":"5:24:25 PM"}
{"meta":"","level":"info","message":"","timestamp":"5:24:25 PM"}
{"level":"info","message":"$$$$$$$$$$$$$$$$$$$$$$$$","timestamp":"5:36:35 PM"}
{"meta":"","level":"info","message":"","timestamp":"5:36:35 PM"}
{"level":"info","message":"Production Environment is Listening on port 3000","timestamp":"5:36:35 PM"}
{"level":"info","message":"Web URL : http://localhost:3000","timestamp":"5:36:35 PM"}
{"meta":"","level":"info","message":"","timestamp":"5:36:35 PM"}
{"level":"info","message":"$$$$$$$$$$$$$$$$$$$$$$$$","timestamp":"5:36:35 PM"}
{"meta":"","level":"info","message":"","timestamp":"5:36:35 PM"}
