{"level":"info","message":"emailsendgrid","timestamp":"1:32:11 PM"}
{"level":"info","message":"emailsendgrid","timestamp":"1:33:31 PM"}
{"level":"info","message":"emailsendgrid","timestamp":"1:40:32 PM"}
{"level":"info","message":"emailsendgrid","timestamp":"1:41:50 PM"}
{"level":"info","message":"emailsendgrid","timestamp":"1:42:50 PM"}
{"level":"info","message":"emailsendgrid","timestamp":"1:44:30 PM"}
{"level":"info","message":"$$$$$$$$$$$$$$$$$$$$$$$$","timestamp":"1:54:48 PM"}
{"meta":"","level":"info","message":"","timestamp":"1:54:48 PM"}
{"level":"info","message":"Development Environment is Listening on port 3000","timestamp":"1:54:48 PM"}
{"level":"info","message":"Web URL : http://localhost:3000","timestamp":"1:54:48 PM"}
{"meta":"","level":"info","message":"","timestamp":"1:54:48 PM"}
{"level":"info","message":"$$$$$$$$$$$$$$$$$$$$$$$$","timestamp":"1:54:48 PM"}
{"meta":"","level":"info","message":"","timestamp":"1:54:48 PM"}
{"level":"info","message":"Connected to Database","timestamp":"1:54:48 PM"}
{"level":"info","message":"$$$$$$$$$$$$$$$$$$$$$$$$","timestamp":"4:41:06 PM"}
{"meta":"","level":"info","message":"","timestamp":"4:41:06 PM"}
{"level":"info","message":"Development Environment is Listening on port 3000","timestamp":"4:41:06 PM"}
{"level":"info","message":"Web URL : http://localhost:3000","timestamp":"4:41:06 PM"}
{"meta":"","level":"info","message":"","timestamp":"4:41:06 PM"}
{"level":"info","message":"$$$$$$$$$$$$$$$$$$$$$$$$","timestamp":"4:41:06 PM"}
{"meta":"","level":"info","message":"","timestamp":"4:41:06 PM"}
{"level":"info","message":"Connected to Database","timestamp":"4:41:06 PM"}
