{"level":"info","message":"$$$$$$$$$$$$$$$$$$$$$$$$","timestamp":"9:34:01 AM"}
{"meta":"","level":"info","message":"","timestamp":"9:34:01 AM"}
{"level":"info","message":"Production Environment is Listening on port 3000","timestamp":"9:34:01 AM"}
{"level":"info","message":"Web URL : http://localhost:3000","timestamp":"9:34:01 AM"}
{"meta":"","level":"info","message":"","timestamp":"9:34:01 AM"}
{"level":"info","message":"$$$$$$$$$$$$$$$$$$$$$$$$","timestamp":"9:34:01 AM"}
{"meta":"","level":"info","message":"","timestamp":"9:34:01 AM"}
{"level":"info","message":"Connected to Database","timestamp":"9:34:01 AM"}
{"level":"info","message":"2024-08-16T18:30:00.000Z ' - ' 2024-08-17T18:30:00.000Z","timestamp":"9:34:32 AM"}
{"level":"info","message":"2024-07-31T18:30:00.000Z ' - ' 2024-08-31T18:30:00.000Z","timestamp":"9:34:32 AM"}
{"level":"info","message":"$$$$$$$$$$$$$$$$$$$$$$$$","timestamp":"9:47:17 AM"}
{"meta":"","level":"info","message":"","timestamp":"9:47:17 AM"}
{"level":"info","message":"Production Environment is Listening on port 3000","timestamp":"9:47:17 AM"}
{"level":"info","message":"Web URL : http://localhost:3000","timestamp":"9:47:17 AM"}
{"meta":"","level":"info","message":"","timestamp":"9:47:17 AM"}
{"level":"info","message":"$$$$$$$$$$$$$$$$$$$$$$$$","timestamp":"9:47:17 AM"}
{"meta":"","level":"info","message":"","timestamp":"9:47:17 AM"}
{"level":"info","message":"Connected to Database","timestamp":"9:47:18 AM"}
{"level":"info","message":"2024-08-16T18:30:00.000Z ' - ' 2024-08-17T18:30:00.000Z","timestamp":"9:47:23 AM"}
{"level":"info","message":"2024-07-31T18:30:00.000Z ' - ' 2024-08-31T18:30:00.000Z","timestamp":"9:47:23 AM"}
{"level":"info","message":"2024-08-16T18:30:00.000Z ' - ' 2024-08-17T18:30:00.000Z","timestamp":"9:51:23 AM"}
{"level":"info","message":"2024-07-31T18:30:00.000Z ' - ' 2024-08-31T18:30:00.000Z","timestamp":"9:51:23 AM"}
{"level":"info","message":"2024-08-16T18:30:00.000Z ' - ' 2024-08-17T18:30:00.000Z","timestamp":"9:51:49 AM"}
{"level":"info","message":"2024-07-31T18:30:00.000Z ' - ' 2024-08-31T18:30:00.000Z","timestamp":"9:51:49 AM"}
{"level":"info","message":"$$$$$$$$$$$$$$$$$$$$$$$$","timestamp":"10:16:48 AM"}
{"meta":"","level":"info","message":"","timestamp":"10:16:48 AM"}
{"level":"info","message":"Production Environment is Listening on port 3000","timestamp":"10:16:48 AM"}
{"level":"info","message":"Web URL : http://localhost:3000","timestamp":"10:16:48 AM"}
{"meta":"","level":"info","message":"","timestamp":"10:16:48 AM"}
{"level":"info","message":"$$$$$$$$$$$$$$$$$$$$$$$$","timestamp":"10:16:48 AM"}
{"meta":"","level":"info","message":"","timestamp":"10:16:48 AM"}
{"level":"info","message":"Connected to Database","timestamp":"10:16:48 AM"}
{"level":"info","message":"$$$$$$$$$$$$$$$$$$$$$$$$","timestamp":"10:18:53 AM"}
{"meta":"","level":"info","message":"","timestamp":"10:18:53 AM"}
{"level":"info","message":"Production Environment is Listening on port 3000","timestamp":"10:18:53 AM"}
{"level":"info","message":"Web URL : http://localhost:3000","timestamp":"10:18:53 AM"}
{"meta":"","level":"info","message":"","timestamp":"10:18:53 AM"}
{"level":"info","message":"$$$$$$$$$$$$$$$$$$$$$$$$","timestamp":"10:18:53 AM"}
{"meta":"","level":"info","message":"","timestamp":"10:18:53 AM"}
{"level":"info","message":"Connected to Database","timestamp":"10:18:53 AM"}
{"level":"info","message":"$$$$$$$$$$$$$$$$$$$$$$$$","timestamp":"10:21:40 AM"}
{"meta":"","level":"info","message":"","timestamp":"10:21:40 AM"}
{"level":"info","message":"Production Environment is Listening on port 3000","timestamp":"10:21:40 AM"}
{"level":"info","message":"Web URL : http://localhost:3000","timestamp":"10:21:40 AM"}
{"meta":"","level":"info","message":"","timestamp":"10:21:40 AM"}
{"level":"info","message":"$$$$$$$$$$$$$$$$$$$$$$$$","timestamp":"10:21:40 AM"}
{"meta":"","level":"info","message":"","timestamp":"10:21:40 AM"}
{"level":"info","message":"Connected to Database","timestamp":"10:21:40 AM"}
{"level":"info","message":"$$$$$$$$$$$$$$$$$$$$$$$$","timestamp":"10:25:17 AM"}
{"meta":"","level":"info","message":"","timestamp":"10:25:17 AM"}
{"level":"info","message":"Production Environment is Listening on port 3000","timestamp":"10:25:17 AM"}
{"level":"info","message":"Web URL : http://localhost:3000","timestamp":"10:25:17 AM"}
{"meta":"","level":"info","message":"","timestamp":"10:25:17 AM"}
{"level":"info","message":"$$$$$$$$$$$$$$$$$$$$$$$$","timestamp":"10:25:17 AM"}
{"meta":"","level":"info","message":"","timestamp":"10:25:17 AM"}
{"level":"info","message":"Connected to Database","timestamp":"10:25:17 AM"}
{"level":"info","message":"$$$$$$$$$$$$$$$$$$$$$$$$","timestamp":"10:27:23 AM"}
{"meta":"","level":"info","message":"","timestamp":"10:27:23 AM"}
{"level":"info","message":"Production Environment is Listening on port 3000","timestamp":"10:27:23 AM"}
{"level":"info","message":"Web URL : http://localhost:3000","timestamp":"10:27:23 AM"}
{"meta":"","level":"info","message":"","timestamp":"10:27:23 AM"}
{"level":"info","message":"$$$$$$$$$$$$$$$$$$$$$$$$","timestamp":"10:27:23 AM"}
{"meta":"","level":"info","message":"","timestamp":"10:27:23 AM"}
{"level":"info","message":"Connected to Database","timestamp":"10:27:23 AM"}
{"level":"info","message":"$$$$$$$$$$$$$$$$$$$$$$$$","timestamp":"10:33:46 AM"}
{"meta":"","level":"info","message":"","timestamp":"10:33:46 AM"}
{"level":"info","message":"Production Environment is Listening on port 3000","timestamp":"10:33:46 AM"}
{"level":"info","message":"Web URL : http://localhost:3000","timestamp":"10:33:46 AM"}
{"meta":"","level":"info","message":"","timestamp":"10:33:46 AM"}
{"level":"info","message":"$$$$$$$$$$$$$$$$$$$$$$$$","timestamp":"10:33:46 AM"}
{"meta":"","level":"info","message":"","timestamp":"10:33:46 AM"}
{"level":"info","message":"Connected to Database","timestamp":"10:33:46 AM"}
{"level":"info","message":"$$$$$$$$$$$$$$$$$$$$$$$$","timestamp":"10:42:07 AM"}
{"meta":"","level":"info","message":"","timestamp":"10:42:07 AM"}
{"level":"info","message":"Production Environment is Listening on port 3000","timestamp":"10:42:07 AM"}
{"level":"info","message":"Web URL : http://localhost:3000","timestamp":"10:42:07 AM"}
{"meta":"","level":"info","message":"","timestamp":"10:42:07 AM"}
{"level":"info","message":"$$$$$$$$$$$$$$$$$$$$$$$$","timestamp":"10:42:07 AM"}
{"meta":"","level":"info","message":"","timestamp":"10:42:07 AM"}
{"level":"info","message":"Connected to Database","timestamp":"10:42:07 AM"}
{"level":"info","message":"$$$$$$$$$$$$$$$$$$$$$$$$","timestamp":"10:49:56 AM"}
{"meta":"","level":"info","message":"","timestamp":"10:49:56 AM"}
{"level":"info","message":"Production Environment is Listening on port 3000","timestamp":"10:49:56 AM"}
{"level":"info","message":"Web URL : http://localhost:3000","timestamp":"10:49:56 AM"}
{"meta":"","level":"info","message":"","timestamp":"10:49:56 AM"}
{"level":"info","message":"$$$$$$$$$$$$$$$$$$$$$$$$","timestamp":"10:49:56 AM"}
{"meta":"","level":"info","message":"","timestamp":"10:49:56 AM"}
{"level":"info","message":"Connected to Database","timestamp":"10:49:57 AM"}
{"level":"info","message":"$$$$$$$$$$$$$$$$$$$$$$$$","timestamp":"11:03:53 AM"}
{"meta":"","level":"info","message":"","timestamp":"11:03:53 AM"}
{"level":"info","message":"Production Environment is Listening on port 3000","timestamp":"11:03:53 AM"}
{"level":"info","message":"Web URL : http://localhost:3000","timestamp":"11:03:53 AM"}
{"meta":"","level":"info","message":"","timestamp":"11:03:53 AM"}
{"level":"info","message":"$$$$$$$$$$$$$$$$$$$$$$$$","timestamp":"11:03:53 AM"}
{"meta":"","level":"info","message":"","timestamp":"11:03:53 AM"}
{"level":"info","message":"Connected to Database","timestamp":"11:03:54 AM"}
{"level":"info","message":"$$$$$$$$$$$$$$$$$$$$$$$$","timestamp":"11:05:58 AM"}
{"meta":"","level":"info","message":"","timestamp":"11:05:58 AM"}
{"level":"info","message":"Production Environment is Listening on port 3000","timestamp":"11:05:58 AM"}
{"level":"info","message":"Web URL : http://localhost:3000","timestamp":"11:05:58 AM"}
{"meta":"","level":"info","message":"","timestamp":"11:05:58 AM"}
{"level":"info","message":"$$$$$$$$$$$$$$$$$$$$$$$$","timestamp":"11:05:58 AM"}
{"meta":"","level":"info","message":"","timestamp":"11:05:58 AM"}
{"level":"info","message":"Connected to Database","timestamp":"11:05:58 AM"}
{"level":"info","message":"$$$$$$$$$$$$$$$$$$$$$$$$","timestamp":"11:07:09 AM"}
{"meta":"","level":"info","message":"","timestamp":"11:07:09 AM"}
{"level":"info","message":"Production Environment is Listening on port 3000","timestamp":"11:07:09 AM"}
{"level":"info","message":"Web URL : http://localhost:3000","timestamp":"11:07:09 AM"}
{"meta":"","level":"info","message":"","timestamp":"11:07:09 AM"}
{"level":"info","message":"$$$$$$$$$$$$$$$$$$$$$$$$","timestamp":"11:07:09 AM"}
{"meta":"","level":"info","message":"","timestamp":"11:07:09 AM"}
{"level":"info","message":"Connected to Database","timestamp":"11:07:09 AM"}
{"level":"info","message":"$$$$$$$$$$$$$$$$$$$$$$$$","timestamp":"11:10:44 AM"}
{"meta":"","level":"info","message":"","timestamp":"11:10:44 AM"}
{"level":"info","message":"Production Environment is Listening on port 3000","timestamp":"11:10:44 AM"}
{"level":"info","message":"Web URL : http://localhost:3000","timestamp":"11:10:44 AM"}
{"meta":"","level":"info","message":"","timestamp":"11:10:44 AM"}
{"level":"info","message":"$$$$$$$$$$$$$$$$$$$$$$$$","timestamp":"11:10:44 AM"}
{"meta":"","level":"info","message":"","timestamp":"11:10:44 AM"}
{"level":"info","message":"Connected to Database","timestamp":"11:10:44 AM"}
{"level":"info","message":"$$$$$$$$$$$$$$$$$$$$$$$$","timestamp":"11:21:15 AM"}
{"meta":"","level":"info","message":"","timestamp":"11:21:15 AM"}
{"level":"info","message":"Production Environment is Listening on port 3000","timestamp":"11:21:15 AM"}
{"level":"info","message":"Web URL : http://localhost:3000","timestamp":"11:21:15 AM"}
{"meta":"","level":"info","message":"","timestamp":"11:21:15 AM"}
{"level":"info","message":"$$$$$$$$$$$$$$$$$$$$$$$$","timestamp":"11:21:15 AM"}
{"meta":"","level":"info","message":"","timestamp":"11:21:15 AM"}
{"level":"info","message":"Connected to Database","timestamp":"11:21:15 AM"}
{"level":"info","message":"$$$$$$$$$$$$$$$$$$$$$$$$","timestamp":"4:02:45 PM"}
{"meta":"","level":"info","message":"","timestamp":"4:02:45 PM"}
{"level":"info","message":"Production Environment is Listening on port 3000","timestamp":"4:02:45 PM"}
{"level":"info","message":"Web URL : http://localhost:3000","timestamp":"4:02:45 PM"}
{"meta":"","level":"info","message":"","timestamp":"4:02:45 PM"}
{"level":"info","message":"$$$$$$$$$$$$$$$$$$$$$$$$","timestamp":"4:02:45 PM"}
{"meta":"","level":"info","message":"","timestamp":"4:02:45 PM"}
{"level":"info","message":"Connected to Database","timestamp":"4:02:45 PM"}
{"level":"info","message":"$$$$$$$$$$$$$$$$$$$$$$$$","timestamp":"4:27:24 PM"}
{"meta":"","level":"info","message":"","timestamp":"4:27:24 PM"}
{"level":"info","message":"Production Environment is Listening on port 3000","timestamp":"4:27:24 PM"}
{"level":"info","message":"Web URL : http://localhost:3000","timestamp":"4:27:24 PM"}
{"meta":"","level":"info","message":"","timestamp":"4:27:24 PM"}
{"level":"info","message":"$$$$$$$$$$$$$$$$$$$$$$$$","timestamp":"4:27:24 PM"}
{"meta":"","level":"info","message":"","timestamp":"4:27:24 PM"}
{"level":"info","message":"Connected to Database","timestamp":"4:27:25 PM"}
{"level":"info","message":"$$$$$$$$$$$$$$$$$$$$$$$$","timestamp":"5:40:29 PM"}
{"meta":"","level":"info","message":"","timestamp":"5:40:29 PM"}
{"level":"info","message":"Production Environment is Listening on port 3000","timestamp":"5:40:29 PM"}
{"level":"info","message":"Web URL : http://localhost:3000","timestamp":"5:40:29 PM"}
{"meta":"","level":"info","message":"","timestamp":"5:40:29 PM"}
{"level":"info","message":"$$$$$$$$$$$$$$$$$$$$$$$$","timestamp":"5:40:29 PM"}
{"meta":"","level":"info","message":"","timestamp":"5:40:29 PM"}
{"level":"info","message":"Connected to Database","timestamp":"5:40:29 PM"}
