{"level":"info","message":"$$$$$$$$$$$$$$$$$$$$$$$$","timestamp":"9:39:15 AM"}
{"meta":"","level":"info","message":"","timestamp":"9:39:15 AM"}
{"level":"info","message":"Production Environment is Listening on port 3000","timestamp":"9:39:15 AM"}
{"level":"info","message":"Web URL : http://localhost:3000","timestamp":"9:39:15 AM"}
{"meta":"","level":"info","message":"","timestamp":"9:39:15 AM"}
{"level":"info","message":"$$$$$$$$$$$$$$$$$$$$$$$$","timestamp":"9:39:15 AM"}
{"meta":"","level":"info","message":"","timestamp":"9:39:15 AM"}
{"level":"info","message":"emp_data : ","timestamp":"9:41:01 AM"}
{"level":"info","message":"emp_data : ","timestamp":"9:41:02 AM"}
{"level":"info","message":"emp_data : ","timestamp":"9:41:02 AM"}
{"level":"info","message":"emp_data : ","timestamp":"9:41:03 AM"}
{"level":"info","message":"emp_data : ","timestamp":"9:41:03 AM"}
{"level":"info","message":"emp_data : ","timestamp":"9:41:04 AM"}
{"level":"info","message":"emp_data : ","timestamp":"9:43:37 AM"}
{"level":"info","message":"emp_data : ","timestamp":"9:43:37 AM"}
{"level":"info","message":"emp_data : ","timestamp":"9:43:38 AM"}
{"level":"info","message":"emp_data : ","timestamp":"9:43:38 AM"}
{"level":"info","message":"emp_data : ","timestamp":"9:43:39 AM"}
{"level":"info","message":"emp_data : ","timestamp":"9:43:39 AM"}
{"level":"info","message":"emp_data : ","timestamp":"10:01:20 AM"}
{"level":"info","message":"emp_data : ","timestamp":"10:01:25 AM"}
{"level":"info","message":"emp_data : ","timestamp":"10:01:34 AM"}
{"level":"info","message":"emp_data : ","timestamp":"10:01:50 AM"}
{"level":"info","message":"emp_data : ","timestamp":"10:02:13 AM"}
{"level":"info","message":"emp_data : ","timestamp":"10:02:21 AM"}
{"level":"info","message":"emp_data : ","timestamp":"10:04:15 AM"}
{"level":"info","message":"emp_data : ","timestamp":"10:07:13 AM"}
{"level":"info","message":"emp_data : ","timestamp":"10:50:05 AM"}
{"level":"info","message":"emp_data : ","timestamp":"11:46:13 AM"}
{"level":"info","message":"emp_data : ","timestamp":"11:46:17 AM"}
{"level":"info","message":"emp_data : ","timestamp":"11:46:28 AM"}
{"level":"info","message":"emp_data : ","timestamp":"11:46:29 AM"}
{"level":"info","message":"emp_data : ","timestamp":"11:47:26 AM"}
{"level":"info","message":"emp_data : ","timestamp":"11:47:26 AM"}
{"level":"info","message":"emp_data : ","timestamp":"11:47:27 AM"}
{"level":"info","message":"emp_data : ","timestamp":"12:30:15 PM"}
{"level":"info","message":"emp_data : ","timestamp":"12:30:18 PM"}
{"level":"info","message":"emp_data : ","timestamp":"12:30:18 PM"}
{"level":"info","message":"emp_data : ","timestamp":"12:30:18 PM"}
{"level":"info","message":"emp_data : ","timestamp":"12:30:23 PM"}
{"level":"info","message":"emp_data : ","timestamp":"12:30:23 PM"}
{"level":"info","message":"emp_data : ","timestamp":"12:30:24 PM"}
{"level":"info","message":"emp_data : ","timestamp":"12:30:24 PM"}
{"level":"info","message":"emp_data : ","timestamp":"12:30:27 PM"}
{"level":"info","message":"emp_data : ","timestamp":"12:30:28 PM"}
{"level":"info","message":"emp_data : ","timestamp":"12:30:28 PM"}
{"level":"info","message":"emp_data : ","timestamp":"12:30:29 PM"}
