{"level":"info","message":"$$$$$$$$$$$$$$$$$$$$$$$$","timestamp":"9:45:03 AM"}
{"meta":"","level":"info","message":"","timestamp":"9:45:03 AM"}
{"level":"info","message":"Production Environment is Listening on port 3000","timestamp":"9:45:03 AM"}
{"level":"info","message":"Web URL : http://localhost:3000","timestamp":"9:45:03 AM"}
{"meta":"","level":"info","message":"","timestamp":"9:45:03 AM"}
{"level":"info","message":"$$$$$$$$$$$$$$$$$$$$$$$$","timestamp":"9:45:03 AM"}
{"meta":"","level":"info","message":"","timestamp":"9:45:03 AM"}
{"level":"info","message":"$$$$$$$$$$$$$$$$$$$$$$$$","timestamp":"1:32:18 PM"}
{"meta":"","level":"info","message":"","timestamp":"1:32:18 PM"}
{"level":"info","message":"Production Environment is Listening on port 3000","timestamp":"1:32:18 PM"}
{"level":"info","message":"Web URL : http://localhost:3000","timestamp":"1:32:18 PM"}
{"meta":"","level":"info","message":"","timestamp":"1:32:18 PM"}
{"level":"info","message":"$$$$$$$$$$$$$$$$$$$$$$$$","timestamp":"1:32:18 PM"}
{"meta":"","level":"info","message":"","timestamp":"1:32:18 PM"}
{"level":"info","message":"$$$$$$$$$$$$$$$$$$$$$$$$","timestamp":"2:32:22 PM"}
{"meta":"","level":"info","message":"","timestamp":"2:32:22 PM"}
{"level":"info","message":"Production Environment is Listening on port 3000","timestamp":"2:32:22 PM"}
{"level":"info","message":"Web URL : http://localhost:3000","timestamp":"2:32:22 PM"}
{"meta":"","level":"info","message":"","timestamp":"2:32:22 PM"}
{"level":"info","message":"$$$$$$$$$$$$$$$$$$$$$$$$","timestamp":"2:32:22 PM"}
{"meta":"","level":"info","message":"","timestamp":"2:32:22 PM"}
