{"level":"info","message":"DateRange from 2024-01-04T18:30:00.000Z to 2024-01-05T18:30:00.000Z","timestamp":"11:17:25 AM"}
{"level":"info","message":"{ Status: 'Publish' }","timestamp":"11:20:51 AM"}
{"level":"info","message":"{ Status: 'Publish' }","timestamp":"11:20:57 AM"}
{"level":"info","message":"{ Status: 'Publish' }","timestamp":"11:21:00 AM"}
{"level":"info","message":"{ Status: 'Publish' }","timestamp":"11:21:01 AM"}
{"level":"info","message":"{ Status: 'Publish' }","timestamp":"11:21:02 AM"}
{"level":"info","message":"{ Status: 'Publish' }","timestamp":"11:21:03 AM"}
{"level":"info","message":"{ Status: 'Publish' }","timestamp":"11:21:05 AM"}
{"level":"info","message":"{ Status: 'Publish' }","timestamp":"11:21:05 AM"}
{"level":"info","message":"{ Status: 'Publish' }","timestamp":"11:21:08 AM"}
{"level":"info","message":"{ Status: 'Publish' }","timestamp":"11:21:08 AM"}
{"level":"info","message":"{ Status: 'Publish' }","timestamp":"11:21:10 AM"}
{"level":"info","message":"{ Status: 'Publish' }","timestamp":"11:21:10 AM"}
{"level":"info","message":"{ Status: 'Publish' }","timestamp":"11:22:26 AM"}
{"level":"info","message":"{ Status: 'Publish' }","timestamp":"11:22:26 AM"}
{"level":"info","message":"{ Status: 'Publish' }","timestamp":"11:22:27 AM"}
{"level":"info","message":"{ Status: 'Publish' }","timestamp":"11:22:27 AM"}
{"level":"info","message":"{ Status: 'Publish' }","timestamp":"11:22:27 AM"}
{"level":"info","message":"{ Status: 'Publish' }","timestamp":"11:22:27 AM"}
{"level":"info","message":"{ Status: 'Publish' }","timestamp":"11:22:28 AM"}
{"level":"info","message":"{ Status: 'Publish' }","timestamp":"11:22:29 AM"}
{"level":"info","message":"{ Status: 'Publish' }","timestamp":"11:22:29 AM"}
{"level":"info","message":"{ Status: 'Publish' }","timestamp":"11:22:29 AM"}
{"level":"info","message":"{ Status: 'Publish' }","timestamp":"11:22:29 AM"}
{"level":"info","message":"{ Status: 'Publish' }","timestamp":"11:22:30 AM"}
{"level":"info","message":"{ Status: 'Publish' }","timestamp":"11:22:30 AM"}
{"level":"info","message":"{ Status: 'Publish' }","timestamp":"11:22:30 AM"}
{"level":"info","message":"{ Status: 'Publish' }","timestamp":"11:22:30 AM"}
{"level":"info","message":"{ Status: 'Publish' }","timestamp":"11:22:33 AM"}
{"level":"info","message":"{ Status: 'Publish' }","timestamp":"11:22:34 AM"}
{"level":"info","message":"{ Status: 'Publish' }","timestamp":"11:22:34 AM"}
{"level":"info","message":"{ Status: 'Publish' }","timestamp":"11:22:36 AM"}
{"level":"info","message":"{ Status: 'Publish' }","timestamp":"11:22:36 AM"}
{"level":"info","message":"{ Status: 'Publish' }","timestamp":"11:22:36 AM"}
{"level":"info","message":"{ Status: 'Publish' }","timestamp":"11:22:36 AM"}
{"level":"info","message":"{ Status: 'Publish' }","timestamp":"11:22:37 AM"}
{"level":"info","message":"{ Status: 'Publish' }","timestamp":"11:22:37 AM"}
{"level":"info","message":"{ Status: 'Publish' }","timestamp":"11:22:37 AM"}
{"level":"info","message":"{ Status: 'Publish' }","timestamp":"11:23:41 AM"}
{"level":"info","message":"{ Status: 'Publish' }","timestamp":"11:23:50 AM"}
{"level":"info","message":"{ Status: 'Publish' }","timestamp":"11:23:51 AM"}
{"level":"info","message":"{ Status: 'Publish' }","timestamp":"11:23:58 AM"}
{"level":"info","message":"{ Status: 'Publish' }","timestamp":"11:23:59 AM"}
{"level":"info","message":"{ Status: 'Publish' }","timestamp":"11:23:59 AM"}
{"level":"info","message":"{ Status: 'Publish' }","timestamp":"11:24:00 AM"}
{"level":"info","message":"{ Status: 'Publish' }","timestamp":"11:24:00 AM"}
{"level":"info","message":"{ Status: 'Publish' }","timestamp":"11:24:03 AM"}
{"level":"info","message":"{ Status: 'Publish' }","timestamp":"11:25:34 AM"}
{"level":"info","message":"{ Status: 'Publish' }","timestamp":"11:25:34 AM"}
{"level":"info","message":"{ Status: 'Publish' }","timestamp":"11:25:35 AM"}
{"level":"info","message":"{ Status: 'Publish' }","timestamp":"11:25:36 AM"}
{"level":"info","message":"{ Status: 'Publish' }","timestamp":"11:25:36 AM"}
{"level":"info","message":"{ Status: 'Publish' }","timestamp":"11:25:37 AM"}
{"level":"info","message":"{ Status: 'Publish' }","timestamp":"11:25:38 AM"}
{"level":"info","message":"{ Status: 'Publish' }","timestamp":"11:25:38 AM"}
{"level":"info","message":"{ Status: 'Publish' }","timestamp":"11:30:25 AM"}
{"level":"info","message":"{ Status: 'Publish' }","timestamp":"11:30:29 AM"}
{"level":"info","message":"{ Status: 'Publish' }","timestamp":"11:30:30 AM"}
{"level":"info","message":"{ Status: 'Publish' }","timestamp":"11:30:31 AM"}
{"level":"info","message":"{ Status: 'Publish' }","timestamp":"11:30:31 AM"}
{"level":"info","message":"{ Status: 'Publish' }","timestamp":"11:30:32 AM"}
{"level":"info","message":"{ Status: 'Publish' }","timestamp":"11:30:33 AM"}
{"level":"info","message":"{ Status: 'Publish' }","timestamp":"11:30:34 AM"}
{"level":"info","message":"{ Status: 'Publish' }","timestamp":"11:30:34 AM"}
{"level":"info","message":"{ Status: 'Publish' }","timestamp":"11:30:34 AM"}
{"level":"info","message":"{ Status: 'Publish' }","timestamp":"11:30:35 AM"}
{"level":"info","message":"{ Status: 'Publish' }","timestamp":"11:30:35 AM"}
{"level":"info","message":"{ Status: 'Publish' }","timestamp":"11:30:35 AM"}
{"level":"info","message":"{ Status: 'Publish' }","timestamp":"11:30:36 AM"}
{"level":"info","message":"{ Status: 'Publish' }","timestamp":"11:30:36 AM"}
{"level":"info","message":"{ Status: 'Publish' }","timestamp":"11:30:40 AM"}
{"level":"info","message":"{ Status: 'Publish' }","timestamp":"11:30:40 AM"}
{"level":"info","message":"{ Status: 'Publish' }","timestamp":"11:30:40 AM"}
{"level":"info","message":"{ Status: 'Publish' }","timestamp":"11:30:41 AM"}
{"level":"info","message":"{ Status: 'Publish' }","timestamp":"11:30:41 AM"}
{"level":"info","message":"{ Status: 'Publish' }","timestamp":"11:30:41 AM"}
{"level":"info","message":"{ Status: 'Publish' }","timestamp":"11:30:41 AM"}
{"level":"info","message":"{ Status: 'Publish' }","timestamp":"11:30:42 AM"}
{"level":"info","message":"{ Status: 'Publish' }","timestamp":"11:30:42 AM"}
{"level":"info","message":"{ Status: 'Publish' }","timestamp":"11:30:42 AM"}
{"level":"info","message":"{ Status: 'Publish' }","timestamp":"11:30:43 AM"}
{"level":"info","message":"{ Status: 'Publish' }","timestamp":"11:30:43 AM"}
{"level":"info","message":"{ Status: 'Publish' }","timestamp":"11:30:43 AM"}
{"level":"info","message":"{ Status: 'Publish' }","timestamp":"11:30:44 AM"}
{"level":"info","message":"{ Status: 'Publish' }","timestamp":"11:30:44 AM"}
{"level":"info","message":"{ Status: 'Publish' }","timestamp":"11:30:44 AM"}
{"level":"info","message":"{ Status: 'Publish' }","timestamp":"11:30:44 AM"}
{"level":"info","message":"{ Status: 'Publish' }","timestamp":"11:30:45 AM"}
{"level":"info","message":"{ Status: 'Publish' }","timestamp":"11:31:01 AM"}
{"level":"info","message":"{ Status: 'Publish' }","timestamp":"11:31:01 AM"}
{"level":"info","message":"{ Status: 'Publish' }","timestamp":"11:31:01 AM"}
{"level":"info","message":"{ Status: 'Publish' }","timestamp":"11:31:02 AM"}
{"level":"info","message":"{ Status: 'Publish' }","timestamp":"11:31:02 AM"}
{"level":"info","message":"{ Status: 'Publish' }","timestamp":"11:31:02 AM"}
{"level":"info","message":"{ Status: 'Publish' }","timestamp":"11:31:02 AM"}
{"level":"info","message":"{ Status: 'Publish' }","timestamp":"11:31:02 AM"}
{"level":"info","message":"{ Status: 'Publish' }","timestamp":"11:31:03 AM"}
{"level":"info","message":"{ Status: 'Publish' }","timestamp":"11:31:03 AM"}
{"level":"info","message":"{ Status: 'Publish' }","timestamp":"11:31:03 AM"}
{"level":"info","message":"{ Status: 'Publish' }","timestamp":"11:31:03 AM"}
{"level":"info","message":"{ Status: 'Publish' }","timestamp":"11:31:03 AM"}
{"level":"info","message":"{ Status: 'Publish' }","timestamp":"11:31:04 AM"}
{"level":"info","message":"{ Status: 'Publish' }","timestamp":"11:31:04 AM"}
{"level":"info","message":"{ Status: 'Publish' }","timestamp":"11:31:04 AM"}
{"level":"info","message":"{ Status: 'Publish' }","timestamp":"11:31:26 AM"}
{"level":"info","message":"{ Status: 'Publish' }","timestamp":"11:31:31 AM"}
{"level":"info","message":"{ Status: 'Publish' }","timestamp":"11:31:40 AM"}
{"level":"info","message":"{ Status: 'Publish' }","timestamp":"11:31:44 AM"}
{"level":"info","message":"{ Status: 'Publish' }","timestamp":"11:31:55 AM"}
{"level":"info","message":"{ Status: 'Publish' }","timestamp":"11:31:55 AM"}
{"level":"info","message":"{ Status: 'Publish' }","timestamp":"11:32:17 AM"}
{"level":"info","message":"{ Status: 'Publish' }","timestamp":"11:32:23 AM"}
{"level":"info","message":"{ Status: 'Publish' }","timestamp":"11:32:25 AM"}
{"level":"info","message":"{ Status: 'Publish' }","timestamp":"11:32:29 AM"}
{"level":"info","message":"{ Status: 'Publish' }","timestamp":"11:32:30 AM"}
{"level":"info","message":"{ Status: 'Publish' }","timestamp":"11:32:31 AM"}
{"level":"info","message":"{ Status: 'Publish' }","timestamp":"11:32:32 AM"}
{"level":"info","message":"{ Status: 'Publish' }","timestamp":"11:32:38 AM"}
{"level":"info","message":"{ Status: 'Publish' }","timestamp":"11:32:39 AM"}
{"level":"info","message":"{ Status: 'Publish' }","timestamp":"11:32:44 AM"}
{"level":"info","message":"{ Status: 'Publish' }","timestamp":"11:32:46 AM"}
{"level":"info","message":"{ Status: 'Publish' }","timestamp":"11:32:48 AM"}
{"level":"info","message":"{ Status: 'Publish' }","timestamp":"11:32:51 AM"}
{"level":"info","message":"{ Status: 'Publish' }","timestamp":"11:32:55 AM"}
{"level":"info","message":"{ Status: 'Publish' }","timestamp":"11:32:58 AM"}
{"level":"info","message":"{ Status: 'Publish' }","timestamp":"11:35:53 AM"}
{"level":"info","message":"{ Status: 'Publish' }","timestamp":"11:35:56 AM"}
{"level":"info","message":"{ Status: 'Publish' }","timestamp":"11:35:57 AM"}
{"level":"info","message":"{ Status: 'Publish' }","timestamp":"11:35:58 AM"}
{"level":"info","message":"{ Status: 'Publish' }","timestamp":"11:35:58 AM"}
{"level":"info","message":"{ Status: 'Publish' }","timestamp":"11:35:59 AM"}
{"level":"info","message":"{ Status: 'Publish' }","timestamp":"11:36:00 AM"}
{"level":"info","message":"{ Status: 'Publish' }","timestamp":"11:36:00 AM"}
{"level":"info","message":"{ Status: 'Publish' }","timestamp":"11:36:00 AM"}
{"level":"info","message":"{ Status: 'Publish' }","timestamp":"11:36:00 AM"}
{"level":"info","message":"{ Status: 'Publish' }","timestamp":"11:36:00 AM"}
{"level":"info","message":"{ Status: 'Publish' }","timestamp":"11:36:01 AM"}
{"level":"info","message":"{ Status: 'Publish' }","timestamp":"11:36:04 AM"}
{"level":"info","message":"{ Status: 'Publish' }","timestamp":"11:36:09 AM"}
{"level":"info","message":"{ Status: 'Publish' }","timestamp":"11:36:10 AM"}
{"level":"info","message":"{ Status: 'Publish' }","timestamp":"11:36:18 AM"}
{"level":"info","message":"{ Status: 'Publish' }","timestamp":"1:09:31 PM"}
{"level":"info","message":"{ Status: 'Publish' }","timestamp":"1:09:36 PM"}
{"level":"info","message":"{ Status: 'Publish' }","timestamp":"1:09:39 PM"}
{"level":"info","message":"{ Status: 'Publish' }","timestamp":"1:09:41 PM"}
{"level":"info","message":"{ Status: 'Publish' }","timestamp":"1:09:43 PM"}
{"level":"info","message":"{ Status: 'Publish' }","timestamp":"1:09:44 PM"}
{"level":"info","message":"{ Status: 'Publish' }","timestamp":"1:09:45 PM"}
{"level":"info","message":"{ Status: 'Publish' }","timestamp":"1:45:00 PM"}
{"level":"info","message":"$$$$$$$$$$$$$$$$$$$$$$$$","timestamp":"2:08:33 PM"}
{"meta":"","level":"info","message":"","timestamp":"2:08:33 PM"}
{"level":"info","message":"Development Environment is Listening on port 3000","timestamp":"2:08:33 PM"}
{"level":"info","message":"Web URL : http://localhost:3000","timestamp":"2:08:33 PM"}
{"meta":"","level":"info","message":"","timestamp":"2:08:33 PM"}
{"level":"info","message":"$$$$$$$$$$$$$$$$$$$$$$$$","timestamp":"2:08:33 PM"}
{"meta":"","level":"info","message":"","timestamp":"2:08:33 PM"}
{"level":"info","message":"DateRange from 2024-01-04T18:30:00.000Z to 2024-01-05T18:30:00.000Z","timestamp":"2:08:55 PM"}
{"level":"info","message":"{ Status: 'Publish' }","timestamp":"2:11:53 PM"}
{"level":"info","message":"{ Status: 'Publish' }","timestamp":"2:13:47 PM"}
{"level":"info","message":"$$$$$$$$$$$$$$$$$$$$$$$$","timestamp":"2:18:09 PM"}
{"meta":"","level":"info","message":"","timestamp":"2:18:09 PM"}
{"level":"info","message":"Development Environment is Listening on port 3000","timestamp":"2:18:09 PM"}
{"level":"info","message":"Web URL : http://localhost:3000","timestamp":"2:18:09 PM"}
{"meta":"","level":"info","message":"","timestamp":"2:18:09 PM"}
{"level":"info","message":"$$$$$$$$$$$$$$$$$$$$$$$$","timestamp":"2:18:09 PM"}
{"meta":"","level":"info","message":"","timestamp":"2:18:09 PM"}
{"level":"info","message":"{ Status: 'Publish' }","timestamp":"2:19:24 PM"}
{"level":"info","message":"{ Status: 'Publish' }","timestamp":"2:19:37 PM"}
{"level":"info","message":"{ Status: 'Publish' }","timestamp":"2:19:56 PM"}
{"level":"info","message":"{ Status: 'Publish' }","timestamp":"2:20:00 PM"}
{"level":"info","message":"{ Status: 'Publish' }","timestamp":"2:20:02 PM"}
{"level":"info","message":"{ Status: 'Publish' }","timestamp":"2:20:03 PM"}
{"level":"info","message":"{ Status: 'Publish' }","timestamp":"2:20:06 PM"}
{"level":"info","message":"{ Status: 'Publish' }","timestamp":"2:20:09 PM"}
{"level":"info","message":"{ Status: 'Publish' }","timestamp":"2:20:22 PM"}
{"level":"info","message":"{ Status: 'Publish' }","timestamp":"2:20:27 PM"}
{"level":"info","message":"{ Status: 'Publish' }","timestamp":"2:20:41 PM"}
{"level":"info","message":"{ Status: 'Publish' }","timestamp":"2:20:44 PM"}
{"level":"info","message":"{ Status: 'Publish' }","timestamp":"2:20:47 PM"}
{"level":"info","message":"{ Status: 'Publish' }","timestamp":"2:20:51 PM"}
{"level":"info","message":"{ Status: 'Publish' }","timestamp":"2:20:53 PM"}
{"level":"info","message":"{ Status: 'Publish' }","timestamp":"2:20:56 PM"}
{"level":"info","message":"{ Status: 'Publish' }","timestamp":"2:21:00 PM"}
{"level":"info","message":"{ Status: 'Publish' }","timestamp":"2:21:50 PM"}
{"level":"info","message":"{ Status: 'Publish' }","timestamp":"2:21:51 PM"}
{"level":"info","message":"{ Status: 'Publish' }","timestamp":"2:21:52 PM"}
{"level":"info","message":"{ Status: 'Publish' }","timestamp":"2:21:52 PM"}
{"level":"info","message":"{ Status: 'Publish' }","timestamp":"2:21:52 PM"}
{"level":"info","message":"{ Status: 'Publish' }","timestamp":"2:21:52 PM"}
{"level":"info","message":"{ Status: 'Publish' }","timestamp":"2:21:53 PM"}
{"level":"info","message":"{ Status: 'Publish' }","timestamp":"2:21:53 PM"}
{"level":"info","message":"{ Status: 'Publish' }","timestamp":"2:21:55 PM"}
{"level":"info","message":"{ Status: 'Publish' }","timestamp":"2:21:56 PM"}
{"level":"info","message":"{ Status: 'Publish' }","timestamp":"2:21:56 PM"}
{"level":"info","message":"{ Status: 'Publish', Type: /BLOG/i }","timestamp":"2:22:03 PM"}
{"level":"info","message":"{ Status: 'Publish', Type: /BLOG/i }","timestamp":"2:22:10 PM"}
{"level":"info","message":"{ Status: 'Publish', Type: /BLOG/i }","timestamp":"2:22:11 PM"}
{"level":"info","message":"{ Status: 'Publish', Type: /BLOG/i }","timestamp":"2:22:12 PM"}
{"level":"info","message":"{ Status: 'Publish', Type: /BLOG/i }","timestamp":"2:22:21 PM"}
{"level":"info","message":"{ Status: 'Publish', Type: /BLOG/i }","timestamp":"2:22:21 PM"}
{"level":"info","message":"{ Status: 'Publish', Type: /BLOG/i }","timestamp":"2:22:22 PM"}
{"level":"info","message":"$$$$$$$$$$$$$$$$$$$$$$$$","timestamp":"2:23:34 PM"}
{"meta":"","level":"info","message":"","timestamp":"2:23:34 PM"}
{"level":"info","message":"Development Environment is Listening on port 3000","timestamp":"2:23:34 PM"}
{"level":"info","message":"Web URL : http://localhost:3000","timestamp":"2:23:34 PM"}
{"meta":"","level":"info","message":"","timestamp":"2:23:34 PM"}
{"level":"info","message":"$$$$$$$$$$$$$$$$$$$$$$$$","timestamp":"2:23:34 PM"}
{"meta":"","level":"info","message":"","timestamp":"2:23:34 PM"}
{"level":"info","message":"{ Status: 'Publish' }","timestamp":"2:23:40 PM"}
{"level":"info","message":"{ Status: 'Publish' }","timestamp":"2:23:45 PM"}
{"level":"info","message":"{ Status: 'Publish' }","timestamp":"2:23:46 PM"}
{"level":"info","message":"{ Status: 'Publish' }","timestamp":"2:23:47 PM"}
{"level":"info","message":"{ Status: 'Publish', Type: /BLOG/i }","timestamp":"2:23:53 PM"}
{"level":"info","message":"{ Status: 'Publish', Type: /BLOG/i }","timestamp":"2:23:55 PM"}
{"level":"info","message":"{ Status: 'Publish', Type: /BLOG/i }","timestamp":"2:23:56 PM"}
{"level":"info","message":"{ Status: 'Publish', Type: /BLOG/i }","timestamp":"2:23:56 PM"}
{"level":"info","message":"{ Status: 'Publish', Type: /BLOG/i }","timestamp":"2:23:57 PM"}
{"level":"info","message":"{ Status: 'Publish', Type: /BLOG/i }","timestamp":"2:24:15 PM"}
{"level":"info","message":"{ Status: 'Publish', Type: /BLOG/i }","timestamp":"2:24:17 PM"}
{"level":"info","message":"{ Status: 'Publish', Type: /BLOG/i }","timestamp":"2:25:09 PM"}
{"level":"info","message":"{ Status: 'Publish', Type: /BLOG/i }","timestamp":"2:25:09 PM"}
{"level":"info","message":"{ Status: 'Publish', Type: /BLOG/i }","timestamp":"2:25:10 PM"}
{"level":"info","message":"{ Status: 'Publish', Type: /BLOG/i }","timestamp":"2:25:11 PM"}
{"level":"info","message":"{ Status: 'Publish', Type: /BLOG/i }","timestamp":"2:25:11 PM"}
{"level":"info","message":"{ Status: 'Publish', Type: /BLOG/i }","timestamp":"2:25:12 PM"}
{"level":"info","message":"{ Status: 'Publish' }","timestamp":"2:25:28 PM"}
{"level":"info","message":"{ Status: 'Publish' }","timestamp":"2:25:31 PM"}
{"level":"info","message":"{ Status: 'Publish' }","timestamp":"2:25:32 PM"}
{"level":"info","message":"{ Status: 'Publish' }","timestamp":"2:25:33 PM"}
{"level":"info","message":"{ Status: 'Publish' }","timestamp":"2:25:35 PM"}
{"level":"info","message":"{ Status: 'Publish' }","timestamp":"2:25:37 PM"}
{"level":"info","message":"$$$$$$$$$$$$$$$$$$$$$$$$","timestamp":"2:28:05 PM"}
{"meta":"","level":"info","message":"","timestamp":"2:28:05 PM"}
{"level":"info","message":"Development Environment is Listening on port 3000","timestamp":"2:28:05 PM"}
{"level":"info","message":"Web URL : http://localhost:3000","timestamp":"2:28:05 PM"}
{"meta":"","level":"info","message":"","timestamp":"2:28:05 PM"}
{"level":"info","message":"$$$$$$$$$$$$$$$$$$$$$$$$","timestamp":"2:28:05 PM"}
{"meta":"","level":"info","message":"","timestamp":"2:28:05 PM"}
{"level":"info","message":"{ Status: 'Publish' }","timestamp":"2:28:45 PM"}
{"level":"info","message":"{ Status: 'Publish' }","timestamp":"2:28:52 PM"}
{"level":"info","message":"{ Status: 'Publish' }","timestamp":"2:28:54 PM"}
{"level":"info","message":"{ Status: 'Publish' }","timestamp":"2:28:57 PM"}
{"level":"info","message":"{ Status: 'Publish' }","timestamp":"2:29:00 PM"}
{"level":"info","message":"{ Status: 'Publish' }","timestamp":"2:29:02 PM"}
{"level":"info","message":"{ Status: 'Publish' }","timestamp":"2:29:05 PM"}
{"level":"info","message":"{ Status: 'Publish' }","timestamp":"2:29:15 PM"}
{"level":"info","message":"{ Status: 'Publish' }","timestamp":"2:29:17 PM"}
{"level":"info","message":"{ Status: 'Publish' }","timestamp":"2:29:17 PM"}
{"level":"info","message":"{ Status: 'Publish' }","timestamp":"2:29:18 PM"}
{"level":"info","message":"{ Status: 'Publish' }","timestamp":"2:29:20 PM"}
{"level":"info","message":"{ Status: 'Publish' }","timestamp":"2:29:22 PM"}
{"level":"info","message":"{ Status: 'Publish' }","timestamp":"2:29:25 PM"}
{"level":"info","message":"{ Status: 'Publish' }","timestamp":"2:29:29 PM"}
{"level":"info","message":"$$$$$$$$$$$$$$$$$$$$$$$$","timestamp":"2:30:17 PM"}
{"meta":"","level":"info","message":"","timestamp":"2:30:17 PM"}
{"level":"info","message":"Development Environment is Listening on port 3000","timestamp":"2:30:17 PM"}
{"level":"info","message":"Web URL : http://localhost:3000","timestamp":"2:30:17 PM"}
{"meta":"","level":"info","message":"","timestamp":"2:30:17 PM"}
{"level":"info","message":"$$$$$$$$$$$$$$$$$$$$$$$$","timestamp":"2:30:17 PM"}
{"meta":"","level":"info","message":"","timestamp":"2:30:17 PM"}
{"level":"info","message":"{ Status: 'Publish' }","timestamp":"2:30:25 PM"}
{"level":"info","message":"{ Status: 'Publish' }","timestamp":"2:30:28 PM"}
{"level":"info","message":"{ Status: 'Publish' }","timestamp":"2:30:29 PM"}
{"level":"info","message":"{ Status: 'Publish' }","timestamp":"2:30:31 PM"}
{"level":"info","message":"{ Status: 'Publish' }","timestamp":"2:30:32 PM"}
{"level":"info","message":"$$$$$$$$$$$$$$$$$$$$$$$$","timestamp":"2:35:47 PM"}
{"meta":"","level":"info","message":"","timestamp":"2:35:47 PM"}
{"level":"info","message":"Development Environment is Listening on port 3000","timestamp":"2:35:47 PM"}
{"level":"info","message":"Web URL : http://localhost:3000","timestamp":"2:35:47 PM"}
{"meta":"","level":"info","message":"","timestamp":"2:35:47 PM"}
{"level":"info","message":"$$$$$$$$$$$$$$$$$$$$$$$$","timestamp":"2:35:47 PM"}
{"meta":"","level":"info","message":"","timestamp":"2:35:47 PM"}
{"level":"info","message":"{ Status: 'Publish' }","timestamp":"2:35:55 PM"}
{"level":"info","message":"Error: Invalid sort() argument, must be array of arrays\n    at Query.sort (D:\\Admin\\SourceCode\\node_modules\\mongoose\\node_modules\\mquery\\lib\\mquery.js:1235:15)\n    at Query.sort (D:\\Admin\\SourceCode\\node_modules\\mongoose\\lib\\query.js:1698:26)\n    at Function.paginate (D:\\Admin\\SourceCode\\node_modules\\mongoose-paginate\\index.js:51:26)\n    at D:\\Admin\\SourceCode\\routes\\postservicecall.js:13151:28\n    at Layer.handle [as handle_request] (D:\\Admin\\SourceCode\\node_modules\\express\\lib\\router\\layer.js:95:5)\n    at next (D:\\Admin\\SourceCode\\node_modules\\express\\lib\\router\\route.js:131:13)\n    at Route.dispatch (D:\\Admin\\SourceCode\\node_modules\\express\\lib\\router\\route.js:112:3)\n    at Layer.handle [as handle_request] (D:\\Admin\\SourceCode\\node_modules\\express\\lib\\router\\layer.js:95:5)\n    at D:\\Admin\\SourceCode\\node_modules\\express\\lib\\router\\index.js:277:22\n    at Function.process_params (D:\\Admin\\SourceCode\\node_modules\\express\\lib\\router\\index.js:330:12)\n    at next (D:\\Admin\\SourceCode\\node_modules\\express\\lib\\router\\index.js:271:10)\n    at Function.handle (D:\\Admin\\SourceCode\\node_modules\\express\\lib\\router\\index.js:176:3)\n    at router (D:\\Admin\\SourceCode\\node_modules\\express\\lib\\router\\index.js:46:12)\n    at Layer.handle [as handle_request] (D:\\Admin\\SourceCode\\node_modules\\express\\lib\\router\\layer.js:95:5)\n    at trim_prefix (D:\\Admin\\SourceCode\\node_modules\\express\\lib\\router\\index.js:312:13)\n    at D:\\Admin\\SourceCode\\node_modules\\express\\lib\\router\\index.js:280:7\n    at Function.process_params (D:\\Admin\\SourceCode\\node_modules\\express\\lib\\router\\index.js:330:12)\n    at next (D:\\Admin\\SourceCode\\node_modules\\express\\lib\\router\\index.js:271:10)\n    at D:\\Admin\\SourceCode\\node_modules\\express\\lib\\router\\index.js:618:15\n    at next (D:\\Admin\\SourceCode\\node_modules\\express\\lib\\router\\index.js:256:14)\n    at Function.handle (D:\\Admin\\SourceCode\\node_modules\\express\\lib\\router\\index.js:176:3)\n    at router (D:\\Admin\\SourceCode\\node_modules\\express\\lib\\router\\index.js:46:12)","timestamp":"2:35:55 PM"}
{"level":"info","message":"{ Status: 'Publish' }","timestamp":"2:36:41 PM"}
{"level":"info","message":"Error: Invalid sort() argument, must be array of arrays\n    at Query.sort (D:\\Admin\\SourceCode\\node_modules\\mongoose\\node_modules\\mquery\\lib\\mquery.js:1235:15)\n    at Query.sort (D:\\Admin\\SourceCode\\node_modules\\mongoose\\lib\\query.js:1698:26)\n    at Function.paginate (D:\\Admin\\SourceCode\\node_modules\\mongoose-paginate\\index.js:51:26)\n    at D:\\Admin\\SourceCode\\routes\\postservicecall.js:13151:28\n    at Layer.handle [as handle_request] (D:\\Admin\\SourceCode\\node_modules\\express\\lib\\router\\layer.js:95:5)\n    at next (D:\\Admin\\SourceCode\\node_modules\\express\\lib\\router\\route.js:131:13)\n    at Route.dispatch (D:\\Admin\\SourceCode\\node_modules\\express\\lib\\router\\route.js:112:3)\n    at Layer.handle [as handle_request] (D:\\Admin\\SourceCode\\node_modules\\express\\lib\\router\\layer.js:95:5)\n    at D:\\Admin\\SourceCode\\node_modules\\express\\lib\\router\\index.js:277:22\n    at Function.process_params (D:\\Admin\\SourceCode\\node_modules\\express\\lib\\router\\index.js:330:12)\n    at next (D:\\Admin\\SourceCode\\node_modules\\express\\lib\\router\\index.js:271:10)\n    at Function.handle (D:\\Admin\\SourceCode\\node_modules\\express\\lib\\router\\index.js:176:3)\n    at router (D:\\Admin\\SourceCode\\node_modules\\express\\lib\\router\\index.js:46:12)\n    at Layer.handle [as handle_request] (D:\\Admin\\SourceCode\\node_modules\\express\\lib\\router\\layer.js:95:5)\n    at trim_prefix (D:\\Admin\\SourceCode\\node_modules\\express\\lib\\router\\index.js:312:13)\n    at D:\\Admin\\SourceCode\\node_modules\\express\\lib\\router\\index.js:280:7\n    at Function.process_params (D:\\Admin\\SourceCode\\node_modules\\express\\lib\\router\\index.js:330:12)\n    at next (D:\\Admin\\SourceCode\\node_modules\\express\\lib\\router\\index.js:271:10)\n    at D:\\Admin\\SourceCode\\node_modules\\express\\lib\\router\\index.js:618:15\n    at next (D:\\Admin\\SourceCode\\node_modules\\express\\lib\\router\\index.js:256:14)\n    at Function.handle (D:\\Admin\\SourceCode\\node_modules\\express\\lib\\router\\index.js:176:3)\n    at router (D:\\Admin\\SourceCode\\node_modules\\express\\lib\\router\\index.js:46:12)","timestamp":"2:36:41 PM"}
{"level":"info","message":"$$$$$$$$$$$$$$$$$$$$$$$$","timestamp":"2:40:11 PM"}
{"meta":"","level":"info","message":"","timestamp":"2:40:11 PM"}
{"level":"info","message":"Development Environment is Listening on port 3000","timestamp":"2:40:11 PM"}
{"level":"info","message":"Web URL : http://localhost:3000","timestamp":"2:40:11 PM"}
{"meta":"","level":"info","message":"","timestamp":"2:40:11 PM"}
{"level":"info","message":"$$$$$$$$$$$$$$$$$$$$$$$$","timestamp":"2:40:11 PM"}
{"meta":"","level":"info","message":"","timestamp":"2:40:11 PM"}
{"level":"info","message":"{ Status: 'Publish' }","timestamp":"2:40:27 PM"}
{"level":"info","message":"{ Status: 'Publish' }","timestamp":"2:40:34 PM"}
{"level":"info","message":"{ Status: 'Publish' }","timestamp":"2:40:35 PM"}
{"level":"info","message":"{ Status: 'Publish' }","timestamp":"2:40:36 PM"}
{"level":"info","message":"{ Status: 'Publish' }","timestamp":"2:40:39 PM"}
{"level":"info","message":"{ Status: 'Publish' }","timestamp":"2:40:43 PM"}
{"level":"info","message":"{ Status: 'Publish' }","timestamp":"2:40:45 PM"}
{"level":"info","message":"{ Status: 'Publish' }","timestamp":"2:40:46 PM"}
{"level":"info","message":"{ Status: 'Publish' }","timestamp":"2:42:45 PM"}
{"level":"info","message":"{ Status: 'Publish' }","timestamp":"2:42:51 PM"}
{"level":"info","message":"{ Status: 'Publish' }","timestamp":"2:42:52 PM"}
{"level":"info","message":"{ Status: 'Publish' }","timestamp":"2:42:55 PM"}
{"level":"info","message":"{ Status: 'Publish' }","timestamp":"2:42:58 PM"}
{"level":"info","message":"{ Status: 'Publish' }","timestamp":"2:43:00 PM"}
{"level":"info","message":"{ Status: 'Publish' }","timestamp":"2:43:04 PM"}
{"level":"info","message":"{ Status: 'Publish' }","timestamp":"2:43:12 PM"}
{"level":"info","message":"{ Status: 'Publish' }","timestamp":"2:43:38 PM"}
{"level":"info","message":"{ Status: 'Publish' }","timestamp":"2:43:41 PM"}
{"level":"info","message":"{ Status: 'Publish' }","timestamp":"2:43:44 PM"}
{"level":"info","message":"$$$$$$$$$$$$$$$$$$$$$$$$","timestamp":"2:44:43 PM"}
{"meta":"","level":"info","message":"","timestamp":"2:44:43 PM"}
{"level":"info","message":"Development Environment is Listening on port 3000","timestamp":"2:44:43 PM"}
{"level":"info","message":"Web URL : http://localhost:3000","timestamp":"2:44:43 PM"}
{"meta":"","level":"info","message":"","timestamp":"2:44:43 PM"}
{"level":"info","message":"$$$$$$$$$$$$$$$$$$$$$$$$","timestamp":"2:44:43 PM"}
{"meta":"","level":"info","message":"","timestamp":"2:44:43 PM"}
{"level":"info","message":"{ Status: 'Publish' }","timestamp":"2:45:05 PM"}
{"level":"info","message":"Error: Invalid sort() argument, must be array of arrays\n    at Query.sort (D:\\Admin\\SourceCode\\node_modules\\mongoose\\node_modules\\mquery\\lib\\mquery.js:1235:15)\n    at Query.sort (D:\\Admin\\SourceCode\\node_modules\\mongoose\\lib\\query.js:1698:26)\n    at Function.paginate (D:\\Admin\\SourceCode\\node_modules\\mongoose-paginate\\index.js:51:26)\n    at D:\\Admin\\SourceCode\\routes\\postservicecall.js:13151:28\n    at Layer.handle [as handle_request] (D:\\Admin\\SourceCode\\node_modules\\express\\lib\\router\\layer.js:95:5)\n    at next (D:\\Admin\\SourceCode\\node_modules\\express\\lib\\router\\route.js:131:13)\n    at Route.dispatch (D:\\Admin\\SourceCode\\node_modules\\express\\lib\\router\\route.js:112:3)\n    at Layer.handle [as handle_request] (D:\\Admin\\SourceCode\\node_modules\\express\\lib\\router\\layer.js:95:5)\n    at D:\\Admin\\SourceCode\\node_modules\\express\\lib\\router\\index.js:277:22\n    at Function.process_params (D:\\Admin\\SourceCode\\node_modules\\express\\lib\\router\\index.js:330:12)\n    at next (D:\\Admin\\SourceCode\\node_modules\\express\\lib\\router\\index.js:271:10)\n    at Function.handle (D:\\Admin\\SourceCode\\node_modules\\express\\lib\\router\\index.js:176:3)\n    at router (D:\\Admin\\SourceCode\\node_modules\\express\\lib\\router\\index.js:46:12)\n    at Layer.handle [as handle_request] (D:\\Admin\\SourceCode\\node_modules\\express\\lib\\router\\layer.js:95:5)\n    at trim_prefix (D:\\Admin\\SourceCode\\node_modules\\express\\lib\\router\\index.js:312:13)\n    at D:\\Admin\\SourceCode\\node_modules\\express\\lib\\router\\index.js:280:7\n    at Function.process_params (D:\\Admin\\SourceCode\\node_modules\\express\\lib\\router\\index.js:330:12)\n    at next (D:\\Admin\\SourceCode\\node_modules\\express\\lib\\router\\index.js:271:10)\n    at D:\\Admin\\SourceCode\\node_modules\\express\\lib\\router\\index.js:618:15\n    at next (D:\\Admin\\SourceCode\\node_modules\\express\\lib\\router\\index.js:256:14)\n    at Function.handle (D:\\Admin\\SourceCode\\node_modules\\express\\lib\\router\\index.js:176:3)\n    at router (D:\\Admin\\SourceCode\\node_modules\\express\\lib\\router\\index.js:46:12)","timestamp":"2:45:05 PM"}
{"level":"info","message":"{ Status: 'Publish' }","timestamp":"2:55:01 PM"}
{"level":"info","message":"Error: Invalid sort() argument, must be array of arrays\n    at Query.sort (D:\\Admin\\SourceCode\\node_modules\\mongoose\\node_modules\\mquery\\lib\\mquery.js:1235:15)\n    at Query.sort (D:\\Admin\\SourceCode\\node_modules\\mongoose\\lib\\query.js:1698:26)\n    at Function.paginate (D:\\Admin\\SourceCode\\node_modules\\mongoose-paginate\\index.js:51:26)\n    at D:\\Admin\\SourceCode\\routes\\postservicecall.js:13151:28\n    at Layer.handle [as handle_request] (D:\\Admin\\SourceCode\\node_modules\\express\\lib\\router\\layer.js:95:5)\n    at next (D:\\Admin\\SourceCode\\node_modules\\express\\lib\\router\\route.js:131:13)\n    at Route.dispatch (D:\\Admin\\SourceCode\\node_modules\\express\\lib\\router\\route.js:112:3)\n    at Layer.handle [as handle_request] (D:\\Admin\\SourceCode\\node_modules\\express\\lib\\router\\layer.js:95:5)\n    at D:\\Admin\\SourceCode\\node_modules\\express\\lib\\router\\index.js:277:22\n    at Function.process_params (D:\\Admin\\SourceCode\\node_modules\\express\\lib\\router\\index.js:330:12)\n    at next (D:\\Admin\\SourceCode\\node_modules\\express\\lib\\router\\index.js:271:10)\n    at Function.handle (D:\\Admin\\SourceCode\\node_modules\\express\\lib\\router\\index.js:176:3)\n    at router (D:\\Admin\\SourceCode\\node_modules\\express\\lib\\router\\index.js:46:12)\n    at Layer.handle [as handle_request] (D:\\Admin\\SourceCode\\node_modules\\express\\lib\\router\\layer.js:95:5)\n    at trim_prefix (D:\\Admin\\SourceCode\\node_modules\\express\\lib\\router\\index.js:312:13)\n    at D:\\Admin\\SourceCode\\node_modules\\express\\lib\\router\\index.js:280:7\n    at Function.process_params (D:\\Admin\\SourceCode\\node_modules\\express\\lib\\router\\index.js:330:12)\n    at next (D:\\Admin\\SourceCode\\node_modules\\express\\lib\\router\\index.js:271:10)\n    at D:\\Admin\\SourceCode\\node_modules\\express\\lib\\router\\index.js:618:15\n    at next (D:\\Admin\\SourceCode\\node_modules\\express\\lib\\router\\index.js:256:14)\n    at Function.handle (D:\\Admin\\SourceCode\\node_modules\\express\\lib\\router\\index.js:176:3)\n    at router (D:\\Admin\\SourceCode\\node_modules\\express\\lib\\router\\index.js:46:12)","timestamp":"2:55:01 PM"}
{"level":"info","message":"{ Status: 'Publish' }","timestamp":"3:03:42 PM"}
{"level":"info","message":"Error: Invalid sort() argument, must be array of arrays\n    at Query.sort (D:\\Admin\\SourceCode\\node_modules\\mongoose\\node_modules\\mquery\\lib\\mquery.js:1235:15)\n    at Query.sort (D:\\Admin\\SourceCode\\node_modules\\mongoose\\lib\\query.js:1698:26)\n    at Function.paginate (D:\\Admin\\SourceCode\\node_modules\\mongoose-paginate\\index.js:51:26)\n    at D:\\Admin\\SourceCode\\routes\\postservicecall.js:13151:28\n    at Layer.handle [as handle_request] (D:\\Admin\\SourceCode\\node_modules\\express\\lib\\router\\layer.js:95:5)\n    at next (D:\\Admin\\SourceCode\\node_modules\\express\\lib\\router\\route.js:131:13)\n    at Route.dispatch (D:\\Admin\\SourceCode\\node_modules\\express\\lib\\router\\route.js:112:3)\n    at Layer.handle [as handle_request] (D:\\Admin\\SourceCode\\node_modules\\express\\lib\\router\\layer.js:95:5)\n    at D:\\Admin\\SourceCode\\node_modules\\express\\lib\\router\\index.js:277:22\n    at Function.process_params (D:\\Admin\\SourceCode\\node_modules\\express\\lib\\router\\index.js:330:12)\n    at next (D:\\Admin\\SourceCode\\node_modules\\express\\lib\\router\\index.js:271:10)\n    at Function.handle (D:\\Admin\\SourceCode\\node_modules\\express\\lib\\router\\index.js:176:3)\n    at router (D:\\Admin\\SourceCode\\node_modules\\express\\lib\\router\\index.js:46:12)\n    at Layer.handle [as handle_request] (D:\\Admin\\SourceCode\\node_modules\\express\\lib\\router\\layer.js:95:5)\n    at trim_prefix (D:\\Admin\\SourceCode\\node_modules\\express\\lib\\router\\index.js:312:13)\n    at D:\\Admin\\SourceCode\\node_modules\\express\\lib\\router\\index.js:280:7\n    at Function.process_params (D:\\Admin\\SourceCode\\node_modules\\express\\lib\\router\\index.js:330:12)\n    at next (D:\\Admin\\SourceCode\\node_modules\\express\\lib\\router\\index.js:271:10)\n    at D:\\Admin\\SourceCode\\node_modules\\express\\lib\\router\\index.js:618:15\n    at next (D:\\Admin\\SourceCode\\node_modules\\express\\lib\\router\\index.js:256:14)\n    at Function.handle (D:\\Admin\\SourceCode\\node_modules\\express\\lib\\router\\index.js:176:3)\n    at router (D:\\Admin\\SourceCode\\node_modules\\express\\lib\\router\\index.js:46:12)","timestamp":"3:03:42 PM"}
{"level":"info","message":"$$$$$$$$$$$$$$$$$$$$$$$$","timestamp":"3:12:23 PM"}
{"meta":"","level":"info","message":"","timestamp":"3:12:23 PM"}
{"level":"info","message":"Development Environment is Listening on port 3000","timestamp":"3:12:23 PM"}
{"level":"info","message":"Web URL : http://localhost:3000","timestamp":"3:12:23 PM"}
{"meta":"","level":"info","message":"","timestamp":"3:12:23 PM"}
{"level":"info","message":"$$$$$$$$$$$$$$$$$$$$$$$$","timestamp":"3:12:23 PM"}
{"meta":"","level":"info","message":"","timestamp":"3:12:23 PM"}
{"level":"info","message":"{ Status: 'Publish' }","timestamp":"3:12:27 PM"}
{"level":"info","message":"{ Status: 'Publish' }","timestamp":"3:12:40 PM"}
{"level":"info","message":"{ Status: 'Publish' }","timestamp":"3:12:42 PM"}
{"level":"info","message":"{ Status: 'Publish' }","timestamp":"3:12:54 PM"}
{"level":"info","message":"{ Status: 'Publish' }","timestamp":"3:12:59 PM"}
{"level":"info","message":"{ Status: 'Publish' }","timestamp":"3:13:02 PM"}
{"level":"info","message":"{ Status: 'Publish' }","timestamp":"3:13:04 PM"}
{"level":"info","message":"{ Status: 'Publish' }","timestamp":"3:13:06 PM"}
{"level":"info","message":"{ Status: 'Publish' }","timestamp":"3:13:06 PM"}
{"level":"info","message":"$$$$$$$$$$$$$$$$$$$$$$$$","timestamp":"3:14:51 PM"}
{"meta":"","level":"info","message":"","timestamp":"3:14:51 PM"}
{"level":"info","message":"Development Environment is Listening on port 3000","timestamp":"3:14:51 PM"}
{"level":"info","message":"Web URL : http://localhost:3000","timestamp":"3:14:51 PM"}
{"meta":"","level":"info","message":"","timestamp":"3:14:51 PM"}
{"level":"info","message":"$$$$$$$$$$$$$$$$$$$$$$$$","timestamp":"3:14:51 PM"}
{"meta":"","level":"info","message":"","timestamp":"3:14:51 PM"}
{"level":"info","message":"{ Status: 'Publish' }","timestamp":"3:15:09 PM"}
{"level":"info","message":"{ Status: 'Publish' }","timestamp":"3:15:14 PM"}
{"level":"info","message":"{ Status: 'Publish' }","timestamp":"3:15:16 PM"}
{"level":"info","message":"{ Status: 'Publish' }","timestamp":"3:15:16 PM"}
{"level":"info","message":"{ Status: 'Publish' }","timestamp":"3:15:18 PM"}
{"level":"info","message":"{ Status: 'Publish' }","timestamp":"3:15:18 PM"}
{"level":"info","message":"{ Status: 'Publish' }","timestamp":"3:15:20 PM"}
{"level":"info","message":"{ Status: 'Publish' }","timestamp":"3:15:21 PM"}
{"level":"info","message":"{ Status: 'Publish' }","timestamp":"3:15:21 PM"}
{"level":"info","message":"{ Status: 'Publish' }","timestamp":"3:15:21 PM"}
{"level":"info","message":"{ Status: 'Publish' }","timestamp":"3:15:23 PM"}
{"level":"info","message":"{ Status: 'Publish' }","timestamp":"3:15:24 PM"}
{"level":"info","message":"{ Status: 'Publish' }","timestamp":"3:15:25 PM"}
{"level":"info","message":"{ Status: 'Publish' }","timestamp":"3:15:27 PM"}
{"level":"info","message":"{ Status: 'Publish' }","timestamp":"3:15:29 PM"}
{"level":"info","message":"{ Status: 'Publish' }","timestamp":"3:15:30 PM"}
{"level":"info","message":"{ Status: 'Publish' }","timestamp":"3:19:57 PM"}
{"level":"info","message":"{ Status: 'Publish' }","timestamp":"3:20:04 PM"}
{"level":"info","message":"{ Status: 'Publish' }","timestamp":"3:20:05 PM"}
{"level":"info","message":"{ Status: 'Publish' }","timestamp":"3:20:06 PM"}
{"level":"info","message":"{ Status: 'Publish' }","timestamp":"3:20:08 PM"}
{"level":"info","message":"{ Status: 'Publish' }","timestamp":"3:20:09 PM"}
{"level":"info","message":"{ Status: 'Publish' }","timestamp":"3:20:10 PM"}
{"level":"info","message":"{ Status: 'Publish' }","timestamp":"3:20:11 PM"}
{"level":"info","message":"{ Status: 'Publish' }","timestamp":"3:20:12 PM"}
{"level":"info","message":"{ Status: 'Publish' }","timestamp":"3:20:14 PM"}
{"level":"info","message":"{ Status: 'Publish' }","timestamp":"3:20:14 PM"}
{"level":"info","message":"{ Status: 'Publish' }","timestamp":"3:20:15 PM"}
{"level":"info","message":"{ Status: 'Publish' }","timestamp":"3:20:16 PM"}
{"level":"info","message":"{ Status: 'Publish' }","timestamp":"3:20:53 PM"}
{"level":"info","message":"{ Status: 'Publish' }","timestamp":"3:24:04 PM"}
{"level":"info","message":"{ Status: 'Publish' }","timestamp":"3:24:05 PM"}
{"level":"info","message":"{ Status: 'Publish' }","timestamp":"3:24:05 PM"}
{"level":"info","message":"{ Status: 'Publish' }","timestamp":"3:24:06 PM"}
{"level":"info","message":"$$$$$$$$$$$$$$$$$$$$$$$$","timestamp":"3:44:05 PM"}
{"meta":"","level":"info","message":"","timestamp":"3:44:05 PM"}
{"level":"info","message":"Development Environment is Listening on port 3000","timestamp":"3:44:05 PM"}
{"level":"info","message":"Web URL : http://localhost:3000","timestamp":"3:44:05 PM"}
{"meta":"","level":"info","message":"","timestamp":"3:44:05 PM"}
{"level":"info","message":"$$$$$$$$$$$$$$$$$$$$$$$$","timestamp":"3:44:05 PM"}
{"meta":"","level":"info","message":"","timestamp":"3:44:05 PM"}
{"level":"info","message":"$$$$$$$$$$$$$$$$$$$$$$$$","timestamp":"3:48:32 PM"}
{"meta":"","level":"info","message":"","timestamp":"3:48:32 PM"}
{"level":"info","message":"Development Environment is Listening on port 3000","timestamp":"3:48:32 PM"}
{"level":"info","message":"Web URL : http://localhost:3000","timestamp":"3:48:32 PM"}
{"meta":"","level":"info","message":"","timestamp":"3:48:32 PM"}
{"level":"info","message":"$$$$$$$$$$$$$$$$$$$$$$$$","timestamp":"3:48:32 PM"}
{"meta":"","level":"info","message":"","timestamp":"3:48:32 PM"}
{"level":"info","message":"$$$$$$$$$$$$$$$$$$$$$$$$","timestamp":"3:51:54 PM"}
{"meta":"","level":"info","message":"","timestamp":"3:51:54 PM"}
{"level":"info","message":"Development Environment is Listening on port 3000","timestamp":"3:51:54 PM"}
{"level":"info","message":"Web URL : http://localhost:3000","timestamp":"3:51:54 PM"}
{"meta":"","level":"info","message":"","timestamp":"3:51:54 PM"}
{"level":"info","message":"$$$$$$$$$$$$$$$$$$$$$$$$","timestamp":"3:51:54 PM"}
{"meta":"","level":"info","message":"","timestamp":"3:51:54 PM"}
{"level":"info","message":"$$$$$$$$$$$$$$$$$$$$$$$$","timestamp":"4:25:59 PM"}
{"meta":"","level":"info","message":"","timestamp":"4:25:59 PM"}
{"level":"info","message":"Development Environment is Listening on port 3000","timestamp":"4:25:59 PM"}
{"level":"info","message":"Web URL : http://localhost:3000","timestamp":"4:25:59 PM"}
{"meta":"","level":"info","message":"","timestamp":"4:25:59 PM"}
{"level":"info","message":"$$$$$$$$$$$$$$$$$$$$$$$$","timestamp":"4:25:59 PM"}
{"meta":"","level":"info","message":"","timestamp":"4:25:59 PM"}
{"level":"info","message":"$$$$$$$$$$$$$$$$$$$$$$$$","timestamp":"4:45:17 PM"}
{"meta":"","level":"info","message":"","timestamp":"4:45:17 PM"}
{"level":"info","message":"Development Environment is Listening on port 3000","timestamp":"4:45:17 PM"}
{"level":"info","message":"Web URL : http://localhost:3000","timestamp":"4:45:17 PM"}
{"meta":"","level":"info","message":"","timestamp":"4:45:17 PM"}
{"level":"info","message":"$$$$$$$$$$$$$$$$$$$$$$$$","timestamp":"4:45:17 PM"}
{"meta":"","level":"info","message":"","timestamp":"4:45:17 PM"}
{"level":"info","message":"$$$$$$$$$$$$$$$$$$$$$$$$","timestamp":"4:53:15 PM"}
{"meta":"","level":"info","message":"","timestamp":"4:53:15 PM"}
{"level":"info","message":"Development Environment is Listening on port 3000","timestamp":"4:53:15 PM"}
{"level":"info","message":"Web URL : http://localhost:3000","timestamp":"4:53:15 PM"}
{"meta":"","level":"info","message":"","timestamp":"4:53:15 PM"}
{"level":"info","message":"$$$$$$$$$$$$$$$$$$$$$$$$","timestamp":"4:53:15 PM"}
{"meta":"","level":"info","message":"","timestamp":"4:53:15 PM"}
