{"level":"info","message":"{ Status: 'Publish' }","timestamp":"9:14:13 AM"}
{"level":"info","message":"{ Status: 'Publish' }","timestamp":"9:14:16 AM"}
{"level":"info","message":"{ Status: 'Publish' }","timestamp":"9:14:18 AM"}
{"level":"info","message":"{ Status: 'Publish' }","timestamp":"9:14:21 AM"}
{"level":"info","message":"{ Status: 'Publish' }","timestamp":"9:14:23 AM"}
{"level":"info","message":"{ Status: 'Publish' }","timestamp":"9:14:24 AM"}
{"level":"info","message":"{ Status: 'Publish' }","timestamp":"9:14:26 AM"}
{"level":"info","message":"{ Status: 'Publish' }","timestamp":"9:14:29 AM"}
{"level":"info","message":"{ Status: 'Publish' }","timestamp":"9:14:34 AM"}
{"level":"info","message":"{ Status: 'Publish' }","timestamp":"9:14:37 AM"}
{"level":"info","message":"{ Status: 'Publish' }","timestamp":"9:14:39 AM"}
{"level":"info","message":"{ Status: 'Publish' }","timestamp":"9:14:41 AM"}
{"level":"info","message":"{ Status: 'Publish', Category: /personal/i }","timestamp":"9:15:11 AM"}
{"level":"info","message":"{ Status: 'Publish', Category: /personal/i }","timestamp":"9:15:21 AM"}
{"level":"info","message":"{ Status: 'Publish', Category: /personal/i }","timestamp":"9:15:22 AM"}
{"level":"info","message":"{ Status: 'Publish', Category: /personal/i }","timestamp":"9:15:25 AM"}
{"level":"info","message":"{ Status: 'Publish', Category: /personal/i }","timestamp":"9:15:31 AM"}
{"level":"info","message":"{ Status: 'Publish', Category: /personal/i }","timestamp":"9:15:31 AM"}
{"level":"info","message":"{ Status: 'Publish', Category: /personal/i }","timestamp":"9:15:32 AM"}
{"level":"info","message":"{ Status: 'Publish', Category: /personal/i }","timestamp":"9:15:33 AM"}
{"level":"info","message":"{ Status: 'Publish', Category: /personal/i }","timestamp":"9:15:34 AM"}
{"level":"info","message":"{ Status: 'Publish', Category: /personal/i }","timestamp":"9:15:35 AM"}
{"level":"info","message":"{ Status: 'Publish', Category: /personal/i }","timestamp":"9:15:36 AM"}
{"level":"info","message":"{ Status: 'Publish', Category: /personal/i }","timestamp":"9:15:37 AM"}
{"level":"info","message":"{ Status: 'Publish', Category: /personal/i }","timestamp":"9:15:37 AM"}
{"level":"info","message":"{ Status: 'Publish', Category: /personal/i }","timestamp":"9:15:37 AM"}
{"level":"info","message":"{ Status: 'Publish', Category: /personal/i }","timestamp":"9:15:38 AM"}
{"level":"info","message":"{ Status: 'Publish', Category: /personal/i }","timestamp":"9:15:39 AM"}
{"level":"info","message":"{ Status: 'Publish', Category: /personal/i }","timestamp":"9:15:40 AM"}
{"level":"info","message":"{ Status: 'Publish', Category: /personal/i }","timestamp":"9:15:41 AM"}
{"level":"info","message":"{ Status: 'Publish', Category: /personal/i }","timestamp":"9:15:41 AM"}
{"level":"info","message":"{ Status: 'Publish', Category: /personal/i }","timestamp":"9:15:42 AM"}
{"level":"info","message":"{ Status: 'Publish', Category: /personal/i }","timestamp":"9:15:42 AM"}
{"level":"info","message":"{ Status: 'Publish', Category: /personal/i }","timestamp":"9:15:43 AM"}
{"level":"info","message":"{ Status: 'Publish', Category: /personal/i }","timestamp":"9:15:44 AM"}
{"level":"info","message":"{ Status: 'Publish', Category: /personal/i }","timestamp":"9:15:45 AM"}
{"level":"info","message":"{ Status: 'Publish', Category: /personal/i }","timestamp":"9:15:45 AM"}
{"level":"info","message":"{ Status: 'Publish', Category: /personal/i }","timestamp":"9:15:45 AM"}
{"level":"info","message":"{ Status: 'Publish', Category: /personal/i }","timestamp":"9:15:45 AM"}
{"level":"info","message":"{ Status: 'Publish', Category: /personal/i }","timestamp":"9:15:45 AM"}
{"level":"info","message":"{ Status: 'Publish' }","timestamp":"9:15:50 AM"}
{"level":"info","message":"{ Status: 'Publish' }","timestamp":"9:18:23 AM"}
{"level":"info","message":"{ Status: 'Publish' }","timestamp":"9:18:25 AM"}
{"level":"info","message":"{ Status: 'Publish' }","timestamp":"9:18:29 AM"}
{"level":"info","message":"{ Status: 'Publish' }","timestamp":"9:18:37 AM"}
{"level":"info","message":"{ Status: 'Publish' }","timestamp":"9:18:42 AM"}
{"level":"info","message":"{ Status: 'Publish', Category: /insurance/i }","timestamp":"9:18:56 AM"}
{"level":"info","message":"{ Status: 'Publish', Category: /insurance/i }","timestamp":"9:19:03 AM"}
{"level":"info","message":"{ Status: 'Publish', Category: /insurance/i }","timestamp":"9:19:05 AM"}
{"level":"info","message":"{ Status: 'Publish', Category: /insurance/i }","timestamp":"9:19:07 AM"}
{"level":"info","message":"{ Status: 'Publish', Category: /insurance/i }","timestamp":"9:19:08 AM"}
{"level":"info","message":"{ Status: 'Publish', Category: /insurance/i }","timestamp":"9:19:09 AM"}
{"level":"info","message":"{ Status: 'Publish', Category: /insurance/i }","timestamp":"9:19:10 AM"}
{"level":"info","message":"{ Status: 'Publish', Category: /insurance/i }","timestamp":"9:19:27 AM"}
{"level":"info","message":"DateRange from 2024-01-08T18:30:00.000Z to 2024-01-09T18:30:00.000Z","timestamp":"10:04:05 AM"}
{"level":"info","message":"DateRange from 2024-01-08T18:30:00.000Z to 2024-01-09T18:30:00.000Z","timestamp":"10:04:47 AM"}
{"level":"info","message":"DateRange from 2024-01-08T18:30:00.000Z to 2024-01-09T18:30:00.000Z","timestamp":"10:04:48 AM"}
{"level":"info","message":"DateRange from 2024-01-08T18:30:00.000Z to 2024-01-09T18:30:00.000Z","timestamp":"10:04:48 AM"}
{"level":"info","message":"DateRange from 2024-01-08T18:30:00.000Z to 2024-01-09T18:30:00.000Z","timestamp":"10:04:48 AM"}
{"level":"info","message":"DateRange from 2024-01-08T18:30:00.000Z to 2024-01-09T18:30:00.000Z","timestamp":"10:04:49 AM"}
{"level":"info","message":"DateRange from 2024-01-08T18:30:00.000Z to 2024-01-09T18:30:00.000Z","timestamp":"10:34:44 AM"}
{"level":"info","message":"{ Status: 'Publish' }","timestamp":"2:07:15 PM"}
{"level":"info","message":"{ Status: 'Publish' }","timestamp":"2:19:47 PM"}
{"level":"info","message":"{ Status: 'Publish' }","timestamp":"2:25:10 PM"}
{"level":"info","message":"{ Status: 'Publish' }","timestamp":"2:40:32 PM"}
{"level":"info","message":"$$$$$$$$$$$$$$$$$$$$$$$$","timestamp":"6:10:09 PM"}
{"meta":"","level":"info","message":"","timestamp":"6:10:09 PM"}
{"level":"info","message":"Development Environment is Listening on port 3000","timestamp":"6:10:09 PM"}
{"level":"info","message":"Web URL : http://localhost:3000","timestamp":"6:10:09 PM"}
{"meta":"","level":"info","message":"","timestamp":"6:10:09 PM"}
{"level":"info","message":"$$$$$$$$$$$$$$$$$$$$$$$$","timestamp":"6:10:09 PM"}
{"meta":"","level":"info","message":"","timestamp":"6:10:09 PM"}
{"level":"info","message":"{ Status: 'Publish' }","timestamp":"6:10:42 PM"}
{"level":"info","message":"{ Status: 'Publish' }","timestamp":"6:10:50 PM"}
{"level":"info","message":"{ Status: 'Publish' }","timestamp":"6:11:05 PM"}
{"level":"info","message":"{ Status: 'Publish' }","timestamp":"6:13:48 PM"}
