{"level":"info","message":"$$$$$$$$$$$$$$$$$$$$$$$$","timestamp":"9:39:09 AM"}
{"meta":"","level":"info","message":"","timestamp":"9:39:09 AM"}
{"level":"info","message":"Production Environment is Listening on port 3000","timestamp":"9:39:09 AM"}
{"level":"info","message":"Web URL : http://localhost:3000","timestamp":"9:39:09 AM"}
{"meta":"","level":"info","message":"","timestamp":"9:39:09 AM"}
{"level":"info","message":"$$$$$$$$$$$$$$$$$$$$$$$$","timestamp":"9:39:09 AM"}
{"meta":"","level":"info","message":"","timestamp":"9:39:09 AM"}
{"level":"info","message":"$$$$$$$$$$$$$$$$$$$$$$$$","timestamp":"12:42:29 PM"}
{"meta":"","level":"info","message":"","timestamp":"12:42:29 PM"}
{"level":"info","message":"Production Environment is Listening on port 3000","timestamp":"12:42:29 PM"}
{"level":"info","message":"Web URL : http://localhost:3000","timestamp":"12:42:29 PM"}
{"meta":"","level":"info","message":"","timestamp":"12:42:29 PM"}
{"level":"info","message":"$$$$$$$$$$$$$$$$$$$$$$$$","timestamp":"12:42:29 PM"}
{"meta":"","level":"info","message":"","timestamp":"12:42:29 PM"}
{"level":"info","message":"$$$$$$$$$$$$$$$$$$$$$$$$","timestamp":"12:42:59 PM"}
{"meta":"","level":"info","message":"","timestamp":"12:42:59 PM"}
{"level":"info","message":"Production Environment is Listening on port 3000","timestamp":"12:42:59 PM"}
{"level":"info","message":"Web URL : http://localhost:3000","timestamp":"12:42:59 PM"}
{"meta":"","level":"info","message":"","timestamp":"12:42:59 PM"}
{"level":"info","message":"$$$$$$$$$$$$$$$$$$$$$$$$","timestamp":"12:42:59 PM"}
{"meta":"","level":"info","message":"","timestamp":"12:42:59 PM"}
{"level":"info","message":"$$$$$$$$$$$$$$$$$$$$$$$$","timestamp":"1:44:39 PM"}
{"meta":"","level":"info","message":"","timestamp":"1:44:39 PM"}
{"level":"info","message":"Production Environment is Listening on port 3000","timestamp":"1:44:39 PM"}
{"level":"info","message":"Web URL : http://localhost:3000","timestamp":"1:44:39 PM"}
{"meta":"","level":"info","message":"","timestamp":"1:44:39 PM"}
{"level":"info","message":"$$$$$$$$$$$$$$$$$$$$$$$$","timestamp":"1:44:39 PM"}
{"meta":"","level":"info","message":"","timestamp":"1:44:39 PM"}
{"level":"info","message":"$$$$$$$$$$$$$$$$$$$$$$$$","timestamp":"2:26:28 PM"}
{"meta":"","level":"info","message":"","timestamp":"2:26:28 PM"}
{"level":"info","message":"Production Environment is Listening on port 3000","timestamp":"2:26:28 PM"}
{"level":"info","message":"Web URL : http://localhost:3000","timestamp":"2:26:28 PM"}
{"meta":"","level":"info","message":"","timestamp":"2:26:28 PM"}
{"level":"info","message":"$$$$$$$$$$$$$$$$$$$$$$$$","timestamp":"2:26:28 PM"}
{"meta":"","level":"info","message":"","timestamp":"2:26:28 PM"}
{"level":"info","message":"$$$$$$$$$$$$$$$$$$$$$$$$","timestamp":"2:35:59 PM"}
{"meta":"","level":"info","message":"","timestamp":"2:35:59 PM"}
{"level":"info","message":"Production Environment is Listening on port 3000","timestamp":"2:35:59 PM"}
{"level":"info","message":"Web URL : http://localhost:3000","timestamp":"2:35:59 PM"}
{"meta":"","level":"info","message":"","timestamp":"2:35:59 PM"}
{"level":"info","message":"$$$$$$$$$$$$$$$$$$$$$$$$","timestamp":"2:35:59 PM"}
{"meta":"","level":"info","message":"","timestamp":"2:35:59 PM"}
{"level":"info","message":"$$$$$$$$$$$$$$$$$$$$$$$$","timestamp":"2:50:44 PM"}
{"meta":"","level":"info","message":"","timestamp":"2:50:44 PM"}
{"level":"info","message":"Production Environment is Listening on port 3000","timestamp":"2:50:44 PM"}
{"level":"info","message":"Web URL : http://localhost:3000","timestamp":"2:50:44 PM"}
{"meta":"","level":"info","message":"","timestamp":"2:50:44 PM"}
{"level":"info","message":"$$$$$$$$$$$$$$$$$$$$$$$$","timestamp":"2:50:44 PM"}
{"meta":"","level":"info","message":"","timestamp":"2:50:44 PM"}
{"level":"info","message":"$$$$$$$$$$$$$$$$$$$$$$$$","timestamp":"3:53:23 PM"}
{"meta":"","level":"info","message":"","timestamp":"3:53:23 PM"}
{"level":"info","message":"Production Environment is Listening on port 3000","timestamp":"3:53:23 PM"}
{"level":"info","message":"Web URL : http://localhost:3000","timestamp":"3:53:23 PM"}
{"meta":"","level":"info","message":"","timestamp":"3:53:23 PM"}
{"level":"info","message":"$$$$$$$$$$$$$$$$$$$$$$$$","timestamp":"3:53:23 PM"}
{"meta":"","level":"info","message":"","timestamp":"3:53:23 PM"}
{"level":"info","message":"$$$$$$$$$$$$$$$$$$$$$$$$","timestamp":"4:44:54 PM"}
{"meta":"","level":"info","message":"","timestamp":"4:44:54 PM"}
{"level":"info","message":"Production Environment is Listening on port 3000","timestamp":"4:44:54 PM"}
{"level":"info","message":"Web URL : http://localhost:3000","timestamp":"4:44:54 PM"}
{"meta":"","level":"info","message":"","timestamp":"4:44:54 PM"}
{"level":"info","message":"$$$$$$$$$$$$$$$$$$$$$$$$","timestamp":"4:44:54 PM"}
{"meta":"","level":"info","message":"","timestamp":"4:44:54 PM"}
{"level":"info","message":"DateRange from 2024-04-03T18:30:00.000Z to 2024-04-04T18:30:00.000Z","timestamp":"4:44:57 PM"}
{"level":"info","message":"DateRange from 2024-04-03T18:30:00.000Z to 2024-04-04T18:30:00.000Z","timestamp":"4:51:14 PM"}
{"level":"info","message":"DateRange from 2024-04-03T18:30:00.000Z to 2024-04-04T18:30:00.000Z","timestamp":"4:51:14 PM"}
{"level":"info","message":"DateRange from 2024-04-03T18:30:00.000Z to 2024-04-04T18:30:00.000Z","timestamp":"4:52:09 PM"}
{"level":"info","message":"DateRange from 2024-04-03T18:30:00.000Z to 2024-04-04T18:30:00.000Z","timestamp":"4:52:09 PM"}
{"level":"info","message":"DateRange from 2024-04-03T18:30:00.000Z to 2024-04-04T18:30:00.000Z","timestamp":"4:52:33 PM"}
{"level":"info","message":"DateRange from 2024-04-03T18:30:00.000Z to 2024-04-04T18:30:00.000Z","timestamp":"4:52:33 PM"}
{"level":"info","message":"DateRange from 2024-04-03T18:30:00.000Z to 2024-04-04T18:30:00.000Z","timestamp":"4:52:49 PM"}
{"level":"info","message":"DateRange from 2024-04-03T18:30:00.000Z to 2024-04-04T18:30:00.000Z","timestamp":"4:52:49 PM"}
{"level":"info","message":"DateRange from 2024-04-03T18:30:00.000Z to 2024-04-04T18:30:00.000Z","timestamp":"4:53:04 PM"}
{"level":"info","message":"DateRange from 2024-04-03T18:30:00.000Z to 2024-04-04T18:30:00.000Z","timestamp":"4:53:04 PM"}
{"level":"info","message":"DateRange from 2024-04-03T18:30:00.000Z to 2024-04-04T18:30:00.000Z","timestamp":"4:53:11 PM"}
{"level":"info","message":"DateRange from 2024-04-03T18:30:00.000Z to 2024-04-04T18:30:00.000Z","timestamp":"4:53:11 PM"}
{"level":"info","message":"DateRange from 2024-04-03T18:30:00.000Z to 2024-04-04T18:30:00.000Z","timestamp":"4:53:37 PM"}
{"level":"info","message":"DateRange from 2024-04-03T18:30:00.000Z to 2024-04-04T18:30:00.000Z","timestamp":"4:53:37 PM"}
{"level":"info","message":"DateRange from 2024-04-03T18:30:00.000Z to 2024-04-04T18:30:00.000Z","timestamp":"4:53:53 PM"}
{"level":"info","message":"DateRange from 2024-04-03T18:30:00.000Z to 2024-04-04T18:30:00.000Z","timestamp":"4:53:59 PM"}
{"level":"info","message":"DateRange from 2024-04-03T18:30:00.000Z to 2024-04-04T18:30:00.000Z","timestamp":"5:04:25 PM"}
{"level":"info","message":"DateRange from 2024-04-03T18:30:00.000Z to 2024-04-04T18:30:00.000Z","timestamp":"5:05:06 PM"}
{"level":"info","message":"DateRange from 2024-04-03T18:30:00.000Z to 2024-04-04T18:30:00.000Z","timestamp":"5:06:29 PM"}
{"level":"info","message":"DateRange from 2024-04-03T18:30:00.000Z to 2024-04-04T18:30:00.000Z","timestamp":"5:23:59 PM"}
{"level":"info","message":"DateRange from 2024-04-03T18:30:00.000Z to 2024-04-04T18:30:00.000Z","timestamp":"5:24:12 PM"}
{"level":"info","message":"DateRange from 2024-04-03T18:30:00.000Z to 2024-04-04T18:30:00.000Z","timestamp":"5:24:20 PM"}
