{"level":"info","message":"$$$$$$$$$$$$$$$$$$$$$$$$","timestamp":"11:28:55 AM"}
{"meta":"","level":"info","message":"","timestamp":"11:28:55 AM"}
{"level":"info","message":"Development Environment is Listening on port 3000","timestamp":"11:28:55 AM"}
{"level":"info","message":"Web URL : http://localhost:3000","timestamp":"11:28:55 AM"}
{"meta":"","level":"info","message":"","timestamp":"11:28:55 AM"}
{"level":"info","message":"$$$$$$$$$$$$$$$$$$$$$$$$","timestamp":"11:28:55 AM"}
{"meta":"","level":"info","message":"","timestamp":"11:28:55 AM"}
{"level":"info","message":"Connected to Database","timestamp":"11:28:55 AM"}
{"level":"info","message":"$$$$$$$$$$$$$$$$$$$$$$$$","timestamp":"11:35:09 AM"}
{"meta":"","level":"info","message":"","timestamp":"11:35:09 AM"}
{"level":"info","message":"Development Environment is Listening on port 3000","timestamp":"11:35:09 AM"}
{"level":"info","message":"Web URL : http://localhost:3000","timestamp":"11:35:09 AM"}
{"meta":"","level":"info","message":"","timestamp":"11:35:09 AM"}
{"level":"info","message":"$$$$$$$$$$$$$$$$$$$$$$$$","timestamp":"11:35:09 AM"}
{"meta":"","level":"info","message":"","timestamp":"11:35:09 AM"}
{"level":"info","message":"Connected to Database","timestamp":"11:35:09 AM"}
{"level":"info","message":"$$$$$$$$$$$$$$$$$$$$$$$$","timestamp":"11:51:12 AM"}
{"meta":"","level":"info","message":"","timestamp":"11:51:12 AM"}
{"level":"info","message":"Development Environment is Listening on port 3000","timestamp":"11:51:12 AM"}
{"level":"info","message":"Web URL : http://localhost:3000","timestamp":"11:51:12 AM"}
{"meta":"","level":"info","message":"","timestamp":"11:51:12 AM"}
{"level":"info","message":"$$$$$$$$$$$$$$$$$$$$$$$$","timestamp":"11:51:12 AM"}
{"meta":"","level":"info","message":"","timestamp":"11:51:12 AM"}
{"level":"info","message":"Connected to Database","timestamp":"11:51:12 AM"}
{"level":"info","message":"$$$$$$$$$$$$$$$$$$$$$$$$","timestamp":"11:58:51 AM"}
{"meta":"","level":"info","message":"","timestamp":"11:58:51 AM"}
{"level":"info","message":"Development Environment is Listening on port 3000","timestamp":"11:58:51 AM"}
{"level":"info","message":"Web URL : http://localhost:3000","timestamp":"11:58:51 AM"}
{"meta":"","level":"info","message":"","timestamp":"11:58:51 AM"}
{"level":"info","message":"$$$$$$$$$$$$$$$$$$$$$$$$","timestamp":"11:58:51 AM"}
{"meta":"","level":"info","message":"","timestamp":"11:58:51 AM"}
{"level":"info","message":"Connected to Database","timestamp":"11:58:52 AM"}
{"level":"info","message":"$$$$$$$$$$$$$$$$$$$$$$$$","timestamp":"11:59:50 AM"}
{"meta":"","level":"info","message":"","timestamp":"11:59:50 AM"}
{"level":"info","message":"Development Environment is Listening on port 3000","timestamp":"11:59:50 AM"}
{"level":"info","message":"Web URL : http://localhost:3000","timestamp":"11:59:50 AM"}
{"meta":"","level":"info","message":"","timestamp":"11:59:50 AM"}
{"level":"info","message":"$$$$$$$$$$$$$$$$$$$$$$$$","timestamp":"11:59:50 AM"}
{"meta":"","level":"info","message":"","timestamp":"11:59:50 AM"}
{"level":"info","message":"Connected to Database","timestamp":"11:59:51 AM"}
{"level":"info","message":"$$$$$$$$$$$$$$$$$$$$$$$$","timestamp":"12:01:05 PM"}
{"meta":"","level":"info","message":"","timestamp":"12:01:05 PM"}
{"level":"info","message":"Development Environment is Listening on port 3000","timestamp":"12:01:05 PM"}
{"level":"info","message":"Web URL : http://localhost:3000","timestamp":"12:01:05 PM"}
{"meta":"","level":"info","message":"","timestamp":"12:01:05 PM"}
{"level":"info","message":"$$$$$$$$$$$$$$$$$$$$$$$$","timestamp":"12:01:05 PM"}
{"meta":"","level":"info","message":"","timestamp":"12:01:05 PM"}
{"level":"info","message":"Connected to Database","timestamp":"12:01:05 PM"}
{"level":"info","message":"$$$$$$$$$$$$$$$$$$$$$$$$","timestamp":"12:07:24 PM"}
{"meta":"","level":"info","message":"","timestamp":"12:07:24 PM"}
{"level":"info","message":"Development Environment is Listening on port 3000","timestamp":"12:07:24 PM"}
{"level":"info","message":"Web URL : http://localhost:3000","timestamp":"12:07:24 PM"}
{"meta":"","level":"info","message":"","timestamp":"12:07:24 PM"}
{"level":"info","message":"$$$$$$$$$$$$$$$$$$$$$$$$","timestamp":"12:07:24 PM"}
{"meta":"","level":"info","message":"","timestamp":"12:07:24 PM"}
{"level":"info","message":"Connected to Database","timestamp":"12:07:24 PM"}
{"level":"info","message":"$$$$$$$$$$$$$$$$$$$$$$$$","timestamp":"12:08:07 PM"}
{"meta":"","level":"info","message":"","timestamp":"12:08:07 PM"}
{"level":"info","message":"Development Environment is Listening on port 3000","timestamp":"12:08:07 PM"}
{"level":"info","message":"Web URL : http://localhost:3000","timestamp":"12:08:07 PM"}
{"meta":"","level":"info","message":"","timestamp":"12:08:07 PM"}
{"level":"info","message":"$$$$$$$$$$$$$$$$$$$$$$$$","timestamp":"12:08:07 PM"}
{"meta":"","level":"info","message":"","timestamp":"12:08:07 PM"}
{"level":"info","message":"Connected to Database","timestamp":"12:08:07 PM"}
{"level":"info","message":"$$$$$$$$$$$$$$$$$$$$$$$$","timestamp":"1:31:10 PM"}
{"meta":"","level":"info","message":"","timestamp":"1:31:10 PM"}
{"level":"info","message":"Development Environment is Listening on port 3000","timestamp":"1:31:10 PM"}
{"level":"info","message":"Web URL : http://localhost:3000","timestamp":"1:31:10 PM"}
{"meta":"","level":"info","message":"","timestamp":"1:31:10 PM"}
{"level":"info","message":"$$$$$$$$$$$$$$$$$$$$$$$$","timestamp":"1:31:10 PM"}
{"meta":"","level":"info","message":"","timestamp":"1:31:10 PM"}
{"level":"info","message":"Connected to Database","timestamp":"1:31:10 PM"}
{"level":"info","message":"$$$$$$$$$$$$$$$$$$$$$$$$","timestamp":"2:57:28 PM"}
{"meta":"","level":"info","message":"","timestamp":"2:57:28 PM"}
{"level":"info","message":"Development Environment is Listening on port 3000","timestamp":"2:57:28 PM"}
{"level":"info","message":"Web URL : http://localhost:3000","timestamp":"2:57:28 PM"}
{"meta":"","level":"info","message":"","timestamp":"2:57:28 PM"}
{"level":"info","message":"$$$$$$$$$$$$$$$$$$$$$$$$","timestamp":"2:57:28 PM"}
{"meta":"","level":"info","message":"","timestamp":"2:57:28 PM"}
{"level":"info","message":"Connected to Database","timestamp":"2:57:29 PM"}
{"level":"info","message":"$$$$$$$$$$$$$$$$$$$$$$$$","timestamp":"3:00:03 PM"}
{"meta":"","level":"info","message":"","timestamp":"3:00:03 PM"}
{"level":"info","message":"Development Environment is Listening on port 3000","timestamp":"3:00:03 PM"}
{"level":"info","message":"Web URL : http://localhost:3000","timestamp":"3:00:03 PM"}
{"meta":"","level":"info","message":"","timestamp":"3:00:03 PM"}
{"level":"info","message":"$$$$$$$$$$$$$$$$$$$$$$$$","timestamp":"3:00:03 PM"}
{"meta":"","level":"info","message":"","timestamp":"3:00:03 PM"}
{"level":"info","message":"Connected to Database","timestamp":"3:00:03 PM"}
{"level":"info","message":"$$$$$$$$$$$$$$$$$$$$$$$$","timestamp":"3:02:00 PM"}
{"meta":"","level":"info","message":"","timestamp":"3:02:00 PM"}
{"level":"info","message":"Development Environment is Listening on port 3000","timestamp":"3:02:00 PM"}
{"level":"info","message":"Web URL : http://localhost:3000","timestamp":"3:02:00 PM"}
{"meta":"","level":"info","message":"","timestamp":"3:02:00 PM"}
{"level":"info","message":"$$$$$$$$$$$$$$$$$$$$$$$$","timestamp":"3:02:00 PM"}
{"meta":"","level":"info","message":"","timestamp":"3:02:00 PM"}
{"level":"info","message":"Connected to Database","timestamp":"3:02:01 PM"}
{"level":"info","message":"$$$$$$$$$$$$$$$$$$$$$$$$","timestamp":"3:03:00 PM"}
{"meta":"","level":"info","message":"","timestamp":"3:03:00 PM"}
{"level":"info","message":"Development Environment is Listening on port 3000","timestamp":"3:03:00 PM"}
{"level":"info","message":"Web URL : http://localhost:3000","timestamp":"3:03:00 PM"}
{"meta":"","level":"info","message":"","timestamp":"3:03:00 PM"}
{"level":"info","message":"$$$$$$$$$$$$$$$$$$$$$$$$","timestamp":"3:03:00 PM"}
{"meta":"","level":"info","message":"","timestamp":"3:03:00 PM"}
{"level":"info","message":"Connected to Database","timestamp":"3:03:00 PM"}
{"level":"info","message":"$$$$$$$$$$$$$$$$$$$$$$$$","timestamp":"3:11:58 PM"}
{"meta":"","level":"info","message":"","timestamp":"3:11:58 PM"}
{"level":"info","message":"Development Environment is Listening on port 3000","timestamp":"3:11:58 PM"}
{"level":"info","message":"Web URL : http://localhost:3000","timestamp":"3:11:58 PM"}
{"meta":"","level":"info","message":"","timestamp":"3:11:58 PM"}
{"level":"info","message":"$$$$$$$$$$$$$$$$$$$$$$$$","timestamp":"3:11:58 PM"}
{"meta":"","level":"info","message":"","timestamp":"3:11:58 PM"}
{"level":"info","message":"Connected to Database","timestamp":"3:11:58 PM"}
{"level":"info","message":"$$$$$$$$$$$$$$$$$$$$$$$$","timestamp":"3:12:46 PM"}
{"meta":"","level":"info","message":"","timestamp":"3:12:46 PM"}
{"level":"info","message":"Development Environment is Listening on port 3000","timestamp":"3:12:46 PM"}
{"level":"info","message":"Web URL : http://localhost:3000","timestamp":"3:12:46 PM"}
{"meta":"","level":"info","message":"","timestamp":"3:12:46 PM"}
{"level":"info","message":"$$$$$$$$$$$$$$$$$$$$$$$$","timestamp":"3:12:46 PM"}
{"meta":"","level":"info","message":"","timestamp":"3:12:46 PM"}
{"level":"info","message":"Connected to Database","timestamp":"3:12:47 PM"}
{"level":"info","message":"obj_pagination { filter: {},\n  paginate: { page: NaN, total: 0, limit: NaN },\n  sort: [] }","timestamp":"3:12:49 PM"}
{"level":"info","message":"obj_pagination { filter: {},\n  paginate: { page: NaN, total: 0, limit: NaN },\n  sort: [] }","timestamp":"3:13:08 PM"}
{"level":"info","message":"$$$$$$$$$$$$$$$$$$$$$$$$","timestamp":"3:13:59 PM"}
{"meta":"","level":"info","message":"","timestamp":"3:13:59 PM"}
{"level":"info","message":"Development Environment is Listening on port 3000","timestamp":"3:13:59 PM"}
{"level":"info","message":"Web URL : http://localhost:3000","timestamp":"3:13:59 PM"}
{"meta":"","level":"info","message":"","timestamp":"3:13:59 PM"}
{"level":"info","message":"$$$$$$$$$$$$$$$$$$$$$$$$","timestamp":"3:13:59 PM"}
{"meta":"","level":"info","message":"","timestamp":"3:13:59 PM"}
{"level":"info","message":"Connected to Database","timestamp":"3:13:59 PM"}
{"level":"info","message":"obj_pagination { filter: {},\n  paginate: { page: NaN, total: 0, limit: NaN },\n  sort: [] }","timestamp":"3:20:58 PM"}
{"level":"info","message":"obj_pagination { filter: {},\n  paginate: { page: NaN, total: 0, limit: NaN },\n  sort: [] }","timestamp":"3:21:11 PM"}
{"level":"info","message":"obj_pagination { filter: {},\n  paginate: { page: 1, total: 0, limit: 10 },\n  sort: [] }","timestamp":"3:30:37 PM"}
{"level":"info","message":"$$$$$$$$$$$$$$$$$$$$$$$$","timestamp":"3:32:36 PM"}
{"meta":"","level":"info","message":"","timestamp":"3:32:36 PM"}
{"level":"info","message":"Development Environment is Listening on port 3000","timestamp":"3:32:36 PM"}
{"level":"info","message":"Web URL : http://localhost:3000","timestamp":"3:32:36 PM"}
{"meta":"","level":"info","message":"","timestamp":"3:32:36 PM"}
{"level":"info","message":"$$$$$$$$$$$$$$$$$$$$$$$$","timestamp":"3:32:36 PM"}
{"meta":"","level":"info","message":"","timestamp":"3:32:36 PM"}
{"level":"info","message":"Connected to Database","timestamp":"3:32:36 PM"}
{"level":"info","message":"obj_pagination { filter: {},\n  paginate: { page: 1, total: 0, limit: 10 },\n  sort: [] }","timestamp":"3:33:19 PM"}
{"level":"info","message":"obj_pagination { filter: {},\n  paginate: { page: 1, total: 0, limit: 10 },\n  sort: [] }","timestamp":"3:35:03 PM"}
{"level":"info","message":"$$$$$$$$$$$$$$$$$$$$$$$$","timestamp":"3:35:53 PM"}
{"meta":"","level":"info","message":"","timestamp":"3:35:53 PM"}
{"level":"info","message":"Development Environment is Listening on port 3000","timestamp":"3:35:53 PM"}
{"level":"info","message":"Web URL : http://localhost:3000","timestamp":"3:35:53 PM"}
{"meta":"","level":"info","message":"","timestamp":"3:35:53 PM"}
{"level":"info","message":"$$$$$$$$$$$$$$$$$$$$$$$$","timestamp":"3:35:53 PM"}
{"meta":"","level":"info","message":"","timestamp":"3:35:53 PM"}
{"level":"info","message":"Connected to Database","timestamp":"3:35:53 PM"}
{"level":"info","message":"obj_pagination { filter: {},\n  paginate: { page: 1, total: 0, limit: 10 },\n  sort: [] }","timestamp":"3:35:56 PM"}
{"level":"info","message":"obj_pagination { filter: {},\n  paginate: { page: 1, total: 0, limit: 10 },\n  sort: [] }","timestamp":"3:39:59 PM"}
{"level":"info","message":"obj_pagination { filter: {},\n  paginate: { page: 1, total: 0, limit: 10 },\n  sort: [] }","timestamp":"3:40:08 PM"}
{"level":"info","message":"obj_pagination { filter: {},\n  paginate: { page: 1, total: 0, limit: 10 },\n  sort: [] }","timestamp":"3:41:03 PM"}
{"level":"info","message":"obj_pagination { filter: {},\n  paginate: { page: 1, total: 0, limit: 10 },\n  sort: [] }","timestamp":"3:42:02 PM"}
{"level":"info","message":"obj_pagination { filter: {},\n  paginate: { page: 1, total: 0, limit: 10 },\n  sort: [] }","timestamp":"3:47:30 PM"}
{"level":"info","message":"obj_pagination { filter: {},\n  paginate: { page: 1, total: 0, limit: 10 },\n  sort: [] }","timestamp":"3:57:33 PM"}
{"level":"info","message":"$$$$$$$$$$$$$$$$$$$$$$$$","timestamp":"4:33:16 PM"}
{"meta":"","level":"info","message":"","timestamp":"4:33:16 PM"}
{"level":"info","message":"Development Environment is Listening on port 3000","timestamp":"4:33:16 PM"}
{"level":"info","message":"Web URL : http://localhost:3000","timestamp":"4:33:16 PM"}
{"meta":"","level":"info","message":"","timestamp":"4:33:16 PM"}
{"level":"info","message":"$$$$$$$$$$$$$$$$$$$$$$$$","timestamp":"4:33:16 PM"}
{"meta":"","level":"info","message":"","timestamp":"4:33:16 PM"}
{"level":"info","message":"Connected to Database","timestamp":"4:33:16 PM"}
{"level":"info","message":"obj_pagination { filter: {},\n  paginate: { page: 1, total: 0, limit: 10 },\n  sort: [] }","timestamp":"4:33:35 PM"}
{"level":"info","message":"obj_pagination { filter: {},\n  paginate: { page: 1, total: 0, limit: 10 },\n  sort: [] }","timestamp":"4:33:58 PM"}
{"level":"info","message":"obj_pagination { filter: {},\n  paginate: { page: 1, total: 0, limit: 10 },\n  sort: [] }","timestamp":"4:34:04 PM"}
{"level":"info","message":"obj_pagination { filter: {},\n  paginate: { page: 1, total: 0, limit: 10 },\n  sort: [] }","timestamp":"4:34:10 PM"}
{"level":"info","message":"obj_pagination { filter: {},\n  paginate: { page: 1, total: 0, limit: 10 },\n  sort: [] }","timestamp":"4:34:12 PM"}
{"level":"info","message":"obj_pagination { filter: {},\n  paginate: { page: 1, total: 0, limit: 10 },\n  sort: [] }","timestamp":"4:34:19 PM"}
{"level":"info","message":"obj_pagination { filter: {},\n  paginate: { page: 1, total: 0, limit: 10 },\n  sort: [] }","timestamp":"4:35:11 PM"}
{"level":"info","message":"obj_pagination { filter: {},\n  paginate: { page: 1, total: 0, limit: 10 },\n  sort: [] }","timestamp":"4:35:28 PM"}
{"level":"info","message":"obj_pagination { filter: {},\n  paginate: { page: 1, total: 0, limit: 10 },\n  sort: [] }","timestamp":"4:39:34 PM"}
{"level":"info","message":"obj_pagination { filter: {},\n  paginate: { page: 1, total: 0, limit: 10 },\n  sort: [] }","timestamp":"4:43:15 PM"}
{"level":"info","message":"obj_pagination { filter: {},\n  paginate: { page: 1, total: 0, limit: 10 },\n  sort: [] }","timestamp":"4:46:16 PM"}
{"level":"info","message":"obj_pagination { filter: {},\n  paginate: { page: 1, total: 0, limit: 10 },\n  sort: [] }","timestamp":"4:48:10 PM"}
{"level":"info","message":"obj_pagination { filter: {},\n  paginate: { page: 1, total: 0, limit: 10 },\n  sort: [] }","timestamp":"4:48:16 PM"}
{"level":"info","message":"obj_pagination { filter: {},\n  paginate: { page: 1, total: 0, limit: 10 },\n  sort: [] }","timestamp":"4:48:22 PM"}
{"level":"info","message":"obj_pagination { filter: {},\n  paginate: { page: 1, total: 0, limit: 10 },\n  sort: [] }","timestamp":"4:48:41 PM"}
{"level":"info","message":"obj_pagination { filter: {},\n  paginate: { page: 1, total: 0, limit: 10 },\n  sort: [] }","timestamp":"4:48:43 PM"}
{"level":"info","message":"obj_pagination { filter: {},\n  paginate: { page: 1, total: 0, limit: 10 },\n  sort: [] }","timestamp":"4:49:00 PM"}
{"level":"info","message":"obj_pagination { filter: {},\n  paginate: { page: 1, total: 0, limit: 10 },\n  sort: [] }","timestamp":"4:50:45 PM"}
{"level":"info","message":"obj_pagination { filter: {},\n  paginate: { page: 1, total: 0, limit: 10 },\n  sort: [] }","timestamp":"4:51:24 PM"}
{"level":"info","message":"obj_pagination { filter: {},\n  paginate: { page: 1, total: 0, limit: 10 },\n  sort: [] }","timestamp":"4:52:47 PM"}
{"level":"info","message":"obj_pagination { filter: {},\n  paginate: { page: 1, total: 0, limit: 10 },\n  sort: [] }","timestamp":"4:53:03 PM"}
{"level":"info","message":"obj_pagination { filter: {},\n  paginate: { page: 1, total: 0, limit: 10 },\n  sort: [] }","timestamp":"4:54:39 PM"}
{"level":"info","message":"obj_pagination { filter: {},\n  paginate: { page: 1, total: 0, limit: 10 },\n  sort: [] }","timestamp":"4:54:49 PM"}
{"level":"info","message":"obj_pagination { filter: {},\n  paginate: { page: 1, total: 0, limit: 10 },\n  sort: [] }","timestamp":"4:55:47 PM"}
{"level":"info","message":"obj_pagination { filter: {},\n  paginate: { page: 1, total: 0, limit: 10 },\n  sort: [] }","timestamp":"4:57:02 PM"}
{"level":"info","message":"obj_pagination { filter: {},\n  paginate: { page: 1, total: 0, limit: 10 },\n  sort: [] }","timestamp":"4:59:59 PM"}
{"level":"info","message":"obj_pagination { filter: {},\n  paginate: { page: 1, total: 0, limit: 10 },\n  sort: [] }","timestamp":"5:00:19 PM"}
{"level":"info","message":"obj_pagination { filter: {},\n  paginate: { page: 1, total: 0, limit: 10 },\n  sort: [] }","timestamp":"5:03:39 PM"}
{"level":"info","message":"obj_pagination { filter: {},\n  paginate: { page: 1, total: 0, limit: 10 },\n  sort: [] }","timestamp":"5:04:10 PM"}
{"level":"info","message":"obj_pagination { filter: {},\n  paginate: { page: 1, total: 0, limit: 10 },\n  sort: [] }","timestamp":"5:04:41 PM"}
{"level":"info","message":"obj_pagination { filter: {},\n  paginate: { page: 1, total: 0, limit: 10 },\n  sort: [] }","timestamp":"5:05:55 PM"}
{"level":"info","message":"$$$$$$$$$$$$$$$$$$$$$$$$","timestamp":"5:07:20 PM"}
{"meta":"","level":"info","message":"","timestamp":"5:07:20 PM"}
{"level":"info","message":"Development Environment is Listening on port 3000","timestamp":"5:07:20 PM"}
{"level":"info","message":"Web URL : http://localhost:3000","timestamp":"5:07:20 PM"}
{"meta":"","level":"info","message":"","timestamp":"5:07:20 PM"}
{"level":"info","message":"$$$$$$$$$$$$$$$$$$$$$$$$","timestamp":"5:07:20 PM"}
{"meta":"","level":"info","message":"","timestamp":"5:07:20 PM"}
{"level":"info","message":"Connected to Database","timestamp":"5:07:20 PM"}
{"level":"info","message":"obj_pagination { filter: {},\n  paginate: { page: 1, total: 0, limit: 10 },\n  sort: [] }","timestamp":"5:07:31 PM"}
{"level":"info","message":"obj_pagination { filter: {},\n  paginate: { page: 1, total: 0, limit: 10 },\n  sort: [] }","timestamp":"5:07:57 PM"}
{"level":"info","message":"obj_pagination { filter: {},\n  paginate: { page: 1, total: 0, limit: 10 },\n  sort: [] }","timestamp":"5:09:07 PM"}
{"level":"info","message":"obj_pagination { filter: {},\n  paginate: { page: 1, total: 0, limit: 10 },\n  sort: [] }","timestamp":"5:09:23 PM"}
{"level":"info","message":"obj_pagination { filter: {},\n  paginate: { page: 1, total: 0, limit: 10 },\n  sort: [] }","timestamp":"5:09:41 PM"}
{"level":"info","message":"obj_pagination { filter: {},\n  paginate: { page: 1, total: 0, limit: 10 },\n  sort: [] }","timestamp":"5:10:13 PM"}
{"level":"info","message":"obj_pagination { filter: {},\n  paginate: { page: 1, total: 0, limit: 10 },\n  sort: [] }","timestamp":"5:10:28 PM"}
{"level":"info","message":"obj_pagination { filter: {},\n  paginate: { page: 1, total: 0, limit: 10 },\n  sort: [] }","timestamp":"5:11:55 PM"}
{"level":"info","message":"$$$$$$$$$$$$$$$$$$$$$$$$","timestamp":"5:16:24 PM"}
{"meta":"","level":"info","message":"","timestamp":"5:16:24 PM"}
{"level":"info","message":"Development Environment is Listening on port 3000","timestamp":"5:16:24 PM"}
{"level":"info","message":"Web URL : http://localhost:3000","timestamp":"5:16:24 PM"}
{"meta":"","level":"info","message":"","timestamp":"5:16:24 PM"}
{"level":"info","message":"$$$$$$$$$$$$$$$$$$$$$$$$","timestamp":"5:16:24 PM"}
{"meta":"","level":"info","message":"","timestamp":"5:16:24 PM"}
{"level":"info","message":"Connected to Database","timestamp":"5:16:24 PM"}
{"level":"info","message":"obj_pagination { filter: {},\n  paginate: { page: 1, total: 0, limit: 10 },\n  sort: [] }","timestamp":"5:16:42 PM"}
{"level":"info","message":"obj_pagination { filter: {},\n  paginate: { page: 1, total: 0, limit: 10 },\n  sort: [] }","timestamp":"5:18:38 PM"}
{"level":"info","message":"obj_pagination { filter: {},\n  paginate: { page: 1, total: 0, limit: 10 },\n  sort: [] }","timestamp":"5:18:53 PM"}
{"level":"info","message":"$$$$$$$$$$$$$$$$$$$$$$$$","timestamp":"5:20:19 PM"}
{"meta":"","level":"info","message":"","timestamp":"5:20:19 PM"}
{"level":"info","message":"Development Environment is Listening on port 3000","timestamp":"5:20:19 PM"}
{"level":"info","message":"Web URL : http://localhost:3000","timestamp":"5:20:19 PM"}
{"meta":"","level":"info","message":"","timestamp":"5:20:19 PM"}
{"level":"info","message":"$$$$$$$$$$$$$$$$$$$$$$$$","timestamp":"5:20:19 PM"}
{"meta":"","level":"info","message":"","timestamp":"5:20:19 PM"}
{"level":"info","message":"Connected to Database","timestamp":"5:20:19 PM"}
{"level":"info","message":"obj_pagination { filter: {},\n  paginate: { page: 1, total: 0, limit: 10 },\n  sort: [] }","timestamp":"5:21:20 PM"}
{"level":"info","message":"obj_pagination { filter: {},\n  paginate: { page: 1, total: 0, limit: 10 },\n  sort: [] }","timestamp":"5:22:01 PM"}
{"level":"info","message":"obj_pagination { filter: {},\n  paginate: { page: 1, total: 0, limit: 10 },\n  sort: [] }","timestamp":"5:22:15 PM"}
{"level":"info","message":"obj_pagination { filter: {},\n  paginate: { page: 1, total: 0, limit: 10 },\n  sort: [] }","timestamp":"5:24:14 PM"}
{"level":"info","message":"obj_pagination { filter: {},\n  paginate: { page: 1, total: 0, limit: 10 },\n  sort: [] }","timestamp":"5:25:49 PM"}
{"level":"info","message":"obj_pagination { filter: {},\n  paginate: { page: 1, total: 0, limit: 10 },\n  sort: [] }","timestamp":"5:26:21 PM"}
{"level":"info","message":"obj_pagination { filter: {},\n  paginate: { page: 1, total: 0, limit: 10 },\n  sort: [] }","timestamp":"5:27:44 PM"}
{"level":"info","message":"obj_pagination { filter: {},\n  paginate: { page: 1, total: 0, limit: 10 },\n  sort: [] }","timestamp":"5:29:05 PM"}
{"level":"info","message":"obj_pagination { filter: {},\n  paginate: { page: 1, total: 0, limit: 10 },\n  sort: [] }","timestamp":"5:29:31 PM"}
{"level":"info","message":"obj_pagination { filter: {},\n  paginate: { page: 1, total: 0, limit: 10 },\n  sort: [] }","timestamp":"5:30:00 PM"}
{"level":"info","message":"obj_pagination { filter: {},\n  paginate: { page: 1, total: 0, limit: 10 },\n  sort: [] }","timestamp":"5:30:04 PM"}
{"level":"info","message":"obj_pagination { filter: {},\n  paginate: { page: 1, total: 0, limit: 10 },\n  sort: [] }","timestamp":"5:30:23 PM"}
{"level":"info","message":"obj_pagination { filter: {},\n  paginate: { page: 1, total: 0, limit: 10 },\n  sort: [] }","timestamp":"5:30:40 PM"}
{"level":"info","message":"obj_pagination { filter: {},\n  paginate: { page: 1, total: 0, limit: 10 },\n  sort: [] }","timestamp":"5:30:45 PM"}
{"level":"info","message":"obj_pagination { filter: {},\n  paginate: { page: 1, total: 0, limit: 10 },\n  sort: [] }","timestamp":"5:30:53 PM"}
{"level":"info","message":"obj_pagination { filter: {},\n  paginate: { page: 1, total: 0, limit: 10 },\n  sort: [] }","timestamp":"5:31:45 PM"}
{"level":"info","message":"obj_pagination { filter: {},\n  paginate: { page: 1, total: 0, limit: 10 },\n  sort: [] }","timestamp":"5:32:09 PM"}
{"level":"info","message":"obj_pagination { filter: {},\n  paginate: { page: 1, total: 0, limit: 10 },\n  sort: [] }","timestamp":"5:32:21 PM"}
{"level":"info","message":"obj_pagination { filter: {},\n  paginate: { page: 1, total: 0, limit: 10 },\n  sort: [] }","timestamp":"5:33:00 PM"}
{"level":"info","message":"obj_pagination { filter: {},\n  paginate: { page: 1, total: 0, limit: 10 },\n  sort: [] }","timestamp":"5:33:07 PM"}
{"level":"info","message":"obj_pagination { filter: {},\n  paginate: { page: 1, total: 0, limit: 10 },\n  sort: [] }","timestamp":"5:33:46 PM"}
{"level":"info","message":"$$$$$$$$$$$$$$$$$$$$$$$$","timestamp":"5:35:22 PM"}
{"meta":"","level":"info","message":"","timestamp":"5:35:22 PM"}
{"level":"info","message":"Development Environment is Listening on port 3000","timestamp":"5:35:22 PM"}
{"level":"info","message":"Web URL : http://localhost:3000","timestamp":"5:35:22 PM"}
{"meta":"","level":"info","message":"","timestamp":"5:35:22 PM"}
{"level":"info","message":"$$$$$$$$$$$$$$$$$$$$$$$$","timestamp":"5:35:22 PM"}
{"meta":"","level":"info","message":"","timestamp":"5:35:22 PM"}
{"level":"info","message":"Connected to Database","timestamp":"5:35:23 PM"}
{"level":"info","message":"obj_pagination { filter: {},\n  paginate: { page: 1, total: 0, limit: 10 },\n  sort: [] }","timestamp":"5:36:05 PM"}
{"level":"info","message":"obj_pagination { filter: {},\n  paginate: { page: 1, total: 0, limit: 10 },\n  sort: [] }","timestamp":"5:36:13 PM"}
{"level":"info","message":"obj_pagination { filter: {},\n  paginate: { page: 1, total: 0, limit: 10 },\n  sort: [] }","timestamp":"5:36:25 PM"}
{"level":"info","message":"obj_pagination { filter: {},\n  paginate: { page: 1, total: 0, limit: 10 },\n  sort: [] }","timestamp":"5:36:41 PM"}
{"level":"info","message":"obj_pagination { filter: {},\n  paginate: { page: 1, total: 0, limit: 10 },\n  sort: [] }","timestamp":"5:37:27 PM"}
{"level":"info","message":"obj_pagination { filter: {},\n  paginate: { page: 7, total: 0, limit: 10 },\n  sort: [] }","timestamp":"5:37:54 PM"}
{"level":"info","message":"obj_pagination { filter: {},\n  paginate: { page: 6, total: 0, limit: 10 },\n  sort: [] }","timestamp":"5:37:56 PM"}
{"level":"info","message":"obj_pagination { filter: {},\n  paginate: { page: 5, total: 0, limit: 10 },\n  sort: [] }","timestamp":"5:37:56 PM"}
{"level":"info","message":"obj_pagination { filter: {},\n  paginate: { page: 1, total: 0, limit: 10 },\n  sort: [] }","timestamp":"5:37:57 PM"}
{"level":"info","message":"obj_pagination { filter: {},\n  paginate: { page: 1, total: 0, limit: 10 },\n  sort: [] }","timestamp":"5:38:11 PM"}
{"level":"info","message":"obj_pagination { filter: {},\n  paginate: { page: 2, total: 0, limit: 10 },\n  sort: [] }","timestamp":"5:39:59 PM"}
{"level":"info","message":"obj_pagination { filter: {},\n  paginate: { page: 3, total: 0, limit: 10 },\n  sort: [] }","timestamp":"5:40:00 PM"}
{"level":"info","message":"obj_pagination { filter: {},\n  paginate: { page: 4, total: 0, limit: 10 },\n  sort: [] }","timestamp":"5:40:01 PM"}
{"level":"info","message":"obj_pagination { filter: {},\n  paginate: { page: 5, total: 0, limit: 10 },\n  sort: [] }","timestamp":"5:40:02 PM"}
{"level":"info","message":"obj_pagination { filter: {},\n  paginate: { page: 6, total: 0, limit: 10 },\n  sort: [] }","timestamp":"5:40:03 PM"}
{"level":"info","message":"obj_pagination { filter: {},\n  paginate: { page: 1, total: 0, limit: 10 },\n  sort: [] }","timestamp":"5:40:07 PM"}
{"level":"info","message":"obj_pagination { filter: {},\n  paginate: { page: 1, total: 0, limit: 10 },\n  sort: [] }","timestamp":"5:40:21 PM"}
{"level":"info","message":"obj_pagination { filter: {},\n  paginate: { page: 1, total: 0, limit: 10 },\n  sort: [] }","timestamp":"5:40:31 PM"}
{"level":"info","message":"obj_pagination { filter: {},\n  paginate: { page: 1, total: 0, limit: 10 },\n  sort: [] }","timestamp":"5:40:56 PM"}
{"level":"info","message":"obj_pagination { filter: {},\n  paginate: { page: 1, total: 0, limit: 10 },\n  sort: [] }","timestamp":"5:41:05 PM"}
{"level":"info","message":"$$$$$$$$$$$$$$$$$$$$$$$$","timestamp":"5:45:43 PM"}
{"meta":"","level":"info","message":"","timestamp":"5:45:43 PM"}
{"level":"info","message":"Development Environment is Listening on port 3000","timestamp":"5:45:43 PM"}
{"level":"info","message":"Web URL : http://localhost:3000","timestamp":"5:45:43 PM"}
{"meta":"","level":"info","message":"","timestamp":"5:45:43 PM"}
{"level":"info","message":"$$$$$$$$$$$$$$$$$$$$$$$$","timestamp":"5:45:43 PM"}
{"meta":"","level":"info","message":"","timestamp":"5:45:43 PM"}
{"level":"info","message":"Connected to Database","timestamp":"5:45:43 PM"}
{"level":"info","message":"obj_pagination { filter: {},\n  paginate: { page: 1, total: 0, limit: 10 },\n  sort: [] }","timestamp":"5:46:15 PM"}
{"level":"info","message":"obj_pagination { filter: {},\n  paginate: { page: 1, total: 0, limit: 10 },\n  sort: [] }","timestamp":"5:46:26 PM"}
{"level":"info","message":"obj_pagination { filter: {},\n  paginate: { page: 1, total: 0, limit: 10 },\n  sort: [] }","timestamp":"5:46:34 PM"}
{"level":"info","message":"obj_pagination { filter: {},\n  paginate: { page: 1, total: 0, limit: 10 },\n  sort: [] }","timestamp":"5:46:46 PM"}
{"level":"info","message":"obj_pagination { filter: {},\n  paginate: { page: 1, total: 0, limit: 10 },\n  sort: [] }","timestamp":"5:47:16 PM"}
{"level":"info","message":"obj_pagination { filter: {},\n  paginate: { page: 1, total: 0, limit: 10 },\n  sort: [] }","timestamp":"5:47:24 PM"}
{"level":"info","message":"obj_pagination { filter: {},\n  paginate: { page: 1, total: 0, limit: 10 },\n  sort: [] }","timestamp":"5:47:53 PM"}
{"level":"info","message":"obj_pagination { filter: {},\n  paginate: { page: 1, total: 0, limit: 10 },\n  sort: [] }","timestamp":"5:48:00 PM"}
{"level":"info","message":"obj_pagination { filter: {},\n  paginate: { page: 1, total: 0, limit: 10 },\n  sort: [] }","timestamp":"5:48:05 PM"}
{"level":"info","message":"obj_pagination { filter: {},\n  paginate: { page: 1, total: 0, limit: 10 },\n  sort: [] }","timestamp":"5:48:15 PM"}
{"level":"info","message":"obj_pagination { filter: {},\n  paginate: { page: 1, total: 0, limit: 10 },\n  sort: [] }","timestamp":"5:48:21 PM"}
{"level":"info","message":"obj_pagination { filter: {},\n  paginate: { page: 1, total: 0, limit: 10 },\n  sort: [] }","timestamp":"5:49:08 PM"}
{"level":"info","message":"obj_pagination { filter: {},\n  paginate: { page: 1, total: 0, limit: 10 },\n  sort: [] }","timestamp":"5:49:38 PM"}
{"level":"info","message":"obj_pagination { filter: {},\n  paginate: { page: 1, total: 0, limit: 10 },\n  sort: [] }","timestamp":"5:52:28 PM"}
{"level":"info","message":"obj_pagination { filter: {},\n  paginate: { page: 1, total: 0, limit: 10 },\n  sort: [] }","timestamp":"5:53:54 PM"}
{"level":"info","message":"obj_pagination { filter: {},\n  paginate: { page: 1, total: 0, limit: 10 },\n  sort: [] }","timestamp":"5:54:21 PM"}
