{"level":"info","message":"$$$$$$$$$$$$$$$$$$$$$$$$","timestamp":"10:03:44 AM"}
{"meta":"","level":"info","message":"","timestamp":"10:03:44 AM"}
{"level":"info","message":"Development Environment is Listening on port 3000","timestamp":"10:03:44 AM"}
{"level":"info","message":"Web URL : http://localhost:3000","timestamp":"10:03:44 AM"}
{"meta":"","level":"info","message":"","timestamp":"10:03:44 AM"}
{"level":"info","message":"$$$$$$$$$$$$$$$$$$$$$$$$","timestamp":"10:03:44 AM"}
{"meta":"","level":"info","message":"","timestamp":"10:03:44 AM"}
{"level":"info","message":"$$$$$$$$$$$$$$$$$$$$$$$$","timestamp":"10:44:02 AM"}
{"meta":"","level":"info","message":"","timestamp":"10:44:02 AM"}
{"level":"info","message":"Development Environment is Listening on port 3000","timestamp":"10:44:02 AM"}
{"level":"info","message":"Web URL : http://localhost:3000","timestamp":"10:44:02 AM"}
{"meta":"","level":"info","message":"","timestamp":"10:44:02 AM"}
{"level":"info","message":"$$$$$$$$$$$$$$$$$$$$$$$$","timestamp":"10:44:02 AM"}
{"meta":"","level":"info","message":"","timestamp":"10:44:02 AM"}
{"level":"info","message":"$$$$$$$$$$$$$$$$$$$$$$$$","timestamp":"12:26:35 PM"}
{"meta":"","level":"info","message":"","timestamp":"12:26:35 PM"}
{"level":"info","message":"Development Environment is Listening on port 3000","timestamp":"12:26:35 PM"}
{"level":"info","message":"Web URL : http://localhost:3000","timestamp":"12:26:35 PM"}
{"meta":"","level":"info","message":"","timestamp":"12:26:35 PM"}
{"level":"info","message":"$$$$$$$$$$$$$$$$$$$$$$$$","timestamp":"12:26:35 PM"}
{"meta":"","level":"info","message":"","timestamp":"12:26:35 PM"}
