{"level":"info","message":"{ ___mobile___: '7349218787' }","timestamp":"8:57:25 AM"}
{"level":"info","message":"https://preprod-digitpolicyissuance.godigit.com/endo/v1/g91/endorsement/D600354417?source=CD","timestamp":"8:57:25 AM"}
{"level":"info","message":"{ person: [ { communications: [Object] } ] }","timestamp":"8:57:57 AM"}
{"level":"info","message":"$$$$$$$$$$$$$$$$$$$$$$$$","timestamp":"9:40:56 AM"}
{"meta":"","level":"info","message":"","timestamp":"9:40:56 AM"}
{"level":"info","message":"Development Environment is Listening on port 3000","timestamp":"9:40:56 AM"}
{"level":"info","message":"Web URL : http://localhost:3000","timestamp":"9:40:56 AM"}
{"meta":"","level":"info","message":"","timestamp":"9:40:56 AM"}
{"level":"info","message":"$$$$$$$$$$$$$$$$$$$$$$$$","timestamp":"9:40:56 AM"}
{"meta":"","level":"info","message":"","timestamp":"9:40:56 AM"}
{"level":"info","message":"{ ___mobile___: '7349218787' }","timestamp":"9:43:30 AM"}
{"level":"info","message":"https://preprod-digitpolicyissuance.godigit.com/endo/v1/g91/endorsement/D600354417?source=CD","timestamp":"9:43:30 AM"}
{"level":"info","message":"{ person: [ { communications: [Object] } ] }","timestamp":"9:43:42 AM"}
{"level":"info","message":"{ ___mobile___: '7349218787' }","timestamp":"9:46:48 AM"}
{"level":"info","message":"https://preprod-digitpolicyissuance.godigit.com/endo/v1/g91/endorsement/D600354417?source=CD","timestamp":"9:46:48 AM"}
{"level":"info","message":"{ person: [ { communications: [Object] } ] }","timestamp":"9:46:49 AM"}
{"level":"info","message":"{ ___mobile___: '7349218787' }","timestamp":"9:49:07 AM"}
{"level":"info","message":"https://preprod-digitpolicyissuance.godigit.com/endo/v1/g91/endorsement/D600354417?source=CD","timestamp":"9:49:07 AM"}
{"level":"info","message":"{ person: [ { communications: [Object] } ] }","timestamp":"9:49:13 AM"}
{"level":"info","message":"{ ___mobile___: '7349218787' }","timestamp":"9:51:12 AM"}
{"level":"info","message":"https://preprod-digitpolicyissuance.godigit.com/endo/v1/g91/endorsement/D600354417?source=CD","timestamp":"9:51:12 AM"}
{"level":"info","message":"{ person: [ { communications: [Object] } ] }","timestamp":"9:51:12 AM"}
{"level":"info","message":"{ ___mobile___: '7349218787' }","timestamp":"9:54:23 AM"}
{"level":"info","message":"https://preprod-digitpolicyissuance.godigit.com/endo/v1/g91/endorsement/D600354417?source=CD","timestamp":"9:54:23 AM"}
{"level":"info","message":"{ person: [ { communications: [Object] } ] }","timestamp":"9:54:23 AM"}
{"level":"info","message":"$$$$$$$$$$$$$$$$$$$$$$$$","timestamp":"9:56:40 AM"}
{"meta":"","level":"info","message":"","timestamp":"9:56:40 AM"}
{"level":"info","message":"Development Environment is Listening on port 3000","timestamp":"9:56:40 AM"}
{"level":"info","message":"Web URL : http://localhost:3000","timestamp":"9:56:40 AM"}
{"meta":"","level":"info","message":"","timestamp":"9:56:40 AM"}
{"level":"info","message":"$$$$$$$$$$$$$$$$$$$$$$$$","timestamp":"9:56:40 AM"}
{"meta":"","level":"info","message":"","timestamp":"9:56:40 AM"}
{"level":"info","message":"{ ___mobile___: '7349218787' }","timestamp":"9:57:37 AM"}
{"level":"info","message":"https://preprod-digitpolicyissuance.godigit.com/endo/v1/g91/endorsement/D600354417?source=CD","timestamp":"9:57:37 AM"}
{"level":"info","message":"{ person: [ { communications: [Object] } ] }","timestamp":"9:57:37 AM"}
{"level":"info","message":"{ ___mobile___: '7349218787' }","timestamp":"10:01:37 AM"}
{"level":"info","message":"https://preprod-digitpolicyissuance.godigit.com/endo/v1/g91/endorsement/D600354417?source=CD","timestamp":"10:01:37 AM"}
{"level":"info","message":"{ person: [ { communications: [Object] } ] }","timestamp":"10:01:37 AM"}
{"level":"info","message":"{ ___mobile___: '7349218787' }","timestamp":"10:07:37 AM"}
{"level":"info","message":"https://preprod-digitpolicyissuance.godigit.com/endo/v1/g91/endorsement/D600354417?source=CD","timestamp":"10:07:37 AM"}
{"level":"info","message":"{ person: [ { communications: [Object] } ] }","timestamp":"10:07:37 AM"}
{"level":"info","message":"{ ___mobile___: '7349218787' }","timestamp":"10:12:48 AM"}
{"level":"info","message":"https://preprod-digitpolicyissuance.godigit.com/endo/v1/g91/endorsement/D600354417?source=CD","timestamp":"10:12:48 AM"}
{"level":"info","message":"{ person: [ { communications: [Object] } ] }","timestamp":"10:12:48 AM"}
{"level":"info","message":"{ ___mobile___: '7834921878' }","timestamp":"10:17:52 AM"}
{"level":"info","message":"https://preprod-digitpolicyissuance.godigit.com/endo/v1/g91/endorsement/D600354417?source=CD","timestamp":"10:17:52 AM"}
{"level":"info","message":"{ person: [ { communications: [Object] } ] }","timestamp":"10:17:52 AM"}
{"level":"info","message":"{ ___mobile___: '7349218787' }","timestamp":"10:21:03 AM"}
{"level":"info","message":"https://preprod-digitpolicyissuance.godigit.com/endo/v1/g91/endorsement/D600354417?source=CD","timestamp":"10:21:03 AM"}
{"level":"info","message":"{ person: [ { communications: [Object] } ] }","timestamp":"10:21:03 AM"}
{"level":"info","message":"{ ___mobile___: '7349218787' }","timestamp":"10:24:34 AM"}
{"level":"info","message":"https://preprod-digitpolicyissuance.godigit.com/endo/v1/g91/endorsement/D600354417?source=CD","timestamp":"10:24:34 AM"}
{"level":"info","message":"{ person: [ { communications: [Object] } ] }","timestamp":"10:24:34 AM"}
{"level":"info","message":"{ ___mobile___: '7349218787' }","timestamp":"10:26:36 AM"}
{"level":"info","message":"https://preprod-digitpolicyissuance.godigit.com/endo/v1/g91/endorsement/D600354417?source=CD","timestamp":"10:26:36 AM"}
{"level":"info","message":"{ person: [ { communications: [Object] } ] }","timestamp":"10:26:36 AM"}
{"level":"info","message":"{ ___mobile___: '7349218787' }","timestamp":"10:31:29 AM"}
{"level":"info","message":"https://preprod-digitpolicyissuance.godigit.com/endo/v1/g91/endorsement/D600354417?source=CD","timestamp":"10:31:29 AM"}
{"level":"info","message":"{ person: [ { communications: [Object] } ] }","timestamp":"10:31:29 AM"}
{"level":"info","message":"{ ___mobile___: '7349218787' }","timestamp":"10:34:26 AM"}
{"level":"info","message":"https://preprod-digitpolicyissuance.godigit.com/endo/v1/g91/endorsement/D600354417?source=CD","timestamp":"10:34:26 AM"}
{"level":"info","message":"{ person: [ { communications: [Object] } ] }","timestamp":"10:34:26 AM"}
{"level":"info","message":"{ ___mobile___: '7349218787' }","timestamp":"10:36:10 AM"}
{"level":"info","message":"https://preprod-digitpolicyissuance.godigit.com/endo/v1/g91/endorsement/D600354417?source=CD","timestamp":"10:36:10 AM"}
{"level":"info","message":"{ person: [ { communications: [Object] } ] }","timestamp":"10:36:10 AM"}
{"level":"info","message":"{ ___mobile___: '7349218787' }","timestamp":"10:39:22 AM"}
{"level":"info","message":"https://preprod-digitpolicyissuance.godigit.com/endo/v1/g91/endorsement/D600354417?source=CD","timestamp":"10:39:22 AM"}
{"level":"info","message":"{ person: [ { communications: [Object] } ] }","timestamp":"10:39:22 AM"}
{"level":"info","message":"{ ___mobile___: '7349218787' }","timestamp":"10:41:41 AM"}
{"level":"info","message":"https://preprod-digitpolicyissuance.godigit.com/endo/v1/g91/endorsement/D600354417?source=CD","timestamp":"10:41:41 AM"}
{"level":"info","message":"{ person: [ { communications: [Object] } ] }","timestamp":"10:41:41 AM"}
{"level":"info","message":"{ ___mobile___: '7349221787' }","timestamp":"10:44:56 AM"}
{"level":"info","message":"https://preprod-digitpolicyissuance.godigit.com/endo/v1/g91/endorsement/D600354417?source=CD","timestamp":"10:44:56 AM"}
{"level":"info","message":"{ person: [ { communications: [Object] } ] }","timestamp":"10:44:56 AM"}
{"level":"info","message":"{ ___mobile___: '7349218787' }","timestamp":"10:48:53 AM"}
{"level":"info","message":"https://preprod-digitpolicyissuance.godigit.com/endo/v1/g91/endorsement/D600354417?source=CD","timestamp":"10:48:53 AM"}
{"level":"info","message":"{ person: [ { communications: [Object] } ] }","timestamp":"10:48:53 AM"}
{"level":"info","message":"{ ___mobile___: '7349218787' }","timestamp":"10:50:23 AM"}
{"level":"info","message":"https://preprod-digitpolicyissuance.godigit.com/endo/v1/g91/endorsement/D600354417?source=CD","timestamp":"10:50:23 AM"}
{"level":"info","message":"{ person: [ { communications: [Object] } ] }","timestamp":"10:50:23 AM"}
{"level":"info","message":"{ ___mobile___: '7349218787' }","timestamp":"10:51:37 AM"}
{"level":"info","message":"https://preprod-digitpolicyissuance.godigit.com/endo/v1/g91/endorsement/D600354417?source=CD","timestamp":"10:51:37 AM"}
{"level":"info","message":"{ person: [ { communications: [Object] } ] }","timestamp":"10:51:37 AM"}
{"level":"info","message":"{ ___mobile___: '7349218787' }","timestamp":"10:53:26 AM"}
{"level":"info","message":"https://preprod-digitpolicyissuance.godigit.com/endo/v1/g91/endorsement/D600354417?source=CD","timestamp":"10:53:26 AM"}
{"level":"info","message":"{ person: [ { communications: [Object] } ] }","timestamp":"10:53:26 AM"}
{"level":"info","message":"{ ___mobile___: '7349218787' }","timestamp":"10:57:04 AM"}
{"level":"info","message":"https://preprod-digitpolicyissuance.godigit.com/endo/v1/g91/endorsement/D600354417?source=CD","timestamp":"10:57:04 AM"}
{"level":"info","message":"{ person: [ { communications: [Object] } ] }","timestamp":"10:57:04 AM"}
{"level":"info","message":"{ ___mobile___: '7349218787' }","timestamp":"10:58:52 AM"}
{"level":"info","message":"https://preprod-digitpolicyissuance.godigit.com/endo/v1/g91/endorsement/D600354417?source=CD","timestamp":"10:58:52 AM"}
{"level":"info","message":"{ person: [ { communications: [Object] } ] }","timestamp":"10:58:52 AM"}
{"level":"info","message":"$$$$$$$$$$$$$$$$$$$$$$$$","timestamp":"11:35:21 AM"}
{"meta":"","level":"info","message":"","timestamp":"11:35:21 AM"}
{"level":"info","message":"Development Environment is Listening on port 3000","timestamp":"11:35:21 AM"}
{"level":"info","message":"Web URL : http://localhost:3000","timestamp":"11:35:21 AM"}
{"meta":"","level":"info","message":"","timestamp":"11:35:21 AM"}
{"level":"info","message":"$$$$$$$$$$$$$$$$$$$$$$$$","timestamp":"11:35:21 AM"}
{"meta":"","level":"info","message":"","timestamp":"11:35:21 AM"}
{"level":"info","message":"{ ___mobile___: '7349218787' }","timestamp":"11:36:29 AM"}
{"level":"info","message":"https://preprod-digitpolicyissuance.godigit.com/endo/v1/g91/endorsement/D600354417?source=CD","timestamp":"11:36:29 AM"}
{"level":"info","message":"{ person: [ { communications: [Object] } ] }","timestamp":"11:36:29 AM"}
{"level":"info","message":"{ ___mobile___: '7349218787' }","timestamp":"11:45:31 AM"}
{"level":"info","message":"https://preprod-digitpolicyissuance.godigit.com/endo/v1/g91/endorsement/D600354417?source=CD","timestamp":"11:45:31 AM"}
{"level":"info","message":"{ person: [ { communications: [Object] } ] }","timestamp":"11:45:31 AM"}
{"level":"info","message":"$$$$$$$$$$$$$$$$$$$$$$$$","timestamp":"11:48:27 AM"}
{"meta":"","level":"info","message":"","timestamp":"11:48:27 AM"}
{"level":"info","message":"Development Environment is Listening on port 3000","timestamp":"11:48:27 AM"}
{"level":"info","message":"Web URL : http://localhost:3000","timestamp":"11:48:27 AM"}
{"meta":"","level":"info","message":"","timestamp":"11:48:27 AM"}
{"level":"info","message":"$$$$$$$$$$$$$$$$$$$$$$$$","timestamp":"11:48:27 AM"}
{"meta":"","level":"info","message":"","timestamp":"11:48:27 AM"}
{"level":"info","message":"{ ___mobile___: '7349218787' }","timestamp":"11:49:47 AM"}
{"level":"info","message":"https://preprod-digitpolicyissuance.godigit.com/endo/v1/g91/endorsement/D600354417?source=CD","timestamp":"11:49:47 AM"}
{"level":"info","message":"{ person: [ { communications: [Object] } ] }","timestamp":"11:49:47 AM"}
{"level":"info","message":"{ ___mobile___: '7349218787' }","timestamp":"11:52:43 AM"}
{"level":"info","message":"https://preprod-digitpolicyissuance.godigit.com/endo/v1/g91/endorsement/D600354417?source=CD","timestamp":"11:52:43 AM"}
{"level":"info","message":"{ person: [ { communications: [Object] } ] }","timestamp":"11:52:43 AM"}
{"level":"info","message":"{ ___mobile___: '7349218787' }","timestamp":"11:59:31 AM"}
{"level":"info","message":"https://preprod-digitpolicyissuance.godigit.com/endo/v1/g91/endorsement/D600354417?source=CD","timestamp":"11:59:31 AM"}
{"level":"info","message":"{ person: [ { communications: [Object] } ] }","timestamp":"11:59:31 AM"}
{"level":"info","message":"{ ___mobile___: '7349218787' }","timestamp":"12:03:04 PM"}
{"level":"info","message":"https://preprod-digitpolicyissuance.godigit.com/endo/v1/g91/endorsement/D600354417?source=CD","timestamp":"12:03:04 PM"}
{"level":"info","message":"{ person: [ { communications: [Object] } ] }","timestamp":"12:03:04 PM"}
{"level":"info","message":"{ ___mobile___: '7349218787' }","timestamp":"12:06:46 PM"}
{"level":"info","message":"https://preprod-digitpolicyissuance.godigit.com/endo/v1/g91/endorsement/D600354417?source=CD","timestamp":"12:06:46 PM"}
{"level":"info","message":"{ person: [ { communications: [Object] } ] }","timestamp":"12:06:46 PM"}
{"level":"info","message":"$$$$$$$$$$$$$$$$$$$$$$$$","timestamp":"2:05:39 PM"}
{"meta":"","level":"info","message":"","timestamp":"2:05:39 PM"}
{"level":"info","message":"Development Environment is Listening on port 3000","timestamp":"2:05:39 PM"}
{"level":"info","message":"Web URL : http://localhost:3000","timestamp":"2:05:39 PM"}
{"meta":"","level":"info","message":"","timestamp":"2:05:39 PM"}
{"level":"info","message":"$$$$$$$$$$$$$$$$$$$$$$$$","timestamp":"2:05:39 PM"}
{"meta":"","level":"info","message":"","timestamp":"2:05:39 PM"}
{"level":"info","message":"{ ___email___: 'teyyy@gmail.com' }","timestamp":"2:06:37 PM"}
{"level":"info","message":"https://preprod-digitpolicyissuance.godigit.com/endo/v1/g91/endorsement/D600354361?source=CD","timestamp":"2:06:37 PM"}
{"level":"info","message":"{ person: [ { communications: [Object] } ] }","timestamp":"2:06:37 PM"}
{"level":"info","message":"{ ___email___: 'teyyyu@gmail.com' }","timestamp":"2:10:05 PM"}
{"level":"info","message":"https://preprod-digitpolicyissuance.godigit.com/endo/v1/g91/endorsement/D600354361?source=CD","timestamp":"2:10:05 PM"}
{"level":"info","message":"{ person: [ { communications: [Object] } ] }","timestamp":"2:10:05 PM"}
{"level":"info","message":"{ ___email___: 'teyu@gmail.com' }","timestamp":"2:13:17 PM"}
{"level":"info","message":"https://preprod-digitpolicyissuance.godigit.com/endo/v1/g91/endorsement/D600354361?source=CD","timestamp":"2:13:17 PM"}
{"level":"info","message":"{ person: [ { communications: [Object] } ] }","timestamp":"2:13:17 PM"}
{"level":"info","message":"{ ___mobile___: '9878545689' }","timestamp":"2:16:41 PM"}
{"level":"info","message":"https://preprod-digitpolicyissuance.godigit.com/endo/v1/g91/endorsement/D600354417?source=CD","timestamp":"2:16:41 PM"}
{"level":"info","message":"{ person: [ { communications: [Object] } ] }","timestamp":"2:16:41 PM"}
{"level":"info","message":"{ ___email___: 'teyyy@gmail.com' }","timestamp":"2:18:33 PM"}
{"level":"info","message":"https://preprod-digitpolicyissuance.godigit.com/endo/v1/g91/endorsement/D600354361?source=CD","timestamp":"2:18:33 PM"}
{"level":"info","message":"{ person: [ { communications: [Object] } ] }","timestamp":"2:18:33 PM"}
{"level":"info","message":"{ ___email___: 'teyyyu@gmal.com' }","timestamp":"5:14:27 PM"}
{"level":"info","message":"https://preprod-digitpolicyissuance.godigit.com/endo/v1/g91/endorsement/D600354361?source=CD","timestamp":"5:14:27 PM"}
{"level":"info","message":"{ person: [ { communications: [Object] } ] }","timestamp":"5:14:27 PM"}
{"level":"info","message":"{ ___permanent_address_1___: 'SFDSF',\n  ___permanent_address_2___: 'Maha',\n  ___permanent_address_3___: 'FGFD',\n  ___permanent_city___: 'MUMBAI',\n  ___permanent_pincode___: '400043',\n  ___is_reg_addr_comm_addr_same___: 'no',\n  ___communication_address_1___: 'SFDSF',\n  ___communication_address_2___: 'MAHA',\n  ___communication_address_3___: 'FGFD',\n  ___communication_city___: 'MUMBAI',\n  ___communication_pincode___: '400043' }","timestamp":"5:56:50 PM"}
{"level":"info","message":"https://preprod-digitpolicyissuance.godigit.com/endo/v1/g91/endorsement/D600354361?source=CD","timestamp":"5:56:50 PM"}
{"level":"info","message":"{ person: [ { addresses: [Object] } ] }","timestamp":"5:56:53 PM"}
{"level":"info","message":"$$$$$$$$$$$$$$$$$$$$$$$$","timestamp":"5:58:34 PM"}
{"meta":"","level":"info","message":"","timestamp":"5:58:34 PM"}
{"level":"info","message":"Development Environment is Listening on port 3000","timestamp":"5:58:34 PM"}
{"level":"info","message":"Web URL : http://localhost:3000","timestamp":"5:58:34 PM"}
{"meta":"","level":"info","message":"","timestamp":"5:58:34 PM"}
{"level":"info","message":"$$$$$$$$$$$$$$$$$$$$$$$$","timestamp":"5:58:34 PM"}
{"meta":"","level":"info","message":"","timestamp":"5:58:34 PM"}
{"level":"info","message":"{ ___permanent_address_1___: 'SFDSF',\n  ___permanent_address_2___: 'DFDFa',\n  ___permanent_address_3___: 'FGFD',\n  ___permanent_city___: 'MUMBAI',\n  ___permanent_pincode___: '400043',\n  ___is_reg_addr_comm_addr_same___: 'yes',\n  ___communication_address_1___: 'SFDSF',\n  ___communication_address_2___: 'DFDFA',\n  ___communication_address_3___: 'FGFD',\n  ___communication_city___: 'MUMBAI',\n  ___communication_pincode___: '400043' }","timestamp":"5:59:52 PM"}
{"level":"info","message":"https://preprod-digitpolicyissuance.godigit.com/endo/v1/g91/endorsement/D600354361?source=CD","timestamp":"5:59:52 PM"}
{"level":"info","message":"{ person: [ { addresses: [Object] } ] }","timestamp":"5:59:53 PM"}
{"level":"info","message":"[ { _id: 5ec65934370b6d7152853a6f,\n    Product_Id: [ '1', '2', '10', '12', '3' ],\n    Category_Id: 2,\n    Category: 'Quotation',\n    Level_1: '110560,111221,110847,111100,111162,111548,110646,110513,107602,104449,102572,102571,103595,109745,106154',\n    Level_2: '110646,107602',\n    Level_3: '104449,107602',\n    Display_Source: [ 'policyboss', 'horizon', 'app' ] },\n  { _id: 5ec65934370b6d7152853a70,\n    Product_Id: [ '1', '2', '10', '12' ],\n    Category_Id: 3,\n    Category: 'Proposal',\n    Level_1: '110560,111221,110847,111100,111162,111548,110646,110513,107602,104449,102572,102571,103595,109745',\n    Level_2: '104449,107602',\n    Level_3: '104449,107602',\n    Display_Source: [ 'policyboss', 'horizon', 'app' ] },\n  { _id: 5ec65934370b6d7152853a71,\n    Product_Id: [ '1', '2', '10', '12' ],\n    Category_Id: 4,\n    Category: 'Policy not received',\n    Level_1: '110560,111221,110847,111100,111162,111548,110646,110513,107602,104449,102572,102571,103595,109745',\n    Level_2: '104449,107602',\n    Level_3: '104449,107602',\n    Display_Source: [ 'policyboss', 'horizon', 'app' ] },\n  { _id: 5ec65934370b6d7152853a72,\n    Product_Id: [ '1', '2', '10', '12' ],\n    Category_Id: 5,\n    Category: 'Post Sale Query',\n    Level_1: '110560,111221,110847,111100,111162,111548,110646,110513,107602,104449,102572,102571,103595',\n    Level_2: '104449,107602',\n    Level_3: '104449,107602',\n    Display_Source: [ 'policyboss', 'horizon', 'app' ] },\n  { _id: 5ec65934370b6d7152853a73,\n    Product_Id: [ '1', '2', '10', '12' ],\n    Category_Id: 6,\n    Category: 'Endorsement',\n    Level_1: '110560,109745,109740,102571,111548,100004,111162,107602,104449',\n    Level_2: '104449,107602',\n    Level_3: '104449,107602',\n    Display_Source: [ 'policyboss', 'horizon', 'app' ] },\n  { _id: 5ec65934370b6d7152853a74,\n    Product_Id: [ '1', '2', '10', '12' ],\n    Category_Id: 7,\n    Category: 'Claim Related',\n    Level_1: '110560,109745,109740,102571,111548,100004,111162,107602,104449',\n    Level_2: '104449,107602',\n    Level_3: '104449,107602',\n    Display_Source: [ 'policyboss', 'horizon', 'app' ] },\n  { _id: 5ec65934370b6d7152853a75,\n    Product_Id: [ '1', '2', '10', '12' ],\n    Category_Id: 8,\n    Category: 'Finmart',\n    Level_1: '111548,109740,109745,111162,110560,107602,104449,104450',\n    Level_2: '110513,110646,107602',\n    Level_3: '104449,107602',\n    Display_Source: [ 'app' ] },\n  { _id: 5ec65934370b6d7152853a76,\n    Product_Id: [ '1', '2', '10', '12' ],\n    Category_Id: 9,\n    Category: 'Received policy copy, CRN is not marked as sell',\n    Level_1: '111548,109740,109745,111162,110560,107602,104449',\n    Level_2: '110513,110646,107602',\n    Level_3: '104449,107602',\n    Display_Source: [ 'policyboss', 'horizon', 'app' ] },\n  { _id: 5ec65934370b6d7152853a77,\n    Product_Id: [ '1', '2', '10', '12' ],\n    Category_Id: 10,\n    Category: 'Done payment but not received policy copy',\n    Level_1: '111548,109740,109745,111162,110560,107602,104449',\n    Level_2: '110513,110646,107602',\n    Level_3: '104449,107602',\n    Display_Source: [ 'policyboss', 'horizon', 'app' ] },\n  { _id: 5ec6666760ce99ede9f05f99,\n    Product_Id: [ '1', '2', '10', '12' ],\n    Category_Id: 11,\n    Category: 'Sign up issue',\n    Level_1: '111548,109740,109745,111162,110560,107602,104449',\n    Level_2: '110513,110646,107602',\n    Level_3: '104449,107602',\n    Display_Source: [ 'app' ] },\n  { _id: 5ec6666760ce99ede9f05f9b,\n    Product_Id: [ '1', '2', '10', '12' ],\n    Category_Id: 12,\n    Category: 'Login issue',\n    Level_1: '111548,109740,109745,111162,110560,107602,104449',\n    Level_2: '110513,110646,107602',\n    Level_3: '104449,107602',\n    Display_Source: [ 'app' ] },\n  { _id: 60e4175bce97a8d70db845f3,\n    Product_Id: [ '1', '2', '10', '12' ],\n    Category_Id: 15,\n    Category: 'Send to selles team',\n    Level_1: '110560,111221,110847,111100,111162,111548,110646,110513,107602,104449,102572,102571,103595,109745,106154',\n    Level_2: '110513,110646,107602',\n    Level_3: '104449,107602',\n    Display_Source: [ 'policyboss', 'horizon', 'app' ] },\n  { _id: 60e417b3ce97a8d70db8981a,\n    Product_Id: [ '1', '2', '10', '12' ],\n    Category_Id: 14,\n    Category: 'Send to IT',\n    Level_1: '110560,111221,110847,111100,111162,111548,110646,110513,107602,104449,102572,102571,103595,109745,106154',\n    Level_2: '110513,110646,107602',\n    Level_3: '104449,107602',\n    Display_Source: [ 'policyboss', 'horizon', 'app' ] },\n  { _id: 6246946e88f461f725bf79f5,\n    Product_Id: [ '2' ],\n    Category_Id: 17,\n    Category: 'Health Claims',\n    Level_1: '119801,14726,110560',\n    Level_2: '119801,14726,110560',\n    Level_3: '119801,14726,110560',\n    Display_Source: [ 'policyboss', 'horizon', 'app' ] },\n  { _id: 6278d52288f461f72592d6a1,\n    Product_Id: [ '1', '2', '10', '12' ],\n    Category_Id: 18,\n    Category: 'POSP',\n    Level_1: '110560,114118',\n    Level_2: '110560,114118',\n    Level_3: '110560,114118',\n    Display_Source: [ 'policyboss', 'horizon', 'app' ] },\n  { _id: 6278d64788f461f725944c2a,\n    Product_Id: [ '1', '10', '12' ],\n    Category_Id: 19,\n    Category: 'Policy not updated in Parivahan',\n    Level_1: '110560,114118',\n    Level_2: '110560,114118',\n    Level_3: '110560,114118',\n    Display_Source: [ 'policyboss', 'horizon', 'app' ] },\n  { _id: 627f38ed88f461f72551e830,\n    Product_Id: [ '1', '10', '12', '2' ],\n    Category_Id: 20,\n    Category: 'Wallet',\n    Level_1: '110560,114118',\n    Level_2: '110560,114118',\n    Level_3: '110560,114118',\n    Display_Source: [ 'policyboss', 'horizon', 'app' ] },\n  { _id: 63c79dfab9d55d22598cee55,\n    Product_Id: [ '1', '2', '10', '12' ],\n    Category_Id: 21,\n    Category: 'KYC',\n    Level_1: '110560,111221,110847,111100,111162,111548,110646,110513,107602,104449,102572,102571,103595,109745',\n    Level_2: '104449,107602',\n    Level_3: '104449,107602',\n    Display_Source: [ 'policyboss', 'horizon', 'app' ] } ]","timestamp":"6:30:28 PM"}
{"level":"info","message":"user_detailsInsert null { result: { ok: 1, n: 1 },\n  ops: \n   [ { Ticket_Id: 2771,\n       Ticket_code: 'BIEN7305',\n       Product: 10,\n       Category: 'Endorsement',\n       SubCategory: 'Correction In Email Id',\n       From: 'Anuj Baliram Singh(110560)',\n       To: 'Anuj Baliram Singh(110560)',\n       Status: 'Open',\n       Created_By: 'Anuj Baliram Singh',\n       Created_On: 2024-01-23T13:03:18.640Z,\n       Modified_By: 8067,\n       Modified_On: 2024-01-23T13:03:18.640Z,\n       CRN: 1067782,\n       Mobile_No: '9999999999',\n       Vehicle_No: 'MH-01-AA-1234',\n       Remark: 'Email Changes',\n       ss_id: 8067,\n       CRN_owner: '0',\n       fba_id: 56265,\n       CRN_fba_id: '0',\n       channel: 'DIRECT',\n       subchannel: 'DIRECT',\n       Agent_Email_Id: 'anuj.singh@policyboss.com',\n       Transaction_On: '2023-02-13T11:13:33.823Z',\n       Source: 'horizon',\n       RM_Email_Id: '',\n       RM_Agent_Name: 'POLICY BOSS WEBSITE',\n       Insurer_Id: '',\n       _id: 65afb918c6b4cc4f9855c3d1 } ],\n  insertedCount: 1,\n  insertedIds: [ 65afb918c6b4cc4f9855c3d1 ] }","timestamp":"6:33:20 PM"}
{"level":"info","message":"TicketUpdated null CommandResult {\n  result: { n: 1, nModified: 1, ok: 1 },\n  connection: \n   Connection {\n     domain: null,\n     _events: \n      { close: [Object],\n        error: [Object],\n        timeout: [Object],\n        parseError: [Object] },\n     _eventsCount: 4,\n     _maxListeners: undefined,\n     options: \n      { host: '65.0.176.149',\n        port: 27017,\n        size: 5,\n        connectionTimeout: 30000,\n        socketTimeout: 30000,\n        keepAlive: true,\n        keepAliveInitialDelay: 0,\n        noDelay: true,\n        ssl: false,\n        checkServerIdentity: true,\n        ca: null,\n        cert: null,\n        key: null,\n        passPhrase: null,\n        rejectUnauthorized: false,\n        promoteLongs: true,\n        promoteValues: true,\n        promoteBuffers: false,\n        reconnect: true,\n        reconnectInterval: 1000,\n        reconnectTries: 30,\n        domainsEnabled: false,\n        disconnectHandler: [Object],\n        cursorFactory: [Object],\n        emitError: true,\n        socketOptions: {},\n        clientInfo: [Object],\n        readPreference: [Object],\n        promiseLibrary: [Function: Promise],\n        bson: BSON {} },\n     id: 4,\n     logger: Logger { className: 'Connection' },\n     bson: BSON {},\n     tag: undefined,\n     messageHandler: [Function],\n     maxBsonMessageSize: 67108864,\n     port: 27017,\n     host: '65.0.176.149',\n     keepAlive: true,\n     keepAliveInitialDelay: 0,\n     noDelay: true,\n     connectionTimeout: 30000,\n     socketTimeout: 30000,\n     destroyed: false,\n     domainSocket: false,\n     singleBufferSerializtion: true,\n     serializationFunction: 'toBinUnified',\n     ca: null,\n     cert: null,\n     key: null,\n     passphrase: null,\n     ssl: false,\n     rejectUnauthorized: false,\n     checkServerIdentity: true,\n     responseOptions: \n      { promoteLongs: true,\n        promoteValues: true,\n        promoteBuffers: false },\n     flushing: false,\n     queue: [],\n     connection: \n      Socket {\n        connecting: false,\n        _hadError: false,\n        _handle: [Object],\n        _parent: null,\n        _host: null,\n        _readableState: [Object],\n        readable: true,\n        domain: null,\n        _events: [Object],\n        _eventsCount: 8,\n        _maxListeners: undefined,\n        _writableState: [Object],\n        writable: true,\n        allowHalfOpen: false,\n        destroyed: false,\n        _bytesDispatched: 697,\n        _sockname: null,\n        _pendingData: null,\n        _pendingEncoding: '',\n        server: null,\n        _server: null,\n        _idleTimeout: 30000,\n        _idleNext: [Object],\n        _idlePrev: [Object],\n        _idleStart: 2113796,\n        read: [Function],\n        _consuming: true },\n     writeStream: null,\n     hashedName: '7dcd4ef3ecd47c37fdf12446987419743124214f',\n     workItems: [],\n     buffer: null,\n     sizeOfMessage: 0,\n     bytesRead: 0,\n     stubBuffer: null },\n  message: \n   Response {\n     parsed: true,\n     index: 75,\n     raw: <Buffer 4b 00 00 00 a7 23 8d 38 e6 01 00 00 01 00 00 00 08 00 00 00 00 00 00 00 00 00 00 00 00 00 00 00 01 00 00 00 27 00 00 00 10 6e 00 01 00 00 00 10 6e 4d ... >,\n     data: <Buffer 4b 00 00 00 a7 23 8d 38 e6 01 00 00 01 00 00 00 08 00 00 00 00 00 00 00 00 00 00 00 00 00 00 00 01 00 00 00 27 00 00 00 10 6e 00 01 00 00 00 10 6e 4d ... >,\n     bson: BSON {},\n     opts: \n      { promoteLongs: true,\n        promoteValues: true,\n        promoteBuffers: false },\n     length: 75,\n     requestId: 948773799,\n     responseTo: 486,\n     responseFlags: 8,\n     cursorId: Long { _bsontype: 'Long', low_: 0, high_: 0 },\n     startingFrom: 0,\n     numberReturned: 1,\n     documents: [ [Object] ],\n     cursorNotFound: false,\n     queryFailure: false,\n     shardConfigStale: false,\n     awaitCapable: true,\n     promoteLongs: true,\n     promoteValues: true,\n     promoteBuffers: false,\n     hashedName: '7dcd4ef3ecd47c37fdf12446987419743124214f' } }","timestamp":"6:33:20 PM"}
{"level":"info","message":"emailupdate null { n: 1, nModified: 1, ok: 1 }","timestamp":"6:33:20 PM"}
{"level":"info","message":"TicketUpdated null CommandResult {\n  result: { n: 1, nModified: 1, ok: 1 },\n  connection: \n   Connection {\n     domain: null,\n     _events: \n      { close: [Object],\n        error: [Object],\n        timeout: [Object],\n        parseError: [Object] },\n     _eventsCount: 4,\n     _maxListeners: undefined,\n     options: \n      { host: '65.0.176.149',\n        port: 27017,\n        size: 5,\n        connectionTimeout: 30000,\n        socketTimeout: 30000,\n        keepAlive: true,\n        keepAliveInitialDelay: 0,\n        noDelay: true,\n        ssl: false,\n        checkServerIdentity: true,\n        ca: null,\n        cert: null,\n        key: null,\n        passPhrase: null,\n        rejectUnauthorized: false,\n        promoteLongs: true,\n        promoteValues: true,\n        promoteBuffers: false,\n        reconnect: true,\n        reconnectInterval: 1000,\n        reconnectTries: 30,\n        domainsEnabled: false,\n        disconnectHandler: [Object],\n        cursorFactory: [Object],\n        emitError: true,\n        socketOptions: {},\n        clientInfo: [Object],\n        readPreference: [Object],\n        promiseLibrary: [Function: Promise],\n        bson: BSON {} },\n     id: 6,\n     logger: Logger { className: 'Connection' },\n     bson: BSON {},\n     tag: undefined,\n     messageHandler: [Function],\n     maxBsonMessageSize: 67108864,\n     port: 27017,\n     host: '65.0.176.149',\n     keepAlive: true,\n     keepAliveInitialDelay: 0,\n     noDelay: true,\n     connectionTimeout: 30000,\n     socketTimeout: 30000,\n     destroyed: false,\n     domainSocket: false,\n     singleBufferSerializtion: true,\n     serializationFunction: 'toBinUnified',\n     ca: null,\n     cert: null,\n     key: null,\n     passphrase: null,\n     ssl: false,\n     rejectUnauthorized: false,\n     checkServerIdentity: true,\n     responseOptions: \n      { promoteLongs: true,\n        promoteValues: true,\n        promoteBuffers: false },\n     flushing: false,\n     queue: [],\n     connection: \n      Socket {\n        connecting: false,\n        _hadError: false,\n        _handle: [Object],\n        _parent: null,\n        _host: null,\n        _readableState: [Object],\n        readable: true,\n        domain: null,\n        _events: [Object],\n        _eventsCount: 8,\n        _maxListeners: undefined,\n        _writableState: [Object],\n        writable: true,\n        allowHalfOpen: false,\n        destroyed: false,\n        _bytesDispatched: 697,\n        _sockname: null,\n        _pendingData: null,\n        _pendingEncoding: '',\n        server: null,\n        _server: null,\n        _idleTimeout: 30000,\n        _idleNext: [Object],\n        _idlePrev: [Object],\n        _idleStart: 2170168,\n        read: [Function],\n        _consuming: true },\n     writeStream: null,\n     hashedName: '7dcd4ef3ecd47c37fdf12446987419743124214f',\n     workItems: [],\n     buffer: null,\n     sizeOfMessage: 0,\n     bytesRead: 0,\n     stubBuffer: null },\n  message: \n   Response {\n     parsed: true,\n     index: 75,\n     raw: <Buffer 4b 00 00 00 5e 59 8d 38 23 02 00 00 01 00 00 00 08 00 00 00 00 00 00 00 00 00 00 00 00 00 00 00 01 00 00 00 27 00 00 00 10 6e 00 01 00 00 00 10 6e 4d ... >,\n     data: <Buffer 4b 00 00 00 5e 59 8d 38 23 02 00 00 01 00 00 00 08 00 00 00 00 00 00 00 00 00 00 00 00 00 00 00 01 00 00 00 27 00 00 00 10 6e 00 01 00 00 00 10 6e 4d ... >,\n     bson: BSON {},\n     opts: \n      { promoteLongs: true,\n        promoteValues: true,\n        promoteBuffers: false },\n     length: 75,\n     requestId: 948787550,\n     responseTo: 547,\n     responseFlags: 8,\n     cursorId: Long { _bsontype: 'Long', low_: 0, high_: 0 },\n     startingFrom: 0,\n     numberReturned: 1,\n     documents: [ [Object] ],\n     cursorNotFound: false,\n     queryFailure: false,\n     shardConfigStale: false,\n     awaitCapable: true,\n     promoteLongs: true,\n     promoteValues: true,\n     promoteBuffers: false,\n     hashedName: '7dcd4ef3ecd47c37fdf12446987419743124214f' } }","timestamp":"6:34:16 PM"}
{"level":"info","message":"user_detailsInsert null { result: { ok: 1, n: 1 },\n  ops: \n   [ { Ticket_Id: 2772,\n       Ticket_code: 'BIEN7306',\n       Product: 10,\n       Category: 'Endorsement',\n       SubCategory: 'Contact Number',\n       From: 'Anuj Baliram Singh(110560)',\n       To: 'Anuj Baliram Singh(110560)',\n       Status: 'Open',\n       Created_By: 'Anuj Baliram Singh',\n       Created_On: 2024-01-23T13:04:16.619Z,\n       Modified_By: 8067,\n       Modified_On: 2024-01-23T13:04:16.619Z,\n       CRN: 1060944,\n       Mobile_No: '8764513213',\n       Vehicle_No: 'MH-02-AA-1234',\n       Remark: 'Contact Change',\n       ss_id: 8067,\n       CRN_owner: '813',\n       fba_id: 56265,\n       CRN_fba_id: '813',\n       channel: 'CC',\n       subchannel: 'PBS',\n       Agent_Email_Id: 'anuj.singh@policyboss.com',\n       Transaction_On: '2022-07-29T07:57:54.978Z',\n       Source: 'horizon',\n       RM_Email_Id: 'chirag.modi@policyboss.com',\n       RM_Agent_Name: 'Khushbu Gite',\n       Insurer_Id: '',\n       _id: 65afb950c6b4cc4f9855c3d5 } ],\n  insertedCount: 1,\n  insertedIds: [ 65afb950c6b4cc4f9855c3d5 ] }","timestamp":"6:34:16 PM"}
{"level":"info","message":"Error response received","timestamp":"6:34:16 PM"}
{"level":"info","message":"emailupdate null { n: 1, nModified: 1, ok: 1 }","timestamp":"6:34:16 PM"}
{"level":"info","message":"user_detailsInsert null { result: { ok: 1, n: 1 },\n  ops: \n   [ { Ticket_Id: 2773,\n       Ticket_code: 'BIEN7307',\n       Product: 10,\n       Category: 'Endorsement',\n       SubCategory: 'Address Correction',\n       From: 'Anuj Baliram Singh(110560)',\n       To: 'Anuj Baliram Singh(110560)',\n       Status: 'Open',\n       Created_By: 'Anuj Baliram Singh',\n       Created_On: 2024-01-23T13:05:59.204Z,\n       Modified_By: 8067,\n       Modified_On: 2024-01-23T13:05:59.204Z,\n       CRN: 1060940,\n       Mobile_No: '8794512321',\n       Vehicle_No: 'MH-02-AA-1234',\n       Remark: 'Address changes',\n       ss_id: 8067,\n       CRN_owner: '813',\n       fba_id: 56265,\n       CRN_fba_id: '813',\n       channel: 'CC',\n       subchannel: 'PBS',\n       Agent_Email_Id: 'anuj.singh@policyboss.com',\n       Transaction_On: '2022-07-29T07:37:19.440Z',\n       Source: 'horizon',\n       RM_Email_Id: 'chirag.modi@policyboss.com',\n       RM_Agent_Name: 'Khushbu Gite',\n       Insurer_Id: '',\n       _id: 65afb9b7c6b4cc4f9855c3d9 } ],\n  insertedCount: 1,\n  insertedIds: [ 65afb9b7c6b4cc4f9855c3d9 ] }","timestamp":"6:35:59 PM"}
{"level":"info","message":"TicketUpdated null CommandResult {\n  result: { n: 1, nModified: 1, ok: 1 },\n  connection: \n   Connection {\n     domain: null,\n     _events: \n      { close: [Object],\n        error: [Object],\n        timeout: [Object],\n        parseError: [Object] },\n     _eventsCount: 4,\n     _maxListeners: undefined,\n     options: \n      { host: '65.0.176.149',\n        port: 27017,\n        size: 5,\n        connectionTimeout: 30000,\n        socketTimeout: 30000,\n        keepAlive: true,\n        keepAliveInitialDelay: 0,\n        noDelay: true,\n        ssl: false,\n        checkServerIdentity: true,\n        ca: null,\n        cert: null,\n        key: null,\n        passPhrase: null,\n        rejectUnauthorized: false,\n        promoteLongs: true,\n        promoteValues: true,\n        promoteBuffers: false,\n        reconnect: true,\n        reconnectInterval: 1000,\n        reconnectTries: 30,\n        domainsEnabled: false,\n        disconnectHandler: [Object],\n        cursorFactory: [Object],\n        emitError: true,\n        socketOptions: {},\n        clientInfo: [Object],\n        readPreference: [Object],\n        promiseLibrary: [Function: Promise],\n        bson: BSON {} },\n     id: 8,\n     logger: Logger { className: 'Connection' },\n     bson: BSON {},\n     tag: undefined,\n     messageHandler: [Function],\n     maxBsonMessageSize: 67108864,\n     port: 27017,\n     host: '65.0.176.149',\n     keepAlive: true,\n     keepAliveInitialDelay: 0,\n     noDelay: true,\n     connectionTimeout: 30000,\n     socketTimeout: 30000,\n     destroyed: false,\n     domainSocket: false,\n     singleBufferSerializtion: true,\n     serializationFunction: 'toBinUnified',\n     ca: null,\n     cert: null,\n     key: null,\n     passphrase: null,\n     ssl: false,\n     rejectUnauthorized: false,\n     checkServerIdentity: true,\n     responseOptions: \n      { promoteLongs: true,\n        promoteValues: true,\n        promoteBuffers: false },\n     flushing: false,\n     queue: [],\n     connection: \n      Socket {\n        connecting: false,\n        _hadError: false,\n        _handle: [Object],\n        _parent: null,\n        _host: null,\n        _readableState: [Object],\n        readable: true,\n        domain: null,\n        _events: [Object],\n        _eventsCount: 8,\n        _maxListeners: undefined,\n        _writableState: [Object],\n        writable: true,\n        allowHalfOpen: false,\n        destroyed: false,\n        _bytesDispatched: 697,\n        _sockname: null,\n        _pendingData: null,\n        _pendingEncoding: '',\n        server: null,\n        _server: null,\n        _idleTimeout: 30000,\n        _idleNext: [Object],\n        _idlePrev: [Object],\n        _idleStart: 2272782,\n        read: [Function],\n        _consuming: true },\n     writeStream: null,\n     hashedName: '7dcd4ef3ecd47c37fdf12446987419743124214f',\n     workItems: [],\n     buffer: null,\n     sizeOfMessage: 0,\n     bytesRead: 0,\n     stubBuffer: null },\n  message: \n   Response {\n     parsed: true,\n     index: 75,\n     raw: <Buffer 4b 00 00 00 cd b3 8d 38 96 02 00 00 01 00 00 00 08 00 00 00 00 00 00 00 00 00 00 00 00 00 00 00 01 00 00 00 27 00 00 00 10 6e 00 01 00 00 00 10 6e 4d ... >,\n     data: <Buffer 4b 00 00 00 cd b3 8d 38 96 02 00 00 01 00 00 00 08 00 00 00 00 00 00 00 00 00 00 00 00 00 00 00 01 00 00 00 27 00 00 00 10 6e 00 01 00 00 00 10 6e 4d ... >,\n     bson: BSON {},\n     opts: \n      { promoteLongs: true,\n        promoteValues: true,\n        promoteBuffers: false },\n     length: 75,\n     requestId: 948810701,\n     responseTo: 662,\n     responseFlags: 8,\n     cursorId: Long { _bsontype: 'Long', low_: 0, high_: 0 },\n     startingFrom: 0,\n     numberReturned: 1,\n     documents: [ [Object] ],\n     cursorNotFound: false,\n     queryFailure: false,\n     shardConfigStale: false,\n     awaitCapable: true,\n     promoteLongs: true,\n     promoteValues: true,\n     promoteBuffers: false,\n     hashedName: '7dcd4ef3ecd47c37fdf12446987419743124214f' } }","timestamp":"6:35:59 PM"}
{"level":"info","message":"Error response received","timestamp":"6:35:59 PM"}
{"level":"info","message":"emailupdate null { n: 1, nModified: 1, ok: 1 }","timestamp":"6:35:59 PM"}
