{"level":"info","message":"$$$$$$$$$$$$$$$$$$$$$$$$","timestamp":"10:02:40 AM"}
{"meta":"","level":"info","message":"","timestamp":"10:02:40 AM"}
{"level":"info","message":"Development Environment is Listening on port 3000","timestamp":"10:02:40 AM"}
{"level":"info","message":"Web URL : http://localhost:3000","timestamp":"10:02:40 AM"}
{"meta":"","level":"info","message":"","timestamp":"10:02:40 AM"}
{"level":"info","message":"$$$$$$$$$$$$$$$$$$$$$$$$","timestamp":"10:02:40 AM"}
{"meta":"","level":"info","message":"","timestamp":"10:02:40 AM"}
{"level":"info","message":"Connected to Database","timestamp":"10:02:40 AM"}
{"level":"info","message":"$$$$$$$$$$$$$$$$$$$$$$$$","timestamp":"11:27:33 AM"}
{"meta":"","level":"info","message":"","timestamp":"11:27:33 AM"}
{"level":"info","message":"Development Environment is Listening on port 3000","timestamp":"11:27:33 AM"}
{"level":"info","message":"Web URL : http://localhost:3000","timestamp":"11:27:33 AM"}
{"meta":"","level":"info","message":"","timestamp":"11:27:33 AM"}
{"level":"info","message":"$$$$$$$$$$$$$$$$$$$$$$$$","timestamp":"11:27:33 AM"}
{"meta":"","level":"info","message":"","timestamp":"11:27:33 AM"}
{"level":"info","message":"Connected to Database","timestamp":"11:27:33 AM"}
{"level":"info","message":"$$$$$$$$$$$$$$$$$$$$$$$$","timestamp":"11:46:41 AM"}
{"meta":"","level":"info","message":"","timestamp":"11:46:41 AM"}
{"level":"info","message":"Development Environment is Listening on port 3000","timestamp":"11:46:41 AM"}
{"level":"info","message":"Web URL : http://localhost:3000","timestamp":"11:46:41 AM"}
{"meta":"","level":"info","message":"","timestamp":"11:46:41 AM"}
{"level":"info","message":"$$$$$$$$$$$$$$$$$$$$$$$$","timestamp":"11:46:41 AM"}
{"meta":"","level":"info","message":"","timestamp":"11:46:41 AM"}
{"level":"info","message":"Connected to Database","timestamp":"11:46:42 AM"}
{"level":"info","message":"$$$$$$$$$$$$$$$$$$$$$$$$","timestamp":"11:54:30 AM"}
{"meta":"","level":"info","message":"","timestamp":"11:54:30 AM"}
{"level":"info","message":"Development Environment is Listening on port 3000","timestamp":"11:54:30 AM"}
{"level":"info","message":"Web URL : http://localhost:3000","timestamp":"11:54:30 AM"}
{"meta":"","level":"info","message":"","timestamp":"11:54:30 AM"}
{"level":"info","message":"$$$$$$$$$$$$$$$$$$$$$$$$","timestamp":"11:54:30 AM"}
{"meta":"","level":"info","message":"","timestamp":"11:54:30 AM"}
{"level":"info","message":"Connected to Database","timestamp":"11:54:31 AM"}
{"level":"info","message":"$$$$$$$$$$$$$$$$$$$$$$$$","timestamp":"1:39:46 PM"}
{"meta":"","level":"info","message":"","timestamp":"1:39:46 PM"}
{"level":"info","message":"Development Environment is Listening on port 3000","timestamp":"1:39:46 PM"}
{"level":"info","message":"Web URL : http://localhost:3000","timestamp":"1:39:46 PM"}
{"meta":"","level":"info","message":"","timestamp":"1:39:46 PM"}
{"level":"info","message":"$$$$$$$$$$$$$$$$$$$$$$$$","timestamp":"1:39:46 PM"}
{"meta":"","level":"info","message":"","timestamp":"1:39:46 PM"}
{"level":"info","message":"Connected to Database","timestamp":"1:39:46 PM"}
{"level":"info","message":"$$$$$$$$$$$$$$$$$$$$$$$$","timestamp":"2:18:48 PM"}
{"meta":"","level":"info","message":"","timestamp":"2:18:48 PM"}
{"level":"info","message":"Development Environment is Listening on port 3000","timestamp":"2:18:48 PM"}
{"level":"info","message":"Web URL : http://localhost:3000","timestamp":"2:18:48 PM"}
{"meta":"","level":"info","message":"","timestamp":"2:18:48 PM"}
{"level":"info","message":"$$$$$$$$$$$$$$$$$$$$$$$$","timestamp":"2:18:48 PM"}
{"meta":"","level":"info","message":"","timestamp":"2:18:48 PM"}
{"level":"info","message":"Connected to Database","timestamp":"2:18:50 PM"}
{"level":"info","message":"$$$$$$$$$$$$$$$$$$$$$$$$","timestamp":"2:33:08 PM"}
{"meta":"","level":"info","message":"","timestamp":"2:33:09 PM"}
{"level":"info","message":"Development Environment is Listening on port 3000","timestamp":"2:33:09 PM"}
{"level":"info","message":"Web URL : http://localhost:3000","timestamp":"2:33:09 PM"}
{"meta":"","level":"info","message":"","timestamp":"2:33:09 PM"}
{"level":"info","message":"$$$$$$$$$$$$$$$$$$$$$$$$","timestamp":"2:33:09 PM"}
{"meta":"","level":"info","message":"","timestamp":"2:33:09 PM"}
{"level":"info","message":"Connected to Database","timestamp":"2:33:09 PM"}
{"level":"info","message":"$$$$$$$$$$$$$$$$$$$$$$$$","timestamp":"2:37:58 PM"}
{"meta":"","level":"info","message":"","timestamp":"2:37:58 PM"}
{"level":"info","message":"Development Environment is Listening on port 3000","timestamp":"2:37:58 PM"}
{"level":"info","message":"Web URL : http://localhost:3000","timestamp":"2:37:58 PM"}
{"meta":"","level":"info","message":"","timestamp":"2:37:58 PM"}
{"level":"info","message":"$$$$$$$$$$$$$$$$$$$$$$$$","timestamp":"2:37:58 PM"}
{"meta":"","level":"info","message":"","timestamp":"2:37:58 PM"}
{"level":"info","message":"Connected to Database","timestamp":"2:37:58 PM"}
{"level":"info","message":"$$$$$$$$$$$$$$$$$$$$$$$$","timestamp":"2:47:53 PM"}
{"meta":"","level":"info","message":"","timestamp":"2:47:53 PM"}
{"level":"info","message":"Development Environment is Listening on port 3000","timestamp":"2:47:53 PM"}
{"level":"info","message":"Web URL : http://localhost:3000","timestamp":"2:47:53 PM"}
{"meta":"","level":"info","message":"","timestamp":"2:47:53 PM"}
{"level":"info","message":"$$$$$$$$$$$$$$$$$$$$$$$$","timestamp":"2:47:53 PM"}
{"meta":"","level":"info","message":"","timestamp":"2:47:53 PM"}
{"level":"info","message":"Connected to Database","timestamp":"2:47:53 PM"}
{"level":"info","message":"$$$$$$$$$$$$$$$$$$$$$$$$","timestamp":"2:57:20 PM"}
{"meta":"","level":"info","message":"","timestamp":"2:57:20 PM"}
{"level":"info","message":"Development Environment is Listening on port 3000","timestamp":"2:57:20 PM"}
{"level":"info","message":"Web URL : http://localhost:3000","timestamp":"2:57:20 PM"}
{"meta":"","level":"info","message":"","timestamp":"2:57:20 PM"}
{"level":"info","message":"$$$$$$$$$$$$$$$$$$$$$$$$","timestamp":"2:57:20 PM"}
{"meta":"","level":"info","message":"","timestamp":"2:57:20 PM"}
{"level":"info","message":"Connected to Database","timestamp":"2:57:21 PM"}
{"level":"info","message":"$$$$$$$$$$$$$$$$$$$$$$$$","timestamp":"3:05:58 PM"}
{"meta":"","level":"info","message":"","timestamp":"3:05:58 PM"}
{"level":"info","message":"Development Environment is Listening on port 3000","timestamp":"3:05:58 PM"}
{"level":"info","message":"Web URL : http://localhost:3000","timestamp":"3:05:58 PM"}
{"meta":"","level":"info","message":"","timestamp":"3:05:58 PM"}
{"level":"info","message":"$$$$$$$$$$$$$$$$$$$$$$$$","timestamp":"3:05:58 PM"}
{"meta":"","level":"info","message":"","timestamp":"3:05:58 PM"}
{"level":"info","message":"Connected to Database","timestamp":"3:05:59 PM"}
{"level":"info","message":"$$$$$$$$$$$$$$$$$$$$$$$$","timestamp":"3:14:50 PM"}
{"meta":"","level":"info","message":"","timestamp":"3:14:50 PM"}
{"level":"info","message":"Development Environment is Listening on port 3000","timestamp":"3:14:50 PM"}
{"level":"info","message":"Web URL : http://localhost:3000","timestamp":"3:14:50 PM"}
{"meta":"","level":"info","message":"","timestamp":"3:14:50 PM"}
{"level":"info","message":"$$$$$$$$$$$$$$$$$$$$$$$$","timestamp":"3:14:50 PM"}
{"meta":"","level":"info","message":"","timestamp":"3:14:50 PM"}
{"level":"info","message":"Connected to Database","timestamp":"3:14:50 PM"}
{"level":"info","message":"$$$$$$$$$$$$$$$$$$$$$$$$","timestamp":"3:24:22 PM"}
{"meta":"","level":"info","message":"","timestamp":"3:24:22 PM"}
{"level":"info","message":"Development Environment is Listening on port 3000","timestamp":"3:24:22 PM"}
{"level":"info","message":"Web URL : http://localhost:3000","timestamp":"3:24:22 PM"}
{"meta":"","level":"info","message":"","timestamp":"3:24:22 PM"}
{"level":"info","message":"$$$$$$$$$$$$$$$$$$$$$$$$","timestamp":"3:24:22 PM"}
{"meta":"","level":"info","message":"","timestamp":"3:24:22 PM"}
{"level":"info","message":"Connected to Database","timestamp":"3:24:22 PM"}
