{"level":"info","message":"$$$$$$$$$$$$$$$$$$$$$$$$","timestamp":"9:08:41 AM"}
{"meta":"","level":"info","message":"","timestamp":"9:08:41 AM"}
{"level":"info","message":"Production Environment is Listening on port 3000","timestamp":"9:08:41 AM"}
{"level":"info","message":"Web URL : http://localhost:3000","timestamp":"9:08:41 AM"}
{"meta":"","level":"info","message":"","timestamp":"9:08:41 AM"}
{"level":"info","message":"$$$$$$$$$$$$$$$$$$$$$$$$","timestamp":"9:08:41 AM"}
{"meta":"","level":"info","message":"","timestamp":"9:08:41 AM"}
{"level":"info","message":"Connected to Database","timestamp":"9:08:41 AM"}
{"level":"info","message":"$$$$$$$$$$$$$$$$$$$$$$$$","timestamp":"9:12:34 AM"}
{"meta":"","level":"info","message":"","timestamp":"9:12:34 AM"}
{"level":"info","message":"Production Environment is Listening on port 3000","timestamp":"9:12:34 AM"}
{"level":"info","message":"Web URL : http://localhost:3000","timestamp":"9:12:34 AM"}
{"meta":"","level":"info","message":"","timestamp":"9:12:34 AM"}
{"level":"info","message":"$$$$$$$$$$$$$$$$$$$$$$$$","timestamp":"9:12:34 AM"}
{"meta":"","level":"info","message":"","timestamp":"9:12:34 AM"}
{"level":"info","message":"Connected to Database","timestamp":"9:12:34 AM"}
{"level":"info","message":"$$$$$$$$$$$$$$$$$$$$$$$$","timestamp":"9:13:20 AM"}
{"meta":"","level":"info","message":"","timestamp":"9:13:20 AM"}
{"level":"info","message":"Production Environment is Listening on port 3000","timestamp":"9:13:20 AM"}
{"level":"info","message":"Web URL : http://localhost:3000","timestamp":"9:13:20 AM"}
{"meta":"","level":"info","message":"","timestamp":"9:13:20 AM"}
{"level":"info","message":"$$$$$$$$$$$$$$$$$$$$$$$$","timestamp":"9:13:20 AM"}
{"meta":"","level":"info","message":"","timestamp":"9:13:20 AM"}
{"level":"info","message":"Connected to Database","timestamp":"9:13:21 AM"}
{"level":"info","message":"$$$$$$$$$$$$$$$$$$$$$$$$","timestamp":"9:14:51 AM"}
{"meta":"","level":"info","message":"","timestamp":"9:14:51 AM"}
{"level":"info","message":"Production Environment is Listening on port 3000","timestamp":"9:14:51 AM"}
{"level":"info","message":"Web URL : http://localhost:3000","timestamp":"9:14:51 AM"}
{"meta":"","level":"info","message":"","timestamp":"9:14:51 AM"}
{"level":"info","message":"$$$$$$$$$$$$$$$$$$$$$$$$","timestamp":"9:14:51 AM"}
{"meta":"","level":"info","message":"","timestamp":"9:14:51 AM"}
{"level":"info","message":"Connected to Database","timestamp":"9:14:51 AM"}
{"level":"info","message":"$$$$$$$$$$$$$$$$$$$$$$$$","timestamp":"9:35:50 AM"}
{"meta":"","level":"info","message":"","timestamp":"9:35:50 AM"}
{"level":"info","message":"Production Environment is Listening on port 3000","timestamp":"9:35:50 AM"}
{"level":"info","message":"Web URL : http://localhost:3000","timestamp":"9:35:50 AM"}
{"meta":"","level":"info","message":"","timestamp":"9:35:50 AM"}
{"level":"info","message":"$$$$$$$$$$$$$$$$$$$$$$$$","timestamp":"9:35:50 AM"}
{"meta":"","level":"info","message":"","timestamp":"9:35:50 AM"}
{"level":"info","message":"Connected to Database","timestamp":"9:35:51 AM"}
{"level":"info","message":"DateRange from 2024-08-12T18:30:00.000Z to 2024-08-13T18:30:00.000Z","timestamp":"9:39:18 AM"}
{"level":"info","message":"$$$$$$$$$$$$$$$$$$$$$$$$","timestamp":"9:48:52 AM"}
{"meta":"","level":"info","message":"","timestamp":"9:48:52 AM"}
{"level":"info","message":"Production Environment is Listening on port 3000","timestamp":"9:48:52 AM"}
{"level":"info","message":"Web URL : http://localhost:3000","timestamp":"9:48:52 AM"}
{"meta":"","level":"info","message":"","timestamp":"9:48:52 AM"}
{"level":"info","message":"$$$$$$$$$$$$$$$$$$$$$$$$","timestamp":"9:48:52 AM"}
{"meta":"","level":"info","message":"","timestamp":"9:48:52 AM"}
{"level":"info","message":"Connected to Database","timestamp":"9:48:52 AM"}
{"level":"info","message":"DateRange from 2024-08-12T18:30:00.000Z to 2024-08-13T18:30:00.000Z","timestamp":"10:49:44 AM"}
{"level":"info","message":"$$$$$$$$$$$$$$$$$$$$$$$$","timestamp":"10:56:14 AM"}
{"meta":"","level":"info","message":"","timestamp":"10:56:14 AM"}
{"level":"info","message":"Production Environment is Listening on port 3000","timestamp":"10:56:14 AM"}
{"level":"info","message":"Web URL : http://localhost:3000","timestamp":"10:56:14 AM"}
{"meta":"","level":"info","message":"","timestamp":"10:56:14 AM"}
{"level":"info","message":"$$$$$$$$$$$$$$$$$$$$$$$$","timestamp":"10:56:14 AM"}
{"meta":"","level":"info","message":"","timestamp":"10:56:14 AM"}
{"level":"info","message":"Connected to Database","timestamp":"10:56:14 AM"}
{"level":"info","message":"$$$$$$$$$$$$$$$$$$$$$$$$","timestamp":"10:58:30 AM"}
{"meta":"","level":"info","message":"","timestamp":"10:58:30 AM"}
{"level":"info","message":"Production Environment is Listening on port 3000","timestamp":"10:58:30 AM"}
{"level":"info","message":"Web URL : http://localhost:3000","timestamp":"10:58:30 AM"}
{"meta":"","level":"info","message":"","timestamp":"10:58:30 AM"}
{"level":"info","message":"$$$$$$$$$$$$$$$$$$$$$$$$","timestamp":"10:58:30 AM"}
{"meta":"","level":"info","message":"","timestamp":"10:58:30 AM"}
{"level":"info","message":"Connected to Database","timestamp":"10:58:30 AM"}
{"level":"info","message":"Error response received","timestamp":"11:08:43 AM"}
{"level":"info","message":"emailupdate null { n: 1, nModified: 1, ok: 1 }","timestamp":"11:08:43 AM"}
{"level":"info","message":"$$$$$$$$$$$$$$$$$$$$$$$$","timestamp":"11:10:53 AM"}
{"meta":"","level":"info","message":"","timestamp":"11:10:53 AM"}
{"level":"info","message":"Production Environment is Listening on port 3000","timestamp":"11:10:53 AM"}
{"level":"info","message":"Web URL : http://localhost:3000","timestamp":"11:10:53 AM"}
{"meta":"","level":"info","message":"","timestamp":"11:10:53 AM"}
{"level":"info","message":"$$$$$$$$$$$$$$$$$$$$$$$$","timestamp":"11:10:53 AM"}
{"meta":"","level":"info","message":"","timestamp":"11:10:53 AM"}
{"level":"info","message":"Connected to Database","timestamp":"11:10:53 AM"}
{"level":"info","message":"Error response received","timestamp":"11:11:42 AM"}
{"level":"info","message":"emailupdate null { n: 1, nModified: 1, ok: 1 }","timestamp":"11:11:42 AM"}
{"level":"info","message":"$$$$$$$$$$$$$$$$$$$$$$$$","timestamp":"11:39:58 AM"}
{"meta":"","level":"info","message":"","timestamp":"11:39:58 AM"}
{"level":"info","message":"Production Environment is Listening on port 3000","timestamp":"11:39:58 AM"}
{"level":"info","message":"Web URL : http://localhost:3000","timestamp":"11:39:58 AM"}
{"meta":"","level":"info","message":"","timestamp":"11:39:58 AM"}
{"level":"info","message":"$$$$$$$$$$$$$$$$$$$$$$$$","timestamp":"11:39:58 AM"}
{"meta":"","level":"info","message":"","timestamp":"11:39:58 AM"}
{"level":"info","message":"Connected to Database","timestamp":"11:39:59 AM"}
{"level":"info","message":"$$$$$$$$$$$$$$$$$$$$$$$$","timestamp":"11:49:46 AM"}
{"meta":"","level":"info","message":"","timestamp":"11:49:46 AM"}
{"level":"info","message":"Production Environment is Listening on port 3000","timestamp":"11:49:46 AM"}
{"level":"info","message":"Web URL : http://localhost:3000","timestamp":"11:49:46 AM"}
{"meta":"","level":"info","message":"","timestamp":"11:49:46 AM"}
{"level":"info","message":"$$$$$$$$$$$$$$$$$$$$$$$$","timestamp":"11:49:46 AM"}
{"meta":"","level":"info","message":"","timestamp":"11:49:46 AM"}
{"level":"info","message":"Connected to Database","timestamp":"11:49:46 AM"}
{"level":"info","message":"$$$$$$$$$$$$$$$$$$$$$$$$","timestamp":"11:51:01 AM"}
{"meta":"","level":"info","message":"","timestamp":"11:51:01 AM"}
{"level":"info","message":"Production Environment is Listening on port 3000","timestamp":"11:51:01 AM"}
{"level":"info","message":"Web URL : http://localhost:3000","timestamp":"11:51:01 AM"}
{"meta":"","level":"info","message":"","timestamp":"11:51:01 AM"}
{"level":"info","message":"$$$$$$$$$$$$$$$$$$$$$$$$","timestamp":"11:51:01 AM"}
{"meta":"","level":"info","message":"","timestamp":"11:51:01 AM"}
{"level":"info","message":"Connected to Database","timestamp":"11:51:02 AM"}
{"level":"info","message":"$$$$$$$$$$$$$$$$$$$$$$$$","timestamp":"11:55:50 AM"}
{"meta":"","level":"info","message":"","timestamp":"11:55:50 AM"}
{"level":"info","message":"Production Environment is Listening on port 3000","timestamp":"11:55:50 AM"}
{"level":"info","message":"Web URL : http://localhost:3000","timestamp":"11:55:50 AM"}
{"meta":"","level":"info","message":"","timestamp":"11:55:50 AM"}
{"level":"info","message":"$$$$$$$$$$$$$$$$$$$$$$$$","timestamp":"11:55:50 AM"}
{"meta":"","level":"info","message":"","timestamp":"11:55:50 AM"}
{"level":"info","message":"Connected to Database","timestamp":"11:55:50 AM"}
{"level":"info","message":"DateRange from 2024-08-12T18:30:00.000Z to 2024-08-13T18:30:00.000Z","timestamp":"1:18:48 PM"}
{"level":"info","message":"$$$$$$$$$$$$$$$$$$$$$$$$","timestamp":"1:25:04 PM"}
{"meta":"","level":"info","message":"","timestamp":"1:25:04 PM"}
{"level":"info","message":"Production Environment is Listening on port 3000","timestamp":"1:25:04 PM"}
{"level":"info","message":"Web URL : http://localhost:3000","timestamp":"1:25:04 PM"}
{"meta":"","level":"info","message":"","timestamp":"1:25:04 PM"}
{"level":"info","message":"$$$$$$$$$$$$$$$$$$$$$$$$","timestamp":"1:25:04 PM"}
{"meta":"","level":"info","message":"","timestamp":"1:25:04 PM"}
{"level":"info","message":"Connected to Database","timestamp":"1:25:05 PM"}
{"level":"info","message":"$$$$$$$$$$$$$$$$$$$$$$$$","timestamp":"1:28:11 PM"}
{"meta":"","level":"info","message":"","timestamp":"1:28:11 PM"}
{"level":"info","message":"Production Environment is Listening on port 3000","timestamp":"1:28:11 PM"}
{"level":"info","message":"Web URL : http://localhost:3000","timestamp":"1:28:11 PM"}
{"meta":"","level":"info","message":"","timestamp":"1:28:11 PM"}
{"level":"info","message":"$$$$$$$$$$$$$$$$$$$$$$$$","timestamp":"1:28:11 PM"}
{"meta":"","level":"info","message":"","timestamp":"1:28:11 PM"}
{"level":"info","message":"Connected to Database","timestamp":"1:28:11 PM"}
{"level":"info","message":"$$$$$$$$$$$$$$$$$$$$$$$$","timestamp":"1:42:39 PM"}
{"meta":"","level":"info","message":"","timestamp":"1:42:39 PM"}
{"level":"info","message":"Production Environment is Listening on port 3000","timestamp":"1:42:39 PM"}
{"level":"info","message":"Web URL : http://localhost:3000","timestamp":"1:42:39 PM"}
{"meta":"","level":"info","message":"","timestamp":"1:42:39 PM"}
{"level":"info","message":"$$$$$$$$$$$$$$$$$$$$$$$$","timestamp":"1:42:39 PM"}
{"meta":"","level":"info","message":"","timestamp":"1:42:39 PM"}
{"level":"info","message":"Connected to Database","timestamp":"1:42:39 PM"}
{"level":"info","message":"$$$$$$$$$$$$$$$$$$$$$$$$","timestamp":"2:52:58 PM"}
{"meta":"","level":"info","message":"","timestamp":"2:52:58 PM"}
{"level":"info","message":"Production Environment is Listening on port 3000","timestamp":"2:52:58 PM"}
{"level":"info","message":"Web URL : http://localhost:3000","timestamp":"2:52:58 PM"}
{"meta":"","level":"info","message":"","timestamp":"2:52:58 PM"}
{"level":"info","message":"$$$$$$$$$$$$$$$$$$$$$$$$","timestamp":"2:52:58 PM"}
{"meta":"","level":"info","message":"","timestamp":"2:52:58 PM"}
{"level":"info","message":"Connected to Database","timestamp":"2:52:58 PM"}
{"level":"info","message":"$$$$$$$$$$$$$$$$$$$$$$$$","timestamp":"2:56:51 PM"}
{"meta":"","level":"info","message":"","timestamp":"2:56:51 PM"}
{"level":"info","message":"Production Environment is Listening on port 3000","timestamp":"2:56:51 PM"}
{"level":"info","message":"Web URL : http://localhost:3000","timestamp":"2:56:51 PM"}
{"meta":"","level":"info","message":"","timestamp":"2:56:51 PM"}
{"level":"info","message":"$$$$$$$$$$$$$$$$$$$$$$$$","timestamp":"2:56:51 PM"}
{"meta":"","level":"info","message":"","timestamp":"2:56:51 PM"}
{"level":"info","message":"Connected to Database","timestamp":"2:56:52 PM"}
