{"level":"info","message":"$$$$$$$$$$$$$$$$$$$$$$$$","timestamp":"9:57:54 AM"}
{"meta":"","level":"info","message":"","timestamp":"9:57:54 AM"}
{"level":"info","message":"Development Environment is Listening on port 3000","timestamp":"9:57:54 AM"}
{"level":"info","message":"Web URL : http://localhost:3000","timestamp":"9:57:54 AM"}
{"meta":"","level":"info","message":"","timestamp":"9:57:54 AM"}
{"level":"info","message":"$$$$$$$$$$$$$$$$$$$$$$$$","timestamp":"9:57:54 AM"}
{"meta":"","level":"info","message":"","timestamp":"9:57:54 AM"}
{"level":"info","message":"$$$$$$$$$$$$$$$$$$$$$$$$","timestamp":"10:05:40 AM"}
{"meta":"","level":"info","message":"","timestamp":"10:05:40 AM"}
{"level":"info","message":"Development Environment is Listening on port 3000","timestamp":"10:05:40 AM"}
{"level":"info","message":"Web URL : http://localhost:3000","timestamp":"10:05:40 AM"}
{"meta":"","level":"info","message":"","timestamp":"10:05:40 AM"}
{"level":"info","message":"$$$$$$$$$$$$$$$$$$$$$$$$","timestamp":"10:05:40 AM"}
{"meta":"","level":"info","message":"","timestamp":"10:05:40 AM"}
{"level":"info","message":"dbcms { docs: [], total: 34, limit: NaN, page: NaN, pages: 1 }","timestamp":"10:05:46 AM"}
{"level":"info","message":"dbcms { docs: [], total: 34, limit: NaN, page: NaN, pages: 1 }","timestamp":"10:06:01 AM"}
{"level":"info","message":"$$$$$$$$$$$$$$$$$$$$$$$$","timestamp":"10:07:11 AM"}
{"meta":"","level":"info","message":"","timestamp":"10:07:11 AM"}
{"level":"info","message":"Development Environment is Listening on port 3000","timestamp":"10:07:11 AM"}
{"level":"info","message":"Web URL : http://localhost:3000","timestamp":"10:07:11 AM"}
{"meta":"","level":"info","message":"","timestamp":"10:07:11 AM"}
{"level":"info","message":"$$$$$$$$$$$$$$$$$$$$$$$$","timestamp":"10:07:11 AM"}
{"meta":"","level":"info","message":"","timestamp":"10:07:11 AM"}
{"level":"info","message":"$$$$$$$$$$$$$$$$$$$$$$$$","timestamp":"11:50:39 AM"}
{"meta":"","level":"info","message":"","timestamp":"11:50:39 AM"}
{"level":"info","message":"Development Environment is Listening on port 3000","timestamp":"11:50:39 AM"}
{"level":"info","message":"Web URL : http://localhost:3000","timestamp":"11:50:39 AM"}
{"meta":"","level":"info","message":"","timestamp":"11:50:39 AM"}
{"level":"info","message":"$$$$$$$$$$$$$$$$$$$$$$$$","timestamp":"11:50:39 AM"}
{"meta":"","level":"info","message":"","timestamp":"11:50:39 AM"}
{"level":"info","message":"$$$$$$$$$$$$$$$$$$$$$$$$","timestamp":"11:53:54 AM"}
{"meta":"","level":"info","message":"","timestamp":"11:53:54 AM"}
{"level":"info","message":"Development Environment is Listening on port 3000","timestamp":"11:53:54 AM"}
{"level":"info","message":"Web URL : http://localhost:3000","timestamp":"11:53:54 AM"}
{"meta":"","level":"info","message":"","timestamp":"11:53:54 AM"}
{"level":"info","message":"$$$$$$$$$$$$$$$$$$$$$$$$","timestamp":"11:53:54 AM"}
{"meta":"","level":"info","message":"","timestamp":"11:53:54 AM"}
{"level":"info","message":"$$$$$$$$$$$$$$$$$$$$$$$$","timestamp":"11:55:48 AM"}
{"meta":"","level":"info","message":"","timestamp":"11:55:48 AM"}
{"level":"info","message":"Development Environment is Listening on port 3000","timestamp":"11:55:48 AM"}
{"level":"info","message":"Web URL : http://localhost:3000","timestamp":"11:55:48 AM"}
{"meta":"","level":"info","message":"","timestamp":"11:55:48 AM"}
{"level":"info","message":"$$$$$$$$$$$$$$$$$$$$$$$$","timestamp":"11:55:48 AM"}
{"meta":"","level":"info","message":"","timestamp":"11:55:48 AM"}
{"level":"info","message":"$$$$$$$$$$$$$$$$$$$$$$$$","timestamp":"12:03:24 PM"}
{"meta":"","level":"info","message":"","timestamp":"12:03:24 PM"}
{"level":"info","message":"Development Environment is Listening on port 3000","timestamp":"12:03:24 PM"}
{"level":"info","message":"Web URL : http://localhost:3000","timestamp":"12:03:24 PM"}
{"meta":"","level":"info","message":"","timestamp":"12:03:24 PM"}
{"level":"info","message":"$$$$$$$$$$$$$$$$$$$$$$$$","timestamp":"12:03:24 PM"}
{"meta":"","level":"info","message":"","timestamp":"12:03:24 PM"}
{"level":"info","message":"$$$$$$$$$$$$$$$$$$$$$$$$","timestamp":"12:09:24 PM"}
{"meta":"","level":"info","message":"","timestamp":"12:09:24 PM"}
{"level":"info","message":"Development Environment is Listening on port 3000","timestamp":"12:09:24 PM"}
{"level":"info","message":"Web URL : http://localhost:3000","timestamp":"12:09:24 PM"}
{"meta":"","level":"info","message":"","timestamp":"12:09:24 PM"}
{"level":"info","message":"$$$$$$$$$$$$$$$$$$$$$$$$","timestamp":"12:09:24 PM"}
{"meta":"","level":"info","message":"","timestamp":"12:09:24 PM"}
{"level":"info","message":"$$$$$$$$$$$$$$$$$$$$$$$$","timestamp":"12:30:34 PM"}
{"meta":"","level":"info","message":"","timestamp":"12:30:34 PM"}
{"level":"info","message":"Development Environment is Listening on port 3000","timestamp":"12:30:34 PM"}
{"level":"info","message":"Web URL : http://localhost:3000","timestamp":"12:30:34 PM"}
{"meta":"","level":"info","message":"","timestamp":"12:30:34 PM"}
{"level":"info","message":"$$$$$$$$$$$$$$$$$$$$$$$$","timestamp":"12:30:34 PM"}
{"meta":"","level":"info","message":"","timestamp":"12:30:34 PM"}
{"level":"info","message":"$$$$$$$$$$$$$$$$$$$$$$$$","timestamp":"12:32:05 PM"}
{"meta":"","level":"info","message":"","timestamp":"12:32:05 PM"}
{"level":"info","message":"Development Environment is Listening on port 3000","timestamp":"12:32:05 PM"}
{"level":"info","message":"Web URL : http://localhost:3000","timestamp":"12:32:05 PM"}
{"meta":"","level":"info","message":"","timestamp":"12:32:05 PM"}
{"level":"info","message":"$$$$$$$$$$$$$$$$$$$$$$$$","timestamp":"12:32:05 PM"}
{"meta":"","level":"info","message":"","timestamp":"12:32:05 PM"}
{"level":"info","message":"$$$$$$$$$$$$$$$$$$$$$$$$","timestamp":"12:34:08 PM"}
{"meta":"","level":"info","message":"","timestamp":"12:34:08 PM"}
{"level":"info","message":"Development Environment is Listening on port 3000","timestamp":"12:34:08 PM"}
{"level":"info","message":"Web URL : http://localhost:3000","timestamp":"12:34:08 PM"}
{"meta":"","level":"info","message":"","timestamp":"12:34:08 PM"}
{"level":"info","message":"$$$$$$$$$$$$$$$$$$$$$$$$","timestamp":"12:34:08 PM"}
{"meta":"","level":"info","message":"","timestamp":"12:34:08 PM"}
{"level":"info","message":"$$$$$$$$$$$$$$$$$$$$$$$$","timestamp":"4:34:04 PM"}
{"meta":"","level":"info","message":"","timestamp":"4:34:04 PM"}
{"level":"info","message":"Development Environment is Listening on port 3000","timestamp":"4:34:04 PM"}
{"level":"info","message":"Web URL : http://localhost:3000","timestamp":"4:34:04 PM"}
{"meta":"","level":"info","message":"","timestamp":"4:34:04 PM"}
{"level":"info","message":"$$$$$$$$$$$$$$$$$$$$$$$$","timestamp":"4:34:04 PM"}
{"meta":"","level":"info","message":"","timestamp":"4:34:04 PM"}
{"level":"info","message":"$$$$$$$$$$$$$$$$$$$$$$$$","timestamp":"4:41:53 PM"}
{"meta":"","level":"info","message":"","timestamp":"4:41:53 PM"}
{"level":"info","message":"Development Environment is Listening on port 3000","timestamp":"4:41:53 PM"}
{"level":"info","message":"Web URL : http://localhost:3000","timestamp":"4:41:53 PM"}
{"meta":"","level":"info","message":"","timestamp":"4:41:53 PM"}
{"level":"info","message":"$$$$$$$$$$$$$$$$$$$$$$$$","timestamp":"4:41:53 PM"}
{"meta":"","level":"info","message":"","timestamp":"4:41:53 PM"}
{"level":"info","message":"$$$$$$$$$$$$$$$$$$$$$$$$","timestamp":"4:48:35 PM"}
{"meta":"","level":"info","message":"","timestamp":"4:48:35 PM"}
{"level":"info","message":"Development Environment is Listening on port 3000","timestamp":"4:48:35 PM"}
{"level":"info","message":"Web URL : http://localhost:3000","timestamp":"4:48:35 PM"}
{"meta":"","level":"info","message":"","timestamp":"4:48:35 PM"}
{"level":"info","message":"$$$$$$$$$$$$$$$$$$$$$$$$","timestamp":"4:48:35 PM"}
{"meta":"","level":"info","message":"","timestamp":"4:48:35 PM"}
{"level":"info","message":"$$$$$$$$$$$$$$$$$$$$$$$$","timestamp":"4:49:59 PM"}
{"meta":"","level":"info","message":"","timestamp":"4:49:59 PM"}
{"level":"info","message":"Development Environment is Listening on port 3000","timestamp":"4:49:59 PM"}
{"level":"info","message":"Web URL : http://localhost:3000","timestamp":"4:49:59 PM"}
{"meta":"","level":"info","message":"","timestamp":"4:49:59 PM"}
{"level":"info","message":"$$$$$$$$$$$$$$$$$$$$$$$$","timestamp":"4:49:59 PM"}
{"meta":"","level":"info","message":"","timestamp":"4:49:59 PM"}
{"level":"info","message":"$$$$$$$$$$$$$$$$$$$$$$$$","timestamp":"4:51:22 PM"}
{"meta":"","level":"info","message":"","timestamp":"4:51:22 PM"}
{"level":"info","message":"Development Environment is Listening on port 3000","timestamp":"4:51:22 PM"}
{"level":"info","message":"Web URL : http://localhost:3000","timestamp":"4:51:22 PM"}
{"meta":"","level":"info","message":"","timestamp":"4:51:22 PM"}
{"level":"info","message":"$$$$$$$$$$$$$$$$$$$$$$$$","timestamp":"4:51:22 PM"}
{"meta":"","level":"info","message":"","timestamp":"4:51:22 PM"}
{"level":"info","message":"$$$$$$$$$$$$$$$$$$$$$$$$","timestamp":"4:59:12 PM"}
{"meta":"","level":"info","message":"","timestamp":"4:59:12 PM"}
{"level":"info","message":"Development Environment is Listening on port 3000","timestamp":"4:59:12 PM"}
{"level":"info","message":"Web URL : http://localhost:3000","timestamp":"4:59:12 PM"}
{"meta":"","level":"info","message":"","timestamp":"4:59:12 PM"}
{"level":"info","message":"$$$$$$$$$$$$$$$$$$$$$$$$","timestamp":"4:59:12 PM"}
{"meta":"","level":"info","message":"","timestamp":"4:59:12 PM"}
{"level":"info","message":"$$$$$$$$$$$$$$$$$$$$$$$$","timestamp":"4:59:53 PM"}
{"meta":"","level":"info","message":"","timestamp":"4:59:53 PM"}
{"level":"info","message":"Development Environment is Listening on port 3000","timestamp":"4:59:53 PM"}
{"level":"info","message":"Web URL : http://localhost:3000","timestamp":"4:59:53 PM"}
{"meta":"","level":"info","message":"","timestamp":"4:59:53 PM"}
{"level":"info","message":"$$$$$$$$$$$$$$$$$$$$$$$$","timestamp":"4:59:53 PM"}
{"meta":"","level":"info","message":"","timestamp":"4:59:53 PM"}
{"level":"info","message":"$$$$$$$$$$$$$$$$$$$$$$$$","timestamp":"5:04:05 PM"}
{"meta":"","level":"info","message":"","timestamp":"5:04:05 PM"}
{"level":"info","message":"Development Environment is Listening on port 3000","timestamp":"5:04:05 PM"}
{"level":"info","message":"Web URL : http://localhost:3000","timestamp":"5:04:05 PM"}
{"meta":"","level":"info","message":"","timestamp":"5:04:05 PM"}
{"level":"info","message":"$$$$$$$$$$$$$$$$$$$$$$$$","timestamp":"5:04:05 PM"}
{"meta":"","level":"info","message":"","timestamp":"5:04:05 PM"}
{"level":"info","message":"$$$$$$$$$$$$$$$$$$$$$$$$","timestamp":"5:48:41 PM"}
{"meta":"","level":"info","message":"","timestamp":"5:48:41 PM"}
{"level":"info","message":"Development Environment is Listening on port 3000","timestamp":"5:48:41 PM"}
{"level":"info","message":"Web URL : http://localhost:3000","timestamp":"5:48:41 PM"}
{"meta":"","level":"info","message":"","timestamp":"5:48:41 PM"}
{"level":"info","message":"$$$$$$$$$$$$$$$$$$$$$$$$","timestamp":"5:48:41 PM"}
{"meta":"","level":"info","message":"","timestamp":"5:48:41 PM"}
{"level":"info","message":"[ { _id: 5ec65934370b6d7152853a6f,\n    Product_Id: [ '1', '2', '10', '12', '3' ],\n    Category_Id: 2,\n    Category: 'Quotation',\n    Level_1: '110560,111221,110847,111100,111162,111548,110646,110513,107602,104449,102572,102571,103595,109745,106154',\n    Level_2: '110646,107602',\n    Level_3: '104449,107602',\n    Display_Source: [ 'policyboss', 'horizon', 'app' ] },\n  { _id: 5ec65934370b6d7152853a70,\n    Product_Id: [ '1', '2', '10', '12' ],\n    Category_Id: 3,\n    Category: 'Proposal',\n    Level_1: '110560,111221,110847,111100,111162,111548,110646,110513,107602,104449,102572,102571,103595,109745',\n    Level_2: '104449,107602',\n    Level_3: '104449,107602',\n    Display_Source: [ 'policyboss', 'horizon', 'app' ] },\n  { _id: 5ec65934370b6d7152853a71,\n    Product_Id: [ '1', '2', '10', '12' ],\n    Category_Id: 4,\n    Category: 'Policy not received',\n    Level_1: '110560,111221,110847,111100,111162,111548,110646,110513,107602,104449,102572,102571,103595,109745',\n    Level_2: '104449,107602',\n    Level_3: '104449,107602',\n    Display_Source: [ 'policyboss', 'horizon', 'app' ] },\n  { _id: 5ec65934370b6d7152853a72,\n    Product_Id: [ '1', '2', '10', '12' ],\n    Category_Id: 5,\n    Category: 'Post Sale Query',\n    Level_1: '110560,111221,110847,111100,111162,111548,110646,110513,107602,104449,102572,102571,103595',\n    Level_2: '104449,107602',\n    Level_3: '104449,107602',\n    Display_Source: [ 'policyboss', 'horizon', 'app' ] },\n  { _id: 5ec65934370b6d7152853a73,\n    Product_Id: [ '1', '2', '10', '12' ],\n    Category_Id: 6,\n    Category: 'Endorsement',\n    Level_1: '110560,109745,109740,102571,111548,100004,111162,107602,104449',\n    Level_2: '104449,107602',\n    Level_3: '104449,107602',\n    Display_Source: [ 'policyboss', 'horizon', 'app' ] },\n  { _id: 5ec65934370b6d7152853a74,\n    Product_Id: [ '1', '2', '10', '12' ],\n    Category_Id: 7,\n    Category: 'Claim Related',\n    Level_1: '110560,109745,109740,102571,111548,100004,111162,107602,104449',\n    Level_2: '104449,107602',\n    Level_3: '104449,107602',\n    Display_Source: [ 'policyboss', 'horizon', 'app' ] },\n  { _id: 5ec65934370b6d7152853a75,\n    Product_Id: [ '1', '2', '10', '12' ],\n    Category_Id: 8,\n    Category: 'Finmart',\n    Level_1: '111548,109740,109745,111162,110560,107602,104449,104450',\n    Level_2: '110513,110646,107602',\n    Level_3: '104449,107602',\n    Display_Source: [ 'app' ] },\n  { _id: 5ec65934370b6d7152853a76,\n    Product_Id: [ '1', '2', '10', '12' ],\n    Category_Id: 9,\n    Category: 'Received policy copy, CRN is not marked as sell',\n    Level_1: '111548,109740,109745,111162,110560,107602,104449',\n    Level_2: '110513,110646,107602',\n    Level_3: '104449,107602',\n    Display_Source: [ 'policyboss', 'horizon', 'app' ] },\n  { _id: 5ec65934370b6d7152853a77,\n    Product_Id: [ '1', '2', '10', '12' ],\n    Category_Id: 10,\n    Category: 'Done payment but not received policy copy',\n    Level_1: '111548,109740,109745,111162,110560,107602,104449',\n    Level_2: '110513,110646,107602',\n    Level_3: '104449,107602',\n    Display_Source: [ 'policyboss', 'horizon', 'app' ] },\n  { _id: 5ec6666760ce99ede9f05f99,\n    Product_Id: [ '1', '2', '10', '12' ],\n    Category_Id: 11,\n    Category: 'Sign up issue',\n    Level_1: '111548,109740,109745,111162,110560,107602,104449',\n    Level_2: '110513,110646,107602',\n    Level_3: '104449,107602',\n    Display_Source: [ 'app' ] },\n  { _id: 5ec6666760ce99ede9f05f9b,\n    Product_Id: [ '1', '2', '10', '12' ],\n    Category_Id: 12,\n    Category: 'Login issue',\n    Level_1: '111548,109740,109745,111162,110560,107602,104449',\n    Level_2: '110513,110646,107602',\n    Level_3: '104449,107602',\n    Display_Source: [ 'app' ] },\n  { _id: 60e4175bce97a8d70db845f3,\n    Product_Id: [ '1', '2', '10', '12' ],\n    Category_Id: 15,\n    Category: 'Send to selles team',\n    Level_1: '110560,111221,110847,111100,111162,111548,110646,110513,107602,104449,102572,102571,103595,109745,106154',\n    Level_2: '110513,110646,107602',\n    Level_3: '104449,107602',\n    Display_Source: [ 'policyboss', 'horizon', 'app' ] },\n  { _id: 60e417b3ce97a8d70db8981a,\n    Product_Id: [ '1', '2', '10', '12' ],\n    Category_Id: 14,\n    Category: 'Send to IT',\n    Level_1: '110560,111221,110847,111100,111162,111548,110646,110513,107602,104449,102572,102571,103595,109745,106154',\n    Level_2: '110513,110646,107602',\n    Level_3: '104449,107602',\n    Display_Source: [ 'policyboss', 'horizon', 'app' ] },\n  { _id: 6246946e88f461f725bf79f5,\n    Product_Id: [ '2' ],\n    Category_Id: 17,\n    Category: 'Health Claims',\n    Level_1: '119801,14726,110560',\n    Level_2: '119801,14726,110560',\n    Level_3: '119801,14726,110560',\n    Display_Source: [ 'policyboss', 'horizon', 'app' ] },\n  { _id: 6278d52288f461f72592d6a1,\n    Product_Id: [ '1', '2', '10', '12' ],\n    Category_Id: 18,\n    Category: 'POSP',\n    Level_1: '110560,114118',\n    Level_2: '110560,114118',\n    Level_3: '110560,114118',\n    Display_Source: [ 'policyboss', 'horizon', 'app' ] },\n  { _id: 6278d64788f461f725944c2a,\n    Product_Id: [ '1', '10', '12' ],\n    Category_Id: 19,\n    Category: 'Policy not updated in Parivahan',\n    Level_1: '110560,114118',\n    Level_2: '110560,114118',\n    Level_3: '110560,114118',\n    Display_Source: [ 'policyboss', 'horizon', 'app' ] },\n  { _id: 627f38ed88f461f72551e830,\n    Product_Id: [ '1', '10', '12', '2' ],\n    Category_Id: 20,\n    Category: 'Wallet',\n    Level_1: '110560,114118',\n    Level_2: '110560,114118',\n    Level_3: '110560,114118',\n    Display_Source: [ 'policyboss', 'horizon', 'app' ] },\n  { _id: 63c79dfab9d55d22598cee55,\n    Product_Id: [ '1', '2', '10', '12' ],\n    Category_Id: 21,\n    Category: 'KYC',\n    Level_1: '110560,111221,110847,111100,111162,111548,110646,110513,107602,104449,102572,102571,103595,109745',\n    Level_2: '104449,107602',\n    Level_3: '104449,107602',\n    Display_Source: [ 'policyboss', 'horizon', 'app' ] } ]","timestamp":"5:50:32 PM"}
{"level":"info","message":"[ { _id: 5f9cff83a4f34ee58f8bd991,\n    Product_Id: [ 1, 2, 10, 12 ],\n    Category_Id: 6,\n    SubCategory: 'Registration Number',\n    SubCategory_Id: 53,\n    Error_Code: '',\n    documents: [ [Object] ] },\n  { _id: 5f9cff83a4f34ee58f8bd992,\n    Product_Id: [ 1, 2, 10, 12 ],\n    Category_Id: 6,\n    SubCategory: 'Transfer Of Ownership',\n    SubCategory_Id: 52,\n    Error_Code: '',\n    documents: [ [Object], [Object], [Object], [Object] ] },\n  { _id: 5f9cff83a4f34ee58f8bd993,\n    Product_Id: [ 1, 10, null, 12 ],\n    Category_Id: 6,\n    SubCategory: 'PA Cover',\n    SubCategory_Id: 50,\n    Error_Code: '' },\n  { _id: 5f9cff83a4f34ee58f8bd994,\n    Product_Id: [ 1, 2, 10, 12 ],\n    Category_Id: 6,\n    SubCategory: 'Nominee Name',\n    SubCategory_Id: 49,\n    Error_Code: 'LM225',\n    documents: [ [Object] ] },\n  { _id: 5f9cff83a4f34ee58f8bd995,\n    Product_Id: [ 1, 10, 12 ],\n    Category_Id: 6,\n    SubCategory: 'No Claim Bonus',\n    SubCategory_Id: 48,\n    Error_Code: '',\n    documents: [ [Object], [Object] ] },\n  { _id: 5f9cff83a4f34ee58f8bd996,\n    Product_Id: [ 1, 2, 10, 12 ],\n    Category_Id: 6,\n    SubCategory: 'Name Correction',\n    SubCategory_Id: 47,\n    Error_Code: '',\n    documents: [ [Object], [Object] ] },\n  { _id: 5f9cff83a4f34ee58f8bd997,\n    Product_Id: [ 1, 10, null, 12 ],\n    Category_Id: 6,\n    SubCategory: 'Make & Model',\n    SubCategory_Id: 45,\n    Error_Code: '',\n    documents: [ [Object] ] },\n  { _id: 5f9cff83a4f34ee58f8bd998,\n    Product_Id: [ 1, 10, null, 12 ],\n    Category_Id: 6,\n    SubCategory: 'IDV',\n    SubCategory_Id: 44,\n    Error_Code: '',\n    documents: [ [Object] ] },\n  { _id: 5f9cff83a4f34ee58f8bd999,\n    Product_Id: [ 1, 10, null, 12 ],\n    Category_Id: 6,\n    SubCategory: 'Hypothecation',\n    SubCategory_Id: 43,\n    Error_Code: 'LM237',\n    documents: [ [Object] ] },\n  { _id: 5f9cff83a4f34ee58f8bd99a,\n    Product_Id: [ 1, 10, 12, null ],\n    Category_Id: 6,\n    SubCategory: 'GST number updation',\n    SubCategory_Id: 42,\n    Error_Code: '',\n    documents: [ [Object] ] },\n  { _id: 5f9cff83a4f34ee58f8bd99b,\n    Product_Id: [ 1, 10, 12, null ],\n    Category_Id: 6,\n    SubCategory: 'Correction In Engine And Chassis',\n    SubCategory_Id: 41,\n    Error_Code: 'LM207',\n    documents: [ [Object] ] },\n  { _id: 5f9cff83a4f34ee58f8bd99c,\n    Product_Id: [ 1, 2, 10, 12 ],\n    Category_Id: 6,\n    SubCategory: 'Correction In Email Id',\n    SubCategory_Id: 40,\n    Error_Code: 'LM253' },\n  { _id: 5f9cff83a4f34ee58f8bd99d,\n    Product_Id: [ 1, 2, 10, 12 ],\n    Category_Id: 6,\n    SubCategory: 'Date of Birth',\n    SubCategory_Id: 39,\n    Error_Code: '',\n    documents: [ [Object] ] },\n  { _id: 5f9cff83a4f34ee58f8bd99e,\n    Product_Id: [ 1, 10, 12, null ],\n    Category_Id: 6,\n    SubCategory: 'Correction In RTO',\n    SubCategory_Id: 38,\n    Error_Code: '',\n    documents: [ [Object] ] },\n  { _id: 5f9cff83a4f34ee58f8bd99f,\n    Product_Id: [ 1, 10, null, 12 ],\n    Category_Id: 6,\n    SubCategory: 'Correction In Policy Inception',\n    SubCategory_Id: 37,\n    Error_Code: '' },\n  { _id: 5f9cff83a4f34ee58f8bd9a0,\n    Product_Id: [ 1, 10, null, 12 ],\n    Category_Id: 6,\n    SubCategory: 'Cubic Capacity',\n    SubCategory_Id: 36,\n    Error_Code: '',\n    documents: [ [Object] ] },\n  { _id: 5f9cff83a4f34ee58f8bd9a1,\n    Product_Id: [ 1, 2, 10, 12 ],\n    Category_Id: 6,\n    SubCategory: 'Contact Number',\n    SubCategory_Id: 35,\n    Error_Code: '' },\n  { _id: 5f9cff83a4f34ee58f8bd9a2,\n    Product_Id: [ 1, 10, 12 ],\n    Category_Id: 6,\n    SubCategory: 'CNG',\n    SubCategory_Id: 34,\n    Error_Code: '',\n    documents: [ [Object], [Object], [Object] ] },\n  { _id: 5f9cff83a4f34ee58f8bd9a3,\n    Product_Id: [ 1, 2, 10, 12 ],\n    Category_Id: 6,\n    SubCategory: 'Address Correction',\n    SubCategory_Id: 33,\n    Error_Code: '',\n    documents: [ [Object] ] },\n  { _id: 5f9cff83a4f34ee58f8bd9c4,\n    Product_Id: [ 1, 10, 12, null ],\n    Category_Id: 6,\n    SubCategory: 'Correction in Policy Period',\n    SubCategory_Id: 71,\n    Error_Code: '',\n    documents: [ [Object] ] },\n  { _id: 5f9cff83a4f34ee58f8bd9c5,\n    Product_Id: [ 1, 10, 12, null ],\n    Category_Id: 6,\n    SubCategory: 'Change in NCB Percentage',\n    SubCategory_Id: 72,\n    Error_Code: '',\n    documents: [ [Object] ] },\n  { _id: 5f9cff83a4f34ee58f8bd9c6,\n    Product_Id: [ 1, 10, 12, null ],\n    Category_Id: 6,\n    SubCategory: 'Previous Insurer Change/Updation',\n    SubCategory_Id: 73,\n    Error_Code: '',\n    documents: [ [Object] ] },\n  { _id: 6278d71288f461f7259567a5,\n    Product_Id: [ 1, 10, 12, null ],\n    Category_Id: 6,\n    SubCategory: 'Mfg. Year',\n    SubCategory_Id: 85,\n    Error_Code: '',\n    documents: [ [Object] ] },\n  { _id: 62e7604188f461f725f2f6da,\n    Product_Id: [ 1, 10, 12, 2 ],\n    Category_Id: 6,\n    SubCategory: 'Policy with wrong Broker code',\n    SubCategory_Id: 92,\n    Error_Code: '',\n    documents: [] },\n  { _id: 62e76a4888f461f725ff09ee,\n    Product_Id: [ 1, 10, 12, 2 ],\n    Category_Id: 6,\n    SubCategory: 'Policy without Broker code',\n    SubCategory_Id: 93,\n    Error_Code: '',\n    documents: [] } ]","timestamp":"5:51:11 PM"}
{"level":"info","message":"[ { _id: 5ec65934370b6d7152853a6f,\n    Product_Id: [ '1', '2', '10', '12', '3' ],\n    Category_Id: 2,\n    Category: 'Quotation',\n    Level_1: '110560,111221,110847,111100,111162,111548,110646,110513,107602,104449,102572,102571,103595,109745,106154',\n    Level_2: '110646,107602',\n    Level_3: '104449,107602',\n    Display_Source: [ 'policyboss', 'horizon', 'app' ] },\n  { _id: 5ec65934370b6d7152853a70,\n    Product_Id: [ '1', '2', '10', '12' ],\n    Category_Id: 3,\n    Category: 'Proposal',\n    Level_1: '110560,111221,110847,111100,111162,111548,110646,110513,107602,104449,102572,102571,103595,109745',\n    Level_2: '104449,107602',\n    Level_3: '104449,107602',\n    Display_Source: [ 'policyboss', 'horizon', 'app' ] },\n  { _id: 5ec65934370b6d7152853a71,\n    Product_Id: [ '1', '2', '10', '12' ],\n    Category_Id: 4,\n    Category: 'Policy not received',\n    Level_1: '110560,111221,110847,111100,111162,111548,110646,110513,107602,104449,102572,102571,103595,109745',\n    Level_2: '104449,107602',\n    Level_3: '104449,107602',\n    Display_Source: [ 'policyboss', 'horizon', 'app' ] },\n  { _id: 5ec65934370b6d7152853a72,\n    Product_Id: [ '1', '2', '10', '12' ],\n    Category_Id: 5,\n    Category: 'Post Sale Query',\n    Level_1: '110560,111221,110847,111100,111162,111548,110646,110513,107602,104449,102572,102571,103595',\n    Level_2: '104449,107602',\n    Level_3: '104449,107602',\n    Display_Source: [ 'policyboss', 'horizon', 'app' ] },\n  { _id: 5ec65934370b6d7152853a73,\n    Product_Id: [ '1', '2', '10', '12' ],\n    Category_Id: 6,\n    Category: 'Endorsement',\n    Level_1: '110560,109745,109740,102571,111548,100004,111162,107602,104449',\n    Level_2: '104449,107602',\n    Level_3: '104449,107602',\n    Display_Source: [ 'policyboss', 'horizon', 'app' ] },\n  { _id: 5ec65934370b6d7152853a74,\n    Product_Id: [ '1', '2', '10', '12' ],\n    Category_Id: 7,\n    Category: 'Claim Related',\n    Level_1: '110560,109745,109740,102571,111548,100004,111162,107602,104449',\n    Level_2: '104449,107602',\n    Level_3: '104449,107602',\n    Display_Source: [ 'policyboss', 'horizon', 'app' ] },\n  { _id: 5ec65934370b6d7152853a75,\n    Product_Id: [ '1', '2', '10', '12' ],\n    Category_Id: 8,\n    Category: 'Finmart',\n    Level_1: '111548,109740,109745,111162,110560,107602,104449,104450',\n    Level_2: '110513,110646,107602',\n    Level_3: '104449,107602',\n    Display_Source: [ 'app' ] },\n  { _id: 5ec65934370b6d7152853a76,\n    Product_Id: [ '1', '2', '10', '12' ],\n    Category_Id: 9,\n    Category: 'Received policy copy, CRN is not marked as sell',\n    Level_1: '111548,109740,109745,111162,110560,107602,104449',\n    Level_2: '110513,110646,107602',\n    Level_3: '104449,107602',\n    Display_Source: [ 'policyboss', 'horizon', 'app' ] },\n  { _id: 5ec65934370b6d7152853a77,\n    Product_Id: [ '1', '2', '10', '12' ],\n    Category_Id: 10,\n    Category: 'Done payment but not received policy copy',\n    Level_1: '111548,109740,109745,111162,110560,107602,104449',\n    Level_2: '110513,110646,107602',\n    Level_3: '104449,107602',\n    Display_Source: [ 'policyboss', 'horizon', 'app' ] },\n  { _id: 5ec6666760ce99ede9f05f99,\n    Product_Id: [ '1', '2', '10', '12' ],\n    Category_Id: 11,\n    Category: 'Sign up issue',\n    Level_1: '111548,109740,109745,111162,110560,107602,104449',\n    Level_2: '110513,110646,107602',\n    Level_3: '104449,107602',\n    Display_Source: [ 'app' ] },\n  { _id: 5ec6666760ce99ede9f05f9b,\n    Product_Id: [ '1', '2', '10', '12' ],\n    Category_Id: 12,\n    Category: 'Login issue',\n    Level_1: '111548,109740,109745,111162,110560,107602,104449',\n    Level_2: '110513,110646,107602',\n    Level_3: '104449,107602',\n    Display_Source: [ 'app' ] },\n  { _id: 60e4175bce97a8d70db845f3,\n    Product_Id: [ '1', '2', '10', '12' ],\n    Category_Id: 15,\n    Category: 'Send to selles team',\n    Level_1: '110560,111221,110847,111100,111162,111548,110646,110513,107602,104449,102572,102571,103595,109745,106154',\n    Level_2: '110513,110646,107602',\n    Level_3: '104449,107602',\n    Display_Source: [ 'policyboss', 'horizon', 'app' ] },\n  { _id: 60e417b3ce97a8d70db8981a,\n    Product_Id: [ '1', '2', '10', '12' ],\n    Category_Id: 14,\n    Category: 'Send to IT',\n    Level_1: '110560,111221,110847,111100,111162,111548,110646,110513,107602,104449,102572,102571,103595,109745,106154',\n    Level_2: '110513,110646,107602',\n    Level_3: '104449,107602',\n    Display_Source: [ 'policyboss', 'horizon', 'app' ] },\n  { _id: 6246946e88f461f725bf79f5,\n    Product_Id: [ '2' ],\n    Category_Id: 17,\n    Category: 'Health Claims',\n    Level_1: '119801,14726,110560',\n    Level_2: '119801,14726,110560',\n    Level_3: '119801,14726,110560',\n    Display_Source: [ 'policyboss', 'horizon', 'app' ] },\n  { _id: 6278d52288f461f72592d6a1,\n    Product_Id: [ '1', '2', '10', '12' ],\n    Category_Id: 18,\n    Category: 'POSP',\n    Level_1: '110560,114118',\n    Level_2: '110560,114118',\n    Level_3: '110560,114118',\n    Display_Source: [ 'policyboss', 'horizon', 'app' ] },\n  { _id: 6278d64788f461f725944c2a,\n    Product_Id: [ '1', '10', '12' ],\n    Category_Id: 19,\n    Category: 'Policy not updated in Parivahan',\n    Level_1: '110560,114118',\n    Level_2: '110560,114118',\n    Level_3: '110560,114118',\n    Display_Source: [ 'policyboss', 'horizon', 'app' ] },\n  { _id: 627f38ed88f461f72551e830,\n    Product_Id: [ '1', '10', '12', '2' ],\n    Category_Id: 20,\n    Category: 'Wallet',\n    Level_1: '110560,114118',\n    Level_2: '110560,114118',\n    Level_3: '110560,114118',\n    Display_Source: [ 'policyboss', 'horizon', 'app' ] },\n  { _id: 63c79dfab9d55d22598cee55,\n    Product_Id: [ '1', '2', '10', '12' ],\n    Category_Id: 21,\n    Category: 'KYC',\n    Level_1: '110560,111221,110847,111100,111162,111548,110646,110513,107602,104449,102572,102571,103595,109745',\n    Level_2: '104449,107602',\n    Level_3: '104449,107602',\n    Display_Source: [ 'policyboss', 'horizon', 'app' ] } ]","timestamp":"5:52:14 PM"}
