{"level":"info","message":"$$$$$$$$$$$$$$$$$$$$$$$$","timestamp":"8:59:01 AM"}
{"meta":"","level":"info","message":"","timestamp":"8:59:01 AM"}
{"level":"info","message":"Development Environment is Listening on port 3000","timestamp":"8:59:01 AM"}
{"level":"info","message":"Web URL : http://localhost:3000","timestamp":"8:59:01 AM"}
{"meta":"","level":"info","message":"","timestamp":"8:59:01 AM"}
{"level":"info","message":"$$$$$$$$$$$$$$$$$$$$$$$$","timestamp":"8:59:01 AM"}
{"meta":"","level":"info","message":"","timestamp":"8:59:01 AM"}
{"level":"info","message":"$$$$$$$$$$$$$$$$$$$$$$$$","timestamp":"11:31:01 AM"}
{"meta":"","level":"info","message":"","timestamp":"11:31:01 AM"}
{"level":"info","message":"Development Environment is Listening on port 3000","timestamp":"11:31:01 AM"}
{"level":"info","message":"Web URL : http://localhost:3000","timestamp":"11:31:01 AM"}
{"meta":"","level":"info","message":"","timestamp":"11:31:01 AM"}
{"level":"info","message":"$$$$$$$$$$$$$$$$$$$$$$$$","timestamp":"11:31:01 AM"}
{"meta":"","level":"info","message":"","timestamp":"11:31:01 AM"}
{"level":"info","message":"$$$$$$$$$$$$$$$$$$$$$$$$","timestamp":"2:27:07 PM"}
{"meta":"","level":"info","message":"","timestamp":"2:27:07 PM"}
{"level":"info","message":"Development Environment is Listening on port 3000","timestamp":"2:27:07 PM"}
{"level":"info","message":"Web URL : http://localhost:3000","timestamp":"2:27:07 PM"}
{"meta":"","level":"info","message":"","timestamp":"2:27:07 PM"}
{"level":"info","message":"$$$$$$$$$$$$$$$$$$$$$$$$","timestamp":"2:27:07 PM"}
{"meta":"","level":"info","message":"","timestamp":"2:27:07 PM"}
{"level":"info","message":"$$$$$$$$$$$$$$$$$$$$$$$$","timestamp":"2:28:12 PM"}
{"meta":"","level":"info","message":"","timestamp":"2:28:12 PM"}
{"level":"info","message":"Development Environment is Listening on port 3000","timestamp":"2:28:12 PM"}
{"level":"info","message":"Web URL : http://localhost:3000","timestamp":"2:28:12 PM"}
{"meta":"","level":"info","message":"","timestamp":"2:28:12 PM"}
{"level":"info","message":"$$$$$$$$$$$$$$$$$$$$$$$$","timestamp":"2:28:12 PM"}
{"meta":"","level":"info","message":"","timestamp":"2:28:12 PM"}
{"level":"info","message":"$$$$$$$$$$$$$$$$$$$$$$$$","timestamp":"2:31:45 PM"}
{"meta":"","level":"info","message":"","timestamp":"2:31:45 PM"}
{"level":"info","message":"Development Environment is Listening on port 3000","timestamp":"2:31:45 PM"}
{"level":"info","message":"Web URL : http://localhost:3000","timestamp":"2:31:45 PM"}
{"meta":"","level":"info","message":"","timestamp":"2:31:45 PM"}
{"level":"info","message":"$$$$$$$$$$$$$$$$$$$$$$$$","timestamp":"2:31:45 PM"}
{"meta":"","level":"info","message":"","timestamp":"2:31:45 PM"}
{"level":"info","message":"$$$$$$$$$$$$$$$$$$$$$$$$","timestamp":"2:32:54 PM"}
{"meta":"","level":"info","message":"","timestamp":"2:32:54 PM"}
{"level":"info","message":"Development Environment is Listening on port 3000","timestamp":"2:32:54 PM"}
{"level":"info","message":"Web URL : http://localhost:3000","timestamp":"2:32:54 PM"}
{"meta":"","level":"info","message":"","timestamp":"2:32:54 PM"}
{"level":"info","message":"$$$$$$$$$$$$$$$$$$$$$$$$","timestamp":"2:32:54 PM"}
{"meta":"","level":"info","message":"","timestamp":"2:32:54 PM"}
