{"level":"info","message":"{ Status: 'Publish', URL: 'UI22/xyz-url-2' }","timestamp":"9:09:15 AM"}
{"level":"info","message":"{ Status: 'Publish' }","timestamp":"9:14:35 AM"}
{"level":"info","message":"{ Status: 'Publish', Category: 'personal-accident' }","timestamp":"9:15:02 AM"}
{"level":"info","message":"DateRange from 2024-01-03T18:30:00.000Z to 2024-01-04T18:30:00.000Z","timestamp":"9:33:29 AM"}
{"level":"info","message":"DateRange from 2024-01-03T18:30:00.000Z to 2024-01-04T18:30:00.000Z","timestamp":"9:34:20 AM"}
{"level":"info","message":"{ Status: 'Publish' }","timestamp":"9:53:48 AM"}
{"level":"info","message":"{ Status: 'Publish' }","timestamp":"9:54:13 AM"}
{"level":"info","message":"{ Status: 'Publish', Type: 'CMS' }","timestamp":"9:58:35 AM"}
{"level":"info","message":"{ Status: 'Publish', Type: 'CMS' }","timestamp":"9:58:36 AM"}
{"level":"info","message":"{ Status: 'Publish', Type: 'CMS' }","timestamp":"9:58:37 AM"}
{"level":"info","message":"{ Status: 'Publish', Type: 'CMS' }","timestamp":"9:58:38 AM"}
{"level":"info","message":"{ Status: 'Publish', Type: 'CMS' }","timestamp":"9:58:38 AM"}
{"level":"info","message":"{ Status: 'Publish', Type: 'CMS' }","timestamp":"9:58:38 AM"}
{"level":"info","message":"{ Status: 'Publish', Type: 'CMS' }","timestamp":"9:58:39 AM"}
{"level":"info","message":"{ Status: 'Publish', Type: 'CMS' }","timestamp":"9:58:39 AM"}
{"level":"info","message":"{ Status: 'Publish', Type: 'CMS' }","timestamp":"9:58:39 AM"}
{"level":"info","message":"{ Status: 'Publish', Type: 'CMS' }","timestamp":"9:58:39 AM"}
{"level":"info","message":"{ Status: 'Publish', Category: 'sas' }","timestamp":"9:58:45 AM"}
{"level":"info","message":"{ Status: 'Publish', Category: 'sas' }","timestamp":"9:58:46 AM"}
{"level":"info","message":"{ Status: 'Publish', Category: 'sas' }","timestamp":"9:58:46 AM"}
{"level":"info","message":"{ Status: 'Publish', Category: 'sas' }","timestamp":"9:58:48 AM"}
{"level":"info","message":"{ Status: 'Publish' }","timestamp":"9:59:18 AM"}
{"level":"info","message":"{ Status: 'Publish' }","timestamp":"9:59:19 AM"}
{"level":"info","message":"{ Status: 'Publish' }","timestamp":"10:01:48 AM"}
{"level":"info","message":"{ Status: 'Publish' }","timestamp":"10:04:13 AM"}
{"level":"info","message":"{ Status: 'Publish' }","timestamp":"10:06:18 AM"}
{"level":"info","message":"{ Status: 'Publish' }","timestamp":"10:08:19 AM"}
{"level":"info","message":"{ Status: 'Publish', Type: 'BLOG' }","timestamp":"10:08:23 AM"}
{"level":"info","message":"DateRange from 2024-01-03T18:30:00.000Z to 2024-01-04T18:30:00.000Z","timestamp":"10:20:12 AM"}
{"level":"info","message":"{ Status: 'Publish' }","timestamp":"10:20:39 AM"}
{"level":"info","message":"{ Status: 'Publish' }","timestamp":"10:25:17 AM"}
{"level":"info","message":"{ Status: 'Publish' }","timestamp":"10:35:10 AM"}
{"level":"info","message":"{ Status: 'Publish' }","timestamp":"10:36:05 AM"}
{"level":"info","message":"{ Status: 'Publish' }","timestamp":"10:48:12 AM"}
{"level":"info","message":"{ Status: 'Publish' }","timestamp":"10:48:12 AM"}
{"level":"info","message":"{ Status: 'Publish' }","timestamp":"10:48:13 AM"}
{"level":"info","message":"{ Status: 'Publish' }","timestamp":"10:48:14 AM"}
{"level":"info","message":"{ Status: 'Publish', Type: 'CMS' }","timestamp":"11:01:51 AM"}
{"level":"info","message":"{ Status: 'Publish' }","timestamp":"11:02:36 AM"}
{"level":"info","message":"{ Status: 'Publish', Type: 'CMS' }","timestamp":"11:02:43 AM"}
{"level":"info","message":"{ Status: 'Publish' }","timestamp":"11:02:45 AM"}
{"level":"info","message":"{ Status: 'Publish', Type: 'CMS' }","timestamp":"11:03:02 AM"}
{"level":"info","message":"{ Status: 'Publish' }","timestamp":"11:03:03 AM"}
{"level":"info","message":"DateRange from 2024-01-03T18:30:00.000Z to 2024-01-04T18:30:00.000Z","timestamp":"12:35:50 PM"}
{"level":"info","message":"{ Status: 'Publish' }","timestamp":"1:57:40 PM"}
{"level":"info","message":"{ Status: 'Publish' }","timestamp":"1:57:49 PM"}
{"level":"info","message":"{ Status: 'Publish' }","timestamp":"1:58:48 PM"}
{"level":"info","message":"{ Status: 'Publish', Type: 'CMS' }","timestamp":"1:58:57 PM"}
{"level":"info","message":"{ Status: 'Publish' }","timestamp":"1:59:11 PM"}
{"level":"info","message":"{ Status: 'Publish', Category: 'CMS' }","timestamp":"1:59:27 PM"}
{"level":"info","message":"{ Status: 'Publish', Category: 'health-insurance' }","timestamp":"1:59:38 PM"}
{"level":"info","message":"{ Status: 'Publish', Type: 'CMS' }","timestamp":"2:00:08 PM"}
{"level":"info","message":"{ Status: 'Publish', Type: 'BLOG' }","timestamp":"2:00:13 PM"}
{"level":"info","message":"{ Status: 'Publish' }","timestamp":"2:00:21 PM"}
{"level":"info","message":"{ Status: 'Publish' }","timestamp":"2:00:22 PM"}
{"level":"info","message":"{ Status: 'Publish', Category: 'CMS' }","timestamp":"2:00:36 PM"}
{"level":"info","message":"{ Status: 'Publish' }","timestamp":"2:00:40 PM"}
{"level":"info","message":"{ Status: 'Publish', Title: 'BLOG META TITLE GOES HERE' }","timestamp":"2:00:54 PM"}
{"level":"info","message":"{ Status: 'Publish' }","timestamp":"2:00:58 PM"}
{"level":"info","message":"{ Status: 'Publish', URL: 'UI22/piyush-health-v1' }","timestamp":"2:01:07 PM"}
{"level":"info","message":"{ Status: 'Publish' }","timestamp":"2:01:11 PM"}
{"level":"info","message":"{ Status: 'Publish' }","timestamp":"2:01:13 PM"}
{"level":"info","message":"DateRange from 2024-01-03T18:30:00.000Z to 2024-01-04T18:30:00.000Z","timestamp":"2:09:30 PM"}
{"level":"info","message":"DateRange from 2024-01-03T18:30:00.000Z to 2024-01-04T18:30:00.000Z","timestamp":"2:15:02 PM"}
{"level":"info","message":"DateRange from 2024-01-03T18:30:00.000Z to 2024-01-04T18:30:00.000Z","timestamp":"2:23:44 PM"}
{"level":"info","message":"DateRange from 2024-01-03T18:30:00.000Z to 2024-01-04T18:30:00.000Z","timestamp":"2:23:46 PM"}
{"level":"info","message":"DateRange from 2024-01-03T18:30:00.000Z to 2024-01-04T18:30:00.000Z","timestamp":"2:24:25 PM"}
{"level":"info","message":"DateRange from 2024-01-03T18:30:00.000Z to 2024-01-04T18:30:00.000Z","timestamp":"2:24:33 PM"}
{"level":"info","message":"{ Status: 'Publish', Category: 'C' }","timestamp":"2:28:44 PM"}
{"level":"info","message":"$$$$$$$$$$$$$$$$$$$$$$$$","timestamp":"2:48:42 PM"}
{"meta":"","level":"info","message":"","timestamp":"2:48:42 PM"}
{"level":"info","message":"Development Environment is Listening on port 3000","timestamp":"2:48:42 PM"}
{"level":"info","message":"Web URL : http://localhost:3000","timestamp":"2:48:42 PM"}
{"meta":"","level":"info","message":"","timestamp":"2:48:42 PM"}
{"level":"info","message":"$$$$$$$$$$$$$$$$$$$$$$$$","timestamp":"2:48:42 PM"}
{"meta":"","level":"info","message":"","timestamp":"2:48:42 PM"}
{"level":"info","message":"{ Status: 'Publish' }","timestamp":"2:48:54 PM"}
{"level":"info","message":"{ Status: 'Publish', Type: /CMS/i }","timestamp":"2:49:05 PM"}
{"level":"info","message":"{ Status: 'Publish', Type: /BLOG/i }","timestamp":"2:49:08 PM"}
{"level":"info","message":"{ Status: 'Publish', Category: /CMS/i }","timestamp":"2:49:18 PM"}
{"level":"info","message":"{ Status: 'Publish' }","timestamp":"2:49:24 PM"}
{"level":"info","message":"{ Status: 'Publish', Category: /C/i }","timestamp":"2:49:28 PM"}
{"level":"info","message":"{ Status: 'Publish', Category: /personal-accident/i }","timestamp":"2:49:54 PM"}
{"level":"info","message":"{ Status: 'Publish', Category: /personal/i }","timestamp":"2:50:00 PM"}
{"level":"info","message":"{ Status: 'Publish' }","timestamp":"2:50:14 PM"}
{"level":"info","message":"{ Status: 'Publish', Category: /per/i }","timestamp":"2:50:21 PM"}
{"level":"info","message":"{ Status: 'Publish', Category: /UI/i }","timestamp":"2:50:32 PM"}
{"level":"info","message":"{ Status: 'Publish', URL: /UI/i }","timestamp":"2:50:38 PM"}
{"level":"info","message":"{ Status: 'Publish', URL: /UI22\\/factors/i }","timestamp":"2:50:54 PM"}
{"level":"info","message":"{ Status: 'Publish' }","timestamp":"2:51:01 PM"}
{"level":"info","message":"{ Status: 'Publish', Category: /CMS/i }","timestamp":"2:51:12 PM"}
{"level":"info","message":"{ Status: 'Publish', Category: /C/i }","timestamp":"2:51:16 PM"}
{"level":"info","message":"{ Status: 'Publish', Category: /CM/i }","timestamp":"2:51:23 PM"}
{"level":"info","message":"{ Status: 'Publish' }","timestamp":"3:41:49 PM"}
{"level":"info","message":"{ Status: 'Publish' }","timestamp":"3:42:12 PM"}
