{"level":"info","message":"{ Status: 'Publish' }","timestamp":"9:38:51 AM"}
{"level":"info","message":"{ Status: 'Publish' }","timestamp":"10:16:42 AM"}
{"level":"info","message":"{ Status: 'Publish' }","timestamp":"10:16:53 AM"}
{"level":"info","message":"{ Status: 'Publish' }","timestamp":"10:17:39 AM"}
{"level":"info","message":"{ Status: 'Publish' }","timestamp":"10:17:54 AM"}
{"level":"info","message":"{ Status: 'Publish' }","timestamp":"10:22:22 AM"}
{"level":"info","message":"{ Status: 'Publish' }","timestamp":"11:33:03 AM"}
{"level":"info","message":"{ Status: 'Publish' }","timestamp":"11:33:40 AM"}
{"level":"info","message":"$$$$$$$$$$$$$$$$$$$$$$$$","timestamp":"11:34:17 AM"}
{"meta":"","level":"info","message":"","timestamp":"11:34:17 AM"}
{"level":"info","message":"Development Environment is Listening on port 3000","timestamp":"11:34:17 AM"}
{"level":"info","message":"Web URL : http://localhost:3000","timestamp":"11:34:17 AM"}
{"meta":"","level":"info","message":"","timestamp":"11:34:17 AM"}
{"level":"info","message":"$$$$$$$$$$$$$$$$$$$$$$$$","timestamp":"11:34:17 AM"}
{"meta":"","level":"info","message":"","timestamp":"11:34:17 AM"}
{"level":"info","message":"$$$$$$$$$$$$$$$$$$$$$$$$","timestamp":"11:35:03 AM"}
{"meta":"","level":"info","message":"","timestamp":"11:35:03 AM"}
{"level":"info","message":"Development Environment is Listening on port 3000","timestamp":"11:35:03 AM"}
{"level":"info","message":"Web URL : http://localhost:3000","timestamp":"11:35:03 AM"}
{"meta":"","level":"info","message":"","timestamp":"11:35:03 AM"}
{"level":"info","message":"$$$$$$$$$$$$$$$$$$$$$$$$","timestamp":"11:35:03 AM"}
{"meta":"","level":"info","message":"","timestamp":"11:35:03 AM"}
{"level":"info","message":"{ Status: 'Publish' }","timestamp":"12:05:02 PM"}
{"level":"info","message":"{ Status: 'Publish' }","timestamp":"12:21:30 PM"}
{"level":"info","message":"{ Status: 'Publish' }","timestamp":"12:21:37 PM"}
{"level":"info","message":"{ Status: 'Publish' }","timestamp":"12:33:04 PM"}
{"level":"info","message":"{ Status: 'Publish' }","timestamp":"1:32:38 PM"}
{"level":"info","message":"{ Status: 'Publish' }","timestamp":"1:41:04 PM"}
{"level":"info","message":"{ Status: 'Publish' }","timestamp":"1:41:38 PM"}
{"level":"info","message":"{ Status: 'Publish' }","timestamp":"1:42:10 PM"}
{"level":"info","message":"{ Status: 'Publish' }","timestamp":"1:43:40 PM"}
{"level":"info","message":"$$$$$$$$$$$$$$$$$$$$$$$$","timestamp":"1:55:26 PM"}
{"meta":"","level":"info","message":"","timestamp":"1:55:26 PM"}
{"level":"info","message":"Development Environment is Listening on port 3000","timestamp":"1:55:26 PM"}
{"level":"info","message":"Web URL : http://localhost:3000","timestamp":"1:55:26 PM"}
{"meta":"","level":"info","message":"","timestamp":"1:55:26 PM"}
{"level":"info","message":"$$$$$$$$$$$$$$$$$$$$$$$$","timestamp":"1:55:26 PM"}
{"meta":"","level":"info","message":"","timestamp":"1:55:26 PM"}
{"level":"info","message":"$$$$$$$$$$$$$$$$$$$$$$$$","timestamp":"2:25:22 PM"}
{"meta":"","level":"info","message":"","timestamp":"2:25:23 PM"}
{"level":"info","message":"Development Environment is Listening on port 3000","timestamp":"2:25:23 PM"}
{"level":"info","message":"Web URL : http://localhost:3000","timestamp":"2:25:23 PM"}
{"meta":"","level":"info","message":"","timestamp":"2:25:23 PM"}
{"level":"info","message":"$$$$$$$$$$$$$$$$$$$$$$$$","timestamp":"2:25:23 PM"}
{"meta":"","level":"info","message":"","timestamp":"2:25:23 PM"}
{"level":"info","message":"File read!","timestamp":"2:25:48 PM"}
{"level":"info","message":"File deleted!","timestamp":"2:25:48 PM"}
{"level":"info","message":"File read!","timestamp":"2:26:41 PM"}
{"level":"info","message":"File read!","timestamp":"2:26:41 PM"}
{"level":"info","message":"File deleted!","timestamp":"2:26:41 PM"}
{"level":"info","message":"{ Status: 'Publish' }","timestamp":"2:30:09 PM"}
{"level":"info","message":"{ Status: 'Publish' }","timestamp":"2:54:11 PM"}
{"level":"info","message":"{ Status: 'Publish' }","timestamp":"3:01:04 PM"}
{"level":"info","message":"{ Status: 'Publish' }","timestamp":"3:01:44 PM"}
{"level":"info","message":"{ Status: 'Publish' }","timestamp":"3:02:34 PM"}
{"level":"info","message":"{ Status: 'Publish' }","timestamp":"3:12:34 PM"}
{"level":"info","message":"{ Status: 'Publish' }","timestamp":"3:12:48 PM"}
{"level":"info","message":"{ Status: 'Publish' }","timestamp":"3:12:59 PM"}
{"level":"info","message":"{ Status: 'Publish' }","timestamp":"3:13:11 PM"}
{"level":"info","message":"{ Status: 'Publish' }","timestamp":"3:13:19 PM"}
{"level":"info","message":"{ Status: 'Publish' }","timestamp":"3:15:24 PM"}
{"level":"info","message":"{ Status: 'Publish' }","timestamp":"3:17:04 PM"}
{"level":"info","message":"{ Status: 'Publish' }","timestamp":"3:17:31 PM"}
{"level":"info","message":"{ Status: 'Publish' }","timestamp":"3:17:44 PM"}
{"level":"info","message":"{ Status: 'Publish' }","timestamp":"3:19:03 PM"}
{"level":"info","message":"{ Status: 'Publish' }","timestamp":"3:21:32 PM"}
{"level":"info","message":"{ Status: 'Publish' }","timestamp":"3:23:32 PM"}
{"level":"info","message":"{ Status: 'Publish' }","timestamp":"3:23:44 PM"}
{"level":"info","message":"{ Status: 'Publish' }","timestamp":"3:24:09 PM"}
{"level":"info","message":"{ Status: 'Publish' }","timestamp":"3:25:21 PM"}
{"level":"info","message":"{ Status: 'Publish' }","timestamp":"3:25:49 PM"}
{"level":"info","message":"DateRange from 2024-01-02T18:30:00.000Z to 2024-01-03T18:30:00.000Z","timestamp":"3:26:49 PM"}
{"level":"info","message":"{ Status: 'Publish' }","timestamp":"3:28:39 PM"}
{"level":"info","message":"{ Status: 'Publish' }","timestamp":"3:29:38 PM"}
{"level":"info","message":"{ Status: 'Publish' }","timestamp":"3:29:51 PM"}
{"level":"info","message":"{ Status: 'Publish' }","timestamp":"3:30:07 PM"}
{"level":"info","message":"{ Status: 'Publish' }","timestamp":"3:30:23 PM"}
{"level":"info","message":"{ Status: 'Publish' }","timestamp":"3:34:49 PM"}
{"level":"info","message":"{ Status: 'Publish' }","timestamp":"3:35:19 PM"}
{"level":"info","message":"{ Status: 'Publish' }","timestamp":"3:39:29 PM"}
{"level":"info","message":"{ Status: 'Publish' }","timestamp":"3:40:52 PM"}
{"level":"info","message":"{ Status: 'Publish' }","timestamp":"3:47:31 PM"}
{"level":"info","message":"{ Status: 'Publish' }","timestamp":"3:47:57 PM"}
{"level":"info","message":"{ Status: 'Publish' }","timestamp":"3:48:10 PM"}
{"level":"info","message":"{ Status: 'Publish' }","timestamp":"3:49:03 PM"}
{"level":"info","message":"{ Status: 'Publish' }","timestamp":"3:49:26 PM"}
{"level":"info","message":"{ Status: 'Publish' }","timestamp":"3:49:47 PM"}
{"level":"info","message":"{ Status: 'Publish' }","timestamp":"3:50:15 PM"}
{"level":"info","message":"{ Status: 'Publish' }","timestamp":"3:50:20 PM"}
{"level":"info","message":"{ Status: 'Publish' }","timestamp":"3:51:08 PM"}
{"level":"info","message":"{ Status: 'Publish' }","timestamp":"3:52:30 PM"}
{"level":"info","message":"{ Status: 'Publish' }","timestamp":"4:08:30 PM"}
{"level":"info","message":"{ Status: 'Publish' }","timestamp":"4:08:32 PM"}
{"level":"info","message":"{ Status: 'Publish' }","timestamp":"4:10:19 PM"}
{"level":"info","message":"{ Status: 'Publish' }","timestamp":"4:12:35 PM"}
{"level":"info","message":"{ Status: 'Publish' }","timestamp":"4:12:48 PM"}
{"level":"info","message":"{ Status: 'Publish' }","timestamp":"4:38:19 PM"}
{"level":"info","message":"DateRange from 2024-01-02T18:30:00.000Z to 2024-01-03T18:30:00.000Z","timestamp":"4:57:41 PM"}
{"level":"info","message":"{ Status: 'Publish' }","timestamp":"4:59:03 PM"}
{"level":"info","message":"{ Status: 'Publish' }","timestamp":"4:59:11 PM"}
{"level":"info","message":"{ Status: 'Publish' }","timestamp":"4:59:39 PM"}
{"level":"info","message":"{ Status: 'Publish' }","timestamp":"5:00:27 PM"}
{"level":"info","message":"{ Status: 'Publish' }","timestamp":"5:00:33 PM"}
{"level":"info","message":"{ Status: 'Publish' }","timestamp":"5:01:34 PM"}
{"level":"info","message":"{ Status: 'Publish' }","timestamp":"5:01:55 PM"}
{"level":"info","message":"{ Status: 'Publish' }","timestamp":"5:03:00 PM"}
{"level":"info","message":"{ Status: 'Publish' }","timestamp":"5:03:12 PM"}
{"level":"info","message":"{ Status: 'Publish' }","timestamp":"5:03:53 PM"}
{"level":"info","message":"{ Status: 'Publish' }","timestamp":"5:04:20 PM"}
{"level":"info","message":"{ Status: 'Publish' }","timestamp":"5:04:48 PM"}
{"level":"info","message":"{ Status: 'Publish' }","timestamp":"5:05:15 PM"}
{"level":"info","message":"{ Status: 'Publish' }","timestamp":"5:06:40 PM"}
{"level":"info","message":"{ Status: 'Publish' }","timestamp":"5:06:49 PM"}
{"level":"info","message":"{ Status: 'Publish' }","timestamp":"5:07:11 PM"}
{"level":"info","message":"{ Status: 'Publish' }","timestamp":"5:07:27 PM"}
{"level":"info","message":"$$$$$$$$$$$$$$$$$$$$$$$$","timestamp":"5:19:30 PM"}
{"meta":"","level":"info","message":"","timestamp":"5:19:30 PM"}
{"level":"info","message":"Development Environment is Listening on port 3000","timestamp":"5:19:30 PM"}
{"level":"info","message":"Web URL : http://localhost:3000","timestamp":"5:19:30 PM"}
{"meta":"","level":"info","message":"","timestamp":"5:19:30 PM"}
{"level":"info","message":"$$$$$$$$$$$$$$$$$$$$$$$$","timestamp":"5:19:30 PM"}
{"meta":"","level":"info","message":"","timestamp":"5:19:30 PM"}
{"level":"info","message":"{ Status: 'Publish', Type: '', Category: '', Title: '', URL: '' }","timestamp":"5:19:39 PM"}
{"level":"info","message":"{ Status: 'Publish',\n  Type: 'CMS',\n  Category: '',\n  Title: '',\n  URL: '' }","timestamp":"5:19:50 PM"}
{"level":"info","message":"{ Status: 'Publish',\n  Type: 'CMS',\n  Category: '',\n  Title: '',\n  URL: '' }","timestamp":"5:19:51 PM"}
{"level":"info","message":"$$$$$$$$$$$$$$$$$$$$$$$$","timestamp":"5:33:55 PM"}
{"meta":"","level":"info","message":"","timestamp":"5:33:55 PM"}
{"level":"info","message":"Development Environment is Listening on port 3000","timestamp":"5:33:55 PM"}
{"level":"info","message":"Web URL : http://localhost:3000","timestamp":"5:33:55 PM"}
{"meta":"","level":"info","message":"","timestamp":"5:33:55 PM"}
{"level":"info","message":"$$$$$$$$$$$$$$$$$$$$$$$$","timestamp":"5:33:55 PM"}
{"meta":"","level":"info","message":"","timestamp":"5:33:55 PM"}
{"level":"info","message":"{ Status: 'Publish',\n  Type: undefined,\n  Category: undefined,\n  Title: undefined,\n  URL: undefined }","timestamp":"5:34:18 PM"}
{"level":"info","message":"$$$$$$$$$$$$$$$$$$$$$$$$","timestamp":"5:43:11 PM"}
{"meta":"","level":"info","message":"","timestamp":"5:43:11 PM"}
{"level":"info","message":"Development Environment is Listening on port 3000","timestamp":"5:43:11 PM"}
{"level":"info","message":"Web URL : http://localhost:3000","timestamp":"5:43:11 PM"}
{"meta":"","level":"info","message":"","timestamp":"5:43:11 PM"}
{"level":"info","message":"$$$$$$$$$$$$$$$$$$$$$$$$","timestamp":"5:43:11 PM"}
{"meta":"","level":"info","message":"","timestamp":"5:43:11 PM"}
{"level":"info","message":"{ Status: 'Publish',\n  Type: undefined,\n  Category: undefined,\n  Title: undefined,\n  URL: undefined }","timestamp":"5:43:26 PM"}
{"level":"info","message":"$$$$$$$$$$$$$$$$$$$$$$$$","timestamp":"5:45:19 PM"}
{"meta":"","level":"info","message":"","timestamp":"5:45:19 PM"}
{"level":"info","message":"Development Environment is Listening on port 3000","timestamp":"5:45:19 PM"}
{"level":"info","message":"Web URL : http://localhost:3000","timestamp":"5:45:19 PM"}
{"meta":"","level":"info","message":"","timestamp":"5:45:19 PM"}
{"level":"info","message":"$$$$$$$$$$$$$$$$$$$$$$$$","timestamp":"5:45:19 PM"}
{"meta":"","level":"info","message":"","timestamp":"5:45:19 PM"}
{"level":"info","message":"{ Status: 'Publish' }","timestamp":"5:45:29 PM"}
{"level":"info","message":"{ Status: 'Publish', Type: 'CMS' }","timestamp":"5:45:54 PM"}
{"level":"info","message":"{ Status: 'Publish', Type: 'BLOG' }","timestamp":"5:46:16 PM"}
{"level":"info","message":"{ Status: 'Publish', Category: 'motor-insurance' }","timestamp":"5:46:42 PM"}
{"level":"info","message":"{ Status: 'Publish',\n  Title: 'What is No Claim Bonus in Car Insurance?' }","timestamp":"5:47:04 PM"}
{"level":"info","message":"{ Status: 'Publish' }","timestamp":"5:47:25 PM"}
{"level":"info","message":"{ Status: 'Publish', Category: 'health-insurance' }","timestamp":"5:48:16 PM"}
{"level":"info","message":"{ Status: 'Publish', URL: 'UI22/piyush-health-v1' }","timestamp":"5:52:12 PM"}
{"level":"info","message":"{ Status: 'Publish' }","timestamp":"5:55:56 PM"}
{"level":"info","message":"{ Status: 'Publish', URL: 'UI22/xyz-url-2' }","timestamp":"6:04:59 PM"}
