{"level":"info","message":"$$$$$$$$$$$$$$$$$$$$$$$$","timestamp":"8:53:09 AM"}
{"meta":"","level":"info","message":"","timestamp":"8:53:09 AM"}
{"level":"info","message":"Development Environment is Listening on port 3000","timestamp":"8:53:09 AM"}
{"level":"info","message":"Web URL : http://localhost:3000","timestamp":"8:53:09 AM"}
{"meta":"","level":"info","message":"","timestamp":"8:53:09 AM"}
{"level":"info","message":"$$$$$$$$$$$$$$$$$$$$$$$$","timestamp":"8:53:09 AM"}
{"meta":"","level":"info","message":"","timestamp":"8:53:09 AM"}
{"level":"info","message":"2024-02-25T18:30:00.000Z 2024-02-26T18:30:00.000Z","timestamp":"9:41:57 AM"}
{"level":"info","message":"2024-02-25T18:30:00.000Z 2024-02-26T18:30:00.000Z","timestamp":"9:42:24 AM"}
{"level":"info","message":"2024-02-25T18:30:00.000Z 2024-02-26T18:30:00.000Z","timestamp":"9:42:54 AM"}
{"level":"info","message":"2024-02-25T18:30:00.000Z 2024-02-26T18:30:00.000Z","timestamp":"9:43:19 AM"}
{"level":"info","message":"2024-02-25T18:30:00.000Z 2024-02-26T18:30:00.000Z","timestamp":"9:43:20 AM"}
{"level":"info","message":"2024-02-25T18:30:00.000Z 2024-02-26T18:30:00.000Z","timestamp":"9:43:22 AM"}
{"level":"info","message":"2024-02-25T18:30:00.000Z 2024-02-26T18:30:00.000Z","timestamp":"9:43:23 AM"}
{"level":"info","message":"2024-02-25T18:30:00.000Z 2024-02-26T18:30:00.000Z","timestamp":"9:43:48 AM"}
{"level":"info","message":"2024-02-25T18:30:00.000Z 2024-02-26T18:30:00.000Z","timestamp":"9:43:52 AM"}
{"level":"info","message":"2024-02-25T18:30:00.000Z 2024-02-26T18:30:00.000Z","timestamp":"9:43:56 AM"}
{"level":"info","message":"2024-02-25T18:30:00.000Z 2024-02-26T18:30:00.000Z","timestamp":"9:43:57 AM"}
{"level":"info","message":"2024-02-25T18:30:00.000Z 2024-02-26T18:30:00.000Z","timestamp":"9:43:58 AM"}
{"level":"info","message":"2024-02-25T18:30:00.000Z 2024-02-26T18:30:00.000Z","timestamp":"9:43:58 AM"}
{"level":"info","message":"2024-02-25T18:30:00.000Z 2024-02-26T18:30:00.000Z","timestamp":"9:43:58 AM"}
{"level":"info","message":"2024-02-25T18:30:00.000Z 2024-02-26T18:30:00.000Z","timestamp":"9:43:58 AM"}
{"level":"info","message":"2024-02-25T18:30:00.000Z 2024-02-26T18:30:00.000Z","timestamp":"9:43:59 AM"}
{"level":"info","message":"2024-02-25T18:30:00.000Z 2024-02-26T18:30:00.000Z","timestamp":"9:44:05 AM"}
{"level":"info","message":"2024-02-25T18:30:00.000Z 2024-02-26T18:30:00.000Z","timestamp":"9:44:06 AM"}
{"level":"info","message":"2024-02-25T18:30:00.000Z 2024-02-26T18:30:00.000Z","timestamp":"9:44:07 AM"}
{"level":"info","message":"2024-02-25T18:30:00.000Z 2024-02-26T18:30:00.000Z","timestamp":"9:44:10 AM"}
{"level":"info","message":"2024-02-25T18:30:00.000Z 2024-02-26T18:30:00.000Z","timestamp":"9:44:27 AM"}
{"level":"info","message":"2024-02-25T18:30:00.000Z 2024-02-26T18:30:00.000Z","timestamp":"9:44:28 AM"}
{"level":"info","message":"2024-02-25T18:30:00.000Z 2024-02-26T18:30:00.000Z","timestamp":"9:44:30 AM"}
{"level":"info","message":"2024-02-25T18:30:00.000Z 2024-02-26T18:30:00.000Z","timestamp":"9:44:33 AM"}
{"level":"info","message":"2024-02-25T18:30:00.000Z 2024-02-26T18:30:00.000Z","timestamp":"9:44:36 AM"}
{"level":"info","message":"2024-02-25T18:30:00.000Z 2024-02-26T18:30:00.000Z","timestamp":"9:44:38 AM"}
{"level":"info","message":"2024-02-25T18:30:00.000Z 2024-02-26T18:30:00.000Z","timestamp":"9:44:38 AM"}
{"level":"info","message":"2024-02-25T18:30:00.000Z 2024-02-26T18:30:00.000Z","timestamp":"9:44:55 AM"}
{"level":"info","message":"2024-02-25T18:30:00.000Z 2024-02-26T18:30:00.000Z","timestamp":"9:45:28 AM"}
{"level":"info","message":"2024-02-25T18:30:00.000Z 2024-02-26T18:30:00.000Z","timestamp":"9:45:30 AM"}
{"level":"info","message":"2024-02-25T18:30:00.000Z 2024-02-26T18:30:00.000Z","timestamp":"9:53:29 AM"}
{"level":"info","message":"2024-02-25T18:30:00.000Z 2024-02-26T18:30:00.000Z","timestamp":"9:53:33 AM"}
{"level":"info","message":"2024-02-25T18:30:00.000Z 2024-02-26T18:30:00.000Z","timestamp":"9:53:47 AM"}
{"level":"info","message":"$$$$$$$$$$$$$$$$$$$$$$$$","timestamp":"10:03:03 AM"}
{"meta":"","level":"info","message":"","timestamp":"10:03:03 AM"}
{"level":"info","message":"Development Environment is Listening on port 3000","timestamp":"10:03:03 AM"}
{"level":"info","message":"Web URL : http://localhost:3000","timestamp":"10:03:03 AM"}
{"meta":"","level":"info","message":"","timestamp":"10:03:03 AM"}
{"level":"info","message":"$$$$$$$$$$$$$$$$$$$$$$$$","timestamp":"10:03:03 AM"}
{"meta":"","level":"info","message":"","timestamp":"10:03:03 AM"}
{"level":"info","message":"2024-02-25T18:30:00.000Z 2024-02-26T18:30:00.000Z","timestamp":"10:03:13 AM"}
{"level":"info","message":"2024-02-25T18:30:00.000Z 2024-02-26T18:30:00.000Z","timestamp":"10:08:19 AM"}
{"level":"info","message":"2024-02-25T18:30:00.000Z 2024-02-26T18:30:00.000Z","timestamp":"10:08:21 AM"}
{"level":"info","message":"2024-02-25T18:30:00.000Z 2024-02-26T18:30:00.000Z","timestamp":"10:08:43 AM"}
{"level":"info","message":"2024-02-25T18:30:00.000Z 2024-02-26T18:30:00.000Z","timestamp":"10:08:53 AM"}
{"level":"info","message":"2024-02-25T18:30:00.000Z 2024-02-26T18:30:00.000Z","timestamp":"10:09:03 AM"}
{"level":"info","message":"2024-02-25T18:30:00.000Z 2024-02-26T18:30:00.000Z","timestamp":"10:09:35 AM"}
{"level":"info","message":"2024-02-25T18:30:00.000Z 2024-02-26T18:30:00.000Z","timestamp":"10:09:35 AM"}
{"level":"info","message":"2024-02-25T18:30:00.000Z 2024-02-26T18:30:00.000Z","timestamp":"10:09:39 AM"}
{"level":"info","message":"$$$$$$$$$$$$$$$$$$$$$$$$","timestamp":"10:13:28 AM"}
{"meta":"","level":"info","message":"","timestamp":"10:13:28 AM"}
{"level":"info","message":"Development Environment is Listening on port 3000","timestamp":"10:13:28 AM"}
{"level":"info","message":"Web URL : http://localhost:3000","timestamp":"10:13:28 AM"}
{"meta":"","level":"info","message":"","timestamp":"10:13:28 AM"}
{"level":"info","message":"$$$$$$$$$$$$$$$$$$$$$$$$","timestamp":"10:13:28 AM"}
{"meta":"","level":"info","message":"","timestamp":"10:13:28 AM"}
{"level":"info","message":"2024-02-25T18:30:00.000Z 2024-02-26T18:30:00.000Z","timestamp":"10:13:36 AM"}
{"level":"info","message":"2024-02-25T18:30:00.000Z 2024-02-26T18:30:00.000Z","timestamp":"10:15:53 AM"}
{"level":"info","message":"2024-02-25T18:30:00.000Z 2024-02-26T18:30:00.000Z","timestamp":"10:21:44 AM"}
{"level":"info","message":"2024-02-25T18:30:00.000Z 2024-02-26T18:30:00.000Z","timestamp":"10:46:52 AM"}
{"level":"info","message":"2024-02-25T18:30:00.000Z 2024-02-26T18:30:00.000Z","timestamp":"10:52:04 AM"}
{"level":"info","message":"2024-02-25T18:30:00.000Z 2024-02-26T18:30:00.000Z","timestamp":"10:54:37 AM"}
{"level":"info","message":"2024-02-25T18:30:00.000Z 2024-02-26T18:30:00.000Z","timestamp":"10:58:25 AM"}
{"level":"info","message":"2024-02-25T18:30:00.000Z 2024-02-26T18:30:00.000Z","timestamp":"10:59:05 AM"}
{"level":"info","message":"$$$$$$$$$$$$$$$$$$$$$$$$","timestamp":"11:19:18 AM"}
{"meta":"","level":"info","message":"","timestamp":"11:19:18 AM"}
{"level":"info","message":"Development Environment is Listening on port 3000","timestamp":"11:19:18 AM"}
{"level":"info","message":"Web URL : http://localhost:3000","timestamp":"11:19:18 AM"}
{"meta":"","level":"info","message":"","timestamp":"11:19:18 AM"}
{"level":"info","message":"$$$$$$$$$$$$$$$$$$$$$$$$","timestamp":"11:19:18 AM"}
{"meta":"","level":"info","message":"","timestamp":"11:19:18 AM"}
{"level":"info","message":"2024-02-25T18:30:00.000Z 2024-02-26T18:30:00.000Z","timestamp":"11:19:23 AM"}
{"level":"info","message":"2024-02-25T18:30:00.000Z 2024-02-26T18:30:00.000Z","timestamp":"11:32:28 AM"}
{"level":"info","message":"2024-02-25T18:30:00.000Z 2024-02-26T18:30:00.000Z","timestamp":"11:43:54 AM"}
{"level":"info","message":"2024-02-25T18:30:00.000Z 2024-02-26T18:30:00.000Z","timestamp":"2:03:17 PM"}
{"level":"info","message":"2024-02-25T18:30:00.000Z 2024-02-26T18:30:00.000Z","timestamp":"2:06:11 PM"}
{"level":"info","message":"2024-02-25T18:30:00.000Z 2024-02-26T18:30:00.000Z","timestamp":"3:07:36 PM"}
{"level":"info","message":"2024-02-25T18:30:00.000Z 2024-02-26T18:30:00.000Z","timestamp":"3:38:34 PM"}
{"level":"info","message":"2024-02-25T18:30:00.000Z 2024-02-26T18:30:00.000Z","timestamp":"3:39:12 PM"}
{"level":"info","message":"2024-02-25T18:30:00.000Z 2024-02-26T18:30:00.000Z","timestamp":"3:40:27 PM"}
{"level":"info","message":"2024-02-25T18:30:00.000Z 2024-02-26T18:30:00.000Z","timestamp":"4:35:38 PM"}
