{"level":"info","message":"req.body :  { draw: '1',\n  columns: \n   [ { data: 'Action',\n       name: '',\n       searchable: 'true',\n       orderable: 'true',\n       search: [Object] },\n     { data: 'Erp_Id',\n       name: '',\n       searchable: 'true',\n       orderable: 'true',\n       search: [Object] },\n     { data: 'Ss_Id',\n       name: '',\n       searchable: 'true',\n       orderable: 'true',\n       search: [Object] },\n     { data: 'Is_Loyalty_Activated',\n       name: '',\n       searchable: 'true',\n       orderable: 'true',\n       search: [Object] },\n     { data: 'Activate',\n       name: '',\n       searchable: 'true',\n       orderable: 'true',\n       search: [Object] },\n     { data: 'Activation_Status',\n       name: '',\n       searchable: 'true',\n       orderable: 'true',\n       search: [Object] },\n     { data: 'Lead_Assigned_To',\n       name: '',\n       searchable: 'true',\n       orderable: 'true',\n       search: [Object] },\n     { data: 'Is_PA',\n       name: '',\n       searchable: 'true',\n       orderable: 'true',\n       search: [Object] },\n     { data: 'Is_RSA',\n       name: '',\n       searchable: 'true',\n       orderable: 'true',\n       search: [Object] },\n     { data: 'Is_Rodent',\n       name: '',\n       searchable: 'true',\n       orderable: 'true',\n       search: [Object] },\n     { data: 'Is_Tyre',\n       name: '',\n       searchable: 'true',\n       orderable: 'true',\n       search: [Object] },\n     { data: 'Is_Practo',\n       name: '',\n       searchable: 'true',\n       orderable: 'true',\n       search: [Object] },\n     { data: 'Is_Other',\n       name: '',\n       searchable: 'true',\n       orderable: 'true',\n       search: [Object] },\n     { data: 'Created_On',\n       name: '',\n       searchable: 'true',\n       orderable: 'true',\n       search: [Object] },\n     { data: 'Modified_On',\n       name: '',\n       searchable: 'true',\n       orderable: 'true',\n       search: [Object] } ],\n  order: [ { column: '0', dir: 'asc' } ],\n  start: '0',\n  length: '10',\n  search: { value: '', regex: 'false' } }","timestamp":"9:40:05 AM"}
{"level":"info","message":"$$$$$$$$$$$$$$$$$$$$$$$$","timestamp":"10:15:02 AM"}
{"meta":"","level":"info","message":"","timestamp":"10:15:02 AM"}
{"level":"info","message":"Development Environment is Listening on port 3000","timestamp":"10:15:02 AM"}
{"level":"info","message":"Web URL : http://localhost:3000","timestamp":"10:15:02 AM"}
{"meta":"","level":"info","message":"","timestamp":"10:15:02 AM"}
{"level":"info","message":"$$$$$$$$$$$$$$$$$$$$$$$$","timestamp":"10:15:02 AM"}
{"meta":"","level":"info","message":"","timestamp":"10:15:02 AM"}
{"level":"info","message":"[]","timestamp":"11:04:56 AM"}
{"level":"info","message":"DateRange from 2024-05-22T18:30:00.000Z to 2024-05-23T18:30:00.000Z","timestamp":"11:05:00 AM"}
{"level":"info","message":"{ '$or': [ { lead_assigned_ssid: [Object] }, { ss_id: [Object] } ] }","timestamp":"11:05:00 AM"}
{"level":"info","message":"[]","timestamp":"11:05:04 AM"}
{"level":"info","message":"File read!","timestamp":"11:05:51 AM"}
{"level":"info","message":"File deleted!","timestamp":"11:05:51 AM"}
{"level":"info","message":"File read!","timestamp":"11:05:52 AM"}
{"level":"info","message":"File deleted!","timestamp":"11:05:52 AM"}
{"level":"info","message":"user_detailsInsert null { result: { ok: 1, n: 1 },\n  ops: \n   [ { Ticket_Id: 3458,\n       Ticket_code: 'HEQU8544',\n       Product: 2,\n       Category: 'Quotation',\n       SubCategory: 'On edit data not filled',\n       From: 'Piyush Kumar Singh (115440)',\n       To: 'Piyush Kumar Singh (115440)',\n       Status: 'Open',\n       Created_By: 'Piyush Kumar Singh ',\n       Created_On: 2024-05-23T05:35:51.055Z,\n       Modified_By: 114118,\n       Modified_On: 2024-05-23T05:35:51.055Z,\n       CRN: 0,\n       Mobile_No: '7349218787',\n       Vehicle_No: '',\n       Remark: 'test',\n       ss_id: 114118,\n       CRN_owner: '',\n       fba_id: 86240,\n       CRN_fba_id: '',\n       channel: '',\n       subchannel: '',\n       Agent_Email_Id: 'piyush.singh@policyboss.com',\n       Transaction_On: '',\n       Source: 'horizon',\n       RM_Email_Id: '',\n       RM_Agent_Name: '',\n       Insurer_Id: '',\n       _id: 664ed5ba0412db0f9016e5c8 } ],\n  insertedCount: 1,\n  insertedIds: [ 664ed5ba0412db0f9016e5c8 ] }","timestamp":"11:05:54 AM"}
{"level":"info","message":"TicketUpdated null CommandResult {\n  result: { n: 1, nModified: 1, ok: 1 },\n  connection: \n   Connection {\n     domain: null,\n     _events: \n      { error: [Object],\n        close: [Object],\n        timeout: [Object],\n        parseError: [Object] },\n     _eventsCount: 4,\n     _maxListeners: undefined,\n     options: \n      { host: '65.0.176.149',\n        port: 27017,\n        size: 5,\n        connectionTimeout: 30000,\n        socketTimeout: 30000,\n        keepAlive: true,\n        keepAliveInitialDelay: 0,\n        noDelay: true,\n        ssl: false,\n        checkServerIdentity: true,\n        ca: null,\n        cert: null,\n        key: null,\n        passPhrase: null,\n        rejectUnauthorized: false,\n        promoteLongs: true,\n        promoteValues: true,\n        promoteBuffers: false,\n        reconnect: true,\n        reconnectInterval: 1000,\n        reconnectTries: 30,\n        domainsEnabled: false,\n        disconnectHandler: [Object],\n        cursorFactory: [Object],\n        emitError: true,\n        socketOptions: {},\n        clientInfo: [Object],\n        readPreference: [Object],\n        promiseLibrary: [Function: Promise],\n        bson: BSON {} },\n     id: 2,\n     logger: Logger { className: 'Connection' },\n     bson: BSON {},\n     tag: undefined,\n     messageHandler: [Function],\n     maxBsonMessageSize: 67108864,\n     port: 27017,\n     host: '65.0.176.149',\n     keepAlive: true,\n     keepAliveInitialDelay: 0,\n     noDelay: true,\n     connectionTimeout: 30000,\n     socketTimeout: 30000,\n     destroyed: false,\n     domainSocket: false,\n     singleBufferSerializtion: true,\n     serializationFunction: 'toBinUnified',\n     ca: null,\n     cert: null,\n     key: null,\n     passphrase: null,\n     ssl: false,\n     rejectUnauthorized: false,\n     checkServerIdentity: true,\n     responseOptions: \n      { promoteLongs: true,\n        promoteValues: true,\n        promoteBuffers: false },\n     flushing: false,\n     queue: [],\n     connection: \n      Socket {\n        connecting: false,\n        _hadError: false,\n        _handle: [Object],\n        _parent: null,\n        _host: null,\n        _readableState: [Object],\n        readable: true,\n        domain: null,\n        _events: [Object],\n        _eventsCount: 8,\n        _maxListeners: undefined,\n        _writableState: [Object],\n        writable: true,\n        allowHalfOpen: false,\n        destroyed: false,\n        _bytesDispatched: 2677,\n        _sockname: null,\n        _pendingData: null,\n        _pendingEncoding: '',\n        server: null,\n        _server: null,\n        _idleTimeout: 30000,\n        _idleNext: [Object],\n        _idlePrev: [Object],\n        _idleStart: 3075301,\n        read: [Function],\n        _consuming: true },\n     writeStream: null,\n     hashedName: '7dcd4ef3ecd47c37fdf12446987419743124214f',\n     workItems: [],\n     buffer: null,\n     sizeOfMessage: 0,\n     bytesRead: 0,\n     stubBuffer: null },\n  message: \n   Response {\n     parsed: true,\n     index: 75,\n     raw: <Buffer 4b 00 00 00 04 78 16 10 7d 02 00 00 01 00 00 00 08 00 00 00 00 00 00 00 00 00 00 00 00 00 00 00 01 00 00 00 27 00 00 00 10 6e 00 01 00 00 00 10 6e 4d ... >,\n     data: <Buffer 4b 00 00 00 04 78 16 10 7d 02 00 00 01 00 00 00 08 00 00 00 00 00 00 00 00 00 00 00 00 00 00 00 01 00 00 00 27 00 00 00 10 6e 00 01 00 00 00 10 6e 4d ... >,\n     bson: BSON {},\n     opts: \n      { promoteLongs: true,\n        promoteValues: true,\n        promoteBuffers: false },\n     length: 75,\n     requestId: 269907972,\n     responseTo: 637,\n     responseFlags: 8,\n     cursorId: Long { _bsontype: 'Long', low_: 0, high_: 0 },\n     startingFrom: 0,\n     numberReturned: 1,\n     documents: [ [Object] ],\n     cursorNotFound: false,\n     queryFailure: false,\n     shardConfigStale: false,\n     awaitCapable: true,\n     promoteLongs: true,\n     promoteValues: true,\n     promoteBuffers: false,\n     hashedName: '7dcd4ef3ecd47c37fdf12446987419743124214f' } }","timestamp":"11:05:54 AM"}
{"level":"info","message":"emailupdate null { n: 1, nModified: 1, ok: 1 }","timestamp":"11:05:55 AM"}
{"level":"info","message":"[]","timestamp":"11:06:02 AM"}
{"level":"info","message":"DateRange from 2024-05-22T18:30:00.000Z to 2024-05-23T18:30:00.000Z","timestamp":"11:06:03 AM"}
{"level":"info","message":"{ '$or': [ { lead_assigned_ssid: [Object] }, { ss_id: [Object] } ] }","timestamp":"11:06:03 AM"}
{"level":"info","message":"DateRange from 2024-05-22T18:30:00.000Z to 2024-05-23T18:30:00.000Z","timestamp":"11:06:09 AM"}
{"level":"info","message":"{ '$or': [ { lead_assigned_ssid: [Object] }, { ss_id: [Object] } ],\n  Ticket_code: /HEQU8544/i }","timestamp":"11:06:09 AM"}
{"level":"info","message":"File read!","timestamp":"11:12:03 AM"}
{"level":"info","message":"File deleted!","timestamp":"11:12:03 AM"}
{"level":"info","message":"File read!","timestamp":"11:12:04 AM"}
{"level":"info","message":"File deleted!","timestamp":"11:12:04 AM"}
{"level":"info","message":"user_detailsInsert null { result: { ok: 1, n: 1 },\n  ops: \n   [ { Ticket_Id: 3459,\n       Ticket_code: 'BIPR8545',\n       Product: 10,\n       Category: 'Product Input Page',\n       SubCategory: 'Company owned vehicle functionality not available',\n       From: 'Piyush Kumar Singh (115440)',\n       To: 'Piyush Kumar Singh (115440)',\n       Status: 'Open',\n       Created_By: 'Piyush Kumar Singh ',\n       Created_On: 2024-05-23T05:42:03.897Z,\n       Modified_By: 114118,\n       Modified_On: 2024-05-23T05:42:03.897Z,\n       CRN: 0,\n       Mobile_No: '9999999999',\n       Vehicle_No: 'mh48ac5505',\n       Remark: 'teat',\n       ss_id: 114118,\n       CRN_owner: '',\n       fba_id: 86240,\n       CRN_fba_id: '',\n       channel: '',\n       subchannel: '',\n       Agent_Email_Id: 'piyush.singh@policyboss.com',\n       Transaction_On: '',\n       Source: 'horizon',\n       RM_Email_Id: '',\n       RM_Agent_Name: '',\n       Insurer_Id: '',\n       _id: 664ed72e0412db0f9016e5cd } ],\n  insertedCount: 1,\n  insertedIds: [ 664ed72e0412db0f9016e5cd ] }","timestamp":"11:12:06 AM"}
{"level":"info","message":"TicketUpdated null CommandResult {\n  result: { n: 1, nModified: 1, ok: 1 },\n  connection: \n   Connection {\n     domain: null,\n     _events: \n      { error: [Object],\n        close: [Object],\n        timeout: [Object],\n        parseError: [Object] },\n     _eventsCount: 4,\n     _maxListeners: undefined,\n     options: \n      { host: '65.0.176.149',\n        port: 27017,\n        size: 5,\n        connectionTimeout: 30000,\n        socketTimeout: 30000,\n        keepAlive: true,\n        keepAliveInitialDelay: 0,\n        noDelay: true,\n        ssl: false,\n        checkServerIdentity: true,\n        ca: null,\n        cert: null,\n        key: null,\n        passPhrase: null,\n        rejectUnauthorized: false,\n        promoteLongs: true,\n        promoteValues: true,\n        promoteBuffers: false,\n        reconnect: true,\n        reconnectInterval: 1000,\n        reconnectTries: 30,\n        domainsEnabled: false,\n        disconnectHandler: [Object],\n        cursorFactory: [Object],\n        emitError: true,\n        socketOptions: {},\n        clientInfo: [Object],\n        readPreference: [Object],\n        promiseLibrary: [Function: Promise],\n        bson: BSON {} },\n     id: 4,\n     logger: Logger { className: 'Connection' },\n     bson: BSON {},\n     tag: undefined,\n     messageHandler: [Function],\n     maxBsonMessageSize: 67108864,\n     port: 27017,\n     host: '65.0.176.149',\n     keepAlive: true,\n     keepAliveInitialDelay: 0,\n     noDelay: true,\n     connectionTimeout: 30000,\n     socketTimeout: 30000,\n     destroyed: false,\n     domainSocket: false,\n     singleBufferSerializtion: true,\n     serializationFunction: 'toBinUnified',\n     ca: null,\n     cert: null,\n     key: null,\n     passphrase: null,\n     ssl: false,\n     rejectUnauthorized: false,\n     checkServerIdentity: true,\n     responseOptions: \n      { promoteLongs: true,\n        promoteValues: true,\n        promoteBuffers: false },\n     flushing: false,\n     queue: [],\n     connection: \n      Socket {\n        connecting: false,\n        _hadError: false,\n        _handle: [Object],\n        _parent: null,\n        _host: null,\n        _readableState: [Object],\n        readable: true,\n        domain: null,\n        _events: [Object],\n        _eventsCount: 8,\n        _maxListeners: undefined,\n        _writableState: [Object],\n        writable: true,\n        allowHalfOpen: false,\n        destroyed: false,\n        _bytesDispatched: 2731,\n        _sockname: null,\n        _pendingData: null,\n        _pendingEncoding: '',\n        server: null,\n        _server: null,\n        _idleTimeout: 30000,\n        _idleNext: [Object],\n        _idlePrev: [Object],\n        _idleStart: 3446836,\n        read: [Function],\n        _consuming: true },\n     writeStream: null,\n     hashedName: '7dcd4ef3ecd47c37fdf12446987419743124214f',\n     workItems: [],\n     buffer: null,\n     sizeOfMessage: 0,\n     bytesRead: 0,\n     stubBuffer: null },\n  message: \n   Response {\n     parsed: true,\n     index: 75,\n     raw: <Buffer 4b 00 00 00 23 2a 1b 10 6b 03 00 00 01 00 00 00 08 00 00 00 00 00 00 00 00 00 00 00 00 00 00 00 01 00 00 00 27 00 00 00 10 6e 00 01 00 00 00 10 6e 4d ... >,\n     data: <Buffer 4b 00 00 00 23 2a 1b 10 6b 03 00 00 01 00 00 00 08 00 00 00 00 00 00 00 00 00 00 00 00 00 00 00 01 00 00 00 27 00 00 00 10 6e 00 01 00 00 00 10 6e 4d ... >,\n     bson: BSON {},\n     opts: \n      { promoteLongs: true,\n        promoteValues: true,\n        promoteBuffers: false },\n     length: 75,\n     requestId: 270215715,\n     responseTo: 875,\n     responseFlags: 8,\n     cursorId: Long { _bsontype: 'Long', low_: 0, high_: 0 },\n     startingFrom: 0,\n     numberReturned: 1,\n     documents: [ [Object] ],\n     cursorNotFound: false,\n     queryFailure: false,\n     shardConfigStale: false,\n     awaitCapable: true,\n     promoteLongs: true,\n     promoteValues: true,\n     promoteBuffers: false,\n     hashedName: '7dcd4ef3ecd47c37fdf12446987419743124214f' } }","timestamp":"11:12:06 AM"}
{"level":"info","message":"emailupdate null { n: 1, nModified: 1, ok: 1 }","timestamp":"11:12:07 AM"}
{"level":"info","message":"[]","timestamp":"11:12:13 AM"}
{"level":"info","message":"DateRange from 2024-05-22T18:30:00.000Z to 2024-05-23T18:30:00.000Z","timestamp":"11:12:15 AM"}
{"level":"info","message":"{ '$or': [ { lead_assigned_ssid: [Object] }, { ss_id: [Object] } ] }","timestamp":"11:12:15 AM"}
{"level":"info","message":"DateRange from 2024-05-22T18:30:00.000Z to 2024-05-23T18:30:00.000Z","timestamp":"11:12:21 AM"}
{"level":"info","message":"{ '$or': [ { lead_assigned_ssid: [Object] }, { ss_id: [Object] } ],\n  Ticket_code: /BIPR8545/i }","timestamp":"11:12:21 AM"}
{"level":"info","message":"DateRange from 2024-05-22T18:30:00.000Z to 2024-05-23T18:30:00.000Z","timestamp":"11:14:41 AM"}
{"level":"info","message":"{ '$or': [ { lead_assigned_ssid: [Object] }, { ss_id: [Object] } ] }","timestamp":"11:14:41 AM"}
{"level":"info","message":"DateRange from 2024-05-22T18:30:00.000Z to 2024-05-23T18:30:00.000Z","timestamp":"11:14:43 AM"}
{"level":"info","message":"{ '$or': [ { lead_assigned_ssid: [Object] }, { ss_id: [Object] } ] }","timestamp":"11:14:43 AM"}
{"level":"info","message":"DateRange from 2024-05-22T18:30:00.000Z to 2024-05-23T18:30:00.000Z","timestamp":"11:17:50 AM"}
{"level":"info","message":"{ '$or': [ { lead_assigned_ssid: [Object] }, { ss_id: [Object] } ] }","timestamp":"11:17:50 AM"}
{"level":"info","message":"DateRange from 2024-05-22T18:30:00.000Z to 2024-05-23T18:30:00.000Z","timestamp":"11:19:40 AM"}
{"level":"info","message":"{ '$or': [ { lead_assigned_ssid: [Object] }, { ss_id: [Object] } ] }","timestamp":"11:19:40 AM"}
{"level":"info","message":"{ Ticket_Id: 'BIPR8545' }","timestamp":"11:19:43 AM"}
{"level":"info","message":"1","timestamp":"11:19:43 AM"}
{"level":"info","message":"DateRange from 2024-05-22T18:30:00.000Z to 2024-05-23T18:30:00.000Z","timestamp":"11:21:36 AM"}
{"level":"info","message":"{ '$or': [ { lead_assigned_ssid: [Object] }, { ss_id: [Object] } ] }","timestamp":"11:21:36 AM"}
{"level":"info","message":"[]","timestamp":"11:21:40 AM"}
{"level":"info","message":"File read!","timestamp":"11:27:08 AM"}
{"level":"info","message":"File deleted!","timestamp":"11:27:08 AM"}
{"level":"info","message":"File read!","timestamp":"11:31:47 AM"}
{"level":"info","message":"File deleted!","timestamp":"11:31:47 AM"}
{"level":"info","message":"DateRange from 2024-05-22T18:30:00.000Z to 2024-05-23T18:30:00.000Z","timestamp":"11:31:48 AM"}
{"level":"info","message":"{ '$or': [ { lead_assigned_ssid: [Object] }, { ss_id: [Object] } ] }","timestamp":"11:31:48 AM"}
{"level":"info","message":"DateRange from 2024-05-22T18:30:00.000Z to 2024-05-23T18:30:00.000Z","timestamp":"11:31:49 AM"}
{"level":"info","message":"{ '$or': [ { lead_assigned_ssid: [Object] }, { ss_id: [Object] } ] }","timestamp":"11:31:49 AM"}
{"level":"info","message":"DateRange from 2024-05-22T18:30:00.000Z to 2024-05-23T18:30:00.000Z","timestamp":"11:31:49 AM"}
{"level":"info","message":"{ '$or': [ { lead_assigned_ssid: [Object] }, { ss_id: [Object] } ] }","timestamp":"11:31:49 AM"}
{"level":"info","message":"DateRange from 2024-05-22T18:30:00.000Z to 2024-05-23T18:30:00.000Z","timestamp":"11:31:49 AM"}
{"level":"info","message":"{ '$or': [ { lead_assigned_ssid: [Object] }, { ss_id: [Object] } ] }","timestamp":"11:31:49 AM"}
{"level":"info","message":"DateRange from 2024-05-22T18:30:00.000Z to 2024-05-23T18:30:00.000Z","timestamp":"11:31:49 AM"}
{"level":"info","message":"{ '$or': [ { lead_assigned_ssid: [Object] }, { ss_id: [Object] } ] }","timestamp":"11:31:49 AM"}
{"level":"info","message":"DateRange from 2024-05-22T18:30:00.000Z to 2024-05-23T18:30:00.000Z","timestamp":"11:31:49 AM"}
{"level":"info","message":"{ '$or': [ { lead_assigned_ssid: [Object] }, { ss_id: [Object] } ] }","timestamp":"11:31:49 AM"}
{"level":"info","message":"DateRange from 2024-05-22T18:30:00.000Z to 2024-05-23T18:30:00.000Z","timestamp":"11:31:49 AM"}
{"level":"info","message":"{ '$or': [ { lead_assigned_ssid: [Object] }, { ss_id: [Object] } ] }","timestamp":"11:31:49 AM"}
{"level":"info","message":"DateRange from 2024-05-22T18:30:00.000Z to 2024-05-23T18:30:00.000Z","timestamp":"11:31:49 AM"}
{"level":"info","message":"{ '$or': [ { lead_assigned_ssid: [Object] }, { ss_id: [Object] } ] }","timestamp":"11:31:49 AM"}
{"level":"info","message":"DateRange from 2024-05-22T18:30:00.000Z to 2024-05-23T18:30:00.000Z","timestamp":"11:31:49 AM"}
{"level":"info","message":"{ '$or': [ { lead_assigned_ssid: [Object] }, { ss_id: [Object] } ] }","timestamp":"11:31:49 AM"}
{"level":"info","message":"[]","timestamp":"11:31:49 AM"}
{"level":"info","message":"[]","timestamp":"11:31:49 AM"}
{"level":"info","message":"TicketUpdated null CommandResult {\n  result: { n: 1, nModified: 1, ok: 1 },\n  connection: \n   Connection {\n     domain: null,\n     _events: \n      { error: [Function],\n        close: [Function],\n        timeout: [Function],\n        parseError: [Function] },\n     _eventsCount: 4,\n     _maxListeners: undefined,\n     options: \n      { host: '65.0.176.149',\n        port: 27017,\n        size: 5,\n        connectionTimeout: 30000,\n        socketTimeout: 30000,\n        keepAlive: true,\n        keepAliveInitialDelay: 0,\n        noDelay: true,\n        ssl: false,\n        checkServerIdentity: true,\n        ca: null,\n        cert: null,\n        key: null,\n        passPhrase: null,\n        rejectUnauthorized: false,\n        promoteLongs: true,\n        promoteValues: true,\n        promoteBuffers: false,\n        reconnect: true,\n        reconnectInterval: 1000,\n        reconnectTries: 30,\n        domainsEnabled: false,\n        disconnectHandler: [Object],\n        cursorFactory: [Object],\n        emitError: true,\n        socketOptions: {},\n        clientInfo: [Object],\n        readPreference: [Object],\n        promiseLibrary: [Function: Promise],\n        bson: BSON {} },\n     id: 13,\n     logger: Logger { className: 'Connection' },\n     bson: BSON {},\n     tag: undefined,\n     messageHandler: [Function],\n     maxBsonMessageSize: 67108864,\n     port: 27017,\n     host: '65.0.176.149',\n     keepAlive: true,\n     keepAliveInitialDelay: 0,\n     noDelay: true,\n     connectionTimeout: 30000,\n     socketTimeout: 30000,\n     destroyed: false,\n     domainSocket: false,\n     singleBufferSerializtion: true,\n     serializationFunction: 'toBinUnified',\n     ca: null,\n     cert: null,\n     key: null,\n     passphrase: null,\n     ssl: false,\n     rejectUnauthorized: false,\n     checkServerIdentity: true,\n     responseOptions: \n      { promoteLongs: true,\n        promoteValues: true,\n        promoteBuffers: false },\n     flushing: false,\n     queue: [],\n     connection: \n      Socket {\n        connecting: false,\n        _hadError: false,\n        _handle: [Object],\n        _parent: null,\n        _host: null,\n        _readableState: [Object],\n        readable: true,\n        domain: null,\n        _events: [Object],\n        _eventsCount: 8,\n        _maxListeners: undefined,\n        _writableState: [Object],\n        writable: true,\n        allowHalfOpen: false,\n        destroyed: false,\n        _bytesDispatched: 900,\n        _sockname: null,\n        _pendingData: null,\n        _pendingEncoding: '',\n        server: null,\n        _server: null,\n        _idleTimeout: 30000,\n        _idleNext: [Object],\n        _idlePrev: [Object],\n        _idleStart: 4630644,\n        read: [Function],\n        _consuming: true },\n     writeStream: null,\n     hashedName: '7dcd4ef3ecd47c37fdf12446987419743124214f',\n     workItems: [],\n     buffer: null,\n     sizeOfMessage: 0,\n     bytesRead: 0,\n     stubBuffer: null },\n  message: \n   Response {\n     parsed: true,\n     index: 75,\n     raw: <Buffer 4b 00 00 00 b6 46 2a 10 79 05 00 00 01 00 00 00 08 00 00 00 00 00 00 00 00 00 00 00 00 00 00 00 01 00 00 00 27 00 00 00 10 6e 00 01 00 00 00 10 6e 4d ... >,\n     data: <Buffer 4b 00 00 00 b6 46 2a 10 79 05 00 00 01 00 00 00 08 00 00 00 00 00 00 00 00 00 00 00 00 00 00 00 01 00 00 00 27 00 00 00 10 6e 00 01 00 00 00 10 6e 4d ... >,\n     bson: BSON {},\n     opts: \n      { promoteLongs: true,\n        promoteValues: true,\n        promoteBuffers: false },\n     length: 75,\n     requestId: 271206070,\n     responseTo: 1401,\n     responseFlags: 8,\n     cursorId: Long { _bsontype: 'Long', low_: 0, high_: 0 },\n     startingFrom: 0,\n     numberReturned: 1,\n     documents: [ [Object] ],\n     cursorNotFound: false,\n     queryFailure: false,\n     shardConfigStale: false,\n     awaitCapable: true,\n     promoteLongs: true,\n     promoteValues: true,\n     promoteBuffers: false,\n     hashedName: '7dcd4ef3ecd47c37fdf12446987419743124214f' } }","timestamp":"11:31:50 AM"}
{"level":"info","message":"emailupdate null { n: 1, nModified: 1, ok: 1 }","timestamp":"11:31:50 AM"}
{"level":"info","message":"{ Ticket_Id: 'BIPR8545' }","timestamp":"11:31:59 AM"}
{"level":"info","message":"1","timestamp":"11:31:59 AM"}
{"level":"info","message":"DateRange from 2024-05-22T18:30:00.000Z to 2024-05-23T18:30:00.000Z","timestamp":"11:35:46 AM"}
{"level":"info","message":"{ '$or': [ { lead_assigned_ssid: [Object] }, { ss_id: [Object] } ] }","timestamp":"11:35:46 AM"}
{"level":"info","message":"[]","timestamp":"11:36:06 AM"}
{"level":"info","message":"[]","timestamp":"2:00:47 PM"}
{"level":"info","message":"DateRange from 2024-05-22T18:30:00.000Z to 2024-05-23T18:30:00.000Z","timestamp":"2:01:00 PM"}
{"level":"info","message":"{ '$or': [ { lead_assigned_ssid: [Object] }, { ss_id: [Object] } ] }","timestamp":"2:01:00 PM"}
{"level":"info","message":"DateRange from 2024-05-22T18:30:00.000Z to 2024-05-23T18:30:00.000Z","timestamp":"2:01:10 PM"}
{"level":"info","message":"{ '$or': [ { lead_assigned_ssid: [Object] }, { ss_id: [Object] } ] }","timestamp":"2:01:10 PM"}
{"level":"info","message":"DateRange from 2024-05-22T18:30:00.000Z to 2024-05-23T18:30:00.000Z","timestamp":"2:01:14 PM"}
{"level":"info","message":"{ '$or': [ { lead_assigned_ssid: [Object] }, { ss_id: [Object] } ] }","timestamp":"2:01:14 PM"}
{"level":"info","message":"DateRange from 2024-05-22T18:30:00.000Z to 2024-05-23T18:30:00.000Z","timestamp":"2:13:33 PM"}
{"level":"info","message":"{ '$or': [ { lead_assigned_ssid: [Object] }, { ss_id: [Object] } ] }","timestamp":"2:13:33 PM"}
{"level":"info","message":"DateRange from 2024-05-22T18:30:00.000Z to 2024-05-23T18:30:00.000Z","timestamp":"3:37:08 PM"}
{"level":"info","message":"{ '$or': [ { lead_assigned_ssid: [Object] }, { ss_id: [Object] } ] }","timestamp":"3:37:08 PM"}
{"level":"info","message":"DateRange from 2024-05-22T18:30:00.000Z to 2024-05-23T18:30:00.000Z","timestamp":"4:54:36 PM"}
{"level":"info","message":"{ '$or': [ { lead_assigned_ssid: [Object] }, { ss_id: [Object] } ] }","timestamp":"4:58:05 PM"}
{"level":"info","message":"DateRange from 2024-05-22T18:30:00.000Z to 2024-05-23T18:30:00.000Z","timestamp":"5:03:28 PM"}
{"level":"info","message":"{ '$or': [ { lead_assigned_ssid: [Object] }, { ss_id: [Object] } ] }","timestamp":"5:03:30 PM"}
{"level":"info","message":"{ Ticket_Id: 'BIPR8545' }","timestamp":"5:03:34 PM"}
{"level":"info","message":"1","timestamp":"5:03:34 PM"}
{"level":"info","message":"DateRange from 2024-05-22T18:30:00.000Z to 2024-05-23T18:30:00.000Z","timestamp":"5:05:27 PM"}
{"level":"info","message":"{ '$or': [ { lead_assigned_ssid: [Object] }, { ss_id: [Object] } ] }","timestamp":"5:05:27 PM"}
{"level":"info","message":"{ Ticket_Id: 'BIPR8545' }","timestamp":"5:05:31 PM"}
{"level":"info","message":"1","timestamp":"5:05:31 PM"}
{"level":"info","message":"{ Ticket_Id: 'BIPR8545' }","timestamp":"5:05:59 PM"}
{"level":"info","message":"1","timestamp":"5:08:09 PM"}
{"level":"info","message":"DateRange from 2024-05-22T18:30:00.000Z to 2024-05-23T18:30:00.000Z","timestamp":"5:09:49 PM"}
{"level":"info","message":"{ '$or': [ { lead_assigned_ssid: [Object] }, { ss_id: [Object] } ] }","timestamp":"5:09:49 PM"}
{"level":"info","message":"[]","timestamp":"5:13:24 PM"}
{"level":"info","message":"[]","timestamp":"5:19:55 PM"}
{"level":"info","message":"DateRange from 2024-05-22T18:30:00.000Z to 2024-05-23T18:30:00.000Z","timestamp":"5:19:58 PM"}
{"level":"info","message":"{ '$or': [ { lead_assigned_ssid: [Object] }, { ss_id: [Object] } ] }","timestamp":"5:19:58 PM"}
{"level":"info","message":"[]","timestamp":"5:30:38 PM"}
{"level":"info","message":"{ Ticket_Id: 'BIPR8545' }","timestamp":"5:35:47 PM"}
{"level":"info","message":"1","timestamp":"5:35:47 PM"}
{"level":"info","message":"DateRange from 2024-05-22T18:30:00.000Z to 2024-05-23T18:30:00.000Z","timestamp":"5:37:21 PM"}
{"level":"info","message":"{ '$or': [ { lead_assigned_ssid: [Object] }, { ss_id: [Object] } ] }","timestamp":"5:37:21 PM"}
