{"level":"info","message":"TicketUpdated null CommandResult {\n  result: { n: 1, nModified: 1, ok: 1 },\n  connection: \n   Connection {\n     domain: null,\n     _events: \n      { close: [Object],\n        error: [Object],\n        timeout: [Object],\n        parseError: [Object] },\n     _eventsCount: 4,\n     _maxListeners: undefined,\n     options: \n      { host: '65.0.176.149',\n        port: 27017,\n        size: 5,\n        connectionTimeout: 30000,\n        socketTimeout: 30000,\n        keepAlive: true,\n        keepAliveInitialDelay: 0,\n        noDelay: true,\n        ssl: false,\n        checkServerIdentity: true,\n        ca: null,\n        cert: null,\n        key: null,\n        passPhrase: null,\n        rejectUnauthorized: false,\n        promoteLongs: true,\n        promoteValues: true,\n        promoteBuffers: false,\n        reconnect: true,\n        reconnectInterval: 1000,\n        reconnectTries: 30,\n        domainsEnabled: false,\n        disconnectHandler: [Object],\n        cursorFactory: [Object],\n        emitError: true,\n        socketOptions: {},\n        clientInfo: [Object],\n        readPreference: [Object],\n        promiseLibrary: [Function: Promise],\n        bson: BSON {} },\n     id: 25,\n     logger: Logger { className: 'Connection' },\n     bson: BSON {},\n     tag: undefined,\n     messageHandler: [Function],\n     maxBsonMessageSize: 67108864,\n     port: 27017,\n     host: '65.0.176.149',\n     keepAlive: true,\n     keepAliveInitialDelay: 0,\n     noDelay: true,\n     connectionTimeout: 30000,\n     socketTimeout: 30000,\n     destroyed: false,\n     domainSocket: false,\n     singleBufferSerializtion: true,\n     serializationFunction: 'toBinUnified',\n     ca: null,\n     cert: null,\n     key: null,\n     passphrase: null,\n     ssl: false,\n     rejectUnauthorized: false,\n     checkServerIdentity: true,\n     responseOptions: \n      { promoteLongs: true,\n        promoteValues: true,\n        promoteBuffers: false },\n     flushing: false,\n     queue: [],\n     connection: \n      Socket {\n        connecting: false,\n        _hadError: false,\n        _handle: [Object],\n        _parent: null,\n        _host: null,\n        _readableState: [Object],\n        readable: true,\n        domain: null,\n        _events: [Object],\n        _eventsCount: 8,\n        _maxListeners: undefined,\n        _writableState: [Object],\n        writable: true,\n        allowHalfOpen: false,\n        destroyed: false,\n        _bytesDispatched: 697,\n        _sockname: null,\n        _pendingData: null,\n        _pendingEncoding: '',\n        server: null,\n        _server: null,\n        _idleTimeout: 30000,\n        _idleNext: [Object],\n        _idlePrev: [Object],\n        _idleStart: 68436952,\n        read: [Function],\n        _consuming: true },\n     writeStream: null,\n     hashedName: '7dcd4ef3ecd47c37fdf12446987419743124214f',\n     workItems: [],\n     buffer: null,\n     sizeOfMessage: 0,\n     bytesRead: 0,\n     stubBuffer: null },\n  message: \n   Response {\n     parsed: true,\n     index: 75,\n     raw: <Buffer 4b 00 00 00 09 10 5f 33 30 16 01 00 01 00 00 00 08 00 00 00 00 00 00 00 00 00 00 00 00 00 00 00 01 00 00 00 27 00 00 00 10 6e 00 01 00 00 00 10 6e 4d ... >,\n     data: <Buffer 4b 00 00 00 09 10 5f 33 30 16 01 00 01 00 00 00 08 00 00 00 00 00 00 00 00 00 00 00 00 00 00 00 01 00 00 00 27 00 00 00 10 6e 00 01 00 00 00 10 6e 4d ... >,\n     bson: BSON {},\n     opts: \n      { promoteLongs: true,\n        promoteValues: true,\n        promoteBuffers: false },\n     length: 75,\n     requestId: 861868041,\n     responseTo: 71216,\n     responseFlags: 8,\n     cursorId: Long { _bsontype: 'Long', low_: 0, high_: 0 },\n     startingFrom: 0,\n     numberReturned: 1,\n     documents: [ [Object] ],\n     cursorNotFound: false,\n     queryFailure: false,\n     shardConfigStale: false,\n     awaitCapable: true,\n     promoteLongs: true,\n     promoteValues: true,\n     promoteBuffers: false,\n     hashedName: '7dcd4ef3ecd47c37fdf12446987419743124214f' } }","timestamp":"9:39:06 AM"}
{"level":"info","message":"user_detailsInsert null { result: { ok: 1, n: 1 },\n  ops: \n   [ { Ticket_Id: 2746,\n       Ticket_code: 'CAEN7253',\n       Product: 1,\n       Category: 'Endorsement',\n       SubCategory: 'Contact Number',\n       From: 'Anuj Baliram Singh(110560)',\n       To: 'Anuj Baliram Singh(110560)',\n       Status: 'Open',\n       Created_By: 'Anuj Baliram Singh',\n       Created_On: 2024-01-18T04:09:06.720Z,\n       Modified_By: 8067,\n       Modified_On: 2024-01-18T04:09:06.720Z,\n       CRN: 1122822,\n       Mobile_No: '9999999999',\n       Vehicle_No: 'MH-01-AA-1234',\n       Remark: 'ss',\n       ss_id: 8067,\n       CRN_owner: '0',\n       fba_id: 56265,\n       CRN_fba_id: '0',\n       channel: 'DIRECT',\n       subchannel: 'DIRECT',\n       Agent_Email_Id: 'anuj.singh@policyboss.com',\n       Transaction_On: '2023-12-04T11:08:33.822Z',\n       Source: 'horizon',\n       RM_Email_Id: '',\n       RM_Agent_Name: 'POLICY BOSS WEBSITE',\n       Insurer_Id: '',\n       _id: 65a8a462cd15216314f47588 } ],\n  insertedCount: 1,\n  insertedIds: [ 65a8a462cd15216314f47588 ] }","timestamp":"9:39:07 AM"}
{"level":"info","message":"emailupdate null { n: 1, nModified: 1, ok: 1 }","timestamp":"9:39:07 AM"}
{"level":"info","message":"user_detailsInsert null { result: { ok: 1, n: 1 },\n  ops: \n   [ { Ticket_Id: 2747,\n       Ticket_code: 'CAEN7254',\n       Product: 1,\n       Category: 'Endorsement',\n       SubCategory: 'Contact Number',\n       From: 'Anuj Baliram Singh(110560)',\n       To: 'Anuj Baliram Singh(110560)',\n       Status: 'Open',\n       Created_By: 'Anuj Baliram Singh',\n       Created_On: 2024-01-18T04:10:42.025Z,\n       Modified_By: 8067,\n       Modified_On: 2024-01-18T04:10:42.025Z,\n       CRN: 1122490,\n       Mobile_No: '9999999999',\n       Vehicle_No: 'MH-15-AA-1234',\n       Remark: 'sa',\n       ss_id: 8067,\n       CRN_owner: '0',\n       fba_id: 56265,\n       CRN_fba_id: '0',\n       channel: 'DIRECT',\n       subchannel: 'DIRECT',\n       Agent_Email_Id: 'anuj.singh@policyboss.com',\n       Transaction_On: '2023-12-01T09:19:53.646Z',\n       Source: 'horizon',\n       RM_Email_Id: '',\n       RM_Agent_Name: 'POLICY BOSS WEBSITE',\n       Insurer_Id: '',\n       _id: 65a8a4c2cd15216314f4758c } ],\n  insertedCount: 1,\n  insertedIds: [ 65a8a4c2cd15216314f4758c ] }","timestamp":"9:40:42 AM"}
{"level":"info","message":"TicketUpdated null CommandResult {\n  result: { n: 1, nModified: 1, ok: 1 },\n  connection: \n   Connection {\n     domain: null,\n     _events: \n      { close: [Object],\n        error: [Object],\n        timeout: [Object],\n        parseError: [Object] },\n     _eventsCount: 4,\n     _maxListeners: undefined,\n     options: \n      { host: '65.0.176.149',\n        port: 27017,\n        size: 5,\n        connectionTimeout: 30000,\n        socketTimeout: 30000,\n        keepAlive: true,\n        keepAliveInitialDelay: 0,\n        noDelay: true,\n        ssl: false,\n        checkServerIdentity: true,\n        ca: null,\n        cert: null,\n        key: null,\n        passPhrase: null,\n        rejectUnauthorized: false,\n        promoteLongs: true,\n        promoteValues: true,\n        promoteBuffers: false,\n        reconnect: true,\n        reconnectInterval: 1000,\n        reconnectTries: 30,\n        domainsEnabled: false,\n        disconnectHandler: [Object],\n        cursorFactory: [Object],\n        emitError: true,\n        socketOptions: {},\n        clientInfo: [Object],\n        readPreference: [Object],\n        promiseLibrary: [Function: Promise],\n        bson: BSON {} },\n     id: 27,\n     logger: Logger { className: 'Connection' },\n     bson: BSON {},\n     tag: undefined,\n     messageHandler: [Function],\n     maxBsonMessageSize: 67108864,\n     port: 27017,\n     host: '65.0.176.149',\n     keepAlive: true,\n     keepAliveInitialDelay: 0,\n     noDelay: true,\n     connectionTimeout: 30000,\n     socketTimeout: 30000,\n     destroyed: false,\n     domainSocket: false,\n     singleBufferSerializtion: true,\n     serializationFunction: 'toBinUnified',\n     ca: null,\n     cert: null,\n     key: null,\n     passphrase: null,\n     ssl: false,\n     rejectUnauthorized: false,\n     checkServerIdentity: true,\n     responseOptions: \n      { promoteLongs: true,\n        promoteValues: true,\n        promoteBuffers: false },\n     flushing: false,\n     queue: [],\n     connection: \n      Socket {\n        connecting: false,\n        _hadError: false,\n        _handle: [Object],\n        _parent: null,\n        _host: null,\n        _readableState: [Object],\n        readable: true,\n        domain: null,\n        _events: [Object],\n        _eventsCount: 8,\n        _maxListeners: undefined,\n        _writableState: [Object],\n        writable: true,\n        allowHalfOpen: false,\n        destroyed: false,\n        _bytesDispatched: 697,\n        _sockname: null,\n        _pendingData: null,\n        _pendingEncoding: '',\n        server: null,\n        _server: null,\n        _idleTimeout: 30000,\n        _idleNext: [Object],\n        _idlePrev: [Object],\n        _idleStart: 68532240,\n        read: [Function],\n        _consuming: true },\n     writeStream: null,\n     hashedName: '7dcd4ef3ecd47c37fdf12446987419743124214f',\n     workItems: [],\n     buffer: null,\n     sizeOfMessage: 0,\n     bytesRead: 0,\n     stubBuffer: null },\n  message: \n   Response {\n     parsed: true,\n     index: 75,\n     raw: <Buffer 4b 00 00 00 a5 54 5f 33 c2 16 01 00 01 00 00 00 08 00 00 00 00 00 00 00 00 00 00 00 00 00 00 00 01 00 00 00 27 00 00 00 10 6e 00 01 00 00 00 10 6e 4d ... >,\n     data: <Buffer 4b 00 00 00 a5 54 5f 33 c2 16 01 00 01 00 00 00 08 00 00 00 00 00 00 00 00 00 00 00 00 00 00 00 01 00 00 00 27 00 00 00 10 6e 00 01 00 00 00 10 6e 4d ... >,\n     bson: BSON {},\n     opts: \n      { promoteLongs: true,\n        promoteValues: true,\n        promoteBuffers: false },\n     length: 75,\n     requestId: 861885605,\n     responseTo: 71362,\n     responseFlags: 8,\n     cursorId: Long { _bsontype: 'Long', low_: 0, high_: 0 },\n     startingFrom: 0,\n     numberReturned: 1,\n     documents: [ [Object] ],\n     cursorNotFound: false,\n     queryFailure: false,\n     shardConfigStale: false,\n     awaitCapable: true,\n     promoteLongs: true,\n     promoteValues: true,\n     promoteBuffers: false,\n     hashedName: '7dcd4ef3ecd47c37fdf12446987419743124214f' } }","timestamp":"9:40:42 AM"}
{"level":"info","message":"emailupdate null { n: 1, nModified: 1, ok: 1 }","timestamp":"9:40:42 AM"}
{"level":"info","message":"$$$$$$$$$$$$$$$$$$$$$$$$","timestamp":"10:30:00 AM"}
{"meta":"","level":"info","message":"","timestamp":"10:30:00 AM"}
{"level":"info","message":"Development Environment is Listening on port 3000","timestamp":"10:30:00 AM"}
{"level":"info","message":"Web URL : http://localhost:3000","timestamp":"10:30:00 AM"}
{"meta":"","level":"info","message":"","timestamp":"10:30:00 AM"}
{"level":"info","message":"$$$$$$$$$$$$$$$$$$$$$$$$","timestamp":"10:30:00 AM"}
{"meta":"","level":"info","message":"","timestamp":"10:30:00 AM"}
{"level":"info","message":"$$$$$$$$$$$$$$$$$$$$$$$$","timestamp":"10:34:31 AM"}
{"meta":"","level":"info","message":"","timestamp":"10:34:31 AM"}
{"level":"info","message":"Development Environment is Listening on port 3000","timestamp":"10:34:31 AM"}
{"level":"info","message":"Web URL : http://localhost:3000","timestamp":"10:34:31 AM"}
{"meta":"","level":"info","message":"","timestamp":"10:34:31 AM"}
{"level":"info","message":"$$$$$$$$$$$$$$$$$$$$$$$$","timestamp":"10:34:31 AM"}
{"meta":"","level":"info","message":"","timestamp":"10:34:31 AM"}
{"level":"info","message":"$$$$$$$$$$$$$$$$$$$$$$$$","timestamp":"10:54:35 AM"}
{"meta":"","level":"info","message":"","timestamp":"10:54:35 AM"}
{"level":"info","message":"Development Environment is Listening on port 3000","timestamp":"10:54:35 AM"}
{"level":"info","message":"Web URL : http://localhost:3000","timestamp":"10:54:35 AM"}
{"meta":"","level":"info","message":"","timestamp":"10:54:35 AM"}
{"level":"info","message":"$$$$$$$$$$$$$$$$$$$$$$$$","timestamp":"10:54:35 AM"}
{"meta":"","level":"info","message":"","timestamp":"10:54:35 AM"}
{"level":"info","message":"$$$$$$$$$$$$$$$$$$$$$$$$","timestamp":"11:00:55 AM"}
{"meta":"","level":"info","message":"","timestamp":"11:00:55 AM"}
{"level":"info","message":"Development Environment is Listening on port 3000","timestamp":"11:00:55 AM"}
{"level":"info","message":"Web URL : http://localhost:3000","timestamp":"11:00:55 AM"}
{"meta":"","level":"info","message":"","timestamp":"11:00:55 AM"}
{"level":"info","message":"$$$$$$$$$$$$$$$$$$$$$$$$","timestamp":"11:00:55 AM"}
{"meta":"","level":"info","message":"","timestamp":"11:00:55 AM"}
{"level":"info","message":"$$$$$$$$$$$$$$$$$$$$$$$$","timestamp":"11:16:50 AM"}
{"meta":"","level":"info","message":"","timestamp":"11:16:50 AM"}
{"level":"info","message":"Development Environment is Listening on port 3000","timestamp":"11:16:50 AM"}
{"level":"info","message":"Web URL : http://localhost:3000","timestamp":"11:16:50 AM"}
{"meta":"","level":"info","message":"","timestamp":"11:16:50 AM"}
{"level":"info","message":"$$$$$$$$$$$$$$$$$$$$$$$$","timestamp":"11:16:50 AM"}
{"meta":"","level":"info","message":"","timestamp":"11:16:50 AM"}
{"level":"info","message":"{ ___permanent_address_1___: 'Japan',\n  ___permanent_address_2___: 'KJHKJHKJH',\n  ___permanent_address_3___: 'JKHJKHKJH',\n  ___is_reg_addr_comm_addr_same___: 'undefined',\n  ___communication_address_1___: 'RFVC',\n  ___communication_address_2___: 'KJHKJHKJH',\n  ___communication_address_3___: 'JKHJKHKJH' }","timestamp":"1:54:52 PM"}
{"level":"info","message":"{ person: [ { addresses: [Object] } ] }","timestamp":"1:54:52 PM"}
{"level":"info","message":"{ ___mobile___: '7569812458' }","timestamp":"2:07:27 PM"}
{"level":"info","message":"{ person: [ { communications: [Object] } ] }","timestamp":"2:07:27 PM"}
{"level":"info","message":"{ ___mobile___: '2884564589' }","timestamp":"2:11:21 PM"}
{"level":"info","message":"{ person: [ { communications: [Object] } ] }","timestamp":"2:11:21 PM"}
{"level":"info","message":"{ ___email___: 't@test.com' }","timestamp":"2:14:05 PM"}
{"level":"info","message":"{ person: [ { communications: [Object] } ] }","timestamp":"2:14:05 PM"}
{"level":"info","message":"{ ___permanent_address_1___: 'dssaae',\n  ___permanent_address_2___: 'KJHKJHKJH',\n  ___permanent_address_3___: 'JKHJKHKJH',\n  ___is_reg_addr_comm_addr_same___: 'yes',\n  ___communication_address_1___: 'RFVCD',\n  ___communication_address_2___: 'KJHKJHKJH',\n  ___communication_address_3___: 'JKHJKHKJH' }","timestamp":"2:15:18 PM"}
{"level":"info","message":"{ person: [ { addresses: [Object] } ] }","timestamp":"2:15:18 PM"}
{"level":"info","message":"{ ___permanent_address_1___: 'America',\n  ___permanent_address_2___: 'KJHKJHKJH',\n  ___permanent_address_3___: 'JKHJKHKJH',\n  ___is_reg_addr_comm_addr_same___: 'yes',\n  ___communication_address_1___: 'RFVCD',\n  ___communication_address_2___: 'KJHKJHKJH',\n  ___communication_address_3___: 'JKHJKHKJH' }","timestamp":"2:21:33 PM"}
{"level":"info","message":"{ person: [ { addresses: [Object] } ] }","timestamp":"2:21:33 PM"}
{"level":"info","message":"{ ___permanent_address_1___: 'America',\n  ___permanent_address_2___: 'KJHKJHKJH',\n  ___permanent_address_3___: 'JKHJKHKJH',\n  ___is_reg_addr_comm_addr_same___: 'yes',\n  ___communication_address_1___: 'RFVCD',\n  ___communication_address_2___: 'KJHKJHKJH',\n  ___communication_address_3___: 'JKHJKHKJH' }","timestamp":"2:38:42 PM"}
{"level":"info","message":"{ person: [ { addresses: [Object] } ] }","timestamp":"2:38:42 PM"}
{"level":"info","message":"{ ___permanent_address_1___: 'RFVCD',\n  ___permanent_address_2___: 'KJHKJHKJH',\n  ___permanent_address_3___: 'JKHJKHKJH',\n  ___is_reg_addr_comm_addr_same___: 'yes',\n  ___communication_address_1___: 'RFVCD',\n  ___communication_address_2___: 'KJHKJHKJH',\n  ___communication_address_3___: 'JKHJKHKJH',\n  ___permanent_city___: 'Maharashtra',\n  ___permanent_pincode___: '500001' }","timestamp":"2:41:14 PM"}
{"level":"info","message":"{ person: [ { addresses: [Object] } ] }","timestamp":"2:41:14 PM"}
{"level":"info","message":"{ ___permanent_address_1___: 'RFVCD',\n  ___permanent_address_2___: 'KJHKJHKJH',\n  ___permanent_address_3___: 'JKHJKHKJH',\n  ___is_reg_addr_comm_addr_same___: 'yes',\n  ___communication_address_1___: 'RFVCD',\n  ___communication_address_2___: 'KJHKJHKJH',\n  ___communication_address_3___: 'JKHJKHKJH',\n  ___permanent_city___: 'HYDERABA',\n  ___permanent_pincode___: '500001' }","timestamp":"3:08:09 PM"}
{"level":"info","message":"{ person: [ { addresses: [Object] } ] }","timestamp":"3:08:09 PM"}
{"level":"info","message":"{ ___mobile___: '7884563486' }","timestamp":"3:11:18 PM"}
{"level":"info","message":"{ person: [ { communications: [Object] } ] }","timestamp":"3:11:18 PM"}
{"level":"info","message":"{ ___permanent_address_1___: 'Germany',\n  ___permanent_address_2___: 'KJHKJHKJH',\n  ___permanent_address_3___: 'JKHJKHKJH',\n  ___permanent_city___: 'HYDERABAD',\n  ___permanent_pincode___: '500001',\n  ___is_reg_addr_comm_addr_same___: 'yes',\n  ___communication_address_1___: 'RFVCD',\n  ___communication_address_2___: 'KJHKJHKJH',\n  ___communication_address_3___: 'JKHJKHKJH',\n  ___communication_city___: 'HYDERABAD',\n  ___communication_pincode___: '500001' }","timestamp":"4:21:57 PM"}
{"level":"info","message":"{ person: [ { addresses: [Object] } ] }","timestamp":"4:21:57 PM"}
